jobinfo 29789049
setting root information of the node
[1] "Largest shortest distance: 0.01209872699"
# A tibble: 10 × 13
   node_name       node_id species_vector Shortest_Distance_to_Ter…¹ Interval_ID
   <chr>             <int> <I<list>>                           <dbl>       <dbl>
 1 InternalNode 42      42 <dbl [6]>                         0.00690          65
 2 InternalNode 43      43 <dbl [6]>                         0.00690          65
 3 InternalNode 44      44 <dbl [6]>                         0                 1
 4 InternalNode 45      45 <dbl [6]>                         0                 1
 5 InternalNode 46      46 <dbl [6]>                         0                 1
 6 InternalNode 47      47 <dbl [6]>                         0                 1
 7 InternalNode 48      48 <dbl [6]>                         0                 1
 8 InternalNode 49      49 <dbl [6]>                         0                 1
 9 InternalNode 50      50 <dbl [6]>                         0                 1
10 InternalNode 51      51 <dbl [6]>                         0                 1
# ℹ abbreviated name: ¹​Shortest_Distance_to_Terminal
# ℹ 8 more variables: Interval_Start <dbl>, Interval_End <dbl>, dum <dbl>,
#   ten <dbl>, sar <dbl>, bic <dbl>, mim <dbl>, lin <dbl>
null device 
          1 
