── Attaching core tidyverse packages ──────────────────────── tidyverse 2.0.0 ──
✔ dplyr     1.1.4     ✔ readr     2.1.4
✔ forcats   1.0.0     ✔ stringr   1.5.1
✔ ggplot2   3.4.4     ✔ tibble    3.2.1
✔ lubridate 1.9.3     ✔ tidyr     1.3.0
✔ purrr     1.0.2     
── Conflicts ────────────────────────────────────────── tidyverse_conflicts() ──
✖ dplyr::filter() masks stats::filter()
✖ dplyr::lag()    masks stats::lag()
ℹ Use the conflicted package (<http://conflicted.r-lib.org/>) to force all conflicts to become errors

Attaching package: ‘ape’

The following object is masked from ‘package:dplyr’:

    where


Attaching package: ‘ggpubr’

The following object is masked from ‘package:ape’:

    rotate

── Attaching core tidyverse packages ──────────────────────── tidyverse 2.0.0 ──
✔ dplyr     1.1.4     ✔ readr     2.1.4
✔ forcats   1.0.0     ✔ stringr   1.5.1
✔ ggplot2   3.4.4     ✔ tibble    3.2.1
✔ lubridate 1.9.3     ✔ tidyr     1.3.0
✔ purrr     1.0.2     
── Conflicts ────────────────────────────────────────── tidyverse_conflicts() ──
✖ dplyr::filter() masks stats::filter()
✖ dplyr::lag()    masks stats::lag()
ℹ Use the conflicted package (<http://conflicted.r-lib.org/>) to force all conflicts to become errors
Rows: 70 Columns: 9
── Column specification ────────────────────────────────────────────────────────
Delimiter: "\t"
dbl (9): Interval_ID, Interval_Start, Interval_End, dum, ten, sar, bic, mim,...

ℹ Use `spec()` to retrieve the full column specification for this data.
ℹ Specify the column types or set `show_col_types = FALSE` to quiet this message.
Rows: 70 Columns: 9
── Column specification ────────────────────────────────────────────────────────
Delimiter: "\t"
dbl (9): Interval_ID, Interval_Start, Interval_End, dum, ten, sar, bic, mim,...

ℹ Use `spec()` to retrieve the full column specification for this data.
ℹ Specify the column types or set `show_col_types = FALSE` to quiet this message.
Saving 7 x 7 in image
Rows: 29203733 Columns: 1
── Column specification ────────────────────────────────────────────────────────
Delimiter: "\t"
dbl (1): pair_d

ℹ Use `spec()` to retrieve the full column specification for this data.
ℹ Specify the column types or set `show_col_types = FALSE` to quiet this message.
Saving 7 x 7 in image
slurmstepd: error: *** JOB 29789539 ON s21n43 CANCELLED AT 2024-01-20T06:21:27 DUE TO TIME LIMIT ***
