jobinfo 29789134
setting root information of the node
[1] "Largest shortest distance: 0.184245553934"
# A tibble: 10 × 13
   node_name          node_id species_vector Shortest_Distance_to_…¹ Interval_ID
   <chr>                <int> <I<list>>                        <dbl>       <dbl>
 1 InternalNode 10000   10000 <dbl [6]>                       0.0748          41
 2 InternalNode 10001   10001 <dbl [6]>                       0.0806          44
 3 InternalNode 10002   10002 <dbl [6]>                       0.0707          39
 4 InternalNode 10003   10003 <dbl [6]>                       0.0721          40
 5 InternalNode 10004   10004 <dbl [6]>                       0.0763          42
 6 InternalNode 10005   10005 <dbl [6]>                       0.0837          46
 7 InternalNode 10006   10006 <dbl [6]>                       0.0816          45
 8 InternalNode 10007   10007 <dbl [6]>                       0.0734          40
 9 InternalNode 10008   10008 <dbl [6]>                       0.0622          34
10 InternalNode 10009   10009 <dbl [6]>                       0.0799          44
# ℹ abbreviated name: ¹​Shortest_Distance_to_Terminal
# ℹ 8 more variables: Interval_Start <dbl>, Interval_End <dbl>, dum <dbl>,
#   ten <dbl>, sar <dbl>, bic <dbl>, mim <dbl>, lin <dbl>
null device 
          1 
