jobinfo 29789444
setting root information of the node
[1] "Largest shortest distance: 0.0116059683568637"
# A tibble: 10 × 13
   node_name        node_id species_vector Shortest_Distance_to_Te…¹ Interval_ID
   <chr>              <int> <I<list>>                          <dbl>       <dbl>
 1 InternalNode 156     156 <dbl [6]>                        0.00300          26
 2 InternalNode 157     157 <dbl [6]>                        0.00300          26
 3 InternalNode 158     158 <dbl [6]>                        0.00467          41
 4 InternalNode 159     159 <dbl [6]>                        0.00763          66
 5 InternalNode 160     160 <dbl [6]>                        0.0100           87
 6 InternalNode 161     161 <dbl [6]>                        0.00915          79
 7 InternalNode 162     162 <dbl [6]>                        0.00970          84
 8 InternalNode 163     163 <dbl [6]>                        0.0108           94
 9 InternalNode 164     164 <dbl [6]>                        0.0115           99
10 InternalNode 165     165 <dbl [6]>                        0.00912          79
# ℹ abbreviated name: ¹​Shortest_Distance_to_Terminal
# ℹ 8 more variables: Interval_Start <dbl>, Interval_End <dbl>, dum <dbl>,
#   ten <dbl>, sar <dbl>, bic <dbl>, mim <dbl>, lin <dbl>
null device 
          1 
