jobinfo 29789144
setting root information of the node
[1] "Largest shortest distance: 0.1343113753893"
# A tibble: 10 × 13
   node_name          node_id species_vector Shortest_Distance_to_…¹ Interval_ID
   <chr>                <int> <I<list>>                        <dbl>       <dbl>
 1 InternalNode 10000   10000 <dbl [6]>                     5.80e- 7           1
 2 InternalNode 10001   10001 <dbl [6]>                     2.16e- 7           1
 3 InternalNode 10002   10002 <dbl [6]>                     9.16e- 8           1
 4 InternalNode 10003   10003 <dbl [6]>                     4.46e- 8           1
 5 InternalNode 10004   10004 <dbl [6]>                     1.99e- 8           1
 6 InternalNode 10005   10005 <dbl [6]>                     1.01e- 8           1
 7 InternalNode 10006   10006 <dbl [6]>                     2.70e- 9           1
 8 InternalNode 10007   10007 <dbl [6]>                     1.29e- 9           1
 9 InternalNode 10008   10008 <dbl [6]>                     7.81e-11           1
10 InternalNode 10009   10009 <dbl [6]>                     2.00e-11           1
# ℹ abbreviated name: ¹​Shortest_Distance_to_Terminal
# ℹ 8 more variables: Interval_Start <dbl>, Interval_End <dbl>, dum <dbl>,
#   ten <dbl>, sar <dbl>, bic <dbl>, mim <dbl>, lin <dbl>
null device 
          1 
