jobinfo 29789089
setting root information of the node
[1] "Largest shortest distance: 0.01965068961"
# A tibble: 10 × 13
   node_name         node_id species_vector Shortest_Distance_to_T…¹ Interval_ID
   <chr>               <int> <I<list>>                         <dbl>       <dbl>
 1 InternalNode 1861    1861 <dbl [6]>                     0                   1
 2 InternalNode 1862    1862 <dbl [6]>                     0                   1
 3 InternalNode 1863    1863 <dbl [6]>                     0.0000967           1
 4 InternalNode 1864    1864 <dbl [6]>                     0.000564            3
 5 InternalNode 1865    1865 <dbl [6]>                     0.00109             6
 6 InternalNode 1866    1866 <dbl [6]>                     0.00224            12
 7 InternalNode 1867    1867 <dbl [6]>                     0.00208            11
 8 InternalNode 1868    1868 <dbl [6]>                     0.00349            18
 9 InternalNode 1869    1869 <dbl [6]>                     0.0128             66
10 InternalNode 1870    1870 <dbl [6]>                     0.0108             56
# ℹ abbreviated name: ¹​Shortest_Distance_to_Terminal
# ℹ 8 more variables: Interval_Start <dbl>, Interval_End <dbl>, dum <dbl>,
#   ten <dbl>, sar <dbl>, bic <dbl>, mim <dbl>, lin <dbl>
null device 
          1 
