jobinfo 29788899
setting root information of the node
[1] "Largest shortest distance: 0.069494329723"
# A tibble: 10 × 13
   node_name          node_id species_vector Shortest_Distance_to_…¹ Interval_ID
   <chr>                <int> <I<list>>                        <dbl>       <dbl>
 1 InternalNode 10000   10000 <dbl [6]>                      0.00522           8
 2 InternalNode 10001   10001 <dbl [6]>                      0.00591           9
 3 InternalNode 10002   10002 <dbl [6]>                      0.00621           9
 4 InternalNode 10003   10003 <dbl [6]>                      0.00529           8
 5 InternalNode 10004   10004 <dbl [6]>                      0.00706          11
 6 InternalNode 10005   10005 <dbl [6]>                      0.00483           7
 7 InternalNode 10006   10006 <dbl [6]>                      0.00494           8
 8 InternalNode 10007   10007 <dbl [6]>                      0.00509           8
 9 InternalNode 10008   10008 <dbl [6]>                      0.00532           8
10 InternalNode 10009   10009 <dbl [6]>                      0.00546           8
# ℹ abbreviated name: ¹​Shortest_Distance_to_Terminal
# ℹ 8 more variables: Interval_Start <dbl>, Interval_End <dbl>, dum <dbl>,
#   ten <dbl>, sar <dbl>, bic <dbl>, mim <dbl>, lin <dbl>
null device 
          1 
