jobinfo 29789414
setting root information of the node
[1] "Largest shortest distance: 0.0099954386011"
# A tibble: 10 × 13
   node_name       node_id species_vector Shortest_Distance_to_Ter…¹ Interval_ID
   <chr>             <int> <I<list>>                           <dbl>       <dbl>
 1 InternalNode 43      43 <dbl [6]>                         0.00269          27
 2 InternalNode 44      44 <dbl [6]>                         0.00269          27
 3 InternalNode 45      45 <dbl [6]>                         0.00583          59
 4 InternalNode 46      46 <dbl [6]>                         0.00658          66
 5 InternalNode 47      47 <dbl [6]>                         0.0100          100
 6 InternalNode 48      48 <dbl [6]>                         0.00810          81
 7 InternalNode 49      49 <dbl [6]>                         0.00868          87
 8 InternalNode 50      50 <dbl [6]>                         0.00799          80
 9 InternalNode 51      51 <dbl [6]>                         0.00742          75
10 InternalNode 52      52 <dbl [6]>                         0.00795          80
# ℹ abbreviated name: ¹​Shortest_Distance_to_Terminal
# ℹ 8 more variables: Interval_Start <dbl>, Interval_End <dbl>, dum <dbl>,
#   ten <dbl>, sar <dbl>, bic <dbl>, mim <dbl>, lin <dbl>
null device 
          1 
