jobinfo 29789119
setting root information of the node
[1] "Largest shortest distance: 0.08303776688"
# A tibble: 10 × 13
   node_name         node_id species_vector Shortest_Distance_to_T…¹ Interval_ID
   <chr>               <int> <I<list>>                         <dbl>       <dbl>
 1 InternalNode 1000    1000 <dbl [6]>                       0.00310           4
 2 InternalNode 1001    1001 <dbl [6]>                       0.00313           4
 3 InternalNode 1002    1002 <dbl [6]>                       0.00348           5
 4 InternalNode 1003    1003 <dbl [6]>                       0.00321           4
 5 InternalNode 1004    1004 <dbl [6]>                       0.00373           5
 6 InternalNode 1005    1005 <dbl [6]>                       0.00466           6
 7 InternalNode 1006    1006 <dbl [6]>                       0.00510           7
 8 InternalNode 1007    1007 <dbl [6]>                       0.00633           8
 9 InternalNode 1008    1008 <dbl [6]>                       0.00376           5
10 InternalNode 1009    1009 <dbl [6]>                       0.00359           5
# ℹ abbreviated name: ¹​Shortest_Distance_to_Terminal
# ℹ 8 more variables: Interval_Start <dbl>, Interval_End <dbl>, dum <dbl>,
#   ten <dbl>, sar <dbl>, bic <dbl>, mim <dbl>, lin <dbl>
null device 
          1 
