jobinfo 29788859
setting root information of the node
[1] "Largest shortest distance: 0.009016242799"
# A tibble: 10 × 13
   node_name        node_id species_vector Shortest_Distance_to_Te…¹ Interval_ID
   <chr>              <int> <I<list>>                          <dbl>       <dbl>
 1 InternalNode 364     364 <dbl [6]>                              0           1
 2 InternalNode 365     365 <dbl [6]>                              0           1
 3 InternalNode 366     366 <dbl [6]>                              0           1
 4 InternalNode 367     367 <dbl [6]>                              0           1
 5 InternalNode 368     368 <dbl [6]>                              0           1
 6 InternalNode 369     369 <dbl [6]>                              0           1
 7 InternalNode 370     370 <dbl [6]>                              0           1
 8 InternalNode 371     371 <dbl [6]>                              0           1
 9 InternalNode 372     372 <dbl [6]>                              0           1
10 InternalNode 373     373 <dbl [6]>                              0           1
# ℹ abbreviated name: ¹​Shortest_Distance_to_Terminal
# ℹ 8 more variables: Interval_Start <dbl>, Interval_End <dbl>, dum <dbl>,
#   ten <dbl>, sar <dbl>, bic <dbl>, mim <dbl>, lin <dbl>
null device 
          1 
