Failed to query server: Transport endpoint is not connected
── Attaching core tidyverse packages ──────────────────────── tidyverse 2.0.0 ──
✔ dplyr     1.1.4     ✔ readr     2.1.4
✔ forcats   1.0.0     ✔ stringr   1.5.1
✔ ggplot2   3.4.4     ✔ tibble    3.2.1
✔ lubridate 1.9.3     ✔ tidyr     1.3.0
✔ purrr     1.0.2     
── Conflicts ────────────────────────────────────────── tidyverse_conflicts() ──
✖ dplyr::filter() masks stats::filter()
✖ dplyr::lag()    masks stats::lag()
ℹ Use the conflicted package (<http://conflicted.r-lib.org/>) to force all conflicts to become errors
Warning message:
In system("timedatectl", intern = TRUE) :
  running command 'timedatectl' had status 1

Attaching package: ‘ape’

The following object is masked from ‘package:dplyr’:

    where


Attaching package: ‘ggpubr’

The following object is masked from ‘package:ape’:

    rotate

Error in hist.default(adjusted_pairwise_distances_vector, breaks = 100,  : 
  character(0)
Calls: hist -> hist.default
In addition: Warning messages:
1: In min(x) : no non-missing arguments to min; returning Inf
2: In max(x) : no non-missing arguments to max; returning -Inf
Execution halted
