jobinfo 29789169
setting root information of the node
[1] "Largest shortest distance: 0.005532524652"
# A tibble: 10 × 13
   node_name        node_id species_vector Shortest_Distance_to_Te…¹ Interval_ID
   <chr>              <int> <I<list>>                          <dbl>       <dbl>
 1 InternalNode 100     100 <dbl [6]>                       0.00339           62
 2 InternalNode 101     101 <dbl [6]>                       0.00317           58
 3 InternalNode 102     102 <dbl [6]>                       0.00240           44
 4 InternalNode 103     103 <dbl [6]>                       0.000263           5
 5 InternalNode 104     104 <dbl [6]>                       0.00363           66
 6 InternalNode 105     105 <dbl [6]>                       0.00245           45
 7 InternalNode 106     106 <dbl [6]>                       0.00192           35
 8 InternalNode 107     107 <dbl [6]>                       0.000755          14
 9 InternalNode 108     108 <dbl [6]>                       0.00104           19
10 InternalNode 56       56 <dbl [6]>                       0.00215           39
# ℹ abbreviated name: ¹​Shortest_Distance_to_Terminal
# ℹ 8 more variables: Interval_Start <dbl>, Interval_End <dbl>, dum <dbl>,
#   ten <dbl>, sar <dbl>, bic <dbl>, mim <dbl>, lin <dbl>
null device 
          1 
