jobinfo 29789059
setting root information of the node
[1] "Largest shortest distance: 0.02865981926"
# A tibble: 10 × 13
   node_name        node_id species_vector Shortest_Distance_to_Te…¹ Interval_ID
   <chr>              <int> <I<list>>                          <dbl>       <dbl>
 1 InternalNode 383     383 <dbl [6]>                              0           1
 2 InternalNode 384     384 <dbl [6]>                              0           1
 3 InternalNode 385     385 <dbl [6]>                              0           1
 4 InternalNode 386     386 <dbl [6]>                              0           1
 5 InternalNode 387     387 <dbl [6]>                              0           1
 6 InternalNode 388     388 <dbl [6]>                              0           1
 7 InternalNode 389     389 <dbl [6]>                              0           1
 8 InternalNode 390     390 <dbl [6]>                              0           1
 9 InternalNode 391     391 <dbl [6]>                              0           1
10 InternalNode 392     392 <dbl [6]>                              0           1
# ℹ abbreviated name: ¹​Shortest_Distance_to_Terminal
# ℹ 8 more variables: Interval_Start <dbl>, Interval_End <dbl>, dum <dbl>,
#   ten <dbl>, sar <dbl>, bic <dbl>, mim <dbl>, lin <dbl>
null device 
          1 
