jobinfo 29789154
setting root information of the node
[1] "Largest shortest distance: 0.037210688708"
# A tibble: 10 × 13
   node_name       node_id species_vector Shortest_Distance_to_Ter…¹ Interval_ID
   <chr>             <int> <I<list>>                           <dbl>       <dbl>
 1 InternalNode 51      51 <dbl [6]>                        0.0372           100
 2 InternalNode 52      52 <dbl [6]>                        0.0372           100
 3 InternalNode 53      53 <dbl [6]>                        0.0260            70
 4 InternalNode 54      54 <dbl [6]>                        0.00478           13
 5 InternalNode 55      55 <dbl [6]>                        0.00358           10
 6 InternalNode 56      56 <dbl [6]>                        0.00235            7
 7 InternalNode 57      57 <dbl [6]>                        0.00188            6
 8 InternalNode 58      58 <dbl [6]>                        0.00159            5
 9 InternalNode 59      59 <dbl [6]>                        0.000559           2
10 InternalNode 60      60 <dbl [6]>                        0.000474           2
# ℹ abbreviated name: ¹​Shortest_Distance_to_Terminal
# ℹ 8 more variables: Interval_Start <dbl>, Interval_End <dbl>, dum <dbl>,
#   ten <dbl>, sar <dbl>, bic <dbl>, mim <dbl>, lin <dbl>
null device 
          1 
