jobinfo 29789364
setting root information of the node
[1] "Largest shortest distance: 0.025453266128"
# A tibble: 10 × 13
   node_name         node_id species_vector Shortest_Distance_to_T…¹ Interval_ID
   <chr>               <int> <I<list>>                         <dbl>       <dbl>
 1 InternalNode 1958    1958 <dbl [6]>                       0                 1
 2 InternalNode 1959    1959 <dbl [6]>                       0                 1
 3 InternalNode 1960    1960 <dbl [6]>                       0.00810          32
 4 InternalNode 1961    1961 <dbl [6]>                       0.00923          37
 5 InternalNode 1962    1962 <dbl [6]>                       0.0105           42
 6 InternalNode 1963    1963 <dbl [6]>                       0.0110           44
 7 InternalNode 1964    1964 <dbl [6]>                       0.0129           51
 8 InternalNode 1965    1965 <dbl [6]>                       0.0127           51
 9 InternalNode 1966    1966 <dbl [6]>                       0.0127           50
10 InternalNode 1967    1967 <dbl [6]>                       0.0116           46
# ℹ abbreviated name: ¹​Shortest_Distance_to_Terminal
# ℹ 8 more variables: Interval_Start <dbl>, Interval_End <dbl>, dum <dbl>,
#   ten <dbl>, sar <dbl>, bic <dbl>, mim <dbl>, lin <dbl>
null device 
          1 
