jobinfo 29789139
setting root information of the node
[1] "Largest shortest distance: 0.0138008069425"
# A tibble: 10 × 13
   node_name       node_id species_vector Shortest_Distance_to_Ter…¹ Interval_ID
   <chr>             <int> <I<list>>                           <dbl>       <dbl>
 1 InternalNode 44      44 <dbl [6]>                         0.00233          17
 2 InternalNode 45      45 <dbl [6]>                         0.00233          17
 3 InternalNode 46      46 <dbl [6]>                         0.00361          27
 4 InternalNode 47      47 <dbl [6]>                         0.00282          21
 5 InternalNode 48      48 <dbl [6]>                         0.00183          14
 6 InternalNode 49      49 <dbl [6]>                         0.00156          12
 7 InternalNode 50      50 <dbl [6]>                         0.00108           8
 8 InternalNode 51      51 <dbl [6]>                         0.00137          10
 9 InternalNode 52      52 <dbl [6]>                         0.00213          16
10 InternalNode 53      53 <dbl [6]>                         0.00241          18
# ℹ abbreviated name: ¹​Shortest_Distance_to_Terminal
# ℹ 8 more variables: Interval_Start <dbl>, Interval_End <dbl>, dum <dbl>,
#   ten <dbl>, sar <dbl>, bic <dbl>, mim <dbl>, lin <dbl>
null device 
          1 
