jobinfo 29788849
setting root information of the node
[1] "Largest shortest distance: 0.0002689618075"
# A tibble: 10 × 13
   node_name       node_id species_vector Shortest_Distance_to_Ter…¹ Interval_ID
   <chr>             <int> <I<list>>                           <dbl>       <dbl>
 1 InternalNode 31      31 <dbl [6]>                               0           1
 2 InternalNode 32      32 <dbl [6]>                               0           1
 3 InternalNode 33      33 <dbl [6]>                               0           1
 4 InternalNode 34      34 <dbl [6]>                               0           1
 5 InternalNode 35      35 <dbl [6]>                               0           1
 6 InternalNode 36      36 <dbl [6]>                               0           1
 7 InternalNode 37      37 <dbl [6]>                               0           1
 8 InternalNode 38      38 <dbl [6]>                               0           1
 9 InternalNode 39      39 <dbl [6]>                               0           1
10 InternalNode 40      40 <dbl [6]>                               0           1
# ℹ abbreviated name: ¹​Shortest_Distance_to_Terminal
# ℹ 8 more variables: Interval_Start <dbl>, Interval_End <dbl>, dum <dbl>,
#   ten <dbl>, sar <dbl>, bic <dbl>, mim <dbl>, lin <dbl>
null device 
          1 
