jobinfo 29789084
setting root information of the node
[1] "Largest shortest distance: 0.0177148319372"
# A tibble: 10 × 13
   node_name         node_id species_vector Shortest_Distance_to_T…¹ Interval_ID
   <chr>               <int> <I<list>>                         <dbl>       <dbl>
 1 InternalNode 1000    1000 <dbl [6]>                       0.00140           8
 2 InternalNode 1001    1001 <dbl [6]>                       0.00174          10
 3 InternalNode 1002    1002 <dbl [6]>                       0.00120           7
 4 InternalNode 1003    1003 <dbl [6]>                       0.00164          10
 5 InternalNode 1004    1004 <dbl [6]>                       0.00169          10
 6 InternalNode 1005    1005 <dbl [6]>                       0.00155           9
 7 InternalNode 1006    1006 <dbl [6]>                       0.00126           8
 8 InternalNode 1007    1007 <dbl [6]>                       0.00130           8
 9 InternalNode 1008    1008 <dbl [6]>                       0.00121           7
10 InternalNode 1009    1009 <dbl [6]>                       0.00110           7
# ℹ abbreviated name: ¹​Shortest_Distance_to_Terminal
# ℹ 8 more variables: Interval_Start <dbl>, Interval_End <dbl>, dum <dbl>,
#   ten <dbl>, sar <dbl>, bic <dbl>, mim <dbl>, lin <dbl>
null device 
          1 
