jobinfo 29789209
setting root information of the node
[1] "Largest shortest distance: 0.05204733507"
# A tibble: 10 × 13
   node_name       node_id species_vector Shortest_Distance_to_Ter…¹ Interval_ID
   <chr>             <int> <I<list>>                           <dbl>       <dbl>
 1 InternalNode 34      34 <dbl [6]>                      0.0101              41
 2 InternalNode 35      35 <dbl [6]>                      0.0101              41
 3 InternalNode 36      36 <dbl [6]>                      0.00568             23
 4 InternalNode 37      37 <dbl [6]>                      0.00331             14
 5 InternalNode 38      38 <dbl [6]>                      0.00286             12
 6 InternalNode 39      39 <dbl [6]>                      0.0000764            1
 7 InternalNode 40      40 <dbl [6]>                      0.0000238            1
 8 InternalNode 41      41 <dbl [6]>                      0.00000877           1
 9 InternalNode 42      42 <dbl [6]>                      0.00000111           1
10 InternalNode 43      43 <dbl [6]>                      0                    1
# ℹ abbreviated name: ¹​Shortest_Distance_to_Terminal
# ℹ 8 more variables: Interval_Start <dbl>, Interval_End <dbl>, dum <dbl>,
#   ten <dbl>, sar <dbl>, bic <dbl>, mim <dbl>, lin <dbl>
null device 
          1 
