jobinfo 29788839
setting root information of the node
[1] "Largest shortest distance: 0.01328733242"
# A tibble: 10 × 13
   node_name        node_id species_vector Shortest_Distance_to_Te…¹ Interval_ID
   <chr>              <int> <I<list>>                          <dbl>       <dbl>
 1 InternalNode 100     100 <dbl [6]>                        0.00234          18
 2 InternalNode 101     101 <dbl [6]>                        0.00285          22
 3 InternalNode 102     102 <dbl [6]>                        0.00382          29
 4 InternalNode 103     103 <dbl [6]>                        0.00272          21
 5 InternalNode 104     104 <dbl [6]>                        0.00524          40
 6 InternalNode 105     105 <dbl [6]>                        0.00575          44
 7 InternalNode 106     106 <dbl [6]>                        0.00561          43
 8 InternalNode 107     107 <dbl [6]>                        0.00536          41
 9 InternalNode 108     108 <dbl [6]>                        0.00431          33
10 InternalNode 109     109 <dbl [6]>                        0.00730          55
# ℹ abbreviated name: ¹​Shortest_Distance_to_Terminal
# ℹ 8 more variables: Interval_Start <dbl>, Interval_End <dbl>, dum <dbl>,
#   ten <dbl>, sar <dbl>, bic <dbl>, mim <dbl>, lin <dbl>
null device 
          1 
