jobinfo 29789489
setting root information of the node
[1] "Largest shortest distance: 0.06240888427"
# A tibble: 10 × 13
   node_name         node_id species_vector Shortest_Distance_to_T…¹ Interval_ID
   <chr>               <int> <I<list>>                         <dbl>       <dbl>
 1 InternalNode 1005    1005 <dbl [6]>                       0                 1
 2 InternalNode 1006    1006 <dbl [6]>                       0                 1
 3 InternalNode 1007    1007 <dbl [6]>                       0.00265           5
 4 InternalNode 1008    1008 <dbl [6]>                       0.00266           5
 5 InternalNode 1009    1009 <dbl [6]>                       0.00266           5
 6 InternalNode 1010    1010 <dbl [6]>                       0.00283           5
 7 InternalNode 1011    1011 <dbl [6]>                       0.00243           4
 8 InternalNode 1012    1012 <dbl [6]>                       0.00207           4
 9 InternalNode 1013    1013 <dbl [6]>                       0.00191           4
10 InternalNode 1014    1014 <dbl [6]>                       0.00178           3
# ℹ abbreviated name: ¹​Shortest_Distance_to_Terminal
# ℹ 8 more variables: Interval_Start <dbl>, Interval_End <dbl>, dum <dbl>,
#   ten <dbl>, sar <dbl>, bic <dbl>, mim <dbl>, lin <dbl>
null device 
          1 
