jobinfo 29789539
setting root information of the node
[1] "Largest shortest distance: 0.096740183143"
# A tibble: 10 × 13
   node_name          node_id species_vector Shortest_Distance_to_…¹ Interval_ID
   <chr>                <int> <I<list>>                        <dbl>       <dbl>
 1 InternalNode 14294   14294 <dbl [6]>                    0.0000798           1
 2 InternalNode 14295   14295 <dbl [6]>                    0.0000798           1
 3 InternalNode 14296   14296 <dbl [6]>                    0.0440             46
 4 InternalNode 14297   14297 <dbl [6]>                    0.0470             49
 5 InternalNode 14298   14298 <dbl [6]>                    0.0507             53
 6 InternalNode 14299   14299 <dbl [6]>                    0.0542             57
 7 InternalNode 14300   14300 <dbl [6]>                    0.0601             63
 8 InternalNode 14301   14301 <dbl [6]>                    0.0569             59
 9 InternalNode 14302   14302 <dbl [6]>                    0.0517             54
10 InternalNode 14303   14303 <dbl [6]>                    0.0472             49
# ℹ abbreviated name: ¹​Shortest_Distance_to_Terminal
# ℹ 8 more variables: Interval_Start <dbl>, Interval_End <dbl>, dum <dbl>,
#   ten <dbl>, sar <dbl>, bic <dbl>, mim <dbl>, lin <dbl>
null device 
          1 
