jobinfo 29788814
setting root information of the node
[1] "Largest shortest distance: 0.03924289024"
# A tibble: 10 × 13
   node_name       node_id species_vector Shortest_Distance_to_Ter…¹ Interval_ID
   <chr>             <int> <I<list>>                           <dbl>       <dbl>
 1 InternalNode 48      48 <dbl [6]>                         0.0117           30
 2 InternalNode 49      49 <dbl [6]>                         0.0117           30
 3 InternalNode 50      50 <dbl [6]>                         0.0173           44
 4 InternalNode 51      51 <dbl [6]>                         0.0170           44
 5 InternalNode 52      52 <dbl [6]>                         0.0274           70
 6 InternalNode 53      53 <dbl [6]>                         0.0122           32
 7 InternalNode 54      54 <dbl [6]>                         0.0184           47
 8 InternalNode 55      55 <dbl [6]>                         0.0194           50
 9 InternalNode 56      56 <dbl [6]>                         0.00926          24
10 InternalNode 57      57 <dbl [6]>                         0.0103           27
# ℹ abbreviated name: ¹​Shortest_Distance_to_Terminal
# ℹ 8 more variables: Interval_Start <dbl>, Interval_End <dbl>, dum <dbl>,
#   ten <dbl>, sar <dbl>, bic <dbl>, mim <dbl>, lin <dbl>
null device 
          1 
