jobinfo 29789679
setting root information of the node
[1] "Largest shortest distance: 0.082620102474"
# A tibble: 10 × 13
   node_name        node_id species_vector Shortest_Distance_to_Te…¹ Interval_ID
   <chr>              <int> <I<list>>                          <dbl>       <dbl>
 1 InternalNode 191     191 <dbl [6]>                         0.0267          33
 2 InternalNode 192     192 <dbl [6]>                         0.0267          33
 3 InternalNode 193     193 <dbl [6]>                         0.0299          37
 4 InternalNode 194     194 <dbl [6]>                         0.0269          33
 5 InternalNode 195     195 <dbl [6]>                         0.0246          30
 6 InternalNode 196     196 <dbl [6]>                         0.0218          27
 7 InternalNode 197     197 <dbl [6]>                         0.0180          22
 8 InternalNode 198     198 <dbl [6]>                         0.0188          23
 9 InternalNode 199     199 <dbl [6]>                         0.0324          40
10 InternalNode 200     200 <dbl [6]>                         0.0380          47
# ℹ abbreviated name: ¹​Shortest_Distance_to_Terminal
# ℹ 8 more variables: Interval_Start <dbl>, Interval_End <dbl>, dum <dbl>,
#   ten <dbl>, sar <dbl>, bic <dbl>, mim <dbl>, lin <dbl>
null device 
          1 
