jobinfo 29788694
setting root information of the node
[1] "Largest shortest distance: 0.029284544295"
# A tibble: 10 × 13
   node_name        node_id species_vector Shortest_Distance_to_Te…¹ Interval_ID
   <chr>              <int> <I<list>>                          <dbl>       <dbl>
 1 InternalNode 100     100 <dbl [6]>                       0.000919           4
 2 InternalNode 101     101 <dbl [6]>                       0.000766           3
 3 InternalNode 102     102 <dbl [6]>                       0.000790           3
 4 InternalNode 103     103 <dbl [6]>                       0                  1
 5 InternalNode 104     104 <dbl [6]>                       0.000837           3
 6 InternalNode 105     105 <dbl [6]>                       0.000944           4
 7 InternalNode 106     106 <dbl [6]>                       0                  1
 8 InternalNode 107     107 <dbl [6]>                       0.000191           1
 9 InternalNode 108     108 <dbl [6]>                       0                  1
10 InternalNode 109     109 <dbl [6]>                       0.00104            4
# ℹ abbreviated name: ¹​Shortest_Distance_to_Terminal
# ℹ 8 more variables: Interval_Start <dbl>, Interval_End <dbl>, dum <dbl>,
#   ten <dbl>, sar <dbl>, bic <dbl>, mim <dbl>, lin <dbl>
null device 
          1 
