jobinfo 29789329
setting root information of the node
[1] "Largest shortest distance: 0.0288888616435"
# A tibble: 10 × 13
   node_name         node_id species_vector Shortest_Distance_to_T…¹ Interval_ID
   <chr>               <int> <I<list>>                         <dbl>       <dbl>
 1 InternalNode 1006    1006 <dbl [6]>                   0                     1
 2 InternalNode 1007    1007 <dbl [6]>                   0                     1
 3 InternalNode 1008    1008 <dbl [6]>                   0.00185               7
 4 InternalNode 1009    1009 <dbl [6]>                   0.000948              4
 5 InternalNode 1010    1010 <dbl [6]>                   0.000356              2
 6 InternalNode 1011    1011 <dbl [6]>                   0.000119              1
 7 InternalNode 1012    1012 <dbl [6]>                   0.0000301             1
 8 InternalNode 1013    1013 <dbl [6]>                   0.00000228            1
 9 InternalNode 1014    1014 <dbl [6]>                   0.00000114            1
10 InternalNode 1015    1015 <dbl [6]>                   0.000000290           1
# ℹ abbreviated name: ¹​Shortest_Distance_to_Terminal
# ℹ 8 more variables: Interval_Start <dbl>, Interval_End <dbl>, dum <dbl>,
#   ten <dbl>, sar <dbl>, bic <dbl>, mim <dbl>, lin <dbl>
null device 
          1 
