jobinfo 29789654
setting root information of the node
[1] "Largest shortest distance: 0.035128593498"
# A tibble: 10 × 13
   node_name        node_id species_vector Shortest_Distance_to_Te…¹ Interval_ID
   <chr>              <int> <I<list>>                          <dbl>       <dbl>
 1 InternalNode 314     314 <dbl [6]>                      0.0000239           1
 2 InternalNode 315     315 <dbl [6]>                      0.0000239           1
 3 InternalNode 316     316 <dbl [6]>                      0.000776            3
 4 InternalNode 317     317 <dbl [6]>                      0.000610            2
 5 InternalNode 318     318 <dbl [6]>                      0.000470            2
 6 InternalNode 319     319 <dbl [6]>                      0.000375            2
 7 InternalNode 320     320 <dbl [6]>                      0.00201             6
 8 InternalNode 321     321 <dbl [6]>                      0.00253             8
 9 InternalNode 322     322 <dbl [6]>                      0.00428            13
10 InternalNode 323     323 <dbl [6]>                      0.00752            22
# ℹ abbreviated name: ¹​Shortest_Distance_to_Terminal
# ℹ 8 more variables: Interval_Start <dbl>, Interval_End <dbl>, dum <dbl>,
#   ten <dbl>, sar <dbl>, bic <dbl>, mim <dbl>, lin <dbl>
null device 
          1 
