jobinfo 29789104
setting root information of the node
[1] "Largest shortest distance: 0.0181163610255"
# A tibble: 10 × 13
   node_name         node_id species_vector Shortest_Distance_to_T…¹ Interval_ID
   <chr>               <int> <I<list>>                         <dbl>       <dbl>
 1 InternalNode 1798    1798 <dbl [6]>                     0                   1
 2 InternalNode 1799    1799 <dbl [6]>                     0                   1
 3 InternalNode 1800    1800 <dbl [6]>                     0.0000624           1
 4 InternalNode 1801    1801 <dbl [6]>                     0.000986            6
 5 InternalNode 1802    1802 <dbl [6]>                     0.00126             7
 6 InternalNode 1803    1803 <dbl [6]>                     0.00214            12
 7 InternalNode 1804    1804 <dbl [6]>                     0.00225            13
 8 InternalNode 1805    1805 <dbl [6]>                     0.0170             94
 9 InternalNode 1806    1806 <dbl [6]>                     0.0149             83
10 InternalNode 1807    1807 <dbl [6]>                     0.00898            50
# ℹ abbreviated name: ¹​Shortest_Distance_to_Terminal
# ℹ 8 more variables: Interval_Start <dbl>, Interval_End <dbl>, dum <dbl>,
#   ten <dbl>, sar <dbl>, bic <dbl>, mim <dbl>, lin <dbl>
null device 
          1 
