jobinfo 29789039
setting root information of the node
[1] "Largest shortest distance: 0.049573001986"
# A tibble: 10 × 13
   node_name        node_id species_vector Shortest_Distance_to_Te…¹ Interval_ID
   <chr>              <int> <I<list>>                          <dbl>       <dbl>
 1 InternalNode 100     100 <dbl [6]>                        0.00279           6
 2 InternalNode 101     101 <dbl [6]>                        0.0419           85
 3 InternalNode 102     102 <dbl [6]>                        0.0447           91
 4 InternalNode 103     103 <dbl [6]>                        0.0466           95
 5 InternalNode 104     104 <dbl [6]>                        0.0496          100
 6 InternalNode 105     105 <dbl [6]>                        0.0128           26
 7 InternalNode 106     106 <dbl [6]>                        0.0126           26
 8 InternalNode 107     107 <dbl [6]>                        0.0441           89
 9 InternalNode 108     108 <dbl [6]>                        0.0469           95
10 InternalNode 109     109 <dbl [6]>                        0.0236           48
# ℹ abbreviated name: ¹​Shortest_Distance_to_Terminal
# ℹ 8 more variables: Interval_Start <dbl>, Interval_End <dbl>, dum <dbl>,
#   ten <dbl>, sar <dbl>, bic <dbl>, mim <dbl>, lin <dbl>
null device 
          1 
