jobinfo 29788914
setting root information of the node
[1] "Largest shortest distance: 0.014683050844"
# A tibble: 10 × 13
   node_name       node_id species_vector Shortest_Distance_to_Ter…¹ Interval_ID
   <chr>             <int> <I<list>>                           <dbl>       <dbl>
 1 InternalNode 25      25 <dbl [6]>                         0.00146          10
 2 InternalNode 26      26 <dbl [6]>                         0.00146          10
 3 InternalNode 27      27 <dbl [6]>                         0.00245          17
 4 InternalNode 28      28 <dbl [6]>                         0.00267          19
 5 InternalNode 29      29 <dbl [6]>                         0.00255          18
 6 InternalNode 30      30 <dbl [6]>                         0.00461          32
 7 InternalNode 31      31 <dbl [6]>                         0.00444          31
 8 InternalNode 32      32 <dbl [6]>                         0.00412          29
 9 InternalNode 33      33 <dbl [6]>                         0.00392          27
10 InternalNode 34      34 <dbl [6]>                         0.00304          21
# ℹ abbreviated name: ¹​Shortest_Distance_to_Terminal
# ℹ 8 more variables: Interval_Start <dbl>, Interval_End <dbl>, dum <dbl>,
#   ten <dbl>, sar <dbl>, bic <dbl>, mim <dbl>, lin <dbl>
null device 
          1 
