jobinfo 29789439
setting root information of the node
[1] "Largest shortest distance: 0.05174700817"
# A tibble: 10 × 13
   node_name        node_id species_vector Shortest_Distance_to_Te…¹ Interval_ID
   <chr>              <int> <I<list>>                          <dbl>       <dbl>
 1 InternalNode 100     100 <dbl [6]>                        0.0100           20
 2 InternalNode 101     101 <dbl [6]>                        0.00742          15
 3 InternalNode 102     102 <dbl [6]>                        0.00712          14
 4 InternalNode 103     103 <dbl [6]>                        0.00782          16
 5 InternalNode 104     104 <dbl [6]>                        0.00762          15
 6 InternalNode 105     105 <dbl [6]>                        0.00786          16
 7 InternalNode 106     106 <dbl [6]>                        0.00988          20
 8 InternalNode 107     107 <dbl [6]>                        0.00597          12
 9 InternalNode 108     108 <dbl [6]>                        0.00552          11
10 InternalNode 109     109 <dbl [6]>                        0.00540          11
# ℹ abbreviated name: ¹​Shortest_Distance_to_Terminal
# ℹ 8 more variables: Interval_Start <dbl>, Interval_End <dbl>, dum <dbl>,
#   ten <dbl>, sar <dbl>, bic <dbl>, mim <dbl>, lin <dbl>
null device 
          1 
