jobinfo 29789204
setting root information of the node
[1] "Largest shortest distance: 0.06384388527"
# A tibble: 10 × 13
   node_name        node_id species_vector Shortest_Distance_to_Te…¹ Interval_ID
   <chr>              <int> <I<list>>                          <dbl>       <dbl>
 1 InternalNode 236     236 <dbl [6]>                         0.0266          42
 2 InternalNode 237     237 <dbl [6]>                         0.0266          42
 3 InternalNode 238     238 <dbl [6]>                         0.0442          70
 4 InternalNode 239     239 <dbl [6]>                         0.0623          98
 5 InternalNode 240     240 <dbl [6]>                         0.0638         100
 6 InternalNode 241     241 <dbl [6]>                         0.0453          72
 7 InternalNode 242     242 <dbl [6]>                         0.0423          67
 8 InternalNode 243     243 <dbl [6]>                         0.0436          69
 9 InternalNode 244     244 <dbl [6]>                         0.0389          61
10 InternalNode 245     245 <dbl [6]>                         0.0418          66
# ℹ abbreviated name: ¹​Shortest_Distance_to_Terminal
# ℹ 8 more variables: Interval_Start <dbl>, Interval_End <dbl>, dum <dbl>,
#   ten <dbl>, sar <dbl>, bic <dbl>, mim <dbl>, lin <dbl>
null device 
          1 
