jobinfo 30048780
getting scaled timeline
   [1] "_R_N640|dum_X2|115867356|115868894|+|1538"
   [2] "N640|dum_5|118679683|118681183|+|1500"    
   [3] "_R_N640|dum_6|9489041|9490541|+|1500"     
   [4] "_R_N640|dum_9|117108429|117109940|+|1511" 
   [5] "N640|dum_7|173738118|173739618|+|1500"    
   [6] "N640|dum_1|146486939|146488472|+|1533"    
   [7] "N640|dum_4|227200954|227202446|+|1492"    
   [8] "N640|dum_6|178630677|178632177|+|1500"    
   [9] "_R_N640|dum_4|248629101|248630638|+|1537" 
  [10] "_R_N640|dum_11|39986943|39988443|+|1500"  
  [11] "_R_N640|dum_10|44137238|44138734|+|1496"  
  [12] "_R_N640|dum_3|41835648|41837148|+|1500"   
  [13] "_R_N640|dum_10|153778684|153780184|+|1500"
  [14] "_R_N640|dum_X1|19447794|19449294|+|1500"  
  [15] "N640|dum_2|157776193|157777726|+|1533"    
  [16] "_R_N640|dum_1|103440895|103442389|+|1494" 
  [17] "N640|dum_11|74464695|74466195|+|1500"     
  [18] "_R_N640|dum_4|243324109|243325609|+|1500" 
  [19] "N640|dum_2|57929368|57930901|+|1533"      
  [20] "_R_N640|dum_10|163659429|163660962|+|1533"
  [21] "N640|dum_8|24136701|24138234|+|1533"      
  [22] "N640|dum_11|9398012|9399545|+|1533"       
  [23] "_R_N640|dum_3|24661234|24662767|+|1533"   
  [24] "_R_N640|dum_1|32890743|32892276|+|1533"   
  [25] "N640|dum_6|200040875|200042408|+|1533"    
  [26] "_R_N640|dum_9|7487040|7488545|+|1505"     
  [27] "_R_N640|dum_8|27155423|27156929|+|1506"   
  [28] "_R_N640|dum_7|169543015|169544516|+|1501" 
  [29] "_R_N640|dum_4|216735824|216737329|+|1505" 
  [30] "_R_N640|dum_8|107149239|107150739|+|1500" 
  [31] "N640|dum_12|10271436|10272937|+|1501"     
  [32] "N640|dum_8|143101736|143103237|+|1501"    
  [33] "_R_N640|dum_2|9682927|9684459|+|1532"     
  [34] "_R_N640|dum_1|150898236|150899737|+|1501" 
  [35] "_R_N640|dum_4|261972785|261974285|+|1500" 
  [36] "_R_N640|dum_4|130426370|130427870|+|1500" 
  [37] "_R_N640|dum_4|135845654|135847154|+|1500" 
  [38] "_R_N640|dum_3|44404314|44405814|+|1500"   
  [39] "N640|dum_1|169345467|169346959|+|1492"    
  [40] "_R_N640|dum_1|278953161|278954659|+|1498" 
  [41] "_R_N640|dum_10|84811521|84813021|+|1500"  
  [42] "_R_N640|dum_4|254817042|254818542|+|1500" 
  [43] "N640|dum_12|32756914|32758414|+|1500"     
  [44] "N640|dum_8|157891244|157892744|+|1500"    
  [45] "_R_N640|ten_7|44948478|44950010|+|1532"   
  [46] "N640|dum_X1|183394027|183395527|+|1500"   
  [47] "_R_N640|dum_9|117420784|117422283|+|1499" 
  [48] "_R_N640|dum_11|158039248|158040748|+|1500"
  [49] "_R_N640|dum_6|181030908|181032408|+|1500" 
  [50] "_R_N640|dum_4|46337956|46339493|+|1537"   
  [51] "N640|dum_5|235249361|235250861|+|1500"    
  [52] "N640|dum_3|122909006|122910539|+|1533"    
  [53] "_R_N640|dum_3|14148973|14150473|+|1500"   
  [54] "N640|dum_7|38393877|38395377|+|1500"      
  [55] "_R_N640|dum_3|206275255|206276788|+|1533" 
  [56] "_R_N640|dum_12|59379814|59381314|+|1500"  
  [57] "N640|dum_3|95124721|95126221|+|1500"      
  [58] "_R_N640|dum_4|217066891|217068393|+|1502" 
  [59] "N640|dum_9|145677660|145679192|+|1532"    
  [60] "_R_N640|dum_3|77680721|77682221|+|1500"   
  [61] "_R_N640|dum_9|179952589|179954122|+|1533" 
  [62] "_R_N640|dum_10|118200803|118202299|+|1496"
  [63] "_R_N640|dum_4|166823096|166824588|+|1492" 
  [64] "_R_N640|ten_7|42016863|42018351|+|1488"   
  [65] "_R_N640|dum_6|140141657|140143157|+|1500" 
  [66] "_R_N640|dum_10|118791939|118793439|+|1500"
  [67] "_R_N640|dum_8|17721222|17722722|+|1500"   
  [68] "_R_N640|dum_7|194109572|194111105|+|1533" 
  [69] "_R_N640|dum_3|114398857|114400265|+|1408" 
  [70] "_R_N640|dum_11|72337565|72339055|+|1490"  
  [71] "_R_N640|dum_2|155603185|155604684|+|1499" 
  [72] "N640|dum_1|200173738|200175227|+|1489"    
  [73] "N640|dum_X1|115369604|115371106|+|1502"   
  [74] "_R_N640|dum_6|203215448|203216947|+|1499" 
  [75] "N640|dum_3|102056945|102058454|+|1509"    
  [76] "_R_N640|dum_1|180731524|180733024|+|1500" 
  [77] "N640|dum_8|61384238|61385737|+|1499"      
  [78] "N640|dum_3|115596040|115597539|+|1499"    
  [79] "_R_N640|dum_3|148435081|148436580|+|1499" 
  [80] "N640|dum_1|157174827|157176326|+|1499"    
  [81] "_R_N640|dum_10|171375876|171377375|+|1499"
  [82] "_R_N640|dum_2|162456590|162458089|+|1499" 
  [83] "_R_N640|dum_7|161993515|161995014|+|1499" 
  [84] "_R_N640|dum_6|26322718|26324217|+|1499"   
  [85] "N640|dum_4|103107920|103109418|+|1498"    
  [86] "_R_N640|dum_6|81332347|81333844|+|1497"   
  [87] "N640|dum_9|131724373|131725775|+|1402"    
  [88] "_R_N640|dum_8|95193977|95195477|+|1500"   
  [89] "_R_N640|dum_8|166984741|166986241|+|1500" 
  [90] "N640|dum_4|219803080|219804579|+|1499"    
  [91] "N640|dum_11|10853113|10854613|+|1500"     
  [92] "_R_N640|dum_4|29013213|29014746|+|1533"   
  [93] "_R_N640|dum_9|91442065|91443565|+|1500"   
  [94] "_R_N640|ten_9|8570598|8572131|+|1533"     
  [95] "_R_N640|dum_9|170910898|170912398|+|1500" 
  [96] "N640|dum_10|185972270|185973764|+|1494"   
  [97] "N640|dum_7|22020317|22021811|+|1494"      
  [98] "_R_N640|dum_2|237931729|237933228|+|1499" 
  [99] "_R_N640|dum_4|54514910|54516411|+|1501"   
 [100] "N640|dum_X1|102225980|102227481|+|1501"   
 [101] "N640|dum_5|29123154|29124655|+|1501"      
 [102] "_R_N640|dum_5|34677190|34678691|+|1501"   
 [103] "_R_N640|dum_4|77834981|77836476|+|1495"   
 [104] "N640|dum_4|165745501|165747002|+|1501"    
 [105] "_R_N640|dum_X1|26823246|26824780|+|1534"  
 [106] "_R_N640|dum_2|24951113|24952615|+|1502"   
 [107] "_R_N640|dum_6|78503058|78504560|+|1502"   
 [108] "_R_N640|dum_3|238483993|238485497|+|1504" 
 [109] "N640|dum_5|220000032|220001533|+|1501"    
 [110] "N640|dum_8|189393456|189394990|+|1534"    
 [111] "N640|dum_3|194202491|194203992|+|1501"    
 [112] "N640|dum_3|193836591|193838125|+|1534"    
 [113] "_R_N640|ten_5|46029147|46030648|+|1501"   
 [114] "_R_N640|ten_4|109711696|109713196|+|1500" 
 [115] "_R_N640|ten_5|152691770|152693274|+|1504" 
 [116] "_R_N640|dum_12|46663326|46664826|+|1500"  
 [117] "_R_N640|dum_1|140375236|140376737|+|1501" 
 [118] "_R_N640|dum_6|200100919|200102423|+|1504" 
 [119] "_R_N640|dum_1|277081835|277083336|+|1501" 
 [120] "N640|dum_5|225457291|225458792|+|1501"    
 [121] "_R_N640|dum_7|201046011|201047512|+|1501" 
 [122] "_R_N640|dum_4|139975766|139977300|+|1534" 
 [123] "_R_N640|dum_8|176658628|176660129|+|1501" 
 [124] "N640|dum_7|168280424|168281920|+|1496"    
 [125] "_R_N640|dum_4|55999111|56000612|+|1501"   
 [126] "N640|dum_8|70048423|70049924|+|1501"      
 [127] "N640|dum_5|194408773|194410274|+|1501"    
 [128] "N640|dum_10|171008079|171009581|+|1502"   
 [129] "N640|dum_12|23052400|23053894|+|1494"     
 [130] "N640|dum_10|20024065|20025567|+|1502"     
 [131] "N640|dum_1|255532328|255533830|+|1502"    
 [132] "N640|dum_1|29764605|29766120|+|1515"      
 [133] "N640|dum_3|276976040|276977543|+|1503"    
 [134] "N640|dum_11|85151789|85153291|+|1502"     
 [135] "N640|dum_1|291260708|291262211|+|1503"    
 [136] "N640|dum_2|25384146|25385649|+|1503"      
 [137] "N640|dum_3|108898947|108900449|+|1502"    
 [138] "_R_N640|dum_7|196223385|196224885|+|1500" 
 [139] "N640|dum_11|28209166|28210666|+|1500"     
 [140] "_R_N640|dum_5|139546541|139548036|+|1495" 
 [141] "_R_N640|dum_12|11025374|11026874|+|1500"  
 [142] "N640|dum_3|237341838|237343338|+|1500"    
 [143] "N640|dum_8|111348010|111349509|+|1499"    
 [144] "_R_N640|dum_9|58353077|58354577|+|1500"   
 [145] "_R_N640|dum_1|148052003|148053502|+|1499" 
 [146] "_R_N640|dum_5|135021837|135023338|+|1501" 
 [147] "_R_N640|dum_5|135027386|135028883|+|1497" 
 [148] "_R_N640|dum_2|72654126|72655623|+|1497"   
 [149] "_R_N640|dum_8|76731634|76733134|+|1500"   
 [150] "N640|dum_9|24597470|24598977|+|1507"      
 [151] "_R_N640|dum_1|295913864|295915365|+|1501" 
 [152] "_R_N640|dum_7|184529133|184530634|+|1501" 
 [153] "_R_N640|dum_1|13230779|13232277|+|1498"   
 [154] "_R_N640|dum_2|47932221|47933721|+|1500"   
 [155] "_R_N640|dum_6|143101577|143103077|+|1500" 
 [156] "_R_N640|dum_7|173722937|173724414|+|1477" 
 [157] "_R_N640|dum_11|48180392|48181709|+|1317"  
 [158] "N640|dum_4|131255163|131256663|+|1500"    
 [159] "_R_N640|dum_5|16741063|16742474|+|1411"   
 [160] "_R_N640|ten_5|202155345|202156756|+|1411" 
 [161] "_R_N640|dum_2|260315812|260317223|+|1411" 
 [162] "N640|dum_6|148937864|148939042|+|1178"    
 [163] "_R_N640|ten_3|278255275|278256685|+|1410" 
 [164] "N640|dum_10|61601251|61602664|+|1413"     
 [165] "N640|dum_6|98241905|98243315|+|1410"      
 [166] "_R_N640|dum_5|77990487|77991896|+|1409"   
 [167] "_R_N640|ten_12|55827250|55828661|+|1411"  
 [168] "_R_N640|ten_12|55830400|55831806|+|1406"  
 [169] "N640|ten_X1|176748654|176750061|+|1407"   
 [170] "_R_N640|dum_8|32885663|32887074|+|1411"   
 [171] "N640|ten_2|164560582|164561994|+|1412"    
 [172] "_R_N640|dum_2|169185701|169187111|+|1410" 
 [173] "N640|dum_6|7905655|7907065|+|1410"        
 [174] "_R_N640|ten_X2|49353408|49354818|+|1410"  
 [175] "N640|dum_3|219919691|219921171|+|1480"    
 [176] "N640|dum_6|148960897|148962398|+|1501"    
 [177] "N640|dum_6|92038159|92039660|+|1501"      
 [178] "N640|dum_8|9867423|9868923|+|1500"        
 [179] "N640|dum_4|99369220|99370722|+|1502"      
 [180] "_R_N640|dum_1|277132834|277134329|+|1495" 
 [181] "_R_N640|dum_6|180732497|180734019|+|1522" 
 [182] "_R_N640|dum_1|43905077|43906613|+|1536"   
 [183] "_R_N640|dum_1|43908302|43909796|+|1494"   
 [184] "_R_N640|dum_1|43911485|43912979|+|1494"   
 [185] "N640|dum_3|70784964|70786472|+|1508"      
 [186] "N640|ten_5|169976374|169977844|+|1470"    
 [187] "N640|dum_7|97248066|97249592|+|1526"      
 [188] "N640|dum_9|133327820|133329379|+|1559"    
 [189] "_R_N640|dum_3|247839685|247841204|+|1519" 
 [190] "_R_N640|dum_5|78795980|78797508|+|1528"   
 [191] "N640|dum_7|14511593|14513152|+|1559"      
 [192] "_R_N640|ten_9|118680446|118681970|+|1524" 
 [193] "_R_N640|ten_9|118683730|118685254|+|1524" 
 [194] "_R_N640|ten_9|118667313|118668837|+|1524" 
 [195] "_R_N640|ten_9|118677163|118678687|+|1524" 
 [196] "_R_N640|ten_9|118657462|118658986|+|1524" 
 [197] "_R_N640|ten_9|118670597|118672120|+|1523" 
 [198] "_R_N640|ten_9|118654179|118655703|+|1524" 
 [199] "_R_N640|ten_9|118660745|118662269|+|1524" 
 [200] "_R_N640|ten_9|118664029|118665553|+|1524" 
 [201] "_R_N640|ten_9|118673879|118675403|+|1524" 
 [202] "_R_N640|ten_9|118650901|118652421|+|1520" 
 [203] "_R_N640|dum_X2|204344649|204346175|+|1526"
 [204] "_R_N640|dum_1|243184479|243185864|+|1385" 
 [205] "N640|ten_1|58367862|58369245|+|1383"      
 [206] "_R_N640|ten_3|135531620|135533144|+|1524" 
 [207] "N640|dum_8|193299552|193301110|+|1558"    
 [208] "_R_N640|dum_9|184352347|184353872|+|1525" 
 [209] "_R_N640|ten_9|6908961|6910484|+|1523"     
 [210] "N640|dum_3|25117326|25118878|+|1552"      
 [211] "N640|dum_7|13049424|13050951|+|1527"      
 [212] "_R_N640|dum_4|5710240|5711733|+|1493"     
 [213] "N640|dum_2|21764476|21765966|+|1490"      
 [214] "N640|ten_4|136101930|136103455|+|1525"    
 [215] "N640|dum_2|34567075|34568568|+|1493"      
 [216] "N640|ten_5|175744693|175746216|+|1523"    
 [217] "N640|ten_6|185605305|185606536|+|1231"    
 [218] "N640|ten_2|126210503|126212026|+|1523"    
 [219] "N640|ten_7|110520847|110522174|+|1327"    
 [220] "_R_N640|ten_12|132146428|132147919|+|1491"
 [221] "_R_N640|dum_3|244623603|244625085|+|1482" 
 [222] "N640|dum_8|123610307|123611717|+|1410"    
 [223] "N640|ten_10|27337458|27338770|+|1312"     
 [224] "N640|dum_9|139375099|139376496|+|1397"    
 [225] "_R_N640|dum_6|121260723|121262003|+|1280" 
 [226] "_R_N640|dum_3|153850625|153852184|+|1559" 
 [227] "N640|dum_3|115602778|115604264|+|1486"    
 [228] "N640|dum_3|115609503|115610991|+|1488"    
 [229] "N640|dum_12|15229775|15231269|+|1494"     
 [230] "N640|dum_12|111173218|111174699|+|1481"   
 [231] "N640|dum_4|34105471|34106966|+|1495"      
 [232] "N640|dum_11|159215614|159217104|+|1490"   
 [233] "_R_N640|dum_10|156672428|156673602|+|1174"
 [234] "N640|dum_2|271786327|271787487|+|1160"    
 [235] "_R_N640|dum_5|135032931|135034264|+|1333" 
 [236] "_R_N640|dum_10|182051614|182053112|+|1498"
 [237] "_R_N640|dum_2|157858590|157860124|+|1534" 
 [238] "_R_N640|dum_12|23213958|23215459|+|1501"  
 [239] "_R_N640|dum_6|58888622|58890123|+|1501"   
 [240] "_R_N640|dum_2|92910072|92911573|+|1501"   
 [241] "N640|dum_2|109205363|109206859|+|1496"    
 [242] "N640|dum_2|109210908|109212408|+|1500"    
 [243] "_R_N640|dum_10|164717406|164718902|+|1496"
 [244] "N640|dum_1|251044691|251046189|+|1498"    
 [245] "N640|dum_4|217962658|217964161|+|1503"    
 [246] "N640|dum_4|227403637|227405138|+|1501"    
 [247] "N640|dum_1|2701457|2702958|+|1501"        
 [248] "N640|dum_7|106464071|106465572|+|1501"    
 [249] "N640|dum_3|112910616|112912109|+|1493"    
 [250] "N640|ten_1|196857497|196859000|+|1503"    
 [251] "N640|dum_9|1462556|1464057|+|1501"        
 [252] "N640|dum_8|134587623|134589124|+|1501"    
 [253] "N640|dum_2|269264974|269266480|+|1506"    
 [254] "N640|dum_5|59339098|59340604|+|1506"      
 [255] "N640|dum_1|280186042|280187544|+|1502"    
 [256] "N640|dum_2|77084344|77085842|+|1498"      
 [257] "_R_N640|dum_10|157583749|157585248|+|1499"
 [258] "N640|dum_1|114432928|114434458|+|1530"    
 [259] "N640|dum_7|136820231|136821727|+|1496"    
 [260] "_R_N640|dum_1|32730573|32732072|+|1499"   
 [261] "N640|dum_X2|155961270|155962769|+|1499"   
 [262] "N640|dum_11|152657346|152658840|+|1494"   
 [263] "_R_N640|dum_X1|127970691|127972190|+|1499"
 [264] "N640|dum_6|60257273|60258772|+|1499"      
 [265] "N640|dum_2|73011062|73012561|+|1499"      
 [266] "_R_N640|dum_11|55588659|55590158|+|1499"  
 [267] "_R_N640|dum_1|100870584|100872083|+|1499" 
 [268] "_R_N640|dum_7|174911514|174912785|+|1271" 
 [269] "_R_N640|dum_8|64182146|64183649|+|1503"   
 [270] "N640|dum_5|229653853|229655356|+|1503"    
 [271] "_R_N640|dum_8|113093056|113094552|+|1496" 
 [272] "_R_N640|dum_3|128663236|128664736|+|1500" 
 [273] "_R_N640|dum_7|198956538|198958034|+|1496" 
 [274] "_R_N640|dum_4|257031725|257032862|+|1137" 
 [275] "_R_N640|dum_11|30614246|30615751|+|1505"  
 [276] "_R_N640|dum_3|155560751|155562255|+|1504" 
 [277] "_R_N640|dum_2|163808447|163809951|+|1504" 
 [278] "N640|dum_3|149739946|149741450|+|1504"    
 [279] "_R_N640|dum_3|204691161|204692665|+|1504" 
 [280] "N640|dum_11|32266534|32268040|+|1506"     
 [281] "_R_N640|dum_X1|25262722|25264227|+|1505"  
 [282] "_R_N640|dum_2|248781863|248783361|+|1498" 
 [283] "_R_N640|dum_9|165288390|165289895|+|1505" 
 [284] "N640|dum_11|40071140|40072644|+|1504"     
 [285] "N640|dum_8|48885059|48886565|+|1506"      
 [286] "_R_N640|dum_6|182619438|182620939|+|1501" 
 [287] "N640|ten_7|36457869|36459270|+|1401"      
 [288] "_R_N640|dum_1|3101418|3102828|+|1410"     
 [289] "N640|ten_1|4633255|4634665|+|1410"        
 [290] "_R_N640|dum_4|23559423|23560827|+|1404"   
 [291] "N640|dum_4|26927791|26929200|+|1409"      
 [292] "N640|dum_2|283457627|283459041|+|1414"    
 [293] "N640|dum_4|96478498|96479908|+|1410"      
 [294] "N640|dum_X2|180708167|180709577|+|1410"   
 [295] "N640|dum_8|125627009|125628419|+|1410"    
 [296] "N640|dum_6|46906206|46907633|+|1427"      
 [297] "N640|ten_1|44028012|44029418|+|1406"      
 [298] "N640|dum_5|29924055|29925439|+|1384"      
 [299] "_R_N640|dum_6|228070074|228071485|+|1411" 
 [300] "_R_N640|dum_7|77749116|77750526|+|1410"   
 [301] "_R_N640|dum_1|160237104|160238515|+|1411" 
 [302] "N640|dum_6|20310634|20312050|+|1416"      
 [303] "N640|dum_2|133137507|133138918|+|1411"    
 [304] "_R_N640|ten_3|235872951|235874362|+|1411" 
 [305] "_R_N640|ten_3|27427353|27428764|+|1411"   
 [306] "N640|dum_2|157694380|157695791|+|1411"    
 [307] "N640|dum_2|41688041|41689452|+|1411"      
 [308] "_R_N640|ten_7|167246223|167247634|+|1411" 
 [309] "_R_N640|dum_7|124610079|124611495|+|1416" 
 [310] "_R_N640|ten_12|23050725|23052136|+|1411"  
 [311] "N640|ten_7|142366736|142368147|+|1411"    
 [312] "_R_N640|ten_12|23156603|23158013|+|1410"  
 [313] "N640|ten_7|142262995|142264338|+|1343"    
 [314] "_R_N640|ten_12|22946036|22947447|+|1411"  
 [315] "_R_N640|dum_5|130770307|130771718|+|1411" 
 [316] "_R_N640|dum_12|115148382|115149787|+|1405"
 [317] "_R_N640|dum_2|107543936|107545347|+|1411" 
 [318] "N640|ten_8|4266089|4267435|+|1346"        
 [319] "_R_N640|dum_X1|126295495|126296904|+|1409"
 [320] "N640|dum_9|99227144|99228553|+|1409"      
 [321] "_R_N640|dum_3|7028551|7029955|+|1404"     
 [322] "N640|dum_1|174966067|174967475|+|1408"    
 [323] "N640|dum_1|147877410|147878816|+|1406"    
 [324] "N640|ten_3|258726751|258727927|+|1176"    
 [325] "N640|dum_11|73691289|73692699|+|1410"     
 [326] "_R_N640|dum_6|222284448|222285858|+|1410" 
 [327] "_R_N640|dum_8|108071668|108073046|+|1378" 
 [328] "N640|dum_10|60155104|60156517|+|1413"     
 [329] "_R_N640|dum_11|140993998|140995407|+|1409"
 [330] "_R_N640|dum_1|51016569|51017974|+|1405"   
 [331] "_R_N640|dum_1|51022640|51024045|+|1405"   
 [332] "_R_N640|dum_1|51007446|51008851|+|1405"   
 [333] "_R_N640|dum_12|44405598|44407006|+|1408"  
 [334] "_R_N640|dum_10|83608029|83609437|+|1408"  
 [335] "N640|dum_10|135857725|135859133|+|1408"   
 [336] "_R_N640|dum_3|129567206|129568610|+|1404" 
 [337] "_R_N640|dum_4|239842787|239844197|+|1410" 
 [338] "N640|ten_7|31098199|31099609|+|1410"      
 [339] "N640|dum_11|47906167|47907577|+|1410"     
 [340] "N640|dum_2|205569746|205571156|+|1410"    
 [341] "N640|dum_11|165142639|165144049|+|1410"   
 [342] "_R_N640|dum_1|16937248|16938649|+|1401"   
 [343] "_R_N640|dum_1|241998644|242000055|+|1411" 
 [344] "_R_N640|dum_7|148395011|148396421|+|1410" 
 [345] "N640|dum_X2|14569887|14571296|+|1409"     
 [346] "N640|dum_6|95594198|95595607|+|1409"      
 [347] "_R_N640|dum_2|265559133|265560542|+|1409" 
 [348] "N640|dum_8|35445066|35446475|+|1409"      
 [349] "N640|dum_4|20863591|20865000|+|1409"      
 [350] "_R_N640|dum_1|7707731|7709140|+|1409"     
 [351] "_R_N640|dum_6|210825607|210827016|+|1409" 
 [352] "N640|dum_5|220444256|220445665|+|1409"    
 [353] "N640|dum_1|122659024|122660429|+|1405"    
 [354] "N640|dum_X1|171669157|171670562|+|1405"   
 [355] "_R_N640|dum_2|857728|859135|+|1407"       
 [356] "_R_N640|dum_11|126038331|126039831|+|1500"
 [357] "N640|dum_11|36320428|36321927|+|1499"     
 [358] "_R_N640|dum_1|268418860|268420355|+|1495" 
 [359] "_R_N640|dum_2|111937142|111938647|+|1505" 
 [360] "_R_N640|dum_12|12659158|12660654|+|1496"  
 [361] "_R_N640|ten_7|16188347|16189664|+|1317"   
 [362] "N640|dum_10|106833836|106835336|+|1500"   
 [363] "_R_N640|dum_2|278437363|278438897|+|1534" 
 [364] "_R_N640|dum_12|4555209|4556696|+|1487"    
 [365] "_R_N640|dum_3|104194491|104195995|+|1504" 
 [366] "_R_N640|dum_4|157909781|157911287|+|1506" 
 [367] "_R_N640|dum_4|30656169|30657688|+|1519"   
 [368] "N640|dum_6|156128195|156129701|+|1506"    
 [369] "N640|dum_12|4424119|4425621|+|1502"       
 [370] "N640|dum_2|152662306|152663808|+|1502"    
 [371] "N640|dum_1|256631294|256632780|+|1486"    
 [372] "_R_N640|dum_7|175913328|175914851|+|1523" 
 [373] "_R_N640|dum_8|111441916|111443415|+|1499" 
 [374] "_R_N640|dum_9|160878145|160879701|+|1556" 
 [375] "_R_N640|dum_2|20641127|20642627|+|1500"   
 [376] "N640|dum_4|244485381|244486881|+|1500"    
 [377] "_R_N640|dum_X2|87741227|87742725|+|1498"  
 [378] "_R_N640|dum_X2|87744292|87745790|+|1498"  
 [379] "_R_N640|dum_X2|87738161|87739660|+|1499"  
 [380] "N640|dum_10|182177326|182178824|+|1498"   
 [381] "N640|dum_11|46909574|46911071|+|1497"     
 [382] "N640|dum_11|46942898|46944395|+|1497"     
 [383] "N640|dum_4|241000097|241001598|+|1501"    
 [384] "_R_N640|dum_3|90434076|90435610|+|1534"   
 [385] "N640|dum_4|247896596|247898130|+|1534"    
 [386] "N640|dum_2|122212675|122214176|+|1501"    
 [387] "N640|dum_2|54859275|54860773|+|1498"      
 [388] "N640|dum_4|224124273|224125774|+|1501"    
 [389] "_R_N640|dum_8|190722212|190723711|+|1499" 
 [390] "N640|dum_3|211529258|211530759|+|1501"    
 [391] "_R_N640|dum_5|8291246|8292747|+|1501"     
 [392] "_R_N640|dum_4|138221496|138222997|+|1501" 
 [393] "N640|dum_9|79584347|79585848|+|1501"      
 [394] "N640|dum_4|261057499|261059006|+|1507"    
 [395] "_R_N640|dum_5|127763715|127765249|+|1534" 
 [396] "_R_N640|dum_1|173547050|173548551|+|1501" 
 [397] "_R_N640|dum_9|149129421|149130922|+|1501" 
 [398] "N640|dum_2|183414280|183415782|+|1502"    
 [399] "N640|dum_6|17528915|17530421|+|1506"      
 [400] "_R_N640|dum_1|50976862|50978358|+|1496"   
 [401] "_R_N640|dum_1|50992188|50993684|+|1496"   
 [402] "_R_N640|dum_1|51010465|51011961|+|1496"   
 [403] "_R_N640|dum_1|51025659|51027155|+|1496"   
 [404] "_R_N640|dum_1|51028711|51030207|+|1496"   
 [405] "_R_N640|dum_1|51031763|51033259|+|1496"   
 [406] "_R_N640|dum_1|51001342|51002838|+|1496"   
 [407] "_R_N640|dum_1|50979914|50981410|+|1496"   
 [408] "_R_N640|dum_1|51013517|51015013|+|1496"   
 [409] "_R_N640|dum_1|51019588|51021084|+|1496"   
 [410] "_R_N640|dum_1|50989136|50990632|+|1496"   
 [411] "_R_N640|dum_1|51040919|51042415|+|1496"   
 [412] "_R_N640|dum_1|51004394|51005890|+|1496"   
 [413] "_R_N640|dum_1|50973810|50975306|+|1496"   
 [414] "_R_N640|dum_1|50995240|50996735|+|1495"   
 [415] "_R_N640|dum_1|50998291|50999786|+|1495"   
 [416] "_R_N640|dum_1|51034815|51036311|+|1496"   
 [417] "_R_N640|dum_1|51037867|51039363|+|1496"   
 [418] "_R_N640|dum_1|50982966|50984462|+|1496"   
 [419] "_R_N640|dum_1|50970754|50972254|+|1500"   
 [420] "_R_N640|dum_6|14468670|14470169|+|1499"   
 [421] "N640|dum_8|154967234|154968735|+|1501"    
 [422] "N640|dum_11|46912625|46914126|+|1501"     
 [423] "_R_N640|dum_7|77038622|77040093|+|1471"   
 [424] "N640|dum_1|270924268|270925673|+|1405"    
 [425] "N640|dum_11|91808492|91810018|+|1526"     
 [426] "_R_N640|ten_11|78080653|78082181|+|1528"  
 [427] "_R_N640|ten_6|226177940|226179467|+|1527" 
 [428] "_R_N640|dum_2|86814633|86816145|+|1512"   
 [429] "N640|ten_3|240043782|240045072|+|1290"    
 [430] "N640|dum_8|76697648|76699175|+|1527"      
 [431] "_R_N640|dum_3|214561063|214562580|+|1517" 
 [432] "N640|dum_3|62587106|62588632|+|1526"      
 [433] "_R_N640|dum_3|195400539|195402066|+|1527" 
 [434] "_R_N640|dum_2|86148495|86150053|+|1558"   
 [435] "_R_N640|dum_11|42371608|42373134|+|1526"  
 [436] "_R_N640|dum_11|59402091|59403650|+|1559"  
 [437] "N640|dum_8|162439620|162441146|+|1526"    
 [438] "_R_N640|dum_5|64227214|64228740|+|1526"   
 [439] "N640|dum_12|103516681|103518244|+|1563"   
 [440] "N640|ten_3|254912250|254913823|+|1573"    
 [441] "_R_N640|dum_5|150668367|150669926|+|1559" 
 [442] "N640|ten_12|43573839|43575364|+|1525"     
 [443] "_R_N640|dum_11|37023647|37025231|+|1584"  
 [444] "N640|dum_5|8884759|8886318|+|1559"        
 [445] "N640|dum_6|44349952|44351511|+|1559"      
 [446] "_R_N640|dum_11|123930053|123931607|+|1554"
 [447] "_R_N640|dum_6|111531074|111532404|+|1330" 
 [448] "N640|dum_X2|110712479|110714001|+|1522"   
 [449] "N640|ten_6|174455427|174456991|+|1564"    
 [450] "_R_N640|dum_2|106262914|106264473|+|1559" 
 [451] "_R_N640|dum_8|106448170|106449661|+|1491" 
 [452] "_R_N640|dum_8|106453721|106455212|+|1491" 
 [453] "_R_N640|dum_9|131793030|131794589|+|1559" 
 [454] "N640|ten_9|135624441|135625930|+|1489"    
 [455] "N640|dum_12|32541510|32543001|+|1491"     
 [456] "N640|dum_7|112428896|112430385|+|1489"    
 [457] "_R_N640|dum_1|40578943|40580435|+|1492"   
 [458] "N640|dum_4|100851081|100852574|+|1493"    
 [459] "_R_N640|dum_2|115335538|115337031|+|1493" 
 [460] "N640|dum_5|163490463|163491953|+|1490"    
 [461] "N640|ten_10|137292793|137294286|+|1493"   
 [462] "N640|dum_6|176053993|176055486|+|1493"    
 [463] "N640|dum_3|24178485|24179974|+|1489"      
 [464] "N640|ten_3|20260205|20261694|+|1489"      
 [465] "_R_N640|dum_9|39531082|39532587|+|1505"   
 [466] "N640|ten_1|91680435|91681969|+|1534"      
 [467] "N640|dum_9|186016314|186017804|+|1490"    
 [468] "N640|ten_6|27540057|27541550|+|1493"      
 [469] "_R_N640|dum_11|152039692|152041185|+|1493"
 [470] "_R_N640|ten_11|18474324|18475823|+|1499"  
 [471] "N640|dum_10|56500426|56501919|+|1493"     
 [472] "_R_N640|dum_2|158078210|158079703|+|1493" 
 [473] "_R_N640|dum_7|188101109|188102612|+|1503" 
 [474] "N640|ten_7|18338647|18340142|+|1495"      
 [475] "N640|dum_4|243168471|243169967|+|1496"    
 [476] "_R_N640|ten_12|123258983|123260259|+|1276"
 [477] "_R_N640|dum_3|222992410|222993903|+|1493" 
 [478] "N640|dum_1|34249001|34250526|+|1525"      
 [479] "_R_N640|dum_2|64162262|64163758|+|1496"   
 [480] "N640|ten_5|86387775|86389301|+|1526"      
 [481] "N640|dum_9|60313010|60314533|+|1523"      
 [482] "_R_N640|dum_5|801805|803340|+|1535"       
 [483] "_R_N640|dum_5|144684379|144685913|+|1534" 
 [484] "_R_N640|ten_4|22674510|22676103|+|1593"   
 [485] "N640|dum_9|49430842|49432367|+|1525"      
 [486] "_R_N640|dum_1|134686442|134687916|+|1474" 
 [487] "N640|dum_2|256051109|256052688|+|1579"    
 [488] "_R_N640|dum_5|111680909|111682477|+|1568" 
 [489] "_R_N640|dum_X1|92890622|92892192|+|1570"  
 [490] "_R_N640|dum_8|165777362|165778928|+|1566" 
 [491] "N640|dum_6|146811426|146813006|+|1580"    
 [492] "N640|dum_3|94153944|94155519|+|1575"      
 [493] "N640|dum_6|176452716|176454296|+|1580"    
 [494] "N640|dum_6|176441299|176442717|+|1418"    
 [495] "_R_N640|dum_2|27725087|27726667|+|1580"   
 [496] "_R_N640|ten_1|130132255|130133833|+|1578" 
 [497] "_R_N640|dum_5|117909907|117911133|+|1226" 
 [498] "_R_N640|dum_4|162201202|162202784|+|1582" 
 [499] "_R_N640|dum_9|156697845|156699426|+|1581" 
 [500] "_R_N640|dum_3|264587521|264589102|+|1581" 
 [501] "_R_N640|dum_10|20846247|20847829|+|1582"  
 [502] "N640|dum_9|28817653|28819235|+|1582"      
 [503] "N640|dum_4|101417757|101419336|+|1579"    
 [504] "N640|dum_2|115344881|115346459|+|1578"    
 [505] "N640|dum_X2|80265480|80267059|+|1579"     
 [506] "_R_N640|dum_8|162442966|162444545|+|1579" 
 [507] "N640|dum_7|81895265|81896843|+|1578"      
 [508] "N640|dum_3|191714061|191715625|+|1564"    
 [509] "_R_N640|dum_2|272979964|272981540|+|1576" 
 [510] "N640|ten_2|259043088|259044667|+|1579"    
 [511] "_R_N640|dum_7|5582215|5583783|+|1568"     
 [512] "N640|dum_X2|200972848|200974427|+|1579"   
 [513] "N640|dum_11|29036827|29038405|+|1578"     
 [514] "N640|dum_11|32542764|32544341|+|1577"     
 [515] "_R_N640|dum_5|55756802|55758367|+|1565"   
 [516] "N640|dum_5|18606196|18607770|+|1574"      
 [517] "N640|ten_5|204002596|204004171|+|1575"    
 [518] "N640|dum_3|8481558|8483139|+|1581"        
 [519] "N640|ten_3|3994517|3996097|+|1580"        
 [520] "_R_N640|dum_4|92424619|92426195|+|1576"   
 [521] "_R_N640|dum_4|159764970|159766549|+|1579" 
 [522] "N640|dum_10|37793914|37795493|+|1579"     
 [523] "_R_N640|dum_6|136722366|136723947|+|1581" 
 [524] "N640|dum_10|56069383|56070962|+|1579"     
 [525] "_R_N640|dum_4|252126882|252128460|+|1578" 
 [526] "_R_N640|dum_1|160780389|160781969|+|1580" 
 [527] "_R_N640|dum_3|137356212|137357817|+|1605" 
 [528] "_R_N640|dum_10|148786215|148787794|+|1579"
 [529] "_R_N640|dum_12|36367863|36369442|+|1579"  
 [530] "_R_N640|ten_12|39648510|39650089|+|1579"  
 [531] "N640|dum_9|9950592|9952171|+|1579"        
 [532] "N640|dum_1|125919507|125921086|+|1579"    
 [533] "_R_N640|dum_7|49051615|49053194|+|1579"   
 [534] "N640|dum_3|106264364|106265943|+|1579"    
 [535] "_R_N640|dum_1|64440475|64442037|+|1562"   
 [536] "_R_N640|dum_4|253582869|253584448|+|1579" 
 [537] "_R_N640|ten_3|237452405|237453980|+|1575" 
 [538] "_R_N640|ten_4|65710272|65711851|+|1579"   
 [539] "N640|dum_4|161285664|161287243|+|1579"    
 [540] "_R_N640|dum_4|128416081|128417660|+|1579" 
 [541] "_R_N640|dum_4|128421709|128423284|+|1575" 
 [542] "N640|dum_8|183998445|184000023|+|1578"    
 [543] "N640|dum_10|65870316|65871895|+|1579"     
 [544] "_R_N640|dum_3|260732992|260734568|+|1576" 
 [545] "_R_N640|ten_3|262081424|262082772|+|1348" 
 [546] "N640|dum_9|125716623|125718187|+|1564"    
 [547] "N640|dum_2|93179712|93181289|+|1577"      
 [548] "N640|dum_2|116359131|116360709|+|1578"    
 [549] "N640|dum_3|193774452|193776030|+|1578"    
 [550] "_R_N640|dum_11|39684268|39685848|+|1580"  
 [551] "N640|ten_4|190450157|190451504|+|1347"    
 [552] "N640|dum_4|82106997|82108580|+|1583"      
 [553] "_R_N640|dum_4|82236848|82238428|+|1580"   
 [554] "N640|dum_5|152972262|152973842|+|1580"    
 [555] "N640|dum_4|115338916|115340498|+|1582"    
 [556] "_R_N640|ten_4|209012368|209013945|+|1577" 
 [557] "N640|dum_7|123009015|123010588|+|1573"    
 [558] "N640|ten_3|145554291|145555630|+|1339"    
 [559] "N640|ten_1|32481245|32482818|+|1573"      
 [560] "N640|dum_5|124630876|124632457|+|1581"    
 [561] "N640|dum_1|28166630|28168199|+|1569"      
 [562] "_R_N640|dum_6|204663141|204664719|+|1578" 
 [563] "N640|dum_1|13112898|13114474|+|1576"      
 [564] "_R_N640|dum_9|91486545|91488123|+|1578"   
 [565] "_R_N640|ten_10|53897044|53898632|+|1588"  
 [566] "_R_N640|ten_7|168180863|168182448|+|1585" 
 [567] "N640|dum_2|85619899|85621452|+|1553"      
 [568] "N640|dum_2|252942875|252944388|+|1513"    
 [569] "N640|ten_8|140622006|140623510|+|1504"    
 [570] "_R_N640|dum_12|90029088|90030453|+|1365"  
 [571] "_R_N640|ten_3|156066941|156068448|+|1507" 
 [572] "_R_N640|dum_3|122039416|122040917|+|1501" 
 [573] "_R_N640|ten_3|117012700|117014212|+|1512" 
 [574] "N640|ten_X1|29551505|29553006|+|1501"     
 [575] "N640|ten_7|40164422|40165874|+|1452"      
 [576] "_R_N640|dum_1|142605135|142606488|+|1353" 
 [577] "N640|dum_X2|194998172|194999703|+|1531"   
 [578] "N640|dum_5|73048207|73049682|+|1475"      
 [579] "N640|ten_5|156357923|156359425|+|1502"    
 [580] "_R_N640|dum_3|162977535|162979038|+|1503" 
 [581] "_R_N640|ten_7|122465247|122466790|+|1543" 
 [582] "N640|ten_2|105029666|105030937|+|1271"    
 [583] "N640|ten_9|114814666|114816137|+|1471"    
 [584] "_R_N640|ten_7|169716218|169717720|+|1502" 
 [585] "N640|dum_2|127710528|127712066|+|1538"    
 [586] "N640|dum_2|127705052|127706527|+|1475"    
 [587] "N640|ten_2|131212357|131213828|+|1471"    
 [588] "N640|dum_9|60376908|60378140|+|1232"      
 [589] "N640|dum_9|48750150|48751657|+|1507"      
 [590] "_R_N640|dum_11|102680742|102682261|+|1519"
 [591] "_R_N640|ten_11|85574095|85575605|+|1510"  
 [592] "_R_N640|ten_3|228161050|228162526|+|1476" 
 [593] "_R_N640|dum_7|194617028|194618412|+|1384" 
 [594] "_R_N640|ten_3|146723724|146725062|+|1338" 
 [595] "N640|ten_2|116937284|116938761|+|1477"    
 [596] "N640|dum_5|106867410|106868673|+|1263"    
 [597] "N640|dum_8|26028581|26030070|+|1489"      
 [598] "N640|ten_8|23312512|23314000|+|1488"      
 [599] "N640|dum_9|78888221|78889755|+|1534"      
 [600] "_R_N640|dum_4|105601745|105603298|+|1553" 
 [601] "_R_N640|ten_4|126262227|126263781|+|1554" 
 [602] "_R_N640|dum_1|264848882|264850210|+|1328" 
 [603] "_R_N640|dum_3|153737237|153738758|+|1521" 
 [604] "N640|dum_3|44687409|44688961|+|1552"      
 [605] "N640|ten_10|135168888|135170446|+|1558"   
 [606] "_R_N640|dum_12|66637107|66638650|+|1543"  
 [607] "_R_N640|ten_12|73372681|73374224|+|1543"  
 [608] "_R_N640|ten_1|180980900|180982167|+|1267" 
 [609] "_R_N640|ten_4|173071198|173072724|+|1526" 
 [610] "N640|ten_6|141822913|141824437|+|1524"    
 [611] "_R_N640|dum_8|186484898|186486421|+|1523" 
 [612] "_R_N640|dum_1|109199211|109200735|+|1524" 
 [613] "_R_N640|ten_1|103154403|103155929|+|1526" 
 [614] "_R_N640|dum_8|15248153|15249673|+|1520"   
 [615] "N640|ten_2|9056818|9058237|+|1419"        
 [616] "N640|dum_3|200716889|200718229|+|1340"    
 [617] "N640|dum_5|61985744|61987039|+|1295"      
 [618] "N640|dum_1|147490099|147491362|+|1263"    
 [619] "N640|ten_6|219440036|219441303|+|1267"    
 [620] "N640|dum_3|125462220|125463736|+|1516"    
 [621] "N640|ten_3|120504001|120505507|+|1506"    
 [622] "N640|dum_6|35273971|35275489|+|1518"      
 [623] "N640|ten_6|34606131|34607650|+|1519"      
 [624] "N640|ten_9|95670375|95671623|+|1248"      
 [625] "_R_N640|dum_1|201498028|201499531|+|1503" 
 [626] "_R_N640|ten_1|197467527|197469028|+|1501" 
 [627] "N640|dum_X1|99123051|99124548|+|1497"     
 [628] "N640|ten_X1|81480056|81481540|+|1484"     
 [629] "_R_N640|dum_4|136744747|136746049|+|1302" 
 [630] "N640|dum_3|48398918|48400424|+|1506"      
 [631] "_R_N640|ten_3|38991605|38993111|+|1506"   
 [632] "N640|dum_2|46024771|46026276|+|1505"      
 [633] "N640|ten_8|110209874|110211445|+|1571"    
 [634] "_R_N640|dum_1|98547087|98548624|+|1537"   
 [635] "_R_N640|ten_1|95820746|95822016|+|1270"   
 [636] "N640|ten_2|230253285|230254781|+|1496"    
 [637] "N640|dum_6|125923899|125925395|+|1496"    
 [638] "N640|ten_6|139880689|139882158|+|1469"    
 [639] "_R_N640|dum_7|105596930|105598205|+|1275" 
 [640] "_R_N640|dum_6|84316690|84318179|+|1489"   
 [641] "N640|ten_X2|81220425|81221958|+|1533"     
 [642] "_R_N640|ten_11|41791565|41793088|+|1523"  
 [643] "_R_N640|dum_X2|103743549|103745039|+|1490"
 [644] "_R_N640|ten_8|97447099|97448612|+|1513"   
 [645] "N640|ten_4|214894232|214895727|+|1495"    
 [646] "_R_N640|dum_5|150241193|150242695|+|1502" 
 [647] "N640|ten_5|90061233|90062501|+|1268"      
 [648] "_R_N640|dum_8|39642896|39644399|+|1503"   
 [649] "_R_N640|dum_3|277156804|277158371|+|1567" 
 [650] "N640|dum_X2|193193238|193194714|+|1476"   
 [651] "_R_N640|ten_X2|17761695|17763213|+|1518"  
 [652] "_R_N640|dum_1|197621768|197623315|+|1547" 
 [653] "_R_N640|dum_3|130154991|130156501|+|1510" 
 [654] "_R_N640|ten_10|173202413|173203927|+|1514"
 [655] "_R_N640|dum_8|9220489|9221989|+|1500"     
 [656] "N640|dum_8|60486345|60487889|+|1544"      
 [657] "N640|dum_2|251100909|251102423|+|1514"    
 [658] "_R_N640|dum_10|110816110|110817604|+|1494"
 [659] "_R_N640|dum_9|55615677|55617188|+|1511"   
 [660] "N640|ten_9|121408538|121409906|+|1368"    
 [661] "N640|dum_4|4159082|4160595|+|1513"        
 [662] "_R_N640|ten_3|211656869|211658383|+|1514" 
 [663] "N640|dum_2|79818073|79819575|+|1502"      
 [664] "_R_N640|dum_2|79823766|79825271|+|1505"   
 [665] "N640|dum_8|63321785|63323291|+|1506"      
 [666] "N640|dum_1|273330208|273331709|+|1501"    
 [667] "N640|dum_7|52380685|52382020|+|1335"      
 [668] "N640|dum_6|135217614|135219112|+|1498"    
 [669] "_R_N640|dum_7|125905732|125907234|+|1502" 
 [670] "N640|dum_4|125534793|125536298|+|1505"    
 [671] "_R_N640|dum_5|36502592|36504094|+|1502"   
 [672] "N640|ten_5|189196987|189198487|+|1500"    
 [673] "N640|ten_11|48988066|48989544|+|1478"     
 [674] "_R_N640|dum_3|102138751|102140240|+|1489" 
 [675] "N640|dum_4|237245452|237246942|+|1490"    
 [676] "N640|dum_11|4872332|4873856|+|1524"       
 [677] "N640|dum_3|265648225|265649698|+|1473"    
 [678] "_R_N640|dum_4|134707539|134709031|+|1492" 
 [679] "N640|dum_7|58563538|58565030|+|1492"      
 [680] "_R_N640|dum_5|692456|693948|+|1492"       
 [681] "_R_N640|dum_10|21549064|21550556|+|1492"  
 [682] "N640|dum_5|144575677|144577169|+|1492"    
 [683] "_R_N640|dum_7|209599819|209601310|+|1491" 
 [684] "N640|dum_5|173468606|173470121|+|1515"    
 [685] "_R_N640|dum_5|168597429|168598945|+|1516" 
 [686] "N640|dum_2|84741078|84742582|+|1504"      
 [687] "_R_N640|dum_4|536357|537872|+|1515"       
 [688] "N640|dum_5|67209120|67210635|+|1515"      
 [689] "_R_N640|dum_5|68713086|68714601|+|1515"   
 [690] "_R_N640|dum_5|26454548|26456076|+|1528"   
 [691] "_R_N640|dum_X1|2826066|2827544|+|1478"    
 [692] "_R_N640|dum_7|96743254|96744737|+|1483"   
 [693] "N640|ten_7|104942888|104944388|+|1500"    
 [694] "N640|dum_5|88391010|88392555|+|1545"      
 [695] "N640|dum_5|88394181|88395727|+|1546"      
 [696] "_R_N640|dum_X2|100820754|100822163|+|1409"
 [697] "_R_N640|dum_1|251027531|251028959|+|1428" 
 [698] "_R_N640|dum_1|251017772|251019200|+|1428" 
 [699] "_R_N640|dum_1|251008011|251009439|+|1428" 
 [700] "_R_N640|dum_1|250998214|250999721|+|1507" 
 [701] "_R_N640|ten_2|111622212|111623722|+|1510" 
 [702] "_R_N640|ten_2|111633589|111635099|+|1510" 
 [703] "_R_N640|dum_6|181958149|181959663|+|1514" 
 [704] "N640|dum_X1|10037645|10039159|+|1514"     
 [705] "_R_N640|dum_2|28208335|28209848|+|1513"   
 [706] "N640|ten_4|186674186|186675693|+|1507"    
 [707] "N640|dum_2|265551401|265552664|+|1263"    
 [708] "N640|dum_8|25240217|25241637|+|1420"      
 [709] "_R_N640|ten_X2|33276962|33278511|+|1549"  
 [710] "N640|dum_4|40262329|40263534|+|1205"      
 [711] "N640|dum_5|60472379|60473872|+|1493"      
 [712] "N640|ten_4|169560099|169561619|+|1520"    
 [713] "_R_N640|dum_5|76748279|76749582|+|1303"   
 [714] "N640|ten_5|153555074|153556587|+|1513"    
 [715] "_R_N640|ten_8|138216528|138218062|+|1534" 
 [716] "_R_N640|dum_7|34206274|34207786|+|1512"   
 [717] "N640|ten_7|162796320|162797553|+|1233"    
 [718] "_R_N640|dum_12|102632402|102633894|+|1492"
 [719] "_R_N640|ten_12|68396537|68398060|+|1523"  
 [720] "_R_N640|dum_5|132753980|132755506|+|1526" 
 [721] "_R_N640|dum_5|132812544|132814070|+|1526" 
 [722] "N640|dum_11|29118822|29120349|+|1527"     
 [723] "N640|dum_11|22224572|22226098|+|1526"     
 [724] "N640|dum_11|36521378|36522904|+|1526"     
 [725] "_R_N640|dum_2|196094843|196096368|+|1525" 
 [726] "N640|dum_11|32546318|32547844|+|1526"     
 [727] "N640|dum_11|32451795|32453321|+|1526"     
 [728] "N640|dum_9|168845449|168846975|+|1526"    
 [729] "_R_N640|dum_2|196050491|196052016|+|1525" 
 [730] "_R_N640|dum_2|196053993|196055518|+|1525" 
 [731] "_R_N640|ten_5|212524393|212525919|+|1526" 
 [732] "_R_N640|dum_5|55666858|55668383|+|1525"   
 [733] "_R_N640|dum_5|55753293|55754821|+|1528"   
 [734] "N640|dum_11|29064637|29066163|+|1526"     
 [735] "N640|dum_11|29040382|29041908|+|1526"     
 [736] "_R_N640|ten_2|160440290|160441816|+|1526" 
 [737] "N640|ten_9|169046032|169047558|+|1526"    
 [738] "_R_N640|ten_11|6376006|6377531|+|1525"    
 [739] "_R_N640|ten_11|5950673|5952198|+|1525"    
 [740] "_R_N640|ten_11|6009936|6011461|+|1525"    
 [741] "N640|dum_9|168880580|168882105|+|1525"    
 [742] "N640|dum_7|100965992|100967513|+|1521"    
 [743] "N640|ten_11|5561085|5562561|+|1476"       
 [744] "_R_N640|ten_2|160679899|160681393|+|1494" 
 [745] "N640|dum_2|36104384|36105907|+|1523"      
 [746] "_R_N640|ten_8|86798050|86799576|+|1526"   
 [747] "_R_N640|dum_6|83754070|83755596|+|1526"   
 [748] "N640|ten_5|65200160|65201682|+|1522"      
 [749] "_R_N640|ten_2|78163255|78164764|+|1509"   
 [750] "_R_N640|dum_6|79725222|79726777|+|1555"   
 [751] "_R_N640|dum_X1|139642111|139643673|+|1562"
 [752] "_R_N640|ten_X1|124607774|124609343|+|1569"
 [753] "N640|dum_2|82102535|82103869|+|1334"      
 [754] "N640|ten_2|87102233|87103567|+|1334"      
 [755] "_R_N640|dum_1|187127618|187129153|+|1535" 
 [756] "_R_N640|ten_1|183455594|183457133|+|1539" 
 [757] "_R_N640|dum_9|39055071|39056640|+|1569"   
 [758] "N640|ten_1|31001148|31002731|+|1583"      
 [759] "N640|dum_10|35969706|35971277|+|1571"     
 [760] "_R_N640|ten_6|53225087|53226658|+|1571"   
 [761] "_R_N640|ten_2|12654781|12656350|+|1569"   
 [762] "_R_N640|dum_8|54462981|54464564|+|1583"   
 [763] "_R_N640|dum_4|31036149|31037725|+|1576"   
 [764] "N640|ten_1|205408961|205410531|+|1570"    
 [765] "N640|ten_10|49298004|49299571|+|1567"     
 [766] "N640|dum_1|14657989|14659560|+|1571"      
 [767] "N640|ten_1|13617033|13618604|+|1571"      
 [768] "N640|dum_9|121128040|121129626|+|1586"    
 [769] "_R_N640|dum_10|135985638|135987201|+|1563"
 [770] "N640|dum_4|116104043|116105601|+|1558"    
 [771] "N640|dum_2|153040011|153041583|+|1572"    
 [772] "N640|ten_1|237870986|237872559|+|1573"    
 [773] "N640|ten_5|58622071|58623401|+|1330"      
 [774] "N640|dum_5|161077976|161079548|+|1572"    
 [775] "_R_N640|ten_5|78637951|78639525|+|1574"   
 [776] "N640|dum_1|291043799|291045373|+|1574"    
 [777] "N640|dum_3|143588245|143589817|+|1572"    
 [778] "_R_N640|dum_7|110185920|110187496|+|1576" 
 [779] "_R_N640|dum_9|33073512|33075087|+|1575"   
 [780] "_R_N640|dum_6|129009346|129010921|+|1575" 
 [781] "_R_N640|dum_8|112291308|112292639|+|1331" 
 [782] "_R_N640|ten_7|97959600|97960943|+|1343"   
 [783] "N640|dum_2|248181064|248182634|+|1570"    
 [784] "N640|dum_1|262792659|262794235|+|1576"    
 [785] "_R_N640|ten_5|42065674|42067005|+|1331"   
 [786] "N640|dum_5|187288518|187290093|+|1575"    
 [787] "_R_N640|ten_5|52571074|52572656|+|1582"   
 [788] "_R_N640|dum_5|135010927|135012502|+|1575" 
 [789] "N640|dum_7|147462811|147464385|+|1574"    
 [790] "N640|dum_9|147725280|147726830|+|1550"    
 [791] "_R_N640|ten_9|32382669|32384221|+|1552"   
 [792] "_R_N640|dum_10|171784663|171786230|+|1567"
 [793] "N640|dum_2|128125307|128126864|+|1557"    
 [794] "N640|dum_1|26314284|26315858|+|1574"      
 [795] "_R_N640|dum_5|128396174|128397736|+|1562" 
 [796] "N640|dum_1|220465443|220467018|+|1575"    
 [797] "N640|dum_5|204835407|204836981|+|1574"    
 [798] "N640|dum_1|209507617|209509191|+|1574"    
 [799] "_R_N640|ten_7|110028633|110030204|+|1571" 
 [800] "N640|ten_4|50197722|50199148|+|1426"      
 [801] "N640|dum_3|204809524|204810813|+|1289"    
 [802] "N640|dum_5|127354001|127355552|+|1551"    
 [803] "_R_N640|dum_1|256843227|256844545|+|1318" 
 [804] "_R_N640|ten_1|252030958|252032505|+|1547" 
 [805] "N640|ten_11|4662648|4664170|+|1522"       
 [806] "_R_N640|dum_3|114388746|114390260|+|1514" 
 [807] "N640|dum_12|115346784|115348308|+|1524"   
 [808] "N640|dum_X2|92263464|92265004|+|1540"     
 [809] "_R_N640|ten_X2|128149062|128150602|+|1540"
 [810] "N640|dum_X1|6205660|6206918|+|1258"       
 [811] "N640|dum_X1|11942090|11943603|+|1513"     
 [812] "N640|dum_1|276755933|276757478|+|1545"    
 [813] "_R_N640|dum_X1|238050390|238051922|+|1532"
 [814] "_R_N640|dum_1|140385964|140387498|+|1534" 
 [815] "_R_N640|ten_1|145114938|145116473|+|1535" 
 [816] "_R_N640|dum_2|210915679|210917211|+|1532" 
 [817] "_R_N640|dum_2|212069917|212071449|+|1532" 
 [818] "_R_N640|dum_1|192902019|192903271|+|1252" 
 [819] "_R_N640|ten_1|189697225|189698488|+|1263" 
 [820] "N640|dum_1|141116417|141117906|+|1489"    
 [821] "N640|ten_1|145878359|145879858|+|1499"    
 [822] "_R_N640|dum_1|139850463|139852031|+|1568" 
 [823] "N640|ten_7|127810481|127811995|+|1514"    
 [824] "N640|dum_7|10995186|10996387|+|1201"      
 [825] "N640|ten_12|28806653|28808161|+|1508"     
 [826] "N640|dum_X2|69107835|69109346|+|1511"     
 [827] "_R_N640|ten_4|76862250|76863770|+|1520"   
 [828] "N640|ten_12|88396900|88398409|+|1509"     
 [829] "_R_N640|dum_6|193254728|193256260|+|1532" 
 [830] "_R_N640|ten_6|203344588|203346130|+|1542" 
 [831] "_R_N640|dum_X2|122959927|122961490|+|1563"
 [832] "_R_N640|ten_X2|85779482|85781037|+|1555"  
 [833] "N640|dum_8|153201054|153202598|+|1544"    
 [834] "N640|ten_8|142074266|142075808|+|1542"    
 [835] "N640|dum_2|75317932|75319466|+|1534"      
 [836] "_R_N640|dum_3|164450580|164452102|+|1522" 
 [837] "N640|ten_11|15033678|15035201|+|1523"     
 [838] "N640|dum_2|84212480|84214004|+|1524"      
 [839] "_R_N640|ten_9|51290435|51291943|+|1508"   
 [840] "N640|dum_7|34297442|34298971|+|1529"      
 [841] "_R_N640|ten_7|162701636|162703166|+|1530" 
 [842] "N640|dum_6|71216547|71218026|+|1479"      
 [843] "_R_N640|ten_5|96194563|96195899|+|1336"   
 [844] "N640|dum_X2|29286651|29288219|+|1568"     
 [845] "_R_N640|ten_X2|188919280|188920847|+|1567"
 [846] "_R_N640|ten_10|45970749|45972307|+|1558"  
 [847] "N640|ten_6|148382686|148384251|+|1565"    
 [848] "N640|dum_2|118086530|118088023|+|1493"    
 [849] "_R_N640|sar_9|30445972|30447222|+|1250"   
 [850] "_R_N640|dum_4|85085274|85086551|+|1277"   
 [851] "N640|ten_4|146574098|146575375|+|1277"    
 [852] "_R_N640|ten_4|198031192|198032424|+|1232" 
 [853] "N640|dum_1|279461461|279462892|+|1431"    
 [854] "_R_N640|ten_1|202913757|202915177|+|1420" 
 [855] "_R_N640|dum_2|257451559|257453082|+|1523" 
 [856] "_R_N640|ten_4|125755417|125756944|+|1527" 
 [857] "_R_N640|ten_X2|95271554|95272943|+|1389"  
 [858] "_R_N640|dum_X2|37453446|37454911|+|1465"  
 [859] "N640|ten_X2|180632551|180634048|+|1497"   
 [860] "_R_N640|dum_X2|73219600|73221062|+|1462"  
 [861] "N640|ten_X2|147253885|147255118|+|1233"   
 [862] "_R_N640|ten_12|138102945|138104045|+|1100"
 [863] "_R_N640|ten_12|138628049|138629182|+|1133"
 [864] "_R_N640|dum_1|183961469|183962985|+|1516" 
 [865] "_R_N640|ten_1|180127853|180129286|+|1433" 
 [866] "_R_N640|dum_3|138192067|138193429|+|1362" 
 [867] "_R_N640|ten_3|132626006|132627368|+|1362" 
 [868] "_R_N640|ten_8|48583558|48585041|+|1483"   
 [869] "N640|dum_2|164639214|164640408|+|1194"    
 [870] "N640|ten_2|166393361|166394603|+|1242"    
 [871] "_R_N640|ten_3|159580650|159582156|+|1506" 
 [872] "N640|ten_5|52794586|52795833|+|1247"      
 [873] "_R_N640|dum_1|116463121|116464577|+|1456" 
 [874] "_R_N640|ten_1|110872818|110874291|+|1473" 
 [875] "N640|ten_2|77243516|77244738|+|1222"      
 [876] "N640|dum_10|98818789|98820357|+|1568"     
 [877] "N640|ten_7|72936250|72937775|+|1525"      
 [878] "_R_N640|dum_6|73744415|73745938|+|1523"   
 [879] "N640|ten_4|119419663|119421194|+|1531"    
 [880] "N640|ten_3|189172424|189173815|+|1391"    
 [881] "N640|dum_1|137138056|137139463|+|1407"    
 [882] "_R_N640|dum_1|101724462|101725855|+|1393" 
 [883] "_R_N640|ten_2|230346977|230348387|+|1410" 
 [884] "_R_N640|ten_8|152909890|152911302|+|1412" 
 [885] "_R_N640|dum_11|60050520|60051910|+|1390"  
 [886] "N640|dum_5|201937080|201938467|+|1387"    
 [887] "N640|ten_1|95624693|95626084|+|1391"      
 [888] "_R_N640|dum_7|34751799|34753191|+|1392"   
 [889] "N640|dum_5|160856271|160857664|+|1393"    
 [890] "_R_N640|dum_3|127612362|127613774|+|1412" 
 [891] "_R_N640|ten_3|117460309|117461700|+|1391" 
 [892] "N640|dum_1|12281065|12282173|+|1108"      
 [893] "N640|dum_3|190697213|190698604|+|1391"    
 [894] "N640|dum_7|89482409|89483800|+|1391"      
 [895] "_R_N640|dum_3|24192017|24193407|+|1390"   
 [896] "N640|dum_6|22436729|22438119|+|1390"      
 [897] "_R_N640|dum_6|73796796|73798187|+|1391"   
 [898] "N640|dum_11|7299866|7301260|+|1394"       
 [899] "_R_N640|dum_2|229643357|229644753|+|1396" 
 [900] "N640|dum_1|273476278|273477671|+|1393"    
 [901] "_R_N640|dum_6|13835558|13836951|+|1393"   
 [902] "_R_N640|dum_1|112286429|112287822|+|1393" 
 [903] "_R_N640|dum_8|32388803|32390199|+|1396"   
 [904] "_R_N640|dum_9|17607761|17609151|+|1390"   
 [905] "N640|dum_10|49136654|49138050|+|1396"     
 [906] "N640|dum_2|19234236|19235626|+|1390"      
 [907] "N640|dum_10|145658424|145659848|+|1424"   
 [908] "_R_N640|dum_3|235333168|235334562|+|1394" 
 [909] "N640|dum_10|85047262|85048673|+|1411"     
 [910] "_R_N640|dum_3|262124077|262125472|+|1395" 
 [911] "_R_N640|dum_2|177447708|177449119|+|1411" 
 [912] "_R_N640|ten_4|176332506|176333900|+|1394" 
 [913] "_R_N640|dum_4|224125955|224127166|+|1211" 
 [914] "_R_N640|ten_4|59943255|59944649|+|1394"   
 [915] "_R_N640|dum_7|132254328|132255711|+|1383" 
 [916] "_R_N640|ten_3|133159638|133161031|+|1393" 
 [917] "_R_N640|ten_6|174003292|174004701|+|1409" 
 [918] "_R_N640|ten_2|176245495|176246888|+|1393" 
 [919] "N640|dum_7|197172380|197173775|+|1395"    
 [920] "N640|dum_6|22847365|22848779|+|1414"      
 [921] "N640|ten_2|220925939|220927311|+|1372"    
 [922] "N640|ten_4|119137437|119138799|+|1362"    
 [923] "N640|dum_12|83441396|83442813|+|1417"     
 [924] "_R_N640|dum_X2|69853888|69855281|+|1393"  
 [925] "N640|ten_2|5629396|5630698|+|1302"        
 [926] "N640|dum_6|73432702|73434096|+|1394"      
 [927] "N640|dum_X1|100540474|100541884|+|1410"   
 [928] "_R_N640|dum_8|50139698|50141091|+|1393"   
 [929] "_R_N640|dum_4|134623713|134625105|+|1392" 
 [930] "N640|dum_7|58647281|58648673|+|1392"      
 [931] "N640|dum_5|68037764|68039155|+|1391"      
 [932] "N640|dum_5|146189439|146190832|+|1393"    
 [933] "N640|dum_X2|186060962|186062360|+|1398"   
 [934] "_R_N640|dum_2|263971992|263973405|+|1413" 
 [935] "N640|ten_9|77196908|77198298|+|1390"      
 [936] "_R_N640|dum_8|3140408|3141798|+|1390"     
 [937] "_R_N640|dum_1|40009904|40011295|+|1391"   
 [938] "N640|ten_3|212732672|212734071|+|1399"    
 [939] "_R_N640|ten_4|165189503|165190631|+|1128" 
 [940] "N640|ten_12|62367739|62369130|+|1391"     
 [941] "N640|ten_12|85967036|85968428|+|1392"     
 [942] "N640|ten_3|87031532|87032738|+|1206"      
 [943] "N640|ten_10|4458130|4459521|+|1391"       
 [944] "_R_N640|ten_X1|142016968|142018358|+|1390"
 [945] "N640|ten_2|209341370|209342759|+|1389"    
 [946] "N640|ten_9|71910865|71912254|+|1389"      
 [947] "_R_N640|dum_1|114466140|114467532|+|1392" 
 [948] "N640|dum_6|125409508|125410899|+|1391"    
 [949] "_R_N640|dum_1|257180560|257181953|+|1393" 
 [950] "_R_N640|dum_11|95063636|95065024|+|1388"  
 [951] "_R_N640|dum_5|81460462|81461853|+|1391"   
 [952] "_R_N640|dum_X2|3247566|3248978|+|1412"    
 [953] "N640|ten_8|79282651|79284041|+|1390"      
 [954] "N640|dum_4|175035462|175036852|+|1390"    
 [955] "_R_N640|dum_10|119388843|119390220|+|1377"
 [956] "_R_N640|ten_5|197678121|197679529|+|1408" 
 [957] "N640|dum_3|199260409|199261800|+|1391"    
 [958] "N640|dum_1|267908167|267909570|+|1403"    
 [959] "N640|dum_3|15490356|15491851|+|1495"      
 [960] "N640|dum_11|39821573|39823051|+|1478"     
 [961] "N640|dum_2|207484062|207485423|+|1361"    
 [962] "_R_N640|dum_3|232723232|232724610|+|1378" 
 [963] "_R_N640|dum_12|80170374|80171761|+|1387"  
 [964] "N640|ten_1|183125929|183127319|+|1390"    
 [965] "N640|dum_6|85532242|85533491|+|1249"      
 [966] "_R_N640|ten_1|179213791|179215180|+|1389" 
 [967] "_R_N640|dum_4|65681396|65682789|+|1393"   
 [968] "N640|dum_4|47743371|47744873|+|1502"      
 [969] "N640|dum_1|157719740|157721133|+|1393"    
 [970] "_R_N640|dum_12|26105015|26106406|+|1391"  
 [971] "_R_N640|dum_10|170148067|170149479|+|1412"
 [972] "_R_N640|dum_8|42445171|42446588|+|1417"   
 [973] "N640|dum_1|55232220|55233631|+|1411"      
 [974] "_R_N640|dum_2|61182772|61184183|+|1411"   
 [975] "N640|dum_X2|88726420|88727837|+|1417"     
 [976] "N640|ten_6|22169215|22170369|+|1154"      
 [977] "N640|ten_6|22170583|22171759|+|1176"      
 [978] "_R_N640|ten_3|145764991|145766382|+|1391" 
 [979] "N640|ten_1|136438783|136440171|+|1388"    
 [980] "N640|ten_1|21382728|21384119|+|1391"      
 [981] "_R_N640|dum_8|162194301|162195694|+|1393" 
 [982] "_R_N640|dum_X1|204607902|204609297|+|1395"
 [983] "_R_N640|ten_9|805127|806517|+|1390"       
 [984] "_R_N640|dum_3|168565251|168566650|+|1399" 
 [985] "N640|ten_4|31358970|31360109|+|1139"      
 [986] "N640|dum_X2|88340845|88342266|+|1421"     
 [987] "_R_N640|ten_X2|132443844|132445263|+|1419"
 [988] "_R_N640|dum_X2|26759903|26761407|+|1504"  
 [989] "N640|ten_X2|192015268|192016770|+|1502"   
 [990] "N640|dum_6|91889894|91891314|+|1420"      
 [991] "N640|ten_8|73731111|73732571|+|1460"      
 [992] "N640|dum_7|62788121|62789665|+|1544"      
 [993] "_R_N640|ten_7|141508014|141509307|+|1293" 
 [994] "N640|dum_2|161855624|161856999|+|1375"    
 [995] "N640|ten_2|163727892|163729274|+|1382"    
 [996] "_R_N640|dum_2|62204868|62206268|+|1400"   
 [997] "_R_N640|ten_2|65652267|65653667|+|1400"   
 [998] "N640|dum_2|223600728|223602140|+|1412"    
 [999] "_R_N640|ten_2|212803693|212804834|+|1141" 
[1000] "N640|ten_2|225006534|225007809|+|1275"    
[1001] "_R_N640|dum_1|186595019|186596314|+|1295" 
[1002] "_R_N640|ten_1|182876312|182877609|+|1297" 
[1003] "_R_N640|dum_11|35465659|35467182|+|1523"  
[1004] "N640|dum_11|38812004|38813528|+|1524"     
[1005] "N640|dum_10|10712966|10714464|+|1498"     
[1006] "_R_N640|dum_2|195323041|195324262|+|1221" 
[1007] "_R_N640|dum_X1|241960168|241961653|+|1485"
[1008] "_R_N640|dum_X2|76716375|76717772|+|1397"  
[1009] "N640|dum_3|130145208|130146662|+|1454"    
[1010] "N640|ten_X2|179853376|179854661|+|1285"   
[1011] "_R_N640|dum_10|124117129|124118534|+|1405"
[1012] "N640|dum_X1|255287732|255289138|+|1406"   
[1013] "N640|dum_4|167335090|167336217|+|1127"    
[1014] "N640|dum_12|37392959|37394453|+|1494"     
[1015] "N640|ten_12|40756822|40758281|+|1459"     
[1016] "_R_N640|dum_7|15350893|15352406|+|1513"   
[1017] "N640|ten_7|178511328|178512836|+|1508"    
[1018] "N640|dum_3|279018761|279020201|+|1440"    
[1019] "N640|ten_3|280229365|280230820|+|1455"    
[1020] "_R_N640|dum_X1|18489935|18491419|+|1484"  
[1021] "N640|ten_X1|10594684|10596169|+|1485"     
[1022] "N640|dum_5|178145219|178146481|+|1262"    
[1023] "_R_N640|ten_5|61504997|61506300|+|1303"   
[1024] "N640|dum_8|42684152|42685716|+|1564"      
[1025] "N640|ten_8|38563863|38565428|+|1565"      
[1026] "N640|dum_9|174009882|174011400|+|1518"    
[1027] "N640|ten_9|11662461|11663980|+|1519"      
[1028] "N640|ten_8|21798701|21800227|+|1526"      
[1029] "N640|dum_11|133240547|133242067|+|1520"   
[1030] "N640|ten_11|56952682|56954213|+|1531"     
[1031] "N640|dum_7|97498386|97499669|+|1283"      
[1032] "_R_N640|ten_7|104210565|104212102|+|1537" 
[1033] "_R_N640|dum_X2|87178254|87179820|+|1566"  
[1034] "N640|ten_X2|133515848|133517415|+|1567"   
[1035] "N640|dum_X1|186046242|186047784|+|1542"   
[1036] "_R_N640|dum_12|83990097|83991360|+|1263"  
[1037] "_R_N640|ten_12|90533066|90534516|+|1450"  
[1038] "N640|dum_10|175946989|175948486|+|1497"   
[1039] "_R_N640|dum_X1|82612872|82614378|+|1506"  
[1040] "N640|ten_8|64215060|64216500|+|1440"      
[1041] "_R_N640|ten_X1|103526832|103528085|+|1253"
[1042] "_R_N640|dum_10|146409627|146411219|+|1592"
[1043] "N640|ten_10|140879974|140881566|+|1592"   
[1044] "N640|ten_10|140876702|140878282|+|1580"   
[1045] "_R_N640|ten_12|124181217|124182795|+|1578"
[1046] "_R_N640|ten_X1|235306159|235307701|+|1542"
[1047] "_R_N640|dum_7|75472750|75474042|+|1292"   
[1048] "N640|ten_7|127328444|127329744|+|1300"    
[1049] "N640|dum_X1|172102297|172103851|+|1554"   
[1050] "N640|dum_X2|40258772|40260309|+|1537"     
[1051] "_R_N640|ten_X2|177837701|177839242|+|1541"
[1052] "_R_N640|dum_8|71689111|71690410|+|1299"   
[1053] "_R_N640|ten_8|65717309|65718593|+|1284"   
[1054] "N640|ten_5|112787688|112788926|+|1238"    
[1055] "_R_N640|dum_5|178431588|178433116|+|1528" 
[1056] "N640|ten_5|61269458|61270986|+|1528"      
[1057] "N640|ten_3|187719743|187721253|+|1510"    
[1058] "_R_N640|dum_1|87169162|87170660|+|1498"   
[1059] "N640|dum_2|129831647|129833024|+|1377"    
[1060] "_R_N640|ten_1|206809469|206810765|+|1296" 
[1061] "_R_N640|dum_1|171602005|171603521|+|1516" 
[1062] "_R_N640|ten_1|165226974|165228490|+|1516" 
[1063] "_R_N640|dum_12|69514202|69515624|+|1422"  
[1064] "_R_N640|ten_12|76009434|76010815|+|1381"  
[1065] "N640|dum_10|181172268|181173834|+|1566"   
[1066] "_R_N640|ten_10|159227844|159229393|+|1549"
[1067] "_R_N640|dum_3|180758406|180759922|+|1516" 
[1068] "_R_N640|dum_1|124363274|124364483|+|1209" 
[1069] "_R_N640|ten_1|118878722|118879927|+|1205" 
[1070] "_R_N640|dum_2|26846287|26847706|+|1419"   
[1071] "N640|dum_5|138045345|138046844|+|1499"    
[1072] "_R_N640|ten_5|98152679|98154173|+|1494"   
[1073] "_R_N640|ten_1|95728940|95730330|+|1390"   
[1074] "_R_N640|dum_2|246992801|246994072|+|1271" 
[1075] "N640|dum_8|102920908|102922417|+|1509"    
[1076] "N640|dum_4|89853832|89855375|+|1543"      
[1077] "_R_N640|ten_4|141821664|141823205|+|1541" 
[1078] "_R_N640|ten_7|130543071|130544356|+|1285" 
[1079] "_R_N640|dum_5|197485289|197486732|+|1443" 
[1080] "N640|ten_5|42752269|42753754|+|1485"      
[1081] "N640|dum_9|63616268|63617616|+|1348"      
[1082] "N640|dum_1|4426296|4427816|+|1520"        
[1083] "_R_N640|ten_1|3318845|3320321|+|1476"     
[1084] "N640|dum_2|181697306|181698867|+|1561"    
[1085] "N640|dum_6|166641635|166643137|+|1502"    
[1086] "N640|ten_6|177035679|177037180|+|1501"    
[1087] "_R_N640|dum_9|124333238|124334712|+|1474" 
[1088] "N640|dum_11|122667247|122668782|+|1535"   
[1089] "_R_N640|ten_1|172962043|172963244|+|1201" 
[1090] "_R_N640|dum_X2|50775363|50776551|+|1188"  
[1091] "_R_N640|ten_X2|173995777|173997292|+|1515"
[1092] "_R_N640|dum_2|278030117|278031376|+|1259" 
[1093] "_R_N640|bic_X2|98905599|98906943|+|1344"  
[1094] "N640|ten_X1|98733421|98734919|+|1498"     
[1095] "_R_N640|bic_8|124056752|124058005|+|1253" 
[1096] "N640|sar_8|104834697|104835954|+|1257"    
[1097] "_R_N640|sar_14|37277096|37278333|+|1237"  
[1098] "N640|ten_7|52592940|52594140|+|1200"      
[1099] "N640|dum_3|180920686|180921858|+|1172"    
[1100] "_R_N640|dum_4|182529277|182530394|+|1117" 
[1101] "N640|ten_4|59703256|59704789|+|1533"      
[1102] "_R_N640|ten_1|115433926|115435437|+|1511" 
[1103] "N640|dum_4|158047741|158049213|+|1472"    
[1104] "_R_N640|ten_4|73713881|73715353|+|1472"   
[1105] "N640|dum_1|88673030|88674526|+|1496"      
[1106] "_R_N640|dum_8|48016867|48018344|+|1477"   
[1107] "_R_N640|ten_8|42982281|42983761|+|1480"   
[1108] "_R_N640|dum_2|5086754|5088232|+|1478"     
[1109] "_R_N640|dum_3|115536783|115537911|+|1128" 
[1110] "_R_N640|ten_3|110492508|110493636|+|1128" 
[1111] "N640|dum_X1|259462384|259463509|+|1125"   
[1112] "N640|ten_X1|237691285|237692410|+|1125"   
[1113] "N640|dum_3|276938954|276940226|+|1272"    
[1114] "N640|ten_3|278367095|278368367|+|1272"    
[1115] "N640|bic_11|104458229|104459714|+|1485"   
[1116] "_R_N640|sar_11|112795483|112797007|+|1524"
[1117] "N640|sar_12|67414809|67415929|+|1120"     
[1118] "_R_N640|dum_1|69092400|69093978|+|1578"   
[1119] "_R_N640|ten_1|67128671|67130252|+|1581"   
[1120] "_R_N640|dum_9|52720725|52722279|+|1554"   
[1121] "N640|ten_9|123813484|123815038|+|1554"    
[1122] "N640|dum_X1|109761675|109763252|+|1577"   
[1123] "N640|ten_X1|92433685|92435263|+|1578"     
[1124] "N640|dum_10|149360231|149361542|+|1311"   
[1125] "_R_N640|ten_10|138001488|138002795|+|1307"
[1126] "N640|dum_7|46164360|46165933|+|1573"      
[1127] "N640|ten_7|153103698|153105270|+|1572"    
[1128] "_R_N640|bic_10|131350290|131351474|+|1184"
[1129] "N640|dum_4|58430745|58432269|+|1524"      
[1130] "N640|dum_4|58438802|58440326|+|1524"      
[1131] "_R_N640|ten_4|171832930|171834454|+|1524" 
[1132] "_R_N640|ten_X2|59486321|59487733|+|1412"  
[1133] "N640|ten_1|239686377|239687497|+|1120"    
[1134] "_R_N640|bic_11|100528695|100530214|+|1519"
[1135] "N640|sar_11|116676982|116678516|+|1534"   
[1136] "N640|bic_9|182959027|182960140|+|1113"    
[1137] "N640|dum_6|48754967|48756156|+|1189"      
[1138] "N640|ten_6|59112961|59114178|+|1217"      
[1139] "_R_N640|dum_12|16330259|16331774|+|1515"  
[1140] "N640|ten_12|16721954|16723443|+|1489"     
[1141] "N640|dum_8|35739590|35740939|+|1349"      
[1142] "_R_N640|dum_10|166943995|166945481|+|1486"
[1143] "_R_N640|dum_5|158442186|158443668|+|1482" 
[1144] "_R_N640|dum_1|230230003|230231489|+|1486" 
[1145] "N640|dum_2|210165195|210166681|+|1486"    
[1146] "N640|dum_1|231716309|231717795|+|1486"    
[1147] "_R_N640|dum_10|613230|614716|+|1486"      
[1148] "N640|dum_6|2055054|2056538|+|1484"        
[1149] "_R_N640|dum_2|182876231|182877697|+|1466" 
[1150] "_R_N640|dum_11|62767613|62769102|+|1489"  
[1151] "_R_N640|dum_11|63523279|63524770|+|1491"  
[1152] "N640|dum_11|61417802|61419273|+|1471"     
[1153] "_R_N640|dum_11|61528397|61529819|+|1422"  
[1154] "N640|dum_7|203522802|203524260|+|1458"    
[1155] "N640|ten_7|13875612|13877099|+|1487"      
[1156] "_R_N640|dum_7|111233194|111234389|+|1195" 
[1157] "_R_N640|dum_2|107542084|107543534|+|1450" 
[1158] "N640|ten_1|174246479|174247768|+|1289"    
[1159] "N640|dum_11|142576393|142577928|+|1535"   
[1160] "_R_N640|dum_2|191469868|191471452|+|1584" 
[1161] "_R_N640|ten_2|193305563|193307067|+|1504" 
[1162] "_R_N640|bic_9|133405615|133406881|+|1266" 
[1163] "N640|dum_2|14057384|14058546|+|1162"      
[1164] "_R_N640|sar_10|89880716|89881836|+|1120"  
[1165] "N640|bic_7|4202020|4203122|+|1102"        
[1166] "N640|sar_7|4776523|4777626|+|1103"        
[1167] "N640|bic_X1|133843453|133844861|+|1408"   
[1168] "N640|sar_X1|136867736|136869147|+|1411"   
[1169] "N640|dum_11|49725766|49727272|+|1506"     
[1170] "N640|dum_11|10196681|10198154|+|1473"     
[1171] "_R_N640|dum_11|40439272|40440740|+|1468"  
[1172] "N640|dum_11|16326047|16327531|+|1484"     
[1173] "_R_N640|ten_2|167289246|167290745|+|1499" 
[1174] "_R_N640|dum_6|94281409|94282547|+|1138"   
[1175] "_R_N640|ten_6|108271549|108272677|+|1128" 
[1176] "N640|dum_5|164772415|164773930|+|1515"    
[1177] "_R_N640|ten_5|74668896|74670392|+|1496"   
[1178] "_R_N640|ten_X2|127578049|127579187|+|1138"
[1179] "_R_N640|dum_2|160686257|160687780|+|1523" 
[1180] "_R_N640|ten_2|162383006|162384529|+|1523" 
[1181] "_R_N640|dum_10|97094900|97096119|+|1219"  
[1182] "_R_N640|ten_10|90929723|90930959|+|1236"  
[1183] "_R_N640|dum_10|121465200|121466745|+|1545"
[1184] "_R_N640|ten_10|110853519|110855044|+|1525"
[1185] "N640|dum_5|129153975|129155512|+|1537"    
[1186] "_R_N640|ten_5|105041244|105042795|+|1551" 
[1187] "_R_N640|dum_X1|178748212|178749743|+|1531"
[1188] "_R_N640|ten_X1|156580804|156582318|+|1514"
[1189] "N640|ten_8|87366008|87367211|+|1203"      
[1190] "_R_N640|ten_8|87369877|87371081|+|1204"   
[1191] "N640|dum_8|94112600|94113858|+|1258"      
[1192] "_R_N640|dum_1|162216674|162218162|+|1488" 
[1193] "_R_N640|ten_1|155245929|155247416|+|1487" 
[1194] "N640|dum_3|166026008|166027270|+|1262"    
[1195] "_R_N640|dum_3|81273819|81275248|+|1429"   
[1196] "_R_N640|ten_3|77315686|77317117|+|1431"   
[1197] "_R_N640|dum_7|120919599|120920925|+|1326" 
[1198] "N640|ten_7|82317978|82319249|+|1271"      
[1199] "N640|ten_5|196192393|196193958|+|1565"    
[1200] "_R_N640|dum_2|264742631|264744025|+|1394" 
[1201] "_R_N640|ten_9|85641653|85642891|+|1238"   
[1202] "N640|ten_1|187644222|187645569|+|1347"    
[1203] "_R_N640|dum_1|145988714|145990251|+|1537" 
[1204] "N640|ten_1|151060763|151062322|+|1559"    
[1205] "_R_N640|dum_10|55855894|55857171|+|1277"  
[1206] "_R_N640|ten_7|127556606|127558174|+|1568" 
[1207] "N640|dum_1|175830833|175832319|+|1486"    
[1208] "N640|ten_1|169341274|169342757|+|1483"    
[1209] "_R_N640|ten_4|230642757|230644232|+|1475" 
[1210] "_R_N640|ten_3|234993007|234994186|+|1179" 
[1211] "_R_N640|dum_5|200890020|200891494|+|1474" 
[1212] "N640|ten_5|39385382|39386918|+|1536"      
[1213] "_R_N640|dum_5|194336760|194338299|+|1539" 
[1214] "N640|ten_5|45870247|45871764|+|1517"      
[1215] "_R_N640|ten_4|62093851|62095131|+|1280"   
[1216] "_R_N640|dum_5|196647075|196648301|+|1226" 
[1217] "N640|ten_5|43566235|43567510|+|1275"      
[1218] "_R_N640|dum_4|70128569|70130093|+|1524"   
[1219] "_R_N640|ten_5|69451579|69453092|+|1513"   
[1220] "_R_N640|ten_11|115503693|115504984|+|1291"
[1221] "_R_N640|ten_11|116592666|116594170|+|1504"
[1222] "_R_N640|dum_9|24619989|24621289|+|1300"   
[1223] "N640|dum_1|245045958|245047358|+|1400"    
[1224] "_R_N640|dum_3|198426521|198428059|+|1538" 
[1225] "_R_N640|dum_7|159513515|159515075|+|1560" 
[1226] "_R_N640|dum_1|184169140|184170621|+|1481" 
[1227] "_R_N640|dum_12|13221925|13223460|+|1535"  
[1228] "_R_N640|dum_4|151501346|151502885|+|1539" 
[1229] "_R_N640|dum_9|39543001|39544527|+|1526"   
[1230] "N640|ten_2|154643434|154644996|+|1562"    
[1231] "N640|ten_5|110504989|110506382|+|1393"    
[1232] "N640|ten_5|110588058|110589451|+|1393"    
[1233] "_R_N640|dum_9|69733116|69734625|+|1509"   
[1234] "N640|ten_9|107916347|107917886|+|1539"    
[1235] "N640|dum_10|127528296|127529689|+|1393"   
[1236] "N640|ten_10|52473184|52474405|+|1221"     
[1237] "_R_N640|ten_X2|191482901|191484315|+|1414"
[1238] "_R_N640|ten_10|50176691|50177757|+|1066"  
[1239] "N640|ten_4|21718641|21720182|+|1541"      
[1240] "N640|dum_6|22675818|22677355|+|1537"      
[1241] "N640|dum_11|78066837|78068444|+|1607"     
[1242] "_R_N640|ten_4|92243449|92244930|+|1481"   
[1243] "N640|ten_2|116355976|116357559|+|1583"    
[1244] "_R_N640|dum_5|190294167|190295749|+|1582" 
[1245] "_R_N640|ten_4|68531955|68533506|+|1551"   
[1246] "_R_N640|dum_1|173455024|173456510|+|1486" 
[1247] "_R_N640|dum_2|172481445|172483017|+|1572" 
[1248] "N640|ten_5|2564270|2565837|+|1567"        
[1249] "N640|dum_12|57439420|57440946|+|1526"     
[1250] "_R_N640|ten_2|222652562|222654038|+|1476" 
[1251] "N640|dum_6|153574314|153575727|+|1413"    
[1252] "_R_N640|dum_3|220457081|220458501|+|1420" 
[1253] "N640|dum_12|73886693|73888113|+|1420"     
[1254] "N640|dum_1|150426786|150428217|+|1431"    
[1255] "_R_N640|dum_X1|28469168|28470590|+|1422"  
[1256] "N640|dum_5|21492085|21493505|+|1420"      
[1257] "N640|ten_7|91705820|91707197|+|1377"      
[1258] "_R_N640|dum_3|26008163|26009600|+|1437"   
[1259] "_R_N640|ten_3|22089821|22091252|+|1431"   
[1260] "_R_N640|ten_12|49745660|49747068|+|1408"  
[1261] "_R_N640|dum_4|134179918|134181343|+|1425" 
[1262] "N640|dum_7|59110495|59111920|+|1425"      
[1263] "_R_N640|dum_10|21379330|21380757|+|1427"  
[1264] "N640|dum_5|146605447|146606873|+|1426"    
[1265] "_R_N640|dum_5|146731584|146733010|+|1426" 
[1266] "N640|dum_6|38266706|38268131|+|1425"      
[1267] "_R_N640|ten_5|134264225|134265651|+|1426" 
[1268] "_R_N640|dum_10|6210504|6211930|+|1426"    
[1269] "_R_N640|dum_6|3828478|3829904|+|1426"     
[1270] "_R_N640|dum_6|1606366|1607792|+|1426"     
[1271] "N640|dum_2|289859542|289860968|+|1426"    
[1272] "N640|dum_7|207386405|207387831|+|1426"    
[1273] "_R_N640|dum_X1|157989|159415|+|1426"      
[1274] "_R_N640|dum_5|2304477|2305902|+|1425"     
[1275] "N640|dum_9|189252582|189254009|+|1427"    
[1276] "N640|ten_1|135175806|135177226|+|1420"    
[1277] "N640|ten_5|146200759|146202147|+|1388"    
[1278] "_R_N640|ten_7|84897820|84899208|+|1388"   
[1279] "_R_N640|dum_2|31096446|31097859|+|1413"   
[1280] "N640|ten_11|72824092|72825513|+|1421"     
[1281] "_R_N640|dum_4|260155239|260156629|+|1390" 
[1282] "N640|dum_1|175567347|175568769|+|1422"    
[1283] "_R_N640|dum_5|169983867|169985289|+|1422" 
[1284] "N640|dum_8|152127165|152128604|+|1439"    
[1285] "N640|dum_8|152148647|152150086|+|1439"    
[1286] "_R_N640|dum_10|116932902|116934339|+|1437"
[1287] "N640|dum_3|150953601|150955025|+|1424"    
[1288] "N640|dum_3|150956823|150958247|+|1424"    
[1289] "N640|ten_5|73764133|73765551|+|1418"      
[1290] "_R_N640|dum_1|279680222|279681618|+|1396" 
[1291] "N640|dum_6|99499818|99501239|+|1421"      
[1292] "_R_N640|dum_1|200582778|200584199|+|1421" 
[1293] "_R_N640|dum_5|218944158|218945578|+|1420" 
[1294] "N640|dum_4|183717713|183718950|+|1237"    
[1295] "N640|dum_4|183723235|183724472|+|1237"    
[1296] "_R_N640|ten_2|29334279|29335709|+|1430"   
[1297] "_R_N640|dum_6|164822259|164823674|+|1415" 
[1298] "_R_N640|dum_8|64341223|64342657|+|1434"   
[1299] "_R_N640|dum_7|109674847|109676282|+|1435" 
[1300] "_R_N640|dum_7|21967302|21968736|+|1434"   
[1301] "N640|dum_5|183748399|183749830|+|1431"    
[1302] "_R_N640|dum_11|110623925|110625355|+|1430"
[1303] "N640|dum_6|95687581|95689014|+|1433"      
[1304] "_R_N640|dum_3|258260696|258262131|+|1435" 
[1305] "_R_N640|ten_7|115969657|115971080|+|1423" 
[1306] "_R_N640|dum_2|282553814|282555210|+|1396" 
[1307] "N640|ten_1|177101611|177103046|+|1435"    
[1308] "_R_N640|dum_1|109887249|109888421|+|1172" 
[1309] "_R_N640|dum_3|26626083|26627514|+|1431"   
[1310] "_R_N640|dum_3|57905713|57907143|+|1430"   
[1311] "_R_N640|ten_8|111969293|111970695|+|1402" 
[1312] "_R_N640|dum_6|175079898|175081436|+|1538" 
[1313] "N640|dum_9|16079790|16081329|+|1539"      
[1314] "N640|dum_10|172314023|172315566|+|1543"   
[1315] "_R_N640|dum_8|20255691|20257229|+|1538"   
[1316] "_R_N640|dum_5|174868804|174870321|+|1517" 
[1317] "_R_N640|dum_5|174878684|174880201|+|1517" 
[1318] "_R_N640|dum_5|174881984|174883501|+|1517" 
[1319] "_R_N640|dum_5|174885284|174886801|+|1517" 
[1320] "_R_N640|dum_5|174898446|174899963|+|1517" 
[1321] "_R_N640|dum_5|174845754|174847271|+|1517" 
[1322] "_R_N640|dum_5|174895146|174896663|+|1517" 
[1323] "_R_N640|dum_5|174914894|174916411|+|1517" 
[1324] "_R_N640|dum_5|174865505|174867021|+|1516" 
[1325] "_R_N640|dum_5|174908315|174909831|+|1516" 
[1326] "_R_N640|dum_5|174858918|174860434|+|1516" 
[1327] "_R_N640|dum_5|174875385|174876901|+|1516" 
[1328] "_R_N640|dum_5|174842464|174843971|+|1507" 
[1329] "N640|ten_6|37320546|37322072|+|1526"      
[1330] "_R_N640|dum_4|144349652|144351034|+|1382" 
[1331] "_R_N640|dum_6|115984412|115985939|+|1527" 
[1332] "_R_N640|dum_11|9707577|9709106|+|1529"    
[1333] "_R_N640|dum_5|55238293|55239822|+|1529"   
[1334] "N640|dum_2|196274057|196275596|+|1539"    
[1335] "N640|ten_8|79476244|79477770|+|1526"      
[1336] "N640|dum_X1|44936199|44937724|+|1525"     
[1337] "N640|dum_X1|44287846|44289371|+|1525"     
[1338] "N640|dum_X1|43848836|43850361|+|1525"     
[1339] "N640|dum_10|138369070|138370596|+|1526"   
[1340] "_R_N640|ten_7|162167275|162168806|+|1531" 
[1341] "N640|dum_7|43758172|43759699|+|1527"      
[1342] "N640|dum_5|19655010|19656536|+|1526"      
[1343] "N640|ten_5|205069502|205071029|+|1527"    
[1344] "N640|dum_9|86169890|86171417|+|1527"      
[1345] "_R_N640|dum_2|124413395|124414933|+|1538" 
[1346] "_R_N640|dum_6|113034719|113036029|+|1310" 
[1347] "_R_N640|dum_4|18308440|18309965|+|1525"   
[1348] "_R_N640|dum_X2|115279838|115281382|+|1544"
[1349] "N640|dum_5|166909217|166910740|+|1523"    
[1350] "_R_N640|dum_3|193251446|193253005|+|1559" 
[1351] "_R_N640|dum_8|136549496|136550995|+|1499" 
[1352] "_R_N640|dum_7|130817458|130818985|+|1527" 
[1353] "N640|dum_5|182125011|182126533|+|1522"    
[1354] "N640|dum_9|125414936|125416472|+|1536"    
[1355] "N640|dum_5|105633984|105635512|+|1528"    
[1356] "_R_N640|ten_6|88393085|88394611|+|1526"   
[1357] "N640|dum_5|175025377|175026897|+|1520"    
[1358] "_R_N640|ten_2|128280362|128281891|+|1529" 
[1359] "N640|dum_5|130096670|130098193|+|1523"    
[1360] "_R_N640|dum_3|50666436|50667965|+|1529"   
[1361] "N640|dum_1|41607168|41608695|+|1527"      
[1362] "N640|dum_9|74266486|74268002|+|1516"      
[1363] "N640|dum_12|86357937|86359464|+|1527"     
[1364] "N640|dum_9|22736097|22737611|+|1514"      
[1365] "_R_N640|dum_2|185270417|185271940|+|1523" 
[1366] "_R_N640|dum_9|138083736|138085264|+|1528" 
[1367] "_R_N640|ten_10|170470007|170471500|+|1493"
[1368] "N640|dum_6|190051309|190052801|+|1492"    
[1369] "N640|dum_12|55096391|55097918|+|1527"     
[1370] "N640|dum_4|165937256|165938782|+|1526"    
[1371] "_R_N640|dum_6|97010177|97011704|+|1527"   
[1372] "N640|dum_6|230264198|230265722|+|1524"    
[1373] "_R_N640|dum_3|96837116|96838644|+|1528"   
[1374] "N640|dum_9|19364660|19366180|+|1520"      
[1375] "_R_N640|dum_5|65752249|65753770|+|1521"   
[1376] "_R_N640|ten_1|56526565|56528103|+|1538"   
[1377] "N640|dum_2|271884926|271886220|+|1294"    
[1378] "N640|dum_5|127318805|127320330|+|1525"    
[1379] "_R_N640|ten_2|100228945|100230439|+|1494" 
[1380] "_R_N640|ten_2|220766296|220767798|+|1502" 
[1381] "_R_N640|dum_7|33114988|33116506|+|1518"   
[1382] "_R_N640|dum_7|157085324|157086842|+|1518" 
[1383] "_R_N640|dum_6|146891447|146892967|+|1520" 
[1384] "N640|dum_1|241007999|241009301|+|1302"    
[1385] "N640|ten_7|193751772|193753289|+|1517"    
[1386] "N640|dum_7|203104719|203106232|+|1513"    
[1387] "N640|ten_7|13426631|13428146|+|1515"      
[1388] "N640|dum_3|260935170|260936709|+|1539"    
[1389] "_R_N640|dum_1|245923263|245924781|+|1518" 
[1390] "_R_N640|ten_2|91797560|91799064|+|1504"   
[1391] "N640|dum_3|249623350|249624866|+|1516"    
[1392] "N640|dum_X2|165854507|165856010|+|1503"   
[1393] "_R_N640|dum_7|95001068|95002583|+|1515"   
[1394] "N640|dum_7|43290601|43292102|+|1501"      
[1395] "N640|ten_6|68347563|68349081|+|1518"      
[1396] "N640|dum_3|108365667|108366943|+|1276"    
[1397] "N640|dum_1|92032399|92033913|+|1514"      
[1398] "N640|dum_2|259552664|259554216|+|1552"    
[1399] "_R_N640|ten_11|24250195|24251754|+|1559"  
[1400] "_R_N640|dum_12|20976505|20978086|+|1581"  
[1401] "N640|dum_2|55589152|55590704|+|1552"      
[1402] "_R_N640|ten_6|170715963|170717496|+|1533" 
[1403] "N640|dum_7|29889217|29890609|+|1392"      
[1404] "N640|dum_2|148669347|148670854|+|1507"    
[1405] "N640|dum_2|148672472|148673979|+|1507"    
[1406] "N640|dum_2|148675597|148677104|+|1507"    
[1407] "N640|dum_2|148678722|148680229|+|1507"    
[1408] "N640|dum_2|148681847|148683356|+|1509"    
[1409] "N640|ten_3|196836819|196838088|+|1269"    
[1410] "N640|ten_2|166728538|166730067|+|1529"    
[1411] "N640|dum_1|287658034|287659547|+|1513"    
[1412] "N640|ten_1|284564645|284566063|+|1418"    
[1413] "N640|dum_6|189442590|189444068|+|1478"    
[1414] "N640|dum_6|143847022|143848515|+|1493"    
[1415] "N640|dum_2|172236574|172238055|+|1481"    
[1416] "N640|ten_2|174538679|174540190|+|1511"    
[1417] "_R_N640|dum_6|150448075|150449579|+|1504" 
[1418] "_R_N640|dum_4|182500745|182502217|+|1472" 
[1419] "_R_N640|dum_10|65966027|65967521|+|1494"  
[1420] "N640|ten_10|36574739|36576213|+|1474"     
[1421] "_R_N640|ten_8|55117830|55119336|+|1506"   
[1422] "_R_N640|dum_11|137959286|137960698|+|1412"
[1423] "N640|ten_11|29692568|29693980|+|1412"     
[1424] "N640|dum_6|42963139|42964629|+|1490"      
[1425] "N640|dum_8|46287075|46288583|+|1508"      
[1426] "N640|dum_6|100949529|100951020|+|1491"    
[1427] "N640|ten_12|1175729|1177269|+|1540"       
[1428] "N640|ten_2|48500989|48502532|+|1543"      
[1429] "N640|ten_6|151818895|151820405|+|1510"    
[1430] "_R_N640|dum_5|63171651|63173142|+|1491"   
[1431] "N640|ten_2|154802452|154803955|+|1503"    
[1432] "_R_N640|dum_6|215479354|215480863|+|1509" 
[1433] "N640|dum_10|148869783|148871296|+|1513"   
[1434] "_R_N640|dum_3|149608700|149610208|+|1508" 
[1435] "_R_N640|ten_12|114724085|114725596|+|1511"
[1436] "N640|ten_12|116777286|116778797|+|1511"   
[1437] "_R_N640|dum_1|239596916|239598422|+|1506" 
[1438] "N640|ten_6|114327435|114328950|+|1515"    
[1439] "_R_N640|dum_5|162978134|162979684|+|1550" 
[1440] "N640|dum_8|105885723|105887222|+|1499"    
[1441] "N640|dum_12|38090383|38091896|+|1513"     
[1442] "N640|dum_12|101870627|101872133|+|1506"   
[1443] "N640|dum_X2|55672671|55674211|+|1540"     
[1444] "N640|dum_7|60626569|60627862|+|1293"      
[1445] "N640|dum_7|62083442|62084972|+|1530"      
[1446] "_R_N640|dum_9|170615639|170617180|+|1541" 
[1447] "N640|dum_3|98988669|98990163|+|1494"      
[1448] "_R_N640|dum_4|106017702|106019272|+|1570" 
[1449] "_R_N640|ten_10|149840634|149841997|+|1363"
[1450] "N640|dum_1|133829797|133831371|+|1574"    
[1451] "_R_N640|dum_1|133831814|133833388|+|1574" 
[1452] "_R_N640|ten_3|115489268|115490827|+|1559" 
[1453] "N640|ten_3|105386537|105388107|+|1570"    
[1454] "N640|dum_8|70367566|70369159|+|1593"      
[1455] "N640|ten_8|64262842|64264419|+|1577"      
[1456] "N640|dum_2|181941554|181943085|+|1531"    
[1457] "N640|dum_1|294050767|294052248|+|1481"    
[1458] "_R_N640|ten_1|279859036|279860512|+|1476" 
[1459] "_R_N640|dum_4|123485720|123487261|+|1541" 
[1460] "N640|dum_10|110545636|110547142|+|1506"   
[1461] "N640|ten_2|196118790|196120271|+|1481"    
[1462] "_R_N640|ten_4|98271890|98273151|+|1261"   
[1463] "N640|dum_2|199898291|199899740|+|1449"    
[1464] "N640|dum_4|151178895|151180392|+|1497"    
[1465] "_R_N640|ten_4|82611761|82613259|+|1498"   
[1466] "_R_N640|ten_10|95061995|95063278|+|1283"  
[1467] "_R_N640|dum_3|65016667|65018164|+|1497"   
[1468] "_R_N640|dum_8|70830286|70831783|+|1497"   
[1469] "_R_N640|ten_1|14481659|14483156|+|1497"   
[1470] "N640|dum_4|20416417|20417949|+|1532"      
[1471] "_R_N640|dum_X1|140580375|140581903|+|1528"
[1472] "_R_N640|dum_X1|140583608|140585136|+|1528"
[1473] "_R_N640|dum_X1|140577143|140578670|+|1527"
[1474] "_R_N640|dum_X1|140573907|140575438|+|1531"
[1475] "_R_N640|ten_9|103858508|103860037|+|1529" 
[1476] "_R_N640|ten_6|90431447|90432934|+|1487"   
[1477] "_R_N640|dum_6|92145008|92146503|+|1495"   
[1478] "_R_N640|ten_2|191249009|191250497|+|1488" 
[1479] "_R_N640|ten_4|123662588|123664093|+|1505" 
[1480] "N640|dum_7|28465146|28466644|+|1498"      
[1481] "N640|ten_7|185556356|185557877|+|1521"    
[1482] "N640|dum_8|3584506|3586002|+|1496"        
[1483] "N640|dum_8|3587760|3589260|+|1500"        
[1484] "N640|ten_1|111368224|111369726|+|1502"    
[1485] "N640|ten_1|111373783|111375055|+|1272"    
[1486] "N640|dum_1|116935273|116936779|+|1506"    
[1487] "N640|ten_4|19046664|19048167|+|1503"      
[1488] "N640|dum_9|157188837|157190364|+|1527"    
[1489] "_R_N640|ten_9|22772134|22773661|+|1527"   
[1490] "N640|ten_1|113671531|113673040|+|1509"    
[1491] "N640|dum_5|190180125|190181625|+|1500"    
[1492] "N640|ten_3|201331766|201333280|+|1514"    
[1493] "N640|dum_11|9632033|9633544|+|1511"       
[1494] "_R_N640|dum_11|35224465|35225976|+|1511"  
[1495] "N640|dum_9|185946168|185947679|+|1511"    
[1496] "N640|dum_11|4533793|4535304|+|1511"       
[1497] "_R_N640|ten_11|15517267|15518770|+|1503"  
[1498] "N640|dum_1|119018747|119020233|+|1486"    
[1499] "_R_N640|ten_3|177416384|177417879|+|1495" 
[1500] "_R_N640|ten_1|171952455|171953691|+|1236" 
[1501] "_R_N640|ten_2|143915537|143917062|+|1525" 
[1502] "N640|dum_6|133992674|133994153|+|1479"    
[1503] "_R_N640|ten_2|50894937|50896419|+|1482"   
[1504] "N640|ten_7|43971658|43972907|+|1249"      
[1505] "N640|dum_1|125338995|125340111|+|1116"    
[1506] "_R_N640|dum_1|25435028|25436538|+|1510"   
[1507] "_R_N640|dum_8|97835578|97837071|+|1493"   
[1508] "_R_N640|dum_6|94766917|94768392|+|1475"   
[1509] "N640|ten_4|41734248|41735757|+|1509"      
[1510] "N640|dum_1|275933701|275935264|+|1563"    
[1511] "_R_N640|ten_5|69619665|69621049|+|1384"   
[1512] "N640|dum_10|136971798|136973232|+|1434"   
[1513] "_R_N640|dum_7|163755906|163757499|+|1593" 
[1514] "N640|ten_X1|238874614|238876163|+|1549"   
[1515] "N640|ten_X1|238877903|238879452|+|1549"   
[1516] "N640|ten_X1|238881192|238882741|+|1549"   
[1517] "N640|ten_X1|238884481|238886034|+|1553"   
[1518] "N640|ten_3|191176242|191177806|+|1564"    
[1519] "_R_N640|dum_8|172284183|172285740|+|1557" 
[1520] "_R_N640|ten_8|159706213|159707770|+|1557" 
[1521] "_R_N640|ten_1|217162002|217163557|+|1555" 
[1522] "N640|dum_5|170731903|170733467|+|1564"    
[1523] "N640|dum_12|35062699|35064275|+|1576"     
[1524] "_R_N640|ten_6|94642362|94643922|+|1560"   
[1525] "N640|dum_3|235340787|235342361|+|1574"    
[1526] "N640|dum_X2|71077392|71078951|+|1559"     
[1527] "N640|dum_8|21011081|21012627|+|1546"      
[1528] "_R_N640|ten_2|116718163|116719264|+|1101" 
[1529] "N640|dum_5|176866805|176868327|+|1522"    
[1530] "N640|ten_3|216405133|216406696|+|1563"    
[1531] "N640|dum_6|204647439|204648904|+|1465"    
[1532] "_R_N640|dum_4|104984945|104986355|+|1410" 
[1533] "N640|ten_4|126946523|126947934|+|1411"    
[1534] "_R_N640|ten_3|155585311|155586713|+|1402" 
[1535] "N640|ten_1|130962181|130963489|+|1308"    
[1536] "_R_N640|dum_2|255990633|255992172|+|1539" 
[1537] "N640|dum_1|267393027|267394580|+|1553"    
[1538] "N640|dum_11|141710843|141712396|+|1553"   
[1539] "_R_N640|ten_11|26171892|26173448|+|1556"  
[1540] "N640|dum_8|92454251|92455663|+|1412"      
[1541] "N640|ten_8|85723524|85724938|+|1414"      
[1542] "_R_N640|dum_4|149608108|149609625|+|1517" 
[1543] "N640|ten_4|84133563|84135067|+|1504"      
[1544] "_R_N640|dum_1|132500929|132502447|+|1518" 
[1545] "_R_N640|ten_1|136943304|136944680|+|1376" 
[1546] "_R_N640|dum_10|102243832|102245278|+|1446"
[1547] "N640|ten_10|84572107|84573557|+|1450"     
[1548] "N640|dum_8|142473567|142474872|+|1305"    
[1549] "N640|ten_8|131488120|131489426|+|1306"    
[1550] "N640|dum_7|195718631|195720224|+|1593"    
[1551] "_R_N640|dum_8|17417626|17418913|+|1287"   
[1552] "N640|dum_3|62776731|62778320|+|1589"      
[1553] "_R_N640|dum_8|112008833|112010311|+|1478" 
[1554] "N640|dum_10|126750510|126752036|+|1526"   
[1555] "N640|dum_4|113450512|113451792|+|1280"    
[1556] "_R_N640|ten_4|118903106|118904366|+|1260" 
[1557] "N640|dum_3|154690352|154691908|+|1556"    
[1558] "N640|ten_3|148724932|148726506|+|1574"    
[1559] "_R_N640|ten_6|218292109|218293663|+|1554" 
[1560] "_R_N640|dum_2|48031272|48032472|+|1200"   
[1561] "_R_N640|dum_3|223209031|223210149|+|1118" 
[1562] "_R_N640|dum_1|286833511|286834687|+|1176" 
[1563] "_R_N640|ten_1|283812506|283813701|+|1195" 
[1564] "N640|dum_5|60902915|60904346|+|1431"      
[1565] "_R_N640|ten_5|167441775|167443208|+|1433" 
[1566] "_R_N640|dum_4|130465694|130467258|+|1564" 
[1567] "N640|ten_3|242244978|242246200|+|1222"    
[1568] "_R_N640|dum_X1|99539665|99541123|+|1458"  
[1569] "N640|mim_9|26308542|26309789|+|1247"      
[1570] "_R_N640|mim_12|149242188|149243428|+|1240"
[1571] "_R_N640|mim_8|90922689|90923905|+|1216"   
[1572] "_R_N640|mim_4|17274601|17276106|+|1505"   
[1573] "_R_N640|mim_10|44521247|44522372|+|1125"  
[1574] "_R_N640|sar_9|42840707|42841831|+|1124"   
[1575] "_R_N640|bic_9|73580079|73581300|+|1221"   
[1576] "N640|sar_9|185481976|185483199|+|1223"    
[1577] "_R_N640|dum_2|64179756|64181105|+|1349"   
[1578] "_R_N640|ten_2|67979943|67981279|+|1336"   
[1579] "_R_N640|dum_4|140093754|140095074|+|1320" 
[1580] "N640|ten_1|188335051|188336330|+|1279"    
[1581] "N640|bic_4|103436884|103438084|+|1200"    
[1582] "_R_N640|sar_4|15165241|15166445|+|1204"   
[1583] "_R_N640|dum_9|10386336|10387570|+|1234"   
[1584] "N640|bic_X2|131933060|131934260|+|1200"   
[1585] "_R_N640|sar_X2|154024682|154025873|+|1191"
[1586] "_R_N640|dum_X2|22808866|22810417|+|1551"  
[1587] "N640|sar_X2|190908555|190909769|+|1214"   
[1588] "N640|bic_X1|43856261|43857459|+|1198"     
[1589] "N640|sar_X1|41587624|41588823|+|1199"     
[1590] "_R_N640|bic_4|128434174|128435430|+|1256" 
[1591] "_R_N640|sar_4|28548803|28550063|+|1260"   
[1592] "N640|bic_5|5778055|5779399|+|1344"        
[1593] "N640|bic_5|7780206|7781550|+|1344"        
[1594] "_R_N640|bic_X1|24014965|24016188|+|1223"  
[1595] "_R_N640|ten_12|52619782|52621216|+|1434"  
[1596] "N640|sar_11|184714239|184715539|+|1300"   
[1597] "N640|dum_3|102007437|102008647|+|1210"    
[1598] "_R_N640|bic_12|107237371|107238807|+|1436"
[1599] "N640|sar_12|77910600|77912027|+|1427"     
[1600] "_R_N640|sar_14|107214350|107215679|+|1329"
[1601] "_R_N640|dum_3|269434840|269436250|+|1410" 
[1602] "_R_N640|ten_3|271119338|271120748|+|1410" 
[1603] "_R_N640|sar_X2|70210570|70212113|+|1543"  
[1604] "_R_N640|bic_2|71844435|71845611|+|1176"   
[1605] "N640|sar_2|257992041|257993211|+|1170"    
[1606] "_R_N640|mim_8|49895717|49897053|+|1336"   
[1607] "N640|mim_8|83468977|83470068|+|1091"      
[1608] "N640|sar_3|62314433|62315565|+|1132"      
[1609] "N640|mim_9|106499271|106500476|+|1205"    
[1610] "_R_N640|bic_2|37356289|37357529|+|1240"   
[1611] "N640|mim_13|76524915|76526140|+|1225"     
[1612] "_R_N640|mim_2|97789833|97791151|+|1318"   
[1613] "_R_N640|bic_7|110809085|110810561|+|1476" 
[1614] "N640|mim_11|132947187|132948379|+|1192"   
[1615] "N640|mim_X1|3321995|3323309|+|1314"       
[1616] "N640|bic_3|63083866|63085081|+|1215"      
[1617] "_R_N640|bic_11|36721732|36723118|+|1386"  
[1618] "_R_N640|sar_X1|201042635|201044012|+|1377"
[1619] "_R_N640|bic_7|93314273|93315824|+|1551"   
[1620] "_R_N640|sar_11|28951503|28952759|+|1256"  
[1621] "N640|bic_X1|77549248|77550450|+|1202"     
[1622] "N640|sar_X1|77784013|77785216|+|1203"     
[1623] "N640|mim_5|35191238|35192797|+|1559"      
[1624] "N640|mim_8|96659161|96660288|+|1127"      
[1625] "_R_N640|mim_9|68624050|68625268|+|1218"   
[1626] "N640|dum_X1|245991190|245992448|+|1258"   
[1627] "N640|ten_X1|224961590|224962852|+|1262"   
[1628] "_R_N640|sar_13|58692401|58693882|+|1481"  
[1629] "N640|bic_8|14570017|14571317|+|1300"      
[1630] "N640|sar_8|229878261|229879481|+|1220"    
[1631] "N640|bic_1|137064174|137065596|+|1422"    
[1632] "N640|sar_1|151629088|151630504|+|1416"    
[1633] "_R_N640|dum_3|128023370|128024609|+|1239" 
[1634] "_R_N640|bic_7|93468472|93469699|+|1227"   
[1635] "N640|sar_7|108458147|108459639|+|1492"    
[1636] "N640|bic_3|188341257|188342619|+|1362"    
[1637] "N640|sar_3|213677731|213679038|+|1307"    
[1638] "_R_N640|mim_5|110967608|110968863|+|1255" 
[1639] "_R_N640|mim_7|152826567|152827805|+|1238" 
[1640] "_R_N640|bic_7|146582665|146583968|+|1303" 
[1641] "N640|dum_10|124550670|124552048|+|1378"   
[1642] "_R_N640|bic_X2|74664357|74665617|+|1260"  
[1643] "_R_N640|mim_13|118114497|118115720|+|1223"
[1644] "N640|bic_12|45200732|45201930|+|1198"     
[1645] "_R_N640|sar_12|142095715|142096909|+|1194"
[1646] "_R_N640|ten_1|111441817|111443344|+|1527" 
[1647] "N640|dum_4|209442861|209444145|+|1284"    
[1648] "_R_N640|ten_4|31593683|31595054|+|1371"   
[1649] "N640|sar_2|195263727|195265023|+|1296"    
[1650] "N640|dum_10|51226131|51227361|+|1230"     
[1651] "_R_N640|ten_1|238353812|238354978|+|1166" 
[1652] "_R_N640|bic_6|74295006|74296192|+|1186"   
[1653] "_R_N640|sar_10|12683255|12684499|+|1244"  
[1654] "N640|dum_2|185013488|185015071|+|1583"    
[1655] "N640|bic_8|83777944|83779235|+|1291"      
[1656] "_R_N640|sar_8|146865078|146866364|+|1286" 
[1657] "N640|dum_11|161296450|161297652|+|1202"   
[1658] "N640|mim_4|4017364|4018597|+|1233"        
[1659] "_R_N640|bic_X2|107149034|107150560|+|1526"
[1660] "N640|sar_6|59939755|59941281|+|1526"      
[1661] "N640|dum_1|276526747|276527984|+|1237"    
[1662] "N640|dum_3|79510386|79511907|+|1521"      
[1663] "N640|ten_3|75260318|75261633|+|1315"      
[1664] "_R_N640|ten_8|126838201|126839704|+|1503" 
[1665] "N640|ten_2|185174909|185176380|+|1471"    
[1666] "N640|sar_9|60808752|60809911|+|1159"      
[1667] "_R_N640|bic_4|80884611|80885943|+|1332"   
[1668] "_R_N640|sar_4|84499818|84501151|+|1333"   
[1669] "_R_N640|bic_X1|18932026|18933252|+|1226"  
[1670] "_R_N640|sar_X1|17255319|17256614|+|1295"  
[1671] "N640|dum_1|191883476|191884974|+|1498"    
[1672] "N640|ten_2|190115644|190117160|+|1516"    
[1673] "N640|mim_14|37052545|37053755|+|1210"     
[1674] "_R_N640|mim_10|47488240|47489482|+|1242"  
[1675] "N640|bic_10|46102594|46103895|+|1301"     
[1676] "N640|bic_13|116920819|116922064|+|1245"   
[1677] "_R_N640|bic_6|10511239|10512530|+|1291"   
[1678] "_R_N640|sar_6|9608306|9609617|+|1311"     
[1679] "N640|ten_3|41827631|41828898|+|1267"      
[1680] "_R_N640|ten_10|162855177|162856366|+|1189"
[1681] "_R_N640|sar_X1|201410077|201411259|+|1182"
[1682] "_R_N640|bic_13|57784281|57785545|+|1264"  
[1683] "N640|sar_13|126217353|126218620|+|1267"   
[1684] "N640|sar_10|43140359|43141506|+|1147"     
[1685] "N640|bic_3|29544881|29546091|+|1210"      
[1686] "N640|sar_3|94522795|94524001|+|1206"      
[1687] "N640|sar_X2|80944262|80945698|+|1436"     
[1688] "_R_N640|bic_11|111075955|111077148|+|1193"
[1689] "N640|sar_11|106193375|106194608|+|1233"   
[1690] "N640|dum_7|131871082|131872380|+|1298"    
[1691] "_R_N640|ten_7|72138335|72139607|+|1272"   
[1692] "N640|bic_9|22609989|22611196|+|1207"      
[1693] "_R_N640|bic_13|114367272|114368532|+|1260"
[1694] "_R_N640|sar_4|73290355|73291615|+|1260"   
[1695] "_R_N640|dum_12|46755850|46757123|+|1273"  
[1696] "N640|bic_2|196396833|196398098|+|1265"    
[1697] "_R_N640|sar_2|124728364|124729612|+|1248" 
[1698] "N640|bic_3|119115069|119116310|+|1241"    
[1699] "N640|sar_3|136923269|136924514|+|1245"    
[1700] "_R_N640|dum_2|60464866|60466127|+|1261"   
[1701] "_R_N640|ten_2|64002454|64003713|+|1259"   
[1702] "N640|bic_8|100991457|100992650|+|1193"    
[1703] "_R_N640|bic_5|20071447|20072704|+|1257"   
[1704] "_R_N640|sar_5|136189893|136191115|+|1222" 
[1705] "N640|dum_7|4038443|4039646|+|1203"        
[1706] "_R_N640|ten_7|191713849|191715084|+|1235" 
[1707] "N640|dum_7|81227907|81229141|+|1234"      
[1708] "_R_N640|ten_7|120196647|120197882|+|1235" 
[1709] "_R_N640|ten_1|139250849|139252039|+|1190" 
[1710] "_R_N640|sar_X1|77037095|77038297|+|1202"  
[1711] "_R_N640|ten_2|191288867|191290126|+|1259" 
[1712] "N640|mim_14|78992239|78993445|+|1206"     
[1713] "N640|bic_7|131583958|131585208|+|1250"    
[1714] "_R_N640|sar_7|67484470|67485725|+|1255"   
[1715] "_R_N640|dum_4|63561230|63562404|+|1174"   
[1716] "N640|ten_4|166849670|166850841|+|1171"    
[1717] "_R_N640|sar_3|37285399|37286630|+|1231"   
[1718] "N640|dum_1|144989783|144990963|+|1180"    
[1719] "_R_N640|sar_7|79404670|79405900|+|1230"   
[1720] "_R_N640|mim_X1|138285954|138287176|+|1222"
[1721] "_R_N640|mim_6|55985388|55986629|+|1241"   
[1722] "N640|mim_8|64364026|64365256|+|1230"      
[1723] "N640|mim_9|203070674|203071914|+|1240"    
[1724] "_R_N640|mim_7|138944004|138945205|+|1201" 
[1725] "N640|dum_6|70403661|70404835|+|1174"      
[1726] "N640|bic_2|43044508|43045780|+|1272"      
[1727] "_R_N640|mim_11|183078061|183079289|+|1228"
[1728] "N640|bic_3|192593501|192594765|+|1264"    
[1729] "N640|sar_3|217921681|217922900|+|1219"    
[1730] "_R_N640|mim_13|62491515|62492662|+|1147"  
[1731] "N640|dum_7|145650230|145651458|+|1228"    
[1732] "_R_N640|ten_7|56691576|56692796|+|1220"   
[1733] "_R_N640|mim_X1|231479436|231480643|+|1207"
[1734] "N640|mim_10|86523163|86524299|+|1136"     
[1735] "N640|mim_3|27619165|27620378|+|1213"      
[1736] "_R_N640|mim_5|1038923|1040144|+|1221"     
[1737] "_R_N640|mim_7|88934415|88935673|+|1258"   
[1738] "_R_N640|mim_4|80536273|80537513|+|1240"   
[1739] "_R_N640|dum_9|97854389|97855552|+|1163"   
[1740] "_R_N640|dum_9|152136566|152137690|+|1124" 
[1741] "_R_N640|bic_14|15293629|15294907|+|1278"  
[1742] "_R_N640|sar_14|100880447|100881675|+|1228"
[1743] "_R_N640|bic_5|25595180|25596404|+|1224"   
[1744] "_R_N640|sar_5|141748107|141749573|+|1466" 
[1745] "_R_N640|dum_4|118506550|118507782|+|1232" 
[1746] "_R_N640|bic_13|44063650|44064881|+|1231"  
[1747] "N640|sar_13|141122311|141123539|+|1228"   
[1748] "N640|dum_X1|244369322|244370529|+|1207"   
[1749] "N640|ten_X1|223312127|223313335|+|1208"   
[1750] "_R_N640|mim_2|23998892|24000435|+|1543"   
[1751] "N640|mim_7|126855925|126857225|+|1300"    
[1752] "_R_N640|mim_11|58941685|58943270|+|1585"  
[1753] "_R_N640|mim_10|100487198|100488633|+|1435"
[1754] "N640|mim_X1|70730912|70732328|+|1416"     
[1755] "_R_N640|mim_12|66508405|66509671|+|1266"  
[1756] "N640|mim_12|90591656|90593233|+|1577"     
[1757] "_R_N640|mim_7|74360267|74361448|+|1181"   
[1758] "N640|mim_12|155674647|155675915|+|1268"   
[1759] "N640|mim_8|130767577|130768807|+|1230"    
[1760] "_R_N640|bic_X1|100178361|100179540|+|1179"
[1761] "N640|dum_6|44799943|44801048|+|1105"      
[1762] "N640|bic_X2|73612069|73613277|+|1208"     
[1763] "N640|sar_X2|94102679|94103934|+|1255"     
[1764] "N640|dum_4|30694721|30695952|+|1231"      
[1765] "_R_N640|ten_4|201080436|201081664|+|1228" 
[1766] "N640|mim_13|44258014|44259525|+|1511"     
[1767] "_R_N640|mim_X1|221607964|221609336|+|1372"
[1768] "N640|mim_14|150682275|150683821|+|1546"   
[1769] "_R_N640|mim_7|175403158|175404671|+|1513" 
[1770] "N640|mim_6|84292774|84294164|+|1390"      
[1771] "_R_N640|mim_2|53965874|53967402|+|1528"   
[1772] "_R_N640|mim_14|179506001|179507157|+|1156"
[1773] "_R_N640|mim_8|15941429|15943012|+|1583"   
[1774] "_R_N640|mim_3|76465297|76466554|+|1257"   
[1775] "_R_N640|mim_6|5638156|5639443|+|1287"     
[1776] "N640|mim_2|121571079|121572373|+|1294"    
[1777] "N640|dum_2|215667798|215669300|+|1502"    
[1778] "N640|ten_2|206405542|206407044|+|1502"    
[1779] "N640|sar_7|18195794|18196996|+|1202"      
[1780] "_R_N640|mim_10|138295349|138296639|+|1290"
[1781] "_R_N640|sar_9|241224637|241225880|+|1243" 
[1782] "_R_N640|mim_1|60108484|60109641|+|1157"   
[1783] "N640|sar_13|85385085|85386359|+|1274"     
[1784] "_R_N640|mim_X1|194805494|194806706|+|1212"
[1785] "_R_N640|bic_8|118740365|118741644|+|1279" 
[1786] "N640|bic_10|137625449|137626533|+|1084"   
[1787] "_R_N640|sar_10|63088123|63089205|+|1082"  
[1788] "_R_N640|bic_8|67430853|67432319|+|1466"   
[1789] "N640|bic_7|2418737|2419956|+|1219"        
[1790] "N640|sar_7|2840637|2841856|+|1219"        
[1791] "N640|bic_13|104074074|104075296|+|1222"   
[1792] "_R_N640|sar_13|80036159|80037361|+|1202"  
[1793] "_R_N640|dum_10|91795639|91797054|+|1415"  
[1794] "N640|ten_10|96590397|96591795|+|1398"     
[1795] "N640|dum_1|173055019|173056276|+|1257"    
[1796] "N640|ten_1|166646701|166647950|+|1249"    
[1797] "N640|sar_1|51904608|51905836|+|1228"      
[1798] "N640|sar_X1|2126271|2127799|+|1528"       
[1799] "_R_N640|dum_10|83538810|83540279|+|1469"  
[1800] "N640|ten_10|18210061|18211542|+|1481"     
[1801] "_R_N640|sar_5|82311210|82312606|+|1396"   
[1802] "N640|bic_10|131783801|131785340|+|1539"   
[1803] "N640|bic_1|99980863|99982101|+|1238"      
