jobinfo 30048790
getting scaled timeline
 [1] "N6419|ten_3|205466912|205471176|+|4264"  
 [2] "N6419|ten_X1|53605562|53609405|+|3843"   
 [3] "N6419|dum_X1|67606655|67610579|+|3924"   
 [4] "N6419|dum_X1|69310972|69314684|+|3712"   
 [5] "_R_N6419|dum_X1|68096321|68099817|+|3496"
 [6] "_R_N6419|dum_X1|71240139|71243844|+|3705"
 [7] "N6419|dum_X1|71927692|71931941|+|4249"   
 [8] "_R_N6419|dum_X1|71465985|71469845|+|3860"
 [9] "N6419|dum_X1|71895745|71900027|+|4282"   
[10] "N6419|dum_X1|67765427|67769693|+|4266"   
[11] "N6419|dum_X1|70619057|70623308|+|4251"   
[12] "_R_N6419|dum_X1|68131108|68134970|+|3862"
[13] "N6419|dum_X1|67671186|67675448|+|4262"   
[14] "N6419|dum_X1|69223610|69228186|+|4576"   
[15] "_R_N6419|dum_X1|68224004|68228215|+|4211"
[16] "N6419|dum_X1|67150793|67154721|+|3928"   
[17] "N6419|dum_X1|71999150|72003001|+|3851"   
[18] "N6419|ten_X1|53697974|53701824|+|3850"   
[19] "N6419|dum_X1|57189088|57193339|+|4251"   
[20] "N6419|dum_X1|57562831|57567081|+|4250"   
[21] "N6419|dum_X1|56258086|56262334|+|4248"   
[22] "N6419|dum_X1|56770368|56774615|+|4247"   
[23] "N6419|dum_X1|56087111|56091489|+|4378"   
[24] "N6419|dum_X1|56595920|56600299|+|4379"   
[25] "N6419|dum_X1|57025314|57029693|+|4379"   
[26] "N6419|dum_X1|71714847|71718828|+|3981"   
[27] "N6419|dum_X1|56360190|56364570|+|4380"   
[28] "N6419|dum_X1|56831408|56835787|+|4379"   
[29] "N6419|dum_X1|57818901|57823279|+|4378"   
[30] "N6419|dum_X1|57238774|57243156|+|4382"   
[31] "N6419|dum_X1|57370647|57375021|+|4374"   
[32] "N6419|dum_X1|58251192|58255438|+|4246"   
[33] "_R_N6419|dum_X1|69875681|69880249|+|4568"
[34] "N6419|dum_X1|68606735|68610992|+|4257"   
[35] "_R_N6419|dum_X1|67961392|67965957|+|4565"
[36] "N6419|ten_X1|43818698|43823225|+|4527"   
[37] "N6419|dum_X1|55513072|55517068|+|3996"   
