jobinfo 30048808
getting scaled timeline
  [1] "N6663|dum_X2|143628793|143630469|+|1676" 
  [2] "N6663|dum_X2|143634929|143636607|+|1678" 
  [3] "N6663|dum_X2|143641071|143642742|+|1671" 
  [4] "N6663|dum_X2|143643118|143644789|+|1671" 
  [5] "N6663|dum_X2|143639025|143640695|+|1670" 
  [6] "N6663|dum_X2|143645163|143646836|+|1673" 
  [7] "N6663|dum_X2|143751471|143753145|+|1674" 
  [8] "N6663|dum_X2|143745321|143746997|+|1676" 
  [9] "N6663|dum_X2|143749419|143751095|+|1676" 
 [10] "N6663|dum_X2|143606292|143607963|+|1671" 
 [11] "N6663|dum_X2|143614475|143616147|+|1672" 
 [12] "N6663|dum_X2|143616523|143618199|+|1676" 
 [13] "N6663|dum_X2|143587817|143589486|+|1669" 
 [14] "N6663|dum_X2|143604247|143605916|+|1669" 
 [15] "N6663|dum_X2|143612431|143614099|+|1668" 
 [16] "N6663|dum_X2|143610382|143612055|+|1673" 
 [17] "N6663|dum_X2|143647212|143648890|+|1678" 
 [18] "N6663|dum_X2|143649266|143650946|+|1680" 
 [19] "N6663|dum_X2|143776125|143777805|+|1680" 
 [20] "N6663|dum_X2|143780233|143781920|+|1687" 
 [21] "N6663|dum_X2|143655420|143657093|+|1673" 
 [22] "N6663|dum_X2|143667689|143669362|+|1673" 
 [23] "N6663|dum_X2|143753521|143755197|+|1676" 
 [24] "N6663|dum_X2|143769950|143771633|+|1683" 
 [25] "N6663|dum_X2|143757622|143759306|+|1684" 
 [26] "N6663|dum_X2|143763786|143765470|+|1684" 
 [27] "N6663|dum_X2|143761730|143763410|+|1680" 
 [28] "N6663|dum_X2|143774066|143775749|+|1683" 
 [29] "N6663|dum_X2|143767894|143769574|+|1680" 
 [30] "N6663|dum_X2|143772009|143773690|+|1681" 
 [31] "N6663|dum_X2|143759682|143761354|+|1672" 
 [32] "N6663|dum_X2|143765846|143767518|+|1672" 
 [33] "N6663|dum_X2|143755573|143757246|+|1673" 
 [34] "N6663|dum_X2|143285836|143287508|+|1672" 
 [35] "N6663|dum_X2|143302244|143303916|+|1672" 
 [36] "N6663|dum_X2|143308410|143310082|+|1672" 
 [37] "N6663|dum_X2|143300195|143301868|+|1673" 
 [38] "N6663|dum_X2|143291991|143293666|+|1675" 
 [39] "N6663|dum_X2|143436223|143437892|+|1669" 
 [40] "N6663|dum_X2|143365803|143367451|+|1648" 
 [41] "N6663|dum_X2|143378909|143380558|+|1649" 
 [42] "N6663|dum_X2|143383033|143384681|+|1648" 
 [43] "N6663|dum_X2|143363708|143365385|+|1677" 
 [44] "N6663|dum_X2|143567313|143568992|+|1679" 
 [45] "N6663|dum_X2|143569367|143571036|+|1669" 
 [46] "N6663|dum_X2|143520053|143521735|+|1682" 
 [47] "N6663|dum_X2|143283786|143285459|+|1673" 
 [48] "N6663|dum_X2|143312505|143314173|+|1668" 
 [49] "N6663|dum_X2|143326831|143328499|+|1668" 
 [50] "N6663|dum_X2|143281742|143283410|+|1668" 
 [51] "N6663|dum_X2|143298149|143299819|+|1670" 
 [52] "N6663|dum_X2|143322739|143324406|+|1667" 
 [53] "N6663|dum_X2|143335018|143336685|+|1667" 
 [54] "N6663|dum_X2|143294042|143295711|+|1669" 
 [55] "N6663|dum_X2|143287884|143289555|+|1671" 
 [56] "N6663|dum_X2|143320692|143322363|+|1671" 
 [57] "N6663|dum_X2|143349354|143351031|+|1677" 
 [58] "N6663|dum_X2|143353454|143355131|+|1677" 
 [59] "N6663|dum_X2|143357553|143359230|+|1677" 
 [60] "N6663|dum_X2|143341157|143342834|+|1677" 
 [61] "N6663|dum_X2|143345255|143346932|+|1677" 
 [62] "N6663|dum_X2|143304292|143305974|+|1682" 
 [63] "N6663|dum_X2|143318648|143320316|+|1668" 
 [64] "N6663|dum_X2|143332973|143334642|+|1669" 
 [65] "N6663|dum_X2|143316599|143318272|+|1673" 
 [66] "N6663|dum_X2|143330924|143332597|+|1673" 
 [67] "N6663|dum_X2|143328875|143330548|+|1673" 
 [68] "N6663|dum_X2|143324781|143326455|+|1674" 
 [69] "N6663|dum_X2|143337060|143338734|+|1674" 
 [70] "N6663|dum_X2|143314549|143316223|+|1674" 
 [71] "N6663|dum_X2|143310458|143312129|+|1671" 
 [72] "N6663|dum_X2|143211850|143213493|+|1643" 
 [73] "N6663|dum_X2|143213868|143215548|+|1680" 
 [74] "N6663|dum_X2|143209754|143211432|+|1678" 
 [75] "N6663|dum_X2|143028219|143029862|+|1643" 
 [76] "N6663|dum_X2|143036516|143038160|+|1644" 
 [77] "N6663|dum_X2|142990812|142992459|+|1647" 
 [78] "N6663|dum_X2|142988743|142990389|+|1646" 
 [79] "N6663|dum_X2|142997042|142998688|+|1646" 
 [80] "N6663|dum_X2|142999064|143000736|+|1672" 
 [81] "N6663|dum_X2|143026120|143027795|+|1675" 
 [82] "N6663|dum_X2|142992890|142994534|+|1644" 
 [83] "N6663|dum_X2|142986679|142988323|+|1644" 
 [84] "N6663|dum_X2|142974301|142975945|+|1644" 
 [85] "N6663|dum_X2|142984615|142986258|+|1643" 
 [86] "N6663|dum_X2|142968059|142969729|+|1670" 
 [87] "N6663|dum_X2|143007389|143009035|+|1646" 
 [88] "N6663|dum_X2|142994964|142996610|+|1646" 
 [89] "N6663|dum_X2|143003239|143004884|+|1645" 
 [90] "N6663|dum_X2|143005317|143006966|+|1649" 
 [91] "N6663|dum_X2|143001159|143002806|+|1647" 
 [92] "N6663|dum_X2|142978376|142980058|+|1682" 
 [93] "N6663|dum_X2|142947532|142949174|+|1642" 
 [94] "N6663|dum_X2|142951655|142953297|+|1642" 
 [95] "N6663|dum_X2|142966009|142967683|+|1674" 
 [96] "N6663|dum_X2|142912548|142914194|+|1646" 
 [97] "N6663|dum_X2|143137881|143139554|+|1673" 
 [98] "N6663|dum_X2|143432135|143433804|+|1669" 
 [99] "N6663|dum_X2|143671746|143673426|+|1680" 
[100] "N6663|dum_X2|143681964|143683644|+|1680" 
[101] "N6663|dum_X2|143651322|143652999|+|1677" 
[102] "N6663|dum_X2|143657469|143659148|+|1679" 
[103] "N6663|dum_X2|143930238|143931908|+|1670" 
[104] "N6663|dum_X2|143938437|143940110|+|1673" 
[105] "N6663|dum_X2|143571410|143573078|+|1668" 
[106] "N6663|dum_X2|143596032|143597700|+|1668" 
[107] "N6663|dum_X2|143524231|143525875|+|1644" 
[108] "N6663|dum_X2|143565293|143566937|+|1644" 
[109] "N6663|dum_X2|143579608|143581275|+|1667" 
[110] "N6663|dum_X2|143589862|143591529|+|1667" 
[111] "N6663|dum_X2|143577565|143579232|+|1667" 
[112] "N6663|dum_X2|143507778|143509421|+|1643" 
[113] "N6663|dum_X2|143591905|143593586|+|1681" 
[114] "N6663|dum_X2|143598076|143599757|+|1681" 
[115] "N6663|dum_X2|143581651|143583326|+|1675" 
[116] "N6663|dum_X2|143575544|143577190|+|1646" 
[117] "N6663|dum_X2|143522111|143523796|+|1685" 
[118] "N6663|dum_X2|143509797|143511470|+|1673" 
[119] "N6663|dum_X2|143518032|143519677|+|1645" 
[120] "N6663|dum_X2|143505685|143507364|+|1679" 
[121] "N6663|dum_X2|143513895|143515572|+|1677" 
[122] "N6663|dum_X2|143515947|143517619|+|1672" 
[123] "N6663|dum_X2|143503632|143505309|+|1677" 
[124] "N6663|dum_X2|143511845|143513519|+|1674" 
[125] "N6663|dum_X2|143501581|143503256|+|1675" 
[126] "N6663|dum_X2|143528307|143529978|+|1671" 
[127] "N6663|dum_X2|143550883|143552554|+|1671" 
[128] "N6663|dum_X2|143534474|143536145|+|1671" 
[129] "N6663|dum_X2|143561155|143562825|+|1670" 
[130] "N6663|dum_X2|143563201|143564870|+|1669" 
[131] "N6663|dum_X2|143546796|143548461|+|1665" 
[132] "N6663|dum_X2|143585775|143587441|+|1666" 
[133] "N6663|dum_X2|143602203|143603871|+|1668" 
[134] "N6663|dum_X2|143608339|143610006|+|1667" 
[135] "N6663|dum_X2|143536566|143538208|+|1642" 
[136] "N6663|dum_X2|143552970|143554612|+|1642" 
[137] "N6663|dum_X2|143530399|143532041|+|1642" 
[138] "N6663|dum_X2|143557043|143558720|+|1677" 
[139] "N6663|dum_X2|143555027|143556667|+|1640" 
[140] "N6663|dum_X2|143559139|143560779|+|1640" 
[141] "N6663|dum_X2|143538623|143540263|+|1640" 
[142] "N6663|dum_X2|143542735|143544375|+|1640" 
[143] "N6663|dum_X2|143540679|143542319|+|1640" 
[144] "N6663|dum_X2|143544751|143546420|+|1669" 
[145] "N6663|dum_X2|143548837|143550507|+|1670" 
[146] "N6663|dum_X2|143526292|143527931|+|1639" 
[147] "N6663|dum_X2|143532459|143534098|+|1639" 
[148] "N6663|dum_X2|143573454|143575127|+|1673" 
[149] "N6663|dum_X2|143583766|143585399|+|1633" 
[150] "N6663|dum_X2|143600194|143601827|+|1633" 
[151] "N6663|dum_X2|143594023|143595656|+|1633" 
[152] "N6663|dum_X2|143917931|143919580|+|1649" 
[153] "N6663|dum_X2|143919956|143921629|+|1673" 
[154] "N6663|dum_X2|143924090|143925734|+|1644" 
[155] "N6663|dum_X2|143926153|143927800|+|1647" 
[156] "N6663|dum_X2|143928216|143929862|+|1646" 
[157] "N6663|dum_X2|143922005|143923671|+|1666" 
[158] "N6663|dum_X2|143819311|143820987|+|1676" 
[159] "N6663|dum_X2|143841902|143843582|+|1680" 
[160] "N6663|dum_X2|143833680|143835356|+|1676" 
[161] "N6663|dum_X2|143839850|143841526|+|1676" 
[162] "N6663|dum_X2|143837793|143839474|+|1681" 
[163] "N6663|dum_X2|143936385|143938061|+|1676" 
[164] "N6663|dum_X2|143932284|143933958|+|1674" 
[165] "N6663|dum_X2|143934334|143936009|+|1675" 
[166] "N6663|dum_X2|143940485|143942156|+|1671" 
[167] "N6663|dum_X2|143899422|143901102|+|1680" 
[168] "N6663|dum_X2|143905583|143907260|+|1677" 
[169] "N6663|dum_X2|143915870|143917516|+|1646" 
[170] "N6663|dum_X2|143903526|143905207|+|1681" 
[171] "N6663|dum_X2|143885047|143886723|+|1676" 
[172] "N6663|dum_X2|143891244|143892890|+|1646" 
[173] "N6663|dum_X2|143887099|143888782|+|1683" 
[174] "N6663|dum_X2|143893266|143894950|+|1684" 
[175] "N6663|dum_X2|143880940|143882625|+|1685" 
[176] "N6663|dum_X2|143907636|143909315|+|1679" 
[177] "N6663|dum_X2|143815236|143816884|+|1648" 
[178] "N6663|dum_X2|143823419|143825094|+|1675" 
[179] "N6663|dum_X2|143852185|143853859|+|1674" 
[180] "N6663|dum_X2|143829573|143831246|+|1673" 
[181] "N6663|dum_X2|143798744|143800428|+|1684" 
[182] "N6663|dum_X2|143802858|143804544|+|1686" 
[183] "N6663|dum_X2|143807007|143808656|+|1649" 
[184] "N6663|dum_X2|143788470|143790145|+|1675" 
[185] "N6663|dum_X2|143790522|143792199|+|1677" 
[186] "N6663|dum_X2|143796691|143798368|+|1677" 
[187] "N6663|dum_X2|143800805|143802482|+|1677" 
[188] "N6663|dum_X2|143944590|143946268|+|1678" 
[189] "N6663|dum_X2|143983648|143985319|+|1671" 
[190] "N6663|dum_X2|143979567|143981214|+|1647" 
[191] "N6663|dum_X2|143954861|143956544|+|1683" 
[192] "N6663|dum_X2|143963078|143964761|+|1683" 
[193] "N6663|dum_X2|143981590|143983272|+|1682" 
[194] "N6663|dum_X2|143985695|143987375|+|1680" 
[195] "N6663|dum_X2|143987751|143989431|+|1680" 
[196] "N6663|dum_X2|143973362|143975040|+|1678" 
[197] "N6663|dum_X2|143969249|143970931|+|1682" 
[198] "N6663|dum_X2|143965137|143966819|+|1682" 
[199] "N6663|dum_X2|143950753|143952431|+|1678" 
[200] "N6663|dum_X2|143958970|143960649|+|1679" 
[201] "N6663|dum_X2|143946644|143948327|+|1683" 
[202] "N6663|dum_X2|143977472|143979151|+|1679" 
[203] "N6663|dum_X2|143971306|143972986|+|1680" 
[204] "N6663|dum_X2|143967195|143968873|+|1678" 
[205] "N6663|dum_X2|143975416|143977096|+|1680" 
[206] "N6663|dum_X2|143948703|143950377|+|1674" 
[207] "N6663|dum_X2|143956920|143958594|+|1674" 
[208] "N6663|dum_X2|143952807|143954485|+|1678" 
[209] "N6663|dum_X2|143961025|143962702|+|1677" 
[210] "N6663|dum_X2|143778180|143779857|+|1677" 
[211] "N6663|dum_X2|143782295|143783973|+|1678" 
[212] "N6663|dum_X2|143811079|143812756|+|1677" 
[213] "N6663|dum_X2|143784349|143786032|+|1683" 
[214] "N6663|dum_X2|143792576|143794249|+|1673" 
[215] "N6663|dum_X2|143846016|143847697|+|1681" 
[216] "N6663|dum_X2|143850129|143851808|+|1679" 
[217] "N6663|dum_X2|143821363|143823042|+|1679" 
[218] "N6663|dum_X2|143786408|143788093|+|1685" 
[219] "N6663|dum_X2|143794666|143796314|+|1648" 
[220] "N6663|dum_X2|143878882|143880563|+|1681" 
[221] "N6663|dum_X2|143827521|143829196|+|1675" 
[222] "N6663|dum_X2|143289931|143291615|+|1684" 
[223] "N6663|dum_X2|143306350|143308034|+|1684" 
[224] "N6663|dum_X2|143296127|143297773|+|1646" 
[225] "N6663|dum_X2|143279685|143281366|+|1681" 
[226] "N6663|dum_X2|143856282|143857958|+|1676" 
[227] "N6663|dum_X2|143862447|143864124|+|1677" 
[228] "N6663|dum_X2|143860391|143862071|+|1680" 
[229] "N6663|dum_X2|143874768|143876449|+|1681" 
[230] "N6663|dum_X2|143876825|143878506|+|1681" 
[231] "N6663|dum_X2|143872749|143874392|+|1643" 
[232] "N6663|dum_X2|143858334|143860015|+|1681" 
[233] "N6663|dum_X2|143864500|143866181|+|1681" 
[234] "N6663|dum_X2|143813132|143814805|+|1673" 
[235] "N6663|dum_X2|143843961|143845640|+|1679" 
[236] "N6663|dum_X2|143848077|143849753|+|1676" 
[237] "N6663|dum_X2|143854235|143855906|+|1671" 
[238] "N6663|dum_X2|143804920|143806590|+|1670" 
[239] "N6663|dum_X2|143809032|143810703|+|1671" 
[240] "N6663|dum_X2|143883001|143884671|+|1670" 
[241] "N6663|dum_X2|143897375|143899046|+|1671" 
[242] "N6663|dum_X2|143909691|143911362|+|1671" 
[243] "N6663|dum_X2|143911738|143913409|+|1671" 
[244] "N6663|dum_X2|143913785|143915456|+|1671" 
[245] "N6663|dum_X2|143889158|143890830|+|1672" 
[246] "N6663|dum_X2|143895326|143896999|+|1673" 
[247] "N6663|dum_X2|143817260|143818935|+|1675" 
[248] "N6663|dum_X2|143866558|143868232|+|1674" 
[249] "N6663|dum_X2|143868609|143870283|+|1674" 
[250] "N6663|dum_X2|143870659|143872334|+|1675" 
[251] "N6663|dum_X2|143901478|143903150|+|1672" 
[252] "N6663|dum_X2|143831661|143833304|+|1643" 
[253] "N6663|dum_X2|143835773|143837417|+|1644" 
[254] "N6663|dum_X2|143825470|143827145|+|1675" 
[255] "N6663|dum_X2|143064118|143065787|+|1669" 
[256] "N6663|dum_X2|143133822|143135464|+|1642" 
[257] "N6663|dum_X2|143413707|143415378|+|1671" 
[258] "N6663|dum_X2|143430086|143431759|+|1673" 
[259] "N6663|dum_X2|143415754|143417424|+|1670" 
[260] "N6663|dum_X2|143407570|143409240|+|1670" 
[261] "N6663|dum_X2|143401435|143403104|+|1669" 
[262] "N6663|dum_X2|143347308|143348978|+|1670" 
[263] "N6663|dum_X2|143359606|143361276|+|1670" 
[264] "N6663|dum_X2|143343210|143344879|+|1669" 
[265] "N6663|dum_X2|143339110|143340781|+|1671" 
[266] "N6663|dum_X2|143351407|143353078|+|1671" 
[267] "N6663|dum_X2|143355507|143357177|+|1670" 
[268] "N6663|dum_X2|143361652|143363332|+|1680" 
[269] "N6663|dum_X2|143417800|143419469|+|1669" 
[270] "N6663|dum_X2|143423944|143425614|+|1670" 
[271] "N6663|dum_X2|143411661|143413331|+|1670" 
[272] "N6663|dum_X2|143677858|143679536|+|1678" 
[273] "N6663|dum_X2|143679911|143681589|+|1678" 
[274] "N6663|dum_X2|143663579|143665259|+|1680" 
[275] "N6663|dum_X2|143661532|143663205|+|1673" 
[276] "N6663|dum_X2|143686028|143687701|+|1673" 
[277] "N6663|dum_X2|143675810|143677483|+|1673" 
[278] "N6663|dum_X2|143694220|143695895|+|1675" 
[279] "N6663|dum_X2|143669845|143671370|+|1525" 
[280] "N6663|dum_X2|143673909|143675434|+|1525" 
[281] "N6663|dum_X2|143684127|143685652|+|1525" 
[282] "N6663|dum_X2|143659631|143661156|+|1525" 
[283] "N6663|dum_X2|143653375|143655044|+|1669" 
[284] "N6663|dum_X2|143665633|143667313|+|1680" 
[285] "N6663|dum_X2|142896113|142897781|+|1668" 
[286] "N6663|dum_X2|142902246|142903914|+|1668" 
[287] "N6663|dum_X2|142889932|142891613|+|1681" 
[288] "N6663|dum_X2|142879570|142881265|+|1695" 
[289] "N6663|dum_X2|142885784|142887479|+|1695" 
[290] "N6663|dum_X2|142848526|142850124|+|1598" 
[291] "N6663|dum_X2|142863067|142864642|+|1575" 
[292] "N6663|dum_X2|142891989|142893669|+|1680" 
[293] "N6663|dum_X2|142856852|142858499|+|1647" 
[294] "N6663|dum_X2|142858930|142860576|+|1646" 
[295] "N6663|dum_X2|142829922|142831569|+|1647" 
[296] "N6663|dum_X2|142834074|142835721|+|1647" 
[297] "N6663|dum_X2|142831997|142833643|+|1646" 
[298] "N6663|dum_X2|142836142|142837788|+|1646" 
[299] "N6663|dum_X2|142842357|142844003|+|1646" 
[300] "N6663|dum_X2|142827850|142829495|+|1645" 
[301] "N6663|dum_X2|142838221|142839866|+|1645" 
[302] "N6663|dum_X2|142871367|142873012|+|1645" 
[303] "N6663|dum_X2|142869289|142870934|+|1645" 
[304] "N6663|dum_X2|142823691|142825362|+|1671" 
[305] "N6663|dum_X2|142854742|142856428|+|1686" 
[306] "N6663|dum_X2|142850618|142852293|+|1675" 
[307] "N6663|dum_X2|142865136|142866813|+|1677" 
[308] "N6663|dum_X2|142972224|142973867|+|1643" 
[309] "N6663|dum_X2|142982544|142984190|+|1646" 
[310] "N6663|dum_X2|142976321|142978000|+|1679" 
[311] "N6663|dum_X2|142980434|142982113|+|1679" 
[312] "N6663|dum_X2|142970150|142971795|+|1645" 
[313] "N6663|dum_X2|143030297|143031942|+|1645" 
[314] "N6663|dum_X2|143032373|143034018|+|1645" 
[315] "N6663|dum_X2|143034450|143036096|+|1646" 
[316] "N6663|dum_X2|142852721|142854366|+|1645" 
[317] "N6663|dum_X2|142867189|142868868|+|1679" 
[318] "N6663|dum_X2|142825738|142827420|+|1682" 
[319] "N6663|dum_X2|142873429|142875072|+|1643" 
[320] "N6663|dum_X2|142875492|142877135|+|1643" 
[321] "N6663|dum_X2|142860995|142862638|+|1643" 
[322] "N6663|dum_X2|142840288|142841931|+|1643" 
[323] "N6663|dum_X2|142844433|142846076|+|1643" 
[324] "N6663|dum_X2|142881692|142883336|+|1644" 
[325] "N6663|dum_X2|142883764|142885408|+|1644" 
[326] "N6663|dum_X2|142887855|142889564|+|1709" 
[327] "N6663|dum_X2|142963955|142965633|+|1678" 
[328] "N6663|dum_X2|143215925|143217608|+|1683" 
[329] "N6663|dum_X2|143178944|143180615|+|1671" 
[330] "N6663|dum_X2|143045947|143047630|+|1683" 
[331] "N6663|dum_X2|143053837|143055484|+|1647" 
[332] "N6663|dum_X2|143055905|143057552|+|1647" 
[333] "N6663|dum_X2|143062095|143063742|+|1647" 
[334] "N6663|dum_X2|143399414|143401059|+|1645" 
[335] "N6663|dum_X2|143403478|143405151|+|1673" 
[336] "N6663|dum_X2|143419845|143421519|+|1674" 
[337] "N6663|dum_X2|143421895|143423568|+|1673" 
[338] "N6663|dum_X2|143425990|143427661|+|1671" 
[339] "N6663|dum_X2|143942532|143944214|+|1682" 
[340] "N6663|dum_X2|143111249|143112929|+|1680" 
[341] "N6663|dum_X2|143127632|143129315|+|1683" 
[342] "N6663|dum_X2|143139929|143141599|+|1670" 
[343] "N6663|dum_X2|143051762|143053406|+|1644" 
[344] "N6663|dum_X2|143060025|143061670|+|1645" 
[345] "N6663|dum_X2|143043893|143045571|+|1678" 
[346] "N6663|dum_X2|143041873|143043517|+|1644" 
[347] "N6663|dum_X2|143049701|143051345|+|1644" 
[348] "N6663|dum_X2|143057928|143059603|+|1675" 
[349] "N6663|dum_X2|143273514|143275180|+|1666" 
[350] "N6663|dum_X2|143275555|143277233|+|1678" 
[351] "N6663|dum_X2|143277666|143279309|+|1643" 
[352] "N6663|dum_X2|143230347|143231993|+|1646" 
[353] "N6663|dum_X2|143267349|143269025|+|1676" 
[354] "N6663|dum_X2|143269401|143271080|+|1679" 
[355] "N6663|dum_X2|143220037|143221714|+|1677" 
[356] "N6663|dum_X2|143217984|143219661|+|1677" 
[357] "N6663|dum_X2|143222090|143223766|+|1676" 
[358] "N6663|dum_X2|143228286|143229930|+|1644" 
[359] "N6663|dum_X2|143232407|143234051|+|1644" 
[360] "N6663|dum_X2|143244760|143246404|+|1644" 
[361] "N6663|dum_X2|143252994|143254638|+|1644" 
[362] "N6663|dum_X2|143263280|143264919|+|1639" 
[363] "N6663|dum_X2|143234427|143236108|+|1681" 
[364] "N6663|dum_X2|143236484|143238165|+|1681" 
[365] "N6663|dum_X2|143271456|143273138|+|1682" 
[366] "N6663|dum_X2|143224142|143225820|+|1678" 
[367] "N6663|dum_X2|143265295|143266973|+|1678" 
[368] "N6663|dum_X2|143238541|143240215|+|1674" 
[369] "N6663|dum_X2|143246778|143248457|+|1679" 
[370] "N6663|dum_X2|143261185|143262863|+|1678" 
[371] "N6663|dum_X2|143255049|143256694|+|1645" 
[372] "N6663|dum_X2|143240631|143242276|+|1645" 
[373] "N6663|dum_X2|143248873|143250518|+|1645" 
[374] "N6663|dum_X2|143257110|143258755|+|1645" 
[375] "N6663|dum_X2|143142013|143143657|+|1644" 
[376] "N6663|dum_X2|143146128|143147772|+|1644" 
[377] "N6663|dum_X2|143144032|143145714|+|1682" 
[378] "N6663|dum_X2|143148147|143149818|+|1671" 
[379] "N6663|dum_X2|143150193|143151864|+|1671" 
[380] "N6663|dum_X2|143160444|143162125|+|1681" 
[381] "N6663|dum_X2|143195384|143197059|+|1675" 
[382] "N6663|dum_X2|143197435|143199110|+|1675" 
[383] "N6663|dum_X2|143193336|143195008|+|1672" 
[384] "N6663|dum_X2|143170731|143172413|+|1682" 
[385] "N6663|dum_X2|143174841|143176522|+|1681" 
[386] "N6663|dum_X2|143166623|143168303|+|1680" 
[387] "N6663|dum_X2|143191280|143192961|+|1681" 
[388] "N6663|dum_X2|143183050|143184725|+|1675" 
[389] "N6663|dum_X2|143187198|143188845|+|1647" 
[390] "N6663|dum_X2|143162500|143164176|+|1676" 
[391] "N6663|dum_X2|143226196|143227873|+|1677" 
[392] "N6663|dum_X2|143154327|143155974|+|1647" 
[393] "N6663|dum_X2|143203596|143205276|+|1680" 
[394] "N6663|dum_X2|143205652|143207331|+|1679" 
[395] "N6663|dum_X2|143168678|143170355|+|1677" 
[396] "N6663|dum_X2|143172788|143174465|+|1677" 
[397] "N6663|dum_X2|143158394|143160069|+|1675" 
[398] "N6663|dum_X2|143180990|143182675|+|1685" 
[399] "N6663|dum_X2|143185140|143186786|+|1646" 
[400] "N6663|dum_X2|143189263|143190905|+|1642" 
[401] "N6663|dum_X2|143201545|143203220|+|1675" 
[402] "N6663|dum_X2|143207706|143209379|+|1673" 
[403] "N6663|dum_X2|143152240|143153912|+|1672" 
[404] "N6663|dum_X2|143156349|143158018|+|1669" 
[405] "N6663|dum_X2|143176896|143178568|+|1672" 
[406] "N6663|dum_X2|143199523|143201169|+|1646" 
[407] "N6663|dum_X2|143164601|143166247|+|1646" 
[408] "N6663|dum_X2|143242652|143244336|+|1684" 
[409] "N6663|dum_X2|143250934|143252580|+|1646" 
[410] "N6663|dum_X2|143259131|143260811|+|1680" 
[411] "N6663|dum_X2|143405527|143407194|+|1667" 
[412] "N6663|dum_X2|143428037|143429710|+|1673" 
[413] "N6663|dum_X2|143409616|143411285|+|1669" 
[414] "N6663|dum_X2|143397329|143398997|+|1668" 
[415] "N6663|dum_X2|143387101|143388768|+|1667" 
[416] "N6663|dum_X2|143389143|143390815|+|1672" 
[417] "N6663|dum_X2|143395285|143396954|+|1669" 
[418] "N6663|dum_X2|143385057|143386725|+|1668" 
[419] "N6663|dum_X2|143391190|143392862|+|1672" 
[420] "N6663|dum_X2|143393237|143394909|+|1672" 
[421] "N6663|dum_X2|143367827|143369493|+|1666" 
[422] "N6663|dum_X2|143380934|143382601|+|1667" 
[423] "N6663|dum_X2|143624705|143626372|+|1667" 
[424] "N6663|dum_X2|143632888|143634555|+|1667" 
[425] "N6663|dum_X2|143620618|143622286|+|1668" 
[426] "N6663|dum_X2|143622662|143624329|+|1667" 
[427] "N6663|dum_X2|143626746|143628419|+|1673" 
[428] "N6663|dum_X2|143618575|143620244|+|1669" 
[429] "N6663|dum_X2|143630845|143632514|+|1669" 
[430] "N6663|dum_X2|143636983|143638650|+|1667" 
[431] "N6663|dum_X2|143499539|143501205|+|1666" 
[432] "N6663|dum_X2|143692172|143693845|+|1673" 
[433] "N6663|dum_X2|143743271|143744945|+|1674" 
[434] "N6663|dum_X2|143698351|143699995|+|1644" 
[435] "N6663|dum_X2|143702428|143704095|+|1667" 
[436] "N6663|dum_X2|143728977|143730645|+|1668" 
[437] "N6663|dum_X2|143741230|143742896|+|1666" 
[438] "N6663|dum_X2|143696271|143697938|+|1667" 
[439] "N6663|dum_X2|143710597|143712264|+|1667" 
[440] "N6663|dum_X2|143706512|143708179|+|1667" 
[441] "N6663|dum_X2|143718765|143720432|+|1667" 
[442] "N6663|dum_X2|143739187|143740854|+|1667" 
[443] "N6663|dum_X2|143726935|143728601|+|1666" 
[444] "N6663|dum_X2|143733063|143734729|+|1666" 
[445] "N6663|dum_X2|143737143|143738811|+|1668" 
[446] "N6663|dum_X2|143720808|143722474|+|1666" 
[447] "N6663|dum_X2|143708555|143710221|+|1666" 
[448] "N6663|dum_X2|143716723|143718389|+|1666" 
[449] "N6663|dum_X2|143724893|143726559|+|1666" 
[450] "N6663|dum_X2|143704471|143706136|+|1665" 
[451] "N6663|dum_X2|143714682|143716347|+|1665" 
[452] "N6663|dum_X2|143731021|143732688|+|1667" 
[453] "N6663|dum_X2|143722850|143724517|+|1667" 
[454] "N6663|dum_X2|143735105|143736767|+|1662" 
[455] "N6663|dum_X2|143712640|143714306|+|1666" 
[456] "N6663|dum_X2|143690127|143691797|+|1670" 
[457] "N6663|dum_X2|143747373|143749043|+|1670" 
[458] "N6663|dum_X2|143475016|143476683|+|1667" 
[459] "N6663|dum_X2|143477059|143478739|+|1680" 
[460] "N6663|dum_X2|143438320|143439963|+|1643" 
[461] "N6663|dum_X2|143117403|143119072|+|1669" 
[462] "N6663|dum_X2|143123539|143125208|+|1669" 
[463] "N6663|dum_X2|143109204|143110873|+|1669" 
[464] "N6663|dum_X2|143125584|143127256|+|1672" 
[465] "N6663|dum_X2|143094895|143096563|+|1668" 
[466] "N6663|dum_X2|143096938|143098605|+|1667" 
[467] "N6663|dum_X2|143070304|143071947|+|1643" 
[468] "N6663|dum_X2|143082578|143084252|+|1674" 
[469] "N6663|dum_X2|143084628|143086302|+|1674" 
[470] "N6663|dum_X2|143078482|143080156|+|1674" 
[471] "N6663|dum_X2|143086730|143088373|+|1643" 
[472] "N6663|dum_X2|143076439|143078106|+|1667" 
[473] "N6663|dum_X2|143080532|143082202|+|1670" 
[474] "N6663|dum_X2|143098980|143100650|+|1670" 
[475] "N6663|dum_X2|143101025|143102695|+|1670" 
[476] "N6663|dum_X2|143103069|143104737|+|1668" 
[477] "N6663|dum_X2|143088749|143090422|+|1673" 
[478] "N6663|dum_X2|143090798|143092471|+|1673" 
[479] "N6663|dum_X2|143092847|143094520|+|1673" 
[480] "N6663|dum_X2|143072323|143074005|+|1682" 
[481] "N6663|dum_X2|143068211|143069881|+|1670" 
[482] "N6663|dum_X2|143074381|143076063|+|1682" 
[483] "N6663|dum_X2|143129693|143131348|+|1655" 
[484] "N6663|dum_X2|143105111|143106782|+|1671" 
[485] "N6663|dum_X2|143119448|143121117|+|1669" 
[486] "N6663|dum_X2|143113305|143114981|+|1676" 
[487] "N6663|dum_X2|143131724|143133405|+|1681" 
[488] "N6663|dum_X2|143107158|143108827|+|1669" 
[489] "N6663|dum_X2|143115357|143117026|+|1669" 
[490] "N6663|dum_X2|143121493|143123162|+|1669" 
[491] "N6663|dum_X2|143066163|143067835|+|1672" 
[492] "N6663|dum_X2|143135838|143137505|+|1667" 
[493] "N6663|dum_X2|143442387|143444056|+|1669" 
[494] "N6663|dum_X2|143444432|143446103|+|1671" 
[495] "N6663|dum_X2|143454651|143456319|+|1668" 
[496] "N6663|dum_X2|143456694|143458360|+|1666" 
[497] "N6663|dum_X2|143458735|143460402|+|1667" 
[498] "N6663|dum_X2|143450567|143452234|+|1667" 
[499] "N6663|dum_X2|143462820|143464466|+|1646" 
[500] "N6663|dum_X2|143466873|143468519|+|1646" 
[501] "N6663|dum_X2|143434180|143435848|+|1668" 
[502] "N6663|dum_X2|143464831|143466498|+|1667" 
[503] "N6663|dum_X2|143468884|143470551|+|1667" 
[504] "N6663|dum_X2|143460777|143462445|+|1668" 
[505] "N6663|dum_X2|143481159|143482827|+|1668" 
[506] "N6663|dum_X2|143452609|143454277|+|1668" 
[507] "N6663|dum_X2|143440339|143442012|+|1673" 
[508] "N6663|dum_X2|143487286|143488953|+|1667" 
[509] "N6663|dum_X2|143491370|143493037|+|1667" 
[510] "N6663|dum_X2|143489328|143490995|+|1667" 
[511] "N6663|dum_X2|143495454|143497121|+|1667" 
[512] "N6663|dum_X2|143485243|143486911|+|1668" 
[513] "N6663|dum_X2|143493411|143495079|+|1668" 
[514] "N6663|dum_X2|143483202|143484868|+|1666" 
[515] "N6663|dum_X2|143497496|143499163|+|1667" 
[516] "N6663|dum_X2|143479115|143480783|+|1668" 
[517] "N6663|dum_X2|143446479|143448147|+|1668" 
[518] "N6663|dum_X2|143448523|143450191|+|1668" 
[519] "N6663|dum_X2|143470926|143472595|+|1669" 
[520] "N6663|dum_X2|143472970|143474640|+|1670" 
[521] "N6663|dum_X2|143688074|143689751|+|1677" 
[522] "N6663|dum_X2|143700409|143702052|+|1643" 
[523] "N6663|dum_X2|142961938|142963579|+|1641" 
[524] "_R_N6663|ten_X2|75160274|75161959|+|1685"
[525] "_R_N6663|ten_X2|75144872|75146560|+|1688"
[526] "N6663|dum_X2|143989807|143991480|+|1673" 
[527] "N6663|dum_X2|142916688|142918327|+|1639" 
[528] "N6663|dum_X2|142939310|142940950|+|1640" 
[529] "N6663|dum_X2|142922861|142924499|+|1638" 
[530] "N6663|dum_X2|142945437|142947113|+|1676" 
[531] "N6663|dum_X2|142949592|142951233|+|1641" 
[532] "N6663|dum_X2|142908426|142910066|+|1640" 
[533] "N6663|dum_X2|142906334|142908007|+|1673" 
[534] "N6663|dum_X2|142900199|142901870|+|1671" 
[535] "N6663|dum_X2|142910488|142912129|+|1641" 
[536] "N6663|dum_X2|142918747|142920390|+|1643" 
[537] "N6663|dum_X2|142924915|142926558|+|1643" 
[538] "N6663|dum_X2|142941367|142943010|+|1643" 
[539] "N6663|dum_X2|142931080|142932724|+|1644" 
[540] "N6663|dum_X2|142928986|142930653|+|1667" 
[541] "N6663|dum_X2|142935152|142936819|+|1667" 
[542] "N6663|dum_X2|142955747|142957413|+|1666" 
[543] "N6663|dum_X2|142959832|142961500|+|1668" 
[544] "N6663|dum_X2|142914625|142916266|+|1641" 
[545] "N6663|dum_X2|142937247|142938888|+|1641" 
[546] "N6663|dum_X2|142920766|142922442|+|1676" 
[547] "N6663|dum_X2|142926934|142928610|+|1676" 
[548] "N6663|dum_X2|142933100|142934776|+|1676" 
[549] "N6663|dum_X2|142943385|142945061|+|1676" 
[550] "N6663|dum_X2|142957789|142959456|+|1667" 
[551] "N6663|dum_X2|142953729|142955372|+|1643" 
[552] "N6663|dum_X2|142898155|142899824|+|1669" 
[553] "N6663|dum_X2|142904288|142905959|+|1671" 
[554] "N6663|dum_X2|142894095|142895737|+|1642" 
[555] "N6663|dum_X2|142877511|142879194|+|1683" 
[556] "N6663|dum_X2|142846506|142848150|+|1644" 
[557] "N6663|dum_X2|142821665|142823315|+|1650" 
