jobinfo 30048714
getting scaled timeline
  [1] "N4529|dum_3|226887521|226889542|+|2021"    
  [2] "N4529|ten_3|228879920|228881853|+|1933"    
  [3] "_R_N4529|dum_1|225596465|225598122|+|1657" 
  [4] "N4529|dum_5|118538270|118540205|+|1935"    
  [5] "N4529|dum_12|90188832|90190627|+|1795"     
  [6] "N4529|ten_10|159021903|159023848|+|1945"   
  [7] "_R_N4529|dum_7|65463266|65465279|+|2013"   
  [8] "N4529|ten_7|138631444|138633395|+|1951"    
  [9] "_R_N4529|dum_9|58824640|58826316|+|1676"   
 [10] "N4529|ten_9|117937156|117938894|+|1738"    
 [11] "_R_N4529|dum_7|102120111|102122043|+|1932" 
 [12] "N4529|ten_7|99898291|99900243|+|1952"      
 [13] "N4529|dum_2|105250464|105252475|+|2011"    
 [14] "N4529|ten_2|110343426|110345428|+|2002"    
 [15] "N4529|dum_9|161028139|161030060|+|1921"    
 [16] "_R_N4529|ten_9|18949059|18951053|+|1994"   
 [17] "_R_N4529|ten_9|18976648|18978576|+|1928"   
 [18] "_R_N4529|ten_9|18996053|18997981|+|1928"   
 [19] "_R_N4529|ten_7|124399770|124401694|+|1924" 
 [20] "N4529|ten_7|124944159|124946084|+|1925"    
 [21] "N4529|dum_7|76676544|76678470|+|1926"      
 [22] "N4529|dum_7|123105043|123107049|+|2006"    
 [23] "_R_N4529|dum_4|188285858|188287866|+|2008" 
 [24] "N4529|ten_7|64524413|64526430|+|2017"      
 [25] "N4529|ten_4|196665331|196667330|+|1999"    
 [26] "N4529|dum_3|170793628|170795232|+|1604"    
 [27] "N4529|ten_3|163614591|163616195|+|1604"    
 [28] "N4529|ten_6|173722418|173724315|+|1897"    
 [29] "_R_N4529|dum_5|147753299|147755105|+|1806" 
 [30] "N4529|ten_5|92194256|92196157|+|1901"      
 [31] "_R_N4529|dum_1|193624739|193626556|+|1817" 
 [32] "_R_N4529|ten_1|190752072|190753987|+|1915" 
 [33] "_R_N4529|ten_6|167194893|167196920|+|2027" 
 [34] "_R_N4529|dum_12|36962159|36964087|+|1928"  
 [35] "_R_N4529|ten_12|40338345|40340273|+|1928"  
 [36] "_R_N4529|dum_10|66164632|66166565|+|1933"  
 [37] "N4529|ten_1|274492248|274493881|+|1633"    
 [38] "N4529|dum_9|85607696|85609694|+|1998"      
 [39] "_R_N4529|dum_4|125714800|125716779|+|1979" 
 [40] "_R_N4529|ten_X2|71710716|71712696|+|1980"  
 [41] "N4529|ten_4|107640652|107642654|+|2002"    
 [42] "_R_N4529|dum_4|212613651|212615220|+|1569" 
 [43] "_R_N4529|ten_11|66529237|66531242|+|2005"  
 [44] "N4529|ten_3|270671867|270673850|+|1983"    
 [45] "N4529|ten_4|55548934|55550930|+|1996"      
 [46] "_R_N4529|dum_4|241629320|241631044|+|1724" 
 [47] "N4529|ten_4|231549444|231551157|+|1713"    
 [48] "_R_N4529|ten_5|168398052|168399954|+|1902" 
 [49] "N4529|dum_2|127607568|127609481|+|1913"    
 [50] "N4529|ten_2|131123539|131125518|+|1979"    
 [51] "N4529|dum_3|116217887|116219828|+|1941"    
 [52] "N4529|ten_6|86778055|86780061|+|2006"      
 [53] "_R_N4529|dum_6|142670038|142672043|+|2005" 
 [54] "N4529|ten_4|3156341|3158351|+|2010"        
 [55] "_R_N4529|ten_3|126475802|126477805|+|2003" 
 [56] "N4529|dum_6|232519460|232521441|+|1981"    
 [57] "N4529|dum_4|205964812|205966818|+|2006"    
 [58] "N4529|dum_4|205999169|206001176|+|2007"    
 [59] "N4529|dum_4|205995246|205997253|+|2007"    
 [60] "N4529|dum_4|206080900|206082907|+|2007"    
 [61] "N4529|dum_4|206108309|206110316|+|2007"    
 [62] "N4529|dum_4|206088693|206090699|+|2006"    
 [63] "N4529|dum_4|205957849|205959856|+|2007"    
 [64] "N4529|dum_4|205953934|205955941|+|2007"    
 [65] "N4529|dum_4|205987374|205989381|+|2007"    
 [66] "N4529|dum_4|205991316|205993321|+|2005"    
 [67] "N4529|dum_4|206104398|206106404|+|2006"    
 [68] "N4529|dum_4|206034193|206036156|+|1963"    
 [69] "N4529|dum_4|206053656|206055619|+|1963"    
 [70] "N4529|dum_4|206057544|206059507|+|1963"    
 [71] "N4529|dum_4|206041975|206043938|+|1963"    
 [72] "N4529|dum_4|206030306|206032269|+|1963"    
 [73] "N4529|dum_4|206038088|206040051|+|1963"    
 [74] "N4529|dum_4|206049769|206051732|+|1963"    
 [75] "N4529|dum_4|206069222|206071185|+|1963"    
 [76] "N4529|dum_4|206045868|206047831|+|1963"    
 [77] "N4529|dum_4|206092616|206094621|+|2005"    
 [78] "N4529|dum_4|206096534|206098539|+|2005"    
 [79] "N4529|dum_4|206100446|206102451|+|2005"    
 [80] "N4529|dum_4|206061448|206063412|+|1964"    
 [81] "N4529|dum_4|206077004|206078968|+|1964"    
 [82] "N4529|dum_4|206026406|206028369|+|1963"    
 [83] "N4529|dum_4|205983489|205985454|+|1965"    
 [84] "N4529|dum_4|206014732|206016697|+|1965"    
 [85] "N4529|dum_4|205979595|205981560|+|1965"    
 [86] "N4529|dum_4|205942343|205944308|+|1965"    
 [87] "N4529|dum_4|205946205|205948170|+|1965"    
 [88] "N4529|dum_4|205950068|205952033|+|1965"    
 [89] "N4529|dum_4|205930725|205932690|+|1965"    
 [90] "N4529|dum_4|205934603|205936568|+|1965"    
 [91] "N4529|dum_4|205938479|205940444|+|1965"    
 [92] "N4529|dum_4|206084806|206086771|+|1965"    
 [93] "N4529|dum_4|206018624|206020589|+|1965"    
 [94] "N4529|dum_4|206073105|206075070|+|1965"    
 [95] "N4529|dum_4|206022511|206024476|+|1965"    
 [96] "N4529|dum_4|206065331|206067296|+|1965"    
 [97] "N4529|dum_4|206010841|206012804|+|1963"    
 [98] "N4529|dum_4|206006960|206008923|+|1963"    
 [99] "N4529|dum_4|206003078|206005041|+|1963"    
[100] "N4529|dum_4|205926844|205928807|+|1963"    
[101] "N4529|ten_6|81482819|81484690|+|1871"      
[102] "_R_N4529|ten_3|230217339|230219349|+|2010" 
[103] "_R_N4529|ten_8|124366591|124368605|+|2014" 
[104] "N4529|dum_11|53725143|53727151|+|2008"     
[105] "N4529|dum_11|53729468|53731476|+|2008"     
[106] "_R_N4529|dum_1|244114394|244116401|+|2007" 
[107] "N4529|dum_1|36084801|36086810|+|2009"      
[108] "N4529|dum_7|79547957|79549963|+|2006"      
[109] "N4529|dum_3|206216991|206218998|+|2007"    
[110] "N4529|dum_3|185037190|185039198|+|2008"    
[111] "_R_N4529|ten_3|89278620|89280630|+|2010"   
[112] "_R_N4529|ten_12|34149662|34151672|+|2010"  
[113] "N4529|ten_11|14876926|14878942|+|2016"     
[114] "_R_N4529|ten_7|135728530|135730540|+|2010" 
[115] "_R_N4529|dum_1|267788225|267790231|+|2006" 
[116] "_R_N4529|dum_X2|109164078|109166084|+|2006"
[117] "_R_N4529|dum_8|88241314|88243323|+|2009"   
[118] "_R_N4529|ten_8|81213351|81215356|+|2005"   
[119] "_R_N4529|dum_3|21560307|21562314|+|2007"   
[120] "N4529|ten_2|65302207|65304227|+|2020"      
[121] "N4529|dum_9|12540298|12542313|+|2015"      
[122] "N4529|dum_9|12548916|12550931|+|2015"      
[123] "N4529|dum_9|12553228|12555243|+|2015"      
[124] "N4529|dum_9|12535989|12538005|+|2016"      
[125] "N4529|dum_9|12544605|12546621|+|2016"      
[126] "_R_N4529|dum_4|163119424|163121444|+|2020" 
[127] "N4529|dum_3|31689885|31691872|+|1987"      
[128] "_R_N4529|dum_6|205716834|205718736|+|1902" 
[129] "_R_N4529|dum_12|74333887|74335909|+|2022"  
[130] "_R_N4529|dum_4|100504089|100506089|+|2000" 
[131] "N4529|dum_10|79321795|79323789|+|1994"     
[132] "N4529|dum_8|33269527|33271416|+|1889"      
[133] "_R_N4529|dum_4|99776966|99778964|+|1998"   
[134] "_R_N4529|ten_2|16419423|16421399|+|1976"   
[135] "_R_N4529|dum_1|84059973|84061963|+|1990"   
[136] "_R_N4529|dum_3|160923845|160925838|+|1993" 
[137] "_R_N4529|dum_3|132277250|132279257|+|2007" 
[138] "N4529|dum_7|142444710|142446715|+|2005"    
[139] "_R_N4529|dum_1|128566072|128568007|+|1935" 
[140] "N4529|dum_1|238033041|238035031|+|1990"    
[141] "N4529|dum_10|68624355|68626345|+|1990"     
[142] "_R_N4529|dum_10|150576155|150578145|+|1990"
[143] "_R_N4529|dum_6|8321497|8323487|+|1990"     
[144] "N4529|dum_2|108391756|108393746|+|1990"    
[145] "N4529|dum_1|42546845|42548834|+|1989"      
[146] "N4529|dum_6|21224313|21226303|+|1990"      
[147] "N4529|dum_11|1115290|1117280|+|1990"       
[148] "N4529|dum_11|1128054|1130044|+|1990"       
[149] "N4529|dum_11|1301271|1303261|+|1990"       
[150] "_R_N4529|dum_3|150262589|150264577|+|1988" 
[151] "N4529|dum_7|205260092|205262083|+|1991"    
[152] "N4529|dum_9|185087759|185089749|+|1990"    
[153] "_R_N4529|dum_3|219902825|219904478|+|1653" 
[154] "_R_N4529|dum_7|196500514|196502520|+|2006" 
[155] "_R_N4529|dum_2|267506251|267508258|+|2007" 
[156] "_R_N4529|dum_2|70642446|70644452|+|2006"   
[157] "_R_N4529|dum_3|188125064|188127068|+|2004" 
[158] "_R_N4529|dum_1|208453343|208455335|+|1992" 
[159] "N4529|dum_5|160674829|160676837|+|2008"    
[160] "N4529|dum_2|32731703|32733690|+|1987"      
[161] "N4529|dum_9|109970941|109972933|+|1992"    
[162] "N4529|dum_2|254284510|254286496|+|1986"    
[163] "N4529|dum_8|166346733|166348735|+|2002"    
[164] "N4529|ten_5|143827251|143829258|+|2007"    
[165] "_R_N4529|dum_3|191601207|191602780|+|1573" 
[166] "_R_N4529|ten_3|184088721|184090285|+|1564" 
[167] "_R_N4529|dum_9|63710070|63711765|+|1695"   
[168] "N4529|ten_9|113373499|113375436|+|1937"    
[169] "N4529|dum_3|151418733|151420317|+|1584"    
[170] "N4529|ten_3|145515355|145516940|+|1585"    
[171] "N4529|dum_7|181933203|181935146|+|1943"    
[172] "N4529|ten_10|156432240|156434176|+|1936"   
[173] "_R_N4529|dum_10|46073082|46075073|+|1991"  
[174] "N4529|dum_9|127077166|127079072|+|1906"    
[175] "_R_N4529|ten_3|238467147|238469048|+|1901" 
[176] "_R_N4529|dum_8|170273903|170275939|+|2036" 
[177] "_R_N4529|ten_1|226003395|226005391|+|1996" 
[178] "_R_N4529|ten_3|39835626|39837367|+|1741"   
[179] "N4529|ten_7|134422348|134424353|+|2005"    
[180] "N4529|dum_10|57308619|57310435|+|1816"     
[181] "_R_N4529|ten_10|48710229|48712045|+|1816"  
[182] "N4529|ten_7|71479798|71481780|+|1982"      
[183] "_R_N4529|ten_7|180663776|180665779|+|2003" 
[184] "_R_N4529|dum_12|19843069|19845076|+|2007"  
[185] "N4529|ten_12|19209557|19211563|+|2006"     
[186] "_R_N4529|dum_8|2652377|2654310|+|1933"     
[187] "_R_N4529|ten_8|578577|580505|+|1928"       
[188] "_R_N4529|dum_5|121141768|121143472|+|1704" 
[189] "N4529|ten_5|112461404|112463335|+|1931"    
[190] "_R_N4529|ten_5|52260960|52262895|+|1935"   
[191] "N4529|dum_6|91173461|91175383|+|1922"      
[192] "N4529|ten_6|105352953|105354893|+|1940"    
[193] "N4529|ten_1|251425281|251427287|+|2006"    
[194] "_R_N4529|ten_5|75076553|75078483|+|1930"   
[195] "_R_N4529|ten_5|75080993|75082923|+|1930"   
[196] "_R_N4529|ten_5|75085433|75087364|+|1931"   
[197] "N4529|dum_5|164378658|164380580|+|1922"    
[198] "_R_N4529|dum_7|27584014|27586015|+|2001"   
[199] "N4529|dum_1|32616739|32618758|+|2019"      
