jobinfo 30048883
getting scaled timeline
 [1] "N6914|ten_1|156978846|156981679|+|2833"    
 [2] "N6914|ten_4|110687065|110689919|+|2854"    
 [3] "N6914|ten_7|194780676|194783498|+|2822"    
 [4] "_R_N6914|ten_4|4258315|4261041|+|2726"     
 [5] "_R_N6914|ten_1|182654609|182657457|+|2848" 
 [6] "N6914|ten_11|79759593|79762430|+|2837"     
 [7] "_R_N6914|ten_5|98358203|98361052|+|2849"   
 [8] "N6914|ten_2|258490570|258493418|+|2848"    
 [9] "N6914|ten_8|10197440|10200288|+|2848"      
[10] "N6914|ten_6|4202471|4205320|+|2849"        
[11] "_R_N6914|ten_3|67266795|67269642|+|2847"   
[12] "N6914|ten_X2|137866016|137868861|+|2845"   
[13] "_R_N6914|ten_1|252075010|252077857|+|2847" 
[14] "N6914|ten_X2|170409000|170411847|+|2847"   
[15] "_R_N6914|ten_10|109505337|109508184|+|2847"
[16] "_R_N6914|ten_X2|10904836|10907682|+|2846"  
[17] "N6914|ten_10|150820116|150822960|+|2844"   
[18] "N6914|ten_12|22350699|22353538|+|2839"     
[19] "N6914|ten_3|184210380|184213229|+|2849"    
[20] "N6914|ten_3|110042566|110045386|+|2820"    
[21] "_R_N6914|ten_10|136270058|136272907|+|2849"
[22] "_R_N6914|ten_X2|170394638|170397487|+|2849"
[23] "_R_N6914|ten_11|22832455|22835304|+|2849"  
[24] "_R_N6914|ten_X2|84044756|84047605|+|2849"  
[25] "_R_N6914|ten_X1|6256019|6258867|+|2848"    
[26] "N6914|ten_3|19528708|19531547|+|2839"      
[27] "_R_N6914|ten_11|81557786|81560635|+|2849"  
[28] "N6914|ten_6|4183112|4185961|+|2849"        
[29] "N6914|ten_9|18340935|18343778|+|2843"      
[30] "N6914|ten_12|46289494|46292335|+|2841"     
[31] "_R_N6914|ten_4|164905610|164908457|+|2847" 
[32] "_R_N6914|ten_8|106186261|106189109|+|2848" 
[33] "N6914|ten_6|4368066|4370307|+|2241"        
[34] "N6914|ten_8|9962384|9965233|+|2849"        
[35] "_R_N6914|ten_7|128512636|128515424|+|2788" 
[36] "_R_N6914|ten_6|159070684|159073530|+|2846" 
[37] "_R_N6914|dum_4|218354403|218357251|+|2848" 
[38] "N6914|ten_3|250052208|250055035|+|2827"    
[39] "_R_N6914|dum_11|41279092|41281939|+|2847"  
[40] "N6914|ten_1|127828572|127831419|+|2847"    
[41] "_R_N6914|ten_X1|127994788|127997644|+|2856"
[42] "N6914|ten_9|90557442|90560289|+|2847"      
[43] "_R_N6914|ten_1|193134378|193137225|+|2847" 
[44] "N6914|ten_6|217259811|217262658|+|2847"    
[45] "_R_N6914|ten_6|167521615|167524464|+|2849" 
[46] "N6914|ten_1|71581493|71584322|+|2829"      
[47] "N6914|ten_7|172314912|172317578|+|2666"    
[48] "N6914|ten_10|37386481|37389329|+|2848"     
[49] "_R_N6914|ten_1|151871933|151874773|+|2840" 
[50] "_R_N6914|ten_8|72011839|72014698|+|2859"   
[51] "_R_N6914|ten_11|17101246|17104121|+|2875"  
[52] "_R_N6914|dum_11|163704787|163707180|+|2393"
[53] "N6914|ten_X2|83042725|83045138|+|2413"     
[54] "N6914|ten_X2|83522727|83525140|+|2413"     
[55] "N6914|ten_X2|83894166|83896550|+|2384"     
[56] "N6914|ten_X1|128022952|128025338|+|2386"   
[57] "_R_N6914|ten_11|27029190|27032049|+|2859"  
[58] "N6914|dum_X2|111733237|111736100|+|2863"   
[59] "_R_N6914|ten_X2|109898203|109901067|+|2864"
[60] "N6914|dum_11|121249072|121251916|+|2844"   
[61] "_R_N6914|dum_8|73243956|73246797|+|2841"   
[62] "_R_N6914|dum_10|61571111|61573938|+|2827"  
[63] "N6914|ten_10|39429327|39431972|+|2645"     
[64] "_R_N6914|dum_X2|69033316|69036105|+|2789"  
[65] "_R_N6914|dum_3|171351095|171353711|+|2616" 
[66] "_R_N6914|ten_3|164212158|164214664|+|2506" 
[67] "N6914|dum_1|130502838|130505469|+|2631"    
[68] "N6914|bic_13|129206038|129208673|+|2635"   
[69] "_R_N6914|sar_3|31876310|31878931|+|2621"   
[70] "_R_N6914|sar_3|163680320|163682950|+|2630" 
[71] "N6914|bic_14|62435251|62437859|+|2608"     
[72] "_R_N6914|mim_14|14212903|14215509|+|2606"  
[73] "N6914|mim_14|16457092|16459700|+|2608"     
[74] "_R_N6914|mim_10|172679811|172682383|+|2572"
[75] "_R_N6914|sar_1|157029848|157032477|+|2629" 
[76] "N6914|sar_2|48246321|48248935|+|2614"      
[77] "N6914|sar_X2|2659464|2662089|+|2625"       
[78] "N6914|sar_2|27413043|27415600|+|2557"      
[79] "_R_N6914|sar_2|8590340|8592910|+|2570"     
[80] "N6914|sar_2|233804875|233807489|+|2614"    
[81] "_R_N6914|sar_12|64940440|64943079|+|2639"  
[82] "N6914|sar_9|103471713|103474352|+|2639"    
[83] "N6914|sar_3|158195029|158197668|+|2639"    
[84] "N6914|sar_2|269169860|269172499|+|2639"    
[85] "_R_N6914|sar_13|47316318|47318958|+|2640"  
[86] "_R_N6914|sar_2|62855737|62858376|+|2639"   
[87] "N6914|sar_2|260519726|260522351|+|2625"    
[88] "_R_N6914|sar_10|125164288|125166926|+|2638"
[89] "N6914|sar_4|82291641|82294258|+|2617"      
[90] "N6914|sar_13|187282975|187285405|+|2430"   
[91] "N6914|sar_X2|160148336|160150720|+|2384"   
[92] "_R_N6914|bic_X2|126043171|126045535|+|2364"
[93] "N6914|bic_13|105745205|105747512|+|2307"   
