jobinfo 30048914
getting scaled timeline
  [1] "N7067|ten_5|68078334|68080165|+|1831"      
  [2] "_R_N7067|ten_6|216695353|216697165|+|1812" 
  [3] "_R_N7067|ten_X2|88130024|88131851|+|1827"  
  [4] "N7067|ten_5|172150235|172152053|+|1818"    
  [5] "_R_N7067|ten_7|9718907|9720780|+|1873"     
  [6] "N7067|ten_3|35508425|35510260|+|1835"      
  [7] "N7067|ten_X1|69594352|69596173|+|1821"     
  [8] "N7067|ten_6|93897212|93899045|+|1833"      
  [9] "N7067|ten_3|200583245|200585056|+|1811"    
 [10] "_R_N7067|ten_X1|224259655|224261454|+|1799"
 [11] "N7067|ten_4|143967031|143968854|+|1823"    
 [12] "N7067|ten_X2|27256584|27258400|+|1816"     
 [13] "_R_N7067|ten_12|102910751|102912570|+|1819"
 [14] "_R_N7067|ten_12|103139734|103141553|+|1819"
 [15] "_R_N7067|ten_10|142124139|142125974|+|1835"
 [16] "N7067|ten_1|15529113|15530931|+|1818"      
 [17] "N7067|ten_1|15541247|15543064|+|1817"      
 [18] "N7067|ten_12|17963939|17965761|+|1822"     
 [19] "_R_N7067|ten_5|100548152|100549966|+|1814" 
 [20] "_R_N7067|ten_X2|167541936|167543750|+|1814"
 [21] "N7067|ten_8|186072587|186074406|+|1819"    
 [22] "_R_N7067|ten_11|43761920|43763720|+|1800"  
 [23] "N7067|ten_5|139186036|139187859|+|1823"    
 [24] "N7067|ten_4|50085967|50087812|+|1845"      
 [25] "N7067|ten_2|188474110|188475911|+|1801"    
 [26] "_R_N7067|ten_2|139778267|139780050|+|1783" 
 [27] "_R_N7067|ten_7|191029539|191031335|+|1796" 
 [28] "N7067|ten_12|60467715|60469543|+|1828"     
 [29] "_R_N7067|ten_2|255515150|255516980|+|1830" 
 [30] "_R_N7067|ten_6|6742321|6744122|+|1801"     
 [31] "_R_N7067|ten_4|104962614|104964427|+|1813" 
 [32] "N7067|ten_4|189853122|189854943|+|1821"    
 [33] "N7067|ten_1|216370382|216372201|+|1819"    
 [34] "_R_N7067|ten_2|208349968|208351786|+|1818" 
 [35] "N7067|ten_6|166407895|166409725|+|1830"    
 [36] "_R_N7067|ten_8|139377281|139379091|+|1810" 
 [37] "N7067|ten_3|269302397|269304200|+|1803"    
 [38] "_R_N7067|ten_1|99980352|99982185|+|1833"   
 [39] "N7067|ten_11|58446099|58447737|+|1638"     
 [40] "N7067|ten_2|131113435|131115233|+|1798"    
 [41] "N7067|ten_1|273130907|273132725|+|1818"    
 [42] "N7067|ten_X2|22107456|22109272|+|1816"     
 [43] "N7067|ten_3|42192628|42194189|+|1561"      
 [44] "N7067|ten_8|168472089|168473916|+|1827"    
 [45] "N7067|ten_3|175161985|175163815|+|1830"    
 [46] "N7067|ten_3|9316915|9318729|+|1814"        
 [47] "N7067|ten_9|1286726|1288546|+|1820"        
 [48] "N7067|ten_7|59683230|59685046|+|1816"      
 [49] "_R_N7067|ten_7|40651043|40652862|+|1819"   
 [50] "_R_N7067|ten_X1|83245626|83247455|+|1829"  
 [51] "N7067|ten_3|54923121|54924938|+|1817"      
 [52] "_R_N7067|ten_3|55037284|55039099|+|1815"   
 [53] "N7067|ten_6|181134794|181136609|+|1815"    
 [54] "N7067|ten_2|96324992|96326815|+|1823"      
 [55] "N7067|ten_6|66629792|66631603|+|1811"      
 [56] "_R_N7067|ten_1|211378396|211380207|+|1811" 
 [57] "_R_N7067|ten_2|251084997|251086829|+|1832" 
 [58] "_R_N7067|ten_7|92345871|92347688|+|1817"   
 [59] "_R_N7067|ten_3|46501390|46503210|+|1820"   
 [60] "N7067|ten_10|61458491|61460086|+|1595"     
 [61] "_R_N7067|ten_4|112898520|112899979|+|1459" 
 [62] "N7067|ten_8|48001206|48002684|+|1478"      
 [63] "N7067|ten_1|120708317|120709789|+|1472"    
 [64] "_R_N7067|ten_1|189231308|189232784|+|1476" 
 [65] "_R_N7067|ten_1|205255850|205257311|+|1461" 
 [66] "_R_N7067|ten_5|43405896|43407365|+|1469"   
 [67] "N7067|ten_1|145637981|145639530|+|1549"    
 [68] "_R_N7067|ten_3|161040947|161042761|+|1814" 
 [69] "_R_N7067|dum_9|103579217|103581040|+|1823" 
 [70] "_R_N7067|ten_4|76714159|76715981|+|1822"   
 [71] "N7067|ten_4|126248579|126250397|+|1818"    
 [72] "_R_N7067|ten_7|127728922|127730750|+|1828" 
 [73] "N7067|dum_11|45484573|45486044|+|1471"     
 [74] "N7067|dum_6|32634767|32636239|+|1472"      
 [75] "N7067|ten_2|21795494|21797309|+|1815"      
 [76] "_R_N7067|ten_5|108343443|108345256|+|1813" 
 [77] "_R_N7067|dum_8|70310480|70311913|+|1433"   
 [78] "_R_N7067|dum_6|119200871|119202709|+|1838" 
 [79] "N7067|dum_3|212756665|212758498|+|1833"    
 [80] "_R_N7067|dum_9|54913713|54915554|+|1841"   
 [81] "_R_N7067|ten_11|79617336|79619156|+|1820"  
 [82] "_R_N7067|ten_3|46522961|46524787|+|1826"   
 [83] "_R_N7067|ten_7|33457595|33459406|+|1811"   
 [84] "N7067|ten_4|75388237|75390056|+|1819"      
 [85] "N7067|ten_3|171075005|171076817|+|1812"    
 [86] "_R_N7067|dum_1|193369514|193371346|+|1832" 
 [87] "N7067|ten_10|128593957|128595782|+|1825"   
 [88] "_R_N7067|dum_X2|107840769|107842601|+|1832"
 [89] "_R_N7067|dum_X2|185996803|185998374|+|1571"
 [90] "_R_N7067|ten_2|91749929|91751732|+|1803"   
 [91] "_R_N7067|dum_7|70651629|70653429|+|1800"   
 [92] "_R_N7067|dum_5|87040741|87042168|+|1427"   
 [93] "_R_N7067|dum_10|186053054|186054546|+|1492"
 [94] "_R_N7067|dum_7|22101252|22102759|+|1507"   
 [95] "_R_N7067|dum_10|186189130|186190987|+|1857"
 [96] "_R_N7067|dum_7|22238961|22240813|+|1852"   
 [97] "N7067|dum_3|103923694|103925495|+|1801"    
 [98] "N7067|ten_7|192182476|192184020|+|1544"    
 [99] "N7067|ten_X1|145149311|145151147|+|1836"   
[100] "_R_N7067|ten_4|108480919|108482755|+|1836" 
[101] "N7067|ten_X2|79419470|79421321|+|1851"     
[102] "N7067|ten_2|204126674|204128521|+|1847"    
[103] "_R_N7067|ten_X2|78626895|78628733|+|1838"  
[104] "N7067|ten_X2|136910856|136912693|+|1837"   
[105] "N7067|ten_10|163441406|163443243|+|1837"   
[106] "N7067|dum_11|61374026|61375859|+|1833"     
[107] "_R_N7067|dum_11|61712634|61714474|+|1840"  
[108] "_R_N7067|dum_5|196720295|196721949|+|1654" 
[109] "_R_N7067|dum_6|54463292|54464943|+|1651"   
[110] "_R_N7067|ten_5|45254979|45256794|+|1815"   
[111] "_R_N7067|dum_9|84934455|84936278|+|1823"   
[112] "_R_N7067|ten_11|79179962|79181772|+|1810"  
[113] "N7067|ten_12|47935170|47936990|+|1820"     
[114] "N7067|ten_12|43261942|43263756|+|1814"     
[115] "N7067|ten_2|100700645|100702463|+|1818"    
[116] "_R_N7067|ten_9|33500777|33502590|+|1813"   
[117] "_R_N7067|ten_6|124163789|124165600|+|1811" 
[118] "_R_N7067|ten_12|105784381|105786194|+|1813"
[119] "N7067|ten_X1|72407883|72409696|+|1813"     
[120] "N7067|ten_8|150627357|150629173|+|1816"    
[121] "N7067|ten_6|161412378|161414190|+|1812"    
[122] "_R_N7067|ten_X2|55704187|55705999|+|1812"  
[123] "N7067|ten_2|99284356|99286169|+|1813"      
[124] "N7067|ten_2|231565279|231567086|+|1807"    
[125] "_R_N7067|ten_5|173132648|173134485|+|1837" 
[126] "N7067|ten_5|173311805|173313642|+|1837"    
[127] "N7067|ten_2|48618942|48620753|+|1811"      
[128] "_R_N7067|ten_X2|42644084|42645896|+|1812"  
[129] "N7067|ten_6|96719167|96720979|+|1812"      
[130] "_R_N7067|ten_2|28693826|28695614|+|1788"   
[131] "N7067|ten_1|136508872|136510697|+|1825"    
[132] "_R_N7067|ten_2|142078902|142080368|+|1466" 
[133] "N7067|ten_X1|239735549|239737011|+|1462"   
[134] "N7067|dum_8|62756885|62758382|+|1497"      
[135] "N7067|ten_3|53618085|53619899|+|1814"      
[136] "N7067|dum_5|19008380|19009833|+|1453"      
[137] "N7067|ten_3|144125016|144126828|+|1812"    
[138] "N7067|dum_6|204013961|204015782|+|1821"    
[139] "N7067|dum_11|16473181|16474960|+|1779"     
[140] "_R_N7067|ten_11|45986378|45988228|+|1850"  
[141] "_R_N7067|ten_11|41913953|41915758|+|1805"  
[142] "N7067|dum_3|216600778|216602613|+|1835"    
[143] "_R_N7067|dum_8|153861239|153863043|+|1804" 
[144] "N7067|dum_11|107400108|107401926|+|1818"   
[145] "_R_N7067|dum_4|225533791|225535606|+|1815" 
[146] "_R_N7067|dum_8|50112103|50113935|+|1832"   
[147] "N7067|dum_3|3749151|3750991|+|1840"        
[148] "N7067|dum_9|190173145|190174986|+|1841"    
[149] "_R_N7067|dum_10|5272917|5274754|+|1837"    
[150] "_R_N7067|dum_6|2887163|2889001|+|1838"     
[151] "_R_N7067|dum_6|825949|827787|+|1838"       
[152] "N7067|dum_5|6458280|6460113|+|1833"        
[153] "N7067|dum_7|208205202|208207041|+|1839"    
[154] "N7067|dum_2|282096433|282098245|+|1812"    
[155] "N7067|dum_4|35686380|35687902|+|1522"      
[156] "N7067|ten_X1|69802524|69804361|+|1837"     
[157] "N7067|dum_11|73096115|73097934|+|1819"     
[158] "_R_N7067|dum_4|201297268|201299107|+|1839" 
[159] "_R_N7067|dum_6|117893398|117895204|+|1806" 
[160] "N7067|ten_4|56384946|56386496|+|1550"      
[161] "_R_N7067|ten_X1|136372422|136374215|+|1793"
[162] "_R_N7067|dum_X1|155766962|155768518|+|1556"
[163] "_R_N7067|dum_X2|166066833|166068669|+|1836"
[164] "N7067|dum_9|48366672|48368499|+|1827"      
[165] "_R_N7067|dum_10|158640896|158642437|+|1541"
[166] "_R_N7067|dum_3|165251737|165253538|+|1801" 
[167] "_R_N7067|ten_3|158158886|158160688|+|1802" 
[168] "_R_N7067|dum_5|135378189|135380007|+|1818" 
[169] "_R_N7067|ten_5|93735834|93737618|+|1784"   
[170] "N7067|dum_9|150651028|150652866|+|1838"    
[171] "N7067|dum_2|107429178|107430722|+|1544"    
[172] "_R_N7067|ten_X1|101786660|101788483|+|1823"
[173] "_R_N7067|ten_X2|100886997|100888819|+|1822"
[174] "N7067|ten_X1|102369011|102370836|+|1825"   
[175] "_R_N7067|ten_X1|105922869|105924695|+|1826"
[176] "_R_N7067|ten_6|145897901|145899714|+|1813" 
[177] "N7067|dum_5|144066767|144068558|+|1791"    
[178] "_R_N7067|dum_6|151763492|151765184|+|1692" 
[179] "_R_N7067|dum_10|125496596|125498414|+|1818"
[180] "N7067|dum_10|129667450|129669273|+|1823"   
[181] "N7067|dum_5|85576454|85578271|+|1817"      
[182] "N7067|ten_2|172652936|172654757|+|1821"    
[183] "N7067|ten_4|123205876|123207696|+|1820"    
[184] "_R_N7067|ten_6|109494783|109496596|+|1813" 
[185] "_R_N7067|ten_5|140766211|140768014|+|1803" 
[186] "N7067|ten_X2|124103037|124104841|+|1804"   
[187] "N7067|ten_10|98708526|98710334|+|1808"     
[188] "N7067|ten_8|61711763|61713576|+|1813"      
[189] "_R_N7067|ten_4|106034230|106036049|+|1819" 
[190] "_R_N7067|ten_3|195106325|195108146|+|1821" 
[191] "N7067|ten_X1|214328360|214330170|+|1810"   
[192] "_R_N7067|ten_8|158208418|158210235|+|1817" 
[193] "N7067|ten_8|158841350|158843167|+|1817"    
[194] "_R_N7067|ten_10|78450457|78452263|+|1806"  
[195] "N7067|ten_8|161095815|161097622|+|1807"    
[196] "_R_N7067|ten_12|139023638|139025458|+|1820"
[197] "_R_N7067|ten_X2|174097203|174099011|+|1808"
[198] "N7067|ten_1|242616463|242618277|+|1814"    
[199] "N7067|ten_9|104559459|104561276|+|1817"    
[200] "_R_N7067|ten_2|113239847|113241679|+|1832" 
[201] "_R_N7067|ten_3|142626591|142628414|+|1823" 
[202] "_R_N7067|ten_X1|129236287|129238092|+|1805"
[203] "_R_N7067|ten_11|85866731|85868540|+|1809"  
[204] "N7067|ten_6|240333758|240335568|+|1810"    
[205] "_R_N7067|ten_1|188661521|188663326|+|1805" 
[206] "_R_N7067|ten_6|46156905|46158744|+|1839"   
[207] "N7067|ten_2|96684767|96686591|+|1824"      
[208] "_R_N7067|ten_2|177277296|177279108|+|1812" 
[209] "_R_N7067|ten_X2|180147341|180149161|+|1820"
[210] "_R_N7067|ten_4|130831099|130832917|+|1818" 
[211] "N7067|ten_4|184956884|184958701|+|1817"    
[212] "_R_N7067|ten_X1|8683929|8685744|+|1815"    
[213] "_R_N7067|ten_2|83562118|83563944|+|1826"   
[214] "_R_N7067|ten_10|92575272|92577067|+|1795"  
[215] "N7067|ten_10|92645551|92647346|+|1795"     
[216] "N7067|ten_7|141004401|141006196|+|1795"    
[217] "_R_N7067|ten_9|126729352|126730892|+|1540" 
[218] "N7067|dum_2|244143286|244145091|+|1805"    
[219] "_R_N7067|ten_7|58653718|58655551|+|1833"   
[220] "N7067|ten_2|182211832|182213639|+|1807"    
[221] "N7067|dum_2|180228391|180230217|+|1826"    
[222] "_R_N7067|dum_2|244158577|244160324|+|1747" 
[223] "N7067|dum_10|121082115|121083677|+|1562"   
[224] "N7067|ten_8|190808705|190810518|+|1813"    
[225] "_R_N7067|ten_3|111174623|111176464|+|1841" 
[226] "N7067|dum_8|129712637|129714216|+|1579"    
[227] "N7067|bic_2|228245253|228246826|+|1573"    
[228] "N7067|bic_2|229496308|229497884|+|1576"    
[229] "N7067|dum_X1|155467946|155469600|+|1654"   
[230] "N7067|ten_X1|136098531|136100184|+|1653"   
[231] "_R_N7067|ten_X1|238216845|238218304|+|1459"
[232] "_R_N7067|sar_X1|67290910|67292419|+|1509"  
[233] "_R_N7067|bic_7|147852219|147854017|+|1798" 
[234] "_R_N7067|bic_14|4941464|4943125|+|1661"    
[235] "_R_N7067|bic_3|210961872|210963515|+|1643" 
[236] "N7067|mim_7|125266100|125267838|+|1738"    
[237] "N7067|mim_7|165748624|165750419|+|1795"    
[238] "_R_N7067|mim_12|123653137|123654901|+|1764"
[239] "N7067|mim_7|168959215|168960986|+|1771"    
[240] "N7067|mim_X1|193326422|193328058|+|1636"   
[241] "N7067|mim_X1|162010332|162012097|+|1765"   
[242] "_R_N7067|mim_X1|7344369|7346028|+|1659"    
[243] "N7067|mim_X1|7356026|7357853|+|1827"       
[244] "N7067|mim_11|67991054|67992856|+|1802"     
[245] "_R_N7067|mim_11|70217292|70218979|+|1687"  
[246] "_R_N7067|dum_4|106966726|106968134|+|1408" 
[247] "N7067|ten_8|117995138|117996576|+|1438"    
[248] "_R_N7067|dum_11|14187044|14188802|+|1758"  
[249] "_R_N7067|dum_2|236244508|236246218|+|1710" 
[250] "_R_N7067|dum_11|73445760|73447536|+|1776"  
[251] "_R_N7067|ten_7|107052213|107053793|+|1580" 
[252] "N7067|ten_7|107056630|107058210|+|1580"    
[253] "N7067|ten_3|233435731|233437305|+|1574"    
[254] "_R_N7067|dum_7|95158394|95159981|+|1587"   
[255] "N7067|dum_7|95162837|95164423|+|1586"      
[256] "_R_N7067|ten_3|233431050|233432646|+|1596" 
[257] "_R_N7067|dum_7|161977025|161978647|+|1622" 
[258] "_R_N7067|ten_3|103943046|103944708|+|1662" 
[259] "N7067|dum_8|2091068|2092723|+|1655"        
[260] "N7067|dum_7|127432331|127433978|+|1647"    
[261] "N7067|dum_12|2375454|2377103|+|1649"       
[262] "N7067|ten_4|107120467|107122113|+|1646"    
[263] "_R_N7067|ten_3|204549443|204551079|+|1636" 
[264] "N7067|dum_10|71739498|71741146|+|1648"     
[265] "_R_N7067|ten_10|30662098|30663746|+|1648"  
[266] "_R_N7067|ten_8|182959970|182961607|+|1637" 
[267] "N7067|dum_6|84364395|84366055|+|1660"      
[268] "_R_N7067|dum_1|112731387|112733039|+|1652" 
[269] "N7067|dum_4|214911062|214912614|+|1552"    
[270] "N7067|ten_X2|72099614|72101229|+|1615"     
[271] "_R_N7067|dum_10|71735174|71736940|+|1766"  
[272] "N7067|ten_10|30666293|30668056|+|1763"     
[273] "N7067|ten_3|204553669|204555439|+|1770"    
[274] "_R_N7067|dum_12|2370588|2372368|+|1780"    
[275] "N7067|dum_1|112735559|112737330|+|1771"    
[276] "_R_N7067|dum_4|214896674|214898445|+|1771" 
[277] "_R_N7067|dum_7|127427951|127429727|+|1776" 
[278] "_R_N7067|dum_6|84353523|84355283|+|1760"   
[279] "_R_N7067|ten_4|107107666|107109442|+|1776" 
[280] "_R_N7067|ten_X2|72095226|72096988|+|1762"  
[281] "_R_N7067|dum_11|31324815|31326479|+|1664"  
[282] "N7067|dum_11|73449999|73451656|+|1657"     
[283] "N7067|dum_11|14191187|14192665|+|1478"     
[284] "N7067|dum_6|69092680|69094336|+|1656"      
[285] "N7067|ten_6|83747988|83749645|+|1657"      
[286] "N7067|ten_7|189476487|189478283|+|1796"    
[287] "_R_N7067|ten_7|190795701|190797494|+|1793" 
[288] "_R_N7067|dum_7|6371865|6373659|+|1794"     
[289] "_R_N7067|ten_X1|217152750|217154398|+|1648"
[290] "_R_N7067|dum_10|125295880|125297495|+|1615"
[291] "N7067|dum_10|129867409|129868969|+|1560"   
[292] "_R_N7067|ten_10|115847342|115848947|+|1605"
[293] "N7067|dum_2|71768938|71770730|+|1792"      
[294] "N7067|ten_2|75728003|75729693|+|1690"      
[295] "N7067|dum_4|59080001|59081449|+|1448"      
[296] "_R_N7067|ten_4|171338886|171340320|+|1434" 
[297] "_R_N7067|bic_X2|132961560|132963355|+|1795"
[298] "_R_N7067|sar_X2|152950161|152951971|+|1810"
[299] "N7067|dum_1|198897222|198898772|+|1550"    
[300] "N7067|dum_5|190373013|190374556|+|1543"    
[301] "N7067|dum_5|53155268|53156825|+|1557"      
[302] "_R_N7067|dum_5|125881401|125882924|+|1523" 
[303] "_R_N7067|ten_7|99600578|99602139|+|1561"   
[304] "_R_N7067|dum_10|45801731|45803222|+|1491"  
[305] "N7067|ten_10|56690081|56691605|+|1524"     
[306] "N7067|ten_10|56781864|56783365|+|1501"     
[307] "_R_N7067|ten_5|81081952|81083466|+|1514"   
[308] "N7067|dum_4|44195513|44197304|+|1791"      
[309] "N7067|ten_2|182141845|182143645|+|1800"    
[310] "N7067|ten_6|91856071|91857911|+|1840"      
[311] "_R_N7067|dum_3|244603356|244605182|+|1826" 
[312] "N7067|dum_6|107417553|107419350|+|1797"    
[313] "N7067|dum_7|90173526|90175304|+|1778"      
[314] "_R_N7067|ten_7|111525594|111527359|+|1765" 
[315] "N7067|bic_3|104631377|104633088|+|1711"    
[316] "N7067|sar_X1|3643796|3645420|+|1624"       
[317] "_R_N7067|sar_2|230955243|230956798|+|1555" 
[318] "_R_N7067|sar_12|131832680|131834470|+|1790"
[319] "N7067|bic_12|54779309|54781101|+|1792"     
