jobinfo 30048547
getting scaled timeline
  [1] "_R_N1024|dum_11|99469530|99475197|+|5667"  
  [2] "_R_N1024|dum_11|98209080|98213910|+|4830"  
  [3] "_R_N1024|dum_11|95251618|95257231|+|5613"  
  [4] "_R_N1024|dum_11|99299975|99304809|+|4834"  
  [5] "_R_N1024|dum_11|99365522|99370354|+|4832"  
  [6] "_R_N1024|dum_11|98827346|98831891|+|4545"  
  [7] "N1024|dum_11|97360947|97366618|+|5671"     
  [8] "_R_N1024|dum_11|99782783|99788437|+|5654"  
  [9] "N1024|dum_11|97507863|97513537|+|5674"     
 [10] "N1024|dum_11|97318472|97324116|+|5644"     
 [11] "_R_N1024|dum_11|99172603|99177567|+|4964"  
 [12] "_R_N1024|dum_11|98436266|98441910|+|5644"  
 [13] "_R_N1024|dum_11|95320124|95325735|+|5611"  
 [14] "_R_N1024|dum_11|98351464|98357139|+|5675"  
 [15] "_R_N1024|dum_11|98942033|98947598|+|5565"  
 [16] "N1024|dum_11|96721856|96727577|+|5721"     
 [17] "N1024|dum_11|97055828|97061455|+|5627"     
 [18] "_R_N1024|dum_11|96629750|96635349|+|5599"  
 [19] "N1024|dum_11|96690580|96696181|+|5601"     
 [20] "N1024|dum_2|182638664|182643564|+|4900"    
 [21] "N1024|dum_11|97576015|97581716|+|5701"     
 [22] "_R_N1024|dum_11|96265151|96270801|+|5650"  
 [23] "_R_N1024|dum_11|96549391|96555041|+|5650"  
 [24] "_R_N1024|dum_11|96599862|96605535|+|5673"  
 [25] "N1024|dum_11|97694173|97699868|+|5695"     
 [26] "_R_N1024|dum_11|98571212|98576894|+|5682"  
 [27] "N1024|dum_2|182399677|182404489|+|4812"    
 [28] "_R_N1024|dum_11|97227186|97232834|+|5648"  
 [29] "_R_N1024|dum_11|95903030|95908764|+|5734"  
 [30] "_R_N1024|dum_11|95936603|95942335|+|5732"  
 [31] "_R_N1024|dum_11|95869504|95875191|+|5687"  
 [32] "_R_N1024|dum_11|95740640|95746329|+|5689"  
 [33] "N1024|dum_11|96839808|96844733|+|4925"     
 [34] "_R_N1024|dum_11|96136329|96141957|+|5628"  
 [35] "N1024|dum_11|97561354|97566963|+|5609"     
 [36] "_R_N1024|dum_11|99122062|99127668|+|5606"  
 [37] "_R_N1024|dum_11|98668964|98674643|+|5679"  
 [38] "_R_N1024|dum_11|96336704|96341415|+|4711"  
 [39] "_R_N1024|dum_11|95571336|95576032|+|4696"  
 [40] "_R_N1024|dum_11|99404087|99409810|+|5723"  
 [41] "N1024|dum_11|96755074|96760739|+|5665"     
 [42] "N1024|dum_6|1924343|1929965|+|5622"        
 [43] "N1024|dum_11|63024169|63029890|+|5721"     
 [44] "N1024|dum_11|100017501|100022353|+|4852"   
 [45] "_R_N1024|dum_11|99206859|99212519|+|5660"  
 [46] "N1024|dum_2|182502349|182507600|+|5251"    
 [47] "N1024|dum_2|182561189|182566861|+|5672"    
 [48] "N1024|dum_11|98002889|98008587|+|5698"     
 [49] "_R_N1024|dum_11|98526757|98532466|+|5709"  
 [50] "N1024|dum_2|182703439|182709141|+|5702"    
 [51] "_R_N1024|dum_11|95471270|95476912|+|5642"  
 [52] "N1024|dum_11|97921680|97926623|+|4943"     
 [53] "N1024|dum_11|97422717|97427616|+|4899"     
 [54] "N1024|dum_11|97446745|97452398|+|5653"     
 [55] "_R_N1024|dum_11|98100977|98106429|+|5452"  
 [56] "N1024|dum_11|97824234|97829890|+|5656"     
 [57] "N1024|dum_11|97020783|97026446|+|5663"     
 [58] "_R_N1024|dum_11|98859521|98865149|+|5628"  
 [59] "_R_N1024|dum_11|97106669|97111931|+|5262"  
 [60] "_R_N1024|dum_11|45143890|45148997|+|5107"  
 [61] "_R_N1024|dum_11|45184045|45189724|+|5679"  
 [62] "_R_N1024|dum_11|99878941|99884607|+|5666"  
 [63] "_R_N1024|dum_11|61170607|61176292|+|5685"  
 [64] "N1024|dum_2|182675509|182681124|+|5615"    
 [65] "N1024|dum_2|182280234|182285904|+|5670"    
 [66] "_R_N1024|dum_11|99239599|99245264|+|5665"  
 [67] "_R_N1024|dum_11|95191295|95196625|+|5330"  
 [68] "N1024|dum_11|99963107|99968821|+|5714"     
 [69] "N1024|dum_11|97863612|97869295|+|5683"     
 [70] "_R_N1024|dum_11|45249827|45254972|+|5145"  
 [71] "_R_N1024|dum_11|99565832|99571547|+|5715"  
 [72] "_R_N1024|dum_11|61081930|61087566|+|5636"  
 [73] "_R_N1024|dum_11|61097544|61103068|+|5524"  
 [74] "_R_N1024|dum_11|45217397|45223091|+|5694"  
 [75] "N1024|dum_7|206188822|206194477|+|5655"    
 [76] "N1024|dum_7|206216182|206221833|+|5651"    
 [77] "N1024|dum_7|206243502|206249149|+|5647"    
 [78] "N1024|dum_7|206270795|206276453|+|5658"    
 [79] "_R_N1024|dum_11|61130109|61135522|+|5413"  
 [80] "N1024|dum_1|231421311|231426930|+|5619"    
 [81] "N1024|dum_10|21149242|21154876|+|5634"     
 [82] "N1024|dum_10|21179119|21184766|+|5647"     
 [83] "N1024|dum_10|180755829|180761484|+|5655"   
 [84] "N1024|dum_10|180789163|180794789|+|5626"   
 [85] "N1024|dum_1|231740014|231745670|+|5656"    
 [86] "_R_N1024|dum_10|167099938|167105553|+|5615"
 [87] "_R_N1024|dum_5|158416853|158422510|+|5657" 
 [88] "_R_N1024|dum_10|135636957|135642076|+|5119"
 [89] "N1024|dum_9|167318624|167324283|+|5659"    
 [90] "_R_N1024|dum_7|59972357|59978009|+|5652"   
 [91] "_R_N1024|dum_6|38832977|38838629|+|5652"   
 [92] "_R_N1024|dum_6|39187672|39193317|+|5645"   
 [93] "N1024|dum_10|130288572|130294243|+|5671"   
 [94] "N1024|dum_10|166135903|166141563|+|5660"   
 [95] "_R_N1024|dum_10|166622945|166628571|+|5626"
 [96] "_R_N1024|dum_5|67845350|67850993|+|5643"   
 [97] "N1024|dum_5|122733730|122739375|+|5645"    
 [98] "N1024|dum_9|119159532|119165174|+|5642"    
 [99] "_R_N1024|dum_5|145233514|145239183|+|5669" 
[100] "N1024|dum_5|122561746|122567394|+|5648"    
[101] "N1024|dum_2|211270546|211276178|+|5632"    
[102] "N1024|dum_2|212424784|212430416|+|5632"    
[103] "N1024|dum_2|208469617|208475250|+|5633"    
[104] "_R_N1024|dum_5|145503697|145509339|+|5642" 
[105] "_R_N1024|dum_10|24489364|24495024|+|5660"  
[106] "_R_N1024|dum_3|1764567|1770193|+|5626"     
[107] "N1024|dum_9|167286316|167291997|+|5681"    
[108] "_R_N1024|dum_5|80552|86193|+|5641"         
[109] "N1024|dum_10|65210970|65216639|+|5669"     
[110] "_R_N1024|dum_10|135394165|135399823|+|5658"
[111] "_R_N1024|dum_10|90087947|90093644|+|5697"  
[112] "N1024|dum_2|211556044|211561654|+|5610"    
[113] "N1024|dum_2|212710282|212715892|+|5610"    
[114] "_R_N1024|dum_5|1173307|1178956|+|5649"     
[115] "N1024|dum_10|22207876|22213513|+|5637"     
[116] "_R_N1024|dum_7|58174223|58179860|+|5637"   
[117] "_R_N1024|dum_5|67505781|67511421|+|5640"   
[118] "N1024|dum_5|68417096|68422751|+|5655"      
[119] "_R_N1024|dum_9|132819|138457|+|5638"       
[120] "_R_N1024|dum_7|59320904|59326554|+|5650"   
[121] "_R_N1024|dum_11|168671105|168676753|+|5648"
[122] "_R_N1024|dum_5|435652|440241|+|4589"       
[123] "_R_N1024|dum_5|144164387|144170011|+|5624" 
[124] "_R_N1024|dum_6|38495841|38501482|+|5641"   
[125] "N1024|dum_10|180821779|180827439|+|5660"   
[126] "N1024|dum_10|180886579|180892236|+|5657"   
[127] "N1024|dum_10|180918776|180924472|+|5696"   
[128] "N1024|dum_10|180853971|180859598|+|5627"   
[129] "N1024|dum_1|231772871|231778533|+|5662"    
[130] "N1024|dum_1|231805742|231811369|+|5627"    
[131] "N1024|dum_10|130321483|130327107|+|5624"   
[132] "_R_N1024|dum_10|167132881|167138523|+|5642"
[133] "_R_N1024|dum_5|158351465|158357156|+|5691" 
[134] "N1024|dum_5|122766487|122772132|+|5645"    
[135] "_R_N1024|dum_5|158384309|158389950|+|5641" 
[136] "_R_N1024|dum_5|67472862|67478529|+|5667"   
[137] "_R_N1024|dum_10|166887853|166893487|+|5634"
[138] "N1024|dum_2|209869493|209875163|+|5670"    
[139] "N1024|dum_5|68449912|68455577|+|5665"      
[140] "_R_N1024|dum_10|90055591|90061275|+|5684"  
[141] "_R_N1024|dum_11|168637774|168643418|+|5644"
[142] "N1024|dum_9|119341069|119346713|+|5644"    
[143] "_R_N1024|dum_10|135361450|135367131|+|5681"
[144] "_R_N1024|dum_5|1140621|1146312|+|5691"     
[145] "N1024|dum_2|210217502|210223197|+|5695"    
[146] "_R_N1024|dum_5|47774|53477|+|5703"         
[147] "_R_N1024|dum_5|67812521|67818202|+|5681"   
[148] "N1024|dum_2|208502338|208508050|+|5712"    
[149] "N1024|dum_2|210692496|210698186|+|5690"    
[150] "N1024|dum_9|167350864|167356552|+|5688"    
[151] "N1024|dum_2|211588791|211594469|+|5678"    
[152] "N1024|dum_2|212743029|212748707|+|5678"    
[153] "_R_N1024|dum_10|166590164|166595856|+|5692"
[154] "N1024|dum_1|231454423|231460059|+|5636"    
[155] "N1024|dum_5|122609913|122615592|+|5679"    
[156] "N1024|dum_9|119080260|119085974|+|5714"    
[157] "N1024|dum_10|21875545|21881292|+|5747"     
[158] "_R_N1024|dum_10|135604164|135609887|+|5723"
[159] "_R_N1024|dum_7|59940176|59945855|+|5679"   
[160] "_R_N1024|dum_9|100031|105710|+|5679"       
[161] "_R_N1024|dum_5|403310|409003|+|5693"       
[162] "_R_N1024|dum_5|146004334|146010032|+|5698" 
[163] "N1024|dum_9|119195972|119201639|+|5667"    
[164] "_R_N1024|dum_10|167066330|167071986|+|5656"
[165] "_R_N1024|dum_7|58141306|58146953|+|5647"   
[166] "_R_N1024|dum_1|238196766|238202411|+|5645" 
[167] "N1024|dum_4|261187883|261193533|+|5650"    
[168] "N1024|dum_4|257360820|257366438|+|5618"    
[169] "_R_N1024|dum_11|44861689|44867363|+|5674"  
[170] "N1024|dum_11|61436862|61442566|+|5704"     
[171] "_R_N1024|dum_11|99193614|99198134|+|4520"  
[172] "N1024|dum_10|9090283|9096001|+|5718"       
[173] "N1024|ten_11|109449028|109454290|+|5262"   
[174] "_R_N1024|ten_11|14678253|14683497|+|5244"  
[175] "N1024|ten_2|273037592|273043250|+|5658"    
[176] "N1024|ten_9|168626148|168631839|+|5691"    
[177] "N1024|ten_11|15047313|15052975|+|5662"     
[178] "N1024|dum_2|192974503|192980185|+|5682"    
[179] "N1024|dum_11|6612770|6618423|+|5653"       
[180] "_R_N1024|dum_10|583043|588722|+|5679"      
[181] "N1024|dum_1|230444758|230450437|+|5679"    
