jobinfo 30048577
getting scaled timeline
  [1] "N1492|dum_X2|47343887|47346203|+|2316"     
  [2] "N1492|ten_X2|170646094|170648420|+|2326"   
  [3] "_R_N1492|dum_10|46084766|46087082|+|2316"  
  [4] "N1492|ten_10|56352760|56355077|+|2317"     
  [5] "_R_N1492|dum_6|130990582|130992907|+|2325" 
  [6] "_R_N1492|ten_6|144852622|144854949|+|2327" 
  [7] "N1492|dum_9|67946089|67948447|+|2358"      
  [8] "N1492|ten_5|135717651|135719994|+|2343"    
  [9] "_R_N1492|ten_10|68001787|68004135|+|2348"  
 [10] "_R_N1492|ten_10|68004154|68006500|+|2346"  
 [11] "_R_N1492|ten_10|67999408|68001768|+|2360"  
 [12] "N1492|ten_8|57674470|57676808|+|2338"      
 [13] "N1492|ten_X1|118127872|118130195|+|2323"   
 [14] "N1492|ten_X1|118132102|118136837|+|4735"   
 [15] "N1492|ten_X1|118123627|118125947|+|2320"   
 [16] "_R_N1492|dum_4|190092014|190094337|+|2323" 
 [17] "N1492|ten_4|51911850|51914200|+|2350"      
 [18] "_R_N1492|dum_12|83279527|83281855|+|2328"  
 [19] "_R_N1492|ten_1|230504164|230506489|+|2325" 
 [20] "N1492|dum_5|118238754|118241066|+|2312"    
 [21] "_R_N1492|dum_X2|161425280|161427608|+|2328"
 [22] "_R_N1492|dum_6|93836306|93838610|+|2304"   
 [23] "N1492|ten_1|239670465|239672812|+|2347"    
 [24] "_R_N1492|dum_1|96031577|96054865|+|23288"  
 [25] "_R_N1492|dum_1|96066539|96531509|+|464970" 
 [26] "N1492|dum_8|169200198|169202502|+|2304"    
 [27] "N1492|dum_8|169205382|169207707|+|2325"    
 [28] "_R_N1492|ten_11|63973139|63975458|+|2319"  
 [29] "N1492|ten_9|139825240|139827565|+|2325"    
 [30] "N1492|dum_2|164573968|164576278|+|2310"    
 [31] "N1492|ten_2|155090891|155093206|+|2315"    
 [32] "_R_N1492|ten_5|153272300|153274613|+|2313" 
 [33] "_R_N1492|dum_7|242135|244432|+|2297"       
 [34] "_R_N1492|dum_7|251425|256016|+|4591"       
 [35] "_R_N1492|dum_7|246782|249078|+|2296"       
 [36] "_R_N1492|dum_7|223394|225690|+|2296"       
 [37] "_R_N1492|dum_7|31115|33414|+|2299"         
 [38] "_R_N1492|dum_X2|114288649|114290948|+|2299"
 [39] "_R_N1492|dum_X2|114283923|114286223|+|2300"
 [40] "_R_N1492|dum_X2|114293350|114295650|+|2300"
 [41] "_R_N1492|dum_X2|114183289|114185579|+|2290"
 [42] "_R_N1492|dum_X2|114192597|114194889|+|2292"
 [43] "_R_N1492|dum_X2|114152971|114155209|+|2238"
 [44] "_R_N1492|dum_X2|114155238|114157477|+|2239"
 [45] "_R_N1492|dum_X2|114139112|114141350|+|2238"
 [46] "_R_N1492|dum_X2|114141379|114143619|+|2240"
 [47] "_R_N1492|dum_X2|114132211|114134446|+|2235"
 [48] "_R_N1492|dum_X2|114166823|114169153|+|2330"
 [49] "_R_N1492|dum_7|162128|164473|+|2345"       
 [50] "N1492|dum_3|85543676|85545506|+|1830"      
 [51] "_R_N1492|ten_X1|191172129|191174139|+|2010"
 [52] "N1492|ten_X1|191174140|191176242|+|2102"   
 [53] "_R_N1492|dum_10|100108963|100111278|+|2315"
 [54] "_R_N1492|dum_10|100117751|100120085|+|2334"
 [55] "N1492|dum_2|32905379|32907704|+|2325"      
 [56] "_R_N1492|ten_11|60595260|60597437|+|2177"  
 [57] "_R_N1492|ten_11|60715325|60717498|+|2173"  
 [58] "N1492|dum_9|147689816|147691658|+|1842"    
 [59] "_R_N1492|ten_9|32679729|32681584|+|1855"   
 [60] "_R_N1492|dum_4|228611715|228614077|+|2362" 
 [61] "N1492|dum_10|37922992|37925336|+|2344"     
 [62] "_R_N1492|dum_3|193674995|193677372|+|2377" 
 [63] "N1492|dum_3|128000920|128003281|+|2361"    
 [64] "N1492|ten_3|123104928|123107305|+|2377"    
 [65] "_R_N1492|ten_2|125313407|125315803|+|2396" 
 [66] "_R_N1492|dum_6|31444294|31446663|+|2369"   
 [67] "N1492|dum_6|28518392|28520748|+|2356"      
 [68] "N1492|dum_4|217788550|217790280|+|1730"    
 [69] "_R_N1492|dum_3|85082694|85084565|+|1871"   
 [70] "_R_N1492|dum_1|72088083|72090444|+|2361"   
 [71] "N1492|dum_1|72095350|72097209|+|1859"      
 [72] "_R_N1492|dum_5|211454617|211456583|+|1966" 
 [73] "N1492|dum_3|85800025|85802406|+|2381"      
 [74] "_R_N1492|ten_12|91833372|91835732|+|2360"  
 [75] "_R_N1492|ten_3|186938876|186941255|+|2379" 
 [76] "_R_N1492|dum_2|155831573|155833395|+|1822" 
 [77] "N1492|ten_2|149538315|149540715|+|2400"    
 [78] "_R_N1492|dum_2|101291612|101293986|+|2374" 
 [79] "_R_N1492|dum_4|22882599|22884836|+|2237"   
 [80] "N1492|dum_3|172304727|172307111|+|2384"    
 [81] "N1492|ten_3|165229224|165231595|+|2371"    
 [82] "N1492|dum_3|97156043|97158373|+|2330"      
 [83] "N1492|dum_4|230054842|230057179|+|2337"    
 [84] "_R_N1492|ten_4|56065044|56067383|+|2339"   
 [85] "N1492|dum_12|93566221|93568533|+|2312"     
 [86] "N1492|ten_12|99750856|99753089|+|2233"     
 [87] "_R_N1492|dum_9|35411633|35413527|+|1894"   
 [88] "N1492|dum_2|101267396|101269287|+|1891"    
 [89] "_R_N1492|dum_11|10946477|10948826|+|2349"  
 [90] "N1492|dum_3|57929152|57931101|+|1949"      
 [91] "N1492|dum_6|2377898|2380296|+|2398"        
 [92] "N1492|ten_10|1212222|1214101|+|1879"       
 [93] "N1492|dum_11|112674883|112676768|+|1885"   
 [94] "_R_N1492|dum_1|221861038|221863415|+|2377" 
 [95] "_R_N1492|ten_1|218962220|218964630|+|2410" 
 [96] "N1492|dum_3|179508842|179510733|+|1891"    
 [97] "_R_N1492|ten_8|75822130|75823988|+|1858"   
 [98] "N1492|ten_6|135809533|135811410|+|1877"    
 [99] "N1492|ten_5|113918499|113920372|+|1873"    
[100] "N1492|dum_3|142821767|142823613|+|1846"    
[101] "N1492|ten_3|137071014|137072864|+|1850"    
[102] "N1492|dum_4|86646811|86649154|+|2343"      
[103] "_R_N1492|ten_4|145050044|145051936|+|1892" 
[104] "N1492|ten_1|172802495|172804797|+|2302"    
[105] "N1492|ten_3|111132940|111135179|+|2239"    
[106] "N1492|ten_3|111142802|111145147|+|2345"    
[107] "_R_N1492|ten_12|119817276|119819086|+|1810"
[108] "_R_N1492|dum_4|213847276|213849136|+|1860" 
[109] "N1492|dum_10|110838994|110841276|+|2282"   
[110] "_R_N1492|dum_4|122436166|122438009|+|1843" 
[111] "N1492|dum_8|13255927|13258093|+|2166"      
[112] "N1492|dum_1|72875556|72877637|+|2081"      
[113] "_R_N1492|dum_7|129468195|129470503|+|2308" 
[114] "N1492|ten_6|107677106|107679409|+|2303"    
[115] "_R_N1492|dum_2|63679185|63681479|+|2294"   
[116] "_R_N1492|ten_2|67457983|67460299|+|2316"   
[117] "_R_N1492|dum_5|210024207|210026515|+|2308" 
[118] "N1492|dum_1|152774109|152776414|+|2305"    
[119] "_R_N1492|ten_1|125446393|125448604|+|2211" 
[120] "_R_N1492|dum_6|165169887|165172189|+|2302" 
[121] "_R_N1492|dum_1|120830930|120832973|+|2043" 
[122] "_R_N1492|ten_1|115373870|115376171|+|2301" 
[123] "N1492|dum_4|175012392|175014726|+|2334"    
[124] "_R_N1492|ten_6|41485449|41487768|+|2319"   
[125] "N1492|ten_11|24709602|24711916|+|2314"     
[126] "N1492|ten_11|24718313|24720618|+|2305"     
[127] "_R_N1492|dum_11|143084827|143086688|+|1861"
[128] "_R_N1492|ten_10|44668984|44671292|+|2308"  
[129] "N1492|dum_3|134335796|134337802|+|2006"    
[130] "N1492|ten_3|128966538|128968816|+|2278"    
[131] "N1492|ten_12|76734528|76736888|+|2360"     
[132] "N1492|ten_3|186454375|186456673|+|2298"    
[133] "_R_N1492|ten_7|178909997|178912197|+|2200" 
[134] "_R_N1492|dum_2|219527782|219529964|+|2182" 
[135] "N1492|ten_X2|168456555|168458863|+|2308"   
[136] "N1492|ten_X1|184518314|184520595|+|2281"   
[137] "_R_N1492|dum_9|166633060|166635361|+|2301" 
[138] "_R_N1492|dum_9|185778255|185780556|+|2301" 
[139] "_R_N1492|dum_9|166630738|166633052|+|2314" 
[140] "_R_N1492|dum_9|185775928|185778247|+|2319" 
[141] "_R_N1492|dum_11|37514442|37516729|+|2287"  
[142] "_R_N1492|dum_5|7660571|7662858|+|2287"     
[143] "_R_N1492|dum_7|93259122|93261459|+|2337"   
[144] "N1492|dum_1|59919064|59921030|+|1966"      
