jobinfo 30048633
getting scaled timeline
  [1] "_R_N219|dum_2|166854784|166859237|+|4453" 
  [2] "_R_N219|dum_6|30757818|30762464|+|4646"   
  [3] "N219|dum_10|55825564|55830148|+|4584"     
  [4] "_R_N219|ten_X2|89986580|89990932|+|4352"  
  [5] "_R_N219|ten_3|97702286|97706958|+|4672"   
  [6] "_R_N219|ten_1|203211727|203216199|+|4472" 
  [7] "_R_N219|ten_12|99939421|99943528|+|4107"  
  [8] "N219|dum_X1|210492943|210497466|+|4523"   
  [9] "_R_N219|ten_2|27813299|27817822|+|4523"   
 [10] "_R_N219|ten_2|27834384|27838955|+|4571"   
 [11] "_R_N219|ten_2|131776733|131781306|+|4573" 
 [12] "N219|dum_11|102255696|102260415|+|4719"   
 [13] "N219|dum_8|87515916|87520393|+|4477"      
 [14] "_R_N219|ten_4|8065612|8070047|+|4435"     
 [15] "_R_N219|ten_6|62832243|62836657|+|4414"   
 [16] "N219|ten_5|170962645|170967031|+|4386"    
 [17] "N219|ten_6|138475776|138480208|+|4432"    
 [18] "_R_N219|ten_3|150743818|150748266|+|4448" 
 [19] "N219|ten_1|71141143|71145551|+|4408"      
 [20] "N219|ten_7|87226847|87231319|+|4472"      
 [21] "N219|ten_2|4320928|4325360|+|4432"        
 [22] "_R_N219|ten_X1|20583663|20588108|+|4445"  
 [23] "N219|ten_1|180132244|180136693|+|4449"    
 [24] "N219|ten_7|21951762|21956181|+|4419"      
 [25] "_R_N219|ten_6|32287484|32291884|+|4400"   
 [26] "N219|ten_1|48487035|48491546|+|4511"      
 [27] "N219|ten_2|216449918|216454339|+|4421"    
 [28] "N219|ten_4|125749419|125753901|+|4482"    
 [29] "N219|ten_4|9868268|9872687|+|4419"        
 [30] "N219|ten_10|5239265|5243746|+|4481"       
 [31] "_R_N219|ten_5|150354437|150358860|+|4423" 
 [32] "N219|ten_X1|140826370|140830784|+|4414"   
 [33] "N219|ten_9|79915067|79919518|+|4451"      
 [34] "_R_N219|ten_4|55708115|55712542|+|4427"   
 [35] "_R_N219|ten_3|262484595|262488758|+|4163" 
 [36] "_R_N219|ten_2|93442616|93447087|+|4471"   
 [37] "N219|ten_2|5693658|5698118|+|4460"        
 [38] "_R_N219|ten_X1|157158274|157162750|+|4476"
 [39] "N219|ten_3|183231245|183235735|+|4490"    
 [40] "_R_N219|ten_1|207210731|207215157|+|4426" 
 [41] "_R_N219|ten_5|9754107|9758585|+|4478"     
 [42] "N219|ten_7|63255934|63260436|+|4502"      
 [43] "N219|dum_1|183776930|183782784|+|5854"    
 [44] "_R_N219|dum_10|125713849|125718570|+|4721"
 [45] "N219|dum_10|129441726|129446454|+|4728"   
 [46] "_R_N219|dum_8|124052969|124057328|+|4359" 
 [47] "_R_N219|ten_4|108020020|108024213|+|4193" 
 [48] "N219|ten_4|209782524|209788119|+|5595"    
 [49] "N219|dum_X1|210019528|210024110|+|4582"   
 [50] "_R_N219|dum_6|65569956|65574400|+|4444"   
 [51] "N219|dum_9|184531193|184535739|+|4546"    
 [52] "N219|dum_2|68134204|68138775|+|4571"      
 [53] "N219|dum_3|10368327|10373078|+|4751"      
 [54] "_R_N219|dum_3|113851372|113855643|+|4271" 
 [55] "_R_N219|dum_10|92149773|92156320|+|6547"  
 [56] "_R_N219|dum_11|131076369|131081617|+|5248"
 [57] "_R_N219|ten_11|48875786|48880112|+|4326"  
 [58] "N219|dum_4|199175159|199179839|+|4680"    
 [59] "N219|ten_X1|178738337|178742626|+|4289"   
 [60] "N219|dum_7|166962751|166967516|+|4765"    
 [61] "_R_N219|dum_2|21749897|21754051|+|4154"   
 [62] "N219|dum_4|19647313|19651757|+|4444"      
 [63] "N219|ten_3|72392358|72396887|+|4529"      
 [64] "N219|ten_3|141964443|141968993|+|4550"    
 [65] "_R_N219|dum_8|45084968|45089235|+|4267"   
 [66] "_R_N219|dum_8|45090032|45094303|+|4271"   
 [67] "_R_N219|dum_8|45095100|45099371|+|4271"   
 [68] "N219|dum_1|171014999|171019572|+|4573"    
 [69] "N219|ten_2|87116326|87120843|+|4517"      
 [70] "_R_N219|ten_4|109190703|109194958|+|4255" 
 [71] "N219|dum_3|243485446|243489516|+|4070"    
 [72] "N219|dum_5|86713322|86717842|+|4520"      
 [73] "_R_N219|dum_3|276682914|276687532|+|4618" 
 [74] "N219|dum_8|37413204|37417713|+|4509"      
 [75] "N219|dum_10|75853117|75857555|+|4438"     
 [76] "N219|dum_10|75858098|75862536|+|4438"     
 [77] "N219|dum_10|75863079|75867518|+|4439"     
 [78] "N219|dum_10|75868060|75872495|+|4435"     
 [79] "_R_N219|dum_4|95775207|95779900|+|4693"   
 [80] "_R_N219|dum_2|27000001|27004602|+|4601"   
 [81] "N219|dum_7|110583643|110588294|+|4651"    
 [82] "_R_N219|ten_2|55605363|55609785|+|4422"   
 [83] "N219|ten_1|207602103|207606462|+|4359"    
 [84] "_R_N219|ten_1|136401323|136406000|+|4677" 
 [85] "_R_N219|ten_4|116828006|116832477|+|4471" 
 [86] "_R_N219|dum_11|61703361|61707963|+|4602"  
 [87] "N219|ten_4|164780688|164785033|+|4345"    
 [88] "_R_N219|ten_1|218130737|218135808|+|5071" 
 [89] "_R_N219|ten_7|87071925|87076383|+|4458"   
 [90] "N219|dum_11|139179533|139184744|+|5211"   
 [91] "_R_N219|dum_X2|88604064|88608354|+|4290"  
 [92] "_R_N219|dum_X2|194836005|194840719|+|4714"
 [93] "_R_N219|dum_3|100157008|100161461|+|4453" 
 [94] "_R_N219|dum_3|100215817|100220272|+|4455" 
 [95] "_R_N219|dum_3|100178390|100182844|+|4454" 
 [96] "_R_N219|dum_3|100151663|100156118|+|4455" 
 [97] "_R_N219|dum_3|100162351|100166806|+|4455" 
 [98] "_R_N219|dum_3|100167696|100172149|+|4453" 
 [99] "_R_N219|dum_3|100183734|100188189|+|4455" 
[100] "_R_N219|dum_3|100226506|100230959|+|4453" 
[101] "_R_N219|dum_3|100140973|100145433|+|4460" 
[102] "_R_N219|dum_3|100199773|100204232|+|4459" 
[103] "_R_N219|dum_3|100189079|100193537|+|4458" 
[104] "_R_N219|dum_3|100130272|100134738|+|4466" 
[105] "_R_N219|dum_3|100221162|100225622|+|4460" 
[106] "_R_N219|dum_3|100173039|100177500|+|4461" 
[107] "_R_N219|dum_3|100194422|100198883|+|4461" 
[108] "_R_N219|dum_3|100205116|100209577|+|4461" 
[109] "_R_N219|dum_3|100210467|100214927|+|4460" 
[110] "_R_N219|dum_3|100146318|100150774|+|4456" 
[111] "_R_N219|dum_3|100135623|100140083|+|4460" 
[112] "_R_N219|ten_11|84913788|84919336|+|5548"  
[113] "_R_N219|ten_X1|71247174|71251709|+|4535"  
[114] "_R_N219|dum_7|46015067|46020351|+|5284"   
[115] "N219|ten_9|96955930|96960505|+|4575"      
[116] "_R_N219|dum_X1|139603425|139608079|+|4654"
[117] "_R_N219|ten_8|172212095|172216556|+|4461" 
[118] "N219|dum_5|115628075|115632669|+|4594"    
[119] "_R_N219|dum_9|20197625|20202071|+|4446"   
[120] "_R_N219|dum_2|195122271|195126715|+|4444" 
[121] "_R_N219|dum_2|195132990|195137436|+|4446" 
[122] "_R_N219|dum_2|195127631|195132075|+|4444" 
[123] "N219|dum_3|113941631|113945964|+|4333"    
[124] "_R_N219|dum_10|25270390|25275092|+|4702"  
[125] "_R_N219|dum_2|225245588|225250105|+|4517" 
[126] "N219|dum_5|81147073|81151330|+|4257"      
[127] "N219|dum_5|81158199|81162456|+|4257"      
[128] "N219|dum_5|81152637|81156892|+|4255"      
[129] "N219|dum_5|81163763|81168016|+|4253"      
[130] "_R_N219|dum_1|58665709|58670441|+|4732"   
[131] "N219|dum_2|29548304|29554054|+|5750"      
[132] "N219|dum_5|211537015|211541471|+|4456"    
[133] "N219|dum_5|211547434|211551892|+|4458"    
[134] "N219|dum_5|211542222|211546682|+|4460"    
[135] "N219|ten_9|113297698|113302258|+|4560"    
[136] "N219|dum_12|82771381|82776390|+|5009"     
[137] "N219|dum_5|217697694|217703102|+|5408"    
[138] "_R_N219|dum_5|62719180|62723791|+|4611"   
[139] "_R_N219|dum_5|62724768|62729381|+|4613"   
[140] "_R_N219|dum_5|62730357|62734969|+|4612"   
[141] "_R_N219|dum_5|62741528|62746133|+|4605"   
[142] "_R_N219|dum_5|62735945|62740553|+|4608"   
[143] "_R_N219|dum_5|62747108|62751719|+|4611"   
[144] "_R_N219|dum_5|62708011|62712617|+|4606"   
[145] "_R_N219|dum_5|62713593|62718204|+|4611"   
[146] "N219|dum_2|274840035|274844125|+|4090"    
[147] "N219|dum_4|150642037|150647244|+|5207"    
[148] "N219|dum_4|150602166|150607364|+|5198"    
[149] "N219|dum_4|150596469|150601675|+|5206"    
[150] "N219|dum_4|150636340|150641546|+|5206"    
[151] "N219|dum_4|150647732|150652939|+|5207"    
[152] "N219|dum_4|150567987|150573196|+|5209"    
[153] "N219|dum_4|150613555|150618764|+|5209"    
[154] "N219|dum_4|150573686|150578894|+|5208"    
[155] "N219|dum_4|150619254|150624462|+|5208"    
[156] "N219|dum_4|150579384|150584592|+|5208"    
[157] "N219|dum_4|150562286|150567497|+|5211"    
[158] "N219|dum_4|150607854|150613065|+|5211"    
[159] "N219|dum_4|150590774|150595979|+|5205"    
[160] "N219|dum_4|150630644|150635851|+|5207"    
[161] "N219|dum_4|150585082|150590284|+|5202"    
[162] "N219|dum_4|150624952|150630154|+|5202"    
[163] "N219|dum_4|150556590|150561796|+|5206"    
[164] "N219|dum_4|150653428|150658628|+|5200"    
[165] "N219|dum_4|150659117|150664298|+|5181"    
[166] "N219|dum_X1|248598281|248602921|+|4640"   
[167] "N219|dum_X1|248614992|248619632|+|4640"   
[168] "N219|dum_X1|248631704|248636341|+|4637"   
[169] "N219|dum_X1|248603849|248608490|+|4641"   
[170] "N219|dum_X1|248620560|248625201|+|4641"   
[171] "N219|dum_X1|248609421|248614063|+|4642"   
[172] "N219|dum_X1|248626132|248630774|+|4642"   
[173] "N219|dum_X1|248592719|248597351|+|4632"   
[174] "N219|dum_X1|248637272|248641911|+|4639"   
[175] "_R_N219|dum_1|105113505|105118113|+|4608" 
[176] "_R_N219|dum_1|105124656|105129264|+|4608" 
[177] "_R_N219|dum_1|105119082|105123689|+|4607" 
[178] "_R_N219|dum_1|105130231|105134840|+|4609" 
[179] "N219|dum_X1|220440061|220444646|+|4585"   
[180] "N219|dum_1|122883437|122889382|+|5945"    
[181] "N219|dum_2|131187679|131192378|+|4699"    
[182] "N219|dum_X1|141265559|141270778|+|5219"   
[183] "N219|dum_5|91761224|91766627|+|5403"      
[184] "N219|dum_5|211837707|211842029|+|4322"    
[185] "_R_N219|dum_4|93829033|93833755|+|4722"   
[186] "N219|dum_10|74692289|74697997|+|5708"     
[187] "_R_N219|dum_12|118297261|118303155|+|5894"
[188] "_R_N219|dum_5|177901775|177906924|+|5149" 
[189] "_R_N219|dum_4|113782358|113788866|+|6508" 
[190] "_R_N219|dum_2|189734610|189738865|+|4255" 
[191] "N219|dum_7|150955738|150961034|+|5296"    
[192] "_R_N219|dum_X1|153987033|153991851|+|4818"
[193] "N219|dum_1|278705159|278709328|+|4169"    
[194] "_R_N219|dum_X2|132882398|132888032|+|5634"
[195] "_R_N219|dum_2|41994683|41999239|+|4556"   
[196] "_R_N219|dum_3|189127085|189131557|+|4472" 
[197] "_R_N219|dum_X2|72036688|72042740|+|6052"  
[198] "_R_N219|dum_7|191814578|191818977|+|4399" 
[199] "_R_N219|dum_9|20294951|20300433|+|5482"   
[200] "N219|dum_10|113478984|113483435|+|4451"   
[201] "_R_N219|dum_5|92974719|92979139|+|4420"   
[202] "_R_N219|dum_5|92980337|92984758|+|4421"   
[203] "_R_N219|dum_5|92969107|92973521|+|4414"   
[204] "N219|dum_3|166197843|166202970|+|5127"    
[205] "N219|dum_4|46524686|46529171|+|4485"      
[206] "_R_N219|dum_5|200128440|200133660|+|5220" 
[207] "_R_N219|dum_5|235065678|235070137|+|4459" 
[208] "N219|dum_X1|116359561|116364168|+|4607"   
[209] "N219|dum_6|131754684|131759914|+|5230"    
[210] "N219|dum_X1|92391573|92396611|+|5038"     
[211] "N219|dum_4|189777861|189782452|+|4591"    
[212] "N219|dum_X1|119407814|119412253|+|4439"   
[213] "N219|dum_3|3022534|3027141|+|4607"        
[214] "N219|dum_9|176864347|176868960|+|4613"    
[215] "N219|dum_1|211585855|211590443|+|4588"    
[216] "N219|dum_7|202839910|202844386|+|4476"    
[217] "_R_N219|dum_X2|71097228|71101772|+|4544"  
[218] "N219|dum_X1|152527288|152533130|+|5842"   
[219] "N219|dum_3|190639675|190644871|+|5196"    
[220] "N219|dum_3|190656709|190661902|+|5193"    
[221] "N219|dum_3|190651027|190656222|+|5195"    
[222] "N219|dum_3|190668063|190673258|+|5195"    
[223] "N219|dum_3|190645358|190650546|+|5188"    
[224] "N219|dum_3|190662389|190667582|+|5193"    
[225] "N219|dum_3|190673740|190678921|+|5181"    
[226] "_R_N219|dum_3|171908389|171957295|+|48906"
[227] "_R_N219|dum_8|118277575|118282137|+|4562" 
[228] "_R_N219|dum_8|118283235|118287797|+|4562" 
[229] "_R_N219|dum_8|118266404|118270958|+|4554" 
[230] "_R_N219|dum_8|118271900|118276475|+|4575" 
[231] "N219|dum_10|157757043|157762448|+|5405"   
[232] "N219|dum_6|189805481|189812006|+|6525"    
[233] "_R_N219|ten_4|18472163|18476728|+|4565"   
[234] "_R_N219|dum_3|197720168|197725364|+|5196" 
[235] "N219|dum_7|171755003|171759690|+|4687"    
[236] "_R_N219|dum_5|224449441|224453710|+|4269" 
[237] "_R_N219|ten_7|142313781|142318966|+|5185" 
[238] "N219|dum_X1|42808407|42813059|+|4652"     
[239] "_R_N219|ten_6|190902163|190906316|+|4153" 
[240] "_R_N219|dum_1|245378415|245382702|+|4287" 
[241] "_R_N219|dum_7|170679041|170683593|+|4552" 
[242] "_R_N219|dum_6|80999422|81004721|+|5299"   
[243] "N219|dum_6|114490196|114494505|+|4309"    
[244] "_R_N219|dum_4|178214710|178219918|+|5208" 
[245] "_R_N219|dum_4|53006770|53011201|+|4431"   
[246] "_R_N219|dum_8|83811381|83816523|+|5142"   
[247] "_R_N219|dum_X1|259547935|259552935|+|5000"
[248] "N219|dum_X2|46475749|46480793|+|5044"     
[249] "_R_N219|dum_X1|85586347|85592194|+|5847"  
[250] "_R_N219|dum_X1|115084409|115088860|+|4451"
[251] "_R_N219|dum_X1|115108405|115112823|+|4418"
[252] "_R_N219|dum_X1|115074828|115079324|+|4496"
[253] "_R_N219|dum_X1|115089211|115093690|+|4479"
[254] "_R_N219|dum_X1|115055645|115060148|+|4503"
[255] "_R_N219|dum_X1|115070028|115074535|+|4507"
[256] "_R_N219|dum_X1|115113211|115117722|+|4511"
[257] "_R_N219|dum_X1|115065233|115069735|+|4502"
[258] "_R_N219|dum_X1|115098819|115103319|+|4500"
[259] "_R_N219|dum_X1|115050849|115055352|+|4503"
[260] "_R_N219|dum_X1|115045990|115050556|+|4566"
[261] "_R_N219|dum_X1|115103610|115108112|+|4502"
[262] "_R_N219|dum_X1|115094025|115098526|+|4501"
[263] "_R_N219|dum_X1|115060441|115064940|+|4499"
[264] "_R_N219|dum_X1|115079615|115084116|+|4501"
[265] "_R_N219|dum_X1|115118015|115122520|+|4505"
[266] "N219|dum_2|51788984|51793438|+|4454"      
[267] "N219|dum_7|118751221|118755587|+|4366"    
[268] "N219|dum_7|118757108|118761455|+|4347"    
[269] "_R_N219|dum_6|170390102|170394773|+|4671" 
[270] "N219|ten_3|159146556|159152328|+|5772"    
[271] "_R_N219|dum_10|115380539|115385219|+|4680"
[272] "N219|dum_9|96968850|96973161|+|4311"      
[273] "N219|dum_11|28381722|28386232|+|4510"     
[274] "N219|dum_X2|108382149|108387174|+|5025"   
[275] "N219|dum_9|169592354|169596831|+|4477"    
[276] "N219|dum_X1|158408954|158413636|+|4682"   
[277] "N219|dum_4|260379158|260383435|+|4277"    
[278] "N219|ten_2|28906673|28911900|+|5227"      
[279] "_R_N219|dum_4|85116022|85120544|+|4522"   
[280] "_R_N219|dum_4|85121134|85125666|+|4532"   
[281] "N219|dum_7|15179461|15183869|+|4408"      
[282] "_R_N219|ten_4|165310189|165314732|+|4543" 
[283] "N219|ten_1|268064050|268068480|+|4430"    
[284] "_R_N219|dum_1|269071968|269076256|+|4288" 
[285] "_R_N219|dum_7|35875896|35880596|+|4700"   
[286] "_R_N219|dum_2|121786431|121791007|+|4576" 
[287] "N219|dum_7|72809739|72814459|+|4720"      
[288] "N219|dum_7|72820122|72824835|+|4713"      
[289] "N219|dum_7|72814932|72819649|+|4717"      
[290] "N219|dum_12|59391590|59395867|+|4277"     
[291] "_R_N219|dum_4|202866644|202871221|+|4577" 
[292] "_R_N219|ten_3|37054633|37059174|+|4541"   
[293] "N219|dum_4|10491986|10496693|+|4707"      
[294] "_R_N219|ten_X2|31992845|31997193|+|4348"  
[295] "_R_N219|ten_1|124639542|124643853|+|4311" 
[296] "_R_N219|dum_11|39335707|39340306|+|4599"  
[297] "N219|ten_2|128775858|128780335|+|4477"    
[298] "N219|ten_2|128781460|128785942|+|4482"    
[299] "N219|dum_6|25101168|25106109|+|4941"      
[300] "_R_N219|dum_X2|27556236|27560821|+|4585"  
[301] "_R_N219|ten_1|179623682|179628188|+|4506" 
[302] "_R_N219|dum_9|135433435|135437942|+|4507" 
[303] "_R_N219|dum_4|131632543|131636965|+|4422" 
[304] "_R_N219|dum_6|200234205|200238779|+|4574" 
[305] "_R_N219|dum_X1|246828849|246833024|+|4175"
[306] "N219|ten_X1|95690330|95694866|+|4536"     
[307] "_R_N219|ten_X1|102197468|102202018|+|4550"
[308] "N219|ten_8|41316937|41321548|+|4611"      
[309] "N219|ten_8|41322567|41327179|+|4612"      
[310] "_R_N219|dum_10|108899698|108904323|+|4625"
[311] "_R_N219|dum_10|108905164|108909794|+|4630"
[312] "_R_N219|dum_10|108894366|108898882|+|4516"
[313] "N219|dum_2|163138330|163142870|+|4540"    
[314] "N219|ten_2|164944227|164948903|+|4676"    
[315] "N219|dum_10|27536281|27540791|+|4510"     
[316] "N219|ten_2|118434570|118439125|+|4555"    
[317] "_R_N219|ten_6|64503656|64508248|+|4592"   
[318] "_R_N219|ten_X1|115971229|115975819|+|4590"
[319] "_R_N219|dum_9|134576678|134581281|+|4603" 
[320] "N219|dum_10|55697646|55702188|+|4542"     
[321] "N219|dum_3|136924072|136928653|+|4581"    
[322] "N219|ten_10|148228132|148232181|+|4049"   
[323] "_R_N219|ten_X1|127063039|127067567|+|4528"
[324] "_R_N219|ten_X1|91278540|91283209|+|4669"  
[325] "_R_N219|ten_1|152688686|152693173|+|4487" 
[326] "_R_N219|ten_3|250700824|250705483|+|4659" 
[327] "_R_N219|ten_2|73423362|73427763|+|4401"   
[328] "N219|ten_3|82902139|82906845|+|4706"      
[329] "_R_N219|dum_1|141279375|141284063|+|4688" 
[330] "N219|dum_4|128699067|128703420|+|4353"    
[331] "N219|dum_4|80292061|80296052|+|3991"      
[332] "_R_N219|dum_6|119101428|119105960|+|4532" 
[333] "N219|ten_2|71741115|71745796|+|4681"      
[334] "N219|dum_7|114322187|114326896|+|4709"    
[335] "N219|dum_X1|31589907|31594291|+|4384"     
[336] "N219|dum_X1|31661104|31665631|+|4527"     
[337] "N219|dum_X1|31571991|31576374|+|4383"     
[338] "N219|dum_X1|31672718|31677104|+|4386"     
[339] "N219|dum_X1|31625525|31629907|+|4382"     
[340] "N219|dum_X1|31666904|31671289|+|4385"     
[341] "N219|dum_X1|31684752|31689147|+|4395"     
[342] "N219|dum_X1|31566177|31570567|+|4390"     
[343] "N219|dum_X1|31619711|31624101|+|4390"     
[344] "N219|dum_X1|31655288|31659680|+|4392"     
[345] "_R_N219|ten_12|1674127|1678801|+|4674"    
[346] "N219|dum_2|123801745|123806406|+|4661"    
[347] "N219|dum_2|123796570|123801230|+|4660"    
[348] "N219|dum_2|123781050|123785714|+|4664"    
[349] "N219|dum_2|123770696|123775351|+|4655"    
[350] "N219|dum_2|123786224|123790877|+|4653"    
[351] "N219|dum_2|123806918|123811573|+|4655"    
[352] "N219|dum_2|123791389|123796051|+|4662"    
[353] "N219|dum_2|123775866|123780538|+|4672"    
[354] "N219|dum_2|123812080|123816738|+|4658"    
[355] "N219|dum_4|14463019|14467292|+|4273"      
[356] "_R_N219|dum_1|93628859|93633420|+|4561"   
[357] "_R_N219|dum_1|93640415|93644962|+|4547"   
[358] "N219|ten_6|106915413|106920092|+|4679"    
[359] "N219|dum_4|139146537|139151133|+|4596"    
[360] "N219|dum_4|139151616|139156223|+|4607"    
[361] "N219|dum_X1|209570798|209575214|+|4416"   
[362] "_R_N219|dum_3|248279586|248283846|+|4260" 
[363] "N219|dum_1|41269814|41274355|+|4541"      
