jobinfo 30048727
getting scaled timeline
  [1] "_R_N4919|dum_9|86665228|86668316|+|3088"   
  [2] "_R_N4919|ten_2|73326875|73330674|+|3799"   
  [3] "_R_N4919|dum_9|90352047|90355186|+|3139"   
  [4] "_R_N4919|ten_8|75197337|75200443|+|3106"   
  [5] "_R_N4919|dum_7|114525444|114528562|+|3118" 
  [6] "_R_N4919|ten_2|156547302|156551135|+|3833" 
  [7] "_R_N4919|dum_1|152071000|152074103|+|3103" 
  [8] "N4919|dum_8|26635097|26638200|+|3103"      
  [9] "N4919|dum_4|95608143|95611271|+|3128"      
 [10] "N4919|ten_3|116017324|116020470|+|3146"    
 [11] "_R_N4919|ten_2|94589792|94592909|+|3117"   
 [12] "N4919|dum_4|76810593|76813710|+|3117"      
 [13] "N4919|ten_7|31624582|31627692|+|3110"      
 [14] "N4919|dum_1|295436125|295439203|+|3078"    
 [15] "N4919|dum_2|269346288|269349364|+|3076"    
 [16] "N4919|ten_6|44718515|44721621|+|3106"      
 [17] "_R_N4919|ten_X1|124396328|124399436|+|3108"
 [18] "_R_N4919|dum_8|8623123|8626223|+|3100"     
 [19] "N4919|dum_4|141607412|141611167|+|3755"    
 [20] "_R_N4919|ten_4|92243449|92246951|+|3502"   
 [21] "_R_N4919|dum_10|164993712|164997468|+|3756"
 [22] "_R_N4919|ten_X1|234610686|234613817|+|3131"
 [23] "N4919|ten_X2|107252485|107255633|+|3148"   
 [24] "N4919|ten_X2|107258446|107261594|+|3148"   
 [25] "N4919|ten_X2|107302225|107305373|+|3148"   
 [26] "N4919|ten_X2|107308455|107311603|+|3148"   
 [27] "N4919|ten_X2|107274729|107277876|+|3147"   
 [28] "N4919|ten_X2|107387097|107390244|+|3147"   
 [29] "N4919|ten_X2|107402636|107405782|+|3146"   
 [30] "N4919|ten_X2|107408867|107412013|+|3146"   
 [31] "N4919|ten_X2|107415096|107418256|+|3160"   
 [32] "_R_N4919|ten_X1|15017626|15021393|+|3767"  
 [33] "N4919|dum_2|97054356|97058098|+|3742"      
 [34] "_R_N4919|dum_2|184718307|184722062|+|3755" 
 [35] "_R_N4919|ten_1|106698276|106702013|+|3737" 
 [36] "_R_N4919|dum_8|44006842|44009945|+|3103"   
 [37] "_R_N4919|ten_1|184103995|184107767|+|3772" 
 [38] "_R_N4919|dum_3|14969555|14972663|+|3108"   
 [39] "N4919|dum_3|86389434|86393217|+|3783"      
 [40] "N4919|ten_3|93423197|93426321|+|3124"      
 [41] "N4919|ten_10|29314127|29317935|+|3808"     
 [42] "_R_N4919|dum_5|28860103|28863205|+|3102"   
 [43] "_R_N4919|dum_7|112260045|112263816|+|3771" 
 [44] "N4919|ten_1|15442342|15446104|+|3762"      
 [45] "_R_N4919|dum_10|15532257|15535366|+|3109"  
 [46] "_R_N4919|ten_4|182364247|182367369|+|3122" 
 [47] "N4919|dum_2|400148|403238|+|3090"          
 [48] "N4919|dum_2|451685|454775|+|3090"          
 [49] "N4919|ten_6|85882563|85885670|+|3107"      
 [50] "N4919|dum_7|61471659|61474804|+|3145"      
 [51] "N4919|ten_7|55824538|55827655|+|3117"      
 [52] "_R_N4919|dum_4|164147899|164151001|+|3102" 
 [53] "N4919|dum_4|70894707|70897815|+|3108"      
 [54] "N4919|dum_12|8619145|8622899|+|3754"       
 [55] "N4919|ten_12|10057484|10060589|+|3105"     
 [56] "_R_N4919|dum_7|204060248|204063293|+|3045" 
 [57] "N4919|ten_5|52294753|52297798|+|3045"      
 [58] "N4919|dum_1|108223307|108226443|+|3136"    
 [59] "N4919|dum_1|250916075|250919222|+|3147"    
 [60] "N4919|dum_9|24478101|24481903|+|3802"      
 [61] "_R_N4919|dum_8|130384288|130387417|+|3129" 
 [62] "_R_N4919|ten_8|120509970|120513105|+|3135" 
 [63] "_R_N4919|dum_X1|31501027|31504138|+|3111"  
 [64] "_R_N4919|dum_4|156391949|156395671|+|3722" 
 [65] "_R_N4919|dum_2|264801745|264804878|+|3133" 
 [66] "_R_N4919|dum_2|103649655|103652697|+|3042" 
 [67] "_R_N4919|dum_7|5582923|5585959|+|3036"     
 [68] "N4919|dum_1|175580848|175583871|+|3023"    
 [69] "_R_N4919|ten_4|62518258|62521298|+|3040"   
 [70] "_R_N4919|dum_2|167260868|167263902|+|3034" 
 [71] "N4919|dum_8|125252806|125255814|+|3008"    
 [72] "_R_N4919|dum_10|20846958|20850036|+|3078"  
 [73] "_R_N4919|dum_9|156698555|156701636|+|3081" 
 [74] "_R_N4919|dum_4|162201913|162204989|+|3076" 
 [75] "_R_N4919|dum_3|264588232|264591273|+|3041" 
 [76] "_R_N4919|dum_8|162443674|162446767|+|3093" 
 [77] "N4919|dum_9|28815446|28818500|+|3054"      
 [78] "N4919|dum_2|115342674|115345724|+|3050"    
 [79] "N4919|dum_3|191711854|191714895|+|3041"    
 [80] "_R_N4919|dum_6|136723076|136726116|+|3040" 
 [81] "N4919|dum_10|37791705|37794761|+|3056"     
 [82] "_R_N4919|dum_12|112579698|112582730|+|3032"
 [83] "_R_N4919|dum_9|146412568|146415614|+|3046" 
 [84] "N4919|dum_4|101415535|101418601|+|3066"    
 [85] "N4919|dum_7|81893072|81896112|+|3040"      
 [86] "N4919|dum_X2|80263245|80266327|+|3082"     
 [87] "_R_N4919|dum_2|272980669|272983701|+|3032" 
 [88] "N4919|ten_2|259040927|259043935|+|3008"    
 [89] "N4919|dum_5|18604021|18607040|+|3019"      
 [90] "N4919|ten_5|204000419|204003440|+|3021"    
 [91] "N4919|dum_10|65868158|65871163|+|3005"     
 [92] "_R_N4919|dum_1|190452762|190455812|+|3050" 
 [93] "N4919|dum_2|167177200|167180238|+|3038"    
 [94] "N4919|dum_3|115525596|115528686|+|3090"    
 [95] "_R_N4919|dum_5|801804|805502|+|3698"       
 [96] "_R_N4919|dum_5|144684378|144688075|+|3697" 
 [97] "N4919|dum_1|17818257|17821326|+|3069"      
 [98] "_R_N4919|dum_1|17824491|17827580|+|3089"   
 [99] "N4919|dum_7|194220290|194223420|+|3130"    
[100] "N4919|ten_10|145295384|145298452|+|3068"   
[101] "N4919|dum_3|148679941|148683173|+|3232"    
[102] "N4919|ten_3|142434469|142437639|+|3170"    
[103] "N4919|dum_10|111123173|111126188|+|3015"   
[104] "_R_N4919|ten_9|118652477|118686597|+|34120"
[105] "N4919|ten_4|112874123|112877150|+|3027"    
[106] "N4919|dum_5|187286303|187289468|+|3165"    
[107] "N4919|dum_7|147460604|147463763|+|3159"    
[108] "_R_N4919|dum_10|171784662|171788442|+|3780"
[109] "N4919|dum_2|128123094|128126865|+|3771"    
[110] "N4919|dum_4|116101836|116104978|+|3142"    
[111] "N4919|ten_1|30998950|31002732|+|3782"      
[112] "_R_N4919|dum_9|39055070|39058853|+|3783"   
[113] "N4919|dum_10|35967524|35970654|+|3130"     
[114] "_R_N4919|dum_8|54462980|54466779|+|3799"   
[115] "N4919|dum_9|147723082|147726830|+|3748"    
[116] "_R_N4919|ten_9|32382669|32386420|+|3751"   
[117] "N4919|dum_5|127351812|127354939|+|3127"    
[118] "N4919|dum_2|84218037|84221112|+|3075"      
[119] "_R_N4919|dum_1|250998213|251001196|+|2983" 
[120] "_R_N4919|ten_7|52170285|52174004|+|3719"   
[121] "N4919|dum_4|220788902|220792016|+|3114"    
[122] "_R_N4919|dum_1|146962548|146965622|+|3074" 
[123] "_R_N4919|dum_7|191633233|191636202|+|2969" 
[124] "_R_N4919|dum_8|165324487|165327477|+|2990" 
[125] "_R_N4919|dum_1|86186791|86190585|+|3794"   
[126] "_R_N4919|dum_6|208590357|208593765|+|3408" 
[127] "_R_N4919|ten_6|98565819|98569544|+|3725"   
[128] "_R_N4919|dum_12|15324593|15328383|+|3790"  
[129] "N4919|dum_7|188014562|188017756|+|3194"    
[130] "N4919|dum_9|168247348|168250482|+|3134"    
[131] "N4919|dum_X2|98949171|98968750|+|19579"    
[132] "N4919|dum_X1|188554862|188557983|+|3121"   
[133] "N4919|dum_5|33988523|33991544|+|3021"      
[134] "_R_N4919|dum_X1|115459492|115463299|+|3807"
[135] "N4919|ten_5|1452072|1455832|+|3760"        
[136] "_R_N4919|ten_11|24250194|24253975|+|3781"  
[137] "N4919|dum_X2|161613604|161616739|+|3135"   
[138] "_R_N4919|dum_1|176649647|176653391|+|3744" 
[139] "_R_N4919|dum_X2|88849890|88852985|+|3095"  
[140] "N4919|dum_7|46649089|46652200|+|3111"      
[141] "N4919|ten_2|10349001|10352083|+|3082"      
[142] "N4919|dum_X1|126951823|126954939|+|3116"   
[143] "_R_N4919|dum_1|155919000|155922763|+|3763" 
[144] "N4919|dum_11|121441171|121444941|+|3770"   
[145] "_R_N4919|ten_1|211441967|211445318|+|3351" 
[146] "_R_N4919|ten_5|33446237|33449949|+|3712"   
[147] "N4919|dum_2|83094395|83098144|+|3749"      
[148] "_R_N4919|dum_12|20976505|20980274|+|3769"  
[149] "N4919|dum_6|200116835|200120655|+|3820"    
[150] "N4919|dum_11|78064630|78067714|+|3084"     
[151] "N4919|ten_3|260135010|260138742|+|3732"    
[152] "_R_N4919|dum_11|69410345|69413434|+|3089"  
[153] "N4919|ten_1|215386140|215389442|+|3302"    
[154] "_R_N4919|ten_X1|7562720|7566523|+|3803"    
[155] "_R_N4919|ten_11|17925798|17928947|+|3149"  
[156] "_R_N4919|dum_4|191788572|191791705|+|3133" 
[157] "_R_N4919|dum_X1|259124068|259131135|+|7067"
[158] "_R_N4919|dum_9|78620632|78623763|+|3131"   
[159] "_R_N4919|dum_4|106843951|106847083|+|3132" 
[160] "N4919|dum_3|49682969|49686096|+|3127"      
[161] "N4919|dum_2|100886992|100890087|+|3095"    
[162] "_R_N4919|dum_10|125655698|125658833|+|3135"
[163] "N4919|dum_10|129501481|129504616|+|3135"   
[164] "_R_N4919|dum_10|128851648|128854768|+|3120"
[165] "_R_N4919|ten_8|173796893|173800686|+|3793" 
[166] "N4919|dum_2|79524873|79528008|+|3135"      
[167] "N4919|dum_X2|12301712|12304847|+|3135"     
[168] "N4919|dum_8|129130512|129134287|+|3775"    
[169] "_R_N4919|ten_3|234971258|234975027|+|3769" 
[170] "N4919|dum_1|5415434|5419209|+|3775"        
[171] "_R_N4919|ten_1|152451454|152454581|+|3127" 
[172] "_R_N4919|ten_1|195818358|195822148|+|3790" 
[173] "N4919|ten_3|188138201|188141339|+|3138"    
[174] "N4919|dum_11|140953264|140956348|+|3084"   
[175] "N4919|ten_1|61722985|61726131|+|3146"      
[176] "_R_N4919|ten_5|145323145|145326972|+|3827" 
[177] "_R_N4919|dum_3|140149036|140152142|+|3106" 
[178] "N4919|dum_11|91236541|91239692|+|3151"     
[179] "_R_N4919|ten_6|170715962|170719063|+|3101" 
[180] "_R_N4919|dum_5|180209909|180213023|+|3114" 
[181] "N4919|dum_8|189210175|189213282|+|3107"    
[182] "_R_N4919|dum_9|28961029|28964784|+|3755"   
[183] "N4919|ten_3|266533393|266536487|+|3094"    
[184] "_R_N4919|dum_5|174843133|174941626|+|98493"
[185] "N4919|dum_5|72212642|72215803|+|3161"      
[186] "_R_N4919|dum_3|99790072|99793834|+|3762"   
[187] "_R_N4919|dum_3|153852241|153855975|+|3734" 
[188] "_R_N4919|dum_2|234420818|234423944|+|3126" 
[189] "N4919|dum_3|110775046|110778775|+|3729"    
[190] "_R_N4919|dum_12|17542986|17546480|+|3494"  
[191] "N4919|ten_9|116931324|116935096|+|3772"    
[192] "_R_N4919|dum_2|112519466|112523244|+|3778" 
[193] "N4919|dum_2|140103795|140106925|+|3130"    
[194] "_R_N4919|ten_8|159979728|159982862|+|3134" 
[195] "N4919|dum_12|88216236|88219368|+|3132"     
[196] "N4919|ten_3|66179974|66183070|+|3096"      
[197] "N4919|dum_X1|67876350|67879467|+|3117"     
[198] "N4919|dum_X1|67893478|67896595|+|3117"     
[199] "N4919|dum_X1|67868085|67871202|+|3117"     
[200] "N4919|dum_3|182242833|182245963|+|3130"    
[201] "N4919|ten_X1|36725900|36729025|+|3125"     
[202] "N4919|dum_8|86759734|86762887|+|3153"      
[203] "N4919|dum_8|86763066|86766219|+|3153"      
[204] "N4919|dum_8|86756402|86759555|+|3153"      
[205] "N4919|dum_8|86753069|86756223|+|3154"      
[206] "N4919|dum_6|127680171|127683959|+|3788"    
[207] "_R_N4919|dum_10|26406549|26409656|+|3107"  
[208] "N4919|ten_2|154015189|154018282|+|3093"    
[209] "_R_N4919|dum_4|190158731|190162468|+|3737" 
[210] "_R_N4919|dum_2|276231534|276235247|+|3713" 
[211] "_R_N4919|dum_9|43708857|43711914|+|3057"   
[212] "_R_N4919|ten_8|95402934|95406683|+|3749"   
[213] "N4919|dum_1|142677269|142680390|+|3121"    
[214] "_R_N4919|ten_3|255063702|255067430|+|3728" 
[215] "_R_N4919|dum_7|186776832|186779926|+|3094" 
[216] "_R_N4919|dum_11|6590892|6593955|+|3063"    
[217] "_R_N4919|dum_11|60274624|60277673|+|3049"  
[218] "N4919|dum_2|257352628|257355659|+|3031"    
[219] "N4919|dum_4|259708704|259711755|+|3051"    
[220] "_R_N4919|ten_10|156414791|156417853|+|3062"
[221] "_R_N4919|dum_5|7307091|7310047|+|2956"     
[222] "N4919|ten_9|130090276|130093273|+|2997"    
[223] "_R_N4919|dum_5|204385665|204388792|+|3127" 
[224] "N4919|dum_1|193673885|193677005|+|3120"    
[225] "N4919|ten_10|52630193|52633357|+|3164"     
[226] "_R_N4919|dum_9|15482935|15486051|+|3116"   
[227] "N4919|dum_4|155079776|155083597|+|3821"    
[228] "N4919|ten_11|41414300|41418134|+|3834"     
[229] "N4919|dum_X1|9181456|9185234|+|3778"       
[230] "_R_N4919|ten_X1|9376166|9379946|+|3780"    
[231] "N4919|ten_1|180794782|180797809|+|3027"    
[232] "N4919|dum_4|30801831|30805613|+|3782"      
[233] "_R_N4919|ten_4|200951301|200955076|+|3775" 
[234] "N4919|dum_7|165287167|165290667|+|3500"    
[235] "_R_N4919|dum_10|163306479|163309490|+|3011"
[236] "_R_N4919|dum_10|55855894|55859385|+|3491"  
[237] "_R_N4919|ten_10|46520574|46523662|+|3088"  
[238] "_R_N4919|dum_7|4992849|4995958|+|3109"     
[239] "N4919|ten_7|191067316|191070884|+|3568"    
[240] "N4919|ten_11|5248670|5252442|+|3772"       
[241] "_R_N4919|ten_5|212791478|212795218|+|3740" 
[242] "_R_N4919|ten_11|120314812|120317821|+|3009"
[243] "_R_N4919|ten_5|138369232|138372278|+|3046" 
[244] "_R_N4919|ten_7|170962534|170965593|+|3059" 
[245] "_R_N4919|dum_11|20256997|20260063|+|3066"  
[246] "N4919|ten_11|13437872|13440917|+|3045"     
[247] "N4919|dum_10|106456530|106459523|+|2993"   
[248] "N4919|dum_1|20111123|20114400|+|3277"      
[249] "_R_N4919|dum_2|233552503|233556286|+|3783" 
[250] "_R_N4919|ten_2|221623344|221626791|+|3447" 
[251] "N4919|dum_5|73641358|73645146|+|3788"      
[252] "N4919|ten_5|156956201|156959340|+|3139"    
[253] "_R_N4919|dum_11|79103787|79107515|+|3728"  
[254] "N4919|ten_11|95387037|95390091|+|3054"     
[255] "N4919|ten_1|232342766|232346309|+|3543"    
[256] "_R_N4919|dum_11|54452252|54455978|+|3726"  
[257] "_R_N4919|ten_11|105593959|105597686|+|3727"
[258] "N4919|dum_1|147812740|147816474|+|3734"    
[259] "_R_N4919|dum_10|5173708|5177473|+|3765"    
[260] "N4919|dum_9|190276942|190283970|+|7028"    
[261] "N4919|dum_3|3846883|3850648|+|3765"        
[262] "N4919|dum_7|208302596|208306361|+|3765"    
[263] "_R_N4919|dum_6|726042|729807|+|3765"       
[264] "_R_N4919|dum_3|66132189|66135259|+|3070"   
[265] "_R_N4919|ten_3|57046484|57049566|+|3082"   
[266] "N4919|dum_9|139325185|139328939|+|3754"    
[267] "_R_N4919|ten_9|40972615|40976368|+|3753"   
[268] "_R_N4919|dum_6|135873193|135876964|+|3771" 
[269] "_R_N4919|ten_6|149792833|149796576|+|3743" 
[270] "N4919|dum_9|123485172|123488312|+|3140"    
[271] "_R_N4919|ten_9|56648355|56651487|+|3132"   
[272] "_R_N4919|dum_11|64388438|64391515|+|3077"  
[273] "_R_N4919|ten_11|110571843|110575622|+|3779"
[274] "N4919|dum_1|122213016|122216138|+|3122"    
[275] "N4919|ten_1|116697783|116700918|+|3135"    
[276] "N4919|ten_4|55874353|55877378|+|3025"      
[277] "N4919|ten_1|163396758|163399883|+|3125"    
[278] "N4919|dum_7|10992968|10996387|+|3419"      
[279] "_R_N4919|ten_7|183003369|183006752|+|3383" 
[280] "N4919|dum_1|180297099|180300146|+|3047"    
[281] "N4919|ten_1|173995361|173998401|+|3040"    
[282] "N4919|ten_5|61267297|61270986|+|3689"      
[283] "_R_N4919|dum_10|107291360|107294423|+|3063"
[284] "_R_N4919|ten_10|80676261|80679244|+|2983"  
[285] "N4919|dum_X1|172100064|172103852|+|3788"   
[286] "N4919|ten_3|127305718|127309098|+|3380"    
[287] "_R_N4919|bic_9|104715878|104718814|+|2936" 
[288] "N4919|dum_12|49155358|49159178|+|3820"     
[289] "N4919|ten_12|55344555|55348373|+|3818"     
[290] "N4919|dum_1|226755196|226758350|+|3154"    
[291] "_R_N4919|ten_1|226666602|226669739|+|3137" 
[292] "N4919|dum_8|46253075|46256557|+|3482"      
[293] "N4919|ten_8|42368242|42371357|+|3115"      
[294] "_R_N4919|ten_1|115433925|115437646|+|3721" 
[295] "N4919|ten_4|59701283|59704789|+|3506"      
[296] "N4919|dum_7|73517350|73520466|+|3116"      
[297] "_R_N4919|dum_8|33857096|33860297|+|3201"   
[298] "_R_N4919|dum_11|118208934|118212598|+|3664"
[299] "_R_N4919|dum_11|118235589|118239257|+|3668"
[300] "_R_N4919|dum_11|118182244|118185896|+|3652"
[301] "_R_N4919|dum_11|117960023|117963729|+|3706"
[302] "N4919|ten_11|60838883|60842601|+|3718"     
[303] "N4919|ten_11|60872832|60876546|+|3714"     
[304] "N4919|ten_11|60806801|60810519|+|3718"     
[305] "_R_N4919|dum_6|126766595|126770057|+|3462" 
[306] "N4919|dum_1|126706753|126710507|+|3754"    
[307] "_R_N4919|dum_3|234435326|234438408|+|3082" 
[308] "_R_N4919|ten_3|236679083|236682150|+|3067" 
[309] "_R_N4919|dum_X2|13634768|13638541|+|3773"  
[310] "N4919|ten_X2|204065061|204068030|+|2969"   
[311] "_R_N4919|dum_X2|14080528|14084039|+|3511"  
[312] "_R_N4919|dum_2|5087503|5090506|+|3003"     
[313] "N4919|dum_4|158045465|158048442|+|2977"    
[314] "N4919|ten_9|106479506|106482858|+|3352"    
[315] "N4919|dum_12|87925402|87928501|+|3099"     
[316] "N4919|ten_12|94318989|94322180|+|3191"     
[317] "N4919|dum_11|42003430|42006452|+|3022"     
[318] "_R_N4919|ten_X1|236085577|236088628|+|3051"
[319] "_R_N4919|dum_X2|29876985|29880001|+|3016"  
[320] "N4919|ten_7|191248946|191252243|+|3297"    
[321] "_R_N4919|ten_5|61504997|61508536|+|3539"   
[322] "_R_N4919|dum_3|69501970|69505064|+|3094"   
[323] "_R_N4919|ten_3|65250012|65253119|+|3107"   
[324] "N4919|dum_8|187308222|187312004|+|3782"    
[325] "N4919|ten_8|175582310|175586076|+|3766"    
[326] "_R_N4919|dum_4|202817613|202820729|+|3116" 
[327] "_R_N4919|ten_5|147504505|147507617|+|3112" 
[328] "_R_N4919|dum_2|5897860|5901670|+|3810"     
[329] "_R_N4919|ten_2|7737751|7741293|+|3542"     
[330] "N4919|dum_X2|40257142|40260309|+|3167"     
[331] "_R_N4919|ten_X2|177837701|177840880|+|3179"
[332] "_R_N4919|dum_3|262391153|262394206|+|3053" 
[333] "_R_N4919|dum_10|146410351|146413421|+|3070"
[334] "N4919|ten_10|140874499|140880760|+|6261"   
[335] "N4919|dum_6|100794653|100797796|+|3143"    
[336] "_R_N4919|dum_3|261099249|261102322|+|3073" 
[337] "_R_N4919|dum_7|46655832|46658958|+|3126"   
[338] "_R_N4919|ten_7|127556606|127560412|+|3806" 
[339] "_R_N4919|dum_3|236690716|236694251|+|3535" 
[340] "_R_N4919|ten_3|238647257|238650993|+|3736" 
[341] "_R_N4919|ten_7|26301666|26304776|+|3110"   
[342] "N4919|dum_3|124408935|124412693|+|3758"    
[343] "N4919|ten_3|119385681|119389429|+|3748"    
[344] "N4919|bic_5|121455576|121458507|+|2931"    
[345] "N4919|dum_4|184599978|184603121|+|3143"    
[346] "_R_N4919|mim_9|150569741|150572685|+|2944" 
[347] "N4919|sar_6|79831940|79835027|+|3087"      
[348] "_R_N4919|bic_X2|84534974|84538060|+|3086"  
[349] "_R_N4919|sar_X2|103514732|103517818|+|3086"
[350] "_R_N4919|bic_3|56457635|56460693|+|3058"   
[351] "_R_N4919|sar_3|21631495|21634538|+|3043"   
[352] "N4919|sar_3|228833150|228836853|+|3703"    
[353] "N4919|bic_13|103368558|103371584|+|3026"   
[354] "_R_N4919|bic_2|40431078|40434184|+|3106"   
[355] "N4919|sar_2|34432075|34435191|+|3116"      
[356] "_R_N4919|sar_6|101941972|101944970|+|2998" 
[357] "N4919|bic_4|16537431|16541179|+|3748"      
[358] "N4919|bic_9|77255548|77258553|+|3005"      
[359] "N4919|bic_12|142674086|142677117|+|3031"   
[360] "_R_N4919|sar_X2|70210569|70214308|+|3739"  
[361] "_R_N4919|dum_12|46755906|46758837|+|2931"  
[362] "_R_N4919|ten_12|51671852|51674836|+|2984"  
[363] "N4919|bic_11|133727882|133730920|+|3038"   
[364] "_R_N4919|dum_4|190922078|190925872|+|3794" 
[365] "N4919|sar_2|205805519|205808468|+|2949"    
[366] "N4919|bic_9|136145335|136148309|+|2974"    
[367] "N4919|sar_9|35072879|35075845|+|2966"      
[368] "_R_N4919|dum_5|200890020|200893804|+|3784" 
[369] "_R_N4919|mim_X2|22175601|22178561|+|2960"  
[370] "N4919|ten_6|4956485|4960250|+|3765"        
[371] "_R_N4919|mim_13|55085256|55088324|+|3068"  
[372] "N4919|bic_13|32574678|32577726|+|3048"     
[373] "N4919|sar_1|88744847|88747816|+|2969"      
[374] "N4919|sar_10|67326280|67329192|+|2912"     
[375] "_R_N4919|sar_X2|222441636|222444531|+|2895"
[376] "N4919|dum_X1|102412077|102415464|+|3387"   
[377] "N4919|bic_14|129986069|129989151|+|3082"   
[378] "N4919|mim_14|179456174|179459142|+|2968"   
[379] "_R_N4919|mim_13|126292892|126295899|+|3007"
[380] "_R_N4919|mim_9|155021211|155024566|+|3355" 
[381] "N4919|sar_7|33706423|33709466|+|3043"      
[382] "N4919|bic_11|81282745|81285837|+|3092"     
