jobinfo 30048615
getting scaled timeline
  [1] "N1802|dum_11|96708888|96712768|+|3880"     
  [2] "N1802|dum_11|97853699|97857601|+|3902"     
  [3] "N1802|dum_11|97993485|97997169|+|3684"     
  [4] "N1802|dum_2|182651724|182655605|+|3881"    
  [5] "N1802|dum_2|182668569|182672422|+|3853"    
  [6] "_R_N1802|dum_11|96363356|96367341|+|3985"  
  [7] "_R_N1802|dum_11|99480716|99484333|+|3617"  
  [8] "_R_N1802|dum_11|98686289|98690243|+|3954"  
  [9] "_R_N1802|dum_11|96170491|96175038|+|4547"  
 [10] "_R_N1802|dum_11|96454731|96459278|+|4547"  
 [11] "_R_N1802|dum_11|95291356|95295340|+|3984"  
 [12] "_R_N1802|dum_11|95554916|95559429|+|4513"  
 [13] "_R_N1802|dum_11|99862756|99867263|+|4507"  
 [14] "_R_N1802|dum_11|99075847|99080345|+|4498"  
 [15] "_R_N1802|dum_11|98791197|98795165|+|3968"  
 [16] "_R_N1802|dum_11|45200532|45205020|+|4488"  
 [17] "_R_N1802|dum_11|98729487|98733240|+|3753"  
 [18] "_R_N1802|dum_11|45266095|45270642|+|4547"  
 [19] "_R_N1802|dum_11|95584928|95589423|+|4495"  
 [20] "_R_N1802|dum_11|61187523|61192021|+|4498"  
 [21] "_R_N1802|dum_11|61154177|61158657|+|4480"  
 [22] "_R_N1802|dum_11|98453173|98457157|+|3984"  
 [23] "_R_N1802|dum_11|95235002|95239502|+|4500"  
 [24] "N1802|dum_2|182579033|182583387|+|4354"    
 [25] "_R_N1802|dum_11|95663178|95667675|+|4497"  
 [26] "N1802|dum_11|96771656|96776022|+|4366"     
 [27] "_R_N1802|dum_11|96121755|96126264|+|4509"  
 [28] "N1802|dum_11|97073677|97078055|+|4378"     
 [29] "N1802|dum_11|97742572|97746945|+|4373"     
 [30] "N1802|dum_2|182752283|182756672|+|4389"    
 [31] "N1802|dum_2|182486838|182491199|+|4361"    
 [32] "_R_N1802|dum_11|45169369|45173849|+|4480"  
 [33] "_R_N1802|dum_11|99755846|99760352|+|4506"  
 [34] "_R_N1802|dum_11|99051509|99055774|+|4265"  
 [35] "_R_N1802|dum_11|99577081|99581587|+|4506"  
 [36] "_R_N1802|dum_11|98808917|98813419|+|4502"  
 [37] "_R_N1802|dum_11|96288701|96292373|+|3672"  
 [38] "_R_N1802|dum_11|100116759|100121238|+|4479"
 [39] "N1802|ten_10|291991|295505|+|3514"         
 [40] "_R_N1802|dum_11|37390015|37394402|+|4387"  
 [41] "N1802|dum_11|112745029|112748721|+|3692"   
 [42] "_R_N1802|ten_X1|642607|646290|+|3683"      
 [43] "N1802|dum_11|60991185|60995038|+|3853"     
 [44] "N1802|dum_4|257352178|257355873|+|3695"    
 [45] "_R_N1802|dum_11|44872413|44876007|+|3594"  
 [46] "N1802|dum_4|261172885|261177230|+|4345"    
 [47] "N1802|dum_7|206146826|206150871|+|4045"    
 [48] "_R_N1802|dum_11|95926699|95931208|+|4509"  
 [49] "_R_N1802|dum_11|95960270|95964779|+|4509"  
 [50] "_R_N1802|dum_11|95893127|95897635|+|4508"  
 [51] "_R_N1802|dum_11|98400887|98405427|+|4540"  
 [52] "N1802|dum_2|182520080|182524460|+|4380"    
 [53] "N1802|dum_11|98060845|98065207|+|4362"     
 [54] "N1802|dum_11|98020613|98024978|+|4365"     
 [55] "_R_N1802|dum_11|98364275|98368636|+|4361"  
 [56] "N1802|dum_11|97388859|97393230|+|4371"     
 [57] "N1802|dum_11|97346372|97350803|+|4431"     
 [58] "N1802|dum_2|182439232|182443596|+|4364"    
 [59] "N1802|dum_2|182693635|182697987|+|4352"    
 [60] "N1802|dum_7|206233666|206238036|+|4370"    
 [61] "N1802|dum_7|206260943|206265315|+|4372"    
 [62] "N1802|dum_7|206206282|206210658|+|4376"    
 [63] "_R_N1802|dum_11|99223118|99227610|+|4492"  
 [64] "N1802|dum_11|98327962|98332344|+|4382"     
 [65] "N1802|dum_2|183187870|183191893|+|4023"    
 [66] "N1802|dum_11|96739599|96743966|+|4367"     
 [67] "N1802|dum_11|96830220|96834576|+|4356"     
 [68] "N1802|dum_11|63008692|63012788|+|4096"     
 [69] "N1802|dum_11|63042342|63046727|+|4385"     
 [70] "N1802|dum_11|97535565|97539933|+|4368"     
 [71] "N1802|dum_11|97546435|97550806|+|4371"     
 [72] "_R_N1802|dum_11|99322754|99326884|+|4130"  
 [73] "_R_N1802|dum_11|99388290|99392419|+|4129"  
 [74] "N1802|dum_11|100067102|100071466|+|4364"   
 [75] "N1802|dum_11|97791424|97795602|+|4178"     
 [76] "_R_N1802|dum_11|98594035|98598215|+|4180"  
 [77] "_R_N1802|dum_11|97262226|97266402|+|4176"  
 [78] "_R_N1802|dum_11|98893259|98897435|+|4176"  
 [79] "_R_N1802|dum_11|97140548|97144725|+|4177"  
 [80] "_R_N1802|dum_11|95816376|95820552|+|4176"  
 [81] "_R_N1802|dum_11|98463587|98467417|+|3830"  
 [82] "_R_N1802|dum_11|96583526|96587701|+|4175"  
 [83] "_R_N1802|dum_11|98134127|98138634|+|4507"  
 [84] "_R_N1802|dum_11|98199267|98203125|+|3858"  
 [85] "N1802|dum_11|100034733|100039131|+|4398"   
 [86] "N1802|dum_11|97593910|97598296|+|4386"     
 [87] "N1802|dum_11|97464789|97469176|+|4387"     
 [88] "_R_N1802|dum_11|95616068|95620038|+|3970"  
 [89] "_R_N1802|dum_11|96217169|96221686|+|4517"  
 [90] "_R_N1802|dum_11|96501409|96505926|+|4517"  
 [91] "_R_N1802|dum_11|95174819|95179333|+|4514"  
 [92] "_R_N1802|dum_11|95202153|95206675|+|4522"  
 [93] "_R_N1802|dum_11|99835373|99839879|+|4506"  
 [94] "_R_N1802|dum_11|99799557|99804055|+|4498"  
 [95] "_R_N1802|dum_11|95484848|95489325|+|4477"  
 [96] "_R_N1802|dum_11|95519052|95523553|+|4501"  
 [97] "_R_N1802|dum_11|99656919|99661074|+|4155"  
 [98] "N1802|dum_11|97679322|97683687|+|4365"     
 [99] "_R_N1802|dum_11|96050959|96054739|+|3780"  
[100] "_R_N1802|dum_11|95454974|95459482|+|4508"  
[101] "N1802|dum_2|182224251|182228620|+|4369"    
[102] "N1802|dum_2|182408700|182413049|+|4349"    
[103] "N1802|dum_11|63080703|63085067|+|4364"     
[104] "N1802|dum_2|209854321|209858688|+|4367"    
[105] "N1802|dum_1|231757659|231762028|+|4369"    
[106] "N1802|dum_1|231790526|231794909|+|4383"    
[107] "N1802|dum_10|130338798|130343173|+|4375"   
[108] "N1802|dum_10|180806539|180810919|+|4380"   
[109] "N1802|dum_10|180871349|180875719|+|4370"   
[110] "N1802|dum_10|180773517|180777873|+|4356"   
[111] "N1802|dum_10|180839104|180843447|+|4343"   
[112] "N1802|dum_10|180903910|180908251|+|4341"   
[113] "N1802|dum_2|210202261|210206647|+|4386"    
[114] "N1802|dum_10|180740190|180744599|+|4409"   
[115] "N1802|dum_10|21196745|21201118|+|4373"     
[116] "N1802|dum_9|119325936|119330324|+|4388"    
[117] "N1802|dum_10|21860447|21864796|+|4349"     
[118] "_R_N1802|dum_9|116436|120937|+|4501"       
[119] "_R_N1802|dum_5|64209|68709|+|4500"         
[120] "N1802|dum_2|211573624|211577980|+|4356"    
[121] "N1802|dum_2|212727862|212732218|+|4356"    
[122] "N1802|dum_9|167336288|167340656|+|4368"    
[123] "N1802|dum_10|166153530|166157887|+|4357"   
[124] "N1802|dum_9|119065002|119069396|+|4394"    
[125] "_R_N1802|dum_7|58157815|58162318|+|4503"   
[126] "N1802|dum_2|211288176|211292569|+|4393"    
[127] "N1802|dum_2|212442414|212446807|+|4393"    
[128] "N1802|dum_2|210677367|210681748|+|4381"    
[129] "N1802|dum_2|208487210|208491592|+|4382"    
[130] "_R_N1802|dum_6|38817362|38821883|+|4521"   
[131] "_R_N1802|dum_6|38479485|38483988|+|4503"   
[132] "_R_N1802|dum_5|144147804|144152320|+|4516" 
[133] "N1802|dum_5|122583526|122587557|+|4031"    
[134] "_R_N1802|dum_10|166606702|166611202|+|4500"
[135] "_R_N1802|dum_6|39171304|39175808|+|4504"   
[136] "_R_N1802|dum_5|1157056|1161444|+|4388"     
[137] "_R_N1802|dum_10|135377874|135382376|+|4502"
[138] "_R_N1802|dum_11|168654743|168659131|+|4388"
[139] "_R_N1802|dum_5|145487627|145492043|+|4416" 
[140] "_R_N1802|dum_5|145217158|145221648|+|4490" 
[141] "_R_N1802|dum_7|59304601|59309111|+|4510"   
[142] "_R_N1802|dum_5|67828959|67833361|+|4402"   
[143] "N1802|dum_5|122784117|122788503|+|4386"    
[144] "N1802|dum_5|122751358|122755746|+|4388"    
[145] "N1802|dum_10|130306228|130310627|+|4399"   
[146] "_R_N1802|dum_5|67489394|67493909|+|4515"   
[147] "N1802|dum_5|68434676|68439052|+|4376"      
[148] "N1802|dum_10|22225386|22229737|+|4351"     
[149] "_R_N1802|dum_10|24473020|24477487|+|4467"  
[150] "_R_N1802|dum_10|135620619|135625100|+|4481"
[151] "_R_N1802|dum_10|166904387|166908889|+|4502"
[152] "_R_N1802|dum_10|167116820|167121325|+|4505"
[153] "_R_N1802|dum_10|167082837|167087341|+|4504"
[154] "_R_N1802|dum_5|158368011|158372507|+|4496" 
[155] "_R_N1802|dum_5|158400795|158405293|+|4498" 
[156] "N1802|dum_10|65228594|65232960|+|4366"     
[157] "N1802|dum_1|231439200|231443568|+|4368"    
