jobinfo 30048826
getting scaled timeline
  [1] "N858|dum_X1|136332045|136337048|+|5003"   
  [2] "_R_N858|dum_X2|140745840|140750843|+|5003"
  [3] "_R_N858|dum_X1|161925775|161930779|+|5004"
  [4] "N858|dum_11|131157708|131162698|+|4990"   
  [5] "_R_N858|dum_11|131182232|131187237|+|5005"
  [6] "N858|dum_5|101259167|101264170|+|5003"    
  [7] "_R_N858|dum_10|115794481|115799484|+|5003"
  [8] "_R_N858|dum_4|98402904|98407922|+|5018"   
  [9] "_R_N858|dum_7|31008480|31013492|+|5012"   
 [10] "_R_N858|dum_4|98393217|98398225|+|5008"   
 [11] "_R_N858|dum_4|98424676|98429684|+|5008"   
 [12] "_R_N858|dum_11|135828727|135833702|+|4975"
 [13] "_R_N858|dum_6|124964313|124969309|+|4996" 
 [14] "N858|dum_11|139981784|139986786|+|5002"   
 [15] "N858|dum_11|128669513|128674484|+|4971"   
 [16] "N858|dum_11|128676077|128679847|+|3770"   
 [17] "_R_N858|dum_6|125031789|125036799|+|5010" 
 [18] "_R_N858|dum_X2|71146015|71151017|+|5002"  
 [19] "_R_N858|dum_X2|71158705|71163705|+|5000"  
 [20] "_R_N858|dum_6|53782828|53787840|+|5012"   
 [21] "_R_N858|dum_12|113547217|113552240|+|5023"
 [22] "_R_N858|dum_2|53037566|53042566|+|5000"   
 [23] "_R_N858|dum_3|40990295|40995300|+|5005"   
 [24] "_R_N858|dum_3|41002954|41007959|+|5005"   
 [25] "_R_N858|dum_4|93783013|93788016|+|5003"   
 [26] "N858|dum_4|72272150|72277155|+|5005"      
 [27] "N858|dum_4|72292926|72297929|+|5003"      
 [28] "_R_N858|dum_4|69828124|69833122|+|4998"   
 [29] "_R_N858|dum_10|95944276|95949289|+|5013"  
 [30] "_R_N858|dum_10|187081275|187085769|+|4494"
 [31] "_R_N858|dum_10|187089303|187094314|+|5011"
 [32] "N858|dum_8|38389837|38394849|+|5012"      
 [33] "_R_N858|dum_12|79218994|79224004|+|5010"  
 [34] "_R_N858|dum_12|79253545|79258553|+|5008"  
 [35] "_R_N858|dum_12|79243861|79248872|+|5011"  
 [36] "_R_N858|dum_12|79209331|79214326|+|4995"  
 [37] "N858|dum_12|86446289|86451301|+|5012"     
 [38] "_R_N858|dum_12|82943812|82948827|+|5015"  
 [39] "_R_N858|dum_12|82928168|82933189|+|5021"  
 [40] "_R_N858|dum_12|83004113|83009113|+|5000"  
 [41] "_R_N858|dum_12|82975040|82980043|+|5003"  
 [42] "_R_N858|dum_12|82994452|82999451|+|4999"  
 [43] "_R_N858|dum_3|152890093|152895095|+|5002" 
 [44] "_R_N858|dum_3|152917202|152922203|+|5001" 
 [45] "_R_N858|dum_3|152947146|152952156|+|5010" 
 [46] "_R_N858|dum_3|152975633|152980635|+|5002" 
 [47] "_R_N858|dum_3|153015404|153020406|+|5002" 
 [48] "_R_N858|dum_3|152926853|152931856|+|5003" 
 [49] "_R_N858|dum_3|152935461|152940465|+|5004" 
 [50] "N858|dum_4|72411812|72416404|+|4592"      
 [51] "N858|dum_4|72417399|72421991|+|4592"      
 [52] "N858|dum_4|72501810|72506807|+|4997"      
 [53] "N858|dum_4|72324224|72329222|+|4998"      
 [54] "_R_N858|dum_11|143298763|143303761|+|4998"
 [55] "N858|dum_4|72371867|72376865|+|4998"      
 [56] "N858|dum_4|72333891|72338889|+|4998"      
 [57] "N858|dum_5|112100478|112105477|+|4999"    
 [58] "N858|dum_2|39498295|39503303|+|5008"      
 [59] "_R_N858|dum_2|200857877|200862893|+|5016" 
 [60] "_R_N858|dum_2|201125541|201128748|+|3207" 
 [61] "N858|dum_4|131888672|131893690|+|5018"    
 [62] "_R_N858|dum_11|143310816|143315815|+|4999"
 [63] "_R_N858|dum_7|147319951|147324957|+|5006" 
 [64] "N858|dum_8|117863288|117868282|+|4994"    
 [65] "N858|dum_8|117875794|117880788|+|4994"    
 [66] "N858|dum_1|27998911|28003029|+|4118"      
 [67] "N858|dum_1|28004666|28008797|+|4131"      
 [68] "N858|dum_1|28010442|28015443|+|5001"      
 [69] "N858|dum_1|28074364|28078483|+|4119"      
 [70] "N858|dum_1|28092284|28095389|+|3105"      
 [71] "N858|dum_1|27987417|27991536|+|4119"      
 [72] "N858|dum_1|27993162|27997283|+|4121"      
 [73] "N858|dum_1|27981658|27985779|+|4121"      
 [74] "N858|dum_1|28057092|28061209|+|4117"      
 [75] "N858|dum_1|28062837|28066964|+|4127"      
 [76] "N858|dum_4|72518053|72523054|+|5001"      
 [77] "N858|dum_1|28068595|28072720|+|4125"      
 [78] "_R_N858|dum_3|152880545|152885162|+|4617" 
 [79] "_R_N858|dum_3|152907673|152912272|+|4599" 
 [80] "N858|dum_8|105147607|105152574|+|4967"    
 [81] "_R_N858|dum_8|105193006|105197979|+|4973" 
 [82] "N858|dum_8|105125257|105130242|+|4985"    
 [83] "_R_N858|dum_8|105084476|105089458|+|4982" 
 [84] "N858|dum_8|105173322|105178310|+|4988"    
 [85] "_R_N858|dum_8|105107694|105112676|+|4982" 
 [86] "_R_N858|dum_8|105212717|105217685|+|4968" 
 [87] "_R_N858|dum_8|105202856|105207834|+|4978" 
 [88] "_R_N858|dum_11|143283213|143288185|+|4972"
 [89] "N858|dum_8|105157460|105162432|+|4972"    
 [90] "_R_N858|dum_8|105222586|105227557|+|4971" 
 [91] "_R_N858|dum_2|28036047|28041026|+|4979"   
 [92] "_R_N858|dum_8|105094187|105099178|+|4991" 
 [93] "_R_N858|dum_8|108018921|108023906|+|4985" 
 [94] "_R_N858|dum_4|42419174|42424164|+|4990"   
 [95] "_R_N858|ten_X2|205470054|205475030|+|4976"
 [96] "_R_N858|ten_X2|205480008|205484984|+|4976"
 [97] "N858|dum_8|105137957|105142936|+|4979"    
 [98] "N858|dum_12|95406955|95410875|+|3920"     
 [99] "_R_N858|dum_1|57680643|57685634|+|4991"   
[100] "N858|dum_1|28087082|28090194|+|3112"      
[101] "N858|dum_1|28080124|28085124|+|5000"      
[102] "_R_N858|dum_2|200945053|200949665|+|4612" 
[103] "_R_N858|dum_2|201040918|201045919|+|5001" 
[104] "_R_N858|dum_2|200954626|200959626|+|5000" 
[105] "_R_N858|dum_2|201021560|201026551|+|4991" 
[106] "_R_N858|dum_2|201031236|201036227|+|4991" 
[107] "_R_N858|dum_2|200989039|200994039|+|5000" 
[108] "_R_N858|dum_2|201002190|201007192|+|5002" 
[109] "_R_N858|dum_2|201011869|201016873|+|5004" 
[110] "_R_N858|dum_2|200908710|200913701|+|4991" 
[111] "_R_N858|dum_2|201056369|201059927|+|3558" 
[112] "_R_N858|dum_2|201064916|201069915|+|4999" 
[113] "_R_N858|dum_2|201087465|201092468|+|5003" 
[114] "_R_N858|dum_2|201100125|201105128|+|5003" 
[115] "_R_N858|dum_2|201112785|201117786|+|5001" 
[116] "_R_N858|dum_2|200935383|200940388|+|5005" 
[117] "N858|dum_2|200727231|200732232|+|5001"    
[118] "_R_N858|dum_2|200848176|200853179|+|5003" 
[119] "N858|dum_2|200710825|200715831|+|5006"    
[120] "N858|dum_1|210904984|210909990|+|5006"    
[121] "_R_N858|dum_2|201077784|201082780|+|4996" 
[122] "_R_N858|dum_12|78603523|78606934|+|3411"  
[123] "_R_N858|dum_2|200873762|200878776|+|5014" 
[124] "_R_N858|dum_2|200886421|200891430|+|5009" 
[125] "_R_N858|dum_2|200896099|200901094|+|4995" 
[126] "N858|dum_2|200697733|200702736|+|5003"    
[127] "_R_N858|dum_2|200973025|200978027|+|5002" 
[128] "N858|dum_2|200688046|200693042|+|4996"    
[129] "N858|dum_8|60069194|60073480|+|4286"      
[130] "N858|dum_8|60087862|60092869|+|5007"      
[131] "_R_N858|dum_8|60027578|60031874|+|4296"   
[132] "N858|dum_8|60038025|60042320|+|4295"      
[133] "N858|dum_8|60059815|60064107|+|4292"      
[134] "_R_N858|dum_4|98414974|98418355|+|3381"   
[135] "_R_N858|dum_2|8765875|8770870|+|4995"     
[136] "_R_N858|dum_12|88591015|88596017|+|5002"  
[137] "_R_N858|dum_2|8722652|8727650|+|4998"     
[138] "_R_N858|dum_9|7664483|7669484|+|5001"     
[139] "N858|dum_8|13951795|13955779|+|3984"      
[140] "_R_N858|dum_12|88581340|88586352|+|5012"  
[141] "_R_N858|dum_12|88600708|88605701|+|4993"  
[142] "_R_N858|dum_12|88610374|88615382|+|5008"  
[143] "_R_N858|dum_12|88629737|88634753|+|5016"  
[144] "_R_N858|dum_12|88620052|88625060|+|5008"  
[145] "_R_N858|dum_12|82984778|82989788|+|5010"  
[146] "_R_N858|dum_12|82915896|82920901|+|5005"  
[147] "_R_N858|dum_12|82956492|82961498|+|5006"  
[148] "_R_N858|dum_7|149200295|149203390|+|3095" 
[149] "N858|dum_7|149203902|149208905|+|5003"    
[150] "N858|dum_7|149138384|149143321|+|4937"    
[151] "N858|dum_7|149150836|149155840|+|5004"    
[152] "_R_N858|dum_X1|161938355|161943363|+|5008"
[153] "_R_N858|dum_7|148668924|148672920|+|3996" 
[154] "N858|dum_7|149183661|149188667|+|5006"    
[155] "N858|dum_4|72406268|72410826|+|4558"      
[156] "N858|dum_4|219474345|219479327|+|4982"    
[157] "N858|dum_4|219405418|219410418|+|5000"    
[158] "N858|dum_4|219434225|219439225|+|5000"    
[159] "N858|dum_4|219379553|219384553|+|5000"    
[160] "N858|dum_4|219391001|219396002|+|5001"    
[161] "N858|dum_4|219418097|219423098|+|5001"    
[162] "N858|dum_4|219446898|219451900|+|5002"    
[163] "N858|dum_7|172904608|172909219|+|4611"    
[164] "N858|dum_4|72448285|72453287|+|5002"      
[165] "N858|dum_4|72457099|72462103|+|5004"      
[166] "N858|dum_4|72387822|72392377|+|4555"      
[167] "_R_N858|dum_2|8733171|8738018|+|4847"     
[168] "_R_N858|dum_2|8775542|8780550|+|5008"     
[169] "_R_N858|dum_2|127887951|127892562|+|4611" 
[170] "_R_N858|dum_2|127872302|127877301|+|4999" 
[171] "_R_N858|dum_2|127900538|127905537|+|4999" 
[172] "_R_N858|dum_2|127862633|127867634|+|5001" 
[173] "_R_N858|dum_1|199087788|199092606|+|4818" 
[174] "_R_N858|dum_6|138820352|138825170|+|4818" 
[175] "_R_N858|dum_1|199107589|199112407|+|4818" 
[176] "_R_N858|dum_1|199074272|199079108|+|4836" 
[177] "_R_N858|dum_1|199100647|199105502|+|4855" 
[178] "_R_N858|dum_1|199117458|199122464|+|5006" 
[179] "N858|dum_3|86462936|86467179|+|4243"      
[180] "_R_N858|dum_6|170841863|170846696|+|4833" 
[181] "_R_N858|dum_6|141030780|141035614|+|4834" 
[182] "N858|dum_11|37356798|37361782|+|4984"     
[183] "_R_N858|dum_11|131191900|131196879|+|4979"
[184] "N858|dum_11|131216884|131221889|+|5005"   
[185] "_R_N858|dum_11|129673097|129678099|+|5002"
[186] "_R_N858|dum_7|127382100|127386769|+|4669" 
[187] "N858|dum_4|131914167|131918066|+|3899"    
[188] "N858|dum_4|131922737|131927771|+|5034"    
[189] "N858|dum_4|132033441|132038034|+|4593"    
[190] "N858|dum_4|132024188|132029205|+|5017"    
[191] "N858|dum_4|131934999|131940003|+|5004"    
[192] "N858|dum_4|132016256|132019849|+|3593"    
[193] "N858|dum_4|131993203|131998203|+|5000"    
[194] "_R_N858|dum_1|57632627|57637629|+|5002"   
[195] "_R_N858|dum_1|57644439|57649441|+|5002"   
[196] "_R_N858|dum_1|57656251|57661261|+|5010"   
[197] "_R_N858|dum_1|57698176|57703179|+|5003"   
[198] "N858|dum_6|130705967|130710972|+|5005"    
[199] "N858|dum_6|130718620|130723625|+|5005"    
[200] "N858|dum_6|130740923|130745928|+|5005"    
[201] "N858|dum_6|130753576|130758581|+|5005"    
[202] "N858|dum_6|130728275|130733280|+|5005"    
[203] "N858|dum_6|130763232|130768237|+|5005"    
[204] "N858|dum_6|130693314|130698321|+|5007"    
[205] "N858|dum_9|20162309|20167299|+|4990"      
[206] "N858|dum_6|130680668|130685670|+|5002"    
[207] "_R_N858|dum_4|93795662|93800669|+|5007"   
[208] "_R_N858|dum_6|140938811|140943820|+|5009" 
[209] "_R_N858|dum_4|239668373|239673365|+|4992" 
[210] "_R_N858|dum_4|239693332|239698324|+|4992" 
[211] "N858|dum_9|21642658|21647658|+|5000"      
[212] "N858|dum_1|28102739|28105853|+|3114"      
[213] "N858|dum_9|126472451|126477441|+|4990"    
[214] "N858|dum_1|28097478|28100592|+|3114"      
[215] "N858|dum_9|126457340|126462340|+|5000"    
[216] "N858|dum_9|126500310|126505310|+|5000"    
[217] "N858|dum_9|126482122|126487122|+|5000"    
[218] "N858|dum_9|126490638|126495638|+|5000"    
[219] "_R_N858|dum_4|247220545|247225536|+|4991" 
[220] "N858|dum_10|42139421|42143703|+|4282"     
[221] "_R_N858|dum_2|157984126|157989134|+|5008" 
[222] "N858|dum_4|132002857|132007860|+|5003"    
[223] "_R_N858|dum_4|239711098|239716094|+|4996" 
[224] "_R_N858|dum_4|239739138|239744130|+|4992" 
[225] "_R_N858|dum_4|239723485|239728476|+|4991" 
[226] "_R_N858|dum_1|269465341|269470345|+|5004" 
[227] "_R_N858|dum_8|107971810|107976810|+|5000" 
[228] "_R_N858|dum_8|107988734|107993734|+|5000" 
[229] "_R_N858|dum_8|107732454|107737456|+|5002" 
[230] "_R_N858|dum_8|59990304|59995309|+|5005"   
[231] "N858|dum_8|60078159|60083173|+|5014"      
[232] "_R_N858|dum_8|108003029|108008036|+|5007" 
[233] "N858|dum_8|122821417|122826429|+|5012"    
[234] "N858|dum_8|122805691|122810697|+|5006"    
[235] "N858|dum_8|122875275|122880278|+|5003"    
[236] "N858|dum_8|122887961|122892962|+|5001"    
[237] "N858|dum_8|122853447|122858448|+|5001"    
[238] "N858|dum_8|122840774|122845780|+|5006"    
[239] "N858|dum_8|122916949|122921954|+|5005"    
[240] "N858|dum_8|122831084|122836089|+|5005"    
[241] "N858|dum_10|143701256|143706257|+|5001"   
[242] "_R_N858|dum_X1|144813134|144818134|+|5000"
[243] "N858|dum_2|172964175|172969176|+|5001"    
[244] "_R_N858|dum_2|157901705|157906706|+|5001" 
[245] "_R_N858|dum_2|157920147|157925148|+|5001" 
[246] "_R_N858|dum_2|157935672|157940675|+|5003" 
[247] "_R_N858|dum_2|157974443|157979454|+|5011" 
[248] "_R_N858|dum_2|157955059|157960070|+|5011" 
[249] "_R_N858|dum_2|157945358|157950369|+|5011" 
[250] "_R_N858|dum_2|157964752|157969763|+|5011" 
[251] "N858|dum_1|275215045|275220059|+|5014"    
[252] "N858|dum_8|32724004|32728991|+|4987"      
[253] "N858|dum_8|38402508|38407515|+|5007"      
[254] "N858|dum_7|149160514|149165521|+|5007"    
[255] "_R_N858|dum_7|148643189|148648198|+|5009" 
[256] "N858|dum_12|119401506|119406507|+|5001"   
[257] "_R_N858|dum_8|107748770|107753770|+|5000" 
[258] "N858|dum_8|122897623|122902615|+|4992"    
[259] "N858|dum_8|122907277|122912287|+|5010"    
[260] "N858|dum_1|28017401|28020513|+|3112"      
[261] "_R_N858|dum_1|269630076|269634688|+|4612" 
[262] "N858|dum_10|147321466|147326467|+|5001"   
[263] "N858|dum_10|147375509|147380514|+|5005"   
[264] "N858|dum_10|147388851|147393858|+|5007"   
[265] "N858|dum_10|143614998|143619999|+|5001"   
[266] "N858|dum_10|143660331|143664580|+|4249"   
[267] "N858|dum_10|143543265|143548267|+|5002"   
[268] "N858|dum_10|143601062|143606058|+|4996"   
[269] "_R_N858|dum_6|124987245|124992281|+|5036" 
[270] "_R_N858|dum_6|124996962|125001998|+|5036" 
[271] "_R_N858|dum_6|124977569|124982559|+|4990" 
[272] "N858|dum_11|128684850|128689462|+|4612"   
[273] "_R_N858|dum_6|125006682|125011694|+|5012" 
[274] "N858|dum_8|122793008|122798012|+|5004"    
[275] "N858|dum_X2|51671159|51676159|+|5000"     
[276] "N858|dum_8|122865192|122870191|+|4999"    
[277] "N858|dum_12|67741633|67746638|+|5005"     
[278] "N858|dum_5|78569715|78574723|+|5008"      
[279] "N858|dum_6|96728174|96732221|+|4047"      
[280] "N858|dum_6|96710179|96714224|+|4045"      
[281] "N858|dum_6|96716176|96720223|+|4047"      
[282] "N858|dum_6|96704180|96708227|+|4047"      
[283] "N858|dum_6|96692182|96696229|+|4047"      
[284] "N858|dum_6|96722175|96726222|+|4047"      
[285] "N858|dum_6|96698181|96702228|+|4047"      
[286] "N858|dum_6|96757553|96762567|+|5014"      
[287] "N858|dum_6|96746666|96751616|+|4950"      
[288] "N858|dum_X2|51652566|51657581|+|5015"     
[289] "_R_N858|dum_5|190459018|190464009|+|4991" 
[290] "_R_N858|dum_5|190468698|190473687|+|4989" 
[291] "_R_N858|dum_5|190449340|190454329|+|4989" 
[292] "N858|dum_10|182577690|182582706|+|5016"   
[293] "N858|dum_6|96685207|96690230|+|5023"      
[294] "N858|dum_5|79278995|79283808|+|4813"      
[295] "N858|dum_5|79291421|79296234|+|4813"      
[296] "N858|dum_6|65478192|65483235|+|5043"      
[297] "N858|dum_6|65488124|65496581|+|8457"      
[298] "N858|dum_2|126048483|126051691|+|3208"    
[299] "_R_N858|dum_5|190401419|190406421|+|5002" 
[300] "_R_N858|dum_10|33426520|33431525|+|5005"  
[301] "_R_N858|dum_10|33440689|33445696|+|5007"  
[302] "N858|dum_6|96777318|96780484|+|3166"      
[303] "N858|dum_6|96767237|96772253|+|5016"      
[304] "_R_N858|dum_10|33461622|33466647|+|5025"  
[305] "_R_N858|dum_10|33471141|33476147|+|5006"  
[306] "_R_N858|dum_10|33480814|33484848|+|4034"  
[307] "N858|dum_10|42157752|42162456|+|4704"     
[308] "_R_N858|dum_8|105050741|105055740|+|4999" 
[309] "_R_N858|dum_2|8632192|8637202|+|5010"     
[310] "_R_N858|dum_2|8791247|8796251|+|5004"     
[311] "_R_N858|dum_2|8825010|8830016|+|5006"     
[312] "_R_N858|dum_2|8620301|8625313|+|5012"     
[313] "_R_N858|dum_2|8803935|8808937|+|5002"     
[314] "_R_N858|dum_X1|109911949|109916948|+|4999"
[315] "_R_N858|dum_6|140970567|140975564|+|4997" 
[316] "N858|dum_4|208483075|208488071|+|4996"    
[317] "N858|dum_1|275205395|275210391|+|4996"    
[318] "N858|dum_10|143591408|143596406|+|4998"   
[319] "_R_N858|dum_1|269585053|269590067|+|5014" 
[320] "_R_N858|dum_1|269594738|269599736|+|4998" 
[321] "N858|dum_10|143533560|143538562|+|5002"   
[322] "N858|dum_X2|164656108|164661106|+|4998"   
[323] "_R_N858|dum_X1|207133368|207138362|+|4994"
[324] "N858|dum_10|143653295|143658289|+|4994"   
[325] "_R_N858|dum_1|269620401|269625395|+|4994" 
[326] "N858|dum_2|50436037|50441057|+|5020"      
[327] "N858|dum_2|50445727|50450741|+|5014"      
[328] "N858|dum_2|50426365|50431369|+|5004"      
[329] "N858|dum_2|50417071|50421693|+|4622"      
[330] "N858|dum_10|143727394|143732408|+|5014"   
[331] "N858|dum_10|143678925|143683927|+|5002"   
[332] "N858|dum_10|143688596|143693602|+|5006"   
[333] "N858|dum_10|143737525|143742500|+|4975"   
[334] "N858|dum_10|143717701|143722707|+|5006"   
[335] "N858|dum_10|143669252|143674256|+|5004"   
[336] "N858|dum_10|143633964|143638970|+|5006"   
[337] "_R_N858|dum_1|269604407|269609417|+|5010" 
[338] "_R_N858|dum_1|269477291|269482301|+|5010" 
[339] "_R_N858|dum_3|152985305|152990315|+|5010" 
[340] "_R_N858|dum_8|59999991|60004998|+|5007"   
[341] "_R_N858|dum_1|269572745|269577759|+|5014" 
[342] "_R_N858|dum_11|32273054|32277868|+|4814"  
[343] "_R_N858|dum_11|32313190|32317978|+|4788"  
[344] "_R_N858|dum_11|32282973|32287969|+|4996"  
[345] "_R_N858|dum_11|32303195|32308197|+|5002"  
[346] "_R_N858|dum_11|32293075|32298087|+|5012"  
[347] "_R_N858|dum_1|269639954|269644298|+|4344" 
[348] "N858|dum_6|96790597|96795635|+|5038"      
[349] "_R_N858|dum_11|80336554|80341558|+|5004"  
[350] "N858|dum_6|96675505|96680519|+|5014"      
[351] "N858|dum_6|96736908|96741945|+|5037"      
[352] "N858|dum_10|29316736|29321744|+|5008"     
[353] "_R_N858|dum_10|48938586|48943592|+|5006"  
[354] "_R_N858|dum_10|48951274|48956293|+|5019"  
[355] "_R_N858|dum_10|48973481|48978498|+|5017"  
[356] "_R_N858|dum_10|48960967|48965982|+|5015"  
[357] "_R_N858|dum_2|240132294|240137298|+|5004" 
[358] "_R_N858|dum_2|240140760|240145765|+|5005" 
[359] "_R_N858|dum_2|240123820|240128838|+|5018" 
[360] "_R_N858|dum_2|240077908|240082395|+|4487" 
[361] "_R_N858|dum_2|240086729|240091216|+|4487" 
[362] "_R_N858|dum_2|240098633|240103120|+|4487" 
[363] "_R_N858|dum_2|240115468|240119955|+|4487" 
[364] "_R_N858|dum_2|240106985|240112007|+|5022" 
[365] "_R_N858|dum_10|33414610|33419261|+|4651"  
[366] "N858|dum_1|269702563|269707180|+|4617"    
[367] "N858|dum_1|269727883|269732500|+|4617"    
[368] "N858|dum_1|269737185|269742197|+|5012"    
[369] "N858|dum_1|269746856|269751866|+|5010"    
[370] "_R_N858|dum_1|269676769|269680091|+|3322" 
[371] "_R_N858|dum_1|269697279|269701213|+|3934" 
[372] "_R_N858|dum_1|269722599|269726533|+|3934" 
[373] "N858|dum_11|37280276|37284887|+|4611"     
[374] "N858|dum_11|37334183|37338794|+|4611"     
[375] "N858|dum_11|37296335|37300946|+|4611"     
[376] "N858|dum_11|37312403|37317014|+|4611"     
[377] "N858|dum_3|99116281|99121290|+|5009"      
[378] "N858|dum_3|99136972|99141981|+|5009"      
[379] "N858|dum_3|99126630|99131639|+|5009"      
[380] "N858|dum_3|99105937|99110944|+|5007"      
[381] "N858|dum_4|208492755|208497761|+|5006"    
[382] "N858|dum_8|38650943|38655949|+|5006"      
[383] "N858|dum_1|275224739|275229753|+|5014"    
[384] "N858|dum_8|38418126|38423133|+|5007"      
[385] "N858|dum_X1|37856164|37861179|+|5015"     
[386] "N858|dum_8|32671071|32676088|+|5017"      
[387] "N858|dum_8|32691630|32696655|+|5025"      
[388] "N858|dum_8|32681387|32686392|+|5005"      
[389] "N858|dum_11|85534291|85539296|+|5005"     
[390] "N858|dum_11|85556071|85561076|+|5005"     
[391] "_R_N858|dum_8|34595789|34600791|+|5002"   
[392] "N858|dum_8|32789813|32794817|+|5004"      
[393] "_R_N858|dum_8|34554834|34559829|+|4995"   
[394] "_R_N858|dum_8|38278659|38283668|+|5009"   
[395] "_R_N858|dum_11|30606000|30611003|+|5003"  
[396] "_R_N858|dum_8|34565142|34570148|+|5006"   
[397] "N858|dum_8|38634428|38639428|+|5000"      
[398] "N858|dum_8|60129496|60134495|+|4999"      
[399] "N858|dum_8|38363256|38368249|+|4993"      
[400] "_R_N858|dum_7|148656350|148661359|+|5009" 
[401] "N858|dum_7|149170194|149175199|+|5005"    
[402] "_R_N858|dum_7|148693459|148698469|+|5010" 
[403] "N858|dum_7|94866451|94870095|+|3644"      
[404] "N858|dum_3|167043858|167048470|+|4612"    
[405] "_R_N858|dum_11|33342843|33347842|+|4999"  
[406] "N858|dum_8|32753616|32757841|+|4225"      
[407] "N858|dum_11|37346436|37351445|+|5009"     
[408] "N858|dum_11|139971475|139976478|+|5003"   
[409] "_R_N858|dum_6|124952473|124957151|+|4678" 
[410] "N858|dum_3|14485522|14490527|+|5005"      
[411] "_R_N858|dum_4|93813829|93818844|+|5015"   
[412] "_R_N858|dum_7|127395701|127400702|+|5001" 
[413] "_R_N858|ten_10|45570825|45575839|+|5014"  
[414] "N858|ten_12|137461267|137466269|+|5002"   
[415] "N858|ten_4|194743805|194748823|+|5018"    
[416] "_R_N858|dum_9|185046853|185051099|+|4246" 
[417] "_R_N858|ten_5|122502964|122507975|+|5011" 
[418] "N858|ten_6|57320331|57325345|+|5014"      
[419] "N858|ten_10|3519485|3524510|+|5025"       
[420] "_R_N858|ten_10|3539080|3544101|+|5021"    
[421] "_R_N858|ten_10|3528394|3533413|+|5019"    
[422] "_R_N858|ten_10|3561946|3566158|+|4212"    
[423] "N858|ten_4|143610221|143615227|+|5006"    
[424] "N858|ten_4|143628921|143633927|+|5006"    
[425] "N858|ten_6|57151389|57156388|+|4999"      
[426] "N858|ten_6|57253739|57258738|+|4999"      
[427] "N858|dum_9|88579405|88582625|+|3220"      
[428] "N858|dum_9|88598944|88602164|+|3220"      
[429] "N858|ten_5|144309020|144314064|+|5044"    
[430] "N858|ten_6|57292598|57297229|+|4631"      
[431] "N858|ten_1|291895582|291900580|+|4998"    
[432] "N858|ten_7|187531245|187535937|+|4692"    
[433] "N858|ten_7|187705236|187709922|+|4686"    
[434] "N858|dum_5|101240925|101245589|+|4664"    
[435] "_R_N858|ten_5|193338678|193343285|+|4607" 
[436] "_R_N858|ten_5|193363643|193368250|+|4607" 
[437] "_R_N858|ten_5|193316707|193321314|+|4607" 
[438] "_R_N858|ten_5|193326951|193331558|+|4607" 
[439] "N858|ten_1|33855694|33860301|+|4607"      
[440] "N858|ten_4|143482176|143486783|+|4607"    
[441] "N858|ten_1|33882979|33887586|+|4607"      
[442] "N858|ten_1|33897150|33901757|+|4607"      
[443] "_R_N858|ten_X2|73105245|73109852|+|4607"  
[444] "N858|ten_4|143570719|143575324|+|4605"    
[445] "N858|ten_4|143590389|143594994|+|4605"    
[446] "N858|ten_4|143652366|143656971|+|4605"    
[447] "_R_N858|ten_5|61957293|61961899|+|4606"   
[448] "_R_N858|ten_5|61944012|61948617|+|4605"   
[449] "N858|ten_X1|35715934|35720623|+|4689"     
[450] "_R_N858|ten_11|46911635|46916232|+|4597"  
[451] "_R_N858|ten_11|106177622|106182219|+|4597"
[452] "_R_N858|ten_11|46858202|46862799|+|4597"  
[453] "_R_N858|ten_11|46891207|46895804|+|4597"  
[454] "_R_N858|ten_11|46807653|46812250|+|4597"  
[455] "_R_N858|ten_11|46835631|46840228|+|4597"  
[456] "_R_N858|ten_1|121804980|121809577|+|4597" 
[457] "_R_N858|ten_1|164010358|164014955|+|4597" 
[458] "N858|ten_1|33871189|33875786|+|4597"      
[459] "N858|ten_1|33923288|33927885|+|4597"      
[460] "_R_N858|ten_X1|717444|722041|+|4597"      
[461] "N858|ten_3|148969001|148973598|+|4597"    
[462] "N858|ten_2|108012771|108017368|+|4597"    
[463] "N858|ten_2|108034902|108039499|+|4597"    
[464] "N858|ten_X1|35666323|35670920|+|4597"     
[465] "_R_N858|ten_11|95882750|95887347|+|4597"  
[466] "N858|ten_1|292141898|292146495|+|4597"    
[467] "N858|ten_2|79505691|79510287|+|4596"      
[468] "_R_N858|dum_2|197579390|197583979|+|4589" 
[469] "N858|dum_8|122780856|122785451|+|4595"    
[470] "_R_N858|dum_3|153003680|153008286|+|4606" 
[471] "N858|dum_5|101301245|101305408|+|4163"    
[472] "N858|dum_9|115270991|115275185|+|4194"    
[473] "_R_N858|dum_1|95081742|95085896|+|4154"   
[474] "_R_N858|dum_X1|34574500|34578444|+|3944"  
[475] "_R_N858|dum_6|125019693|125023867|+|4174" 
[476] "_R_N858|dum_8|105063324|105067497|+|4173" 
[477] "_R_N858|lin_13|70914530|70919477|+|4947"  
[478] "_R_N858|lin_17|88273243|88278191|+|4948"  
[479] "_R_N858|lin_X3|5797837|5802653|+|4816"    
[480] "_R_N858|lin_15|74493997|74497875|+|3878"  
[481] "N858|lin_20|21786975|21791385|+|4410"     
[482] "_R_N858|sar_8|167048408|167051858|+|3450" 
[483] "N858|mim_10|150641593|150644710|+|3117"   
[484] "N858|dum_X2|95445945|95450359|+|4414"     
[485] "_R_N858|ten_X2|124897662|124902063|+|4401"
[486] "_R_N858|mim_11|109215953|109220634|+|4681"
[487] "_R_N858|mim_8|77927398|77932354|+|4956"   
[488] "N858|mim_8|48356660|48361341|+|4681"      
[489] "N858|mim_13|100188210|100193168|+|4958"   
[490] "_R_N858|mim_13|100367355|100372321|+|4966"
[491] "_R_N858|mim_X1|35737436|35742401|+|4965"  
[492] "N858|mim_13|100240630|100245584|+|4954"   
[493] "N858|mim_13|100415581|100420534|+|4953"   
[494] "N858|mim_9|161529944|161534867|+|4923"    
[495] "_R_N858|mim_11|153223506|153228458|+|4952"
[496] "N858|mim_6|87069071|87074024|+|4953"      
[497] "N858|mim_5|86967986|86972938|+|4952"      
[498] "N858|mim_10|149116855|149121807|+|4952"   
[499] "N858|mim_3|89105755|89110707|+|4952"      
[500] "N858|mim_3|80109968|80114920|+|4952"      
[501] "_R_N858|mim_12|118758412|118763363|+|4951"
[502] "_R_N858|mim_9|127943302|127948254|+|4952" 
[503] "N858|mim_4|103325566|103330517|+|4951"    
[504] "_R_N858|mim_9|102002749|102007701|+|4952" 
[505] "_R_N858|mim_9|102014860|102019812|+|4952" 
[506] "N858|mim_8|48413077|48418017|+|4940"      
[507] "N858|mim_5|60054091|60059042|+|4951"      
[508] "N858|mim_5|60067277|60072228|+|4951"      
[509] "N858|mim_5|60094324|60099275|+|4951"      
[510] "N858|mim_5|60046581|60051532|+|4951"      
[511] "N858|mim_5|60032869|60037820|+|4951"      
[512] "_R_N858|mim_5|65671686|65676637|+|4951"   
[513] "N858|mim_5|86888278|86893230|+|4952"      
[514] "N858|mim_7|71987430|71992385|+|4955"      
[515] "N858|mim_13|54213429|54218385|+|4956"     
[516] "_R_N858|mim_8|57858687|57863643|+|4956"   
[517] "_R_N858|mim_13|100385980|100390918|+|4938"
[518] "_R_N858|mim_13|100354868|100359824|+|4956"
[519] "N858|mim_7|30607617|30612572|+|4955"      
[520] "_R_N858|mim_11|142921711|142926668|+|4957"
[521] "N858|mim_7|223351201|223356141|+|4940"    
[522] "N858|mim_7|223437099|223442056|+|4957"    
[523] "N858|mim_7|185177722|185182679|+|4957"    
[524] "N858|mim_1|82631612|82636564|+|4952"      
[525] "N858|mim_1|82651190|82656142|+|4952"      
[526] "N858|mim_1|82638845|82643785|+|4940"      
[527] "N858|mim_7|34693712|34698664|+|4952"      
[528] "N858|mim_7|34744125|34749077|+|4952"      
[529] "N858|mim_7|34718227|34723179|+|4952"      
[530] "N858|mim_7|34731176|34736128|+|4952"      
[531] "N858|mim_2|46885786|46890719|+|4933"      
[532] "N858|mim_2|47911307|47916240|+|4933"      
[533] "N858|mim_3|89117783|89122738|+|4955"      
[534] "N858|mim_3|89147026|89151958|+|4932"      
[535] "N858|mim_10|137707492|137712447|+|4955"   
[536] "N858|mim_7|34668981|34673915|+|4934"      
[537] "N858|mim_5|86643632|86648578|+|4946"      
[538] "_R_N858|mim_12|118929893|118934517|+|4624"
[539] "N858|mim_7|34757439|34761475|+|4036"      
[540] "_R_N858|mim_13|100290110|100294789|+|4679"
[541] "N858|mim_13|100408519|100413197|+|4678"   
[542] "N858|mim_12|136830825|136835505|+|4680"   
[543] "_R_N858|mim_13|100345191|100349871|+|4680"
[544] "N858|mim_13|100400977|100405657|+|4680"   
[545] "N858|mim_10|128683422|128688102|+|4680"   
[546] "_R_N858|mim_5|65654584|65659216|+|4632"   
[547] "_R_N858|mim_7|30556597|30561284|+|4687"   
[548] "N858|mim_7|30589325|30594012|+|4687"      
[549] "N858|mim_7|30622354|30627041|+|4687"      
[550] "N858|mim_7|185074238|185078925|+|4687"    
[551] "N858|mim_7|185126514|185131201|+|4687"    
[552] "N858|mim_7|185138213|185142900|+|4687"    
[553] "_R_N858|mim_13|136746438|136751052|+|4614"
[554] "_R_N858|mim_13|136764585|136769199|+|4614"
[555] "N858|mim_12|46298685|46303299|+|4614"     
[556] "_R_N858|mim_13|136726714|136731320|+|4606"
[557] "_R_N858|mim_5|65692272|65696880|+|4608"   
[558] "N858|mim_9|161545073|161549678|+|4605"    
[559] "N858|mim_10|128560913|128565594|+|4681"   
[560] "N858|mim_10|128568653|128573334|+|4681"   
[561] "N858|mim_12|118863732|118868413|+|4681"   
[562] "N858|mim_10|128635307|128639988|+|4681"   
[563] "N858|mim_1|19142235|19146904|+|4669"      
[564] "N858|mim_1|19156689|19161358|+|4669"      
[565] "N858|mim_7|65618911|65623598|+|4687"      
[566] "N858|mim_12|23899959|23904646|+|4687"     
[567] "N858|mim_5|95909834|95914510|+|4676"      
[568] "N858|mim_7|71922420|71927372|+|4952"      
[569] "N858|mim_12|46307911|46312876|+|4965"     
[570] "_R_N858|mim_12|149459798|149464763|+|4965"
[571] "N858|mim_5|86633992|86638957|+|4965"      
[572] "_R_N858|mim_13|116497440|116502121|+|4681"
[573] "_R_N858|mim_11|59581110|59585788|+|4678"  
[574] "_R_N858|mim_11|59592804|59597482|+|4678"  
[575] "_R_N858|mim_8|208167313|208171991|+|4678" 
[576] "_R_N858|mim_2|55459239|55463920|+|4681"   
[577] "N858|mim_9|32197366|32202047|+|4681"      
[578] "N858|mim_9|32223297|32227978|+|4681"      
[579] "_R_N858|mim_13|100333919|100338599|+|4680"
[580] "N858|mim_12|48851455|48856123|+|4668"     
[581] "N858|mim_12|52442315|52446996|+|4681"     
[582] "N858|mim_14|90490762|90495446|+|4684"     
[583] "N858|mim_14|90532006|90536690|+|4684"     
[584] "_R_N858|mim_12|149447461|149452140|+|4679"
[585] "_R_N858|mim_12|149471567|149476246|+|4679"
[586] "_R_N858|mim_12|149432737|149437412|+|4675"
[587] "_R_N858|mim_6|28356988|28361669|+|4681"   
[588] "N858|mim_9|61212742|61217423|+|4681"      
[589] "N858|mim_8|69924510|69929186|+|4676"      
[590] "_R_N858|mim_10|93739016|93743696|+|4680"  
[591] "N858|mim_5|86934609|86939290|+|4681"      
[592] "N858|mim_3|42812583|42817266|+|4683"      
[593] "N858|mim_3|42871566|42876252|+|4686"      
[594] "N858|mim_3|42886536|42891215|+|4679"      
[595] "N858|mim_9|94959203|94963882|+|4679"      
[596] "_R_N858|mim_8|57894254|57898920|+|4666"   
[597] "_R_N858|mim_2|73747779|73752460|+|4681"   
[598] "N858|mim_14|144922138|144926804|+|4666"   
[599] "N858|mim_14|144934200|144938866|+|4666"   
[600] "N858|mim_14|144948372|144953038|+|4666"   
[601] "N858|mim_11|89562082|89566769|+|4687"     
[602] "N858|mim_14|47807755|47812319|+|4564"     
[603] "N858|mim_13|72421801|72426479|+|4678"     
[604] "N858|mim_13|72493270|72497948|+|4678"     
[605] "N858|mim_13|72400752|72405430|+|4678"     
[606] "N858|mim_13|72472687|72477364|+|4677"     
[607] "N858|mim_14|35401649|35406612|+|4963"     
[608] "N858|mim_14|35460860|35465823|+|4963"     
[609] "N858|mim_10|128623583|128628546|+|4963"   
[610] "_R_N858|mim_11|59539069|59544035|+|4966"  
[611] "N858|mim_9|95141753|95146712|+|4959"      
[612] "N858|mim_1|66562979|66567949|+|4970"      
[613] "N858|mim_10|173468317|173473266|+|4949"   
[614] "N858|mim_14|124189168|124194123|+|4955"   
[615] "N858|mim_1|54450808|54455765|+|4957"      
[616] "N858|mim_1|19092212|19096881|+|4669"      
[617] "N858|mim_11|32912665|32917625|+|4960"     
[618] "N858|mim_8|128161143|128166103|+|4960"    
[619] "N858|mim_8|48437306|48442270|+|4964"      
[620] "N858|mim_7|185170418|185175091|+|4673"    
[621] "_R_N858|mim_X1|32643184|32648157|+|4973"  
[622] "_R_N858|mim_X1|32669294|32674265|+|4971"  
[623] "_R_N858|mim_X1|32619612|32624584|+|4972"  
[624] "N858|mim_9|161537654|161542287|+|4633"    
[625] "N858|mim_1|66507074|66511753|+|4679"      
[626] "_R_N858|mim_5|107377786|107382414|+|4628" 
[627] "N858|mim_12|16362101|16366228|+|4127"     
[628] "_R_N858|mim_X2|67198097|67202364|+|4267"  
[629] "_R_N858|mim_11|17649883|17654298|+|4415"  
[630] "N858|mim_7|185148061|185152332|+|4271"    
[631] "N858|mim_7|185201094|185204964|+|3870"    
[632] "N858|mim_2|46548413|46552690|+|4277"      
[633] "N858|mim_2|47890490|47894767|+|4277"      
[634] "N858|mim_7|184988204|184992481|+|4277"    
[635] "N858|mim_14|90583709|90587985|+|4276"     
[636] "_R_N858|mim_10|6045787|6050063|+|4276"    
[637] "N858|mim_14|140106822|140111094|+|4272"   
[638] "N858|mim_14|140138182|140142454|+|4272"   
[639] "N858|mim_14|140123524|140127800|+|4276"   
[640] "N858|mim_7|223416650|223420926|+|4276"    
[641] "N858|mim_7|223452554|223456830|+|4276"    
[642] "N858|mim_11|32945558|32949815|+|4257"     
[643] "_R_N858|mim_11|32966793|32971050|+|4257"  
[644] "_R_N858|mim_9|191184403|191188660|+|4257" 
[645] "_R_N858|mim_14|152332471|152336725|+|4254"
[646] "_R_N858|mim_14|152384678|152388932|+|4254"
[647] "N858|mim_8|48400180|48404434|+|4254"      
[648] "_R_N858|mim_2|9394355|9398583|+|4228"     
[649] "_R_N858|mim_2|9424283|9428511|+|4228"     
[650] "_R_N858|mim_2|9464187|9468415|+|4228"     
[651] "_R_N858|mim_2|9404331|9408559|+|4228"     
[652] "_R_N858|mim_2|9434259|9438487|+|4228"     
[653] "_R_N858|mim_2|9414307|9418535|+|4228"     
[654] "_R_N858|mim_2|9444235|9448463|+|4228"     
[655] "_R_N858|mim_2|19187026|19191254|+|4228"   
[656] "_R_N858|mim_2|9454211|9458439|+|4228"     
[657] "_R_N858|mim_8|57866231|57870491|+|4260"   
[658] "N858|mim_X1|164888349|164892624|+|4275"   
[659] "_R_N858|mim_7|235863279|235867462|+|4183" 
[660] "_R_N858|mim_7|235909303|235913486|+|4183" 
[661] "N858|mim_14|90554428|90558611|+|4183"     
[662] "N858|mim_14|90461988|90466171|+|4183"     
[663] "_R_N858|mim_11|185713|189256|+|3543"      
[664] "_R_N858|mim_11|79716946|79720887|+|3941"  
[665] "N858|mim_13|47588158|47592220|+|4062"     
[666] "N858|sar_7|182464592|182468762|+|4170"    
[667] "_R_N858|bic_X2|18187087|18192078|+|4991"  
[668] "_R_N858|sar_X1|163322586|163327571|+|4985"
[669] "_R_N858|sar_X1|163351584|163356571|+|4987"
[670] "_R_N858|sar_X1|163590298|163595296|+|4998"
[671] "_R_N858|sar_13|69516838|69521835|+|4997"  
[672] "N858|sar_2|49718875|49723865|+|4990"      
[673] "_R_N858|sar_12|103652150|103657136|+|4986"
[674] "_R_N858|sar_12|104724923|104729917|+|4994"
[675] "_R_N858|sar_8|159039297|159044282|+|4985" 
[676] "_R_N858|sar_2|81142237|81147232|+|4995"   
[677] "N858|sar_13|10055230|10060219|+|4989"     
[678] "_R_N858|sar_13|20099909|20104898|+|4989"  
[679] "_R_N858|sar_13|1289270|1293379|+|4109"    
[680] "N858|bic_6|81292005|81296976|+|4971"      
[681] "_R_N858|sar_X1|163280485|163285453|+|4968"
[682] "_R_N858|sar_12|34187369|34191765|+|4396"  
[683] "N858|sar_2|30272686|30277691|+|5005"      
[684] "N858|bic_7|12669593|12674577|+|4984"      
[685] "N858|sar_3|56024439|56029431|+|4992"      
[686] "_R_N858|sar_8|163669845|163674836|+|4991" 
[687] "_R_N858|sar_6|5616320|5621326|+|5006"     
[688] "N858|sar_7|56826299|56831294|+|4995"      
[689] "N858|sar_10|105972965|105977962|+|4997"   
[690] "_R_N858|sar_2|29438806|29443803|+|4997"   
[691] "N858|sar_3|121382698|121387689|+|4991"    
[692] "_R_N858|sar_9|90302132|90307148|+|5016"   
[693] "_R_N858|sar_13|69577337|69582323|+|4986"  
[694] "_R_N858|sar_6|5599195|5604200|+|5005"     
[695] "_R_N858|sar_12|104643775|104648799|+|5024"
[696] "_R_N858|sar_12|104689799|104694800|+|5001"
[697] "_R_N858|sar_6|6492703|6497686|+|4983"     
[698] "_R_N858|sar_9|35380311|35385298|+|4987"   
[699] "N858|bic_X1|167700211|167705236|+|5025"   
[700] "N858|bic_5|116958748|116962880|+|4132"    
[701] "N858|bic_X1|906865|910814|+|3949"         
[702] "_R_N858|sar_X1|5908277|5912960|+|4683"    
[703] "_R_N858|sar_6|84332737|84337740|+|5003"   
[704] "N858|sar_7|12875125|12880105|+|4980"      
[705] "N858|sar_11|114884102|114889095|+|4993"   
[706] "N858|sar_11|169337127|169340892|+|3765"   
[707] "_R_N858|sar_10|194574896|194578686|+|3790"
[708] "N858|bic_10|12480294|12484956|+|4662"     
