jobinfo 30048866
getting scaled timeline
 [1] "N6872|ten_2|114204386|114212600|+|8214"   
 [2] "_R_N6872|ten_3|161667355|161675610|+|8255"
 [3] "_R_N6872|ten_2|155536119|155543675|+|7556"
 [4] "N6872|ten_X1|111044076|111053282|+|9206"  
 [5] "N6872|ten_11|115718212|115727381|+|9169"  
 [6] "N6872|ten_11|117009307|117018455|+|9148"  
 [7] "N6872|ten_6|219236242|219245421|+|9179"   
 [8] "N6872|ten_7|136912424|136921605|+|9181"   
 [9] "N6872|ten_4|63829219|63838393|+|9174"     
[10] "_R_N6872|ten_4|194732372|194741540|+|9168"
[11] "_R_N6872|ten_2|81090301|81099460|+|9159"  
[12] "_R_N6872|ten_6|63423879|63433028|+|9149"  
[13] "_R_N6872|ten_12|87480394|87489539|+|9145" 
[14] "N6872|ten_6|237283508|237292585|+|9077"   
[15] "N6872|ten_4|65075958|65085099|+|9141"     
[16] "_R_N6872|ten_1|158794010|158801292|+|7282"
[17] "N6872|ten_3|191639537|191648687|+|9150"   
[18] "_R_N6872|ten_3|210542322|210551621|+|9299"
[19] "_R_N6872|ten_3|216002009|216011293|+|9284"
[20] "_R_N6872|ten_1|208711613|208720850|+|9237"
[21] "N6872|ten_4|72277997|72285348|+|7351"     
[22] "_R_N6872|ten_11|96805083|96812434|+|7351" 
[23] "N6872|ten_2|213825871|213833716|+|7845"   
[24] "_R_N6872|ten_1|205727990|205735841|+|7851"
[25] "N6872|ten_3|191652271|191659621|+|7350"   
[26] "N6872|ten_1|114410492|114419631|+|9139"   
