jobinfo 30048693
getting scaled timeline
 [1] "N4012|dum_6|259741|261725|+|1984"         
 [2] "N4012|dum_6|251950|253934|+|1984"         
 [3] "N4012|dum_6|247427|249411|+|1984"         
 [4] "N4012|dum_6|242904|244888|+|1984"         
 [5] "N4012|dum_6|238381|240365|+|1984"         
 [6] "N4012|dum_6|254603|256587|+|1984"         
 [7] "N4012|dum_6|262394|264378|+|1984"         
 [8] "N4012|dum_X1|402879|404864|+|1985"        
 [9] "N4012|dum_6|270326|272311|+|1985"         
[10] "_R_N4012|dum_4|262759423|262761407|+|1984"
[11] "_R_N4012|dum_4|262769517|262771501|+|1984"
[12] "_R_N4012|dum_4|262754503|262756341|+|1838"
[13] "_R_N4012|dum_9|177318276|177320252|+|1976"
[14] "_R_N4012|dum_9|177320519|177322495|+|1976"
[15] "_R_N4012|ten_9|168805|170778|+|1973"      
[16] "_R_N4012|dum_9|177403761|177405738|+|1977"
[17] "_R_N4012|dum_9|177418075|177420060|+|1985"
[18] "_R_N4012|dum_9|177408167|177410158|+|1991"
[19] "_R_N4012|dum_9|177443540|177445531|+|1991"
[20] "_R_N4012|dum_9|177422486|177424476|+|1990"
[21] "_R_N4012|dum_4|262761970|262763950|+|1980"
[22] "_R_N4012|dum_4|262772064|262774043|+|1979"
[23] "_R_N4012|dum_9|177292486|177294475|+|1989"
[24] "N4012|dum_6|267827|269806|+|1979"         
[25] "_R_N4012|dum_7|208775088|208777067|+|1979"
[26] "N4012|dum_10|4773510|4775487|+|1977"      
[27] "_R_N4012|dum_9|190721395|190723374|+|1979"
[28] "_R_N4012|dum_9|190734572|190736551|+|1979"
[29] "N4012|dum_X1|400375|402354|+|1979"        
[30] "_R_N4012|dum_3|4368494|4370473|+|1979"    
[31] "_R_N4012|dum_3|4376483|4378466|+|1983"    
[32] "_R_N4012|dum_3|4365939|4367916|+|1977"    
[33] "N4012|dum_6|257256|259233|+|1977"         
[34] "_R_N4012|dum_3|4352769|4354747|+|1978"    
[35] "_R_N4012|dum_3|4355490|4357475|+|1985"    
[36] "N4012|dum_6|265072|267059|+|1987"         
[37] "_R_N4012|dum_7|208777636|208779623|+|1987"
[38] "N4012|dum_X1|405558|407545|+|1987"        
[39] "N4012|dum_6|272929|274907|+|1978"         
[40] "N4012|dum_10|4775960|4777940|+|1980"      
[41] "_R_N4012|dum_9|190718914|190720895|+|1981"
[42] "N4012|dum_10|4770757|4772735|+|1978"      
[43] "N4012|dum_10|4778664|4780643|+|1979"      
[44] "_R_N4012|dum_3|4363351|4365335|+|1984"    
[45] "_R_N4012|dum_7|208772640|208774616|+|1976"
[46] "_R_N4012|dum_9|190724091|190726055|+|1964"
[47] "_R_N4012|dum_9|190737267|190739231|+|1964"
[48] "N4012|dum_10|4768250|4770216|+|1966"      
[49] "_R_N4012|dum_3|4371191|4373173|+|1982"    
[50] "_R_N4012|dum_4|262764641|262766483|+|1842"
[51] "_R_N4012|dum_4|262774735|262776717|+|1982"
[52] "_R_N4012|dum_9|190732112|190734072|+|1960"
[53] "N4012|dum_10|4765503|4767482|+|1979"      
[54] "_R_N4012|dum_3|4373894|4375871|+|1977"    
[55] "_R_N4012|dum_3|4358146|4360128|+|1982"    
[56] "_R_N4012|dum_3|4360799|4362781|+|1982"    
[57] "N4012|dum_10|4762831|4764786|+|1955"      
