jobinfo 30048896
getting scaled timeline
  [1] "_R_N6933|ten_4|110292840|110294265|+|1425" 
  [2] "N6933|ten_10|61009624|61011049|+|1425"     
  [3] "N6933|ten_5|26960940|26962365|+|1425"      
  [4] "_R_N6933|ten_3|103651561|103652986|+|1425" 
  [5] "N6933|ten_2|136759596|136761025|+|1429"    
  [6] "_R_N6933|ten_2|111161549|111162974|+|1425" 
  [7] "N6933|ten_2|149557023|149558441|+|1418"    
  [8] "N6933|ten_2|149113475|149114900|+|1425"    
  [9] "N6933|ten_10|130616892|130618316|+|1424"   
 [10] "_R_N6933|ten_12|126563708|126565137|+|1429"
 [11] "N6933|ten_5|201841211|201842636|+|1425"    
 [12] "N6933|ten_11|92789660|92791087|+|1427"     
 [13] "_R_N6933|ten_11|94272024|94273451|+|1427"  
 [14] "N6933|ten_7|88976329|88977755|+|1426"      
 [15] "_R_N6933|ten_8|44701744|44703172|+|1428"   
 [16] "N6933|ten_7|69967618|69969045|+|1427"      
 [17] "_R_N6933|ten_7|70748725|70750152|+|1427"   
 [18] "N6933|ten_7|70942914|70944341|+|1427"      
 [19] "_R_N6933|ten_7|71941969|71943396|+|1427"   
 [20] "_R_N6933|ten_7|70218982|70220409|+|1427"   
 [21] "_R_N6933|ten_3|163872254|163873679|+|1425" 
 [22] "_R_N6933|ten_7|106951835|106953232|+|1397" 
 [23] "N6933|ten_9|71582501|71583926|+|1425"      
 [24] "N6933|ten_1|159759024|159760450|+|1426"    
 [25] "_R_N6933|ten_10|87566270|87567386|+|1116"  
 [26] "_R_N6933|ten_3|221911626|221913042|+|1416" 
 [27] "N6933|ten_10|132185696|132187123|+|1427"   
 [28] "_R_N6933|ten_1|154661439|154662866|+|1427" 
 [29] "N6933|ten_X2|83066543|83067970|+|1427"     
 [30] "N6933|ten_X2|83538110|83539537|+|1427"     
 [31] "N6933|ten_X2|83909519|83910946|+|1427"     
 [32] "_R_N6933|ten_10|35505793|35507219|+|1426"  
 [33] "_R_N6933|ten_10|52932578|52934006|+|1428"  
 [34] "_R_N6933|ten_10|52976142|52977566|+|1424"  
 [35] "N6933|ten_5|95277310|95278737|+|1427"      
 [36] "_R_N6933|ten_4|193919975|193921402|+|1427" 
 [37] "_R_N6933|ten_6|212543741|212545168|+|1427" 
 [38] "_R_N6933|ten_1|190343250|190344679|+|1429" 
 [39] "N6933|ten_X1|2028431|2029859|+|1428"       
 [40] "N6933|ten_X1|2035154|2036582|+|1428"       
 [41] "N6933|ten_X1|2025069|2026497|+|1428"       
 [42] "N6933|ten_X1|2031793|2033219|+|1426"       
 [43] "N6933|ten_X1|2041877|2043305|+|1428"       
 [44] "N6933|ten_X1|2049168|2050596|+|1428"       
 [45] "N6933|ten_X1|2038516|2039944|+|1428"       
 [46] "_R_N6933|ten_1|189837934|189839369|+|1435" 
 [47] "N6933|ten_X1|2052529|2053956|+|1427"       
 [48] "_R_N6933|ten_1|133762608|133764035|+|1427" 
 [49] "_R_N6933|ten_1|160330185|160331611|+|1426" 
 [50] "_R_N6933|ten_X1|170899675|170901101|+|1426"
 [51] "N6933|ten_X2|206377837|206379266|+|1429"   
 [52] "N6933|ten_9|168724985|168726413|+|1428"    
 [53] "_R_N6933|ten_2|140226915|140228341|+|1426" 
 [54] "_R_N6933|ten_X2|182102073|182103499|+|1426"
 [55] "N6933|ten_8|84377061|84378489|+|1428"      
 [56] "_R_N6933|ten_1|67705027|67706452|+|1425"   
 [57] "N6933|ten_4|169127737|169129162|+|1425"    
 [58] "_R_N6933|ten_X1|143694864|143696291|+|1427"
 [59] "_R_N6933|ten_1|179276719|179278146|+|1427" 
 [60] "_R_N6933|ten_X1|43583830|43585257|+|1427"  
 [61] "_R_N6933|ten_2|97259958|97261384|+|1426"   
 [62] "_R_N6933|ten_12|122918111|122919539|+|1428"
 [63] "N6933|ten_4|169569076|169570502|+|1426"    
 [64] "_R_N6933|ten_11|13448839|13450265|+|1426"  
 [65] "N6933|dum_11|15979248|15980670|+|1422"     
 [66] "N6933|dum_11|30561317|30562741|+|1424"     
 [67] "_R_N6933|ten_7|105229752|105231174|+|1422" 
 [68] "N6933|dum_5|48282319|48283752|+|1433"      
 [69] "_R_N6933|dum_5|48719021|48720462|+|1441"   
 [70] "_R_N6933|dum_5|132661360|132662801|+|1441" 
 [71] "_R_N6933|dum_7|162983022|162984464|+|1442" 
 [72] "_R_N6933|dum_11|37472391|37473822|+|1431"  
 [73] "N6933|ten_11|45978946|45980355|+|1409"     
 [74] "N6933|ten_10|85077203|85078628|+|1425"     
 [75] "N6933|ten_10|85085945|85087371|+|1426"     
 [76] "_R_N6933|ten_5|91762793|91764223|+|1430"   
 [77] "_R_N6933|dum_1|145254065|145255493|+|1428" 
 [78] "_R_N6933|dum_X2|166987686|166989116|+|1430"
 [79] "_R_N6933|dum_7|9893978|9895404|+|1426"     
 [80] "_R_N6933|dum_6|102277372|102278792|+|1420" 
 [81] "N6933|dum_6|102332737|102334157|+|1420"    
 [82] "_R_N6933|ten_8|42873510|42874936|+|1426"   
 [83] "N6933|dum_X2|121311431|121312857|+|1426"   
 [84] "N6933|dum_1|165115835|165117260|+|1425"    
 [85] "N6933|dum_5|234719276|234720703|+|1427"    
 [86] "_R_N6933|dum_7|115881424|115882879|+|1455" 
 [87] "N6933|ten_11|35548031|35549467|+|1436"     
 [88] "_R_N6933|dum_1|122930852|122932252|+|1400" 
 [89] "_R_N6933|ten_1|117451496|117452917|+|1421" 
 [90] "_R_N6933|dum_10|185731191|185732613|+|1422"
 [91] "_R_N6933|dum_4|59212429|59213850|+|1421"   
 [92] "N6933|ten_4|171199024|171200460|+|1436"    
 [93] "N6933|dum_1|149011869|149013298|+|1429"    
 [94] "N6933|ten_1|128774687|128776116|+|1429"    
 [95] "_R_N6933|dum_1|136301514|136302958|+|1444" 
 [96] "_R_N6933|dum_3|213610382|213611800|+|1418" 
 [97] "_R_N6933|ten_1|140572385|140573712|+|1327" 
 [98] "_R_N6933|ten_1|120517194|120518600|+|1406" 
 [99] "N6933|ten_1|171530786|171532192|+|1406"    
[100] "N6933|ten_3|132057795|132059224|+|1429"    
[101] "_R_N6933|dum_4|89496886|89498315|+|1429"   
[102] "N6933|ten_4|142200853|142202281|+|1428"    
[103] "_R_N6933|dum_6|193325143|193326556|+|1413" 
[104] "_R_N6933|ten_6|203406729|203408141|+|1412" 
[105] "_R_N6933|dum_8|146999440|147000856|+|1416" 
[106] "N6933|ten_X2|46268934|46270360|+|1426"     
[107] "N6933|dum_X2|167680718|167682148|+|1430"   
[108] "_R_N6933|dum_11|65936354|65937771|+|1417"  
[109] "_R_N6933|dum_3|107090017|107091152|+|1135" 
[110] "N6933|dum_3|107162528|107163944|+|1416"    
[111] "_R_N6933|ten_3|102355555|102356978|+|1423" 
[112] "N6933|ten_3|102601249|102602607|+|1358"    
[113] "_R_N6933|dum_3|278800048|278801491|+|1443" 
[114] "_R_N6933|ten_3|280179688|280181133|+|1445" 
[115] "N6933|dum_11|7913202|7914657|+|1455"       
[116] "_R_N6933|dum_1|157699118|157700563|+|1445" 
[117] "_R_N6933|dum_X1|159166901|159168191|+|1290"
[118] "_R_N6933|ten_X1|139846635|139847925|+|1290"
[119] "_R_N6933|dum_4|131771593|131773034|+|1441" 
[120] "_R_N6933|dum_3|176550981|176552415|+|1434" 
[121] "N6933|ten_4|72786780|72788208|+|1428"      
[122] "N6933|dum_X2|186501439|186502886|+|1447"   
[123] "_R_N6933|ten_X2|25812494|25813923|+|1429"  
[124] "N6933|dum_3|3155911|3157086|+|1175"        
[125] "N6933|dum_9|176994300|176995474|+|1174"    
[126] "_R_N6933|dum_11|81759879|81761315|+|1436"  
[127] "_R_N6933|dum_4|153134744|153136184|+|1440" 
[128] "N6933|ten_4|80428076|80429520|+|1444"      
[129] "N6933|ten_7|107087178|107088622|+|1444"    
[130] "_R_N6933|dum_3|160377181|160378623|+|1442" 
[131] "_R_N6933|ten_9|90251450|90252609|+|1159"   
[132] "N6933|ten_6|148065607|148067029|+|1422"    
[133] "_R_N6933|dum_X2|40008098|40009532|+|1434"  
[134] "_R_N6933|dum_9|122992518|122993954|+|1436" 
[135] "N6933|ten_4|59950494|59951930|+|1436"      
[136] "_R_N6933|dum_1|193504906|193506341|+|1435" 
[137] "_R_N6933|ten_1|190612647|190613749|+|1102" 
[138] "_R_N6933|dum_2|62337531|62338980|+|1449"   
[139] "_R_N6933|ten_2|66242045|66243484|+|1439"   
[140] "_R_N6933|ten_4|103299527|103300746|+|1219" 
[141] "N6933|ten_3|115002026|115003318|+|1292"    
[142] "_R_N6933|ten_1|139538238|139539669|+|1431" 
[143] "_R_N6933|ten_7|137323989|137325387|+|1398" 
[144] "_R_N6933|dum_11|100238563|100239989|+|1426"
[145] "_R_N6933|ten_11|82965373|82966790|+|1417"  
[146] "_R_N6933|dum_11|73843771|73845198|+|1427"  
[147] "_R_N6933|dum_2|197082853|197084280|+|1427" 
[148] "N6933|dum_7|161880966|161882388|+|1422"    
[149] "_R_N6933|dum_X2|155953363|155954662|+|1299"
[150] "N6933|ten_X2|60083445|60084746|+|1301"     
[151] "N6933|bic_14|68160015|68161443|+|1428"     
[152] "_R_N6933|sar_14|59962564|59963985|+|1421"  
[153] "_R_N6933|bic_X2|14552069|14553507|+|1438"  
[154] "_R_N6933|sar_X2|13824398|13825823|+|1425"  
[155] "_R_N6933|bic_10|91951554|91952981|+|1427"  
[156] "N6933|bic_11|196637721|196639149|+|1428"   
[157] "_R_N6933|sar_11|11986497|11987898|+|1401"  
[158] "N6933|dum_3|51812003|51813399|+|1396"      
[159] "_R_N6933|ten_3|35939144|35940526|+|1382"   
[160] "N6933|sar_8|115078122|115079507|+|1385"    
[161] "_R_N6933|bic_8|114674713|114676101|+|1388" 
[162] "N6933|bic_11|13433943|13435368|+|1425"     
[163] "N6933|sar_2|267823080|267824510|+|1430"    
[164] "_R_N6933|sar_14|124577973|124579379|+|1406"
[165] "_R_N6933|bic_13|16009454|16010692|+|1238"  
[166] "_R_N6933|bic_9|67298141|67299564|+|1423"   
[167] "N6933|sar_9|191080955|191082375|+|1420"    
[168] "N6933|bic_11|46149284|46150479|+|1195"     
[169] "N6933|bic_11|70002200|70003635|+|1435"     
[170] "_R_N6933|sar_11|146925280|146926651|+|1371"
[171] "N6933|bic_X1|231732111|231733554|+|1443"   
[172] "_R_N6933|bic_12|38501672|38503116|+|1444"  
[173] "_R_N6933|bic_X1|77128973|77130117|+|1144"  
[174] "_R_N6933|sar_X1|77303963|77305116|+|1153"  
[175] "N6933|mim_X1|108639834|108640958|+|1124"   
[176] "_R_N6933|mim_7|186956421|186957553|+|1132" 
[177] "_R_N6933|mim_9|176921538|176922663|+|1125" 
[178] "_R_N6933|mim_X2|35911349|35912474|+|1125"  
[179] "_R_N6933|mim_7|14572802|14573927|+|1125"   
[180] "_R_N6933|mim_X2|183724794|183725918|+|1124"
[181] "N6933|mim_X2|191390488|191391613|+|1125"   
[182] "_R_N6933|mim_13|149110774|149111886|+|1112"
[183] "N6933|mim_8|115465109|115466230|+|1121"    
[184] "_R_N6933|mim_13|108520770|108521896|+|1126"
[185] "N6933|mim_X1|169973704|169974830|+|1126"   
[186] "N6933|mim_11|58043293|58044419|+|1126"     
[187] "N6933|mim_7|180067|181193|+|1126"          
[188] "_R_N6933|mim_7|186237315|186238458|+|1143" 
[189] "_R_N6933|mim_13|162451146|162452288|+|1142"
[190] "_R_N6933|mim_14|204657544|204658668|+|1124"
[191] "_R_N6933|mim_14|204688600|204689720|+|1120"
[192] "_R_N6933|mim_14|38507447|38508571|+|1124"  
[193] "_R_N6933|mim_X2|74337845|74338969|+|1124"  
[194] "_R_N6933|mim_12|55207482|55208606|+|1124"  
[195] "_R_N6933|mim_9|180740|181864|+|1124"       
[196] "_R_N6933|mim_11|153391075|153392200|+|1125"
[197] "N6933|mim_X1|78171021|78172145|+|1124"     
[198] "_R_N6933|mim_X1|205084383|205085507|+|1124"
[199] "_R_N6933|mim_14|205486277|205487401|+|1124"
[200] "N6933|mim_11|156664696|156665820|+|1124"   
[201] "_R_N6933|mim_6|71979135|71980259|+|1124"   
[202] "N6933|mim_10|20760308|20761432|+|1124"     
[203] "N6933|mim_8|30630627|30631752|+|1125"      
[204] "N6933|mim_2|84454816|84455943|+|1127"      
[205] "_R_N6933|mim_9|203862936|203864363|+|1427" 
[206] "N6933|mim_9|203903180|203904604|+|1424"    
[207] "N6933|mim_14|35036933|35038033|+|1100"     
[208] "_R_N6933|mim_9|219115837|219117280|+|1443" 
[209] "N6933|mim_5|24988687|24990126|+|1439"      
[210] "_R_N6933|mim_X2|12466221|12467345|+|1124"  
[211] "_R_N6933|mim_7|24687689|24689130|+|1441"   
[212] "_R_N6933|mim_7|38615873|38617317|+|1444"   
[213] "N6933|mim_7|37333230|37334673|+|1443"      
[214] "N6933|mim_4|115214131|115215575|+|1444"    
[215] "N6933|mim_X2|97301376|97302821|+|1445"     
[216] "N6933|mim_2|45924306|45925749|+|1443"      
[217] "N6933|mim_10|129157790|129159235|+|1445"   
[218] "_R_N6933|mim_6|96613318|96614763|+|1445"   
[219] "_R_N6933|mim_11|115170828|115172272|+|1444"
[220] "N6933|mim_7|168713194|168714639|+|1445"    
[221] "N6933|mim_11|30726118|30727562|+|1444"     
[222] "_R_N6933|mim_3|20874678|20876121|+|1443"   
[223] "_R_N6933|mim_X1|104849844|104851287|+|1443"
[224] "_R_N6933|mim_8|137254741|137256183|+|1442" 
[225] "_R_N6933|mim_X2|21324748|21326191|+|1443"  
[226] "N6933|mim_11|33548411|33549855|+|1444"     
[227] "_R_N6933|mim_10|182510740|182512191|+|1451"
[228] "_R_N6933|mim_10|182755414|182756836|+|1422"
[229] "N6933|mim_11|178419342|178420786|+|1444"   
[230] "_R_N6933|mim_11|184305894|184307339|+|1445"
[231] "_R_N6933|mim_10|131988762|131990206|+|1444"
[232] "_R_N6933|mim_3|1952186|1953629|+|1443"     
[233] "_R_N6933|mim_14|4870073|4871518|+|1445"    
[234] "N6933|mim_8|87699268|87700371|+|1103"      
[235] "_R_N6933|mim_10|131509084|131510505|+|1421"
[236] "N6933|mim_10|131524426|131525848|+|1422"   
[237] "_R_N6933|mim_X1|115140499|115141911|+|1412"
[238] "_R_N6933|dum_3|265231759|265232877|+|1118" 
[239] "_R_N6933|ten_3|266782055|266783185|+|1130" 
[240] "_R_N6933|mim_11|45313106|45314256|+|1150"  
[241] "_R_N6933|dum_8|147791667|147792726|+|1059" 
[242] "N6933|dum_12|43418319|43419456|+|1137"     
[243] "N6933|ten_12|48461286|48462423|+|1137"     
[244] "N6933|sar_2|232370882|232372020|+|1138"    
[245] "N6933|sar_6|66417235|66418398|+|1163"      
[246] "N6933|sar_6|66434017|66435181|+|1164"      
[247] "N6933|sar_13|36088173|36089336|+|1163"     
[248] "_R_N6933|sar_X1|77990538|77991681|+|1143"  
[249] "N6933|bic_8|131622332|131623489|+|1157"    
[250] "N6933|bic_9|146480989|146482146|+|1157"    
[251] "N6933|bic_12|44186633|44187769|+|1136"     
[252] "_R_N6933|bic_8|180518455|180519589|+|1134" 
[253] "_R_N6933|sar_3|215514363|215515510|+|1147" 
[254] "N6933|bic_12|20710600|20711754|+|1154"     
[255] "N6933|bic_8|214346367|214347501|+|1134"    
[256] "_R_N6933|bic_5|121139116|121140229|+|1113" 
[257] "N6933|sar_7|141967551|141968707|+|1156"    
[258] "N6933|sar_9|50181354|50182511|+|1157"      
[259] "_R_N6933|sar_13|99707365|99708533|+|1168"  
[260] "N6933|sar_8|47307377|47308545|+|1168"      
[261] "N6933|sar_1|15733604|15734773|+|1169"      
[262] "N6933|sar_X1|153362084|153363242|+|1158"   
[263] "_R_N6933|sar_7|7713165|7714333|+|1168"     
[264] "N6933|sar_3|211098578|211099734|+|1156"    
[265] "_R_N6933|sar_13|100770089|100771243|+|1154"
[266] "_R_N6933|sar_4|84888834|84889988|+|1154"   
[267] "_R_N6933|sar_11|70438255|70439409|+|1154"  
[268] "_R_N6933|sar_2|131424068|131425235|+|1167" 
[269] "_R_N6933|sar_4|136088983|136090140|+|1157" 
[270] "N6933|sar_6|125374472|125375629|+|1157"    
[271] "_R_N6933|sar_8|101793854|101795011|+|1157" 
[272] "_R_N6933|sar_X2|14216772|14217931|+|1159"  
[273] "N6933|sar_X2|42102|43258|+|1156"           
[274] "_R_N6933|sar_5|58857752|58858888|+|1136"   
[275] "N6933|sar_3|13317751|13318898|+|1147"      
[276] "_R_N6933|sar_3|131549510|131550632|+|1122" 
[277] "N6933|sar_8|58708723|58709831|+|1108"      
[278] "N6933|sar_1|99826660|99827820|+|1160"      
[279] "N6933|sar_9|186811140|186812299|+|1159"    
[280] "N6933|sar_2|248096891|248098045|+|1154"    
[281] "N6933|bic_9|229978968|229980115|+|1147"    
[282] "_R_N6933|bic_5|79062582|79063729|+|1147"   
[283] "N6933|bic_2|65724252|65725381|+|1129"      
[284] "N6933|bic_10|78492089|78493234|+|1145"     
[285] "_R_N6933|bic_11|101328953|101330100|+|1147"
[286] "_R_N6933|bic_10|88087460|88088607|+|1147"  
[287] "_R_N6933|bic_5|122942511|122943658|+|1147" 
[288] "_R_N6933|bic_7|102331232|102332379|+|1147" 
[289] "_R_N6933|bic_3|45495665|45496809|+|1144"   
[290] "_R_N6933|bic_X1|5471132|5472266|+|1134"    
[291] "_R_N6933|bic_5|5626947|5628065|+|1118"     
[292] "_R_N6933|bic_5|7638224|7639348|+|1124"     
[293] "_R_N6933|bic_4|66986932|66988053|+|1121"   
[294] "N6933|bic_7|6083966|6085092|+|1126"        
[295] "_R_N6933|sar_4|65074871|65075999|+|1128"   
[296] "_R_N6933|sar_4|122658568|122659656|+|1088" 
[297] "N6933|bic_13|133774406|133775508|+|1102"   
[298] "_R_N6933|bic_10|57531878|57533034|+|1156"  
[299] "N6933|bic_11|21540373|21541526|+|1153"     
[300] "_R_N6933|bic_12|1792585|1793736|+|1151"    
[301] "_R_N6933|bic_4|111181673|111182839|+|1166" 
[302] "_R_N6933|bic_3|147647046|147648197|+|1151" 
[303] "_R_N6933|bic_3|203031419|203032533|+|1114" 
[304] "_R_N6933|bic_3|146522657|146523811|+|1154" 
[305] "N6933|bic_5|155708312|155709456|+|1144"    
[306] "_R_N6933|sar_6|62386600|62387758|+|1158"   
[307] "N6933|bic_1|119236546|119237684|+|1138"    
[308] "N6933|bic_1|141290741|141291880|+|1139"    
[309] "N6933|bic_X1|12948252|12949384|+|1132"     
[310] "N6933|bic_10|55354123|55355263|+|1140"     
[311] "_R_N6933|bic_5|17022008|17023138|+|1130"   
[312] "_R_N6933|bic_X1|77083826|77084942|+|1116"  
[313] "N6933|sar_1|2858827|2859957|+|1130"        
[314] "N6933|sar_X1|202373048|202374176|+|1128"   
[315] "N6933|sar_8|120974276|120975407|+|1131"    
[316] "_R_N6933|bic_2|83238750|83239881|+|1131"   
[317] "_R_N6933|bic_9|124638895|124640030|+|1135" 
[318] "_R_N6933|bic_X2|14852465|14853603|+|1138"  
[319] "N6933|bic_6|83452166|83453297|+|1131"      
[320] "_R_N6933|bic_9|189388052|189389183|+|1131" 
[321] "N6933|bic_X1|227853407|227854519|+|1112"   
[322] "_R_N6933|sar_14|737850|738972|+|1122"      
[323] "N6933|sar_2|106215912|106217047|+|1135"    
[324] "_R_N6933|sar_1|534625|535746|+|1121"       
[325] "N6933|bic_10|146210402|146211543|+|1141"   
[326] "_R_N6933|bic_3|106928417|106929553|+|1136" 
[327] "N6933|bic_14|33643707|33644845|+|1138"     
[328] "N6933|bic_13|82240262|82241403|+|1141"     
[329] "_R_N6933|bic_1|108422916|108424060|+|1144" 
[330] "N6933|bic_3|204866327|204867467|+|1140"    
[331] "N6933|bic_5|162498426|162499569|+|1143"    
[332] "N6933|bic_X2|189840536|189841677|+|1141"   
[333] "_R_N6933|bic_10|85573565|85574705|+|1140"  
[334] "N6933|bic_4|117596474|117597614|+|1140"    
[335] "_R_N6933|bic_13|88012726|88013866|+|1140"  
[336] "_R_N6933|bic_11|89740881|89742020|+|1139"  
[337] "_R_N6933|sar_12|55690368|55691509|+|1141"  
[338] "N6933|sar_2|243265517|243266691|+|1174"    
[339] "_R_N6933|bic_9|213804688|213805826|+|1138" 
[340] "_R_N6933|bic_14|11262111|11263272|+|1161"  
[341] "_R_N6933|sar_12|98828461|98829598|+|1137"  
[342] "N6933|bic_7|74750637|74751784|+|1147"      
[343] "_R_N6933|bic_12|85565182|85566321|+|1139"  
[344] "N6933|bic_5|110652614|110653763|+|1149"    
[345] "N6933|bic_3|70796108|70797244|+|1136"      
[346] "N6933|bic_8|127111135|127112272|+|1137"    
[347] "_R_N6933|bic_2|72817871|72819010|+|1139"   
[348] "_R_N6933|bic_2|175450418|175451554|+|1136" 
[349] "N6933|bic_8|21349999|21351137|+|1138"      
[350] "_R_N6933|bic_9|196943572|196944717|+|1145" 
[351] "_R_N6933|bic_12|11039473|11040614|+|1141"  
[352] "_R_N6933|bic_9|58983964|58985091|+|1127"   
[353] "_R_N6933|bic_X2|91229176|91230308|+|1132"  
[354] "_R_N6933|bic_11|83785521|83786634|+|1113"  
[355] "N6933|bic_4|119031945|119033089|+|1144"    
[356] "N6933|bic_13|94824561|94825694|+|1133"     
[357] "_R_N6933|sar_6|32156481|32157614|+|1133"   
[358] "_R_N6933|bic_13|7632163|7633304|+|1141"    
[359] "N6933|sar_X2|41613431|41614576|+|1145"     
[360] "N6933|bic_2|76023120|76024262|+|1142"      
[361] "N6933|bic_7|131680305|131681445|+|1140"    
[362] "_R_N6933|bic_9|144355768|144356908|+|1140" 
[363] "N6933|bic_5|48334537|48335677|+|1140"      
[364] "_R_N6933|bic_2|81896190|81897332|+|1142"   
[365] "_R_N6933|bic_7|104646246|104647387|+|1141" 
[366] "_R_N6933|bic_1|51243419|51244553|+|1134"   
[367] "_R_N6933|bic_9|143907091|143908227|+|1136" 
[368] "N6933|bic_2|49022677|49023815|+|1138"      
[369] "_R_N6933|bic_12|117956901|117958033|+|1132"
[370] "N6933|bic_5|137973498|137974636|+|1138"    
[371] "N6933|bic_5|44659582|44660720|+|1138"      
[372] "_R_N6933|bic_7|63312251|63313394|+|1143"   
[373] "N6933|bic_7|23733749|23734891|+|1142"      
[374] "_R_N6933|bic_2|165601417|165602559|+|1142" 
[375] "N6933|bic_9|182631443|182632574|+|1131"    
[376] "N6933|bic_9|206734950|206736086|+|1136"    
[377] "_R_N6933|bic_14|88217135|88218276|+|1141"  
[378] "_R_N6933|bic_9|52026472|52027614|+|1142"   
[379] "_R_N6933|bic_X2|145298826|145299966|+|1140"
[380] "_R_N6933|bic_6|73600141|73601282|+|1141"   
[381] "N6933|bic_X2|803401|804543|+|1142"         
[382] "N6933|bic_X1|2104052|2105193|+|1141"       
[383] "_R_N6933|bic_13|109708994|109710134|+|1140"
[384] "_R_N6933|bic_13|48915148|48916288|+|1140"  
[385] "N6933|sar_14|95390966|95392105|+|1139"     
[386] "N6933|bic_2|48160054|48161193|+|1139"      
[387] "_R_N6933|bic_6|81758667|81759807|+|1140"   
[388] "N6933|bic_7|28858144|28859282|+|1138"      
[389] "_R_N6933|bic_12|107553134|107554274|+|1140"
[390] "_R_N6933|bic_3|23992348|23993488|+|1140"   
[391] "N6933|bic_9|138982965|138984105|+|1140"    
[392] "N6933|bic_8|82902502|82903642|+|1140"      
[393] "N6933|bic_X2|9621988|9623128|+|1140"       
[394] "_R_N6933|bic_4|13982129|13983269|+|1140"   
[395] "_R_N6933|bic_7|11511202|11512346|+|1144"   
[396] "_R_N6933|bic_8|78181092|78182233|+|1141"   
[397] "N6933|bic_12|49511457|49512607|+|1150"     
[398] "N6933|bic_11|46143260|46144406|+|1146"     
[399] "_R_N6933|bic_6|13625750|13626887|+|1137"   
[400] "_R_N6933|bic_3|91264652|91265797|+|1145"   
[401] "N6933|bic_1|3259548|3260698|+|1150"        
