jobinfo 30048937
getting scaled timeline
  [1] "N7199|ten_7|128282555|128287205|+|4650"    
  [2] "N7199|ten_11|20040438|20045086|+|4648"     
  [3] "_R_N7199|ten_4|8725578|8730226|+|4648"     
  [4] "_R_N7199|ten_X1|40392983|40397633|+|4650"  
  [5] "N7199|ten_3|101974543|101979192|+|4649"    
  [6] "N7199|ten_X1|99628226|99632875|+|4649"     
  [7] "N7199|ten_2|159324532|159329176|+|4644"    
  [8] "N7199|ten_X2|170536657|170541206|+|4549"   
  [9] "_R_N7199|ten_1|94712277|94716925|+|4648"   
 [10] "_R_N7199|ten_X2|170500877|170505527|+|4650"
 [11] "N7199|ten_8|67925868|67930519|+|4651"      
 [12] "_R_N7199|ten_X2|83997264|84001912|+|4648"  
 [13] "N7199|ten_X2|170491324|170495875|+|4551"   
 [14] "_R_N7199|ten_1|148493317|148497966|+|4649" 
 [15] "N7199|ten_2|53536954|53541603|+|4649"      
 [16] "N7199|ten_9|155497809|155502244|+|4435"    
 [17] "N7199|ten_4|145772959|145777599|+|4640"    
 [18] "N7199|ten_6|4186941|4191581|+|4640"        
 [19] "_R_N7199|ten_X2|70518228|70522876|+|4648"  
 [20] "N7199|ten_1|5186931|5191579|+|4648"        
 [21] "_R_N7199|ten_11|27860187|27864818|+|4631"  
 [22] "_R_N7199|ten_6|157445943|157450592|+|4649" 
 [23] "_R_N7199|ten_9|22215383|22220031|+|4648"   
 [24] "_R_N7199|ten_7|100490939|100494898|+|3959" 
 [25] "_R_N7199|ten_9|137638034|137642679|+|4645" 
 [26] "_R_N7199|ten_11|27942680|27947324|+|4644"  
 [27] "_R_N7199|ten_10|87637965|87642604|+|4639"  
 [28] "_R_N7199|dum_3|69828546|69833024|+|4478"   
 [29] "_R_N7199|ten_X2|83176295|83180624|+|4329"  
 [30] "_R_N7199|ten_X2|83651503|83655832|+|4329"  
 [31] "N7199|ten_X2|84370476|84374689|+|4213"     
 [32] "N7199|dum_11|41245319|41249960|+|4641"     
 [33] "_R_N7199|dum_11|41291805|41296447|+|4642"  
 [34] "N7199|dum_8|105248774|105253063|+|4289"    
 [35] "N7199|dum_8|105254179|105258468|+|4289"    
 [36] "N7199|ten_1|131989009|131993490|+|4481"    
 [37] "_R_N7199|ten_11|96437691|96442354|+|4663"  
 [38] "_R_N7199|ten_11|97015685|97020348|+|4663"  
 [39] "_R_N7199|ten_1|193119271|193123931|+|4660" 
 [40] "_R_N7199|ten_11|107673537|107678196|+|4659"
 [41] "_R_N7199|dum_X1|69112619|69117274|+|4655"  
 [42] "N7199|ten_4|145768621|145772435|+|3814"    
 [43] "N7199|dum_2|218451771|218456453|+|4682"    
 [44] "N7199|dum_4|107402218|107406874|+|4656"    
 [45] "N7199|dum_10|149131821|149136485|+|4664"   
 [46] "N7199|dum_1|158016304|158020963|+|4659"    
 [47] "N7199|dum_3|164989878|164994508|+|4630"    
 [48] "_R_N7199|ten_2|199647732|199652368|+|4636" 
 [49] "_R_N7199|ten_8|67372348|67376056|+|3708"   
 [50] "_R_N7199|dum_1|57280951|57285602|+|4651"   
 [51] "N7199|dum_11|141465965|141470597|+|4632"   
 [52] "_R_N7199|ten_2|23953250|23957465|+|4215"   
 [53] "N7199|dum_10|151101030|151105698|+|4668"   
 [54] "N7199|dum_X1|105867461|105872112|+|4651"   
 [55] "N7199|dum_11|60182375|60187036|+|4661"     
 [56] "_R_N7199|dum_11|137692246|137696905|+|4659"
 [57] "N7199|dum_7|21658256|21662914|+|4658"      
 [58] "_R_N7199|ten_9|60351140|60355760|+|4620"   
 [59] "N7199|dum_X2|166529295|166533937|+|4642"   
 [60] "_R_N7199|ten_10|81923862|81928510|+|4648"  
 [61] "N7199|ten_X2|44336824|44341056|+|4232"     
 [62] "N7199|ten_X2|45192501|45196732|+|4231"     
 [63] "N7199|ten_X1|52136485|52140815|+|4330"     
 [64] "_R_N7199|dum_3|199872171|199876470|+|4299" 
 [65] "_R_N7199|ten_6|157773489|157778148|+|4659" 
 [66] "N7199|dum_6|22157416|22162076|+|4660"      
 [67] "N7199|ten_2|161446311|161450970|+|4659"    
 [68] "_R_N7199|dum_3|38294547|38299206|+|4659"   
 [69] "N7199|ten_3|48984208|48988468|+|4260"      
 [70] "_R_N7199|dum_1|233499303|233503970|+|4667" 
 [71] "_R_N7199|ten_1|229235168|229239841|+|4673" 
 [72] "N7199|dum_1|193339916|193344506|+|4590"    
 [73] "_R_N7199|dum_1|52769867|52774116|+|4249"   
 [74] "_R_N7199|ten_1|50339459|50343160|+|3701"   
 [75] "_R_N7199|dum_2|109214578|109219196|+|4618" 
 [76] "_R_N7199|ten_2|114533781|114538364|+|4583" 
 [77] "N7199|ten_7|192282465|192287078|+|4613"    
 [78] "_R_N7199|ten_X2|135506560|135511136|+|4576"
 [79] "N7199|ten_5|65987147|65991763|+|4616"      
 [80] "_R_N7199|dum_11|136966373|136970958|+|4585"
 [81] "N7199|ten_11|30732157|30736757|+|4600"     
 [82] "_R_N7199|dum_6|144291530|144296116|+|4586" 
 [83] "_R_N7199|ten_6|158289420|158294002|+|4582" 
 [84] "_R_N7199|dum_11|104444004|104448553|+|4549"
 [85] "_R_N7199|ten_11|85700120|85704701|+|4581"  
 [86] "_R_N7199|dum_6|173506768|173511053|+|4285" 
 [87] "_R_N7199|ten_6|183219511|183223806|+|4295" 
 [88] "N7199|dum_11|91363402|91367368|+|3966"     
 [89] "N7199|dum_6|150198640|150203162|+|4522"    
 [90] "N7199|ten_6|164219340|164223968|+|4628"    
 [91] "N7199|ten_2|180068943|180072930|+|3987"    
 [92] "_R_N7199|ten_8|31267581|31272275|+|4694"   
 [93] "N7199|ten_11|53899849|53904513|+|4664"     
 [94] "_R_N7199|ten_3|144635834|144640506|+|4672" 
 [95] "N7199|ten_1|130878158|130882801|+|4643"    
 [96] "_R_N7199|dum_12|18533079|18537726|+|4647"  
 [97] "N7199|dum_9|72489050|72493705|+|4655"      
 [98] "N7199|dum_11|81706803|81711434|+|4631"     
 [99] "N7199|dum_1|101890198|101894855|+|4657"    
[100] "_R_N7199|ten_X2|70417533|70422189|+|4656"  
[101] "N7199|dum_3|252031479|252035759|+|4280"    
[102] "_R_N7199|ten_11|15470023|15474481|+|4458"  
[103] "N7199|ten_11|16677086|16681539|+|4453"     
[104] "_R_N7199|ten_11|15280414|15284873|+|4459"  
[105] "_R_N7199|dum_11|145335474|145339951|+|4477"
[106] "N7199|ten_1|101662762|101667418|+|4656"    
[107] "_R_N7199|dum_9|116377267|116381920|+|4653" 
[108] "N7199|ten_9|63067894|63072455|+|4561"      
[109] "N7199|ten_11|44924582|44929207|+|4625"     
[110] "N7199|ten_11|44981560|44986184|+|4624"     
[111] "N7199|ten_11|44868209|44872833|+|4624"     
[112] "N7199|ten_11|44799042|44803692|+|4650"     
[113] "_R_N7199|dum_11|135096824|135101471|+|4647"
[114] "N7199|dum_1|134113060|134117716|+|4656"    
[115] "_R_N7199|dum_3|164912027|164916675|+|4648" 
[116] "N7199|dum_3|164984699|164989330|+|4631"    
[117] "N7199|dum_11|143488371|143493016|+|4645"   
[118] "_R_N7199|dum_5|121979593|121984186|+|4593" 
[119] "_R_N7199|dum_2|59030795|59035448|+|4653"   
[120] "_R_N7199|ten_4|114446021|114450661|+|4640" 
[121] "_R_N7199|dum_11|78523702|78528344|+|4642"  
[122] "_R_N7199|ten_11|58129013|58133627|+|4614"  
[123] "_R_N7199|dum_2|163846418|163851084|+|4666" 
[124] "N7199|ten_11|24324185|24328849|+|4664"     
[125] "N7199|dum_4|83019707|83023707|+|4000"      
[126] "_R_N7199|dum_X1|161741865|161745462|+|3597"
[127] "_R_N7199|ten_11|57427338|57430949|+|3611"  
[128] "N7199|dum_1|150608606|150613057|+|4451"    
[129] "_R_N7199|ten_2|62968775|62973433|+|4658"   
[130] "_R_N7199|ten_10|141326676|141331286|+|4610"
[131] "_R_N7199|ten_2|17399067|17403726|+|4659"   
[132] "_R_N7199|ten_4|114374470|114379114|+|4644" 
[133] "_R_N7199|ten_1|141363546|141367890|+|4344" 
[134] "_R_N7199|ten_8|3346876|3351104|+|4228"     
[135] "_R_N7199|dum_11|141374616|141378864|+|4248"
[136] "_R_N7199|dum_2|130484556|130489149|+|4593" 
[137] "_R_N7199|dum_3|69843785|69848390|+|4605"   
[138] "_R_N7199|dum_11|164336543|164341158|+|4615"
[139] "_R_N7199|ten_3|195586382|195591000|+|4618" 
[140] "_R_N7199|ten_5|171299676|171304274|+|4598" 
[141] "N7199|ten_6|129517680|129522288|+|4608"    
[142] "_R_N7199|ten_4|106391337|106395939|+|4602" 
[143] "N7199|ten_11|7603017|7607624|+|4607"       
[144] "N7199|ten_11|7626722|7631329|+|4607"       
[145] "_R_N7199|dum_4|43218176|43222775|+|4599"   
[146] "_R_N7199|dum_X2|117929315|117933920|+|4605"
[147] "N7199|dum_1|57270543|57275148|+|4605"      
[148] "_R_N7199|ten_11|34697093|34701703|+|4610"  
[149] "_R_N7199|ten_X2|82947338|82951927|+|4589"  
[150] "_R_N7199|ten_X2|83381830|83386406|+|4576"  
[151] "_R_N7199|ten_X2|82964254|82968861|+|4607"  
[152] "_R_N7199|ten_7|170100976|170105586|+|4610" 
[153] "_R_N7199|ten_1|193105221|193109168|+|3947" 
[154] "_R_N7199|ten_1|182304879|182309345|+|4466" 
[155] "N7199|ten_6|201795877|201800486|+|4609"    
[156] "N7199|ten_7|104959434|104964043|+|4609"    
[157] "N7199|ten_X1|53151625|53156231|+|4606"     
[158] "_R_N7199|ten_X2|70713229|70717831|+|4602"  
[159] "N7199|ten_3|122912720|122917356|+|4636"    
[160] "_R_N7199|ten_X1|99493940|99498585|+|4645"  
[161] "_R_N7199|ten_11|6543074|6547722|+|4648"    
[162] "N7199|ten_10|37215430|37220022|+|4592"     
[163] "N7199|ten_4|109508842|109513441|+|4599"    
[164] "_R_N7199|dum_2|144673722|144677531|+|3809" 
[165] "N7199|dum_8|3766788|3771443|+|4655"        
[166] "_R_N7199|ten_9|112454145|112458784|+|4639" 
[167] "_R_N7199|dum_2|106683383|106687965|+|4582" 
[168] "_R_N7199|ten_2|111992239|111996830|+|4591" 
[169] "N7199|dum_1|176358212|176362810|+|4598"    
[170] "N7199|dum_11|159546581|159551228|+|4647"   
[171] "N7199|dum_11|159580515|159585162|+|4647"   
[172] "N7199|ten_11|41653753|41658393|+|4640"     
[173] "N7199|dum_8|91124400|91128056|+|3656"      
[174] "_R_N7199|mim_2|7833525|7837665|+|4140"     
[175] "N7199|mim_7|16502927|16507080|+|4153"      
[176] "_R_N7199|mim_9|41241040|41245162|+|4122"   
[177] "N7199|bic_X2|147844629|147848308|+|3679"   
[178] "N7199|sar_X2|185015173|185018859|+|3686"   
[179] "_R_N7199|sar_6|21537439|21541750|+|4311"   
[180] "_R_N7199|bic_3|128693254|128697586|+|4332" 
[181] "_R_N7199|bic_5|52160088|52164424|+|4336"   
[182] "N7199|sar_5|85849887|85854242|+|4355"      
[183] "N7199|sar_5|23989864|23994209|+|4345"      
[184] "N7199|bic_1|76954956|76959330|+|4374"      
[185] "_R_N7199|bic_8|7713593|7717945|+|4352"     
[186] "_R_N7199|bic_3|156929024|156933401|+|4377" 
[187] "N7199|bic_11|163946937|163951272|+|4335"   
[188] "N7199|bic_2|171646576|171650915|+|4339"    
[189] "N7199|bic_4|108226036|108230309|+|4273"    
[190] "N7199|bic_13|68035127|68039192|+|4065"     
[191] "_R_N7199|sar_3|27962168|27966229|+|4061"   
[192] "_R_N7199|bic_X1|130607492|130611785|+|4293"
[193] "N7199|bic_13|115493224|115497550|+|4326"   
[194] "_R_N7199|bic_2|42031199|42035489|+|4290"   
[195] "N7199|sar_10|138544703|138548787|+|4084"   
[196] "_R_N7199|sar_1|167312996|167316923|+|3927" 
[197] "_R_N7199|bic_2|105299894|105303557|+|3663" 
[198] "N7199|sar_14|46987416|46991222|+|3806"     
[199] "N7199|bic_11|102783138|102786834|+|3696"   
[200] "_R_N7199|bic_3|62048486|62052180|+|3694"   
[201] "N7199|sar_1|31982654|31986335|+|3681"      
[202] "N7199|bic_1|11617333|11620995|+|3662"      
