jobinfo 30048751
getting scaled timeline
 [1] "N5693|dum_7|141121255|141124469|+|3214" 
 [2] "N5693|dum_7|141150295|141153511|+|3216" 
 [3] "N5693|dum_7|141112949|141116161|+|3212" 
 [4] "N5693|dum_7|141141992|141145207|+|3215" 
 [5] "N5693|dum_7|141137844|141141056|+|3212" 
 [6] "N5693|dum_7|141158597|141161811|+|3214" 
 [7] "N5693|dum_7|141146143|141149359|+|3216" 
 [8] "N5693|dum_7|141129551|141132764|+|3213" 
 [9] "N5693|dum_7|141162747|141165957|+|3210" 
[10] "N5693|dum_7|141154447|141157661|+|3214" 
[11] "N5693|dum_7|141125405|141128615|+|3210" 
[12] "N5693|dum_7|141100502|141103715|+|3213" 
[13] "N5693|dum_7|141104651|141107864|+|3213" 
[14] "N5693|dum_7|141108800|141112013|+|3213" 
[15] "N5693|dum_7|141092138|141094684|+|2546" 
[16] "N5693|dum_7|141087986|141091194|+|3208" 
[17] "N5693|dum_7|141096352|141099566|+|3214" 
[18] "N5693|dum_7|141196592|141199835|+|3243" 
[19] "N5693|dum_7|141204968|141208187|+|3219" 
[20] "N5693|dum_7|141200780|141204005|+|3225" 
[21] "N5693|dum_7|141188274|141191488|+|3214" 
[22] "N5693|dum_7|141192433|141195647|+|3214" 
[23] "_R_N5693|ten_7|60678033|60681275|+|3242"
[24] "_R_N5693|ten_7|60684721|60687964|+|3243"
[25] "_R_N5693|ten_7|60698092|60701341|+|3249"
[26] "_R_N5693|ten_7|60701438|60704679|+|3241"
[27] "_R_N5693|ten_7|60704776|60708023|+|3247"
[28] "_R_N5693|ten_7|60711455|60714700|+|3245"
[29] "_R_N5693|ten_7|60694748|60697995|+|3247"
[30] "_R_N5693|ten_7|60708120|60711358|+|3238"
[31] "_R_N5693|ten_7|60691408|60694651|+|3243"
[32] "_R_N5693|ten_7|60681372|60684624|+|3252"
[33] "_R_N5693|ten_7|60688061|60691311|+|3250"
[34] "_R_N5693|ten_7|60714797|60718041|+|3244"
[35] "_R_N5693|ten_7|60658087|60661326|+|3239"
[36] "_R_N5693|ten_7|60661423|60664665|+|3242"
[37] "_R_N5693|ten_7|60668095|60671348|+|3253"
[38] "_R_N5693|ten_7|60664762|60667998|+|3236"
[39] "_R_N5693|ten_7|60655417|60657990|+|2573"
[40] "N5693|dum_7|141209132|141212092|+|2960" 
[41] "N5693|dum_7|141117097|141120311|+|3214" 
[42] "N5693|dum_7|141133700|141136908|+|3208" 
[43] "N5693|dum_7|141083827|141087042|+|3215" 
