jobinfo 30048786
getting scaled timeline
 [1] "_R_N6415|dum_X1|70370180|70371354|+|1174"  
 [2] "_R_N6415|dum_X1|70367437|70368611|+|1174"  
 [3] "_R_N6415|dum_X1|70361953|70363127|+|1174"  
 [4] "_R_N6415|dum_X1|70359210|70360384|+|1174"  
 [5] "_R_N6415|dum_X1|70353724|70354898|+|1174"  
 [6] "_R_N6415|dum_X1|70348238|70349412|+|1174"  
 [7] "_R_N6415|dum_X1|70345495|70346669|+|1174"  
 [8] "_R_N6415|dum_X1|70342752|70343926|+|1174"  
 [9] "_R_N6415|dum_X1|70337266|70338440|+|1174"  
[10] "_R_N6415|dum_X1|70334523|70335697|+|1174"  
[11] "_R_N6415|dum_X1|70329039|70330213|+|1174"  
[12] "_R_N6415|dum_X1|70331782|70332956|+|1174"  
[13] "_R_N6415|dum_X1|70364696|70365870|+|1174"  
[14] "_R_N6415|dum_X1|70326273|70327470|+|1197"  
[15] "_R_N6415|dum_X1|70340009|70341183|+|1174"  
[16] "_R_N6415|dum_X1|70356467|70357641|+|1174"  
[17] "_R_N6415|dum_X1|70350981|70352155|+|1174"  
[18] "_R_N6415|dum_X1|71562627|71563826|+|1199"  
[19] "_R_N6415|dum_X2|56323208|56324408|+|1200"  
[20] "_R_N6415|dum_2|281720839|281722037|+|1198" 
[21] "N6415|dum_11|150311158|150312357|+|1199"   
[22] "N6415|dum_2|34076943|34078142|+|1199"      
[23] "N6415|ten_11|97634215|97635438|+|1223"     
[24] "N6415|dum_7|29603234|29604433|+|1199"      
[25] "_R_N6415|dum_9|114252898|114254097|+|1199" 
[26] "N6415|dum_9|114255937|114256895|+|958"     
[27] "_R_N6415|dum_11|35010591|35011766|+|1175"  
[28] "_R_N6415|dum_11|41166181|41167356|+|1175"  
[29] "N6415|ten_11|70853796|70854926|+|1130"     
[30] "_R_N6415|sar_11|220303922|220305106|+|1184"
[31] "N6415|dum_12|124388732|124389742|+|1010"   
[32] "N6415|ten_1|159454238|159455421|+|1183"    
[33] "N6415|dum_1|166566164|166567358|+|1194"    
