jobinfo 30048781
getting scaled timeline
  [1] "_R_N6414|dum_11|159748676|159750124|+|1448"
  [2] "_R_N6414|dum_1|135740121|135741568|+|1447" 
  [3] "_R_N6414|dum_11|111050226|111051674|+|1448"
  [4] "N6414|dum_2|123532278|123533726|+|1448"    
  [5] "_R_N6414|ten_1|192892962|192894410|+|1448" 
  [6] "_R_N6414|dum_3|24078322|24079770|+|1448"   
  [7] "_R_N6414|dum_2|144307067|144308515|+|1448" 
  [8] "_R_N6414|dum_X1|67354876|67356324|+|1448"  
  [9] "_R_N6414|dum_8|17234668|17236117|+|1449"   
 [10] "N6414|dum_8|1339200|1340648|+|1448"        
 [11] "N6414|ten_1|78907869|78909321|+|1452"      
 [12] "_R_N6414|ten_12|135876987|135878439|+|1452"
 [13] "_R_N6414|ten_4|192979530|192980978|+|1448" 
 [14] "_R_N6414|ten_4|193241852|193243300|+|1448" 
 [15] "_R_N6414|ten_9|148021983|148023423|+|1440" 
 [16] "_R_N6414|ten_3|116086909|116088357|+|1448" 
 [17] "_R_N6414|ten_11|94457314|94458646|+|1332"  
 [18] "_R_N6414|ten_X1|192050061|192051290|+|1229"
 [19] "N6414|ten_12|36096341|36097777|+|1436"     
 [20] "N6414|ten_X1|107585687|107587117|+|1430"   
 [21] "N6414|ten_1|130430084|130431443|+|1359"    
 [22] "_R_N6414|ten_7|105473489|105474937|+|1448" 
 [23] "N6414|dum_1|159475980|159477427|+|1447"    
 [24] "_R_N6414|ten_1|114658080|114659520|+|1440" 
 [25] "_R_N6414|ten_4|100400443|100401883|+|1440" 
 [26] "N6414|ten_9|11854659|11856087|+|1428"      
 [27] "_R_N6414|ten_1|135296579|135298028|+|1449" 
 [28] "_R_N6414|ten_3|134061817|134063265|+|1448" 
 [29] "_R_N6414|dum_8|139919607|139921053|+|1446" 
 [30] "_R_N6414|dum_X1|188891613|188893061|+|1448"
 [31] "N6414|dum_7|101648925|101650348|+|1423"    
 [32] "N6414|ten_X1|127902166|127903572|+|1406"   
 [33] "N6414|dum_4|177842045|177843494|+|1449"    
 [34] "N6414|dum_11|86183505|86184947|+|1442"     
 [35] "_R_N6414|dum_11|148963673|148965115|+|1442"
 [36] "N6414|dum_2|234619783|234621224|+|1441"    
 [37] "_R_N6414|dum_4|193561194|193562642|+|1448" 
 [38] "_R_N6414|ten_8|61436007|61437443|+|1436"   
 [39] "N6414|ten_9|97860838|97862262|+|1424"      
 [40] "_R_N6414|ten_6|164224176|164225623|+|1447" 
 [41] "N6414|ten_2|95398219|95399668|+|1449"      
 [42] "N6414|ten_X2|96520429|96521878|+|1449"     
 [43] "N6414|ten_4|103185893|103187341|+|1448"    
 [44] "_R_N6414|dum_7|145328732|145330180|+|1448" 
 [45] "N6414|dum_8|147645642|147647090|+|1448"    
 [46] "_R_N6414|dum_11|77931676|77933124|+|1448"  
 [47] "_R_N6414|ten_X2|55721476|55722921|+|1445"  
 [48] "_R_N6414|dum_11|19018300|19019745|+|1445"  
 [49] "_R_N6414|dum_11|69869118|69870563|+|1445"  
 [50] "_R_N6414|dum_7|47734433|47735878|+|1445"   
 [51] "N6414|dum_X1|204904728|204906173|+|1445"   
 [52] "_R_N6414|dum_3|175887933|175889378|+|1445" 
 [53] "N6414|dum_3|164936052|164937497|+|1445"    
 [54] "_R_N6414|dum_3|203392365|203393803|+|1438" 
 [55] "N6414|dum_9|829300|830746|+|1446"          
 [56] "_R_N6414|dum_11|124887944|124889390|+|1446"
 [57] "N6414|dum_11|123901437|123902883|+|1446"   
 [58] "_R_N6414|dum_9|168507406|168508852|+|1446" 
 [59] "N6414|dum_X1|228784013|228785459|+|1446"   
 [60] "_R_N6414|dum_7|162111489|162112925|+|1436" 
 [61] "_R_N6414|dum_6|69606334|69607774|+|1440"   
 [62] "N6414|dum_8|40803907|40805355|+|1448"      
 [63] "N6414|dum_X1|14396841|14398289|+|1448"     
 [64] "N6414|dum_X2|183071735|183073183|+|1448"   
 [65] "_R_N6414|dum_X2|154114256|154115704|+|1448"
 [66] "N6414|dum_7|137424916|137426364|+|1448"    
 [67] "N6414|dum_3|112191319|112192765|+|1446"    
 [68] "N6414|dum_4|53321870|53323245|+|1375"      
 [69] "_R_N6414|dum_5|112879827|112881276|+|1449" 
 [70] "N6414|dum_2|17871321|17872775|+|1454"      
 [71] "N6414|dum_3|123222241|123223677|+|1436"    
 [72] "_R_N6414|dum_5|120559216|120560665|+|1449" 
 [73] "N6414|dum_X2|105986391|105987840|+|1449"   
 [74] "N6414|dum_X2|106265538|106266989|+|1451"   
 [75] "N6414|dum_X2|105737354|105738803|+|1449"   
 [76] "N6414|ten_10|83244391|83245839|+|1448"     
 [77] "_R_N6414|ten_5|953652|955100|+|1448"       
 [78] "_R_N6414|dum_X1|250273855|250275292|+|1437"
 [79] "N6414|dum_1|158054086|158055346|+|1260"    
 [80] "N6414|dum_8|12099875|12101311|+|1436"      
 [81] "N6414|dum_X1|70335700|70337140|+|1440"     
 [82] "N6414|dum_X1|70338443|70339883|+|1440"     
 [83] "N6414|dum_X1|70349415|70350855|+|1440"     
 [84] "N6414|dum_X1|70352158|70353598|+|1440"     
 [85] "N6414|dum_X1|70354901|70356341|+|1440"     
 [86] "N6414|dum_X1|70327473|70328913|+|1440"     
 [87] "N6414|dum_X1|70341186|70342626|+|1440"     
 [88] "N6414|dum_X1|70343929|70345369|+|1440"     
 [89] "N6414|dum_X1|70357644|70359084|+|1440"     
 [90] "N6414|dum_X1|70360387|70361827|+|1440"     
 [91] "N6414|dum_X1|70330216|70331656|+|1440"     
 [92] "N6414|dum_X1|70346672|70348112|+|1440"     
 [93] "N6414|dum_X1|70368614|70370054|+|1440"     
 [94] "N6414|dum_X1|70332959|70334399|+|1440"     
 [95] "N6414|dum_X1|70365873|70367313|+|1440"     
 [96] "N6414|dum_X1|70363130|70364570|+|1440"     
 [97] "N6414|dum_X1|70324701|70326147|+|1446"     
 [98] "N6414|dum_5|164184403|164185848|+|1445"    
 [99] "_R_N6414|ten_4|39616471|39617917|+|1446"   
[100] "_R_N6414|dum_3|173913845|173915291|+|1446" 
[101] "N6414|dum_1|145272282|145273725|+|1443"    
[102] "N6414|dum_11|63791453|63792896|+|1443"     
[103] "N6414|dum_X1|18055074|18056518|+|1444"     
[104] "_R_N6414|dum_3|188713781|188714939|+|1158" 
[105] "N6414|dum_4|53968214|53969372|+|1158"      
[106] "N6414|dum_2|12558917|12560361|+|1444"      
[107] "N6414|dum_2|12628464|12629908|+|1444"      
[108] "N6414|dum_2|12655325|12656769|+|1444"      
[109] "N6414|dum_2|12514338|12515782|+|1444"      
[110] "N6414|dum_2|12536623|12538067|+|1444"      
[111] "N6414|dum_2|12597020|12598464|+|1444"      
[112] "_R_N6414|dum_2|117804699|117806144|+|1445" 
[113] "N6414|dum_3|14584702|14586147|+|1445"      
[114] "N6414|dum_7|3848646|3850091|+|1445"        
[115] "N6414|dum_1|101192659|101194104|+|1445"    
[116] "N6414|dum_11|22067348|22068793|+|1445"     
[117] "N6414|dum_4|137018282|137019722|+|1440"    
[118] "_R_N6414|dum_9|111645557|111647005|+|1448" 
[119] "N6414|dum_7|195245956|195247401|+|1445"    
[120] "N6414|dum_X1|68169084|68170540|+|1456"     
[121] "N6414|dum_2|197771196|197772641|+|1445"    
[122] "_R_N6414|dum_2|231310549|231311994|+|1445" 
[123] "_R_N6414|dum_X2|160353089|160354534|+|1445"
[124] "_R_N6414|dum_2|231538494|231539939|+|1445" 
[125] "_R_N6414|dum_2|231821765|231823210|+|1445" 
[126] "_R_N6414|dum_11|159557535|159558980|+|1445"
[127] "N6414|dum_7|195056344|195057789|+|1445"    
[128] "_R_N6414|dum_2|194471432|194472877|+|1445" 
[129] "_R_N6414|dum_2|115125033|115126482|+|1449" 
[130] "_R_N6414|dum_X1|99302882|99304328|+|1446"  
[131] "N6414|dum_5|171658620|171660052|+|1432"    
[132] "N6414|dum_1|242564170|242565616|+|1446"    
[133] "_R_N6414|ten_1|161913952|161915393|+|1441" 
[134] "N6414|ten_5|122974647|122976103|+|1456"    
[135] "_R_N6414|ten_9|139417888|139419344|+|1456" 
[136] "N6414|ten_5|122983460|122984909|+|1449"    
[137] "N6414|ten_10|89220904|89222352|+|1448"     
[138] "_R_N6414|ten_4|40805932|40807377|+|1445"   
[139] "N6414|ten_8|38175443|38176737|+|1294"      
[140] "_R_N6414|ten_X2|154064786|154066081|+|1295"
[141] "N6414|ten_3|203463347|203464782|+|1435"    
[142] "N6414|dum_2|265698947|265700397|+|1450"    
[143] "_R_N6414|dum_X2|104650484|104651933|+|1449"
[144] "N6414|dum_1|101808911|101810333|+|1422"    
[145] "_R_N6414|ten_X1|29963998|29965215|+|1217"  
[146] "_R_N6414|ten_X2|53547739|53548957|+|1218"  
[147] "N6414|dum_3|138055058|138056275|+|1217"    
[148] "N6414|ten_12|115253185|115254402|+|1217"   
[149] "_R_N6414|ten_12|115993288|115994505|+|1217"
[150] "N6414|dum_12|109105655|109106872|+|1217"   
[151] "N6414|ten_11|14066116|14067281|+|1165"     
[152] "N6414|ten_3|154595301|154596518|+|1217"    
[153] "_R_N6414|ten_2|120846697|120847896|+|1199" 
[154] "N6414|dum_4|76909014|76910228|+|1214"      
[155] "_R_N6414|dum_12|124400634|124401824|+|1190"
[156] "_R_N6414|dum_X2|1700466|1701679|+|1213"    
[157] "_R_N6414|ten_X2|674032|675247|+|1215"      
[158] "N6414|ten_X1|111945793|111947006|+|1213"   
[159] "_R_N6414|ten_12|138889259|138890716|+|1457"
[160] "_R_N6414|dum_X2|91534222|91535561|+|1339"  
[161] "_R_N6414|ten_X2|136988086|136989425|+|1339"
[162] "N6414|dum_X2|161507044|161508528|+|1484"   
[163] "N6414|dum_4|158834705|158836102|+|1397"    
[164] "_R_N6414|ten_4|72970116|72971518|+|1402"   
[165] "_R_N6414|dum_11|48887715|48888972|+|1257"  
[166] "N6414|ten_11|107586189|107587669|+|1480"   
[167] "_R_N6414|dum_11|49012629|49014006|+|1377"  
[168] "N6414|ten_11|107310358|107311741|+|1383"   
[169] "N6414|ten_11|107447089|107448461|+|1372"   
[170] "N6414|sar_2|53422160|53423510|+|1350"      
[171] "_R_N6414|bic_X2|103089543|103090863|+|1320"
[172] "N6414|bic_X1|229493399|229494617|+|1218"   
[173] "N6414|sar_X1|250235534|250236749|+|1215"   
[174] "_R_N6414|sar_1|125862650|125864065|+|1415" 
[175] "N6414|bic_3|204973605|204975050|+|1445"    
[176] "N6414|bic_2|78147635|78149083|+|1448"      
[177] "_R_N6414|sar_2|145490516|145491958|+|1442" 
[178] "N6414|bic_3|142738607|142740062|+|1455"    
[179] "_R_N6414|bic_4|16623088|16624224|+|1136"   
[180] "N6414|bic_8|150129636|150131089|+|1453"    
[181] "N6414|sar_8|71455413|71456859|+|1446"      
[182] "N6414|bic_2|172780427|172781792|+|1365"    
[183] "N6414|bic_X2|160090989|160092126|+|1137"   
[184] "_R_N6414|sar_X2|119264093|119265226|+|1133"
[185] "_R_N6414|sar_11|209028460|209029852|+|1392"
[186] "N6414|mim_14|42616026|42617178|+|1152"     
[187] "_R_N6414|mim_14|45572895|45574061|+|1166"  
[188] "N6414|dum_11|90911436|90912757|+|1321"     
[189] "_R_N6414|ten_11|78417717|78419038|+|1321"  
[190] "N6414|mim_9|159239894|159241077|+|1183"    
[191] "N6414|mim_X2|158806728|158807919|+|1191"   
[192] "N6414|mim_6|27066580|27067777|+|1197"      
[193] "_R_N6414|mim_13|142435541|142436720|+|1179"
[194] "N6414|mim_9|153691731|153692921|+|1190"    
[195] "_R_N6414|mim_4|9087309|9088499|+|1190"     
[196] "_R_N6414|mim_X1|4287843|4288994|+|1151"    
[197] "N6414|mim_6|6016316|6017435|+|1119"        
[198] "_R_N6414|mim_X2|73556024|73557203|+|1179"  
[199] "_R_N6414|mim_1|94368550|94369703|+|1153"   
[200] "N6414|mim_5|40861059|40862205|+|1146"      
[201] "_R_N6414|mim_7|117638395|117639554|+|1159" 
[202] "N6414|mim_14|93480462|93481618|+|1156"     
[203] "N6414|mim_1|98686586|98687710|+|1124"      
[204] "N6414|mim_7|167638704|167639861|+|1157"    
[205] "_R_N6414|mim_7|151498467|151499579|+|1112" 
[206] "N6414|lin_14|34433292|34434654|+|1362"     
[207] "N6414|mim_10|79657028|79658260|+|1232"     
[208] "N6414|mim_13|50600966|50602201|+|1235"     
[209] "_R_N6414|mim_2|114646791|114648026|+|1235" 
[210] "_R_N6414|mim_11|10226826|10228036|+|1210"  
[211] "_R_N6414|ten_6|170450135|170451339|+|1204" 
[212] "_R_N6414|dum_11|121977759|121979042|+|1283"
[213] "_R_N6414|ten_X1|206802408|206803614|+|1206"
[214] "N6414|dum_3|271620627|271621846|+|1219"    
[215] "N6414|dum_2|253896057|253897280|+|1223"    
[216] "N6414|ten_10|136276057|136277280|+|1223"   
[217] "N6414|dum_X2|144008612|144009834|+|1222"   
[218] "N6414|dum_1|115498190|115499414|+|1224"    
[219] "_R_N6414|dum_9|74332951|74334177|+|1226"   
[220] "_R_N6414|dum_X1|144938717|144939943|+|1226"
[221] "_R_N6414|dum_1|107713222|107714445|+|1223" 
[222] "_R_N6414|dum_8|10457395|10458577|+|1182"   
[223] "_R_N6414|ten_3|240995863|240997032|+|1169" 
[224] "_R_N6414|bic_X1|117656720|117657963|+|1243"
[225] "_R_N6414|sar_X1|120263765|120264980|+|1215"
[226] "N6414|sar_1|112326819|112328057|+|1238"    
[227] "N6414|sar_3|121856204|121857442|+|1238"    
[228] "N6414|sar_10|140259921|140261163|+|1242"   
[229] "_R_N6414|sar_12|116371234|116372475|+|1241"
[230] "_R_N6414|sar_X2|103070218|103071459|+|1241"
[231] "N6414|sar_1|118227924|118229162|+|1238"    
[232] "_R_N6414|bic_2|4580918|4582159|+|1241"     
[233] "_R_N6414|sar_2|239902942|239904133|+|1191" 
[234] "_R_N6414|bic_2|94164486|94165724|+|1238"   
[235] "N6414|bic_10|10982157|10983385|+|1228"     
