jobinfo 30048887
getting scaled timeline
  [1] "_R_N6915|ten_5|198282079|198283132|+|1053" 
  [2] "N6915|ten_5|68796513|68797566|+|1053"      
  [3] "_R_N6915|ten_2|188595919|188596972|+|1053" 
  [4] "N6915|ten_10|179207038|179208091|+|1053"   
  [5] "_R_N6915|ten_3|227133845|227134898|+|1053" 
  [6] "_R_N6915|ten_3|224819152|224820205|+|1053" 
  [7] "_R_N6915|ten_2|21579827|21580880|+|1053"   
  [8] "N6915|ten_6|166248377|166249430|+|1053"    
  [9] "_R_N6915|ten_X2|96154548|96155601|+|1053"  
 [10] "N6915|ten_12|113973400|113974453|+|1053"   
 [11] "_R_N6915|ten_3|227096247|227097299|+|1052" 
 [12] "_R_N6915|ten_8|40077326|40078378|+|1052"   
 [13] "_R_N6915|ten_5|36108267|36109320|+|1053"   
 [14] "_R_N6915|ten_11|28188592|28189645|+|1053"  
 [15] "N6915|ten_10|11981483|11982536|+|1053"     
 [16] "N6915|ten_X2|61704231|61705274|+|1043"     
 [17] "_R_N6915|ten_3|239367721|239368774|+|1053" 
 [18] "_R_N6915|ten_4|173939746|173940799|+|1053" 
 [19] "_R_N6915|ten_11|74104791|74105844|+|1053"  
 [20] "N6915|ten_6|51530292|51531345|+|1053"      
 [21] "N6915|ten_7|150678229|150679284|+|1055"    
 [22] "_R_N6915|ten_2|2026474|2027527|+|1053"     
 [23] "_R_N6915|ten_1|154580690|154581743|+|1053" 
 [24] "N6915|ten_6|189728351|189729404|+|1053"    
 [25] "N6915|ten_6|200355847|200356900|+|1053"    
 [26] "N6915|ten_4|156700117|156701170|+|1053"    
 [27] "N6915|ten_6|100025879|100026932|+|1053"    
 [28] "N6915|ten_X1|151360046|151361099|+|1053"   
 [29] "_R_N6915|ten_6|174157227|174158280|+|1053" 
 [30] "N6915|ten_X1|88910856|88911909|+|1053"     
 [31] "N6915|ten_2|266329634|266330687|+|1053"    
 [32] "N6915|ten_3|158000265|158001318|+|1053"    
 [33] "N6915|ten_6|213644715|213645768|+|1053"    
 [34] "_R_N6915|ten_X2|184527187|184528240|+|1053"
 [35] "_R_N6915|ten_4|72708874|72709927|+|1053"   
 [36] "_R_N6915|ten_2|41144543|41145595|+|1052"   
 [37] "N6915|ten_2|226567951|226569004|+|1053"    
 [38] "N6915|ten_3|152728974|152730027|+|1053"    
 [39] "_R_N6915|ten_6|236824488|236825541|+|1053" 
 [40] "N6915|ten_5|32494623|32495676|+|1053"      
 [41] "N6915|ten_X1|82196999|82198052|+|1053"     
 [42] "_R_N6915|ten_X2|99142703|99143756|+|1053"  
 [43] "N6915|ten_X1|207567801|207568856|+|1055"   
 [44] "_R_N6915|ten_4|76898107|76899161|+|1054"   
 [45] "_R_N6915|ten_7|185343366|185344418|+|1052" 
 [46] "_R_N6915|ten_11|116229117|116230171|+|1054"
 [47] "_R_N6915|ten_11|116288757|116289811|+|1054"
 [48] "N6915|ten_11|2937882|2938936|+|1054"       
 [49] "_R_N6915|ten_4|77095978|77097031|+|1053"   
 [50] "N6915|ten_1|50759242|50760295|+|1053"      
 [51] "N6915|ten_10|163376736|163377789|+|1053"   
 [52] "N6915|ten_11|88307487|88308540|+|1053"     
 [53] "N6915|ten_2|11738489|11739542|+|1053"      
 [54] "_R_N6915|ten_3|224693649|224694702|+|1053" 
 [55] "_R_N6915|ten_3|224735025|224736078|+|1053" 
 [56] "N6915|ten_5|89123075|89124128|+|1053"      
 [57] "N6915|ten_6|75072459|75073512|+|1053"      
 [58] "N6915|ten_7|3266334|3267387|+|1053"        
 [59] "_R_N6915|ten_8|128115463|128116516|+|1053" 
 [60] "_R_N6915|ten_X2|86614882|86615935|+|1053"  
 [61] "N6915|ten_X2|178241849|178242902|+|1053"   
 [62] "_R_N6915|ten_4|78312951|78314004|+|1053"   
 [63] "N6915|ten_4|180185343|180186396|+|1053"    
 [64] "_R_N6915|ten_1|128107348|128108401|+|1053" 
 [65] "N6915|ten_10|179266902|179267955|+|1053"   
 [66] "N6915|ten_8|119890531|119891584|+|1053"    
 [67] "N6915|ten_4|180443286|180444339|+|1053"    
 [68] "_R_N6915|ten_1|176708776|176709827|+|1051" 
 [69] "_R_N6915|ten_11|102615974|102617027|+|1053"
 [70] "N6915|ten_6|211163273|211164326|+|1053"    
 [71] "_R_N6915|ten_9|67565680|67566733|+|1053"   
 [72] "_R_N6915|ten_X1|155238588|155239641|+|1053"
 [73] "N6915|ten_2|149328060|149329113|+|1053"    
 [74] "_R_N6915|ten_3|270269023|270270076|+|1053" 
 [75] "_R_N6915|ten_7|133402927|133403980|+|1053" 
 [76] "_R_N6915|ten_9|135356553|135357606|+|1053" 
 [77] "N6915|ten_4|177149352|177150405|+|1053"    
 [78] "_R_N6915|ten_2|171649433|171650461|+|1028" 
 [79] "N6915|ten_X1|235502947|235503998|+|1051"   
 [80] "N6915|ten_10|126492209|126493262|+|1053"   
 [81] "N6915|ten_10|93512040|93513092|+|1052"     
 [82] "N6915|ten_X1|119139760|119140811|+|1051"   
 [83] "_R_N6915|ten_10|178659064|178660117|+|1053"
 [84] "_R_N6915|ten_11|107160411|107161464|+|1053"
 [85] "_R_N6915|ten_11|107204521|107205574|+|1053"
 [86] "N6915|ten_7|42142874|42143928|+|1054"      
 [87] "_R_N6915|ten_2|232674714|232675766|+|1052" 
 [88] "_R_N6915|ten_7|46175748|46176798|+|1050"   
 [89] "N6915|ten_X1|60597328|60598377|+|1049"     
 [90] "N6915|ten_1|215303095|215304144|+|1049"    
 [91] "_R_N6915|ten_12|66112114|66113166|+|1052"  
 [92] "_R_N6915|ten_7|4127830|4128882|+|1052"     
 [93] "N6915|ten_7|4806879|4807931|+|1052"        
 [94] "_R_N6915|ten_7|3648774|3649823|+|1049"     
 [95] "N6915|ten_8|38281079|38282155|+|1076"      
 [96] "_R_N6915|ten_1|101321546|101322599|+|1053" 
 [97] "N6915|ten_6|230401158|230402207|+|1049"    
 [98] "_R_N6915|ten_6|165059803|165060852|+|1049" 
 [99] "N6915|ten_5|109324368|109325418|+|1050"    
[100] "_R_N6915|ten_5|109919890|109920940|+|1050" 
[101] "N6915|dum_5|37303419|37304469|+|1050"      
[102] "_R_N6915|ten_5|188385911|188386961|+|1050" 
[103] "N6915|dum_7|1773945|1774994|+|1049"        
[104] "_R_N6915|dum_2|252919074|252920122|+|1048" 
[105] "N6915|dum_7|82394799|82395848|+|1049"      
[106] "_R_N6915|dum_X2|74151443|74152493|+|1050"  
[107] "N6915|dum_11|68680637|68681686|+|1049"     
[108] "_R_N6915|dum_2|77624075|77625099|+|1024"   
[109] "_R_N6915|ten_2|81812900|81813947|+|1047"   
[110] "N6915|dum_X2|25128413|25129460|+|1047"     
[111] "_R_N6915|dum_10|58139388|58140434|+|1046"  
[112] "_R_N6915|dum_1|258358420|258359466|+|1046" 
[113] "_R_N6915|dum_8|10716678|10717723|+|1045"   
[114] "_R_N6915|dum_8|114334117|114335163|+|1046" 
[115] "_R_N6915|dum_10|140952719|140953765|+|1046"
[116] "N6915|dum_10|186646559|186647607|+|1048"   
[117] "_R_N6915|dum_4|86265872|86266919|+|1047"   
[118] "_R_N6915|dum_8|105640839|105641886|+|1047" 
[119] "_R_N6915|dum_4|73638840|73639901|+|1061"   
[120] "N6915|dum_3|140197285|140198333|+|1048"    
[121] "N6915|dum_1|162120970|162122025|+|1055"    
[122] "N6915|dum_8|126426862|126427906|+|1044"    
[123] "N6915|dum_8|126490311|126491355|+|1044"    
[124] "N6915|dum_6|34294504|34295554|+|1050"      
[125] "N6915|dum_3|145637480|145638529|+|1049"    
[126] "N6915|dum_11|54626788|54627838|+|1050"     
[127] "N6915|dum_11|25006984|25008031|+|1047"     
[128] "_R_N6915|dum_11|26299860|26300910|+|1050"  
[129] "_R_N6915|ten_5|90673264|90674313|+|1049"   
[130] "N6915|ten_X2|114493094|114494143|+|1049"   
[131] "N6915|ten_1|267417485|267418536|+|1051"    
[132] "_R_N6915|ten_3|150867440|150868254|+|814"  
[133] "_R_N6915|dum_2|227267645|227268444|+|799"  
[134] "N6915|dum_11|108571523|108572325|+|802"    
[135] "_R_N6915|ten_6|202050896|202051698|+|802"  
[136] "_R_N6915|ten_9|123560460|123561262|+|802"  
[137] "N6915|ten_4|36440155|36440956|+|801"       
[138] "N6915|ten_12|90214551|90215350|+|799"      
[139] "N6915|dum_1|295053464|295054264|+|800"     
[140] "_R_N6915|dum_3|233846539|233847339|+|800"  
[141] "N6915|dum_5|142836710|142837509|+|799"     
[142] "_R_N6915|dum_X1|184854790|184855589|+|799" 
[143] "_R_N6915|dum_12|83389680|83390482|+|802"   
[144] "N6915|dum_3|32369946|32370745|+|799"       
[145] "_R_N6915|dum_7|92354070|92354869|+|799"    
[146] "_R_N6915|dum_4|28962905|28963703|+|798"    
[147] "_R_N6915|dum_9|106573883|106574684|+|801"  
[148] "_R_N6915|dum_8|34983742|34984543|+|801"    
[149] "_R_N6915|dum_5|85626995|85627796|+|801"    
[150] "N6915|dum_7|68113790|68114591|+|801"       
[151] "N6915|dum_1|205937948|205938749|+|801"     
[152] "_R_N6915|dum_4|168307261|168308062|+|801"  
[153] "_R_N6915|dum_9|112774057|112774857|+|800"  
[154] "N6915|dum_X2|114077585|114078385|+|800"    
[155] "N6915|dum_1|149314183|149314983|+|800"     
