jobinfo 30048852
getting scaled timeline
 [1] "N6831|ten_5|176261617|176266976|+|5359"    
 [2] "_R_N6831|ten_1|157105479|157110310|+|4831" 
 [3] "N6831|ten_8|191527314|191532657|+|5343"    
 [4] "_R_N6831|ten_10|145871897|145877230|+|5333"
 [5] "_R_N6831|ten_12|32615681|32621026|+|5345"  
 [6] "_R_N6831|ten_10|78592997|78598355|+|5358"  
 [7] "N6831|ten_1|133301358|133306722|+|5364"    
 [8] "_R_N6831|ten_7|20781204|20786573|+|5369"   
 [9] "_R_N6831|ten_10|32858765|32864083|+|5318"  
[10] "_R_N6831|ten_6|48043458|48048766|+|5308"   
[11] "N6831|ten_X2|101035995|101041319|+|5324"   
[12] "N6831|ten_12|8211363|8216691|+|5328"       
[13] "_R_N6831|ten_10|109149155|109154504|+|5349"
[14] "_R_N6831|ten_9|49719962|49725316|+|5354"   
[15] "N6831|ten_11|112626998|112632353|+|5355"   
[16] "_R_N6831|ten_4|228836201|228841556|+|5355" 
[17] "_R_N6831|ten_5|44377917|44383275|+|5358"   
[18] "N6831|ten_1|258116437|258121076|+|4639"    
[19] "N6831|ten_2|266084565|266089922|+|5357"    
[20] "N6831|ten_2|261159335|261164695|+|5360"    
[21] "_R_N6831|ten_7|19810448|19815808|+|5360"   
[22] "N6831|ten_10|108717462|108722822|+|5360"   
[23] "N6831|ten_4|206024944|206030301|+|5357"    
[24] "_R_N6831|ten_4|226129433|226134782|+|5349" 
[25] "_R_N6831|ten_1|188776206|188781562|+|5356" 
[26] "N6831|ten_1|175238842|175243864|+|5022"    
[27] "N6831|ten_6|212347971|212353332|+|5361"    
[28] "N6831|ten_3|5785784|5791145|+|5361"        
[29] "N6831|ten_8|131893723|131898297|+|4574"    
[30] "N6831|ten_2|21140809|21146186|+|5377"      
[31] "N6831|ten_4|226899896|226905260|+|5364"    
[32] "_R_N6831|ten_9|1332570|1337927|+|5357"     
[33] "N6831|ten_X2|78546054|78551412|+|5358"     
[34] "N6831|ten_8|105170869|105176228|+|5359"    
[35] "N6831|ten_6|217229689|217235037|+|5348"    
[36] "_R_N6831|ten_4|228360075|228365428|+|5353" 
[37] "N6831|ten_10|166902411|166907787|+|5376"   
[38] "N6831|ten_6|65297248|65302601|+|5353"      
[39] "_R_N6831|ten_12|87673889|87679243|+|5354"  
[40] "_R_N6831|ten_4|224886348|224891707|+|5359" 
[41] "N6831|ten_7|85186398|85191755|+|5357"      
[42] "N6831|ten_X1|175208748|175214103|+|5355"   
[43] "_R_N6831|ten_8|7444910|7450268|+|5358"     
[44] "N6831|ten_8|180832261|180837620|+|5359"    
[45] "_R_N6831|ten_X1|174227263|174232613|+|5350"
[46] "N6831|ten_3|57021323|57026530|+|5207"      
[47] "_R_N6831|ten_8|190416724|190422078|+|5354" 
[48] "N6831|ten_2|226959666|226965018|+|5352"    
[49] "N6831|ten_1|101108293|101113677|+|5384"    
