jobinfo 30048606
getting scaled timeline
  [1] "_R_N176|dum_X1|152532410|152534034|+|1624"
  [2] "_R_N176|dum_X1|253271241|253272855|+|1614"
  [3] "N176|dum_2|10021898|10023525|+|1627"      
  [4] "_R_N176|dum_4|39412366|39413996|+|1630"   
  [5] "_R_N176|dum_9|35925608|35926955|+|1347"   
  [6] "N176|dum_9|35932076|35933701|+|1625"      
  [7] "_R_N176|dum_2|18180474|18182104|+|1630"   
  [8] "_R_N176|dum_2|282793834|282795377|+|1543" 
  [9] "N176|dum_5|211247160|211248673|+|1513"    
 [10] "_R_N176|dum_1|44148059|44149642|+|1583"   
 [11] "N176|dum_2|148951392|148952974|+|1582"    
 [12] "_R_N176|dum_5|10275496|10277079|+|1583"   
 [13] "N176|dum_9|154150272|154151830|+|1558"    
 [14] "_R_N176|ten_9|25740330|25741889|+|1559"   
 [15] "N176|dum_7|170489068|170490644|+|1576"    
 [16] "N176|dum_8|118282283|118283936|+|1653"    
 [17] "N176|dum_8|118287950|118289604|+|1654"    
 [18] "N176|dum_8|118265449|118267105|+|1656"    
 [19] "N176|dum_8|118271106|118272622|+|1516"    
 [20] "N176|dum_8|118276621|118278276|+|1655"    
 [21] "N176|dum_4|18644463|18646034|+|1571"      
 [22] "_R_N176|dum_6|209534404|209536003|+|1599" 
 [23] "_R_N176|dum_9|55901441|55903022|+|1581"   
 [24] "N176|dum_1|204050354|204051918|+|1564"    
 [25] "_R_N176|dum_1|237025398|237026987|+|1589" 
 [26] "_R_N176|dum_1|237033726|237035303|+|1577" 
 [27] "_R_N176|dum_4|221597015|221598603|+|1588" 
 [28] "N176|dum_1|227522116|227523708|+|1592"    
 [29] "_R_N176|dum_6|226370252|226371784|+|1532" 
 [30] "N176|dum_4|117351729|117353366|+|1637"    
 [31] "N176|dum_4|117356639|117358272|+|1633"    
 [32] "N176|ten_12|12420998|12422628|+|1630"     
 [33] "N176|dum_10|59297658|59299303|+|1645"     
 [34] "N176|dum_5|126792394|126794029|+|1635"    
 [35] "N176|dum_X1|124086338|124087965|+|1627"   
 [36] "_R_N176|dum_X2|183788070|183789720|+|1650"
 [37] "_R_N176|dum_6|35746263|35747951|+|1688"   
 [38] "N176|dum_9|90906317|90908007|+|1690"      
 [39] "N176|dum_8|183404754|183406445|+|1691"    
 [40] "N176|dum_4|166210902|166212300|+|1398"    
 [41] "N176|dum_3|182970133|182971710|+|1577"    
 [42] "_R_N176|dum_4|166209305|166210763|+|1458" 
 [43] "N176|dum_3|272662787|272664374|+|1587"    
 [44] "N176|dum_8|26719333|26720917|+|1584"      
 [45] "N176|dum_4|21646114|21647804|+|1690"      
 [46] "_R_N176|dum_5|182067446|182069136|+|1690" 
 [47] "_R_N176|dum_10|113482712|113484295|+|1583"
 [48] "N176|dum_6|199972958|199974532|+|1574"    
 [49] "_R_N176|dum_12|93969765|93971334|+|1569"  
 [50] "N176|dum_2|38977713|38979291|+|1578"      
 [51] "N176|dum_X1|85585488|85587060|+|1572"     
 [52] "N176|dum_11|102212618|102214190|+|1572"   
 [53] "N176|dum_3|251736174|251737748|+|1574"    
 [54] "N176|dum_11|102207801|102209375|+|1574"   
 [55] "N176|dum_11|102217438|102219012|+|1574"   
 [56] "_R_N176|dum_6|225927808|225929489|+|1681" 
 [57] "N176|dum_3|258774790|258776430|+|1640"    
 [58] "N176|dum_11|58820654|58822229|+|1575"     
 [59] "N176|dum_11|58825472|58827048|+|1576"     
 [60] "N176|dum_8|45715652|45717229|+|1577"      
 [61] "N176|dum_X1|207227724|207229298|+|1574"   
 [62] "N176|dum_6|50845741|50847266|+|1525"      
 [63] "N176|dum_3|168373509|168375092|+|1583"    
 [64] "_R_N176|dum_8|181359022|181360697|+|1675" 
 [65] "_R_N176|ten_8|169657814|169659490|+|1676" 
 [66] "_R_N176|dum_1|71034137|71035673|+|1536"   
 [67] "_R_N176|dum_12|21469856|21471419|+|1563"  
 [68] "N176|dum_2|34966919|34968498|+|1579"      
 [69] "N176|dum_X2|72035769|72037409|+|1640"     
 [70] "_R_N176|dum_X1|141270057|141271616|+|1559"
 [71] "_R_N176|dum_2|14180779|14182352|+|1573"   
 [72] "N176|dum_2|14262003|14263570|+|1567"      
 [73] "_R_N176|dum_2|14260687|14261997|+|1310"   
 [74] "_R_N176|dum_1|122888663|122890213|+|1550" 
 [75] "_R_N176|dum_X1|220438374|220439923|+|1549"
 [76] "_R_N176|dum_X1|220443927|220445477|+|1550"
 [77] "N176|dum_1|105123867|105125375|+|1508"    
 [78] "N176|dum_1|105129442|105130950|+|1508"    
 [79] "N176|dum_1|105118291|105119801|+|1510"    
 [80] "N176|dum_1|105135018|105136531|+|1513"    
 [81] "N176|dum_5|201913995|201915531|+|1536"    
 [82] "_R_N176|dum_X1|248613299|248614846|+|1547"
 [83] "_R_N176|dum_X1|248630010|248631558|+|1548"
 [84] "_R_N176|dum_X1|248607726|248609275|+|1549"
 [85] "_R_N176|dum_X1|248624437|248625986|+|1549"
 [86] "_R_N176|dum_X1|248635577|248637126|+|1549"
 [87] "_R_N176|dum_X1|248641147|248642694|+|1547"
 [88] "_R_N176|dum_X1|248596587|248598135|+|1548"
 [89] "_R_N176|dum_X1|248602157|248603703|+|1546"
 [90] "_R_N176|dum_X1|248618868|248620414|+|1546"
 [91] "_R_N176|dum_X1|248591026|248592573|+|1547"
 [92] "_R_N176|dum_1|118880969|118882529|+|1560" 
 [93] "_R_N176|dum_3|51015363|51016916|+|1553"   
 [94] "_R_N176|dum_3|51054448|51056001|+|1553"   
 [95] "N176|dum_6|183240448|183241963|+|1515"    
 [96] "_R_N176|dum_X2|35846972|35848531|+|1559"  
 [97] "N176|dum_5|114555805|114557337|+|1532"    
 [98] "N176|dum_5|114570652|114572184|+|1532"    
 [99] "N176|dum_5|114560753|114562284|+|1531"    
[100] "N176|dum_5|114565700|114567236|+|1536"    
[101] "N176|dum_5|114550865|114552388|+|1523"    
[102] "N176|dum_X2|197752849|197754389|+|1540"   
[103] "_R_N176|dum_X1|10586605|10588177|+|1572"  
[104] "N176|dum_4|93828281|93829798|+|1517"      
[105] "N176|dum_4|20262298|20263816|+|1518"      
[106] "N176|dum_5|105386370|105387887|+|1517"    
[107] "N176|dum_X1|31541278|31542815|+|1537"     
[108] "N176|dum_5|200127661|200129176|+|1515"    
[109] "_R_N176|ten_9|140394322|140395591|+|1269" 
[110] "_R_N176|dum_10|81175194|81176750|+|1556"  
[111] "_R_N176|dum_11|124716710|124718255|+|1545"
[112] "N176|dum_8|187488750|187490306|+|1556"    
[113] "_R_N176|dum_2|274844481|274846058|+|1577" 
[114] "_R_N176|dum_10|89122264|89123841|+|1577"  
[115] "_R_N176|dum_3|176558053|176559626|+|1573" 
[116] "_R_N176|dum_1|211584205|211585757|+|1552" 
[117] "_R_N176|dum_1|211589723|211591277|+|1554" 
[118] "_R_N176|dum_7|171758953|171760508|+|1555" 
[119] "_R_N176|dum_6|114580037|114581680|+|1643" 
[120] "_R_N176|dum_X2|81486657|81488213|+|1556"  
[121] "_R_N176|dum_5|47958871|47960436|+|1565"   
[122] "_R_N176|dum_5|69292084|69293538|+|1454"   
[123] "N176|dum_6|123326986|123328507|+|1521"    
[124] "N176|dum_1|32687016|32688595|+|1579"      
