jobinfo 30048998
getting scaled timeline
  [1] "_R_N8461|ten_X2|116406277|116407520|+|1243"
  [2] "N8461|ten_8|180911574|180912817|+|1243"    
  [3] "N8461|ten_7|94081647|94082890|+|1243"      
  [4] "_R_N8461|ten_7|34994757|34996000|+|1243"   
  [5] "_R_N8461|ten_11|24850198|24851441|+|1243"  
  [6] "N8461|ten_1|274225662|274226905|+|1243"    
  [7] "_R_N8461|ten_1|209808541|209809784|+|1243" 
  [8] "_R_N8461|ten_1|161767739|161768982|+|1243" 
  [9] "_R_N8461|ten_1|139760425|139761668|+|1243" 
 [10] "N8461|ten_2|160749162|160750405|+|1243"    
 [11] "_R_N8461|ten_3|138070003|138071246|+|1243" 
 [12] "N8461|ten_X1|51565594|51566837|+|1243"     
 [13] "N8461|ten_11|73705460|73706703|+|1243"     
 [14] "N8461|ten_8|141985458|141986701|+|1243"    
 [15] "_R_N8461|ten_8|75037603|75038846|+|1243"   
 [16] "N8461|dum_11|51894093|51895336|+|1243"     
 [17] "N8461|dum_X1|196079178|196080421|+|1243"   
 [18] "_R_N8461|ten_6|198136704|198137946|+|1242" 
 [19] "_R_N8461|dum_3|14700427|14701670|+|1243"   
 [20] "N8461|ten_X1|193315677|193316920|+|1243"   
 [21] "_R_N8461|ten_7|114312876|114314119|+|1243" 
 [22] "_R_N8461|dum_11|138008013|138009256|+|1243"
 [23] "N8461|dum_10|172845014|172846253|+|1239"   
 [24] "_R_N8461|dum_4|149308625|149309867|+|1242" 
 [25] "N8461|dum_4|711940|713183|+|1243"          
 [26] "N8461|dum_4|2176175|2177418|+|1243"        
 [27] "_R_N8461|dum_10|93690901|93692144|+|1243"  
 [28] "N8461|dum_9|68301008|68302251|+|1243"      
 [29] "N8461|dum_3|167362999|167364242|+|1243"    
 [30] "_R_N8461|dum_3|167350998|167352243|+|1245" 
 [31] "_R_N8461|dum_10|50896628|50897870|+|1242"  
 [32] "N8461|ten_1|104122829|104124072|+|1243"    
 [33] "N8461|ten_5|153086827|153088070|+|1243"    
 [34] "N8461|ten_3|67205499|67206742|+|1243"      
 [35] "_R_N8461|ten_5|16617055|16618298|+|1243"   
 [36] "N8461|ten_5|210433543|210434786|+|1243"    
 [37] "_R_N8461|dum_1|282171550|282172793|+|1243" 
 [38] "_R_N8461|ten_1|276420071|276421314|+|1243" 
 [39] "_R_N8461|dum_7|162142658|162143901|+|1243" 
 [40] "_R_N8461|dum_7|154649931|154651055|+|1124" 
 [41] "N8461|ten_10|114488858|114490101|+|1243"   
 [42] "_R_N8461|dum_4|190988502|190989746|+|1244" 
 [43] "_R_N8461|dum_6|157641197|157642441|+|1244" 
 [44] "N8461|ten_2|137318712|137319800|+|1088"    
 [45] "_R_N8461|ten_3|181394182|181395429|+|1247" 
 [46] "N8461|ten_4|108460808|108462072|+|1264"    
 [47] "_R_N8461|dum_4|84892820|84894064|+|1244"   
 [48] "N8461|ten_4|48965253|48966498|+|1245"      
 [49] "_R_N8461|dum_10|174502037|174503285|+|1248"
 [50] "_R_N8461|dum_11|17895873|17897115|+|1242"  
 [51] "N8461|dum_11|67752480|67753724|+|1244"     
 [52] "_R_N8461|ten_4|57271048|57272293|+|1245"   
 [53] "N8461|dum_11|59413469|59414713|+|1244"     
 [54] "_R_N8461|ten_11|96275604|96276847|+|1243"  
 [55] "_R_N8461|ten_7|114299193|114300436|+|1243" 
 [56] "N8461|ten_1|274368699|274369942|+|1243"    
 [57] "_R_N8461|ten_3|86255844|86257087|+|1243"   
 [58] "_R_N8461|dum_4|36865588|36866831|+|1243"   
 [59] "_R_N8461|ten_1|149376479|149377722|+|1243" 
 [60] "_R_N8461|dum_8|123841332|123842571|+|1239" 
 [61] "N8461|dum_8|123848814|123850053|+|1239"    
 [62] "_R_N8461|dum_8|123831640|123832879|+|1239" 
 [63] "N8461|dum_8|123838680|123839919|+|1239"    
 [64] "_R_N8461|dum_X2|130478756|130479999|+|1243"
 [65] "N8461|dum_4|117839840|117841083|+|1243"    
 [66] "_R_N8461|dum_12|41317741|41318984|+|1243"  
 [67] "N8461|dum_4|103188030|103189271|+|1241"    
 [68] "_R_N8461|dum_4|103595828|103597069|+|1241" 
 [69] "_R_N8461|dum_7|118686117|118687356|+|1239" 
 [70] "_R_N8461|dum_4|12826524|12827763|+|1239"   
 [71] "_R_N8461|dum_4|45251455|45252694|+|1239"   
 [72] "_R_N8461|dum_X1|43101093|43102333|+|1240"  
 [73] "N8461|dum_10|99050122|99051365|+|1243"     
 [74] "N8461|dum_X1|159611678|159612921|+|1243"   
 [75] "N8461|dum_8|18416743|18417986|+|1243"      
 [76] "N8461|dum_2|10473592|10474835|+|1243"      
 [77] "_R_N8461|dum_6|228912645|228913888|+|1243" 
 [78] "N8461|dum_6|228920290|228921533|+|1243"    
 [79] "N8461|ten_X2|124515683|124516926|+|1243"   
 [80] "_R_N8461|ten_X2|124507930|124509173|+|1243"
 [81] "N8461|ten_1|204849276|204850519|+|1243"    
 [82] "_R_N8461|ten_1|204841270|204842498|+|1228" 
 [83] "_R_N8461|dum_3|219345038|219346281|+|1243" 
 [84] "N8461|dum_3|219353034|219354277|+|1243"    
 [85] "_R_N8461|dum_8|11489253|11490496|+|1243"   
 [86] "N8461|dum_8|100468128|100469371|+|1243"    
 [87] "N8461|ten_3|62541136|62542379|+|1243"      
 [88] "N8461|dum_4|65625910|65627152|+|1242"      
 [89] "_R_N8461|ten_1|45909802|45911045|+|1243"   
 [90] "_R_N8461|dum_11|33589722|33590964|+|1242"  
 [91] "N8461|dum_X2|35896441|35897684|+|1243"     
 [92] "N8461|dum_7|129480236|129481479|+|1243"    
 [93] "_R_N8461|dum_X1|122483518|122484761|+|1243"
 [94] "N8461|dum_X1|122490843|122492086|+|1243"   
 [95] "_R_N8461|dum_4|62633076|62634319|+|1243"   
 [96] "N8461|dum_4|62641235|62642478|+|1243"      
 [97] "_R_N8461|dum_7|78015341|78016585|+|1244"   
 [98] "N8461|ten_X1|209807271|209808514|+|1243"   
 [99] "N8461|dum_6|175609408|175610651|+|1243"    
[100] "N8461|dum_11|16046432|16047675|+|1243"     
[101] "N8461|ten_12|43198533|43199776|+|1243"     
[102] "_R_N8461|dum_4|180431491|180432734|+|1243" 
[103] "_R_N8461|dum_X1|163477674|163478704|+|1030"
[104] "_R_N8461|ten_X1|143654485|143655515|+|1030"
[105] "_R_N8461|dum_10|179900080|179901323|+|1243"
[106] "_R_N8461|dum_4|225233908|225235151|+|1243" 
[107] "N8461|ten_4|15567309|15568552|+|1243"      
[108] "N8461|ten_6|144581548|144582793|+|1245"    
[109] "_R_N8461|ten_10|177061956|177063199|+|1243"
[110] "_R_N8461|ten_4|35729739|35730980|+|1241"   
[111] "_R_N8461|dum_11|55286020|55287255|+|1235"  
[112] "N8461|dum_12|49277845|49279070|+|1225"     
[113] "_R_N8461|ten_8|69517035|69518278|+|1243"   
[114] "_R_N8461|dum_3|176941252|176942270|+|1018" 
[115] "_R_N8461|ten_7|192687853|192689116|+|1263" 
[116] "N8461|dum_12|77400743|77401985|+|1242"     
[117] "N8461|ten_12|83505055|83506297|+|1242"     
[118] "N8461|ten_8|8632979|8634214|+|1235"        
[119] "N8461|ten_8|8652878|8654113|+|1235"        
[120] "N8461|ten_8|8638283|8639517|+|1234"        
[121] "N8461|ten_8|8645582|8646816|+|1234"        
[122] "N8461|ten_8|8685587|8686821|+|1234"        
[123] "N8461|ten_8|8663786|8665000|+|1214"        
[124] "N8461|ten_8|8667416|8668630|+|1214"        
[125] "N8461|ten_8|8671046|8672260|+|1214"        
[126] "N8461|ten_8|8674676|8675890|+|1214"        
[127] "N8461|ten_8|8656524|8657739|+|1215"        
[128] "N8461|ten_8|8681957|8683172|+|1215"        
[129] "N8461|ten_8|8660155|8661370|+|1215"        
[130] "N8461|ten_8|8689239|8690472|+|1233"        
[131] "N8461|ten_8|8641934|8643165|+|1231"        
[132] "N8461|ten_8|8678307|8679538|+|1231"        
[133] "N8461|ten_8|8649232|8650463|+|1231"        
[134] "N8461|dum_8|10322689|10323666|+|977"       
[135] "_R_N8461|bic_2|191593726|191594945|+|1219" 
[136] "N8461|bic_3|90106204|90107354|+|1150"      
[137] "N8461|mim_11|112379523|112380783|+|1260"   
[138] "N8461|mim_12|160112763|160113749|+|986"    
[139] "_R_N8461|dum_3|106928471|106929599|+|1128" 
[140] "_R_N8461|ten_3|102234186|102235314|+|1128" 
[141] "N8461|ten_1|175654720|175655937|+|1217"    
[142] "_R_N8461|ten_1|176384935|176386154|+|1219" 
[143] "N8461|mim_1|22510127|22511142|+|1015"      
[144] "_R_N8461|bic_X2|117433698|117434928|+|1230"
[145] "_R_N8461|sar_X2|148312195|148313418|+|1223"
[146] "_R_N8461|dum_X2|129238945|129240099|+|1154"
[147] "_R_N8461|ten_X2|93029228|93030413|+|1185"  
[148] "N8461|lin_8|105101469|105102496|+|1027"    
[149] "N8461|bic_3|85989652|85990753|+|1101"      
[150] "N8461|sar_3|51675000|51676238|+|1238"      
[151] "N8461|bic_8|207096538|207097776|+|1238"    
[152] "_R_N8461|sar_12|106846425|106847659|+|1234"
[153] "N8461|bic_3|130735890|130737130|+|1240"    
[154] "_R_N8461|bic_9|102132069|102133309|+|1240" 
[155] "N8461|sar_X1|102514873|102516113|+|1240"   
[156] "N8461|bic_9|14582240|14583481|+|1241"      
[157] "_R_N8461|sar_10|60170935|60172172|+|1237"  
[158] "_R_N8461|mim_12|31965961|31967200|+|1239"  
[159] "N8461|mim_9|67003339|67004577|+|1238"      
[160] "_R_N8461|mim_14|188847063|188848302|+|1239"
[161] "N8461|mim_14|188855675|188856914|+|1239"   
[162] "_R_N8461|mim_9|168491397|168492636|+|1239" 
[163] "_R_N8461|mim_X1|171128747|171129986|+|1239"
[164] "_R_N8461|mim_11|13111466|13112695|+|1229"  
[165] "N8461|mim_13|104111023|104112262|+|1239"   
[166] "N8461|mim_X2|136190737|136191976|+|1239"   
[167] "_R_N8461|mim_14|203649151|203650380|+|1229"
[168] "_R_N8461|bic_13|149774121|149775166|+|1045"
[169] "N8461|bic_9|77906490|77907708|+|1218"      
[170] "_R_N8461|sar_9|180705081|180706320|+|1239" 
[171] "N8461|bic_X1|97453707|97454914|+|1207"     
[172] "_R_N8461|bic_12|114045559|114046795|+|1236"
[173] "N8461|dum_1|147375993|147377113|+|1120"    
[174] "N8461|ten_6|219302118|219303346|+|1228"    
[175] "_R_N8461|lin_18|16054610|16055850|+|1240"  
[176] "N8461|mim_13|160559554|160560576|+|1022"   
[177] "_R_N8461|lin_X2|27796260|27797495|+|1235"  
[178] "N8461|lin_19|50379881|50381118|+|1237"     
[179] "N8461|lin_X1|112748433|112749668|+|1235"   
[180] "_R_N8461|dum_4|102918365|102919458|+|1093" 
[181] "N8461|ten_4|129134940|129136185|+|1245"    
[182] "N8461|dum_1|147132974|147134210|+|1236"    
[183] "_R_N8461|lin_14|558418|559645|+|1227"      
[184] "_R_N8461|lin_14|589672|590899|+|1227"      
[185] "_R_N8461|lin_14|620926|622153|+|1227"      
[186] "_R_N8461|lin_19|43547720|43548941|+|1221"  
[187] "N8461|lin_19|44175228|44176448|+|1220"     
[188] "N8461|bic_11|5361018|5361998|+|980"        
[189] "_R_N8461|sar_11|218536604|218537564|+|960" 
[190] "N8461|bic_11|5344322|5345301|+|979"        
