jobinfo 30048654
getting scaled timeline
  [1] "_R_N2639|dum_12|122086345|122087856|+|1511"
  [2] "_R_N2639|dum_12|122083191|122084702|+|1511"
  [3] "_R_N2639|dum_12|122249408|122250919|+|1511"
  [4] "_R_N2639|dum_12|122262076|122263587|+|1511"
  [5] "_R_N2639|dum_12|122296869|122298380|+|1511"
  [6] "_R_N2639|dum_12|122255738|122257250|+|1512"
  [7] "_R_N2639|dum_12|122281048|122282560|+|1512"
  [8] "_R_N2639|dum_12|122252572|122254084|+|1512"
  [9] "_R_N2639|dum_12|122271565|122273075|+|1510"
 [10] "_R_N2639|dum_12|122277886|122279396|+|1510"
 [11] "_R_N2639|dum_12|122258905|122260423|+|1518"
 [12] "_R_N2639|dum_12|122102136|122103642|+|1506"
 [13] "_R_N2639|dum_12|122105292|122106798|+|1506"
 [14] "_R_N2639|dum_12|122064236|122065742|+|1506"
 [15] "_R_N2639|dum_12|122152377|122153887|+|1510"
 [16] "_R_N2639|dum_12|122205105|122206611|+|1506"
 [17] "_R_N2639|dum_12|122300033|122301539|+|1506"
 [18] "_R_N2639|dum_12|122039198|122040703|+|1505"
 [19] "_R_N2639|dum_12|122061076|122062581|+|1505"
 [20] "_R_N2639|dum_12|122198774|122200279|+|1505"
 [21] "_R_N2639|dum_12|122076881|122078384|+|1503"
 [22] "_R_N2639|dum_12|122080036|122081540|+|1504"
 [23] "_R_N2639|dum_12|122274727|122276232|+|1505"
 [24] "_R_N2639|dum_12|122089500|122091019|+|1519"
 [25] "_R_N2639|dum_12|122143001|122144528|+|1527"
 [26] "_R_N2639|dum_12|122303193|122304739|+|1546"
 [27] "_R_N2639|dum_12|122322190|122323697|+|1507"
 [28] "_R_N2639|dum_12|122287379|122288888|+|1509"
 [29] "_R_N2639|dum_12|122290541|122292050|+|1509"
 [30] "_R_N2639|dum_12|122293704|122295214|+|1510"
 [31] "_R_N2639|dum_12|122319016|122320538|+|1522"
 [32] "_R_N2639|dum_12|122334832|122336345|+|1513"
 [33] "_R_N2639|dum_12|122306395|122307897|+|1502"
 [34] "_R_N2639|dum_12|122309548|122311051|+|1503"
 [35] "_R_N2639|dum_12|122312702|122314204|+|1502"
 [36] "_R_N2639|dum_12|122315857|122317362|+|1505"
 [37] "_R_N2639|dum_12|122284214|122285723|+|1509"
 [38] "_R_N2639|dum_12|122265241|122266754|+|1513"
 [39] "_R_N2639|dum_12|122325347|122326860|+|1513"
 [40] "_R_N2639|dum_12|122070557|122072070|+|1513"
 [41] "_R_N2639|dum_12|122073719|122075231|+|1512"
 [42] "_R_N2639|dum_12|122236752|122238256|+|1504"
 [43] "_R_N2639|dum_12|122243080|122244584|+|1504"
 [44] "_R_N2639|dum_12|122268406|122269910|+|1504"
 [45] "_R_N2639|dum_12|122067397|122068901|+|1504"
 [46] "_R_N2639|dum_12|122098971|122100486|+|1515"
 [47] "_R_N2639|dum_12|122341134|122342649|+|1515"
 [48] "_R_N2639|dum_12|122239910|122241425|+|1515"
 [49] "_R_N2639|dum_12|122117909|122119421|+|1512"
 [50] "_R_N2639|dum_12|122121067|122122581|+|1514"
 [51] "_R_N2639|dum_12|122130470|122131985|+|1515"
 [52] "_R_N2639|dum_12|122124226|122125734|+|1508"
 [53] "_R_N2639|dum_12|122133629|122135137|+|1508"
 [54] "_R_N2639|dum_12|122108449|122109957|+|1508"
 [55] "_R_N2639|dum_12|122114765|122116273|+|1508"
 [56] "_R_N2639|dum_12|122186123|122187629|+|1506"
 [57] "_R_N2639|dum_12|122192439|122193942|+|1503"
 [58] "_R_N2639|dum_12|122092667|122094173|+|1506"
 [59] "_R_N2639|dum_12|122182968|122184471|+|1503"
 [60] "_R_N2639|dum_12|122189282|122190786|+|1504"
 [61] "_R_N2639|dum_12|122217746|122219249|+|1503"
 [62] "_R_N2639|dum_12|122208263|122209764|+|1501"
 [63] "_R_N2639|dum_12|122211415|122212919|+|1504"
 [64] "_R_N2639|dum_12|122095817|122097326|+|1509"
 [65] "_R_N2639|dum_12|122111606|122113115|+|1509"
 [66] "_R_N2639|dum_12|122139877|122141386|+|1509"
 [67] "_R_N2639|dum_12|122179809|122181317|+|1508"
 [68] "_R_N2639|dum_12|122331672|122333179|+|1507"
 [69] "_R_N2639|dum_12|122167313|122168816|+|1503"
 [70] "_R_N2639|dum_12|122161814|122163321|+|1507"
 [71] "_R_N2639|dum_12|122149275|122150782|+|1507"
 [72] "_R_N2639|dum_12|122048596|122050103|+|1507"
 [73] "_R_N2639|dum_12|122054840|122056347|+|1507"
 [74] "_R_N2639|dum_12|122042358|122043863|+|1505"
 [75] "_R_N2639|dum_12|122127350|122128858|+|1508"
 [76] "_R_N2639|dum_12|122136752|122138262|+|1510"
 [77] "_R_N2639|dum_12|122233588|122235098|+|1510"
 [78] "_R_N2639|dum_12|122176688|122178196|+|1508"
 [79] "_R_N2639|dum_12|122337974|122339488|+|1514"
 [80] "_R_N2639|dum_12|122344302|122345820|+|1518"
 [81] "_R_N2639|dum_12|122328512|122330018|+|1506"
 [82] "_R_N2639|dum_12|122246239|122247754|+|1515"
 [83] "_R_N2639|dum_12|122170460|122171963|+|1503"
 [84] "_R_N2639|dum_12|122173577|122175080|+|1503"
 [85] "_R_N2639|dum_12|122230417|122231936|+|1519"
 [86] "_R_N2639|dum_12|122356947|122358456|+|1509"
 [87] "_R_N2639|dum_12|122363268|122364777|+|1509"
 [88] "_R_N2639|dum_12|122350619|122352137|+|1518"
 [89] "_R_N2639|dum_12|122224072|122225592|+|1520"
 [90] "_R_N2639|dum_12|122227244|122228765|+|1521"
 [91] "_R_N2639|dum_12|122220899|122222416|+|1517"
 [92] "_R_N2639|dum_12|122214574|122216091|+|1517"
 [93] "_R_N2639|dum_12|122195595|122197115|+|1520"
 [94] "_R_N2639|dum_12|122201931|122203448|+|1517"
 [95] "_R_N2639|dum_12|122155516|122157033|+|1517"
 [96] "_R_N2639|dum_12|122158663|122160179|+|1516"
 [97] "_R_N2639|dum_12|122146158|122147664|+|1506"
 [98] "_R_N2639|dum_12|122353783|122355301|+|1518"
 [99] "_R_N2639|dum_12|122360105|122361622|+|1517"
[100] "_R_N2639|dum_12|122347468|122348973|+|1505"
[101] "_R_N2639|dum_12|122366422|122367929|+|1507"
[102] "_R_N2639|dum_12|122369575|122371089|+|1514"
[103] "_R_N2639|dum_12|122372746|122374257|+|1511"
[104] "N2639|dum_11|77569682|77571142|+|1460"     
[105] "N2639|ten_1|129559292|129560773|+|1481"    
[106] "_R_N2639|dum_5|163310664|163312096|+|1432" 
[107] "_R_N2639|dum_1|149944583|149946054|+|1471" 
[108] "N2639|dum_4|74813894|74815366|+|1472"      
[109] "_R_N2639|dum_6|150759530|150761001|+|1471" 
[110] "_R_N2639|ten_6|164814007|164815471|+|1464" 
[111] "_R_N2639|dum_3|176137578|176139047|+|1469" 
[112] "_R_N2639|dum_1|132679220|132680668|+|1448" 
[113] "_R_N2639|dum_1|148025239|148026687|+|1448" 
[114] "_R_N2639|dum_7|119217019|119218497|+|1478" 
[115] "_R_N2639|dum_11|56984162|56985465|+|1303"  
[116] "_R_N2639|dum_2|109242598|109243957|+|1359" 
[117] "N2639|dum_4|102969607|102970965|+|1358"    
[118] "_R_N2639|dum_3|165378756|165380116|+|1360" 
[119] "N2639|dum_1|151695300|151696656|+|1356"    
[120] "_R_N2639|dum_1|157906523|157907907|+|1384" 
[121] "N2639|ten_1|120580619|120581997|+|1378"    
[122] "N2639|dum_11|68623860|68625227|+|1367"     
[123] "N2639|dum_11|48124083|48125455|+|1372"     
[124] "_R_N2639|ten_11|108095510|108096867|+|1357"
[125] "N2639|dum_5|124529147|124530506|+|1359"    
[126] "_R_N2639|ten_5|109606523|109607911|+|1388" 
[127] "_R_N2639|dum_5|26297853|26299237|+|1384"   
[128] "N2639|dum_5|27071587|27072977|+|1390"      
[129] "N2639|dum_9|184721849|184723224|+|1375"    
[130] "_R_N2639|dum_11|59301701|59303086|+|1385"  
[131] "N2639|ten_11|15650275|15651659|+|1384"     
[132] "_R_N2639|dum_11|12346251|12347618|+|1367"  
[133] "N2639|dum_X1|256873344|256874704|+|1360"   
[134] "N2639|ten_X1|235115455|235116823|+|1368"   
[135] "N2639|dum_11|77062235|77063598|+|1363"     
[136] "_R_N2639|dum_11|66191029|66192388|+|1359"  
[137] "N2639|dum_X1|8419646|8420982|+|1336"       
[138] "N2639|ten_1|212730429|212731768|+|1339"    
[139] "_R_N2639|ten_1|129400152|129401480|+|1328" 
[140] "_R_N2639|dum_X1|67496186|67497522|+|1336"  
[141] "N2639|dum_8|124092973|124094307|+|1334"    
[142] "_R_N2639|ten_4|193322280|193323610|+|1330" 
[143] "_R_N2639|ten_6|163672494|163673810|+|1316" 
[144] "N2639|dum_6|69631336|69632666|+|1330"      
[145] "N2639|ten_6|84402425|84403752|+|1327"      
[146] "N2639|ten_2|230835400|230836729|+|1329"    
[147] "_R_N2639|dum_7|996315|997659|+|1344"       
[148] "_R_N2639|dum_7|1085623|1086967|+|1344"     
[149] "N2639|dum_4|255772813|255774163|+|1350"    
[150] "N2639|dum_8|17311720|17313081|+|1361"      
[151] "_R_N2639|dum_1|113215005|113216351|+|1346" 
[152] "N2639|dum_X2|160443106|160444464|+|1358"   
[153] "_R_N2639|dum_X2|114518368|114519665|+|1297"
[154] "N2639|ten_X2|206175738|206177106|+|1368"   
[155] "N2639|dum_1|151069287|151070637|+|1350"    
[156] "N2639|ten_1|127711980|127713329|+|1349"    
[157] "_R_N2639|dum_9|108104835|108106215|+|1380" 
[158] "N2639|ten_9|71778728|71780110|+|1382"      
[159] "N2639|dum_3|199044902|199046205|+|1303"    
[160] "N2639|dum_X1|147805617|147807108|+|1491"   
[161] "N2639|ten_11|106608857|106610369|+|1512"   
[162] "N2639|ten_9|92896083|92897590|+|1507"      
[163] "N2639|dum_3|164865305|164866813|+|1508"    
[164] "N2639|ten_X1|72576127|72577609|+|1482"     
[165] "_R_N2639|dum_1|129858151|129859628|+|1477" 
[166] "_R_N2639|dum_8|16543068|16544546|+|1478"   
[167] "N2639|dum_7|157658874|157660338|+|1464"    
[168] "_R_N2639|dum_5|140318627|140320110|+|1483" 
[169] "N2639|dum_11|66061016|66062493|+|1477"     
[170] "N2639|dum_X2|96097247|96098724|+|1477"     
[171] "_R_N2639|dum_6|67021119|67022593|+|1474"   
[172] "_R_N2639|dum_3|205300332|205301801|+|1469" 
[173] "N2639|dum_9|173348064|173349332|+|1268"    
[174] "_R_N2639|dum_3|175923211|175924665|+|1454" 
[175] "N2639|dum_11|113157587|113159089|+|1502"   
[176] "N2639|dum_2|195759675|195761177|+|1502"    
[177] "N2639|dum_1|159205829|159207290|+|1461"    
[178] "_R_N2639|dum_X1|215797273|215798747|+|1474"
[179] "_R_N2639|ten_5|49714016|49715487|+|1471"   
[180] "_R_N2639|ten_3|279274872|279276347|+|1475" 
[181] "N2639|ten_X1|220473564|220475043|+|1479"   
[182] "_R_N2639|ten_7|105520315|105521793|+|1478" 
[183] "N2639|ten_X1|52674954|52676276|+|1322"     
[184] "N2639|dum_1|157858897|157860359|+|1462"    
[185] "N2639|dum_1|159097712|159099189|+|1477"    
[186] "N2639|ten_X1|202469377|202470852|+|1475"   
[187] "N2639|dum_5|190701807|190703283|+|1476"    
[188] "N2639|dum_5|190548745|190550222|+|1477"    
[189] "_R_N2639|dum_12|124418525|124419989|+|1464"
[190] "_R_N2639|ten_1|130319647|130321106|+|1459" 
[191] "_R_N2639|dum_10|8498863|8500316|+|1453"    
[192] "_R_N2639|dum_10|175770306|175771734|+|1428"
[193] "_R_N2639|dum_3|194562768|194564263|+|1495" 
[194] "_R_N2639|dum_2|248440344|248441796|+|1452" 
[195] "_R_N2639|dum_3|120175719|120177169|+|1450" 
[196] "_R_N2639|dum_4|117934273|117935719|+|1446" 
[197] "N2639|dum_X1|67193837|67195295|+|1458"     
[198] "_R_N2639|ten_X1|127854425|127855888|+|1463"
[199] "_R_N2639|dum_X2|131679380|131680835|+|1455"
[200] "N2639|dum_1|185138755|185140060|+|1305"    
[201] "N2639|ten_1|130517357|130518806|+|1449"    
[202] "N2639|dum_2|118305934|118307365|+|1431"    
[203] "N2639|dum_11|15781498|15782957|+|1459"     
[204] "N2639|dum_4|86407572|86408785|+|1213"      
[205] "N2639|dum_1|106156687|106158151|+|1464"    
