jobinfo 30048760
getting scaled timeline
 [1] "N5975|dum_8|64494078|64495822|+|1744"      
 [2] "N5975|dum_8|64491077|64492821|+|1744"      
 [3] "N5975|dum_8|64488076|64489820|+|1744"      
 [4] "N5975|dum_8|64482075|64483819|+|1744"      
 [5] "N5975|dum_8|64479074|64480818|+|1744"      
 [6] "N5975|dum_8|64444434|64446178|+|1744"      
 [7] "N5975|dum_8|64441433|64443177|+|1744"      
 [8] "N5975|dum_8|64432430|64434174|+|1744"      
 [9] "N5975|dum_8|64429429|64431173|+|1744"      
[10] "N5975|dum_8|64435431|64437175|+|1744"      
[11] "N5975|dum_8|64476073|64477817|+|1744"      
[12] "N5975|dum_8|64438432|64440176|+|1744"      
[13] "N5975|dum_8|64447435|64449179|+|1744"      
[14] "N5975|dum_8|64459434|64461178|+|1744"      
[15] "N5975|dum_8|64473072|64474816|+|1744"      
[16] "N5975|dum_8|64462435|64464179|+|1744"      
[17] "N5975|dum_8|64470069|64471815|+|1746"      
[18] "N5975|dum_8|64423494|64425238|+|1744"      
[19] "N5975|dum_8|64450436|64452179|+|1743"      
[20] "N5975|dum_8|64453436|64455179|+|1743"      
[21] "N5975|dum_8|64485076|64486819|+|1743"      
[22] "N5975|dum_8|64456436|64458179|+|1743"      
[23] "N5975|dum_8|64465436|64467179|+|1743"      
[24] "N5975|ten_8|58343975|58345733|+|1758"      
[25] "N5975|mim_11|61227994|61229637|+|1643"     
[26] "_R_N5975|sar_11|156325802|156327526|+|1724"
[27] "N5975|bic_11|61187922|61189608|+|1686"     
