jobinfo 30048647
getting scaled timeline
 [1] "N2472|dum_11|91430378|91435023|+|4645"   
 [2] "N2472|dum_11|91450492|91455150|+|4658"   
 [3] "N2472|dum_11|91465587|91470253|+|4666"   
 [4] "N2472|dum_11|91440435|91445082|+|4647"   
 [5] "N2472|dum_11|91445464|91450110|+|4646"   
 [6] "N2472|dum_11|91455532|91460178|+|4646"   
 [7] "N2472|dum_11|91460560|91465205|+|4645"   
 [8] "N2472|dum_11|91435406|91440053|+|4647"   
 [9] "N2472|dum_11|91415631|91420205|+|4574"   
[10] "N2472|dum_11|91425433|91429996|+|4563"   
[11] "N2472|dum_11|91510850|91515481|+|4631"   
[12] "N2472|dum_11|91520692|91525322|+|4630"   
[13] "N2472|dum_11|91530730|91536679|+|5949"   
[14] "N2472|dum_11|91543389|91548020|+|4631"   
[15] "_R_N2472|ten_11|78350366|78354996|+|4630"
[16] "N2472|dum_11|91537060|91543008|+|5948"   
[17] "N2472|dum_11|91380786|91385420|+|4634"   
[18] "N2472|dum_11|91495779|91500418|+|4639"   
[19] "N2472|dum_11|91515863|91520310|+|4447"   
[20] "N2472|dum_11|91500800|91505443|+|4643"   
[21] "N2472|dum_11|91490759|91495397|+|4638"   
[22] "N2472|dum_11|91525704|91530348|+|4644"   
[23] "N2472|dum_11|91505825|91510468|+|4643"   
[24] "N2472|dum_11|91410782|91415230|+|4448"   
[25] "N2472|dum_11|91420587|91425032|+|4445"   
[26] "N2472|dum_11|91385802|91390463|+|4661"   
[27] "N2472|dum_11|91470635|91475281|+|4646"   
[28] "N2472|dum_11|91475663|91480318|+|4655"   
[29] "N2472|dum_11|91480700|91485355|+|4655"   
[30] "N2472|dum_11|91400751|91405395|+|4644"   
[31] "N2472|dum_11|91405777|91410400|+|4623"   
[32] "N2472|dum_11|91395819|91400369|+|4550"   
[33] "N2472|dum_11|91390864|91395418|+|4554"   
[34] "N2472|dum_11|91485737|91490377|+|4640"   
[35] "N2472|dum_11|91375760|91380404|+|4644"   
