jobinfo 30048650
getting scaled timeline
  [1] "_R_N254|ten_7|9954593|9955673|+|1080"     
  [2] "N254|ten_2|270613908|270615017|+|1109"    
  [3] "N254|dum_10|74421113|74422261|+|1148"     
  [4] "_R_N254|dum_12|124674570|124675691|+|1121"
  [5] "N254|ten_12|138961336|138962450|+|1114"   
  [6] "N254|dum_5|12605503|12606656|+|1153"      
  [7] "_R_N254|dum_6|166663805|166664898|+|1093" 
  [8] "N254|ten_9|106671561|106672666|+|1105"    
  [9] "N254|dum_7|89772918|89774053|+|1135"      
 [10] "N254|ten_3|4314436|4315544|+|1108"        
 [11] "N254|ten_4|176142300|176143365|+|1065"    
 [12] "N254|ten_2|234618770|234619854|+|1084"    
 [13] "N254|dum_1|18641601|18642708|+|1107"      
 [14] "N254|ten_1|17258346|17259440|+|1094"      
 [15] "_R_N254|dum_3|134163775|134164866|+|1091" 
 [16] "N254|dum_3|171265926|171267040|+|1114"    
 [17] "_R_N254|ten_5|65263896|65264981|+|1085"   
 [18] "N254|ten_X1|53775277|53776390|+|1113"     
 [19] "N254|dum_8|14751930|14753051|+|1121"      
 [20] "_R_N254|dum_9|89008798|89009906|+|1108"   
 [21] "N254|dum_X1|13125985|13127072|+|1087"     
 [22] "_R_N254|ten_X1|5983434|5984527|+|1093"    
 [23] "_R_N254|ten_1|267698893|267699999|+|1106" 
 [24] "_R_N254|ten_X2|31029428|31030521|+|1093"  
 [25] "N254|ten_11|18759229|18760317|+|1088"     
 [26] "N254|ten_4|129562205|129563303|+|1098"    
 [27] "N254|dum_9|177239810|177240881|+|1071"    
 [28] "N254|dum_10|61221145|61222276|+|1131"     
 [29] "N254|dum_X1|47594184|47595292|+|1108"     
 [30] "N254|ten_2|194503627|194504752|+|1125"    
 [31] "_R_N254|ten_10|39819164|39820298|+|1134"  
 [32] "_R_N254|ten_1|106660959|106662033|+|1074" 
 [33] "_R_N254|ten_7|55597776|55598852|+|1076"   
 [34] "N254|dum_5|175036771|175037886|+|1115"    
 [35] "_R_N254|dum_1|285652772|285653882|+|1110" 
 [36] "N254|ten_2|268866926|268868048|+|1122"    
 [37] "_R_N254|dum_X1|122609747|122610879|+|1132"
 [38] "N254|ten_8|179152502|179153620|+|1118"    
 [39] "N254|ten_10|126700495|126701626|+|1131"   
 [40] "N254|ten_8|38680122|38681237|+|1115"      
 [41] "_R_N254|dum_2|277380548|277381675|+|1127" 
 [42] "_R_N254|dum_2|55550294|55551380|+|1086"   
 [43] "_R_N254|dum_2|83237834|83238935|+|1101"   
 [44] "_R_N254|dum_12|111264372|111265409|+|1037"
 [45] "N254|dum_3|271830288|271831390|+|1102"    
 [46] "_R_N254|ten_8|68914609|68915736|+|1127"   
 [47] "_R_N254|ten_2|130858130|130859259|+|1129" 
 [48] "N254|ten_10|84398074|84399202|+|1128"     
 [49] "N254|ten_10|87033133|87034259|+|1126"     
 [50] "_R_N254|ten_3|191328918|191330046|+|1128" 
 [51] "_R_N254|ten_1|129180964|129182081|+|1117" 
 [52] "_R_N254|dum_3|78015616|78016718|+|1102"   
 [53] "_R_N254|dum_5|34517730|34518817|+|1087"   
 [54] "_R_N254|dum_12|11310895|11312032|+|1137"  
 [55] "_R_N254|ten_12|12629048|12630190|+|1142"  
 [56] "N254|ten_6|227261085|227262223|+|1138"    
 [57] "N254|dum_10|175179938|175181025|+|1087"   
 [58] "N254|dum_6|193073515|193074603|+|1088"    
 [59] "_R_N254|ten_11|46041488|46042623|+|1135"  
 [60] "_R_N254|ten_8|47875385|47876522|+|1137"   
 [61] "N254|ten_4|33810871|33811993|+|1122"      
 [62] "N254|dum_11|141616205|141617301|+|1096"   
 [63] "_R_N254|ten_11|26269891|26270983|+|1092"  
 [64] "_R_N254|dum_5|38430916|38431985|+|1069"   
 [65] "N254|ten_10|102129560|102130627|+|1067"   
 [66] "N254|ten_7|14419359|14420470|+|1111"      
 [67] "N254|dum_5|38310124|38311256|+|1132"      
 [68] "N254|ten_7|85640782|85641901|+|1119"      
 [69] "N254|ten_9|131740359|131741499|+|1140"    
 [70] "N254|ten_1|93572878|93573965|+|1087"      
 [71] "_R_N254|ten_2|1758146|1759251|+|1105"     
 [72] "N254|ten_3|87188586|87189682|+|1096"      
 [73] "N254|ten_3|157265218|157266307|+|1089"    
 [74] "_R_N254|ten_2|182657287|182658414|+|1127" 
 [75] "N254|dum_8|174743665|174744805|+|1140"    
 [76] "N254|ten_10|166549819|166550898|+|1079"   
 [77] "_R_N254|dum_10|4405308|4406410|+|1102"    
 [78] "N254|dum_7|209215777|209216879|+|1102"    
 [79] "N254|dum_9|191211116|191212197|+|1081"    
 [80] "_R_N254|ten_4|201707752|201708875|+|1123" 
 [81] "_R_N254|ten_7|75358462|75359386|+|924"    
 [82] "_R_N254|dum_1|151954495|151955520|+|1025" 
 [83] "N254|ten_1|126331130|126332153|+|1023"    
 [84] "N254|dum_10|62418470|62419474|+|1004"     
 [85] "N254|ten_10|37237609|37238613|+|1004"     
 [86] "N254|dum_6|134417708|134418820|+|1112"    
 [87] "N254|ten_6|148344790|148345802|+|1012"    
 [88] "_R_N254|dum_1|203166122|203167156|+|1034" 
 [89] "_R_N254|ten_1|199107315|199108433|+|1118" 
 [90] "_R_N254|dum_4|136930264|136931341|+|1077" 
 [91] "N254|ten_4|97197461|97198572|+|1111"      
 [92] "N254|dum_2|92930990|92932114|+|1124"      
 [93] "_R_N254|ten_4|12690045|12691151|+|1106"   
 [94] "N254|dum_9|166693252|166694336|+|1084"    
 [95] "N254|dum_9|167503755|167504839|+|1084"    
 [96] "N254|dum_6|184438221|184439331|+|1110"    
 [97] "_R_N254|dum_12|115730294|115731431|+|1137"
 [98] "_R_N254|dum_1|215270882|215271952|+|1070" 
 [99] "_R_N254|ten_4|23275109|23276240|+|1131"   
[100] "_R_N254|ten_1|212097799|212098936|+|1137" 
[101] "N254|ten_4|127421756|127422886|+|1130"    
[102] "N254|dum_4|45685768|45686911|+|1143"      
[103] "N254|dum_8|112397121|112398262|+|1141"    
[104] "N254|ten_7|187036214|187037383|+|1169"    
[105] "N254|ten_1|13242412|13243541|+|1129"      
[106] "_R_N254|dum_5|179313828|179314946|+|1118" 
[107] "_R_N254|ten_7|42305600|42306728|+|1128"   
[108] "N254|dum_3|90319241|90320331|+|1090"      
[109] "N254|dum_1|17393050|17394217|+|1167"      
[110] "N254|dum_1|119623362|119624495|+|1133"    
[111] "N254|dum_4|127426364|127427465|+|1101"    
[112] "_R_N254|dum_6|91794524|91795668|+|1144"   
[113] "_R_N254|ten_9|119086450|119087419|+|969"  
[114] "N254|dum_5|207918481|207919594|+|1113"    
[115] "N254|dum_5|208021231|208022360|+|1129"    
[116] "N254|dum_4|51194524|51195645|+|1121"      
[117] "N254|dum_6|203884853|203885990|+|1137"    
[118] "N254|dum_12|74543039|74544164|+|1125"     
[119] "_R_N254|dum_X1|171446141|171447268|+|1127"
[120] "N254|ten_11|79534067|79535180|+|1113"     
[121] "_R_N254|ten_12|90855959|90857061|+|1102"  
[122] "_R_N254|ten_8|71427042|71428162|+|1120"   
[123] "N254|ten_12|117080342|117081453|+|1111"   
[124] "_R_N254|dum_6|82783871|82785008|+|1137"   
[125] "N254|ten_5|210688500|210689637|+|1137"    
[126] "N254|ten_10|129022714|129023841|+|1127"   
[127] "N254|dum_3|226833287|226834364|+|1077"    
[128] "_R_N254|dum_7|175403351|175404431|+|1080" 
[129] "N254|ten_12|138032385|138033514|+|1129"   
[130] "N254|ten_5|53424795|53425929|+|1134"      
[131] "_R_N254|ten_2|43214254|43215405|+|1151"   
[132] "N254|dum_11|55630379|55631472|+|1093"     
[133] "_R_N254|ten_4|85096624|85097730|+|1106"   
[134] "_R_N254|dum_2|186332667|186333768|+|1101" 
[135] "_R_N254|dum_8|96272980|96274064|+|1084"   
[136] "N254|dum_11|141020644|141021762|+|1118"   
[137] "_R_N254|ten_11|26810807|26811905|+|1098"  
[138] "_R_N254|dum_3|240336814|240337922|+|1108" 
[139] "_R_N254|ten_2|176781649|176782785|+|1136" 
[140] "_R_N254|ten_6|15488574|15489685|+|1111"   
[141] "N254|ten_1|113296299|113297398|+|1099"    
[142] "N254|ten_7|138747195|138748290|+|1095"    
[143] "_R_N254|ten_10|121842649|121843748|+|1099"
[144] "_R_N254|ten_9|65965547|65966646|+|1099"   
[145] "N254|dum_10|141075751|141076846|+|1095"   
[146] "_R_N254|dum_10|186523296|186524391|+|1095"
[147] "_R_N254|dum_4|209984302|209985412|+|1110" 
[148] "_R_N254|ten_10|145811364|145812462|+|1098"
[149] "_R_N254|ten_X2|128552088|128553200|+|1112"
[150] "N254|ten_X1|34586265|34587372|+|1107"     
[151] "_R_N254|ten_6|172956059|172957113|+|1054" 
[152] "_R_N254|ten_2|262503269|262504360|+|1091" 
[153] "N254|dum_2|220515438|220516553|+|1115"    
[154] "N254|dum_X1|198418517|198419627|+|1110"   
[155] "N254|dum_6|111717264|111718332|+|1068"    
[156] "N254|dum_9|145522669|145523763|+|1094"    
[157] "N254|dum_1|200058479|200059552|+|1073"    
[158] "_R_N254|ten_3|268280657|268281761|+|1104" 
[159] "_R_N254|ten_5|143813651|143814692|+|1041" 
[160] "_R_N254|dum_1|286431622|286432652|+|1030" 
[161] "N254|ten_1|195978303|195979347|+|1044"    
[162] "_R_N254|dum_12|6320209|6321274|+|1065"    
[163] "_R_N254|ten_12|7667824|7668866|+|1042"    
[164] "N254|dum_3|15517048|15518208|+|1160"      
[165] "N254|ten_3|10898392|10899568|+|1176"      
[166] "N254|dum_8|13648116|13649246|+|1130"      
[167] "N254|ten_6|87983192|87984314|+|1122"      
[168] "_R_N254|ten_4|180972590|180973690|+|1100" 
[169] "N254|ten_X2|42291053|42292162|+|1109"     
[170] "_R_N254|ten_1|113499588|113500668|+|1080" 
[171] "_R_N254|dum_X1|69763459|69764547|+|1088"  
[172] "N254|dum_X1|68704326|68705415|+|1089"     
[173] "N254|dum_4|48909461|48910544|+|1083"      
[174] "_R_N254|dum_1|221998405|221999500|+|1095" 
[175] "_R_N254|dum_X1|68262115|68263194|+|1079"  
[176] "_R_N254|dum_8|35776644|35777735|+|1091"   
[177] "N254|dum_3|136304891|136305979|+|1088"    
[178] "N254|dum_4|15784652|15785747|+|1095"      
[179] "N254|dum_2|93700449|93701528|+|1079"      
[180] "_R_N254|dum_7|149802307|149803417|+|1110" 
[181] "N254|dum_8|186110057|186111128|+|1071"    
[182] "N254|dum_7|114938271|114939371|+|1100"    
[183] "_R_N254|ten_1|13512288|13513293|+|1005"   
[184] "_R_N254|dum_6|196015835|196016974|+|1139" 
[185] "_R_N254|dum_X2|180987740|180988916|+|1176"
[186] "_R_N254|dum_X2|136853318|136854450|+|1132"
[187] "_R_N254|ten_9|58592306|58593472|+|1166"   
[188] "N254|dum_5|44886031|44887185|+|1154"      
[189] "_R_N254|ten_7|113323389|113324506|+|1117" 
[190] "_R_N254|dum_6|23150665|23151792|+|1127"   
[191] "_R_N254|dum_9|189626796|189627901|+|1105" 
[192] "N254|dum_X1|363157|364262|+|1105"         
[193] "_R_N254|dum_2|290140303|290141408|+|1105" 
[194] "N254|dum_6|1307142|1308247|+|1105"        
[195] "_R_N254|dum_7|207736970|207738075|+|1105" 
[196] "N254|dum_5|1817597|1818702|+|1105"        
[197] "_R_N254|dum_9|187248098|187249203|+|1105" 
[198] "N254|dum_10|5722257|5723362|+|1105"       
[199] "N254|dum_6|3332646|3333752|+|1106"        
[200] "N254|dum_1|1282583|1283689|+|1106"        
