jobinfo 30048871
getting scaled timeline
 [1] "_R_N6874|ten_1|269874045|269882229|+|8184" 
 [2] "N6874|ten_8|103117795|103125977|+|8182"    
 [3] "_R_N6874|ten_3|232551636|232559821|+|8185" 
 [4] "N6874|ten_1|117362112|117370279|+|8167"    
 [5] "_R_N6874|ten_7|170635954|170644138|+|8184" 
 [6] "N6874|ten_7|112692435|112700047|+|7612"    
 [7] "_R_N6874|ten_4|198789494|198797807|+|8313" 
 [8] "_R_N6874|ten_8|75314173|75322248|+|8075"   
 [9] "N6874|ten_6|137996332|138003002|+|6670"    
[10] "_R_N6874|ten_3|222166549|222174133|+|7584" 
[11] "_R_N6874|ten_6|229178439|229186611|+|8172" 
[12] "_R_N6874|ten_2|55619851|55628029|+|8178"   
[13] "_R_N6874|ten_3|272732564|272740764|+|8200" 
[14] "N6874|ten_11|35484175|35492170|+|7995"     
[15] "N6874|ten_9|36496034|36503184|+|7150"      
[16] "_R_N6874|ten_9|93497539|93504701|+|7162"   
[17] "_R_N6874|ten_6|241636066|241643257|+|7191" 
[18] "N6874|ten_5|116097639|116104815|+|7176"    
[19] "N6874|ten_1|57286983|57294148|+|7165"      
[20] "_R_N6874|ten_X1|83517389|83524115|+|6726"  
[21] "N6874|dum_X1|230676246|230683375|+|7129"   
[22] "N6874|ten_4|86467885|86475005|+|7120"      
[23] "_R_N6874|dum_11|119913830|119920648|+|6818"
[24] "_R_N6874|dum_6|86294524|86302530|+|8006"   
[25] "_R_N6874|dum_11|63346832|63354917|+|8085"  
[26] "_R_N6874|dum_11|95082592|95090642|+|8050"  
[27] "_R_N6874|dum_11|62731629|62739660|+|8031"  
[28] "_R_N6874|dum_11|63900447|63908035|+|7588"  
[29] "_R_N6874|dum_7|103243514|103250867|+|7353" 
[30] "_R_N6874|ten_5|52606092|52612692|+|6600"   
[31] "_R_N6874|ten_6|195953556|195961590|+|8034" 
[32] "N6874|ten_1|228147005|228154400|+|7395"    
[33] "N6874|ten_6|113864965|113873114|+|8149"    
[34] "_R_N6874|dum_7|127017048|127024783|+|7735" 
[35] "_R_N6874|dum_3|251593332|251601496|+|8164" 
[36] "N6874|dum_7|183120486|183128637|+|8151"    
[37] "_R_N6874|dum_1|82617202|82625359|+|8157"   
[38] "_R_N6874|dum_3|23307949|23316113|+|8164"   
[39] "N6874|dum_9|41102595|41110741|+|8146"      
[40] "_R_N6874|dum_3|90619279|90627416|+|8137"   
[41] "N6874|dum_4|143177958|143186111|+|8153"    
[42] "N6874|dum_1|15136493|15144622|+|8129"      
