jobinfo 30048860
getting scaled timeline
  [1] "N6856|ten_2|95870805|95876448|+|5643"      
  [2] "_R_N6856|ten_X1|15936313|15941976|+|5663"  
  [3] "_R_N6856|ten_2|259193339|259198993|+|5654" 
  [4] "_R_N6856|ten_11|9395740|9401399|+|5659"    
  [5] "_R_N6856|ten_2|117725911|117731561|+|5650" 
  [6] "N6856|ten_3|170041550|170047201|+|5651"    
  [7] "_R_N6856|ten_9|156333190|156338838|+|5648" 
  [8] "_R_N6856|ten_5|211607931|211613578|+|5647" 
  [9] "N6856|ten_12|12899931|12905585|+|5654"     
 [10] "N6856|ten_1|235896080|235901740|+|5660"    
 [11] "N6856|ten_1|119203498|119209238|+|5740"    
 [12] "_R_N6856|ten_11|44159974|44165530|+|5556"  
 [13] "N6856|ten_11|79869475|79875140|+|5665"     
 [14] "N6856|ten_4|28857832|28863489|+|5657"      
 [15] "_R_N6856|ten_6|199940947|199946575|+|5628" 
 [16] "_R_N6856|ten_3|208476277|208481917|+|5640" 
 [17] "_R_N6856|ten_4|40897890|40903542|+|5652"   
 [18] "N6856|ten_12|103672294|103677379|+|5085"   
 [19] "N6856|ten_12|21772766|21778420|+|5654"     
 [20] "_R_N6856|ten_8|81502991|81508640|+|5649"   
 [21] "N6856|ten_11|94956920|94962564|+|5644"     
 [22] "_R_N6856|ten_11|92067571|92073213|+|5642"  
 [23] "N6856|ten_X2|52871423|52877081|+|5658"     
 [24] "N6856|ten_8|6606125|6611769|+|5644"        
 [25] "_R_N6856|ten_2|33574644|33580304|+|5660"   
 [26] "N6856|ten_7|112584237|112589867|+|5630"    
 [27] "_R_N6856|ten_5|91715082|91720724|+|5642"   
 [28] "_R_N6856|ten_1|160340871|160346448|+|5577" 
 [29] "_R_N6856|ten_11|107287741|107293393|+|5652"
 [30] "N6856|ten_X2|195649114|195654769|+|5655"   
 [31] "N6856|ten_4|232452717|232458082|+|5365"    
 [32] "_R_N6856|ten_X1|49463030|49468502|+|5472"  
 [33] "N6856|ten_2|238705907|238711559|+|5652"    
 [34] "_R_N6856|ten_6|6256833|6262476|+|5643"     
 [35] "N6856|ten_X1|173886745|173892387|+|5642"   
 [36] "N6856|ten_2|49614977|49620625|+|5648"      
 [37] "_R_N6856|ten_9|90419128|90424776|+|5648"   
 [38] "N6856|ten_7|124077138|124082869|+|5731"    
 [39] "_R_N6856|ten_7|125263631|125269361|+|5730" 
 [40] "_R_N6856|ten_12|102945378|102951037|+|5659"
 [41] "N6856|ten_2|122062690|122068345|+|5655"    
 [42] "_R_N6856|ten_2|273126605|273132252|+|5647" 
 [43] "_R_N6856|ten_1|221279649|221285303|+|5654" 
 [44] "N6856|ten_10|70713901|70719549|+|5648"     
 [45] "N6856|ten_3|218772512|218778146|+|5634"    
 [46] "_R_N6856|ten_7|189747935|189753589|+|5654" 
 [47] "N6856|ten_6|151102951|151108595|+|5644"    
 [48] "_R_N6856|ten_6|221554307|221559947|+|5640" 
 [49] "N6856|ten_11|57095927|57101569|+|5642"     
 [50] "_R_N6856|ten_3|259341550|259347189|+|5639" 
 [51] "N6856|ten_11|104417298|104422950|+|5652"   
 [52] "N6856|ten_10|42646382|42652065|+|5683"     
 [53] "_R_N6856|ten_3|153049003|153054645|+|5642" 
 [54] "N6856|ten_1|146866158|146871794|+|5636"    
 [55] "N6856|ten_2|88561372|88567023|+|5651"      
 [56] "N6856|ten_7|60649780|60655420|+|5640"      
 [57] "_R_N6856|ten_7|145562987|145568649|+|5662" 
 [58] "N6856|ten_4|24914209|24919859|+|5650"      
 [59] "_R_N6856|ten_4|124447451|124453095|+|5644" 
 [60] "N6856|ten_8|115003869|115009529|+|5660"    
 [61] "_R_N6856|ten_9|161770216|161775993|+|5777" 
 [62] "N6856|ten_X1|53794659|53800315|+|5656"     
 [63] "N6856|ten_6|197610414|197616072|+|5658"    
 [64] "_R_N6856|ten_9|97415617|97421306|+|5689"   
 [65] "_R_N6856|ten_1|271685482|271691138|+|5656" 
 [66] "N6856|ten_7|189328261|189333934|+|5673"    
 [67] "_R_N6856|ten_2|2886220|2892134|+|5914"     
 [68] "_R_N6856|ten_10|63562862|63568513|+|5651"  
 [69] "N6856|ten_8|806188|811836|+|5648"          
 [70] "N6856|ten_6|156493629|156499281|+|5652"    
 [71] "_R_N6856|ten_11|36057423|36063072|+|5649"  
 [72] "_R_N6856|ten_X2|112632221|112637875|+|5654"
 [73] "_R_N6856|ten_X2|168709459|168715120|+|5661"
 [74] "_R_N6856|ten_7|143731435|143737085|+|5650" 
 [75] "_R_N6856|ten_7|186703766|186709420|+|5654" 
 [76] "N6856|ten_X2|72237582|72243240|+|5658"     
 [77] "N6856|ten_6|14578923|14584577|+|5654"      
 [78] "N6856|ten_8|2425464|2431116|+|5652"        
 [79] "N6856|ten_1|107861403|107867046|+|5643"    
 [80] "N6856|ten_X1|21095355|21100989|+|5634"     
 [81] "_R_N6856|ten_9|59252290|59257948|+|5658"   
 [82] "_R_N6856|ten_X1|99200270|99205918|+|5648"  
 [83] "N6856|ten_4|84355986|84361629|+|5643"      
 [84] "_R_N6856|ten_6|46930444|46934921|+|4477"   
 [85] "N6856|ten_10|1194645|1200250|+|5605"       
 [86] "N6856|ten_1|161046207|161051855|+|5648"    
 [87] "_R_N6856|ten_9|165358580|165364226|+|5646" 
 [88] "_R_N6856|ten_2|124375891|124381556|+|5665" 
 [89] "_R_N6856|ten_1|196802581|196830655|+|28074"
 [90] "_R_N6856|ten_1|146983220|146988832|+|5612" 
 [91] "N6856|ten_10|170110368|170116030|+|5662"   
 [92] "N6856|ten_6|49408436|49414081|+|5645"      
 [93] "N6856|ten_6|49882039|49887684|+|5645"      
 [94] "_R_N6856|ten_X1|169393414|169399064|+|5650"
 [95] "N6856|ten_3|244205976|244211633|+|5657"    
 [96] "_R_N6856|ten_12|25226738|25232385|+|5647"  
 [97] "N6856|ten_1|96682439|96688089|+|5650"      
 [98] "_R_N6856|ten_9|60514791|60520437|+|5646"   
 [99] "_R_N6856|ten_1|282583350|282589003|+|5653" 
[100] "N6856|ten_5|181245335|181250982|+|5647"    
[101] "N6856|ten_5|16387396|16393062|+|5666"      
[102] "N6856|ten_1|125207933|125213576|+|5643"    
[103] "N6856|ten_7|192787688|192793339|+|5651"    
[104] "N6856|ten_2|112069332|112074987|+|5655"    
[105] "N6856|ten_1|233614838|233620487|+|5649"    
[106] "N6856|ten_8|27578956|27584611|+|5655"      
[107] "_R_N6856|ten_3|96197897|96202741|+|4844"   
[108] "N6856|ten_1|127456790|127462447|+|5657"    
[109] "_R_N6856|ten_2|153869424|153875070|+|5646" 
[110] "N6856|ten_X2|77839728|77845382|+|5654"     
[111] "N6856|ten_X2|78695533|78700976|+|5443"     
[112] "N6856|ten_3|10477270|10482922|+|5652"      
[113] "N6856|ten_8|13101881|13107518|+|5637"      
[114] "_R_N6856|ten_12|47507808|47513452|+|5644"  
[115] "_R_N6856|ten_1|121510354|121516011|+|5657" 
[116] "N6856|ten_X2|164663182|164668827|+|5645"   
[117] "_R_N6856|ten_3|17405027|17410643|+|5616"   
[118] "_R_N6856|ten_6|67989789|67995301|+|5512"   
[119] "N6856|ten_X1|229676566|229682222|+|5656"   
[120] "_R_N6856|ten_1|181931120|181936765|+|5645" 
[121] "_R_N6856|ten_10|120934220|120939860|+|5640"
[122] "N6856|ten_X2|13987419|13993069|+|5650"     
[123] "_R_N6856|ten_8|158927975|158933635|+|5660" 
[124] "_R_N6856|ten_X2|77455137|77460783|+|5646"  
[125] "N6856|ten_4|24582682|24588334|+|5652"      
[126] "N6856|ten_11|119782425|119788071|+|5646"   
[127] "_R_N6856|ten_7|157019228|157024882|+|5654" 
[128] "_R_N6856|ten_10|160816347|160821998|+|5651"
[129] "_R_N6856|ten_X1|213377276|213382925|+|5649"
[130] "_R_N6856|ten_9|32901205|32906849|+|5644"   
[131] "_R_N6856|ten_8|15970034|15975688|+|5654"   
[132] "N6856|ten_7|13677761|13683410|+|5649"      
[133] "N6856|ten_X2|126435|130946|+|4511"         
[134] "_R_N6856|sar_12|14732569|14738267|+|5698"  
[135] "_R_N6856|dum_3|169654978|169660593|+|5615" 
[136] "N6856|dum_1|144026039|144031737|+|5698"    
[137] "N6856|ten_1|149111615|149117283|+|5668"    
[138] "N6856|ten_7|121826545|121832050|+|5505"    
[139] "N6856|ten_2|110572810|110578486|+|5676"    
[140] "_R_N6856|dum_1|141865286|141869961|+|4675" 
[141] "N6856|dum_4|71049174|71054827|+|5653"      
[142] "N6856|ten_2|31146386|31152025|+|5639"      
[143] "N6856|dum_1|101675567|101681224|+|5657"    
