jobinfo 30048709
getting scaled timeline
 [1] "N4498|dum_4|218443080|218445259|+|2179" 
 [2] "N4498|dum_4|218449624|218451803|+|2179" 
 [3] "N4498|dum_4|218445260|218447439|+|2179" 
 [4] "N4498|dum_4|218451804|218453983|+|2179" 
 [5] "N4498|dum_4|218435248|218437427|+|2179" 
 [6] "N4498|dum_4|218456168|218458347|+|2179" 
 [7] "N4498|dum_4|218466180|218468359|+|2179" 
 [8] "N4498|dum_4|218468360|218470539|+|2179" 
 [9] "N4498|dum_4|218418196|218420376|+|2180" 
[10] "N4498|dum_4|218424352|218426532|+|2180" 
[11] "N4498|dum_4|218421272|218423452|+|2180" 
[12] "N4498|dum_4|218426533|218428707|+|2174" 
[13] "N4498|dum_4|218429607|218433064|+|3457" 
[14] "N4498|dum_4|218447440|218449623|+|2183" 
[15] "N4498|dum_4|218453984|218456167|+|2183" 
[16] "N4498|dum_4|218440886|218443079|+|2193" 
[17] "N4498|dum_4|218433065|218435247|+|2182" 
[18] "N4498|dum_4|218470540|218472722|+|2182" 
[19] "N4498|dum_4|218437428|218440885|+|3457" 
[20] "_R_N4498|ten_4|22280789|22282960|+|2171"
[21] "N4498|dum_4|218462264|218466179|+|3915" 
[22] "N4498|dum_4|218458348|218462263|+|3915" 
[23] "N4498|dum_3|156912388|156914562|+|2174" 
