jobinfo 30048591
getting scaled timeline
  [1] "_R_N1593|dum_11|19284903|19290424|+|5521"  
  [2] "_R_N1593|dum_11|19252884|19258407|+|5523"  
  [3] "_R_N1593|dum_11|34572347|34577872|+|5525"  
  [4] "_R_N1593|dum_11|34617500|34623024|+|5524"  
  [5] "_R_N1593|dum_11|34548671|34554195|+|5524"  
  [6] "N1593|dum_4|261834725|261840248|+|5523"    
  [7] "_R_N1593|dum_11|34457178|34462546|+|5368"  
  [8] "N1593|dum_11|40090571|40096095|+|5524"     
  [9] "N1593|dum_11|40115371|40120897|+|5526"     
 [10] "_R_N1593|dum_11|39528377|39533883|+|5506"  
 [11] "_R_N1593|dum_11|39479325|39484840|+|5515"  
 [12] "_R_N1593|dum_11|39555224|39560751|+|5527"  
 [13] "_R_N1593|dum_11|19222341|19227883|+|5542"  
 [14] "_R_N1593|dum_11|19384311|19389741|+|5430"  
 [15] "N1593|dum_3|59769247|59774771|+|5524"      
 [16] "N1593|dum_3|59833221|59838746|+|5525"      
 [17] "_R_N1593|dum_3|35669382|35674906|+|5524"   
 [18] "N1593|dum_3|59907385|59912910|+|5525"      
 [19] "N1593|dum_3|59956923|59962446|+|5523"      
 [20] "_R_N1593|dum_3|35593961|35599493|+|5532"   
 [21] "N1593|dum_3|59881892|59887419|+|5527"      
 [22] "N1593|dum_3|59931388|59936915|+|5527"      
 [23] "_R_N1593|dum_3|35619460|35624990|+|5530"   
 [24] "_R_N1593|dum_3|35692018|35697544|+|5526"   
 [25] "_R_N1593|dum_3|35718186|35723712|+|5526"   
 [26] "_R_N1593|dum_10|166653186|166657845|+|4659"
 [27] "_R_N1593|dum_5|443069|447727|+|4658"       
 [28] "N1593|dum_5|13729845|13735353|+|5508"      
 [29] "_R_N1593|dum_5|9711151|9716656|+|5505"     
 [30] "_R_N1593|dum_7|59357714|59362302|+|4588"   
 [31] "N1593|dum_2|211178818|211184327|+|5509"    
 [32] "N1593|dum_2|212333056|212338565|+|5509"    
 [33] "N1593|dum_2|210655836|210661345|+|5509"    
 [34] "N1593|dum_2|208365220|208370728|+|5508"    
 [35] "_R_N1593|dum_6|38525746|38531255|+|5509"   
 [36] "_R_N1593|dum_6|39217888|39223396|+|5508"   
 [37] "_R_N1593|dum_5|925721|931230|+|5509"       
 [38] "_R_N1593|dum_5|144808278|144813786|+|5508" 
 [39] "N1593|dum_10|6632170|6637680|+|5510"       
 [40] "N1593|dum_6|4251546|4257055|+|5509"        
 [41] "_R_N1593|dum_X1|1468641|1474151|+|5510"    
 [42] "N1593|dum_10|6655973|6661483|+|5510"       
 [43] "N1593|dum_6|4275349|4280859|+|5510"        
 [44] "_R_N1593|dum_9|188771126|188776569|+|5443" 
 [45] "_R_N1593|dum_7|206961461|206966968|+|5507" 
 [46] "N1593|dum_2|211820890|211826400|+|5510"    
 [47] "N1593|dum_2|212975128|212980638|+|5510"    
 [48] "N1593|dum_10|22177746|22183255|+|5509"     
 [49] "_R_N1593|dum_11|168708312|168713819|+|5507"
 [50] "_R_N1593|dum_5|146969248|146974757|+|5509" 
 [51] "_R_N1593|dum_3|35111902|35117411|+|5509"   
 [52] "N1593|dum_5|68385572|68391081|+|5509"      
 [53] "_R_N1593|dum_6|38863276|38868787|+|5511"   
 [54] "_R_N1593|dum_10|135424433|135429941|+|5508"
 [55] "_R_N1593|dum_5|1203573|1209081|+|5508"     
 [56] "N1593|dum_10|65180849|65186358|+|5509"     
 [57] "N1593|dum_10|166104308|166109816|+|5508"   
 [58] "N1593|dum_10|21812746|21818254|+|5508"     
 [59] "_R_N1593|dum_10|90118252|90123760|+|5508"  
 [60] "_R_N1593|dum_7|60002614|60008115|+|5501"   
 [61] "N1593|dum_2|211525940|211531448|+|5508"    
 [62] "N1593|dum_2|212680178|212685686|+|5508"    
 [63] "_R_N1593|dum_10|90174902|90180409|+|5507"  
 [64] "_R_N1593|dum_10|24519671|24525180|+|5509"  
 [65] "_R_N1593|dum_7|58206229|58211734|+|5505"   
 [66] "_R_N1593|dum_5|11147665|11153169|+|5504"   
 [67] "_R_N1593|dum_5|9967959|9973456|+|5497"     
 [68] "_R_N1593|dum_7|162311074|162316578|+|5504" 
 [69] "_R_N1593|dum_11|19433603|19439111|+|5508"  
 [70] "_R_N1593|dum_11|39595164|39600666|+|5502"  
 [71] "_R_N1593|dum_3|35568311|35573819|+|5508"   
 [72] "N1593|ten_9|168646830|168652354|+|5524"    
 [73] "N1593|ten_X2|49291923|49297444|+|5521"     
 [74] "N1593|dum_2|195886716|195892241|+|5525"    
 [75] "_R_N1593|dum_11|42046800|42052334|+|5534"  
 [76] "_R_N1593|dum_11|42073023|42078557|+|5534"  
 [77] "N1593|dum_5|7629439|7634947|+|5508"        
 [78] "_R_N1593|dum_5|7611054|7616555|+|5501"     
 [79] "N1593|dum_11|6965919|6970843|+|4924"       
 [80] "_R_N1593|ten_11|110228834|110234374|+|5540"
 [81] "N1593|dum_11|44745634|44751170|+|5536"     
 [82] "N1593|dum_11|61667207|61672587|+|5380"     
 [83] "N1593|dum_11|61738094|61742889|+|4795"     
 [84] "N1593|dum_7|205688781|205694309|+|5528"    
 [85] "_R_N1593|dum_7|205743783|205749313|+|5530" 
 [86] "N1593|ten_10|1446996|1452507|+|5511"       
 [87] "N1593|dum_11|60369145|60374676|+|5531"     
 [88] "N1593|dum_11|75066281|75071818|+|5537"     
 [89] "_R_N1593|dum_2|267304306|267309838|+|5532" 
 [90] "_R_N1593|dum_5|48993682|48999205|+|5523"   
 [91] "N1593|dum_11|39895150|39900679|+|5529"     
 [92] "_R_N1593|dum_11|9064561|9069761|+|5200"    
 [93] "_R_N1593|dum_11|16929412|16934612|+|5200"  
 [94] "N1593|dum_11|15614743|15619966|+|5223"     
 [95] "_R_N1593|dum_11|28734556|28739754|+|5198"  
 [96] "N1593|ten_X2|48395717|48400950|+|5233"     
 [97] "N1593|dum_10|10410481|10415692|+|5211"     
 [98] "_R_N1593|dum_10|8746929|8752134|+|5205"    
 [99] "N1593|dum_11|35757666|35762881|+|5215"     
[100] "_R_N1593|dum_11|8390640|8395844|+|5204"    
[101] "_R_N1593|dum_6|2435051|2440027|+|4976"     
[102] "_R_N1593|ten_11|14683324|14688561|+|5237"  
[103] "N1593|ten_11|88813716|88818942|+|5226"     
[104] "_R_N1593|dum_6|2578820|2584063|+|5243"     
[105] "N1593|dum_5|11320038|11325245|+|5207"      
[106] "_R_N1593|dum_11|63336067|63341605|+|5538"  
[107] "_R_N1593|dum_11|95072852|95077761|+|4909"  
[108] "_R_N1593|dum_11|63453242|63458790|+|5548"  
[109] "N1593|dum_11|28609815|28615325|+|5510"     
[110] "_R_N1593|dum_11|43530005|43535499|+|5494"  
[111] "N1593|dum_5|48619882|48625409|+|5527"      
[112] "_R_N1593|dum_11|40293226|40298776|+|5550"  
[113] "_R_N1593|dum_5|48962477|48967993|+|5516"   
[114] "_R_N1593|dum_5|48901345|48906872|+|5527"   
[115] "_R_N1593|dum_5|48928139|48933661|+|5522"   
[116] "N1593|dum_2|211265195|211270720|+|5525"    
[117] "N1593|dum_2|212419433|212424958|+|5525"    
[118] "N1593|dum_2|208464264|208469791|+|5527"    
[119] "_R_N1593|dum_11|168676579|168682096|+|5517"
[120] "N1593|dum_9|119154179|119159706|+|5527"    
[121] "_R_N1593|dum_5|145239009|145244526|+|5517" 
[122] "_R_N1593|dum_5|86019|91547|+|5528"         
[123] "N1593|dum_10|130283223|130288746|+|5523"   
[124] "_R_N1593|dum_7|59326380|59331903|+|5523"   
[125] "_R_N1593|dum_10|166628397|166633918|+|5521"
[126] "_R_N1593|dum_9|138283|143811|+|5528"       
[127] "_R_N1593|dum_6|38838455|38843986|+|5531"   
[128] "_R_N1593|dum_6|39193143|39198667|+|5524"   
[129] "N1593|dum_3|26421089|26426618|+|5529"      
[130] "_R_N1593|dum_5|146037433|146042962|+|5529" 
[131] "N1593|dum_5|68411743|68417270|+|5527"      
[132] "_R_N1593|dum_6|38501308|38506832|+|5524"   
[133] "_R_N1593|dum_7|206936626|206942153|+|5527" 
[134] "_R_N1593|dum_5|9658312|9663840|+|5528"     
[135] "_R_N1593|dum_5|9685411|9690940|+|5529"     
[136] "_R_N1593|dum_2|289438001|289443522|+|5521" 
[137] "_R_N1593|dum_9|188796270|188801790|+|5520" 
[138] "_R_N1593|dum_X1|1417691|1423212|+|5521"    
[139] "_R_N1593|dum_X1|1443855|1449382|+|5527"    
[140] "_R_N1593|dum_10|135399649|135405177|+|5528"
[141] "_R_N1593|dum_5|1178782|1184310|+|5528"     
[142] "_R_N1593|dum_10|90150081|90155612|+|5531"  
[143] "_R_N1593|dum_7|59977835|59983360|+|5525"   
[144] "N1593|dum_10|21837036|21842567|+|5531"     
[145] "_R_N1593|dum_3|1770019|1775550|+|5531"     
[146] "N1593|dum_9|167280959|167286490|+|5531"    
[147] "_R_N1593|dum_10|90093470|90099001|+|5531"  
[148] "N1593|dum_10|166130546|166136077|+|5531"   
[149] "_R_N1593|dum_7|58179686|58185218|+|5532"   
[150] "N1593|dum_10|22202517|22208050|+|5533"     
[151] "N1593|dum_2|211550683|211556218|+|5535"    
[152] "N1593|dum_2|212704921|212710456|+|5535"    
[153] "_R_N1593|dum_10|24494850|24500380|+|5530"  
[154] "_R_N1593|dum_5|145509165|145514694|+|5529" 
[155] "_R_N1593|dum_5|67850819|67856349|+|5530"   
[156] "N1593|dum_5|122728374|122733904|+|5530"    
[157] "N1593|dum_5|122556390|122561920|+|5530"    
[158] "N1593|dum_10|65205612|65211144|+|5532"     
[159] "_R_N1593|dum_5|144169838|144175369|+|5531" 
[160] "_R_N1593|dum_5|67511247|67516763|+|5516"   
[161] "N1593|dum_5|13749109|13754637|+|5528"      
[162] "_R_N1593|dum_5|173854813|173860347|+|5534" 
[163] "N1593|dum_5|69022961|69028490|+|5529"      
[164] "N1593|dum_10|6680714|6686238|+|5524"       
[165] "N1593|dum_6|4300080|4305604|+|5524"        
[166] "_R_N1593|dum_9|188746415|188751940|+|5525" 
[167] "_R_N1593|dum_X1|1392448|1397974|+|5526"    
[168] "_R_N1593|dum_4|9023202|9028738|+|5536"     
[169] "_R_N1593|dum_5|139833380|139838898|+|5518" 
[170] "N1593|dum_5|68866866|68872394|+|5528"      
[171] "_R_N1593|dum_4|9386039|9391003|+|4964"     
[172] "_R_N1593|dum_4|9117227|9122192|+|4965"     
[173] "N1593|dum_5|168776630|168781587|+|4957"    
[174] "N1593|dum_5|168822018|168827543|+|5525"    
[175] "N1593|dum_5|168732762|168737728|+|4966"    
[176] "_R_N1593|dum_5|67071735|67076704|+|4969"   
[177] "N1593|dum_5|26626274|26631223|+|4949"      
[178] "N1593|dum_5|26827302|26832261|+|4959"      
[179] "_R_N1593|dum_2|84596398|84601935|+|5537"   
[180] "_R_N1593|dum_5|173323368|173328334|+|4966" 
[181] "_R_N1593|dum_5|172929085|172934045|+|4960" 
[182] "_R_N1593|dum_5|172963599|172969124|+|5525" 
[183] "N1593|dum_5|68897978|68902596|+|4618"      
[184] "N1593|dum_5|26788029|26793543|+|5514"      
[185] "_R_N1593|dum_5|67003012|67008528|+|5516"   
[186] "_R_N1593|dum_4|9158836|9164356|+|5520"     
[187] "_R_N1593|dum_4|9217258|9222778|+|5520"     
[188] "N1593|dum_5|68829638|68835131|+|5493"      
[189] "_R_N1593|dum_4|9420513|9426022|+|5509"     
[190] "N1593|dum_5|173022271|173027793|+|5522"    
[191] "N1593|dum_5|26761723|26766928|+|5205"      
[192] "_R_N1593|dum_5|67028805|67034307|+|5502"   
[193] "N1593|dum_5|168106201|168111725|+|5524"    
[194] "N1593|dum_5|26583852|26589360|+|5508"      
[195] "_R_N1593|dum_4|9182207|9187731|+|5524"     
[196] "_R_N1593|dum_4|9240632|9246154|+|5522"     
[197] "_R_N1593|dum_4|9047618|9053140|+|5522"     
[198] "_R_N1593|dum_5|173365380|173370909|+|5529" 
[199] "N1593|dum_5|26555764|26561272|+|5508"      
[200] "_R_N1593|dum_5|173875805|173881318|+|5513" 
[201] "_R_N1593|dum_5|173287153|173292450|+|5297" 
[202] "N1593|dum_5|26663873|26669380|+|5507"      
[203] "N1593|dum_5|26873080|26878603|+|5523"      
[204] "_R_N1593|dum_5|139906336|139911299|+|4963" 
[205] "_R_N1593|dum_4|9321698|9327225|+|5527"     
[206] "N1593|dum_5|68963660|68969170|+|5510"      
[207] "N1593|dum_5|26690037|26695240|+|5203"      
[208] "N1593|dum_5|26898774|26904288|+|5514"      
[209] "N1593|dum_1|231147743|231153265|+|5522"    
[210] "N1593|dum_1|231173408|231178934|+|5526"    
[211] "N1593|dum_5|168697740|168703251|+|5511"    
[212] "_R_N1593|dum_2|84636597|84642100|+|5503"   
[213] "_R_N1593|dum_4|9079612|9085113|+|5501"     
[214] "N1593|dum_9|119042698|119048218|+|5520"    
[215] "_R_N1593|dum_5|67104807|67110320|+|5513"   
[216] "N1593|dum_1|231054874|231060374|+|5500"    
[217] "N1593|dum_1|231112520|231118020|+|5500"    
[218] "N1593|dum_1|231080835|231086335|+|5500"    
[219] "_R_N1593|dum_10|24837|30343|+|5506"        
[220] "N1593|dum_10|89503154|89508659|+|5505"     
[221] "N1593|dum_4|261856378|261861879|+|5501"    
[222] "_R_N1593|dum_4|9350691|9356180|+|5489"     
[223] "_R_N1593|dum_2|84571580|84576732|+|5152"   
[224] "N1593|dum_4|26426184|26431705|+|5521"      
[225] "N1593|dum_5|68796507|68800937|+|4430"      
[226] "N1593|dum_5|68807915|68813080|+|5165"      
[227] "_R_N1593|dum_10|57424|62950|+|5526"        
[228] "N1593|dum_1|231029696|231035175|+|5479"    
