jobinfo 30048989
getting scaled timeline
 [1] "_R_N8391|ten_7|70884218|70888494|+|4276"
 [2] "_R_N8391|ten_7|70911862|70916131|+|4269"
 [3] "_R_N8391|ten_7|70925888|70930152|+|4264"
 [4] "_R_N8391|ten_7|70856160|70860436|+|4276"
 [5] "_R_N8391|ten_7|72095945|72100216|+|4271"
 [6] "N8391|ten_7|70799516|70803780|+|4264"   
 [7] "_R_N8391|ten_7|70842146|70846408|+|4262"
 [8] "N8391|ten_7|70806526|70810790|+|4264"   
 [9] "N8391|ten_7|72040238|72044504|+|4266"   
[10] "N8391|ten_7|72054260|72058525|+|4265"   
[11] "_R_N8391|ten_7|72088938|72093201|+|4263"
[12] "_R_N8391|ten_7|70904850|70909116|+|4266"
[13] "_R_N8391|ten_7|70863183|70867446|+|4263"
[14] "_R_N8391|ten_7|70890828|70895091|+|4263"
[15] "_R_N8391|ten_7|70877206|70881470|+|4264"
[16] "_R_N8391|ten_7|69929552|69933824|+|4272"
[17] "N8391|ten_7|72019202|72023467|+|4265"   
[18] "_R_N8391|ten_7|70897838|70902103|+|4265"
[19] "N8391|ten_7|70792505|70796770|+|4265"   
[20] "N8391|ten_7|72047250|72051514|+|4264"   
[21] "N8391|ten_7|71970186|71974451|+|4265"   
[22] "N8391|ten_7|71977198|71981465|+|4267"   
[23] "_R_N8391|ten_7|69936572|69940838|+|4266"
[24] "_R_N8391|ten_7|69943583|69947851|+|4268"
[25] "_R_N8391|ten_7|69910898|69915154|+|4256"
[26] "N8391|ten_7|72026213|72030476|+|4263"   
[27] "_R_N8391|ten_7|70849152|70853413|+|4261"
[28] "N8391|ten_7|70776937|70781200|+|4263"   
[29] "N8391|ten_7|71991195|71995461|+|4266"   
[30] "_R_N8391|ten_7|69894038|69898317|+|4279"
[31] "N8391|ten_7|72012192|72016457|+|4265"   
[32] "N8391|ten_7|71963170|71967438|+|4268"   
[33] "N8391|ten_7|72033224|72037491|+|4267"   
[34] "N8391|ten_7|72005178|72009447|+|4269"   
[35] "N8391|ten_7|71984212|71988448|+|4236"   
[36] "N8391|ten_7|71998207|72002431|+|4224"   
[37] "_R_N8391|ten_7|70918876|70923143|+|4267"
[38] "_R_N8391|ten_7|70870193|70874459|+|4266"
[39] "N8391|ten_7|70769924|70774190|+|4266"   
[40] "_R_N8391|ten_7|69950595|69954858|+|4263"
[41] "N8391|ten_7|70762910|70767177|+|4267"   
[42] "N8391|ten_7|71956160|71960422|+|4262"   
[43] "N8391|ten_7|69867653|69871931|+|4278"   
[44] "N8391|ten_7|70825301|70829580|+|4279"   
[45] "_R_N8391|ten_7|72071112|72075384|+|4272"
[46] "N8391|ten_7|69848989|69853263|+|4274"   
[47] "_R_N8391|ten_7|69982389|69986664|+|4275"
[48] "N8391|ten_7|69879273|69883562|+|4289"   
[49] "N8391|ten_7|70173231|70177504|+|4273"   
[50] "N8391|ten_7|70684126|70688401|+|4275"   
[51] "N8391|ten_7|71899990|71904265|+|4275"   
[52] "_R_N8391|ten_7|70031623|70035903|+|4280"
[53] "_R_N8391|ten_7|71004698|71008571|+|3873"
[54] "N8391|ten_7|71930697|71934960|+|4263"   
[55] "_R_N8391|ten_7|70970060|70974317|+|4257"
[56] "N8391|ten_7|70718754|70723007|+|4253"   
[57] "N8391|ten_7|70195426|70199698|+|4272"   
[58] "_R_N8391|ten_7|70001042|70005332|+|4290"
[59] "_R_N8391|ten_7|69808083|69812355|+|4272"
[60] "N8391|ten_7|69828661|69832941|+|4280"   
[61] "_R_N8391|ten_7|70735448|70739747|+|4299"
[62] "N8391|ten_7|70953319|70957617|+|4298"   
[63] "_R_N8391|ten_7|70212133|70216436|+|4303"
[64] "N8391|dum_7|132694054|132698329|+|4275" 
