jobinfo 30048739
getting scaled timeline
   [1] "_R_N5297|dum_6|162581315|162582646|+|1331" 
   [2] "_R_N5297|dum_6|160432747|160434075|+|1328" 
   [3] "_R_N5297|dum_6|161995593|161996922|+|1329" 
   [4] "_R_N5297|dum_6|162184654|162185984|+|1330" 
   [5] "_R_N5297|dum_6|162931368|162932697|+|1329" 
   [6] "_R_N5297|dum_6|160608717|160610050|+|1333" 
   [7] "_R_N5297|dum_6|160611646|160612977|+|1331" 
   [8] "_R_N5297|dum_6|160614551|160615881|+|1330" 
   [9] "_R_N5297|dum_6|159680009|159681340|+|1331" 
  [10] "_R_N5297|dum_6|160087171|160088504|+|1333" 
  [11] "_R_N5297|dum_6|159870617|159871948|+|1331" 
  [12] "_R_N5297|dum_6|161983922|161985244|+|1322" 
  [13] "_R_N5297|dum_6|162181760|162183082|+|1322" 
  [14] "_R_N5297|dum_6|161986847|161988170|+|1323" 
  [15] "_R_N5297|dum_6|162178834|162180157|+|1323" 
  [16] "_R_N5297|dum_6|162928450|162929771|+|1321" 
  [17] "_R_N5297|dum_6|161989773|161991097|+|1324" 
  [18] "_R_N5297|dum_6|160643681|160645011|+|1330" 
  [19] "_R_N5297|dum_6|159527625|159528954|+|1329" 
  [20] "_R_N5297|dum_6|159598870|159600197|+|1327" 
  [21] "_R_N5297|dum_6|160125247|160126575|+|1328" 
  [22] "_R_N5297|dum_6|160130991|160132317|+|1326" 
  [23] "_R_N5297|dum_6|160233325|160234651|+|1326" 
  [24] "_R_N5297|dum_6|160186098|160187426|+|1328" 
  [25] "_R_N5297|dum_6|160192043|160193371|+|1328" 
  [26] "_R_N5297|dum_8|1671244|1672572|+|1328"     
  [27] "_R_N5297|dum_6|160136922|160138253|+|1331" 
  [28] "_R_N5297|dum_6|160142761|160144088|+|1327" 
  [29] "_R_N5297|dum_6|159762267|159763592|+|1325" 
  [30] "_R_N5297|dum_6|160877757|160879088|+|1331" 
  [31] "_R_N5297|dum_6|162377691|162379022|+|1331" 
  [32] "_R_N5297|dum_6|159967610|159968941|+|1331" 
  [33] "_R_N5297|dum_6|159824255|159825586|+|1331" 
  [34] "_R_N5297|dum_6|160166205|160167536|+|1331" 
  [35] "_R_N5297|dum_6|162504351|162505682|+|1331" 
  [36] "_R_N5297|dum_6|162638058|162639402|+|1344" 
  [37] "_R_N5297|dum_6|162495625|162496954|+|1329" 
  [38] "_R_N5297|dum_6|159891229|159892558|+|1329" 
  [39] "_R_N5297|dum_6|160395710|160397039|+|1329" 
  [40] "_R_N5297|dum_6|160398646|160399975|+|1329" 
  [41] "_R_N5297|dum_6|161503563|161504892|+|1329" 
  [42] "_R_N5297|dum_6|161518200|161519529|+|1329" 
  [43] "_R_N5297|dum_6|161512356|161513685|+|1329" 
  [44] "_R_N5297|dum_6|159765180|159766508|+|1328" 
  [45] "_R_N5297|dum_6|161715729|161717070|+|1341" 
  [46] "_R_N5297|dum_6|161694369|161695699|+|1330" 
  [47] "_R_N5297|dum_6|162604969|162606297|+|1328" 
  [48] "_R_N5297|dum_6|160837666|160838993|+|1327" 
  [49] "_R_N5297|dum_6|161039435|161040762|+|1327" 
  [50] "_R_N5297|dum_6|161042393|161043722|+|1329" 
  [51] "_R_N5297|dum_6|160840624|160841955|+|1331" 
  [52] "_R_N5297|dum_6|160262623|160263955|+|1332" 
  [53] "_R_N5297|dum_6|160265524|160266857|+|1333" 
  [54] "_R_N5297|dum_6|162599026|162600361|+|1335" 
  [55] "_R_N5297|dum_6|160779214|160780545|+|1331" 
  [56] "_R_N5297|dum_6|160782218|160783549|+|1331" 
  [57] "_R_N5297|dum_6|160773283|160774613|+|1330" 
  [58] "_R_N5297|dum_6|160599892|160601227|+|1335" 
  [59] "_R_N5297|dum_6|159480618|159481953|+|1335" 
  [60] "_R_N5297|dum_6|160576475|160577807|+|1332" 
  [61] "_R_N5297|dum_6|159407421|159408756|+|1335" 
  [62] "_R_N5297|dum_6|159414771|159416106|+|1335" 
  [63] "_R_N5297|dum_6|159403745|159405081|+|1336" 
  [64] "_R_N5297|dum_6|159411096|159412431|+|1335" 
  [65] "_R_N5297|dum_6|159429488|159430823|+|1335" 
  [66] "_R_N5297|dum_6|160098912|160100241|+|1329" 
  [67] "_R_N5297|dum_6|160110616|160111945|+|1329" 
  [68] "_R_N5297|dum_6|160096025|160097354|+|1329" 
  [69] "_R_N5297|dum_6|160107727|160109058|+|1331" 
  [70] "_R_N5297|dum_6|160582343|160583673|+|1330" 
  [71] "_R_N5297|dum_6|159768097|159769423|+|1326" 
  [72] "_R_N5297|dum_6|159961756|159963090|+|1334" 
  [73] "_R_N5297|dum_6|159964683|159966013|+|1330" 
  [74] "_R_N5297|dum_6|163017622|163018953|+|1331" 
  [75] "_R_N5297|dum_6|159484271|159485604|+|1333" 
  [76] "_R_N5297|dum_6|160386980|160388313|+|1333" 
  [77] "_R_N5297|dum_6|163431228|163432560|+|1332" 
  [78] "_R_N5297|dum_6|160292422|160293753|+|1331" 
  [79] "_R_N5297|dum_6|160295344|160296666|+|1322" 
  [80] "_R_N5297|dum_6|160298306|160299629|+|1323" 
  [81] "_R_N5297|dum_6|159947200|159948526|+|1326" 
  [82] "_R_N5297|dum_6|160304155|160305474|+|1319" 
  [83] "_R_N5297|dum_6|162170010|162171342|+|1332" 
  [84] "_R_N5297|dum_6|162313596|162314927|+|1331" 
  [85] "_R_N5297|dum_6|160811425|160812738|+|1313" 
  [86] "_R_N5297|dum_6|160177550|160178884|+|1334" 
  [87] "_R_N5297|dum_6|160667477|160668814|+|1337" 
  [88] "_R_N5297|dum_6|160929996|160931328|+|1332" 
  [89] "_R_N5297|dum_6|160935796|160937129|+|1333" 
  [90] "_R_N5297|dum_6|160927054|160928383|+|1329" 
  [91] "_R_N5297|dum_6|160932890|160934222|+|1332" 
  [92] "_R_N5297|dum_6|162602054|162603384|+|1330" 
  [93] "_R_N5297|dum_6|159476962|159478292|+|1330" 
  [94] "_R_N5297|dum_6|162172935|162174265|+|1330" 
  [95] "_R_N5297|dum_6|162319362|162320692|+|1330" 
  [96] "_R_N5297|dum_6|160553037|160554367|+|1330" 
  [97] "_R_N5297|dum_6|159894151|159895481|+|1330" 
  [98] "_R_N5297|dum_6|159900155|159901485|+|1330" 
  [99] "_R_N5297|dum_6|159906159|159907488|+|1329" 
 [100] "_R_N5297|dum_6|159897156|159898484|+|1328" 
 [101] "_R_N5297|dum_6|159903160|159904488|+|1328" 
 [102] "_R_N5297|dum_6|159873555|159874884|+|1329" 
 [103] "_R_N5297|dum_6|160312566|160313892|+|1326" 
 [104] "_R_N5297|dum_6|160315454|160316780|+|1326" 
 [105] "_R_N5297|dum_6|159988042|159989367|+|1325" 
 [106] "_R_N5297|dum_6|159990961|159992285|+|1324" 
 [107] "_R_N5297|dum_6|159982213|159983543|+|1330" 
 [108] "_R_N5297|dum_6|162007137|162008467|+|1330" 
 [109] "_R_N5297|dum_6|162196161|162197491|+|1330" 
 [110] "_R_N5297|dum_6|162945616|162946946|+|1330" 
 [111] "_R_N5297|dum_6|162951470|162952799|+|1329" 
 [112] "_R_N5297|dum_6|160585229|160586560|+|1331" 
 [113] "_R_N5297|dum_6|162622620|162623951|+|1331" 
 [114] "_R_N5297|dum_6|161688471|161689801|+|1330" 
 [115] "_R_N5297|dum_6|161691414|161692744|+|1330" 
 [116] "_R_N5297|dum_6|160649619|160650952|+|1333" 
 [117] "_R_N5297|dum_6|161665046|161666377|+|1331" 
 [118] "_R_N5297|dum_6|161670876|161672206|+|1330" 
 [119] "_R_N5297|dum_6|161676625|161677957|+|1332" 
 [120] "_R_N5297|dum_6|161639141|161640469|+|1328" 
 [121] "_R_N5297|dum_6|161644906|161646235|+|1329" 
 [122] "_R_N5297|dum_6|161627555|161628883|+|1328" 
 [123] "_R_N5297|dum_6|161642023|161643352|+|1329" 
 [124] "_R_N5297|dum_6|161653555|161654884|+|1329" 
 [125] "_R_N5297|dum_6|161647789|161649118|+|1329" 
 [126] "_R_N5297|dum_6|161650672|161652001|+|1329" 
 [127] "_R_N5297|dum_6|161656438|161657767|+|1329" 
 [128] "_R_N5297|dum_6|161636257|161637587|+|1330" 
 [129] "_R_N5297|dum_6|161630490|161631818|+|1328" 
 [130] "_R_N5297|dum_6|161633372|161634699|+|1327" 
 [131] "_R_N5297|dum_6|160998542|160999873|+|1331" 
 [132] "_R_N5297|dum_6|161153996|161155327|+|1331" 
 [133] "_R_N5297|dum_6|160983812|160985143|+|1331" 
 [134] "_R_N5297|dum_6|160986790|160988120|+|1330" 
 [135] "_R_N5297|dum_6|160989768|160991098|+|1330" 
 [136] "_R_N5297|dum_6|161145207|161146537|+|1330" 
 [137] "_R_N5297|dum_6|161142191|161143521|+|1330" 
 [138] "_R_N5297|dum_6|160992690|160994020|+|1330" 
 [139] "_R_N5297|dum_6|160995612|160996942|+|1330" 
 [140] "_R_N5297|dum_6|161159858|161161188|+|1330" 
 [141] "_R_N5297|dum_6|161004403|161005743|+|1340" 
 [142] "_R_N5297|dum_6|161148137|161149466|+|1329" 
 [143] "_R_N5297|dum_6|160764870|160766199|+|1329" 
 [144] "_R_N5297|dum_6|160767800|160769130|+|1330" 
 [145] "_R_N5297|dum_6|160392773|160394103|+|1330" 
 [146] "_R_N5297|dum_6|161679602|161680936|+|1334" 
 [147] "_R_N5297|dum_6|160579410|160580740|+|1330" 
 [148] "_R_N5297|dum_6|161001473|161002803|+|1330" 
 [149] "_R_N5297|dum_6|161151066|161152396|+|1330" 
 [150] "_R_N5297|dum_6|161007343|161008671|+|1328" 
 [151] "_R_N5297|dum_6|161183254|161184582|+|1328" 
 [152] "_R_N5297|dum_6|161021967|161023295|+|1328" 
 [153] "_R_N5297|dum_6|161156927|161158258|+|1331" 
 [154] "_R_N5297|dum_6|161483242|161484570|+|1328" 
 [155] "_R_N5297|dum_6|161486166|161487495|+|1329" 
 [156] "_R_N5297|dum_6|161480322|161481652|+|1330" 
 [157] "_R_N5297|dum_6|162339838|162341167|+|1329" 
 [158] "_R_N5297|dum_6|162342725|162344054|+|1329" 
 [159] "_R_N5297|dum_6|160652574|160653903|+|1329" 
 [160] "_R_N5297|dum_6|160655525|160656853|+|1328" 
 [161] "_R_N5297|dum_6|160761917|160763246|+|1329" 
 [162] "_R_N5297|dum_6|160658475|160659804|+|1329" 
 [163] "_R_N5297|dum_6|162431285|162432613|+|1328" 
 [164] "_R_N5297|dum_6|160534673|160536001|+|1328" 
 [165] "_R_N5297|dum_6|162434189|162435517|+|1328" 
 [166] "_R_N5297|dum_6|162440035|162441364|+|1329" 
 [167] "_R_N5297|dum_6|163084998|163086329|+|1331" 
 [168] "_R_N5297|dum_6|163093750|163095080|+|1330" 
 [169] "_R_N5297|dum_6|163082068|163083399|+|1331" 
 [170] "_R_N5297|dum_6|160944495|160945826|+|1331" 
 [171] "_R_N5297|dum_6|160941567|160942900|+|1333" 
 [172] "_R_N5297|dum_6|161118704|161120033|+|1329" 
 [173] "_R_N5297|dum_6|161124586|161125916|+|1330" 
 [174] "_R_N5297|dum_6|161130466|161131796|+|1330" 
 [175] "_R_N5297|dum_6|161136326|161137656|+|1330" 
 [176] "_R_N5297|dum_6|160975033|160976363|+|1330" 
 [177] "_R_N5297|dum_6|160591076|160592406|+|1330" 
 [178] "_R_N5297|dum_6|160019987|160021317|+|1330" 
 [179] "_R_N5297|dum_6|160345074|160346404|+|1330" 
 [180] "_R_N5297|dum_6|159815448|159816779|+|1331" 
 [181] "_R_N5297|dum_6|161907738|161909068|+|1330" 
 [182] "_R_N5297|dum_6|162844030|162845360|+|1330" 
 [183] "_R_N5297|dum_6|163237769|163239098|+|1329" 
 [184] "_R_N5297|dum_6|163274716|163276045|+|1329" 
 [185] "_R_N5297|dum_6|163305822|163307154|+|1332" 
 [186] "_R_N5297|dum_6|163281254|163282580|+|1326" 
 [187] "_R_N5297|dum_6|163288070|163289396|+|1326" 
 [188] "_R_N5297|dum_6|163320477|163321807|+|1330" 
 [189] "_R_N5297|dum_6|163215687|163217010|+|1323" 
 [190] "_R_N5297|dum_6|160236190|160237519|+|1329" 
 [191] "_R_N5297|dum_6|160969200|160970529|+|1329" 
 [192] "_R_N5297|dum_6|161112864|161114194|+|1330" 
 [193] "_R_N5297|dum_6|160972099|160973430|+|1331" 
 [194] "_R_N5297|dum_6|161115771|161117101|+|1330" 
 [195] "_R_N5297|dum_6|160957379|160958709|+|1330" 
 [196] "_R_N5297|dum_6|162175903|162177231|+|1328" 
 [197] "_R_N5297|dum_6|162322352|162323680|+|1328" 
 [198] "_R_N5297|dum_6|161570650|161571977|+|1327" 
 [199] "_R_N5297|dum_6|161558825|161560153|+|1328" 
 [200] "_R_N5297|dum_6|161235970|161237299|+|1329" 
 [201] "_R_N5297|dum_6|160537599|160538929|+|1330" 
 [202] "_R_N5297|dum_6|160540527|160541855|+|1328" 
 [203] "_R_N5297|dum_6|160215585|160216915|+|1330" 
 [204] "_R_N5297|dum_6|160218509|160219841|+|1332" 
 [205] "_R_N5297|dum_6|160206786|160208119|+|1333" 
 [206] "_R_N5297|dum_6|160212658|160213991|+|1333" 
 [207] "_R_N5297|dum_6|160466072|160467399|+|1327" 
 [208] "_R_N5297|dum_6|160469014|160470342|+|1328" 
 [209] "_R_N5297|dum_6|159941366|159942684|+|1318" 
 [210] "_R_N5297|dum_6|159944286|159945605|+|1319" 
 [211] "_R_N5297|dum_6|160435697|160437026|+|1329" 
 [212] "_R_N5297|dum_6|160438648|160439977|+|1329" 
 [213] "_R_N5297|dum_6|161592722|161594055|+|1333" 
 [214] "_R_N5297|dum_6|161598555|161599889|+|1334" 
 [215] "_R_N5297|dum_6|161595636|161596969|+|1333" 
 [216] "_R_N5297|dum_6|159713218|159714550|+|1332" 
 [217] "_R_N5297|dum_6|159929555|159930889|+|1334" 
 [218] "_R_N5297|dum_6|160286486|160287820|+|1334" 
 [219] "_R_N5297|dum_6|159888286|159889622|+|1336" 
 [220] "_R_N5297|dum_6|163005885|163007218|+|1333" 
 [221] "_R_N5297|dum_6|160646578|160647911|+|1333" 
 [222] "_R_N5297|dum_6|159425818|159427162|+|1344" 
 [223] "_R_N5297|dum_6|159436879|159438223|+|1344" 
 [224] "_R_N5297|dum_6|159433159|159434505|+|1346" 
 [225] "_R_N5297|dum_6|159396420|159397753|+|1333" 
 [226] "_R_N5297|dum_6|160101837|160103169|+|1332" 
 [227] "_R_N5297|dum_6|160116477|160117810|+|1333" 
 [228] "_R_N5297|dum_6|160104750|160106083|+|1333" 
 [229] "_R_N5297|dum_6|160119392|160120724|+|1332" 
 [230] "_R_N5297|dum_6|160274442|160275776|+|1334" 
 [231] "_R_N5297|dum_6|160938691|160940023|+|1332" 
 [232] "_R_N5297|dum_6|161998566|161999897|+|1331" 
 [233] "_R_N5297|dum_6|162187589|162188920|+|1331" 
 [234] "_R_N5297|dum_6|162934304|162935636|+|1332" 
 [235] "_R_N5297|dum_6|159923734|159925063|+|1329" 
 [236] "_R_N5297|dum_6|161992690|161994021|+|1331" 
 [237] "_R_N5297|dum_6|159829973|159831311|+|1338" 
 [238] "_R_N5297|dum_6|159832906|159834237|+|1331" 
 [239] "_R_N5297|dum_6|159844476|159845812|+|1336" 
 [240] "_R_N5297|dum_6|159850235|159851569|+|1334" 
 [241] "_R_N5297|dum_6|160049027|160050359|+|1332" 
 [242] "_R_N5297|dum_6|160051897|160053235|+|1338" 
 [243] "_R_N5297|dum_6|160043281|160044617|+|1336" 
 [244] "_R_N5297|dum_6|160046155|160047489|+|1334" 
 [245] "_R_N5297|dum_6|159847366|159848702|+|1336" 
 [246] "_R_N5297|dum_6|159469666|159470998|+|1332" 
 [247] "_R_N5297|dum_6|159473313|159474645|+|1332" 
 [248] "_R_N5297|dum_6|160174635|160175970|+|1335" 
 [249] "_R_N5297|dum_6|160180236|160181568|+|1332" 
 [250] "_R_N5297|dum_6|163134878|163136210|+|1332" 
 [251] "_R_N5297|dum_6|163070335|163071665|+|1330" 
 [252] "_R_N5297|dum_6|163120239|163121567|+|1328" 
 [253] "_R_N5297|dum_6|161582408|161583731|+|1323" 
 [254] "_R_N5297|dum_6|161588222|161589546|+|1324" 
 [255] "_R_N5297|dum_6|161491906|161493234|+|1328" 
 [256] "_R_N5297|dum_6|161194926|161196256|+|1330" 
 [257] "_R_N5297|dum_6|160473011|160474175|+|1164" 
 [258] "_R_N5297|dum_6|159575347|159576674|+|1327" 
 [259] "_R_N5297|dum_6|159578347|159579674|+|1327" 
 [260] "_R_N5297|dum_6|159920853|159922181|+|1328" 
 [261] "_R_N5297|dum_6|160250867|160252197|+|1330" 
 [262] "_R_N5297|dum_6|159697461|159698787|+|1326" 
 [263] "_R_N5297|dum_6|159707324|159708650|+|1326" 
 [264] "_R_N5297|dum_6|162613852|162615179|+|1327" 
 [265] "_R_N5297|dum_6|161741564|161742890|+|1326" 
 [266] "_R_N5297|dum_6|161744485|161745811|+|1326" 
 [267] "_R_N5297|dum_6|162671081|162672404|+|1323" 
 [268] "_R_N5297|dum_6|162673999|162675338|+|1339" 
 [269] "_R_N5297|dum_6|161738640|161739969|+|1329" 
 [270] "_R_N5297|dum_6|162668155|162669486|+|1331" 
 [271] "_R_N5297|dum_6|163096666|163098001|+|1335" 
 [272] "_R_N5297|dum_6|163090830|163092167|+|1337" 
 [273] "_R_N5297|dum_6|163087915|163089247|+|1332" 
 [274] "_R_N5297|dum_6|163055543|163056876|+|1333" 
 [275] "_R_N5297|dum_8|1651758|1653089|+|1331"     
 [276] "_R_N5297|dum_6|160456211|160457544|+|1333" 
 [277] "_R_N5297|dum_6|160528656|160529987|+|1331" 
 [278] "_R_N5297|dum_6|162010064|162011392|+|1328" 
 [279] "_R_N5297|dum_6|162948543|162949873|+|1330" 
 [280] "_R_N5297|dum_6|162957246|162958575|+|1329" 
 [281] "_R_N5297|dum_6|159563487|159564819|+|1332" 
 [282] "_R_N5297|dum_6|159569349|159570680|+|1331" 
 [283] "_R_N5297|dum_6|159581347|159582678|+|1331" 
 [284] "_R_N5297|dum_6|160525685|160527016|+|1331" 
 [285] "_R_N5297|dum_6|160531705|160533033|+|1328" 
 [286] "_R_N5297|dum_6|161601474|161602805|+|1331" 
 [287] "_R_N5297|dum_6|160918880|160921359|+|2479" 
 [288] "_R_N5297|dum_6|161105763|161108240|+|2477" 
 [289] "_R_N5297|dum_6|161659313|161660651|+|1338" 
 [290] "_R_N5297|dum_6|159856098|159857423|+|1325" 
 [291] "_R_N5297|dum_6|159861911|159863234|+|1323" 
 [292] "_R_N5297|dum_6|159662530|159663853|+|1323" 
 [293] "_R_N5297|dum_6|160057733|160059060|+|1327" 
 [294] "_R_N5297|dum_6|159656685|159658012|+|1327" 
 [295] "_R_N5297|dum_6|159853169|159854497|+|1328" 
 [296] "_R_N5297|dum_6|159607436|159608765|+|1329" 
 [297] "_R_N5297|dum_6|159627516|159628842|+|1326" 
 [298] "_R_N5297|dum_6|159636123|159637451|+|1328" 
 [299] "_R_N5297|dum_6|159610291|159611619|+|1328" 
 [300] "_R_N5297|dum_6|159618943|159620271|+|1328" 
 [301] "_R_N5297|dum_6|159604583|159605910|+|1327" 
 [302] "_R_N5297|dum_6|159639049|159640380|+|1331" 
 [303] "_R_N5297|dum_6|160054815|160056143|+|1328" 
 [304] "_R_N5297|dum_6|159835834|159837166|+|1332" 
 [305] "_R_N5297|dum_6|159838713|159840043|+|1330" 
 [306] "_R_N5297|dum_6|159841590|159842923|+|1333" 
 [307] "_R_N5297|dum_6|159647856|159649187|+|1331" 
 [308] "_R_N5297|dum_6|159653731|159655060|+|1329" 
 [309] "_R_N5297|dum_6|159644914|159646246|+|1332" 
 [310] "_R_N5297|dum_6|159641972|159643304|+|1332" 
 [311] "_R_N5297|dum_6|159650775|159652106|+|1331" 
 [312] "_R_N5297|dum_6|160063631|160064961|+|1330" 
 [313] "_R_N5297|dum_6|160075371|160076705|+|1334" 
 [314] "_R_N5297|dum_6|161980988|161982319|+|1331" 
 [315] "_R_N5297|dum_6|162925515|162926847|+|1332" 
 [316] "_R_N5297|dum_6|160407432|160408764|+|1332" 
 [317] "_R_N5297|dum_6|160404491|160405819|+|1328" 
 [318] "_R_N5297|dum_6|160410365|160411696|+|1331" 
 [319] "_R_N5297|dum_6|160634974|160636308|+|1334" 
 [320] "_R_N5297|dum_6|160954441|160955775|+|1334" 
 [321] "_R_N5297|dum_6|159400067|159401407|+|1340" 
 [322] "_R_N5297|dum_6|159422151|159423493|+|1342" 
 [323] "_R_N5297|dum_6|162475169|162476501|+|1332" 
 [324] "_R_N5297|dum_6|162480968|162482302|+|1334" 
 [325] "_R_N5297|dum_6|159821392|159822727|+|1335" 
 [326] "_R_N5297|dum_6|162510135|162511468|+|1333" 
 [327] "_R_N5297|dum_6|162413713|162415046|+|1333" 
 [328] "_R_N5297|dum_6|162492701|162494033|+|1332" 
 [329] "_R_N5297|dum_6|162501417|162502746|+|1329" 
 [330] "_R_N5297|dum_6|159958885|159960219|+|1334" 
 [331] "_R_N5297|dum_6|160197966|160199302|+|1336" 
 [332] "_R_N5297|dum_6|160555975|160557300|+|1325" 
 [333] "_R_N5297|dum_6|159727786|159729118|+|1332" 
 [334] "_R_N5297|dum_6|159739393|159740725|+|1332" 
 [335] "_R_N5297|dum_6|159736592|159737923|+|1331" 
 [336] "_R_N5297|dum_6|159759315|159760647|+|1332" 
 [337] "_R_N5297|dum_6|159818453|159819785|+|1332" 
 [338] "_R_N5297|dum_6|160183167|160184501|+|1334" 
 [339] "_R_N5297|dum_6|160415361|160416691|+|1330" 
 [340] "_R_N5297|dum_6|160420169|160421499|+|1330" 
 [341] "_R_N5297|dum_6|160424968|160426298|+|1330" 
 [342] "_R_N5297|dum_6|162486808|162488136|+|1328" 
 [343] "_R_N5297|dum_6|162489766|162491096|+|1330" 
 [344] "_R_N5297|dum_6|159909163|159910492|+|1329" 
 [345] "_R_N5297|dum_6|159932521|159933850|+|1329" 
 [346] "_R_N5297|dum_6|159938444|159939773|+|1329" 
 [347] "_R_N5297|dum_6|159935482|159936812|+|1330" 
 [348] "_R_N5297|dum_6|159812445|159813778|+|1333" 
 [349] "_R_N5297|dum_6|162498491|162499819|+|1328" 
 [350] "_R_N5297|dum_6|160886528|160887860|+|1332" 
 [351] "_R_N5297|dum_6|161094093|161095425|+|1332" 
 [352] "_R_N5297|dum_6|161085314|161086644|+|1330" 
 [353] "_R_N5297|dum_6|161082382|161083712|+|1330" 
 [354] "_R_N5297|dum_6|160895310|160896641|+|1331" 
 [355] "_R_N5297|dum_6|159979294|159980619|+|1325" 
 [356] "_R_N5297|dum_6|159985123|159986448|+|1325" 
 [357] "_R_N5297|dum_6|159996786|159998110|+|1324" 
 [358] "_R_N5297|dum_6|162328212|162329534|+|1322" 
 [359] "_R_N5297|dum_6|159953020|159954344|+|1324" 
 [360] "_R_N5297|dum_6|159955963|159957287|+|1324" 
 [361] "_R_N5297|dum_6|160605784|160607122|+|1338" 
 [362] "_R_N5297|dum_6|160357980|160359307|+|1327" 
 [363] "_R_N5297|dum_6|160364778|160366106|+|1328" 
 [364] "_R_N5297|dum_6|160368696|160370024|+|1328" 
 [365] "_R_N5297|dum_6|160661399|160662725|+|1326" 
 [366] "_R_N5297|dum_6|161972284|161973614|+|1330" 
 [367] "_R_N5297|dum_6|162908104|162909435|+|1331" 
 [368] "_R_N5297|dum_6|159534889|159536220|+|1331" 
 [369] "_R_N5297|dum_6|159524699|159526027|+|1328" 
 [370] "_R_N5297|dum_6|160348058|160349392|+|1334" 
 [371] "_R_N5297|dum_6|160351114|160352447|+|1333" 
 [372] "_R_N5297|dum_6|160980877|160982190|+|1313" 
 [373] "_R_N5297|dum_6|161139257|161140569|+|1312" 
 [374] "_R_N5297|dum_6|161133381|161134696|+|1315" 
 [375] "_R_N5297|dum_6|159999713|160001042|+|1329" 
 [376] "_R_N5297|dum_6|161706203|161707538|+|1335" 
 [377] "_R_N5297|dum_6|162625546|162626882|+|1336" 
 [378] "_R_N5297|dum_6|160090101|160091437|+|1336" 
 [379] "_R_N5297|dum_6|160444485|160445817|+|1332" 
 [380] "_R_N5297|dum_6|160499410|160500744|+|1334" 
 [381] "_R_N5297|dum_6|163067409|163068740|+|1331" 
 [382] "_R_N5297|dum_6|163117332|163118664|+|1332" 
 [383] "_R_N5297|dum_6|163114386|163115720|+|1334" 
 [384] "_R_N5297|dum_6|160481804|160483134|+|1330" 
 [385] "_R_N5297|dum_6|163137748|163139078|+|1330" 
 [386] "_R_N5297|dum_6|162910995|162912328|+|1333" 
 [387] "_R_N5297|dum_6|160447434|160448763|+|1329" 
 [388] "_R_N5297|dum_6|160602873|160604201|+|1328" 
 [389] "_R_N5297|dum_6|160588163|160589493|+|1330" 
 [390] "_R_N5297|dum_6|162001469|162002800|+|1331" 
 [391] "_R_N5297|dum_6|162190492|162191823|+|1331" 
 [392] "_R_N5297|dum_6|162937208|162938538|+|1330" 
 [393] "_R_N5297|dum_6|162193235|162194564|+|1329" 
 [394] "_R_N5297|dum_6|162939950|162941277|+|1327" 
 [395] "_R_N5297|dum_6|162942689|162944017|+|1328" 
 [396] "_R_N5297|dum_6|162004212|162005540|+|1328" 
 [397] "_R_N5297|dum_6|160951503|160952842|+|1339" 
 [398] "_R_N5297|dum_6|162448825|162450159|+|1334" 
 [399] "_R_N5297|dum_6|161734975|161736305|+|1330" 
 [400] "_R_N5297|dum_6|162664482|162665812|+|1330" 
 [401] "_R_N5297|dum_6|160502339|160503667|+|1328" 
 [402] "_R_N5297|dum_6|160632067|160633400|+|1333" 
 [403] "_R_N5297|dum_6|160301230|160302560|+|1330" 
 [404] "_R_N5297|dum_6|163035128|163036458|+|1330" 
 [405] "_R_N5297|dum_6|163040962|163042296|+|1334" 
 [406] "_R_N5297|dum_6|163032205|163033536|+|1331" 
 [407] "_R_N5297|dum_6|161975169|161976503|+|1334" 
 [408] "_R_N5297|dum_6|161978056|161979388|+|1332" 
 [409] "_R_N5297|dum_6|162913883|162915215|+|1332" 
 [410] "_R_N5297|dum_6|162091618|162092950|+|1332" 
 [411] "_R_N5297|dum_6|162111278|162112609|+|1331" 
 [412] "_R_N5297|dum_6|162287170|162288501|+|1331" 
 [413] "_R_N5297|dum_6|162267543|162268875|+|1332" 
 [414] "_R_N5297|dum_6|161529965|161531293|+|1328" 
 [415] "_R_N5297|dum_6|160268457|160269785|+|1328" 
 [416] "_R_N5297|dum_6|160271384|160272714|+|1330" 
 [417] "_R_N5297|dum_6|159926628|159927956|+|1328" 
 [418] "_R_N5297|dum_6|160277480|160278804|+|1324" 
 [419] "_R_N5297|dum_6|160280508|160281833|+|1325" 
 [420] "_R_N5297|dum_6|159806481|159807818|+|1337" 
 [421] "_R_N5297|dum_6|159440570|159441903|+|1333" 
 [422] "_R_N5297|dum_6|160084202|160085535|+|1333" 
 [423] "_R_N5297|dum_6|160381155|160382483|+|1328" 
 [424] "_R_N5297|dum_6|160558890|160560221|+|1331" 
 [425] "_R_N5297|dum_6|162991213|162992544|+|1331" 
 [426] "_R_N5297|dum_6|160441533|160442861|+|1328" 
 [427] "_R_N5297|dum_6|160564774|160566106|+|1332" 
 [428] "_R_N5297|dum_6|162416613|162417945|+|1332" 
 [429] "_R_N5297|dum_6|159392702|159394038|+|1336" 
 [430] "_R_N5297|dum_6|159418452|159419798|+|1346" 
 [431] "_R_N5297|dum_6|160093040|160094381|+|1341" 
 [432] "_R_N5297|dum_6|159710247|159711582|+|1335" 
 [433] "_R_N5297|dum_6|159915004|159916340|+|1336" 
 [434] "_R_N5297|dum_6|160384082|160385414|+|1332" 
 [435] "_R_N5297|dum_6|159782709|159784042|+|1333" 
 [436] "_R_N5297|dum_6|159785661|159786992|+|1331" 
 [437] "_R_N5297|dum_6|159601726|159603059|+|1333" 
 [438] "_R_N5297|dum_6|159624660|159625992|+|1332" 
 [439] "_R_N5297|dum_6|159630373|159631704|+|1331" 
 [440] "_R_N5297|dum_6|160040424|160041753|+|1329" 
 [441] "_R_N5297|dum_6|159613150|159614479|+|1329" 
 [442] "_R_N5297|dum_6|159621802|159623131|+|1329" 
 [443] "_R_N5297|dum_6|159633249|159634585|+|1336" 
 [444] "_R_N5297|dum_6|159827115|159828444|+|1329" 
 [445] "_R_N5297|dum_6|159691658|159692966|+|1308" 
 [446] "_R_N5297|dum_6|159694557|159695864|+|1307" 
 [447] "_R_N5297|dum_6|159685844|159687152|+|1308" 
 [448] "_R_N5297|dum_6|159688751|159690059|+|1308" 
 [449] "_R_N5297|dum_6|159682938|159684246|+|1308" 
 [450] "_R_N5297|dum_6|159716139|159717469|+|1330" 
 [451] "_R_N5297|dum_6|159730715|159732045|+|1330" 
 [452] "_R_N5297|dum_6|160113550|160114881|+|1331" 
 [453] "_R_N5297|dum_6|159458760|159460093|+|1333" 
 [454] "_R_N5297|dum_6|159462398|159463730|+|1332" 
 [455] "_R_N5297|dum_6|160849418|160850750|+|1332" 
 [456] "_R_N5297|dum_6|161051184|161052515|+|1331" 
 [457] "_R_N5297|dum_6|160189099|160190426|+|1327" 
 [458] "_R_N5297|dum_6|160195044|160196371|+|1327" 
 [459] "_R_N5297|dum_6|161579496|161580826|+|1330" 
 [460] "_R_N5297|dum_6|161585310|161586640|+|1330" 
 [461] "_R_N5297|dum_6|162587184|162588516|+|1332" 
 [462] "_R_N5297|dum_6|162428355|162429682|+|1327" 
 [463] "_R_N5297|dum_6|162507282|162508613|+|1331" 
 [464] "_R_N5297|dum_6|162120117|162121444|+|1327" 
 [465] "_R_N5297|dum_6|162296010|162297336|+|1326" 
 [466] "_R_N5297|dum_6|161532884|161534218|+|1334" 
 [467] "_R_N5297|dum_6|160247945|160249270|+|1325" 
 [468] "_R_N5297|dum_6|162988285|162989616|+|1331" 
 [469] "_R_N5297|dum_6|163102590|163103920|+|1330" 
 [470] "_R_N5297|dum_6|163099654|163100987|+|1333" 
 [471] "_R_N5297|dum_6|163043896|163045233|+|1337" 
 [472] "_R_N5297|dum_6|163046832|163048154|+|1322" 
 [473] "_R_N5297|dum_6|160163276|160164612|+|1336" 
 [474] "_R_N5297|dum_6|161747375|161748711|+|1336" 
 [475] "_R_N5297|dum_6|160378225|160379554|+|1329" 
 [476] "_R_N5297|dum_6|163313189|163314532|+|1343" 
 [477] "_R_N5297|dum_6|163326499|163327835|+|1336" 
 [478] "_R_N5297|dum_6|163227992|163229329|+|1337" 
 [479] "_R_N5297|dum_6|163243552|163244887|+|1335" 
 [480] "_R_N5297|dum_6|163250056|163251390|+|1334" 
 [481] "_R_N5297|dum_6|163267555|163268890|+|1335" 
 [482] "_R_N5297|dum_8|1843203|1844494|+|1291"     
 [483] "_R_N5297|dum_8|1696898|1698189|+|1291"     
 [484] "_R_N5297|dum_8|1849389|1850674|+|1285"     
 [485] "_R_N5297|dum_8|1867525|1868816|+|1291"     
 [486] "_R_N5297|dum_8|1873557|1874840|+|1283"     
 [487] "_R_N5297|dum_8|1861306|1862590|+|1284"     
 [488] "_R_N5297|dum_8|1855239|1856523|+|1284"     
 [489] "_R_N5297|dum_8|1710104|1711392|+|1288"     
 [490] "_R_N5297|dum_8|1716375|1717663|+|1288"     
 [491] "_R_N5297|dum_8|1837400|1838684|+|1284"     
 [492] "_R_N5297|dum_8|1750316|1751599|+|1283"     
 [493] "_R_N5297|dum_6|163372024|163373310|+|1286" 
 [494] "_R_N5297|dum_6|163377883|163379168|+|1285" 
 [495] "_R_N5297|dum_6|163361769|163363056|+|1287" 
 [496] "_R_N5297|dum_8|1722483|1723765|+|1282"     
 [497] "_R_N5297|dum_8|1787867|1789150|+|1283"     
 [498] "_R_N5297|dum_8|1781755|1783035|+|1280"     
 [499] "_R_N5297|dum_8|1744114|1745402|+|1288"     
 [500] "_R_N5297|dum_8|1763342|1764626|+|1284"     
 [501] "_R_N5297|dum_8|1728581|1729865|+|1284"     
 [502] "_R_N5297|dum_8|1733032|1734317|+|1285"     
 [503] "_R_N5297|dum_8|1800131|1801414|+|1283"     
 [504] "_R_N5297|dum_8|1824971|1826258|+|1287"     
 [505] "_R_N5297|dum_8|1831185|1832470|+|1285"     
 [506] "_R_N5297|dum_8|1812895|1814177|+|1282"     
 [507] "_R_N5297|dum_8|1775604|1776889|+|1285"     
 [508] "_R_N5297|dum_8|1819126|1820411|+|1285"     
 [509] "_R_N5297|dum_8|1769471|1770759|+|1288"     
 [510] "_R_N5297|dum_8|1794064|1795352|+|1288"     
 [511] "_R_N5297|dum_8|1806500|1807789|+|1289"     
 [512] "_R_N5297|dum_8|1685704|1686991|+|1287"     
 [513] "_R_N5297|dum_8|1738890|1740102|+|1212"     
 [514] "_R_N5297|dum_6|163336793|163338083|+|1290" 
 [515] "_R_N5297|dum_8|1691578|1692868|+|1290"     
 [516] "_R_N5297|dum_6|163346041|163347330|+|1289" 
 [517] "_R_N5297|dum_6|163355287|163356577|+|1290" 
 [518] "_R_N5297|dum_6|163366221|163367511|+|1290" 
 [519] "_R_N5297|dum_8|1679631|1680914|+|1283"     
 [520] "_R_N5297|dum_6|163387450|163388737|+|1287" 
 [521] "_R_N5297|dum_6|163413026|163414314|+|1288" 
 [522] "_R_N5297|dum_6|161901694|161903022|+|1328" 
 [523] "_R_N5297|dum_6|162837901|162839228|+|1327" 
 [524] "_R_N5297|dum_6|163299705|163301038|+|1333" 
 [525] "_R_N5297|dum_6|163079157|163080485|+|1328" 
 [526] "_R_N5297|dum_6|159521058|159522390|+|1332" 
 [527] "_R_N5297|dum_6|159531248|159532580|+|1332" 
 [528] "_R_N5297|dum_6|159517390|159518723|+|1333" 
 [529] "_R_N5297|dum_6|161544605|161545911|+|1306" 
 [530] "_R_N5297|dum_6|161550316|161551620|+|1304" 
 [531] "_R_N5297|dum_6|161541742|161543048|+|1306" 
 [532] "_R_N5297|dum_6|161556041|161557338|+|1297" 
 [533] "_R_N5297|dum_8|1667599|1668934|+|1335"     
 [534] "_R_N5297|dum_6|159451438|159452767|+|1329" 
 [535] "_R_N5297|dum_6|162649880|162651211|+|1331" 
 [536] "_R_N5297|dum_6|162655705|162657036|+|1331" 
 [537] "_R_N5297|dum_6|161729112|161730445|+|1333" 
 [538] "_R_N5297|dum_6|162646967|162648298|+|1331" 
 [539] "_R_N5297|dum_6|162652793|162654123|+|1330" 
 [540] "_R_N5297|dum_6|162658628|162659952|+|1324" 
 [541] "_R_N5297|dum_6|161253493|161254824|+|1331" 
 [542] "_R_N5297|dum_6|161610186|161611512|+|1326" 
 [543] "_R_N5297|dum_6|161613080|161614413|+|1333" 
 [544] "_R_N5297|dum_6|159719060|159720398|+|1338" 
 [545] "_R_N5297|dum_6|160122307|160123647|+|1340" 
 [546] "_R_N5297|dum_6|159733636|159734975|+|1339" 
 [547] "_R_N5297|dum_6|159677101|159678413|+|1312" 
 [548] "_R_N5297|dum_6|162619704|162621025|+|1321" 
 [549] "_R_N5297|dum_6|161709093|161710424|+|1331" 
 [550] "_R_N5297|dum_8|1660019|1661355|+|1336"     
 [551] "_R_N5297|dum_8|1655737|1657072|+|1335"     
 [552] "_R_N5297|dum_6|160318473|160319804|+|1331" 
 [553] "_R_N5297|dum_6|160330316|160331647|+|1331" 
 [554] "_R_N5297|dum_6|160324396|160325724|+|1328" 
 [555] "_R_N5297|dum_6|160327356|160328685|+|1329" 
 [556] "_R_N5297|dum_6|160002609|160003937|+|1328" 
 [557] "_R_N5297|dum_6|160333279|160334607|+|1328" 
 [558] "_R_N5297|dum_6|160321436|160322764|+|1328" 
 [559] "_R_N5297|dum_6|161224274|161225604|+|1330" 
 [560] "_R_N5297|dum_6|159444211|159445540|+|1329" 
 [561] "_R_N5297|dum_6|159546326|159547658|+|1332" 
 [562] "_R_N5297|dum_6|159554891|159556223|+|1332" 
 [563] "_R_N5297|dum_6|159543480|159544812|+|1332" 
 [564] "_R_N5297|dum_6|159557743|159559074|+|1331" 
 [565] "_R_N5297|dum_6|159560617|159561948|+|1331" 
 [566] "_R_N5297|dum_6|159537767|159539097|+|1330" 
 [567] "_R_N5297|dum_6|159540636|159541966|+|1330" 
 [568] "_R_N5297|dum_6|159549178|159550508|+|1330" 
 [569] "_R_N5297|dum_6|159552047|159553377|+|1330" 
 [570] "_R_N5297|dum_6|159566484|159567814|+|1330" 
 [571] "_R_N5297|dum_6|159572345|159573673|+|1328" 
 [572] "_R_N5297|dum_6|159584230|159585559|+|1329" 
 [573] "_R_N5297|dum_6|159590073|159591407|+|1334" 
 [574] "_R_N5297|dum_6|159593006|159594341|+|1335" 
 [575] "_R_N5297|dum_6|159616061|159617402|+|1341" 
 [576] "_R_N5297|dum_6|159587158|159588490|+|1332" 
 [577] "_R_N5297|dum_6|159595940|159597271|+|1331" 
 [578] "_R_N5297|dum_6|160037554|160038886|+|1332" 
 [579] "_R_N5297|dum_6|161762008|161763337|+|1329" 
 [580] "_R_N5297|dum_6|162679914|162681242|+|1328" 
 [581] "_R_N5297|dum_6|161109839|161111170|+|1331" 
 [582] "_R_N5297|dum_6|162472274|162473603|+|1329" 
 [583] "_R_N5297|dum_6|162478079|162479408|+|1329" 
 [584] "_R_N5297|dum_6|162483915|162485243|+|1328" 
 [585] "_R_N5297|dum_6|163020512|163021840|+|1328" 
 [586] "_R_N5297|dum_6|163023413|163024751|+|1338" 
 [587] "_R_N5297|dum_6|160910061|160911393|+|1332" 
 [588] "_R_N5297|dum_6|160892378|160893713|+|1335" 
 [589] "_R_N5297|dum_6|160883600|160884931|+|1331" 
 [590] "_R_N5297|dum_6|161091165|161092496|+|1331" 
 [591] "_R_N5297|dum_6|160901157|160902492|+|1335" 
 [592] "_R_N5297|dum_6|160453280|160454615|+|1335" 
 [593] "_R_N5297|dum_6|160450361|160451690|+|1329" 
 [594] "_R_N5297|dum_6|159794632|159795971|+|1339" 
 [595] "_R_N5297|dum_6|159797616|159798958|+|1342" 
 [596] "_R_N5297|dum_6|160519904|160521238|+|1334" 
 [597] "_R_N5297|dum_6|160227412|160228740|+|1328" 
 [598] "_R_N5297|dum_6|160230378|160231705|+|1327" 
 [599] "_R_N5297|dum_6|162088698|162090029|+|1331" 
 [600] "_R_N5297|dum_6|162264623|162265954|+|1331" 
 [601] "_R_N5297|dum_6|162108352|162109683|+|1331" 
 [602] "_R_N5297|dum_6|162284243|162285575|+|1332" 
 [603] "_R_N5297|dum_6|162525750|162527084|+|1334" 
 [604] "_R_N5297|dum_6|159809437|159810764|+|1327" 
 [605] "_R_N5297|dum_6|161732059|161733388|+|1329" 
 [606] "_R_N5297|dum_6|162661566|162662895|+|1329" 
 [607] "_R_N5297|dum_6|160570645|160571974|+|1329" 
 [608] "_R_N5297|dum_6|160283562|160284891|+|1329" 
 [609] "_R_N5297|dum_6|160289456|160290790|+|1334" 
 [610] "_R_N5297|dum_6|160626232|160627559|+|1327" 
 [611] "_R_N5297|dum_6|160629146|160630480|+|1334" 
 [612] "_R_N5297|dum_6|160637883|160639213|+|1330" 
 [613] "_R_N5297|dum_6|160623316|160624645|+|1329" 
 [614] "_R_N5297|dum_6|160640761|160642090|+|1329" 
 [615] "_R_N5297|dum_6|159495291|159496616|+|1325" 
 [616] "_R_N5297|dum_6|159506347|159507667|+|1320" 
 [617] "_R_N5297|dum_6|160573589|160574922|+|1333" 
 [618] "_R_N5297|dum_6|160171933|160173261|+|1328" 
 [619] "_R_N5297|dum_6|160427727|160429060|+|1333" 
 [620] "_R_N5297|dum_6|161416310|161417641|+|1331" 
 [621] "_R_N5297|dum_6|161429235|161430571|+|1336" 
 [622] "_R_N5297|dum_6|160511156|160512484|+|1328" 
 [623] "_R_N5297|dum_6|160505299|160506635|+|1336" 
 [624] "_R_N5297|dum_6|160508226|160509557|+|1331" 
 [625] "_R_N5297|dum_6|161615983|161617322|+|1339" 
 [626] "_R_N5297|dum_6|160221475|160222807|+|1332" 
 [627] "_R_N5297|dum_6|160224443|160225774|+|1331" 
 [628] "_R_N5297|dum_6|159487930|159489263|+|1333" 
 [629] "_R_N5297|dum_6|159455102|159456434|+|1332" 
 [630] "_R_N5297|dum_6|160239134|160240471|+|1337" 
 [631] "_R_N5297|dum_6|160242069|160243400|+|1331" 
 [632] "_R_N5297|dum_6|160245011|160246336|+|1325" 
 [633] "_R_N5297|dum_6|159867688|159869020|+|1332" 
 [634] "_R_N5297|dum_6|162522840|162524165|+|1325" 
 [635] "_R_N5297|dum_6|161547476|161548774|+|1298" 
 [636] "_R_N5297|dum_6|161553185|161554484|+|1299" 
 [637] "_R_N5297|dum_6|160561840|160563175|+|1335" 
 [638] "_R_N5297|dum_6|162012940|162014273|+|1333" 
 [639] "_R_N5297|dum_6|162015822|162017155|+|1333" 
 [640] "_R_N5297|dum_6|162199039|162200372|+|1333" 
 [641] "_R_N5297|dum_6|162954386|162955720|+|1334" 
 [642] "_R_N5297|dum_6|162018681|162020015|+|1334" 
 [643] "_R_N5297|dum_6|162201898|162203233|+|1335" 
 [644] "_R_N5297|dum_6|162204759|162206092|+|1333" 
 [645] "_R_N5297|dum_6|162021541|162022873|+|1332" 
 [646] "_R_N5297|dum_6|162030225|162031556|+|1331" 
 [647] "_R_N5297|dum_6|162024399|162025729|+|1330" 
 [648] "_R_N5297|dum_6|162033082|162034411|+|1329" 
 [649] "_R_N5297|dum_6|162207618|162208948|+|1330" 
 [650] "_R_N5297|dum_6|162213483|162214815|+|1332" 
 [651] "_R_N5297|dum_6|159659602|159660932|+|1330" 
 [652] "_R_N5297|dum_6|160060703|160062041|+|1338" 
 [653] "_R_N5297|dum_6|159858983|159860312|+|1329" 
 [654] "_R_N5297|dum_8|1675391|1676724|+|1333"     
 [655] "_R_N5297|dum_6|162596122|162597456|+|1334" 
 [656] "_R_N5297|dum_6|159491627|159492957|+|1330" 
 [657] "_R_N5297|dum_6|159498971|159500301|+|1330" 
 [658] "_R_N5297|dum_6|159513703|159515037|+|1334" 
 [659] "_R_N5297|dum_6|159671254|159672587|+|1333" 
 [660] "_R_N5297|dum_6|159674186|159675517|+|1331" 
 [661] "_R_N5297|dum_6|160078332|160079667|+|1335" 
 [662] "_R_N5297|dum_6|160081269|160082604|+|1335" 
 [663] "_R_N5297|dum_6|162549082|162550414|+|1332" 
 [664] "_R_N5297|dum_6|162554928|162556261|+|1333" 
 [665] "_R_N5297|dum_6|162569587|162570918|+|1331" 
 [666] "_R_N5297|dum_6|162572519|162573850|+|1331" 
 [667] "_R_N5297|dum_6|162575451|162576780|+|1329" 
 [668] "_R_N5297|dum_6|162557862|162559192|+|1330" 
 [669] "_R_N5297|dum_6|162566657|162567986|+|1329" 
 [670] "_R_N5297|dum_6|162563727|162565056|+|1329" 
 [671] "_R_N5297|dum_6|162578372|162579699|+|1327" 
 [672] "_R_N5297|dum_6|162560795|162562126|+|1331" 
 [673] "_R_N5297|dum_6|162552009|162553337|+|1328" 
 [674] "_R_N5297|dum_6|161561764|161563091|+|1327" 
 [675] "_R_N5297|dum_6|161564709|161566039|+|1330" 
 [676] "_R_N5297|dum_6|160005536|160006867|+|1331" 
 [677] "_R_N5297|dum_6|161241795|161243125|+|1330" 
 [678] "_R_N5297|dum_6|160418159|160419491|+|1332" 
 [679] "_R_N5297|dum_6|160422967|160424298|+|1331" 
 [680] "_R_N5297|dum_6|160429803|160431130|+|1327" 
 [681] "_R_N5297|dum_6|160522798|160524131|+|1333" 
 [682] "_R_N5297|dum_6|160620395|160621729|+|1334" 
 [683] "_R_N5297|dum_6|160496446|160497771|+|1325" 
 [684] "_R_N5297|dum_6|160490550|160491877|+|1327" 
 [685] "_R_N5297|dum_6|160487644|160488972|+|1328" 
 [686] "_R_N5297|dum_6|160493490|160494823|+|1333" 
 [687] "_R_N5297|dum_6|160022934|160024262|+|1328" 
 [688] "_R_N5297|dum_6|160034644|160035974|+|1330" 
 [689] "_R_N5297|dum_6|160025859|160027189|+|1330" 
 [690] "_R_N5297|dum_6|160028786|160030116|+|1330" 
 [691] "_R_N5297|dum_6|160031713|160033047|+|1334" 
 [692] "_R_N5297|dum_6|160354106|160355430|+|1324" 
 [693] "_R_N5297|dum_6|160360896|160362220|+|1324" 
 [694] "_R_N5297|dum_6|160139841|160141169|+|1328" 
 [695] "_R_N5297|dum_6|160145676|160147004|+|1328" 
 [696] "_R_N5297|dum_6|160148587|160149915|+|1328" 
 [697] "_R_N5297|dum_6|159770989|159772318|+|1329" 
 [698] "_R_N5297|dum_6|162407862|162409186|+|1324" 
 [699] "_R_N5297|dum_6|162410790|162412113|+|1323" 
 [700] "_R_N5297|dum_6|162403797|162406272|+|2475" 
 [701] "_R_N5297|dum_6|162400987|162402314|+|1327" 
 [702] "_R_N5297|dum_6|161197847|161199181|+|1334" 
 [703] "_R_N5297|dum_6|161200814|161202148|+|1334" 
 [704] "_R_N5297|dum_6|159879463|159880788|+|1325" 
 [705] "_R_N5297|dum_6|159885366|159886693|+|1327" 
 [706] "_R_N5297|dum_6|159876557|159877885|+|1328" 
 [707] "_R_N5297|dum_6|159882461|159883788|+|1327" 
 [708] "_R_N5297|dum_6|160730269|160731602|+|1333" 
 [709] "_R_N5297|dum_6|160913029|160914359|+|1330" 
 [710] "_R_N5297|dum_6|160724407|160725738|+|1331" 
 [711] "_R_N5297|dum_6|162634324|162635650|+|1326" 
 [712] "_R_N5297|dum_6|163076237|163077562|+|1325" 
 [713] "_R_N5297|dum_6|160858173|160859500|+|1327" 
 [714] "_R_N5297|dum_6|161059957|161061286|+|1329" 
 [715] "_R_N5297|dum_6|160861103|160862431|+|1328" 
 [716] "_R_N5297|dum_6|161062889|161064217|+|1328" 
 [717] "_R_N5297|dum_6|160855239|160856570|+|1331" 
 [718] "_R_N5297|dum_6|161057022|161058354|+|1332" 
 [719] "_R_N5297|dum_6|162380591|162381919|+|1328" 
 [720] "_R_N5297|dum_6|162383477|162384801|+|1324" 
 [721] "_R_N5297|dum_6|161682575|161683902|+|1327" 
 [722] "_R_N5297|dum_6|161712027|161713362|+|1335" 
 [723] "_R_N5297|dum_6|162631380|162632716|+|1336" 
 [724] "_R_N5297|dum_6|160128055|160129385|+|1330" 
 [725] "_R_N5297|dum_6|163073307|163074638|+|1331" 
 [726] "_R_N5297|dum_6|161209673|161211011|+|1338" 
 [727] "_R_N5297|dum_8|1663941|1665271|+|1330"     
 [728] "_R_N5297|dum_6|161621841|161623175|+|1334" 
 [729] "_R_N5297|dum_6|161604362|161605698|+|1336" 
 [730] "_R_N5297|dum_6|160907076|160908408|+|1332" 
 [731] "_R_N5297|dum_6|161099941|161101269|+|1328" 
 [732] "_R_N5297|dum_6|160133996|160135329|+|1333" 
 [733] "_R_N5297|dum_6|161607266|161608600|+|1334" 
 [734] "_R_N5297|dum_6|159665449|159666782|+|1333" 
 [735] "_R_N5297|dum_6|160889479|160890812|+|1333" 
 [736] "_R_N5297|dum_6|161088263|161089597|+|1334" 
 [737] "_R_N5297|dum_6|160898260|160899593|+|1333" 
 [738] "_R_N5297|dum_6|161097044|161098377|+|1333" 
 [739] "_R_N5297|dum_6|160880700|160882034|+|1334" 
 [740] "_R_N5297|dum_6|162056366|162057697|+|1331" 
 [741] "_R_N5297|dum_6|162233898|162235229|+|1331" 
 [742] "_R_N5297|dum_6|162050544|162051876|+|1332" 
 [743] "_R_N5297|dum_6|160069463|160070795|+|1332" 
 [744] "_R_N5297|dum_6|160072446|160073775|+|1329" 
 [745] "_R_N5297|dum_6|163002954|163004285|+|1331" 
 [746] "_R_N5297|dum_6|163038050|163039377|+|1327" 
 [747] "_R_N5297|dum_6|160874835|160876166|+|1331" 
 [748] "_R_N5297|dum_6|160699716|160701049|+|1333" 
 [749] "_R_N5297|dum_6|160705579|160706907|+|1328" 
 [750] "_R_N5297|dum_6|160690901|160692233|+|1332" 
 [751] "_R_N5297|dum_6|160693842|160695173|+|1331" 
 [752] "_R_N5297|dum_6|160341986|160343317|+|1331" 
 [753] "_R_N5297|dum_6|159976371|159977702|+|1331" 
 [754] "_R_N5297|dum_6|162994169|162995495|+|1326" 
 [755] "_R_N5297|dum_6|162997120|162998446|+|1326" 
 [756] "_R_N5297|dum_6|160922966|160925444|+|2478" 
 [757] "_R_N5297|dum_6|160843561|160844886|+|1325" 
 [758] "_R_N5297|dum_6|161045324|161046651|+|1327" 
 [759] "_R_N5297|dum_6|161048255|161049580|+|1325" 
 [760] "_R_N5297|dum_6|160846490|160847814|+|1324" 
 [761] "_R_N5297|dum_6|160852339|160853665|+|1326" 
 [762] "_R_N5297|dum_6|161054104|161055432|+|1328" 
 [763] "_R_N5297|dum_6|160708118|160709426|+|1308" 
 [764] "_R_N5297|dum_6|162610831|162612157|+|1326" 
 [765] "_R_N5297|dum_6|159788639|159789970|+|1331" 
 [766] "_R_N5297|dum_6|159803525|159804862|+|1337" 
 [767] "_R_N5297|dum_6|159800577|159801907|+|1330" 
 [768] "_R_N5297|dum_6|159791658|159792987|+|1329" 
 [769] "_R_N5297|dum_6|163049753|163051075|+|1322" 
 [770] "_R_N5297|dum_6|163052668|163053996|+|1328" 
 [771] "_R_N5297|dum_6|159773916|159775246|+|1330" 
 [772] "_R_N5297|dum_6|160151538|160152868|+|1330" 
 [773] "_R_N5297|dum_6|162325302|162326633|+|1331" 
 [774] "_R_N5297|dum_6|162155320|162156651|+|1331" 
 [775] "_R_N5297|dum_6|162158263|162159594|+|1331" 
 [776] "_R_N5297|dum_6|162307746|162309075|+|1329" 
 [777] "_R_N5297|dum_6|159864796|159866128|+|1332" 
 [778] "_R_N5297|dum_6|161215502|161216834|+|1332" 
 [779] "_R_N5297|dum_6|163105516|163106848|+|1332" 
 [780] "_R_N5297|dum_6|161753173|161754504|+|1331" 
 [781] "_R_N5297|dum_6|159502665|159503995|+|1330" 
 [782] "_R_N5297|dum_6|159510026|159511351|+|1325" 
 [783] "_R_N5297|dum_6|159466031|159467361|+|1330" 
 [784] "_R_N5297|dum_6|159668380|159669711|+|1331" 
 [785] "_R_N5297|dum_6|160475863|160477192|+|1329" 
 [786] "_R_N5297|dum_6|160478791|160480120|+|1329" 
 [787] "_R_N5297|dum_6|162316520|162317849|+|1329" 
 [788] "_R_N5297|dum_6|162044739|162046070|+|1331" 
 [789] "_R_N5297|dum_6|162228093|162229424|+|1331" 
 [790] "_R_N5297|dum_6|162963079|162964411|+|1332" 
 [791] "_R_N5297|dum_6|162047652|162048976|+|1324" 
 [792] "_R_N5297|dum_6|162231006|162232330|+|1324" 
 [793] "_R_N5297|dum_6|162053474|162054798|+|1324" 
 [794] "_R_N5297|dum_6|162059301|162060632|+|1331" 
 [795] "_R_N5297|dum_6|162965982|162967313|+|1331" 
 [796] "_R_N5297|dum_6|162236833|162238165|+|1332" 
 [797] "_R_N5297|dum_6|162063017|162064351|+|1334" 
 [798] "_R_N5297|dum_6|162973412|162974744|+|1332" 
 [799] "_R_N5297|dum_6|162244263|162245596|+|1333" 
 [800] "_R_N5297|dum_6|162066736|162068066|+|1330" 
 [801] "_R_N5297|dum_6|162969697|162971028|+|1331" 
 [802] "_R_N5297|dum_6|162977130|162978459|+|1329" 
 [803] "_R_N5297|dum_6|162240549|162241878|+|1329" 
 [804] "_R_N5297|dum_6|161212591|161213899|+|1308" 
 [805] "_R_N5297|dum_6|161218441|161219746|+|1305" 
 [806] "_R_N5297|dum_6|161221350|161222678|+|1328" 
 [807] "_R_N5297|dum_6|160796737|160798067|+|1330" 
 [808] "_R_N5297|dum_6|160799670|160801006|+|1336" 
 [809] "_R_N5297|dum_6|160802609|160803941|+|1332" 
 [810] "_R_N5297|dum_6|160805544|160806876|+|1332" 
 [811] "_R_N5297|dum_6|160808479|160809811|+|1332" 
 [812] "_R_N5297|dum_6|160966174|160967506|+|1332" 
 [813] "_R_N5297|dum_6|163058500|163059778|+|1278" 
 [814] "_R_N5297|dum_6|163061496|163062773|+|1277" 
 [815] "_R_N5297|dum_6|163108453|163109731|+|1278" 
 [816] "_R_N5297|dum_6|160963235|160964564|+|1329" 
 [817] "_R_N5297|dum_6|160696772|160698105|+|1333" 
 [818] "_R_N5297|dum_6|160702636|160703968|+|1332" 
 [819] "_R_N5297|dum_6|160713537|160714865|+|1328" 
 [820] "_R_N5297|dum_6|160716051|160717377|+|1326" 
 [821] "_R_N5297|dum_6|160711024|160712351|+|1327" 
 [822] "_R_N5297|dum_6|162041830|162043158|+|1328" 
 [823] "_R_N5297|dum_6|162960164|162961492|+|1328" 
 [824] "_R_N5297|dum_6|162225177|162226506|+|1329" 
 [825] "_R_N5297|dum_6|161500640|161501969|+|1329" 
 [826] "_R_N5297|dum_6|161515277|161516606|+|1329" 
 [827] "_R_N5297|dum_6|161509431|161510762|+|1331" 
 [828] "_R_N5297|dum_6|162255354|162256683|+|1329" 
 [829] "_R_N5297|dum_6|162274988|162276317|+|1329" 
 [830] "_R_N5297|dum_6|162077827|162079157|+|1330" 
 [831] "_R_N5297|dum_6|162099068|162100398|+|1330" 
 [832] "_R_N5297|dum_6|160718555|160719889|+|1334" 
 [833] "_R_N5297|dum_6|160733162|160734493|+|1331" 
 [834] "_R_N5297|dum_6|160727337|160728671|+|1334" 
 [835] "_R_N5297|dum_6|160721481|160722815|+|1334" 
 [836] "_R_N5297|dum_6|160960267|160961597|+|1330" 
 [837] "_R_N5297|dum_6|160736139|160737474|+|1335" 
 [838] "_R_N5297|dum_6|160739120|160740453|+|1333" 
 [839] "_R_N5297|dum_6|160742077|160743411|+|1334" 
 [840] "_R_N5297|dum_6|160756118|160757446|+|1328" 
 [841] "_R_N5297|dum_6|162985363|162986690|+|1327" 
 [842] "_R_N5297|dum_6|162074890|162076218|+|1328" 
 [843] "_R_N5297|dum_6|162272059|162273387|+|1328" 
 [844] "_R_N5297|dum_6|162252417|162253745|+|1328" 
 [845] "_R_N5297|dum_6|162096133|162097459|+|1326" 
 [846] "_R_N5297|dum_6|160758985|160760315|+|1330" 
 [847] "_R_N5297|dum_6|162070375|162071706|+|1331" 
 [848] "_R_N5297|dum_6|162980846|162982178|+|1332" 
 [849] "_R_N5297|dum_6|162247901|162249234|+|1333" 
 [850] "_R_N5297|dum_6|162084171|162085504|+|1333" 
 [851] "_R_N5297|dum_6|162103821|162105154|+|1333" 
 [852] "_R_N5297|dum_6|162260095|162261428|+|1333" 
 [853] "_R_N5297|dum_6|162279739|162281072|+|1333" 
 [854] "_R_N5297|dum_6|161832098|161833426|+|1328" 
 [855] "_R_N5297|dum_6|162789192|162790520|+|1328" 
 [856] "_R_N5297|dum_6|161448740|161450074|+|1334" 
 [857] "_R_N5297|dum_6|161454946|161456280|+|1334" 
 [858] "_R_N5297|dum_6|161403660|161404987|+|1327" 
 [859] "_R_N5297|dum_6|161928451|161929772|+|1321" 
 [860] "_R_N5297|dum_6|162863932|162865253|+|1321" 
 [861] "_R_N5297|dum_6|161780325|161781665|+|1340" 
 [862] "_R_N5297|dum_6|161786714|161788054|+|1340" 
 [863] "_R_N5297|dum_6|161792815|161794156|+|1341" 
 [864] "_R_N5297|dum_6|162710875|162712216|+|1341" 
 [865] "_R_N5297|dum_6|161864750|161866081|+|1331" 
 [866] "_R_N5297|dum_6|162814881|162816212|+|1331" 
 [867] "_R_N5297|dum_6|161267436|161268766|+|1330" 
 [868] "_R_N5297|dum_6|161952244|161953573|+|1329" 
 [869] "_R_N5297|dum_6|162783225|162784555|+|1330" 
 [870] "_R_N5297|dum_6|161774038|161775368|+|1330" 
 [871] "_R_N5297|dum_6|162698661|162699985|+|1324" 
 [872] "_R_N5297|dum_6|162686865|162688192|+|1327" 
 [873] "_R_N5297|dum_6|161895584|161896910|+|1326" 
 [874] "_R_N5297|dum_6|161261832|161263164|+|1332" 
 [875] "_R_N5297|dum_6|162704561|162705888|+|1327" 
 [876] "_R_N5297|dum_8|1584869|1586201|+|1332"     
 [877] "_R_N5297|dum_8|1590158|1591489|+|1331"     
 [878] "_R_N5297|dum_8|1595778|1597110|+|1332"     
 [879] "_R_N5297|dum_8|1631932|1633268|+|1336"     
 [880] "_R_N5297|dum_8|1626008|1627338|+|1330"     
 [881] "_R_N5297|dum_6|161768216|161769542|+|1326" 
 [882] "_R_N5297|dum_6|162692830|162694156|+|1326" 
 [883] "_R_N5297|dum_6|163155388|163156615|+|1227" 
 [884] "_R_N5297|dum_6|161819512|161820836|+|1324" 
 [885] "_R_N5297|dum_6|162749607|162750931|+|1324" 
 [886] "_R_N5297|dum_6|161409213|161410542|+|1329" 
 [887] "_R_N5297|dum_6|161945889|161947217|+|1328" 
 [888] "_R_N5297|dum_6|162881798|162883129|+|1331" 
 [889] "_R_N5297|dum_6|161915210|161916536|+|1326" 
 [890] "_R_N5297|dum_6|162850724|162852052|+|1328" 
 [891] "_R_N5297|dum_6|161934422|161935651|+|1229" 
 [892] "_R_N5297|dum_6|162869917|162871146|+|1229" 
 [893] "_R_N5297|dum_6|161881923|161883252|+|1329" 
 [894] "_R_N5297|dum_6|161961790|161963119|+|1329" 
 [895] "_R_N5297|dum_6|162891366|162892695|+|1329" 
 [896] "_R_N5297|dum_6|162897603|162898932|+|1329" 
 [897] "_R_N5297|dum_6|162903864|162905191|+|1327" 
 [898] "_R_N5297|dum_6|161968045|161969371|+|1326" 
 [899] "_R_N5297|dum_6|161280649|161281979|+|1330" 
 [900] "_R_N5297|dum_6|162807970|162809291|+|1321" 
 [901] "_R_N5297|dum_6|161302824|161304147|+|1323" 
 [902] "_R_N5297|dum_6|162762354|162763684|+|1330" 
 [903] "_R_N5297|dum_6|163197912|163199242|+|1330" 
 [904] "_R_N5297|dum_6|162755924|162757254|+|1330" 
 [905] "_R_N5297|dum_6|161825806|161827134|+|1328" 
 [906] "_R_N5297|dum_6|163173390|163174722|+|1332" 
 [907] "_R_N5297|dum_6|163185510|163186842|+|1332" 
 [908] "_R_N5297|dum_8|1601410|1602739|+|1329"     
 [909] "_R_N5297|dum_8|1607686|1609017|+|1331"     
 [910] "_R_N5297|dum_8|1566014|1567344|+|1330"     
 [911] "_R_N5297|dum_8|1572461|1573792|+|1331"     
 [912] "_R_N5297|dum_6|163191693|163193024|+|1331" 
 [913] "_R_N5297|dum_6|161273716|161275039|+|1323" 
 [914] "_R_N5297|dum_6|161286620|161287944|+|1324" 
 [915] "_R_N5297|dum_6|161391791|161393121|+|1330" 
 [916] "_R_N5297|dum_8|1559616|1560948|+|1332"     
 [917] "_R_N5297|dum_8|1579228|1580559|+|1331"     
 [918] "_R_N5297|dum_8|1637898|1639232|+|1334"     
 [919] "_R_N5297|dum_6|161870755|161872085|+|1330" 
 [920] "_R_N5297|dum_6|163167539|163168872|+|1333" 
 [921] "_R_N5297|dum_6|163179873|163181208|+|1335" 
 [922] "_R_N5297|dum_6|162820889|162822222|+|1333" 
 [923] "_R_N5297|dum_6|161876444|161877774|+|1330" 
 [924] "_R_N5297|dum_6|162832147|162833475|+|1328" 
 [925] "_R_N5297|dum_6|163142796|163144128|+|1332" 
 [926] "_R_N5297|dum_6|163147852|163149185|+|1333" 
 [927] "_R_N5297|dum_6|161921205|161922539|+|1334" 
 [928] "_R_N5297|dum_6|162856709|162858041|+|1332" 
 [929] "_R_N5297|dum_6|161461012|161462340|+|1328" 
 [930] "_R_N5297|dum_6|161442979|161444308|+|1329" 
 [931] "_R_N5297|dum_8|1613982|1615316|+|1334"     
 [932] "_R_N5297|dum_8|1620107|1621440|+|1333"     
 [933] "_R_N5297|dum_6|161467397|161468633|+|1236" 
 [934] "_R_N5297|dum_6|162767985|162769218|+|1233" 
 [935] "_R_N5297|dum_6|163203535|163204871|+|1336" 
 [936] "_R_N5297|dum_6|163209465|163210801|+|1336" 
 [937] "_R_N5297|dum_6|160371653|160372986|+|1333" 
 [938] "_R_N5297|dum_6|160374558|160375892|+|1334" 
 [939] "_R_N5297|dum_8|1643879|1645215|+|1336"     
 [940] "_R_N5297|dum_6|161206696|161208031|+|1335" 
 [941] "_R_N5297|dum_6|161857818|161859143|+|1325" 
 [942] "_R_N5297|dum_6|162801810|162803135|+|1325" 
 [943] "_R_N5297|dum_6|161851774|161853099|+|1325" 
 [944] "_R_N5297|dum_6|161844992|161846315|+|1323" 
 [945] "_R_N5297|dum_6|161838574|161839901|+|1327" 
 [946] "_R_N5297|dum_6|162795765|162797091|+|1326" 
 [947] "_R_N5297|dum_6|161398152|161399478|+|1326" 
 [948] "_R_N5297|dum_6|160514079|160515404|+|1325" 
 [949] "_R_N5297|dum_6|160617473|160618802|+|1329" 
 [950] "_R_N5297|dum_6|162537507|162538837|+|1330" 
 [951] "_R_N5297|dum_6|162540438|162541767|+|1329" 
 [952] "_R_N5297|dum_6|162531650|162532978|+|1328" 
 [953] "_R_N5297|dum_6|162546164|162547491|+|1327" 
 [954] "_R_N5297|dum_6|162534579|162535906|+|1327" 
 [955] "_R_N5297|dum_6|159722044|159723369|+|1325" 
 [956] "_R_N5297|dum_6|159742322|159743647|+|1325" 
 [957] "_R_N5297|dum_6|161685610|161686858|+|1248" 
 [958] "_R_N5297|dum_6|161573627|161574954|+|1327" 
 [959] "_R_N5297|dum_6|159993881|159995206|+|1325" 
 [960] "_R_N5297|dum_6|163221829|163223159|+|1330" 
 [961] "_R_N5297|dum_8|1648086|1649425|+|1339"     
 [962] "_R_N5297|dum_6|161535861|161537190|+|1329" 
 [963] "_R_N5297|dum_6|160776210|160777541|+|1331" 
 [964] "_R_N5297|dum_6|160389870|160391204|+|1334" 
 [965] "_R_N5297|dum_6|162386371|162387701|+|1330" 
 [966] "_R_N5297|dum_6|163064457|163065789|+|1332" 
 [967] "_R_N5297|dum_6|163111442|163112774|+|1332" 
 [968] "_R_N5297|dum_6|162451755|162453085|+|1330" 
 [969] "_R_N5297|dum_6|162454682|162456010|+|1328" 
 [970] "_R_N5297|dum_6|162466394|162467726|+|1332" 
 [971] "_R_N5297|dum_6|162460539|162461869|+|1330" 
 [972] "_R_N5297|dum_6|162469333|162470659|+|1326" 
 [973] "_R_N5297|dum_6|162457617|162458942|+|1325" 
 [974] "_R_N5297|dum_6|162463476|162464801|+|1325" 
 [975] "_R_N5297|dum_6|159912079|159913409|+|1330" 
 [976] "_R_N5297|dum_6|159917927|159919258|+|1331" 
 [977] "_R_N5297|dum_6|162137693|162139021|+|1328" 
 [978] "_R_N5297|dum_6|162146519|162147845|+|1326" 
 [979] "_R_N5297|dum_6|162134743|162136076|+|1333" 
 [980] "_R_N5297|dum_6|162140638|162141965|+|1327" 
 [981] "_R_N5297|dum_6|162131795|162133126|+|1331" 
 [982] "_R_N5297|dum_6|162143578|162144902|+|1324" 
 [983] "_R_N5297|dum_6|162123058|162124387|+|1329" 
 [984] "_R_N5297|dum_6|162125984|162127313|+|1329" 
 [985] "_R_N5297|dum_6|162298950|162300279|+|1329" 
 [986] "_R_N5297|dum_6|162152383|162153708|+|1325" 
 [987] "_R_N5297|dum_6|162304801|162306130|+|1329" 
 [988] "_R_N5297|dum_6|162149458|162150782|+|1324" 
 [989] "_R_N5297|dum_6|162301876|162303200|+|1324" 
 [990] "_R_N5297|dum_6|161177378|161178710|+|1332" 
 [991] "_R_N5297|dum_6|161189053|161190386|+|1333" 
 [992] "_R_N5297|dum_6|161168612|161169941|+|1329" 
 [993] "_R_N5297|dum_6|161174442|161175771|+|1329" 
 [994] "_R_N5297|dum_6|161010230|161011559|+|1329" 
 [995] "_R_N5297|dum_6|161165722|161167052|+|1330" 
 [996] "_R_N5297|dum_6|161171552|161172882|+|1330" 
 [997] "_R_N5297|dum_6|161186116|161187446|+|1330" 
 [998] "_R_N5297|dum_6|161013166|161014496|+|1330" 
 [999] "_R_N5297|dum_6|161016095|161017425|+|1330" 
[1000] "_R_N5297|dum_6|161162782|161164111|+|1329" 
[1001] "_R_N5297|dum_6|161567694|161569026|+|1332" 
[1002] "_R_N5297|dum_6|161576537|161577866|+|1329" 
[1003] "_R_N5297|dum_6|160259714|160261054|+|1340" 
[1004] "_R_N5297|dum_6|162607913|162609242|+|1329" 
[1005] "_R_N5297|dum_6|160066557|160067889|+|1332" 
[1006] "_R_N5297|dum_6|160770351|160771676|+|1325" 
[1007] "_R_N5297|dum_6|161244723|161246044|+|1321" 
[1008] "_R_N5297|dum_6|161247646|161248966|+|1320" 
[1009] "_R_N5297|dum_6|161250568|161251892|+|1324" 
[1010] "_R_N5297|dum_6|161726187|161727515|+|1328" 
[1011] "_R_N5297|dum_6|162584263|162585597|+|1334" 
[1012] "_R_N5297|dum_6|162365964|162367297|+|1333" 
[1013] "_R_N5297|dum_6|162368891|162370216|+|1325" 
[1014] "_R_N5297|dum_6|160516992|160518322|+|1330" 
[1015] "_R_N5297|dum_6|160679217|160680548|+|1331" 
[1016] "_R_N5297|dum_6|160685063|160686395|+|1332" 
[1017] "_R_N5297|dum_6|160682140|160683471|+|1331" 
[1018] "_R_N5297|dum_6|160687987|160689319|+|1332" 
[1019] "_R_N5297|dum_6|160673376|160674705|+|1329" 
[1020] "_R_N5297|dum_6|160676296|160677625|+|1329" 
[1021] "_R_N5297|dum_6|160670460|160671784|+|1324" 
[1022] "_R_N5297|dum_6|160567705|160569034|+|1329" 
[1023] "_R_N5297|dum_6|160745034|160746365|+|1331" 
[1024] "_R_N5297|dum_6|163008829|163010158|+|1329" 
[1025] "_R_N5297|dum_6|163011769|163013102|+|1333" 
[1026] "_R_N5297|dum_6|159447899|159449240|+|1341" 
[1027] "_R_N5297|dum_6|161750273|161751624|+|1351" 
[1028] "_R_N5297|dum_6|160823096|160824423|+|1327" 
[1029] "_R_N5297|dum_6|161027799|161029125|+|1326" 
[1030] "_R_N5297|dum_6|160820204|160821535|+|1331" 
[1031] "_R_N5297|dum_6|160834740|160836070|+|1330" 
[1032] "_R_N5297|dum_6|161036509|161037839|+|1330" 
[1033] "_R_N5297|dum_6|161033621|161034949|+|1328" 
[1034] "_R_N5297|dum_6|160828964|160830291|+|1327" 
[1035] "_R_N5297|dum_6|161030734|161032061|+|1327" 
[1036] "_R_N5297|dum_6|160826030|160827357|+|1327" 
[1037] "_R_N5297|dum_6|160831849|160833180|+|1331" 
[1038] "_R_N5297|dum_6|160814341|160815682|+|1341" 
[1039] "_R_N5297|dum_6|160154449|160155778|+|1329" 
[1040] "_R_N5297|dum_6|160157372|160158700|+|1328" 
[1041] "_R_N5297|dum_6|159779736|159781065|+|1329" 
[1042] "_R_N5297|dum_6|163434906|163436235|+|1329" 
[1043] "_R_N5297|dum_6|163438576|163439904|+|1328" 
[1044] "_R_N5297|dum_6|163394863|163396188|+|1325" 
[1045] "_R_N5297|dum_6|163405783|163407115|+|1332" 
[1046] "_R_N5297|dum_6|163420327|163421656|+|1329" 
[1047] "_R_N5297|dum_6|162389285|162390607|+|1322" 
[1048] "_R_N5297|dum_6|162392205|162393528|+|1323" 
[1049] "_R_N5297|dum_6|161717518|161718612|+|1094" 
[1050] "_R_N5297|dum_6|163000032|163001360|+|1328" 
[1051] "_R_N5297|dum_6|160413283|160414614|+|1331" 
[1052] "_R_N5297|dum_6|161759058|161760390|+|1332" 
[1053] "_R_N5297|dum_6|162676966|162678296|+|1330" 
[1054] "_R_N5297|dum_6|160484750|160486074|+|1324" 
[1055] "_R_N5297|dum_6|161538805|161540135|+|1330" 
[1056] "_R_N5297|dum_6|161756097|161757426|+|1329" 
[1057] "_R_N5297|dum_6|160787956|160789280|+|1324" 
[1058] "_R_N5297|dum_6|160790879|160792202|+|1323" 
[1059] "_R_N5297|dum_6|160793811|160795134|+|1323" 
[1060] "_R_N5297|dum_6|162161232|162162586|+|1354" 
[1061] "_R_N5297|dum_6|162419551|162420883|+|1332" 
[1062] "_R_N5297|dum_6|162422466|162423798|+|1332" 
[1063] "_R_N5297|dum_6|162425382|162426713|+|1331" 
[1064] "_R_N5297|dum_6|160869461|160870789|+|1328" 
[1065] "_R_N5297|dum_6|161079500|161080828|+|1328" 
[1066] "_R_N5297|dum_6|161074142|161075473|+|1331" 
[1067] "_R_N5297|dum_6|160871952|160873281|+|1329" 
[1068] "_R_N5297|dum_6|161076597|161077930|+|1333" 
[1069] "_R_N5297|dum_6|161071247|161072573|+|1326" 
[1070] "_R_N5297|dum_6|161068758|161070085|+|1327" 
[1071] "_R_N5297|dum_6|163427553|163428876|+|1323" 
[1072] "_R_N5297|dum_6|160817267|160818598|+|1331" 
[1073] "_R_N5297|dum_6|161024897|161026227|+|1330" 
[1074] "_R_N5297|dum_6|159776810|159778137|+|1327" 
[1075] "_R_N5297|dum_6|161256412|161257741|+|1329" 
[1076] "_R_N5297|dum_6|162038916|162040241|+|1325" 
[1077] "_R_N5297|dum_6|162222259|162223588|+|1329" 
[1078] "_R_N5297|dum_6|162219325|162220652|+|1327" 
[1079] "_R_N5297|dum_6|161494798|161496126|+|1328" 
[1080] "_R_N5297|dum_6|162035990|162037315|+|1325" 
[1081] "_R_N5297|dum_6|162216394|162217718|+|1324" 
[1082] "_R_N5297|dum_6|162027308|162028630|+|1322" 
[1083] "_R_N5297|dum_6|162210527|162211849|+|1322" 
[1084] "_R_N5297|dum_6|161489048|161490160|+|1112" 
[1085] "_R_N5297|dum_6|162167089|162168419|+|1330" 
[1086] "_R_N5297|dum_6|162310676|162312005|+|1329" 
[1087] "_R_N5297|dum_6|160948511|160949840|+|1329" 
[1088] "_R_N5297|dum_6|163123164|163124493|+|1329" 
[1089] "_R_N5297|dum_6|163126093|163127421|+|1328" 
[1090] "_R_N5297|dum_6|163129021|163130349|+|1328" 
[1091] "_R_N5297|dum_6|163131949|163133278|+|1329" 
[1092] "_R_N5297|dum_6|162445899|162447229|+|1330" 
[1093] "_R_N5297|dum_6|161720204|161721531|+|1327" 
[1094] "_R_N5297|dum_6|162640994|162642321|+|1327" 
[1095] "_R_N5297|dum_6|160977952|160979276|+|1324" 
[1096] "_R_N5297|dum_6|161121652|161122985|+|1333" 
[1097] "_R_N5297|dum_6|161127535|161128865|+|1330" 
[1098] "_R_N5297|dum_6|161506493|161507830|+|1337" 
[1099] "_R_N5297|dum_6|161521130|161522469|+|1339" 
[1100] "_R_N5297|dum_6|161524070|161525406|+|1336" 
[1101] "_R_N5297|dum_6|162114205|162115534|+|1329" 
[1102] "_R_N5297|dum_6|162290097|162291427|+|1330" 
[1103] "_R_N5297|dum_6|162117213|162118539|+|1326" 
[1104] "_R_N5297|dum_6|162293106|162294432|+|1326" 
[1105] "_R_N5297|dum_6|162128876|162130202|+|1326" 
[1106] "_R_N5297|dum_6|161527096|161528419|+|1323" 
[1107] "_R_N5297|dum_6|163384052|163385118|+|1066" 
[1108] "_R_N5297|dum_6|163398711|163399779|+|1068" 
[1109] "_R_N5297|dum_6|163409634|163410700|+|1066" 
[1110] "_R_N5297|dum_6|163424175|163425241|+|1066" 
[1111] "_R_N5297|dum_6|163391278|163392346|+|1068" 
[1112] "_R_N5297|dum_6|163402322|163403391|+|1069" 
[1113] "_R_N5297|dum_6|163416865|163417935|+|1070" 
[1114] "_R_N5297|dum_6|161238892|161240210|+|1318" 
[1115] "_R_N5297|dum_6|159753547|159754879|+|1332" 
[1116] "_R_N5297|dum_6|159756356|159757690|+|1334" 
[1117] "_R_N5297|dum_6|159750741|159752071|+|1330" 
[1118] "_R_N5297|dum_6|159745123|159746457|+|1334" 
[1119] "_R_N5297|dum_6|159747933|159749265|+|1332" 
[1120] "_R_N5297|dum_6|159724839|159726169|+|1330" 
[1121] "_R_N5297|dum_6|162437119|162438460|+|1341" 
[1122] "_R_N5297|dum_6|162442966|162444307|+|1341" 
[1123] "_R_N5297|dum_6|160748034|160749362|+|1328" 
[1124] "_R_N5297|dum_6|160750709|160752036|+|1327" 
[1125] "_R_N5297|dum_6|160753398|160754725|+|1327" 
[1126] "_R_N5297|dum_6|160594023|160595350|+|1327" 
[1127] "_R_N5297|dum_6|160596961|160598287|+|1326" 
[1128] "_R_N5297|dum_6|160915960|160917287|+|1327" 
[1129] "_R_N5297|dum_6|161102841|161104170|+|1329" 
[1130] "_R_N5297|dum_6|160904089|160905420|+|1331" 
[1131] "_R_N5297|dum_6|161227205|161228533|+|1328" 
[1132] "_R_N5297|dum_6|160864034|160865363|+|1329" 
[1133] "_R_N5297|dum_6|161065820|161067152|+|1332" 
[1134] "_R_N5297|dum_6|160866969|160868298|+|1329" 
[1135] "_R_N5297|dum_6|161230133|161231461|+|1328" 
[1136] "_R_N5297|dum_6|161233067|161234396|+|1329" 
[1137] "_R_N5297|dum_6|162628477|162629811|+|1334" 
[1138] "_R_N5297|dum_6|159970530|159971861|+|1331" 
[1139] "_R_N5297|dum_6|159973450|159974780|+|1330" 
[1140] "_R_N5297|dum_6|160253817|160255144|+|1327" 
[1141] "_R_N5297|dum_6|160256764|160258092|+|1328" 
[1142] "_R_N5297|dum_6|162395125|162396460|+|1335" 
[1143] "_R_N5297|dum_6|163026367|163027695|+|1328" 
[1144] "_R_N5297|dum_6|163029290|163030624|+|1334" 
[1145] "_R_N5297|dum_6|160664397|160665727|+|1330" 
[1146] "_R_N5297|dum_6|162528740|162530073|+|1333" 
[1147] "_R_N5297|dum_6|161618910|161620241|+|1331" 
[1148] "_R_N5297|dum_6|161662198|161663532|+|1334" 
[1149] "_R_N5297|dum_6|161673776|161675111|+|1335" 
[1150] "_R_N5297|dum_6|162345618|162346953|+|1335" 
[1151] "_R_N5297|dum_6|162354343|162355678|+|1335" 
[1152] "_R_N5297|dum_6|162363038|162364370|+|1332" 
[1153] "_R_N5297|dum_6|162371782|162373115|+|1333" 
[1154] "_R_N5297|dum_6|162360139|162361472|+|1333" 
[1155] "_R_N5297|dum_6|162398067|162399398|+|1331" 
[1156] "_R_N5297|dum_6|162164151|162165488|+|1337" 
[1157] "_R_N5297|dum_6|162351448|162352779|+|1331" 
[1158] "_R_N5297|dum_6|162357244|162358575|+|1331" 
[1159] "_R_N5297|dum_6|162919682|162921010|+|1328" 
[1160] "_R_N5297|dum_6|162922583|162923912|+|1329" 
[1161] "_R_N5297|dum_6|162916798|162918126|+|1328" 
[1162] "_R_N5297|dum_6|162374758|162376086|+|1328" 
[1163] "_R_N5297|dum_6|162590218|162591548|+|1330" 
[1164] "_R_N5297|dum_6|161019024|161020353|+|1329" 
[1165] "_R_N5297|dum_6|161180309|161181640|+|1331" 
[1166] "_R_N5297|dum_6|161191984|161193312|+|1328" 
[1167] "_R_N5297|dum_6|162513084|162514423|+|1339" 
[1168] "_R_N5297|dum_6|162336940|162338280|+|1340" 
[1169] "_R_N5297|dum_6|161667970|161669306|+|1336" 
[1170] "_R_N5297|dum_6|162593141|162594482|+|1341" 
[1171] "_R_N5297|dum_6|161203781|161205118|+|1337" 
[1172] "_R_N5297|dum_6|160014191|160015518|+|1327" 
[1173] "_R_N5297|dum_6|160017068|160018395|+|1327" 
[1174] "_R_N5297|dum_6|160011311|160012645|+|1334" 
[1175] "_R_N5297|dum_6|160339057|160340378|+|1321" 
[1176] "_R_N5297|dum_6|160008428|160009757|+|1329" 
[1177] "_R_N5297|dum_6|160336169|160337496|+|1327" 
[1178] "_R_N5297|dum_6|160401578|160402902|+|1324" 
[1179] "_R_N5297|dum_6|161700305|161701624|+|1319" 
[1180] "_R_N5297|dum_6|161703254|161704573|+|1319" 
[1181] "_R_N5297|dum_6|162616753|162618074|+|1321" 
[1182] "_R_N5297|dum_6|161697349|161698677|+|1328" 
[1183] "_R_N5297|dum_6|162331141|162332471|+|1330" 
[1184] "_R_N5297|dum_6|162334039|162335372|+|1333" 
[1185] "_R_N5297|dum_6|160203847|160205189|+|1342" 
[1186] "_R_N5297|dum_6|160209720|160211061|+|1341" 
[1187] "_R_N5297|dum_6|160200903|160202246|+|1343" 
[1188] "_R_N5297|dum_6|161497714|161499046|+|1332" 
[1189] "_R_N5297|dum_6|161808490|161809818|+|1328" 
[1190] "_R_N5297|dum_6|162735810|162737139|+|1329" 
[1191] "_R_N5297|dum_6|163255193|163256331|+|1138" 
[1192] "_R_N5297|dum_6|163261197|163262481|+|1284" 
[1193] "N5297|ten_11|103372217|103373315|+|1098"   
[1194] "N5297|ten_11|103377380|103378478|+|1098"   
[1195] "N5297|ten_11|103382616|103383716|+|1100"   
[1196] "_R_N5297|dum_6|161723126|161724188|+|1062" 
[1197] "N5297|ten_1|277553272|277554634|+|1362"    
[1198] "N5297|ten_1|277565336|277566487|+|1151"    
[1199] "_R_N5297|ten_1|277741112|277742474|+|1362" 
[1200] "_R_N5297|ten_1|277747924|277749286|+|1362" 
[1201] "N5297|ten_6|169634446|169635808|+|1362"    
[1202] "N5297|ten_6|169641530|169642892|+|1362"    
[1203] "_R_N5297|ten_6|174118497|174119859|+|1362" 
[1204] "N5297|ten_6|169627383|169628724|+|1341"    
[1205] "_R_N5297|ten_6|174104342|174105703|+|1361" 
[1206] "_R_N5297|ten_6|174111418|174112779|+|1361" 
[1207] "_R_N5297|ten_1|277754736|277756097|+|1361" 
[1208] "_R_N5297|ten_6|169392311|169393663|+|1352" 
[1209] "_R_N5297|ten_6|169539593|169540945|+|1352" 
[1210] "_R_N5297|ten_6|169478384|169479738|+|1354" 
[1211] "_R_N5297|ten_6|169560080|169561434|+|1354" 
[1212] "_R_N5297|ten_6|169399154|169400508|+|1354" 
[1213] "_R_N5297|ten_6|169425685|169427039|+|1354" 
[1214] "_R_N5297|ten_6|169458211|169459565|+|1354" 
[1215] "_R_N5297|ten_6|169498876|169500230|+|1354" 
[1216] "_R_N5297|ten_6|169594272|169595626|+|1354" 
[1217] "_R_N5297|ten_6|169385749|169387103|+|1354" 
[1218] "_R_N5297|ten_6|169444540|169445894|+|1354" 
[1219] "_R_N5297|ten_6|169439080|169440434|+|1354" 
[1220] "_R_N5297|ten_6|169451366|169452720|+|1354" 
[1221] "N5297|ten_7|128822392|128823746|+|1354"    
[1222] "N5297|ten_12|90344201|90345553|+|1352"     
[1223] "N5297|ten_12|90350776|90352128|+|1352"     
[1224] "N5297|ten_12|90335690|90337043|+|1353"     
[1225] "N5297|ten_12|90314064|90315423|+|1359"     
[1226] "_R_N5297|ten_6|169419106|169420463|+|1357" 
[1227] "N5297|ten_5|1175847|1177204|+|1357"        
[1228] "_R_N5297|ten_5|1221591|1222949|+|1358"     
[1229] "_R_N5297|ten_5|1227956|1229314|+|1358"     
[1230] "_R_N5297|ten_12|18475215|18476573|+|1358"  
[1231] "_R_N5297|ten_12|18485626|18486984|+|1358"  
[1232] "_R_N5297|ten_12|18496037|18497395|+|1358"  
[1233] "_R_N5297|ten_12|18506448|18507806|+|1358"  
[1234] "_R_N5297|ten_6|169553259|169554609|+|1350" 
[1235] "_R_N5297|ten_6|169525923|169527274|+|1351" 
[1236] "_R_N5297|ten_6|169587465|169588816|+|1351" 
[1237] "N5297|ten_12|90307213|90308565|+|1352"     
[1238] "_R_N5297|ten_6|169405713|169407065|+|1352" 
[1239] "_R_N5297|ten_6|169617068|169618420|+|1352" 
[1240] "N5297|ten_3|280362323|280363678|+|1355"    
[1241] "N5297|ten_3|280372411|280373766|+|1355"    
[1242] "N5297|ten_3|280383051|280384406|+|1355"    
[1243] "_R_N5297|ten_6|169412540|169413894|+|1354" 
[1244] "_R_N5297|ten_6|169607915|169609267|+|1352" 
[1245] "N5297|ten_5|1196321|1197674|+|1353"        
[1246] "_R_N5297|ten_6|169546426|169547779|+|1353" 
[1247] "_R_N5297|ten_6|169566902|169568255|+|1353" 
[1248] "_R_N5297|ten_6|169623896|169625249|+|1353" 
[1249] "N5297|ten_7|128829231|128830584|+|1353"    
[1250] "_R_N5297|ten_6|169532746|169534099|+|1353" 
[1251] "_R_N5297|ten_6|169485214|169486567|+|1353" 
[1252] "N5297|ten_5|1182636|1183989|+|1353"        
[1253] "_R_N5297|ten_6|169492052|169493405|+|1353" 
[1254] "_R_N5297|ten_6|169512267|169513620|+|1353" 
[1255] "_R_N5297|ten_6|169519092|169520445|+|1353" 
[1256] "_R_N5297|ten_6|169505438|169506791|+|1353" 
[1257] "N5297|ten_5|1202871|1204225|+|1354"        
[1258] "N5297|ten_5|1210259|1211615|+|1356"        
[1259] "_R_N5297|ten_6|169378925|169380280|+|1355" 
[1260] "_R_N5297|ten_6|169464755|169466110|+|1355" 
[1261] "_R_N5297|ten_6|169580556|169581911|+|1355" 
[1262] "N5297|ten_12|90327733|90329088|+|1355"     
[1263] "_R_N5297|ten_6|169573727|169575082|+|1355" 
[1264] "N5297|ten_5|1189485|1190840|+|1355"        
[1265] "_R_N5297|ten_6|169432529|169433884|+|1355" 
[1266] "_R_N5297|ten_6|169471592|169472947|+|1355" 
[1267] "N5297|ten_12|90320897|90322251|+|1354"     
[1268] "_R_N5297|ten_6|169601093|169602441|+|1348" 
[1269] "N5297|ten_10|162703597|162704937|+|1340"   
[1270] "N5297|ten_10|162710318|162711658|+|1340"   
[1271] "N5297|ten_10|162717037|162718377|+|1340"   
[1272] "N5297|ten_10|162723756|162725096|+|1340"   
[1273] "N5297|ten_10|162730475|162731815|+|1340"   
[1274] "N5297|ten_10|162737194|162738534|+|1340"   
[1275] "N5297|ten_10|162755393|162756733|+|1340"   
[1276] "N5297|ten_10|162762110|162763450|+|1340"   
[1277] "N5297|ten_10|162768829|162770169|+|1340"   
[1278] "N5297|ten_10|162775550|162776890|+|1340"   
[1279] "N5297|ten_10|162788438|162789778|+|1340"   
[1280] "N5297|ten_10|162795157|162796497|+|1340"   
[1281] "N5297|ten_10|162743911|162745253|+|1342"   
[1282] "N5297|ten_10|162781719|162783057|+|1338"   
[1283] "N5297|ten_6|243142173|243143516|+|1343"    
[1284] "N5297|ten_6|243148583|243149926|+|1343"    
[1285] "N5297|ten_6|243154993|243156336|+|1343"    
[1286] "_R_N5297|ten_2|11919970|11921313|+|1343"   
[1287] "N5297|ten_6|243135763|243137106|+|1343"    
[1288] "_R_N5297|ten_2|11907150|11908493|+|1343"   
[1289] "_R_N5297|ten_2|11913560|11914903|+|1343"   
[1290] "_R_N5297|ten_2|381961|383304|+|1343"       
[1291] "_R_N5297|ten_2|388371|389714|+|1343"       
[1292] "_R_N5297|ten_2|369141|370484|+|1343"       
[1293] "_R_N5297|ten_2|375551|376894|+|1343"       
[1294] "N5297|ten_10|162660871|162662224|+|1353"   
[1295] "N5297|ten_10|162668408|162669761|+|1353"   
[1296] "N5297|ten_10|162675945|162677298|+|1353"   
[1297] "N5297|ten_10|162684034|162685387|+|1353"   
[1298] "_R_N5297|ten_6|171137553|171138906|+|1353" 
[1299] "_R_N5297|ten_6|171145090|171146443|+|1353" 
[1300] "_R_N5297|ten_6|171152627|171153980|+|1353" 
[1301] "N5297|ten_10|162691567|162692919|+|1352"   
[1302] "N5297|ten_10|162699099|162700451|+|1352"   
[1303] "_R_N5297|ten_7|142398196|142399530|+|1334" 
[1304] "_R_N5297|ten_7|142405263|142406597|+|1334" 
[1305] "_R_N5297|ten_7|142412042|142413376|+|1334" 
[1306] "_R_N5297|ten_12|22976791|22978120|+|1329"  
[1307] "N5297|ten_12|22993213|22994548|+|1335"     
[1308] "_R_N5297|ten_12|18536740|18538071|+|1331"  
[1309] "_R_N5297|ten_12|22958737|22960073|+|1336"  
[1310] "N5297|ten_12|23017783|23019119|+|1336"     
[1311] "_R_N5297|ten_12|18586701|18588040|+|1339"  
[1312] "N5297|ten_12|23005711|23007043|+|1332"     
[1313] "N5297|ten_12|23011758|23013090|+|1332"     
[1314] "_R_N5297|ten_12|18571816|18573152|+|1336"  
[1315] "_R_N5297|ten_12|18579092|18580428|+|1336"  
[1316] "N5297|ten_12|22999331|23000663|+|1332"     
[1317] "_R_N5297|ten_12|18564555|18565886|+|1331"  
[1318] "_R_N5297|ten_7|142391129|142392460|+|1331" 
[1319] "_R_N5297|ten_12|22965769|22967101|+|1332"  
[1320] "N5297|ten_6|169335287|169336613|+|1326"    
[1321] "N5297|ten_X1|31480219|31481545|+|1326"     
[1322] "N5297|ten_11|119306742|119308069|+|1327"   
[1323] "N5297|ten_X1|31536913|31538238|+|1325"     
[1324] "_R_N5297|ten_5|200572|201898|+|1326"       
[1325] "_R_N5297|ten_5|103060|104388|+|1328"       
[1326] "N5297|ten_7|137378984|137380317|+|1333"    
[1327] "_R_N5297|ten_5|116783|118114|+|1331"       
[1328] "N5297|ten_7|137394779|137396110|+|1331"    
[1329] "_R_N5297|ten_12|136976056|136977386|+|1330"
[1330] "_R_N5297|ten_5|208906|210232|+|1326"       
[1331] "_R_N5297|ten_8|194256338|194257664|+|1326" 
[1332] "N5297|ten_X1|31464283|31465609|+|1326"     
[1333] "_R_N5297|ten_12|24799191|24800517|+|1326"  
[1334] "N5297|ten_X1|31546817|31548142|+|1325"     
[1335] "N5297|ten_X1|31556688|31558014|+|1326"     
[1336] "_R_N5297|ten_X1|31418253|31419585|+|1332"  
[1337] "N5297|ten_X1|31457160|31458489|+|1329"     
[1338] "N5297|ten_7|137423821|137425151|+|1330"    
[1339] "N5297|ten_X1|31576872|31578202|+|1330"     
[1340] "_R_N5297|ten_5|192229|193559|+|1330"       
[1341] "N5297|ten_6|169359659|169360989|+|1330"    
[1342] "_R_N5297|ten_5|292859|294189|+|1330"       
[1343] "N5297|ten_X1|31449447|31450777|+|1330"     
[1344] "N5297|ten_7|137388642|137389972|+|1330"    
[1345] "_R_N5297|ten_5|215452|216782|+|1330"       
[1346] "N5297|ten_7|137416708|137418038|+|1330"    
[1347] "_R_N5297|ten_X1|31425736|31427063|+|1327"  
[1348] "N5297|ten_1|134932646|134933976|+|1330"    
[1349] "_R_N5297|ten_12|24776529|24777852|+|1323"  
[1350] "_R_N5297|ten_12|24813160|24814486|+|1326"  
[1351] "_R_N5297|ten_12|24827533|24828862|+|1329"  
[1352] "_R_N5297|ten_5|49257|50584|+|1327"         
[1353] "_R_N5297|ten_5|71653|72981|+|1328"         
[1354] "_R_N5297|ten_5|254638|255965|+|1327"       
[1355] "_R_N5297|ten_12|137026010|137027338|+|1328"
[1356] "N5297|ten_4|96862828|96864156|+|1328"      
[1357] "N5297|ten_1|134925551|134926878|+|1327"    
[1358] "_R_N5297|ten_4|230404778|230406105|+|1327" 
[1359] "_R_N5297|ten_4|230413323|230414652|+|1329" 
[1360] "_R_N5297|ten_12|24819768|24821096|+|1328"  
[1361] "N5297|ten_9|63549447|63550776|+|1329"      
[1362] "_R_N5297|ten_12|24835352|24836681|+|1329"  
[1363] "N5297|ten_9|63543364|63544691|+|1327"      
[1364] "_R_N5297|ten_12|136989182|136990512|+|1330"
[1365] "_R_N5297|ten_12|137040287|137041616|+|1329"
[1366] "_R_N5297|ten_5|134412|135741|+|1329"       
[1367] "_R_N5297|ten_12|136968266|136969595|+|1329"
[1368] "_R_N5297|ten_5|262379|263705|+|1326"       
[1369] "N5297|ten_11|119325574|119326902|+|1328"   
[1370] "N5297|ten_6|169351600|169352928|+|1328"    
[1371] "_R_N5297|ten_5|142727|144054|+|1327"       
[1372] "_R_N5297|ten_12|136995683|136997012|+|1329"
[1373] "_R_N5297|ten_5|41720|43049|+|1329"         
[1374] "N5297|ten_X1|31471380|31472709|+|1329"     
[1375] "N5297|ten_6|218772986|218774315|+|1329"    
[1376] "_R_N5297|ten_5|284845|286174|+|1329"       
[1377] "N5297|ten_1|134919005|134920334|+|1329"    
[1378] "N5297|ten_4|96878326|96879655|+|1329"      
[1379] "_R_N5297|ten_5|167662|168991|+|1329"       
[1380] "_R_N5297|ten_12|137011483|137012812|+|1329"
[1381] "N5297|ten_6|218758470|218759799|+|1329"    
[1382] "_R_N5297|ten_8|194265264|194266593|+|1329" 
[1383] "_R_N5297|ten_5|312514|313843|+|1329"       
[1384] "_R_N5297|ten_5|269967|271295|+|1328"       
[1385] "_R_N5297|ten_12|136945283|136946611|+|1328"
[1386] "N5297|ten_X1|31435648|31436976|+|1328"     
[1387] "N5297|ten_X2|136000012|136001339|+|1327"   
[1388] "_R_N5297|ten_12|137019068|137020398|+|1330"
[1389] "_R_N5297|ten_5|111097|112427|+|1330"       
[1390] "N5297|ten_X1|31442859|31444187|+|1328"     
[1391] "_R_N5297|ten_5|227640|228774|+|1134"       
[1392] "_R_N5297|ten_5|246312|247634|+|1322"       
[1393] "N5297|ten_9|63557734|63559056|+|1322"      
[1394] "_R_N5297|ten_5|63723|65052|+|1329"         
[1395] "_R_N5297|ten_5|183331|184660|+|1329"       
[1396] "_R_N5297|ten_12|136939579|136940908|+|1329"
[1397] "_R_N5297|ten_12|136982992|136984322|+|1330"
[1398] "_R_N5297|ten_5|85782|87111|+|1329"         
[1399] "N5297|ten_6|169345516|169346845|+|1329"    
[1400] "_R_N5297|ten_5|17224|18552|+|1328"         
[1401] "_R_N5297|ten_5|7528|8856|+|1328"           
[1402] "_R_N5297|ten_5|126341|127669|+|1328"       
[1403] "_R_N5297|ten_5|224212|225344|+|1132"       
[1404] "_R_N5297|ten_5|219072|220204|+|1132"       
[1405] "_R_N5297|ten_5|217361|218493|+|1132"       
[1406] "_R_N5297|ten_5|222501|223633|+|1132"       
[1407] "_R_N5297|ten_12|136934145|136935461|+|1316"
[1408] "_R_N5297|ten_5|220786|221917|+|1131"       
[1409] "_R_N5297|ten_5|225926|227057|+|1131"       
[1410] "N5297|ten_X1|31495040|31496367|+|1327"     
[1411] "N5297|ten_X1|31503077|31504404|+|1327"     
[1412] "_R_N5297|ten_12|137004603|137005930|+|1327"
[1413] "_R_N5297|ten_X1|31407018|31408345|+|1327"  
[1414] "_R_N5297|ten_12|24783723|24785050|+|1327"  
[1415] "N5297|ten_6|169375342|169376669|+|1327"    
[1416] "_R_N5297|ten_12|24790373|24791700|+|1327"  
[1417] "_R_N5297|ten_5|175573|176900|+|1327"       
[1418] "N5297|ten_12|18527586|18528913|+|1327"     
[1419] "_R_N5297|ten_12|136959948|136961274|+|1326"
[1420] "_R_N5297|ten_12|24767076|24768403|+|1327"  
[1421] "_R_N5297|ten_5|92290|93618|+|1328"         
[1422] "N5297|ten_7|137402551|137403879|+|1328"    
[1423] "N5297|ten_7|137410304|137411632|+|1328"    
[1424] "_R_N5297|ten_5|234890|236218|+|1328"       
[1425] "N5297|ten_7|137433453|137434781|+|1328"    
[1426] "N5297|ten_7|137442531|137443859|+|1328"    
[1427] "_R_N5297|ten_5|275960|277288|+|1328"       
[1428] "_R_N5297|ten_1|277575626|277576954|+|1328" 
[1429] "_R_N5297|ten_1|277585827|277587155|+|1328" 
[1430] "N5297|ten_4|96870586|96871898|+|1312"      
[1431] "N5297|ten_X1|31510878|31512205|+|1327"     
[1432] "N5297|ten_X1|31517830|31519155|+|1325"     
[1433] "_R_N5297|ten_5|301739|303061|+|1322"       
[1434] "_R_N5297|ten_12|18544241|18545579|+|1338"  
[1435] "_R_N5297|ten_12|18551036|18552370|+|1334"  
[1436] "_R_N5297|ten_12|18557837|18559168|+|1331"  
[1437] "N5297|ten_X2|128763419|128764761|+|1342"   
[1438] "N5297|ten_5|210923237|210924579|+|1342"    
[1439] "N5297|ten_5|210952087|210953429|+|1342"    
[1440] "N5297|ten_5|82495964|82497306|+|1342"      
[1441] "_R_N5297|ten_11|77517173|77518515|+|1342"  
[1442] "N5297|ten_11|77446823|77448161|+|1338"     
[1443] "_R_N5297|ten_2|352158|353495|+|1337"       
[1444] "_R_N5297|ten_2|346190|347527|+|1337"       
[1445] "_R_N5297|ten_10|142080027|142081368|+|1341"
[1446] "_R_N5297|ten_6|5181817|5183158|+|1341"     
[1447] "N5297|ten_11|103126122|103127462|+|1340"   
[1448] "_R_N5297|ten_1|174475012|174476358|+|1346" 
[1449] "N5297|ten_5|73466880|73468226|+|1346"      
[1450] "N5297|ten_5|166045530|166046877|+|1347"    
[1451] "N5297|ten_5|210966824|210968171|+|1347"    
[1452] "N5297|ten_12|137096159|137097508|+|1349"   
[1453] "_R_N5297|ten_2|174321|175667|+|1346"       
[1454] "_R_N5297|ten_2|160376761|160378106|+|1345" 
[1455] "_R_N5297|ten_4|156660486|156661832|+|1346" 
[1456] "N5297|ten_5|211024798|211026144|+|1346"    
[1457] "N5297|ten_5|210937932|210939278|+|1346"    
[1458] "_R_N5297|ten_11|77580880|77582226|+|1346"  
[1459] "_R_N5297|ten_2|357566|358913|+|1347"       
[1460] "_R_N5297|ten_1|134942560|134943907|+|1347" 
[1461] "N5297|ten_2|270388|271732|+|1344"          
[1462] "_R_N5297|ten_12|136917980|136919325|+|1345"
[1463] "N5297|ten_5|166020828|166022177|+|1349"    
[1464] "_R_N5297|ten_2|340772|342114|+|1342"       
[1465] "_R_N5297|ten_X1|152509667|152511013|+|1346"
[1466] "N5297|ten_11|77452512|77453855|+|1343"     
[1467] "_R_N5297|ten_2|6919|8255|+|1336"           
[1468] "_R_N5297|ten_2|144665|146001|+|1336"       
[1469] "N5297|ten_12|137110348|137111689|+|1341"   
[1470] "_R_N5297|ten_1|174447797|174449139|+|1342" 
[1471] "_R_N5297|ten_11|77567270|77568613|+|1343"  
[1472] "N5297|ten_12|137138665|137140008|+|1343"   
[1473] "N5297|ten_5|165991938|165993282|+|1344"    
[1474] "_R_N5297|ten_12|137079656|137080999|+|1343"
[1475] "_R_N5297|ten_X1|152410424|152411767|+|1343"
[1476] "_R_N5297|ten_X1|152475023|152476366|+|1343"
[1477] "_R_N5297|ten_1|135043699|135045042|+|1343" 
[1478] "_R_N5297|ten_11|77601839|77603182|+|1343"  
[1479] "N5297|ten_12|137193202|137194545|+|1343"   
[1480] "N5297|ten_5|166059249|166060592|+|1343"    
[1481] "N5297|ten_5|166079928|166081271|+|1343"    
[1482] "_R_N5297|ten_1|134681291|134682634|+|1343" 
[1483] "N5297|ten_X2|128927519|128928862|+|1343"   
[1484] "_R_N5297|ten_12|136903549|136904892|+|1343"
[1485] "N5297|ten_11|77387543|77388886|+|1343"     
[1486] "_R_N5297|ten_1|135038039|135039382|+|1343" 
[1487] "_R_N5297|ten_11|77594763|77596106|+|1343"  
[1488] "N5297|ten_11|3315855|3317198|+|1343"       
[1489] "_R_N5297|ten_X1|152365078|152366421|+|1343"
[1490] "_R_N5297|ten_X1|152380063|152381406|+|1343"
[1491] "_R_N5297|ten_8|186275537|186276880|+|1343" 
[1492] "N5297|ten_12|137176558|137177901|+|1343"   
[1493] "_R_N5297|ten_1|134463861|134465204|+|1343" 
[1494] "_R_N5297|ten_1|134985941|134987284|+|1343" 
[1495] "_R_N5297|ten_X1|152454626|152455969|+|1343"
[1496] "_R_N5297|ten_X1|152386309|152387652|+|1343"
[1497] "_R_N5297|ten_1|134660359|134661703|+|1344" 
[1498] "_R_N5297|ten_11|77503296|77504640|+|1344"  
[1499] "_R_N5297|ten_2|213491|214835|+|1344"       
[1500] "_R_N5297|ten_2|240719|242063|+|1344"       
[1501] "N5297|ten_5|210959440|210960784|+|1344"    
[1502] "N5297|ten_11|77348960|77350305|+|1345"     
[1503] "_R_N5297|ten_2|327447|328791|+|1344"       
[1504] "_R_N5297|ten_X1|152398483|152399827|+|1344"
[1505] "_R_N5297|ten_X1|152404175|152405519|+|1344"
[1506] "_R_N5297|ten_2|160383538|160384882|+|1344" 
[1507] "_R_N5297|ten_X1|152415839|152417183|+|1344"
[1508] "_R_N5297|ten_X1|152421255|152422599|+|1344"
[1509] "_R_N5297|ten_1|134666607|134667951|+|1344" 
[1510] "N5297|ten_2|260264|261608|+|1344"          
[1511] "_R_N5297|ten_1|134604376|134605720|+|1344" 
[1512] "_R_N5297|ten_2|233641|234985|+|1344"       
[1513] "N5297|ten_5|210981263|210982606|+|1343"    
[1514] "N5297|ten_5|166034960|166036304|+|1344"    
[1515] "_R_N5297|ten_12|137057755|137059099|+|1344"
[1516] "_R_N5297|ten_1|135016530|135017875|+|1345" 
[1517] "_R_N5297|ten_1|134777178|134778522|+|1344" 
[1518] "_R_N5297|ten_X1|152359386|152360730|+|1344"
[1519] "_R_N5297|ten_X1|152374371|152375715|+|1344"
[1520] "N5297|ten_11|77359378|77360723|+|1345"     
[1521] "_R_N5297|ten_4|156653403|156654751|+|1348" 
[1522] "N5297|ten_11|77379910|77381257|+|1347"     
[1523] "N5297|ten_11|3309328|3310673|+|1345"       
[1524] "_R_N5297|ten_11|77560190|77561535|+|1345"  
[1525] "_R_N5297|ten_2|333693|335038|+|1345"       
[1526] "N5297|ten_5|210973353|210974698|+|1345"    
[1527] "N5297|ten_5|166120785|166122132|+|1347"    
[1528] "_R_N5297|ten_1|134673936|134675280|+|1344" 
[1529] "N5297|ten_1|134826677|134828021|+|1344"    
[1530] "_R_N5297|ten_1|134860377|134861721|+|1344" 
[1531] "_R_N5297|ten_1|134874256|134875600|+|1344" 
[1532] "_R_N5297|ten_2|200418|201762|+|1344"       
[1533] "N5297|ten_5|166094912|166096256|+|1344"    
[1534] "_R_N5297|ten_8|186250110|186251454|+|1344" 
[1535] "N5297|ten_6|169658538|169659882|+|1344"    
[1536] "_R_N5297|ten_4|154817820|154819165|+|1345" 
[1537] "_R_N5297|ten_1|134688524|134689868|+|1344" 
[1538] "N5297|ten_6|169672422|169673766|+|1344"    
[1539] "_R_N5297|ten_X2|175027791|175029135|+|1344"
[1540] "N5297|ten_11|77421275|77422619|+|1344"     
[1541] "N5297|ten_5|210916437|210917781|+|1344"    
[1542] "N5297|ten_11|77324824|77326170|+|1346"     
[1543] "_R_N5297|ten_1|134521549|134522893|+|1344" 
[1544] "N5297|ten_11|77540626|77541970|+|1344"     
[1545] "N5297|ten_5|211009374|211010721|+|1347"    
[1546] "N5297|ten_12|137103548|137104892|+|1344"   
[1547] "N5297|ten_5|166006405|166007750|+|1345"    
[1548] "_R_N5297|ten_1|134695205|134696549|+|1344" 
[1549] "N5297|ten_11|77436266|77437610|+|1344"     
[1550] "_R_N5297|ten_1|134615110|134616456|+|1346" 
[1551] "N5297|ten_1|134838340|134839686|+|1346"    
[1552] "N5297|ten_1|134843480|134844825|+|1345"    
[1553] "_R_N5297|ten_1|134894404|134895748|+|1344" 
[1554] "_R_N5297|ten_1|135006689|135008034|+|1345" 
[1555] "N5297|ten_5|73459797|73461141|+|1344"      
[1556] "_R_N5297|ten_1|134770104|134771445|+|1341" 
[1557] "N5297|ten_11|77338549|77339897|+|1348"     
[1558] "N5297|ten_5|210930583|210931926|+|1343"    
[1559] "_R_N5297|ten_12|136876528|136877870|+|1342"
[1560] "_R_N5297|ten_X1|152447273|152448616|+|1343"
[1561] "N5297|ten_X2|128725828|128727170|+|1342"   
[1562] "N5297|ten_X2|128748159|128749501|+|1342"   
[1563] "_R_N5297|ten_12|136869175|136870518|+|1343"
[1564] "N5297|ten_5|166134666|166136008|+|1342"    
[1565] "_R_N5297|ten_1|174468208|174469551|+|1343" 
[1566] "_R_N5297|ten_11|109161849|109163191|+|1342"
[1567] "_R_N5297|ten_1|134853023|134854366|+|1343" 
[1568] "N5297|ten_11|98596177|98597519|+|1342"     
[1569] "_R_N5297|ten_1|134534318|134535661|+|1343" 
[1570] "_R_N5297|ten_11|77624457|77625799|+|1342"  
[1571] "N5297|ten_11|77488182|77489524|+|1342"     
[1572] "N5297|ten_11|77369507|77370850|+|1343"     
[1573] "_R_N5297|ten_X1|152461705|152463047|+|1342"
[1574] "_R_N5297|ten_1|134628442|134629785|+|1343" 
[1575] "_R_N5297|ten_2|160397138|160398481|+|1343" 
[1576] "_R_N5297|ten_4|156646049|156647391|+|1342" 
[1577] "N5297|ten_5|211033265|211034607|+|1342"    
[1578] "N5297|ten_X2|128717921|128719263|+|1342"   
[1579] "N5297|ten_5|165999023|166000364|+|1341"    
[1580] "N5297|ten_11|103112802|103114142|+|1340"   
[1581] "_R_N5297|ten_12|136891100|136892444|+|1344"
[1582] "_R_N5297|ten_4|77039282|77040625|+|1343"   
[1583] "N5297|ten_12|137147400|137148743|+|1343"   
[1584] "_R_N5297|ten_4|77022646|77023989|+|1343"   
[1585] "_R_N5297|ten_2|310613|311953|+|1340"       
[1586] "N5297|ten_5|166013761|166015101|+|1340"    
[1587] "_R_N5297|ten_11|77510099|77511439|+|1340"  
[1588] "N5297|ten_5|82487555|82488895|+|1340"      
[1589] "_R_N5297|ten_6|5167118|5168458|+|1340"     
[1590] "N5297|ten_11|103136799|103138139|+|1340"   
[1591] "_R_N5297|ten_2|160390339|160391679|+|1340" 
[1592] "_R_N5297|ten_X2|175034870|175036214|+|1344"
[1593] "_R_N5297|ten_11|77587961|77589303|+|1342"  
[1594] "_R_N5297|ten_4|154824346|154825689|+|1343" 
[1595] "_R_N5297|ten_11|77646237|77647578|+|1341"  
[1596] "N5297|ten_11|98588547|98589888|+|1341"     
[1597] "_R_N5297|ten_2|237241741|237243082|+|1341" 
[1598] "_R_N5297|ten_11|77660393|77661734|+|1341"  
[1599] "_R_N5297|ten_1|134642596|134643937|+|1341" 
[1600] "_R_N5297|ten_1|134846231|134847574|+|1343" 
[1601] "_R_N5297|ten_11|77608917|77610260|+|1343"  
[1602] "N5297|ten_5|166073129|166074472|+|1343"    
[1603] "N5297|ten_5|166142021|166143364|+|1343"    
[1604] "_R_N5297|ten_4|77029718|77031061|+|1343"   
[1605] "N5297|ten_5|210909633|210910977|+|1344"    
[1606] "N5297|ten_5|82479928|82481268|+|1340"      
[1607] "_R_N5297|ten_4|154830589|154831931|+|1342" 
[1608] "N5297|ten_6|169651743|169653086|+|1343"    
[1609] "_R_N5297|ten_2|364924|366269|+|1345"       
[1610] "_R_N5297|ten_X2|175020718|175022058|+|1340"
[1611] "_R_N5297|ten_6|5173912|5175250|+|1338"     
[1612] "_R_N5297|ten_4|154837667|154839008|+|1341" 
[1613] "N5297|ten_12|137131861|137133202|+|1341"   
[1614] "_R_N5297|ten_1|134720901|134722242|+|1341" 
[1615] "N5297|ten_5|166113436|166114779|+|1343"    
[1616] "_R_N5297|ten_1|134949367|134950708|+|1341" 
[1617] "N5297|ten_6|114162610|114163951|+|1341"    
[1618] "N5297|ten_6|114168298|114169639|+|1341"    
[1619] "N5297|ten_11|98603808|98605149|+|1341"     
[1620] "N5297|ten_6|114156922|114158263|+|1341"    
[1621] "_R_N5297|ten_1|134456509|134457850|+|1341" 
[1622] "N5297|ten_11|98576328|98577669|+|1341"     
[1623] "N5297|ten_2|252914|254255|+|1341"          
[1624] "N5297|ten_11|103119325|103120665|+|1340"   
[1625] "_R_N5297|ten_1|134563475|134564774|+|1299" 
[1626] "_R_N5297|ten_4|154861183|154862512|+|1329" 
[1627] "N5297|ten_5|210995747|210997091|+|1344"    
[1628] "N5297|ten_5|211002299|211003638|+|1339"    
[1629] "N5297|ten_6|169665344|169666686|+|1342"    
[1630] "_R_N5297|ten_9|13959664|13961006|+|1342"   
[1631] "_R_N5297|ten_2|206942|208284|+|1342"       
[1632] "_R_N5297|ten_4|156668672|156670014|+|1342" 
[1633] "N5297|ten_11|77480826|77482168|+|1342"     
[1634] "N5297|ten_12|137169481|137170823|+|1342"   
[1635] "N5297|ten_11|77474302|77475644|+|1342"     
[1636] "N5297|ten_5|73474238|73475580|+|1342"      
[1637] "N5297|ten_11|77468056|77469398|+|1342"     
[1638] "_R_N5297|ten_X1|152469057|152470399|+|1342"
[1639] "_R_N5297|ten_X1|152482101|152483443|+|1342"
[1640] "_R_N5297|ten_1|135031237|135032579|+|1342" 
[1641] "N5297|ten_11|77428636|77429979|+|1343"     
[1642] "N5297|ten_5|211016334|211017676|+|1342"    
[1643] "_R_N5297|ten_1|134792315|134793658|+|1343" 
[1644] "_R_N5297|ten_1|134880231|134881574|+|1343" 
[1645] "N5297|ten_5|166066340|166067683|+|1343"    
[1646] "_R_N5297|ten_2|193618|194960|+|1342"       
[1647] "_R_N5297|ten_12|136896237|136897575|+|1338"
[1648] "_R_N5297|ten_4|154846104|154847445|+|1341" 
[1649] "N5297|ten_1|134833203|134834546|+|1343"    
[1650] "N5297|ten_1|134735640|134736982|+|1342"    
[1651] "_R_N5297|ten_2|226660|228002|+|1342"       
[1652] "N5297|ten_12|137185850|137187192|+|1342"   
[1653] "_R_N5297|ten_11|77495941|77497282|+|1341"  
[1654] "_R_N5297|ten_2|20188|21522|+|1334"         
[1655] "N5297|ten_X2|128710011|128711355|+|1344"   
[1656] "_R_N5297|ten_12|48187221|48188563|+|1342"  
[1657] "_R_N5297|ten_2|13423|14765|+|1342"         
[1658] "_R_N5297|ten_1|134757078|134758420|+|1342" 
[1659] "N5297|ten_X2|128733459|128734801|+|1342"   
[1660] "_R_N5297|ten_1|134432172|134433513|+|1341" 
[1661] "_R_N5297|ten_1|134526965|134528307|+|1342" 
[1662] "N5297|ten_1|134729665|134731006|+|1341"    
[1663] "N5297|ten_5|210988338|210989683|+|1345"    
[1664] "N5297|ten_1|134812558|134813904|+|1346"    
[1665] "N5297|ten_11|77528158|77529503|+|1345"     
[1666] "_R_N5297|ten_2|237234662|237236008|+|1346" 
[1667] "_R_N5297|ten_4|154876155|154877501|+|1346" 
[1668] "_R_N5297|ten_2|151998|153342|+|1344"       
[1669] "_R_N5297|ten_1|134591045|134592390|+|1345" 
[1670] "_R_N5297|ten_1|134652446|134653791|+|1345" 
[1671] "_R_N5297|ten_1|134783856|134785201|+|1345" 
[1672] "_R_N5297|ten_12|136925645|136926994|+|1349"
[1673] "N5297|ten_11|77412255|77413600|+|1345"     
[1674] "_R_N5297|ten_4|154853001|154854344|+|1343" 
[1675] "N5297|ten_1|134804637|134805983|+|1346"    
[1676] "_R_N5297|ten_4|154867692|154869032|+|1340" 
[1677] "_R_N5297|ten_11|77631533|77632872|+|1339"  
[1678] "_R_N5297|ten_1|134965934|134967300|+|1366" 
[1679] "_R_N5297|ten_1|174454601|174455946|+|1345" 
[1680] "_R_N5297|ten_1|134978448|134979793|+|1345" 
[1681] "N5297|ten_5|210945284|210946628|+|1344"    
[1682] "N5297|ten_1|134819322|134820665|+|1343"    
[1683] "_R_N5297|ten_1|134703943|134705287|+|1344" 
[1684] "N5297|ten_4|125372061|125373406|+|1345"    
[1685] "N5297|ten_4|125393171|125394515|+|1344"    
[1686] "N5297|ten_11|77459042|77460387|+|1345"     
[1687] "_R_N5297|ten_1|174461129|174462471|+|1342" 
[1688] "N5297|ten_5|166127588|166128930|+|1342"    
[1689] "_R_N5297|ten_2|289453|290794|+|1341"       
[1690] "N5297|ten_11|103105174|103106515|+|1341"   
[1691] "_R_N5297|ten_2|166131|167470|+|1339"       
[1692] "_R_N5297|ten_1|134972202|134973544|+|1342" 
[1693] "N5297|ten_2|246114|247457|+|1343"          
[1694] "N5297|ten_X2|128740810|128742147|+|1337"   
[1695] "_R_N5297|ten_2|180572|181914|+|1342"       
[1696] "N5297|ten_4|125418162|125419504|+|1342"    
[1697] "N5297|ten_4|125380815|125382159|+|1344"    
[1698] "_R_N5297|ten_1|134750837|134752178|+|1341" 
[1699] "N5297|ten_11|77533298|77534639|+|1341"     
[1700] "_R_N5297|ten_1|134548745|134550086|+|1341" 
[1701] "N5297|ten_5|73452431|73453770|+|1339"      
[1702] "_R_N5297|ten_6|5188906|5190252|+|1346"     
[1703] "_R_N5297|ten_1|134556013|134557353|+|1340" 
[1704] "_R_N5297|ten_1|134579708|134581048|+|1340" 
[1705] "_R_N5297|ten_1|134763040|134764384|+|1344" 
[1706] "N5297|ten_5|82503319|82504661|+|1342"      
[1707] "_R_N5297|ten_2|237248541|237249881|+|1340" 
[1708] "N5297|ten_12|137156140|137157485|+|1345"   
[1709] "_R_N5297|ten_1|134499365|134500712|+|1347" 
[1710] "N5297|ten_12|137161010|137162357|+|1347"   
[1711] "_R_N5297|ten_1|134621915|134623260|+|1345" 
[1712] "_R_N5297|ten_1|134866624|134867969|+|1345" 
[1713] "N5297|ten_11|77441682|77443027|+|1345"     
[1714] "_R_N5297|ten_9|13948567|13949911|+|1344"   
[1715] "_R_N5297|ten_2|160371343|160372686|+|1343" 
[1716] "_R_N5297|ten_9|13943700|13945048|+|1348"   
[1717] "_R_N5297|ten_11|77573795|77575145|+|1350"  
[1718] "_R_N5297|ten_2|301495|302841|+|1346"       
[1719] "_R_N5297|ten_1|135023880|135025225|+|1345" 
[1720] "_R_N5297|ten_1|134903700|134905044|+|1344" 
[1721] "_R_N5297|ten_1|134598400|134599743|+|1343" 
[1722] "_R_N5297|ten_11|77653313|77654659|+|1346"  
[1723] "_R_N5297|ten_X1|152516747|152518091|+|1344"
[1724] "_R_N5297|ten_X1|152522163|152523508|+|1345"
[1725] "_R_N5297|ten_8|186243006|186244348|+|1342" 
[1726] "_R_N5297|ten_8|186261934|186263277|+|1343" 
[1727] "_R_N5297|ten_1|134956720|134958061|+|1341" 
[1728] "N5297|ten_1|134742723|134744067|+|1344"    
[1729] "N5297|ten_12|137117702|137119046|+|1344"   
[1730] "_R_N5297|ten_1|134506579|134507911|+|1332" 
[1731] "N5297|ten_1|134722945|134724212|+|1267"    
[1732] "_R_N5297|ten_1|134514471|134515805|+|1334" 
[1733] "_R_N5297|ten_8|186282928|186284114|+|1186" 
[1734] "_R_N5297|ten_X1|152392241|152393579|+|1338"
[1735] "N5297|ten_X2|128756066|128757409|+|1343"   
[1736] "_R_N5297|ten_1|134635241|134636586|+|1345" 
[1737] "_R_N5297|ten_1|134484411|134485754|+|1343" 
[1738] "_R_N5297|ten_X1|152502589|152503932|+|1343"
[1739] "_R_N5297|ten_11|77616548|77617889|+|1341"  
[1740] "_R_N5297|ten_11|77639161|77640502|+|1341"  
[1741] "N5297|ten_12|137124230|137125570|+|1340"   
[1742] "_R_N5297|ten_12|136910900|136912244|+|1344"
[1743] "_R_N5297|ten_1|134999202|135000543|+|1341" 
[1744] "_R_N5297|ten_8|186268738|186270080|+|1342" 
[1745] "_R_N5297|ten_12|137066647|137067987|+|1340"
[1746] "_R_N5297|ten_X1|152495816|152497160|+|1344"
[1747] "_R_N5297|ten_2|186818|188159|+|1341"       
[1748] "_R_N5297|ten_11|109171142|109172482|+|1340"
[1749] "N5297|ten_5|166027609|166028950|+|1341"    
[1750] "_R_N5297|ten_1|134541390|134542731|+|1341" 
[1751] "_R_N5297|ten_1|134491763|134493104|+|1341" 
[1752] "_R_N5297|ten_1|134713549|134714889|+|1340" 
[1753] "_R_N5297|ten_12|48179869|48181209|+|1340"  
[1754] "_R_N5297|ten_2|159062|160401|+|1339"       
[1755] "_R_N5297|ten_2|50|1197|+|1147"             
[1756] "N5297|ten_X2|128703494|128704832|+|1338"   
[1757] "_R_N5297|ten_4|154810944|154812089|+|1145" 
[1758] "_R_N5297|ten_12|137071487|137072542|+|1055"
[1759] "_R_N5297|ten_1|134887016|134888356|+|1340" 
[1760] "N5297|ten_7|128815521|128816885|+|1364"    
[1761] "N5297|dum_5|236997078|236998417|+|1339"    
[1762] "N5297|dum_5|237256401|237257739|+|1338"    
[1763] "N5297|dum_5|237188785|237190125|+|1340"    
[1764] "N5297|dum_5|237095896|237097236|+|1340"    
[1765] "N5297|dum_5|237214799|237216140|+|1341"    
[1766] "N5297|dum_5|237147828|237149170|+|1342"    
[1767] "N5297|dum_5|237163441|237164783|+|1342"    
[1768] "N5297|dum_5|237127027|237128369|+|1342"    
[1769] "N5297|dum_5|237048999|237050340|+|1341"    
[1770] "N5297|dum_5|237235606|237236947|+|1341"    
[1771] "N5297|dum_5|237038638|237039979|+|1341"    
[1772] "N5297|dum_5|237153036|237154377|+|1341"    
[1773] "N5297|dum_5|237142622|237143963|+|1341"    
[1774] "N5297|dum_5|237012625|237013946|+|1321"    
[1775] "N5297|dum_5|237002244|237003585|+|1341"    
[1776] "N5297|dum_5|237194021|237195362|+|1341"    
[1777] "N5297|dum_5|237199211|237200552|+|1341"    
[1778] "N5297|dum_5|237204413|237205754|+|1341"    
[1779] "N5297|dum_5|237137423|237138764|+|1341"    
[1780] "N5297|dum_5|237158243|237159584|+|1341"    
[1781] "N5297|dum_5|237059405|237060746|+|1341"    
[1782] "N5297|dum_5|237064603|237065944|+|1341"    
[1783] "N5297|dum_5|237028221|237029562|+|1341"    
[1784] "N5297|dum_5|237054202|237055543|+|1341"    
[1785] "N5297|dum_5|237168601|237169942|+|1341"    
[1786] "N5297|dum_5|237219995|237221336|+|1341"    
[1787] "N5297|dum_5|237225184|237226525|+|1341"    
[1788] "N5297|dum_5|237023023|237024364|+|1341"    
[1789] "N5297|dum_5|236971245|236972574|+|1329"    
[1790] "N5297|dum_5|237043831|237045171|+|1340"    
[1791] "N5297|dum_5|237230364|237231704|+|1340"    
[1792] "N5297|dum_5|237173784|237175124|+|1340"    
[1793] "N5297|dum_5|237090699|237092038|+|1339"    
[1794] "N5297|dum_5|237069814|237071151|+|1337"    
[1795] "N5297|dum_5|237111438|237112770|+|1332"    
[1796] "N5297|dum_5|237075100|237076438|+|1338"    
[1797] "N5297|dum_5|237080297|237081635|+|1338"    
[1798] "N5297|dum_5|237106250|237107588|+|1338"    
[1799] "N5297|dum_5|237101099|237102437|+|1338"    
[1800] "N5297|dum_5|237121822|237123160|+|1338"    
[1801] "N5297|dum_5|237116636|237117970|+|1334"    
[1802] "N5297|dum_5|236976382|236977725|+|1343"    
[1803] "N5297|dum_5|237246007|237247350|+|1343"    
[1804] "N5297|dum_5|237209604|237210948|+|1344"    
[1805] "N5297|dum_5|236986702|236988045|+|1343"    
[1806] "N5297|dum_5|237007447|237008791|+|1344"    
[1807] "N5297|dum_5|236955897|236957240|+|1343"    
[1808] "N5297|dum_5|236966087|236967430|+|1343"    
[1809] "N5297|dum_5|237178948|237180267|+|1319"    
[1810] "N5297|dum_5|237132230|237133573|+|1343"    
[1811] "N5297|dum_5|237017821|237019165|+|1344"    
[1812] "N5297|dum_5|237033424|237034767|+|1343"    
[1813] "N5297|dum_5|237085494|237086837|+|1343"    
[1814] "N5297|dum_5|237240798|237242141|+|1343"    
[1815] "N5297|dum_5|236991872|236993216|+|1344"    
[1816] "N5297|dum_5|237251209|237252551|+|1342"    
[1817] "N5297|dum_5|236950869|236952190|+|1321"    
[1818] "N5297|dum_5|236961043|236962382|+|1339"    
[1819] "N5297|dum_5|236981537|236982883|+|1346"    
[1820] "N5297|dum_5|237184125|237185267|+|1142"    
[1821] "_R_N5297|dum_6|162348509|162349845|+|1336" 
[1822] "_R_N5297|dum_6|163014688|163016023|+|1335" 
[1823] "N5297|dum_1|296537028|296538337|+|1309"    
[1824] "N5297|dum_1|296540609|296541918|+|1309"    
[1825] "N5297|dum_1|296508232|296509541|+|1309"    
[1826] "N5297|dum_1|296468697|296470006|+|1309"    
[1827] "N5297|dum_1|296554990|296556308|+|1318"    
[1828] "N5297|dum_1|296511824|296513140|+|1316"    
[1829] "N5297|dum_1|296587369|296588682|+|1313"    
[1830] "N5297|dum_1|296580184|296581499|+|1315"    
[1831] "N5297|dum_1|296501032|296502349|+|1317"    
[1832] "N5297|dum_1|296504636|296505952|+|1316"    
[1833] "N5297|dum_1|296544198|296545512|+|1314"    
[1834] "N5297|dum_1|296569385|296570697|+|1312"    
[1835] "N5297|dum_1|296576596|296577902|+|1306"    
[1836] "N5297|dum_1|296519012|296520331|+|1319"    
[1837] "N5297|dum_1|296526224|296527535|+|1311"    
[1838] "N5297|dum_1|296533438|296534748|+|1310"    
[1839] "N5297|dum_1|296551390|296552700|+|1310"    
[1840] "N5297|dum_1|296547794|296549108|+|1314"    
[1841] "N5297|dum_1|296590973|296592289|+|1316"    
[1842] "N5297|dum_1|296562189|296563502|+|1313"    
[1843] "N5297|dum_1|296479470|296480785|+|1315"    
[1844] "N5297|dum_1|296486657|296487968|+|1311"    
[1845] "N5297|dum_1|296475881|296477188|+|1307"    
[1846] "N5297|dum_1|296493845|296495159|+|1314"    
[1847] "N5297|dum_1|296515418|296516731|+|1313"    
[1848] "N5297|dum_1|296522616|296523927|+|1311"    
[1849] "N5297|dum_1|296565784|296567096|+|1312"    
[1850] "N5297|dum_1|296583762|296585079|+|1317"    
[1851] "N5297|dum_1|296572997|296574299|+|1302"    
[1852] "N5297|dum_1|296558595|296559909|+|1314"    
[1853] "N5297|dum_1|296490250|296491563|+|1313"    
[1854] "N5297|dum_1|296497441|296498750|+|1309"    
[1855] "N5297|dum_1|296472289|296473598|+|1309"    
[1856] "N5297|dum_1|296483067|296484379|+|1312"    
[1857] "N5297|dum_1|296529829|296531142|+|1313"    
[1858] "N5297|dum_1|296465107|296466420|+|1313"    
[1859] "N5297|dum_1|296461508|296462823|+|1315"    
[1860] "N5297|dum_1|296457909|296459224|+|1315"    
