jobinfo 30048664
getting scaled timeline
  [1] "N2707|dum_12|25410693|25412031|+|1338" 
  [2] "N2707|dum_12|25480036|25483231|+|3195" 
  [3] "N2707|dum_12|25419283|25424169|+|4886" 
  [4] "N2707|dum_12|25414593|25415920|+|1327" 
  [5] "N2707|dum_12|25416304|25418900|+|2596" 
  [6] "N2707|dum_12|25351078|25352177|+|1099" 
  [7] "N2707|dum_12|25366928|25370736|+|3808" 
  [8] "N2707|dum_12|25424562|25427133|+|2571" 
  [9] "N2707|dum_12|25251128|25252448|+|1320" 
 [10] "N2707|dum_12|25253522|25254842|+|1320" 
 [11] "N2707|dum_12|25241185|25242507|+|1322" 
 [12] "N2707|dum_12|25361067|25363005|+|1938" 
 [13] "N2707|dum_12|25212743|25213555|+|812"  
 [14] "N2707|dum_12|25216288|25221382|+|5094" 
 [15] "N2707|dum_12|25285404|25287362|+|1958" 
 [16] "N2707|dum_12|25289707|25291643|+|1936" 
 [17] "N2707|dum_12|25376804|25378932|+|2128" 
 [18] "N2707|dum_12|25379325|25381461|+|2136" 
 [19] "N2707|dum_12|25298600|25300529|+|1929" 
 [20] "N2707|dum_12|25373032|25376411|+|3379" 
 [21] "N2707|dum_12|25211313|25212471|+|1158" 
 [22] "N2707|dum_12|25243350|25244681|+|1331" 
 [23] "N2707|dum_12|25247234|25248563|+|1329" 
 [24] "N2707|dum_12|25255682|25258265|+|2583" 
 [25] "N2707|dum_12|25280906|25282246|+|1340" 
 [26] "N2707|dum_12|25294801|25296112|+|1311" 
 [27] "N2707|dum_12|25303688|25304999|+|1311" 
 [28] "N2707|dum_12|25198600|25201591|+|2991" 
 [29] "N2707|dum_12|25234706|25236032|+|1326" 
 [30] "N2707|dum_12|25245073|25246393|+|1320" 
 [31] "N2707|dum_12|25248950|25250271|+|1321" 
 [32] "N2707|dum_12|25239009|25240328|+|1319" 
 [33] "N2707|dum_12|25384285|25385608|+|1323" 
 [34] "N2707|dum_12|25393210|25394532|+|1322" 
 [35] "N2707|dum_12|25230286|25234541|+|4255" 
 [36] "N2707|dum_12|25451804|25454405|+|2601" 
 [37] "N2707|dum_12|25427307|25428614|+|1307" 
 [38] "N2707|dum_12|25213967|25215900|+|1933" 
 [39] "N2707|dum_12|25221795|25225022|+|3227" 
 [40] "N2707|dum_12|25370909|25372034|+|1125" 
 [41] "N2707|dum_12|25202443|25203778|+|1335" 
 [42] "N2707|dum_12|25341064|25345505|+|4441" 
 [43] "N2707|dum_12|25292041|25293962|+|1921" 
 [44] "N2707|dum_12|25300928|25302849|+|1921" 
 [45] "N2707|dum_12|25282642|25285239|+|2597" 
 [46] "N2707|dum_12|25204628|25205981|+|1353" 
 [47] "N2707|dum_12|25358198|25360670|+|2472" 
 [48] "N2707|dum_12|25355120|25358188|+|3068" 
 [49] "N2707|dum_12|25346087|25350676|+|4589" 
 [50] "N2707|dum_12|25352612|25353690|+|1078" 
 [51] "N2707|dum_12|25354277|25355112|+|835"  
 [52] "N2707|dum_12|25435764|25437089|+|1325" 
 [53] "N2707|dum_12|25454577|25457158|+|2581" 
 [54] "N2707|dum_12|25444240|25445560|+|1320" 
 [55] "N2707|dum_12|25446759|25448080|+|1321" 
 [56] "N2707|dum_12|25449279|25450600|+|1321" 
 [57] "N2707|dum_12|25439786|25441107|+|1321" 
 [58] "N2707|dum_12|25428781|25430103|+|1322" 
 [59] "N2707|dum_12|25466095|25468686|+|2591" 
 [60] "N2707|dum_12|25438291|25439611|+|1320" 
 [61] "N2707|dum_12|25476130|25478723|+|2593" 
 [62] "N2707|dum_12|25432787|25434109|+|1322" 
 [63] "N2707|dum_12|25460581|25465697|+|5116" 
 [64] "N2707|dum_12|25492970|25494891|+|1921" 
 [65] "N2707|dum_12|25495062|25498026|+|2964" 
 [66] "N2707|dum_12|25483399|25486340|+|2941" 
 [67] "N2707|dum_12|25489630|25492807|+|3177" 
 [68] "N2707|dum_12|25486504|25489467|+|2963" 
 [69] "N2707|dum_12|25288226|25289546|+|1320" 
 [70] "N2707|dum_12|25409206|25410533|+|1327" 
 [71] "N2707|ten_12|28344922|28346274|+|1352" 
 [72] "N2707|dum_12|25391040|25392370|+|1330" 
 [73] "N2707|dum_12|25309909|25315070|+|5161" 
 [74] "N2707|dum_12|25407490|25408813|+|1323" 
 [75] "N2707|dum_12|25399502|25400821|+|1319" 
 [76] "N2707|dum_12|25401663|25402983|+|1320" 
 [77] "N2707|dum_12|25388409|25389735|+|1326" 
 [78] "N2707|dum_12|25397323|25398652|+|1329" 
 [79] "N2707|dum_12|25403828|25405144|+|1316" 
 [80] "N2707|dum_12|25329313|25333202|+|3889" 
 [81] "N2707|dum_12|25386237|25387564|+|1327" 
 [82] "N2707|dum_12|25395160|25396484|+|1324" 
 [83] "N2707|dum_12|25405543|25406864|+|1321" 
 [84] "N2707|dum_12|25471871|25475730|+|3859" 
 [85] "N2707|dum_12|25225411|25227328|+|1917" 
 [86] "N2707|dum_12|25227725|25229653|+|1928" 
 [87] "N2707|dum_12|25206608|25210434|+|3826" 
 [88] "N2707|dum_12|25196057|25197980|+|1923" 
 [89] "N2707|dum_12|25296279|25298213|+|1934" 
 [90] "N2707|dum_12|25305165|25307100|+|1935" 
 [91] "N2707|dum_12|25326509|25329141|+|2632" 
 [92] "N2707|dum_12|25278344|25280276|+|1932" 
 [93] "N2707|dum_12|25498189|25501146|+|2957" 
 [94] "N2707|dum_12|25501788|25503115|+|1327" 
 [95] "N2707|dum_12|25434274|25435590|+|1316" 
 [96] "N2707|dum_12|25236437|25238833|+|2396" 
 [97] "N2707|dum_12|25441274|25442591|+|1317" 
 [98] "N2707|dum_12|25430265|25431580|+|1315" 
 [99] "N2707|dum_12|25442756|25444072|+|1316" 
[100] "N2707|dum_12|25457811|25460417|+|2606" 
[101] "N2707|dum_12|25469101|25471707|+|2606" 
[102] "N2707|dum_12|25308387|25309729|+|1342" 
[103] "N2707|dum_12|25318291|25326334|+|8043" 
[104] "N2707|dum_12|25334625|25339792|+|5167" 
[105] "N2707|dum_12|25381864|25383203|+|1339" 
[106] "N2707|dum_12|25315481|25318115|+|2634" 
[107] "N2707|dum_12|25412417|25413746|+|1329" 
[108] "N2707|dum_12|25363184|25366756|+|3572" 
[109] "N2707|dum_12|25259102|25276589|+|17487"
[110] "N2707|dum_12|25194550|25195885|+|1335" 
