jobinfo 30048855
getting scaled timeline
 [1] "_R_N6839|ten_X1|109745021|109748205|+|3184"
 [2] "_R_N6839|ten_8|135740393|135742894|+|2501" 
 [3] "N6839|ten_1|99047277|99050456|+|3179"      
 [4] "N6839|ten_4|151882318|151885498|+|3180"    
 [5] "N6839|ten_X1|198504293|198507478|+|3185"   
 [6] "N6839|ten_X2|175256247|175259425|+|3178"   
 [7] "_R_N6839|ten_11|78718699|78721856|+|3157"  
 [8] "N6839|ten_3|205228383|205231540|+|3157"    
 [9] "_R_N6839|ten_10|55461710|55464859|+|3149"  
[10] "_R_N6839|ten_1|158592684|158595813|+|3129" 
[11] "_R_N6839|ten_7|33380660|33383863|+|3203"   
[12] "_R_N6839|ten_10|127807137|127810227|+|3090"
[13] "_R_N6839|ten_8|118398460|118401550|+|3090" 
[14] "_R_N6839|ten_9|59332228|59335319|+|3091"   
[15] "N6839|ten_5|125708033|125711146|+|3113"    
[16] "_R_N6839|ten_2|143766826|143769946|+|3120" 
[17] "N6839|ten_8|106820820|106823824|+|3004"    
[18] "N6839|ten_3|78376809|78380073|+|3264"      
[19] "N6839|ten_8|43036719|43039894|+|3175"      
[20] "N6839|ten_X2|41430940|41434122|+|3182"     
[21] "N6839|ten_5|91707351|91710555|+|3204"      
[22] "_R_N6839|ten_12|46666033|46669194|+|3161"  
[23] "_R_N6839|ten_7|95390389|95393550|+|3161"   
[24] "N6839|ten_5|88267307|88270448|+|3141"      
[25] "_R_N6839|ten_11|10236963|10240128|+|3165"  
[26] "N6839|ten_5|53230429|53233627|+|3198"      
[27] "_R_N6839|ten_11|13253067|13256226|+|3159"  
[28] "N6839|ten_9|29106551|29109711|+|3160"      
[29] "_R_N6839|ten_3|85447653|85450869|+|3216"   
[30] "_R_N6839|ten_5|82209372|82212587|+|3215"   
[31] "_R_N6839|ten_3|191751023|191754179|+|3156" 
[32] "N6839|ten_6|192249404|192252239|+|2835"    
[33] "_R_N6839|ten_8|48518047|48521225|+|3178"   
[34] "_R_N6839|ten_1|102960346|102963495|+|3149" 
[35] "N6839|ten_2|84816733|84819911|+|3178"      
[36] "N6839|ten_6|83397686|83400867|+|3181"      
[37] "_R_N6839|ten_1|137314704|137317885|+|3181" 
[38] "_R_N6839|ten_4|97065221|97068394|+|3173"   
[39] "_R_N6839|ten_3|134474498|134477676|+|3178" 
[40] "N6839|ten_1|1523899|1527079|+|3180"        
