jobinfo 30048679
getting scaled timeline
  [1] "_R_N3408|ten_4|139489448|139490838|+|1390" 
  [2] "N3408|ten_4|139604151|139605542|+|1391"    
  [3] "N3408|ten_8|122307141|122308532|+|1391"    
  [4] "N3408|dum_10|113748302|113749693|+|1391"   
  [5] "N3408|ten_9|116386351|116387741|+|1390"    
  [6] "N3408|dum_2|220176544|220177932|+|1388"    
  [7] "_R_N3408|ten_1|89492091|89493479|+|1388"   
  [8] "N3408|ten_9|3355614|3356958|+|1344"        
  [9] "N3408|ten_9|3357644|3358988|+|1344"        
 [10] "N3408|ten_9|3359183|3360530|+|1347"        
 [11] "_R_N3408|ten_8|153813407|153814684|+|1277" 
 [12] "_R_N3408|dum_5|8583479|8584588|+|1109"     
 [13] "_R_N3408|ten_11|66901038|66902428|+|1390"  
 [14] "_R_N3408|ten_3|153654199|153655579|+|1380" 
 [15] "N3408|ten_2|210927713|210929109|+|1396"    
 [16] "_R_N3408|dum_2|265556563|265557953|+|1390" 
 [17] "N3408|dum_7|121640612|121642002|+|1390"    
 [18] "_R_N3408|dum_9|174950313|174951703|+|1390" 
 [19] "_R_N3408|dum_8|132931701|132933091|+|1390" 
 [20] "N3408|dum_10|187352161|187353551|+|1390"   
 [21] "_R_N3408|dum_10|187590408|187591798|+|1390"
 [22] "_R_N3408|dum_6|213971697|213973087|+|1390" 
 [23] "N3408|dum_3|40322835|40324215|+|1380"      
 [24] "_R_N3408|dum_8|162400698|162402053|+|1355" 
 [25] "_R_N3408|dum_2|263152192|263153539|+|1347" 
 [26] "_R_N3408|dum_8|165124059|165125421|+|1362" 
 [27] "N3408|ten_5|100218543|100219937|+|1394"    
 [28] "N3408|ten_4|163827627|163829018|+|1391"    
 [29] "_R_N3408|dum_2|71711109|71712507|+|1398"   
 [30] "_R_N3408|ten_2|75655546|75656944|+|1398"   
 [31] "N3408|dum_6|136976248|136977639|+|1391"    
 [32] "N3408|dum_1|193791965|193793356|+|1391"    
 [33] "N3408|ten_1|190934062|190935453|+|1391"    
 [34] "_R_N3408|dum_4|30937429|30938820|+|1391"   
 [35] "_R_N3408|dum_9|107213860|107215240|+|1380" 
 [36] "N3408|ten_12|49362341|49363719|+|1378"     
 [37] "N3408|dum_7|204743463|204744833|+|1370"    
 [38] "N3408|ten_7|15142147|15143517|+|1370"      
 [39] "_R_N3408|dum_6|89088760|89090137|+|1377"   
 [40] "_R_N3408|ten_10|116047833|116049224|+|1391"
 [41] "_R_N3408|ten_3|207184455|207185848|+|1393" 
 [42] "_R_N3408|ten_1|178951427|178952818|+|1391" 
 [43] "_R_N3408|ten_5|90066458|90067849|+|1391"   
 [44] "N3408|dum_6|83685345|83686736|+|1391"      
 [45] "_R_N3408|dum_5|182331363|182332754|+|1391" 
 [46] "N3408|ten_4|59909956|59911348|+|1392"      
 [47] "_R_N3408|ten_4|136988772|136990163|+|1391" 
 [48] "_R_N3408|dum_4|53050812|53052203|+|1391"   
 [49] "N3408|ten_4|177780817|177782203|+|1386"    
 [50] "N3408|dum_8|20666650|20668041|+|1391"      
 [51] "N3408|ten_5|142606032|142607423|+|1391"    
 [52] "N3408|ten_4|98266592|98267983|+|1391"      
 [53] "_R_N3408|ten_5|122740640|122742031|+|1391" 
 [54] "_R_N3408|ten_8|18808403|18809793|+|1390"   
 [55] "_R_N3408|ten_2|268824331|268825719|+|1388" 
 [56] "N3408|ten_10|95055938|95057329|+|1391"     
 [57] "N3408|ten_1|197827124|197828436|+|1312"    
 [58] "N3408|dum_9|109975508|109976900|+|1392"    
 [59] "_R_N3408|dum_2|106257823|106259211|+|1388" 
 [60] "_R_N3408|dum_6|148945612|148947003|+|1391" 
 [61] "N3408|dum_11|44386201|44387417|+|1216"     
 [62] "N3408|dum_2|28547480|28548871|+|1391"      
 [63] "N3408|ten_2|33231159|33232550|+|1391"      
 [64] "_R_N3408|ten_3|246339581|246340972|+|1391" 
 [65] "_R_N3408|dum_9|46601822|46603102|+|1280"   
 [66] "N3408|ten_9|129622979|129624391|+|1412"    
 [67] "_R_N3408|dum_11|93166165|93167556|+|1391"  
 [68] "_R_N3408|ten_11|69117324|69118715|+|1391"  
 [69] "_R_N3408|dum_9|110000177|110001344|+|1167" 
 [70] "N3408|ten_9|70013565|70014732|+|1167"      
 [71] "_R_N3408|dum_8|84427384|84428767|+|1383"   
 [72] "_R_N3408|dum_6|119046368|119047764|+|1396" 
 [73] "_R_N3408|dum_4|53712900|53714292|+|1392"   
 [74] "N3408|ten_4|177227405|177228796|+|1391"    
 [75] "_R_N3408|dum_2|90651659|90653050|+|1391"   
 [76] "_R_N3408|ten_2|95493883|95495274|+|1391"   
 [77] "_R_N3408|dum_3|178620505|178621644|+|1139" 
 [78] "_R_N3408|dum_1|160550797|160552178|+|1381" 
 [79] "_R_N3408|dum_3|148643890|148645284|+|1394" 
 [80] "_R_N3408|ten_3|142364035|142365366|+|1331" 
 [81] "N3408|dum_7|60495062|60496441|+|1379"      
 [82] "_R_N3408|ten_X2|61578602|61579977|+|1375"  
 [83] "N3408|dum_8|111476676|111477986|+|1310"    
 [84] "N3408|ten_8|104200784|104202094|+|1310"    
 [85] "N3408|ten_5|119186582|119187966|+|1384"    
 [86] "N3408|ten_5|69128672|69130058|+|1386"      
 [87] "_R_N3408|ten_5|79881433|79882824|+|1391"   
 [88] "N3408|dum_6|118516054|118517444|+|1390"    
 [89] "N3408|ten_6|132805007|132806410|+|1403"    
 [90] "_R_N3408|dum_4|40252913|40254303|+|1390"   
 [91] "N3408|dum_1|135585797|135587187|+|1390"    
 [92] "N3408|dum_10|97833121|97834535|+|1414"     
 [93] "N3408|dum_4|129280183|129281573|+|1390"    
 [94] "_R_N3408|dum_4|85052546|85053933|+|1387"   
 [95] "N3408|ten_1|206804632|206806022|+|1390"    
 [96] "N3408|dum_7|89957644|89959036|+|1392"      
 [97] "_R_N3408|ten_7|111787208|111788601|+|1393" 
 [98] "_R_N3408|dum_5|152268464|152269848|+|1384" 
 [99] "N3408|ten_5|87857172|87858563|+|1391"      
[100] "N3408|dum_6|66157201|66158592|+|1391"      
[101] "_R_N3408|dum_2|29698507|29699789|+|1282"   
[102] "_R_N3408|dum_9|137387907|137389317|+|1410" 
[103] "N3408|ten_9|42669098|42670508|+|1410"      
[104] "N3408|dum_1|154861006|154862387|+|1381"    
[105] "_R_N3408|ten_1|123387481|123388862|+|1381" 
[106] "_R_N3408|dum_1|107890228|107891619|+|1391" 
[107] "_R_N3408|ten_1|101691042|101692433|+|1391" 
[108] "N3408|dum_12|46135558|46136951|+|1393"     
[109] "N3408|ten_12|51139011|51140396|+|1385"     
[110] "_R_N3408|ten_11|54708710|54710047|+|1337"  
[111] "_R_N3408|ten_11|54853294|54854631|+|1337"  
[112] "_R_N3408|ten_11|54741681|54743013|+|1332"  
[113] "_R_N3408|ten_11|54692034|54693384|+|1350"  
[114] "_R_N3408|ten_11|54725198|54726535|+|1337"  
[115] "_R_N3408|ten_11|54835288|54836625|+|1337"  
[116] "_R_N3408|ten_11|54869941|54871270|+|1329"  
[117] "_R_N3408|ten_11|54763511|54764848|+|1337"  
[118] "_R_N3408|ten_11|54887967|54889304|+|1337"  
[119] "_R_N3408|dum_11|131289203|131290541|+|1338"
[120] "_R_N3408|dum_11|131265075|131266406|+|1331"
[121] "_R_N3408|dum_11|131144579|131145904|+|1325"
[122] "_R_N3408|dum_11|131127018|131128345|+|1327"
[123] "_R_N3408|dum_11|131313789|131315116|+|1327"
[124] "_R_N3408|dum_11|131247661|131248988|+|1327"
[125] "N3408|dum_3|196520896|196522295|+|1399"    
[126] "N3408|ten_3|188839706|188841096|+|1390"    
[127] "N3408|dum_4|187151215|187152410|+|1195"    
[128] "_R_N3408|ten_4|54759897|54761089|+|1192"   
[129] "_R_N3408|dum_1|109419587|109420953|+|1366" 
[130] "N3408|ten_7|185469749|185471131|+|1382"    
[131] "N3408|dum_X2|182638694|182640038|+|1344"   
[132] "_R_N3408|ten_X2|29558184|29559527|+|1343"  
[133] "N3408|ten_3|30585690|30587020|+|1330"      
[134] "_R_N3408|dum_2|185476978|185478326|+|1348" 
[135] "_R_N3408|ten_2|186675253|186676573|+|1320" 
[136] "_R_N3408|dum_2|253342882|253344228|+|1346" 
[137] "N3408|ten_2|240933561|240934917|+|1356"    
[138] "_R_N3408|ten_2|146283268|146284339|+|1071" 
[139] "_R_N3408|dum_4|139940499|139941849|+|1350" 
[140] "N3408|ten_4|93869750|93870939|+|1189"      
[141] "_R_N3408|dum_2|38498873|38500248|+|1375"   
[142] "_R_N3408|dum_2|38502034|38503409|+|1375"   
[143] "_R_N3408|dum_2|38514672|38516047|+|1375"   
[144] "_R_N3408|dum_2|38524155|38525530|+|1375"   
[145] "_R_N3408|dum_2|38520994|38522369|+|1375"   
[146] "_R_N3408|dum_2|38565195|38566570|+|1375"   
[147] "_R_N3408|dum_2|38517833|38519208|+|1375"   
[148] "_R_N3408|dum_2|38527317|38528692|+|1375"   
[149] "_R_N3408|dum_2|38536800|38538175|+|1375"   
[150] "_R_N3408|dum_2|38505196|38506571|+|1375"   
[151] "_R_N3408|dum_2|38508357|38509732|+|1375"   
[152] "_R_N3408|dum_2|38539961|38541336|+|1375"   
[153] "_R_N3408|dum_2|38530478|38531853|+|1375"   
[154] "_R_N3408|dum_2|38533639|38535014|+|1375"   
[155] "_R_N3408|dum_2|38543122|38544497|+|1375"   
[156] "_R_N3408|dum_2|38489370|38490745|+|1375"   
[157] "_R_N3408|dum_2|38495712|38497087|+|1375"   
[158] "_R_N3408|dum_2|38511518|38512893|+|1375"   
[159] "_R_N3408|dum_2|38568349|38569720|+|1371"   
[160] "_R_N3408|dum_2|38492531|38493906|+|1375"   
[161] "_R_N3408|dum_2|38555743|38557117|+|1374"   
[162] "_R_N3408|dum_2|38486190|38487564|+|1374"   
[163] "_R_N3408|dum_2|38562063|38563437|+|1374"   
[164] "_R_N3408|dum_2|38552602|38553964|+|1362"   
[165] "_R_N3408|dum_2|38558903|38560273|+|1370"   
[166] "_R_N3408|dum_2|38549442|38550816|+|1374"   
[167] "_R_N3408|dum_2|38546283|38547657|+|1374"   
[168] "_R_N3408|dum_2|38571513|38572862|+|1349"   
[169] "_R_N3408|dum_2|38483042|38484416|+|1374"   
[170] "_R_N3408|dum_6|94975313|94976695|+|1382"   
[171] "N3408|dum_4|131466892|131468283|+|1391"    
[172] "_R_N3408|ten_4|101679890|101681281|+|1391" 
[173] "N3408|dum_3|206974530|206975902|+|1372"    
[174] "_R_N3408|dum_4|121758180|121759589|+|1409" 
[175] "N3408|ten_4|111240215|111241609|+|1394"    
[176] "_R_N3408|dum_5|92594934|92596325|+|1391"   
[177] "N3408|ten_5|138819936|138821326|+|1390"    
[178] "N3408|dum_10|69539503|69540756|+|1253"     
[179] "_R_N3408|dum_11|127343429|127344827|+|1398"
[180] "N3408|dum_11|133578133|133579522|+|1389"   
[181] "_R_N3408|ten_3|144672650|144673795|+|1145" 
[182] "N3408|dum_7|69838912|69840296|+|1384"      
[183] "_R_N3408|ten_7|133943875|133945255|+|1380" 
[184] "_R_N3408|dum_3|94033682|94035077|+|1395"   
[185] "N3408|ten_1|171943428|171944723|+|1295"    
[186] "_R_N3408|dum_5|103642940|103643988|+|1048" 
[187] "_R_N3408|ten_10|116042413|116043785|+|1372"
[188] "_R_N3408|dum_1|296293297|296294689|+|1392" 
[189] "_R_N3408|dum_10|55536060|55537454|+|1394"  
[190] "_R_N3408|dum_3|265766954|265768345|+|1391" 
[191] "_R_N3408|dum_1|92514458|92515809|+|1351"   
[192] "_R_N3408|ten_1|90109570|90110962|+|1392"   
[193] "N3408|ten_7|110947268|110948659|+|1391"    
[194] "_R_N3408|dum_7|90614214|90615607|+|1393"   
[195] "_R_N3408|dum_11|102370977|102372367|+|1390"
[196] "_R_N3408|dum_2|147280454|147281838|+|1384" 
[197] "N3408|ten_2|158280505|158281895|+|1390"    
[198] "N3408|dum_8|55929474|55930873|+|1399"      
[199] "N3408|ten_8|49823657|49825056|+|1399"      
[200] "_R_N3408|dum_11|57906718|57908088|+|1370"  
[201] "N3408|dum_3|238599294|238600668|+|1374"    
[202] "_R_N3408|ten_3|239743525|239744929|+|1404" 
[203] "_R_N3408|ten_4|187174705|187175942|+|1237" 
[204] "N3408|dum_8|76721614|76723003|+|1389"      
[205] "N3408|dum_6|229846087|229847474|+|1387"    
[206] "N3408|ten_6|239823470|239824862|+|1392"    
[207] "N3408|dum_1|264841956|264843344|+|1388"    
[208] "_R_N3408|dum_1|110084613|110086003|+|1390" 
[209] "N3408|dum_3|233424733|233426127|+|1394"    
[210] "_R_N3408|dum_12|97348408|97349787|+|1379"  
[211] "_R_N3408|ten_12|115860829|115862220|+|1391"
[212] "N3408|dum_2|200423624|200424784|+|1160"    
[213] "N3408|ten_2|196560874|196562036|+|1162"    
[214] "_R_N3408|dum_4|258058605|258059999|+|1394" 
[215] "N3408|dum_9|184813228|184814622|+|1394"    
[216] "N3408|ten_12|65065444|65066836|+|1392"     
[217] "N3408|ten_12|65876045|65877437|+|1392"     
[218] "N3408|dum_12|58820122|58821514|+|1392"     
[219] "_R_N3408|dum_6|139925657|139927049|+|1392" 
[220] "_R_N3408|ten_5|85514667|85516058|+|1391"   
[221] "_R_N3408|ten_1|118529106|118530497|+|1391" 
[222] "_R_N3408|ten_11|11522890|11524281|+|1391"  
[223] "N3408|ten_2|161166209|161167600|+|1391"    
[224] "N3408|ten_10|92430110|92431503|+|1393"     
[225] "_R_N3408|dum_10|118309680|118311071|+|1391"
[226] "N3408|dum_3|25248785|25250176|+|1391"      
[227] "N3408|dum_3|25283548|25284939|+|1391"      
[228] "N3408|dum_3|25318292|25319683|+|1391"      
[229] "N3408|ten_1|75570620|75572011|+|1391"      
[230] "_R_N3408|dum_10|61597193|61598584|+|1391"  
[231] "_R_N3408|dum_9|44940343|44941734|+|1391"   
[232] "_R_N3408|dum_6|4670273|4671664|+|1391"     
[233] "N3408|dum_6|31922049|31923440|+|1391"      
[234] "_R_N3408|dum_10|7046095|7047486|+|1391"    
[235] "N3408|dum_7|174906219|174907610|+|1391"    
[236] "N3408|dum_8|53510159|53511550|+|1391"      
[237] "_R_N3408|dum_1|271534455|271535846|+|1391" 
[238] "_R_N3408|dum_3|13546702|13548086|+|1384"   
[239] "N3408|dum_8|181692113|181693504|+|1391"    
[240] "N3408|dum_10|98199975|98201366|+|1391"     
[241] "N3408|dum_2|13101716|13103107|+|1391"      
[242] "N3408|ten_3|177425722|177427113|+|1391"    
[243] "_R_N3408|ten_1|129805306|129806697|+|1391" 
[244] "N3408|dum_9|96257613|96259004|+|1391"      
[245] "N3408|dum_1|56270621|56272012|+|1391"      
