jobinfo 30048642
getting scaled timeline
 [1] "N2469|dum_11|92700747|92704722|+|3975"
 [2] "N2469|dum_11|92696751|92700727|+|3976"
 [3] "N2469|dum_11|92692755|92696731|+|3976"
 [4] "N2469|dum_11|92704742|92708718|+|3976"
 [5] "N2469|dum_11|92680760|92684738|+|3978"
 [6] "N2469|dum_11|92684758|92688737|+|3979"
 [7] "N2469|dum_11|92708738|92712715|+|3977"
 [8] "N2469|dum_11|92688757|92692735|+|3978"
 [9] "N2469|dum_11|92676764|92680740|+|3976"
[10] "N2469|dum_11|92716742|92720718|+|3976"
[11] "N2469|dum_11|92724743|92728719|+|3976"
[12] "N2469|dum_11|92712735|92716724|+|3989"
[13] "N2469|dum_11|92720738|92724725|+|3987"
[14] "N2469|dum_11|92728739|92732688|+|3949"
[15] "N2469|dum_11|92736677|92740626|+|3949"
[16] "N2469|dum_11|92732708|92736657|+|3949"
[17] "N2469|dum_11|92740646|92744594|+|3948"
[18] "N2469|dum_11|92744614|92748562|+|3948"
[19] "N2469|dum_11|92748582|92752534|+|3952"
[20] "N2469|ten_11|68399020|68403001|+|3981"
[21] "N2469|dum_11|92672794|92676744|+|3950"
