jobinfo 30048761
getting scaled timeline
 [1] "_R_N6279|dum_X1|146507967|146511759|+|3792"
 [2] "_R_N6279|dum_X1|146273211|146277003|+|3792"
 [3] "_R_N6279|dum_X1|146805398|146809190|+|3792"
 [4] "N6279|dum_X1|144157026|144160812|+|3786"   
 [5] "_R_N6279|dum_X1|145480652|145484421|+|3769"
 [6] "N6279|dum_X1|145174641|145178432|+|3791"   
 [7] "N6279|dum_X1|145603598|145607389|+|3791"   
 [8] "_R_N6279|dum_X1|144874931|144878724|+|3793"
 [9] "_R_N6279|dum_X1|145036097|145039890|+|3793"
[10] "N6279|dum_X1|144987138|144990930|+|3792"   
[11] "N6279|dum_X1|144663082|144666874|+|3792"   
[12] "_R_N6279|dum_X1|142943998|142947791|+|3793"
[13] "N6279|dum_X1|144825934|144829724|+|3790"   
[14] "N6279|dum_X1|143380301|143384093|+|3792"   
[15] "_R_N6279|dum_X1|146008310|146012102|+|3792"
[16] "_R_N6279|dum_X1|142895783|142899574|+|3791"
[17] "_R_N6279|dum_X1|143069055|143072845|+|3790"
[18] "N6279|dum_X1|143074219|143078006|+|3787"   
[19] "N6279|dum_X1|144423595|144427387|+|3792"   
[20] "_R_N6279|dum_X1|143663847|143667639|+|3792"
[21] "N6279|dum_X1|143767146|143770938|+|3792"   
[22] "N6279|dum_X1|143938759|143942307|+|3548"   
[23] "N6279|dum_X1|72051109|72054929|+|3820"     
[24] "N6279|dum_X1|56861384|56865182|+|3798"     
[25] "N6279|dum_X1|57269152|57272952|+|3800"     
[26] "N6279|dum_X1|57205909|57209707|+|3798"     
[27] "N6279|dum_X1|57579653|57583451|+|3798"     
[28] "N6279|dum_X1|56274953|56278751|+|3798"     
[29] "N6279|dum_X1|56787234|56791032|+|3798"     
[30] "N6279|dum_X1|58273140|58276938|+|3798"     
[31] "N6279|dum_X1|71737434|71741231|+|3797"     
[32] "N6279|dum_X1|56106171|56109970|+|3799"     
[33] "N6279|dum_X1|56614978|56618777|+|3799"     
[34] "N6279|dum_X1|57044389|57048193|+|3804"     
[35] "N6279|dum_X1|57389960|57393757|+|3797"     
[36] "N6279|dum_X1|57838267|57842063|+|3796"     
[37] "N6279|dum_X1|58012046|58015845|+|3799"     
[38] "N6279|dum_X1|68665285|68669090|+|3805"     
[39] "_R_N6279|dum_X1|69809428|69813234|+|3806"  
[40] "_R_N6279|dum_X1|67938705|67942504|+|3799"  
[41] "_R_N6279|dum_X1|68792273|68796079|+|3806"  
[42] "N6279|dum_X1|69622911|69626717|+|3806"     
[43] "_R_N6279|dum_X1|69927363|69931168|+|3805"  
[44] "N6279|dum_X1|55658843|55662649|+|3806"     
[45] "N6279|dum_X1|56222740|56226546|+|3806"     
[46] "N6279|dum_X1|56736001|56739807|+|3806"     
[47] "N6279|dum_X1|57523542|57527349|+|3807"     
[48] "N6279|dum_X1|57149814|57153619|+|3805"     
[49] "N6279|dum_X1|56892838|56896644|+|3806"     
[50] "N6279|dum_X1|57310546|57314352|+|3806"     
[51] "N6279|ten_X1|43846755|43850557|+|3802"     
[52] "N6279|ten_3|205502150|205505927|+|3777"    
[53] "N6279|dum_X1|45035582|45039383|+|3801"     
[54] "N6279|dum_X1|45079791|45083592|+|3801"     
[55] "N6279|dum_X1|44333267|44337060|+|3793"     
