jobinfo 30048554
getting scaled timeline
 [1] "N1027|dum_3|26568397|26573640|+|5243"      
 [2] "N1027|dum_3|60114677|60119920|+|5243"      
 [3] "N1027|dum_2|211427412|211432655|+|5243"    
 [4] "N1027|dum_2|212581650|212586893|+|5243"    
 [5] "N1027|dum_3|59505219|59510462|+|5243"      
 [6] "N1027|dum_2|211960690|211965933|+|5243"    
 [7] "N1027|dum_2|213114928|213120171|+|5243"    
 [8] "N1027|dum_2|210814582|210819819|+|5237"    
 [9] "N1027|dum_3|59090860|59096102|+|5242"      
[10] "N1027|dum_2|211723427|211728670|+|5243"    
[11] "N1027|dum_2|212877665|212882908|+|5243"    
[12] "N1027|dum_2|208624418|208629661|+|5243"    
[13] "_R_N1027|dum_5|144906819|144912060|+|5241" 
[14] "_R_N1027|dum_5|145729738|145734979|+|5241" 
[15] "_R_N1027|dum_10|24786842|24792085|+|5243"  
[16] "_R_N1027|dum_5|67612597|67617838|+|5241"   
[17] "N1027|dum_5|122394997|122400238|+|5241"    
[18] "_R_N1027|dum_10|89815824|89821065|+|5241"  
[19] "N1027|dum_9|119590320|119595561|+|5241"    
[20] "N1027|dum_10|22063383|22068633|+|5250"     
[21] "N1027|dum_2|211081446|211086684|+|5238"    
[22] "N1027|dum_2|212235684|212240922|+|5238"    
[23] "N1027|dum_9|167078822|167084018|+|5196"    
[24] "_R_N1027|dum_7|59663842|59669085|+|5243"   
[25] "_R_N1027|dum_7|57978781|57984014|+|5233"   
[26] "_R_N1027|dum_11|168450751|168455988|+|5237"
[27] "_R_N1027|dum_5|147883|153118|+|5235"       
[28] "N1027|dum_10|65065679|65070918|+|5239"     
[29] "_R_N1027|dum_10|90392334|90397573|+|5239"  
[30] "_R_N1027|dum_5|1314816|1320018|+|5202"     
[31] "_R_N1027|dum_3|35209834|35215073|+|5239"   
[32] "_R_N1027|dum_5|67331516|67336760|+|5244"   
[33] "N1027|dum_5|68585239|68590491|+|5252"      
[34] "N1027|dum_1|231576476|231581718|+|5242"    
[35] "_R_N1027|dum_10|166752305|166757545|+|5240"
[36] "N1027|dum_10|166294700|166299939|+|5239"   
[37] "_R_N1027|dum_6|38673173|38678412|+|5239"   
[38] "_R_N1027|dum_6|39026497|39031795|+|5298"   
[39] "_R_N1027|dum_10|24612673|24617971|+|5298"  
[40] "_R_N1027|dum_10|89614169|89619464|+|5295"  
[41] "_R_N1027|dum_5|158230985|158236324|+|5339" 
[42] "N1027|dum_10|64469126|64474424|+|5298"     
[43] "N1027|dum_2|209982419|209987708|+|5289"    
[44] "_R_N1027|dum_10|167296890|167302188|+|5298"
[45] "_R_N1027|dum_1|238152154|238157452|+|5298" 
[46] "N1027|dum_10|166079893|166085207|+|5314"   
[47] "N1027|dum_10|64698631|64703927|+|5296"     
[48] "N1027|dum_8|55264649|55269945|+|5296"      
[49] "N1027|dum_2|210345473|210350769|+|5296"    
[50] "_R_N1027|dum_10|135243036|135248334|+|5298"
[51] "_R_N1027|dum_5|1607931|1613226|+|5295"     
[52] "_R_N1027|dum_7|59455183|59460478|+|5295"   
[53] "_R_N1027|dum_9|706961|712256|+|5295"       
[54] "N1027|dum_11|112365496|112370789|+|5293"   
[55] "_R_N1027|dum_8|46953781|46959071|+|5290"   
[56] "_R_N1027|dum_8|47347935|47353229|+|5294"   
[57] "N1027|dum_8|55540193|55545493|+|5300"      
[58] "N1027|dum_8|55721084|55726351|+|5267"      
[59] "_R_N1027|dum_8|137952897|137958192|+|5295" 
[60] "_R_N1027|dum_8|138310198|138315490|+|5292" 
[61] "_R_N1027|dum_5|146819010|146823683|+|4673" 
[62] "_R_N1027|ten_9|163203370|163208665|+|5295" 
[63] "_R_N1027|dum_2|262985646|262990952|+|5306" 
[64] "_R_N1027|dum_6|14731442|14736722|+|5280"   
[65] "_R_N1027|dum_1|223434651|223439963|+|5312" 
[66] "_R_N1027|dum_9|59149910|59154954|+|5044"   
[67] "_R_N1027|dum_12|123125006|123130302|+|5296"
[68] "_R_N1027|ten_12|70011699|70017012|+|5313"  
[69] "_R_N1027|dum_3|243301005|243306293|+|5288" 
[70] "_R_N1027|ten_9|164072796|164077521|+|4725" 
[71] "N1027|dum_3|172473029|172477430|+|4401"    
[72] "_R_N1027|dum_9|27024737|27029322|+|4585"   
[73] "N1027|ten_5|54953886|54958780|+|4894"      
[74] "N1027|ten_X1|135632747|135637583|+|4836"   
[75] "N1027|ten_1|112160096|112164970|+|4874"    
[76] "N1027|dum_1|117728915|117733288|+|4373"    
