jobinfo 30048625
getting scaled timeline
 [1] "N2110|dum_X1|144556215|144563391|+|7176"   
 [2] "N2110|dum_X1|144749710|144757595|+|7885"   
 [3] "N2110|dum_X1|144878878|144886783|+|7905"   
 [4] "_R_N2110|dum_X1|144979953|144986345|+|6392"
 [5] "_R_N2110|dum_X1|144655118|144662955|+|7837"
 [6] "N2110|dum_X1|142948128|142956018|+|7890"   
 [7] "_R_N2110|dum_X1|143485246|143491686|+|6440"
 [8] "N2110|dum_X1|146511913|146519719|+|7806"   
 [9] "N2110|dum_X1|146277153|146284830|+|7677"   
[10] "_R_N2110|dum_X1|146528454|146534596|+|6142"
[11] "_R_N2110|dum_X1|144149049|144156693|+|7644"
[12] "N2110|dum_X1|145484808|145492373|+|7565"   
[13] "N2110|dum_X1|143668144|143676009|+|7865"   
[14] "_R_N2110|dum_X1|143758602|143766465|+|7863"
[15] "N2110|dum_X1|145218370|145226248|+|7878"   
[16] "N2110|dum_X1|145944464|145952303|+|7839"   
[17] "_R_N2110|dum_X1|143565460|143572289|+|6829"
[18] "_R_N2110|dum_X1|143163899|143171694|+|7795"
[19] "_R_N2110|dum_X1|144307517|144314293|+|6776"
[20] "N2110|dum_X1|145144317|145150887|+|6570"   
[21] "_R_N2110|dum_X1|145166453|145174308|+|7855"
[22] "_R_N2110|dum_X1|145508422|145515003|+|6581"
[23] "N2110|dum_X1|144133442|144139817|+|6375"   
[24] "_R_N2110|dum_X1|143853588|143861386|+|7798"
[25] "N2110|dum_X1|145580159|145586734|+|6575"   
[26] "N2110|dum_X1|89778846|89786697|+|7851"     
[27] "N2110|dum_7|60291373|60298134|+|6761"      
[28] "_R_N2110|dum_7|60312429|60319188|+|6759"   
[29] "N2110|dum_X1|144834689|144841521|+|6832"   
[30] "_R_N2110|dum_X1|145024341|145031172|+|6831"
[31] "_R_N2110|dum_7|100182408|100189252|+|6844" 
[32] "_R_N2110|dum_X1|144593360|144600580|+|7220"
[33] "N2110|dum_X1|144602243|144609524|+|7281"   
[34] "N2110|dum_X1|144949759|144957055|+|7296"   
[35] "_R_N2110|dum_X1|143142493|143150045|+|7552"
[36] "N2110|dum_X1|143174035|143181570|+|7535"   
[37] "N2110|dum_X1|142973506|142981028|+|7522"   
[38] "N2110|dum_4|207452832|207460728|+|7896"    
[39] "_R_N2110|dum_4|207474764|207482481|+|7717" 
[40] "_R_N2110|dum_X1|70310981|70317635|+|6654"  
[41] "N2110|dum_12|74719160|74726976|+|7816"     
[42] "_R_N2110|dum_12|74744141|74751866|+|7725"  
[43] "_R_N2110|dum_X1|144930501|144937720|+|7219"
[44] "N2110|ten_6|165393091|165400790|+|7699"    
[45] "_R_N2110|ten_6|165415069|165422974|+|7905" 
[46] "N2110|ten_2|182079063|182086925|+|7862"    
[47] "_R_N2110|ten_2|182101233|182109127|+|7894" 
[48] "N2110|ten_11|2049998|2057306|+|7308"       
[49] "_R_N2110|ten_2|158965909|158973796|+|7887" 
[50] "_R_N2110|ten_X2|83877324|83884264|+|6940"  
[51] "N2110|ten_X2|83442663|83448823|+|6160"     
[52] "_R_N2110|ten_5|24143261|24150835|+|7574"   
[53] "N2110|ten_X2|84443455|84451039|+|7584"     
[54] "N2110|ten_1|128047083|128054933|+|7850"    
[55] "_R_N2110|ten_1|128136741|128144579|+|7838" 
[56] "N2110|ten_3|270210876|270218731|+|7855"    
[57] "N2110|ten_X2|83462954|83470787|+|7833"     
[58] "N2110|dum_2|144294970|144301284|+|6314"    
[59] "N2110|ten_2|145267111|145273423|+|6312"    
[60] "N2110|dum_4|257649467|257657548|+|8081"    
[61] "_R_N2110|dum_4|257669748|257677828|+|8080" 
[62] "_R_N2110|dum_4|256712446|256720539|+|8093" 
[63] "N2110|dum_11|7797789|7805853|+|8064"       
[64] "N2110|dum_X2|52540573|52548617|+|8044"     
[65] "_R_N2110|dum_1|90635792|90642428|+|6636"   
[66] "N2110|dum_1|90610911|90618998|+|8087"      
