jobinfo 30048551
getting scaled timeline
  [1] "N1026|bic_9|29193686|29195366|+|1680"      
  [2] "_R_N1026|sar_9|228919874|228921574|+|1700" 
  [3] "_R_N1026|sar_13|81476699|81478272|+|1573"  
  [4] "N1026|bic_5|128309521|128311251|+|1730"    
  [5] "N1026|sar_14|119935314|119937013|+|1699"   
  [6] "_R_N1026|bic_14|75818506|75820205|+|1699"  
  [7] "_R_N1026|bic_8|109855337|109857034|+|1697" 
  [8] "_R_N1026|bic_X2|74996291|74997993|+|1702"  
  [9] "_R_N1026|sar_X2|95502807|95504524|+|1717"  
 [10] "N1026|bic_3|60382082|60383781|+|1699"      
 [11] "N1026|sar_3|26410219|26411917|+|1698"      
 [12] "N1026|bic_2|186988991|186990708|+|1717"    
 [13] "N1026|bic_X1|68900109|68901793|+|1684"     
 [14] "N1026|sar_X1|67832670|67834354|+|1684"     
 [15] "_R_N1026|bic_2|79713821|79715520|+|1699"   
 [16] "N1026|sar_2|248961222|248962617|+|1395"    
 [17] "N1026|bic_13|74473306|74474997|+|1691"     
 [18] "_R_N1026|bic_13|148884520|148886169|+|1649"
 [19] "_R_N1026|lin_12|43416743|43418402|+|1659"  
 [20] "N1026|lin_12|48232020|48233434|+|1414"     
 [21] "_R_N1026|lin_2|3974474|3976153|+|1679"     
 [22] "_R_N1026|lin_X1|30152951|30154649|+|1698"  
 [23] "_R_N1026|lin_19|57090924|57092600|+|1676"  
 [24] "N1026|bic_10|83611698|83613377|+|1679"     
 [25] "_R_N1026|sar_10|120984508|120986190|+|1682"
 [26] "N1026|bic_10|46852067|46853719|+|1652"     
 [27] "_R_N1026|lin_4|98907562|98909175|+|1613"   
 [28] "N1026|bic_6|21785825|21787396|+|1571"      
 [29] "N1026|sar_6|18652361|18654023|+|1662"      
 [30] "_R_N1026|bic_2|35581935|35583594|+|1659"   
 [31] "N1026|sar_2|39951204|39952882|+|1678"      
 [32] "N1026|sar_9|68715114|68716823|+|1709"      
 [33] "N1026|sar_9|68776027|68777736|+|1709"      
 [34] "N1026|bic_10|38182675|38184265|+|1590"     
 [35] "_R_N1026|sar_5|94453947|94455643|+|1696"   
 [36] "_R_N1026|lin_X1|8351002|8352676|+|1674"    
 [37] "N1026|bic_X2|158564252|158565958|+|1706"   
 [38] "_R_N1026|sar_X2|120845363|120847063|+|1700"
 [39] "_R_N1026|lin_X2|138073044|138074604|+|1560"
 [40] "_R_N1026|lin_20|82392568|82394161|+|1593"  
 [41] "N1026|bic_3|22069257|22070934|+|1677"      
 [42] "N1026|sar_3|87706802|87708490|+|1688"      
 [43] "N1026|lin_8|31938834|31940524|+|1690"      
 [44] "N1026|lin_1|50666821|50668274|+|1453"      
 [45] "N1026|lin_13|18764052|18765723|+|1671"     
 [46] "_R_N1026|lin_3|29330389|29331950|+|1561"   
 [47] "N1026|lin_9|66022188|66023867|+|1679"      
 [48] "_R_N1026|lin_18|132512796|132514467|+|1671"
 [49] "_R_N1026|lin_5|59977679|59979359|+|1680"   
 [50] "N1026|dum_5|50486699|50488398|+|1699"      
 [51] "_R_N1026|ten_5|175898865|175900548|+|1683" 
 [52] "N1026|lin_9|103555398|103557072|+|1674"    
 [53] "N1026|lin_X1|89470611|89472299|+|1688"     
 [54] "_R_N1026|lin_9|87705273|87706930|+|1657"   
 [55] "_R_N1026|bic_2|173072425|173073873|+|1448" 
 [56] "N1026|sar_2|153600473|153601899|+|1426"    
 [57] "_R_N1026|lin_9|32895321|32896976|+|1655"   
 [58] "_R_N1026|sar_7|171544540|171546228|+|1688" 
 [59] "N1026|bic_9|237730895|237732576|+|1681"    
 [60] "_R_N1026|sar_2|154478111|154479757|+|1646" 
 [61] "_R_N1026|bic_7|49782438|49784110|+|1672"   
 [62] "_R_N1026|sar_7|197855252|197856919|+|1667" 
 [63] "_R_N1026|bic_2|111642508|111643986|+|1478" 
 [64] "N1026|sar_2|215638328|215639828|+|1500"    
 [65] "_R_N1026|bic_8|209851166|209852830|+|1664" 
 [66] "_R_N1026|sar_8|4267812|4269468|+|1656"     
 [67] "_R_N1026|lin_15|59397742|59399290|+|1548"  
 [68] "_R_N1026|lin_4|34619478|34621133|+|1655"   
 [69] "N1026|bic_X1|29622328|29623938|+|1610"     
 [70] "N1026|sar_X1|27328645|27330255|+|1610"     
 [71] "_R_N1026|lin_16|64960026|64961459|+|1433"  
 [72] "_R_N1026|lin_13|102846594|102848271|+|1677"
 [73] "_R_N1026|bic_9|153355064|153356744|+|1680" 
 [74] "_R_N1026|sar_9|52094022|52095732|+|1710"   
 [75] "_R_N1026|lin_18|97528177|97529850|+|1673"  
 [76] "N1026|lin_8|15231227|15232942|+|1715"      
 [77] "_R_N1026|lin_16|86543767|86545353|+|1586"  
 [78] "_R_N1026|lin_18|130122993|130124666|+|1673"
 [79] "_R_N1026|lin_5|131171002|131172701|+|1699" 
 [80] "_R_N1026|bic_10|92226766|92228185|+|1419"  
 [81] "N1026|sar_10|112023773|112025198|+|1425"   
 [82] "_R_N1026|bic_4|131915022|131916680|+|1658" 
 [83] "_R_N1026|lin_12|91292671|91294338|+|1667"  
 [84] "_R_N1026|bic_11|147648269|147649947|+|1678"
 [85] "_R_N1026|bic_7|10815273|10816700|+|1427"   
 [86] "_R_N1026|bic_12|107267654|107269314|+|1660"
 [87] "N1026|sar_12|77870683|77872348|+|1665"     
 [88] "N1026|bic_3|124848472|124850179|+|1707"    
 [89] "N1026|sar_3|141824823|141826542|+|1719"    
 [90] "_R_N1026|bic_8|25137669|25139348|+|1679"   
 [91] "_R_N1026|bic_10|85894624|85896292|+|1668"  
 [92] "N1026|sar_10|118666398|118668047|+|1649"   
 [93] "_R_N1026|lin_13|13608820|13610504|+|1684"  
 [94] "_R_N1026|bic_2|49963662|49965333|+|1671"   
 [95] "N1026|sar_2|24976186|24977849|+|1663"      
 [96] "_R_N1026|lin_6|86533002|86534688|+|1686"   
 [97] "_R_N1026|sar_2|28887619|28889089|+|1470"   
 [98] "_R_N1026|sar_2|30500496|30501966|+|1470"   
 [99] "N1026|bic_2|44526330|44528032|+|1702"      
[100] "_R_N1026|lin_8|39479502|39481167|+|1665"   
[101] "_R_N1026|lin_3|66054537|66056220|+|1683"   
[102] "N1026|lin_X2|79246757|79248240|+|1483"     
[103] "_R_N1026|lin_15|815796|817491|+|1695"      
[104] "_R_N1026|lin_4|68698369|68700037|+|1668"   
[105] "_R_N1026|lin_5|75789985|75791639|+|1654"   
[106] "_R_N1026|bic_X1|47973067|47974557|+|1490"  
[107] "N1026|lin_8|41363821|41365523|+|1702"      
[108] "_R_N1026|bic_12|170581792|170583432|+|1640"
[109] "N1026|sar_12|11118622|11120286|+|1664"     
[110] "N1026|bic_13|104867180|104868858|+|1678"   
[111] "_R_N1026|bic_9|216932385|216933902|+|1517" 
[112] "_R_N1026|sar_7|42707886|42709592|+|1706"   
[113] "_R_N1026|dum_12|9530439|9531930|+|1491"    
[114] "_R_N1026|ten_12|10880078|10881570|+|1492"  
[115] "_R_N1026|bic_8|7235873|7237568|+|1695"     
[116] "_R_N1026|bic_13|45749068|45750778|+|1710"  
[117] "N1026|sar_13|138589188|138590907|+|1719"   
[118] "_R_N1026|bic_8|170354279|170355858|+|1579" 
[119] "_R_N1026|bic_10|109468888|109470566|+|1678"
[120] "N1026|sar_10|91816832|91818526|+|1694"     
[121] "N1026|bic_11|131567450|131569154|+|1704"   
[122] "N1026|sar_8|51113113|51114810|+|1697"      
[123] "N1026|bic_2|98933218|98934926|+|1708"      
[124] "N1026|bic_X1|188957580|188959284|+|1704"   
[125] "N1026|sar_X1|194183056|194184721|+|1665"   
[126] "_R_N1026|sar_12|73620922|73622596|+|1674"  
[127] "N1026|bic_12|119658050|119659759|+|1709"   
[128] "_R_N1026|sar_12|63269714|63271385|+|1671"  
[129] "N1026|bic_10|94470919|94472567|+|1648"     
[130] "_R_N1026|sar_6|47015361|47017010|+|1649"   
[131] "N1026|bic_14|58426910|58428557|+|1647"     
[132] "_R_N1026|sar_14|69116187|69117841|+|1654"  
[133] "N1026|bic_13|146216748|146218422|+|1674"   
[134] "N1026|bic_12|81239649|81241327|+|1678"     
[135] "_R_N1026|sar_12|104578748|104580437|+|1689"
[136] "_R_N1026|bic_9|3390801|3392469|+|1668"     
[137] "_R_N1026|bic_3|60692190|60693854|+|1664"   
[138] "_R_N1026|sar_3|26715884|26717574|+|1690"   
[139] "N1026|bic_10|101765963|101767596|+|1633"   
[140] "_R_N1026|sar_10|99366825|99368498|+|1673"  
[141] "N1026|sar_9|96714272|96715989|+|1717"      
[142] "_R_N1026|sar_12|153717181|153718891|+|1710"
[143] "N1026|bic_10|48202348|48204024|+|1676"     
[144] "_R_N1026|sar_10|155798049|155799712|+|1663"
[145] "_R_N1026|bic_5|15643778|15645493|+|1715"   
[146] "_R_N1026|bic_1|102469869|102471362|+|1493" 
[147] "N1026|sar_11|137107890|137109593|+|1703"   
[148] "N1026|lin_1|79109854|79111537|+|1683"      
[149] "N1026|lin_9|25880766|25882342|+|1576"      
[150] "N1026|lin_15|30794745|30796144|+|1399"     
[151] "N1026|dum_3|247394337|247395847|+|1510"    
[152] "_R_N1026|lin_X1|101175397|101177079|+|1682"
[153] "N1026|bic_2|131857066|131858739|+|1673"    
[154] "_R_N1026|sar_2|194125911|194127590|+|1679" 
[155] "N1026|bic_10|79631443|79633154|+|1711"     
[156] "_R_N1026|sar_10|124754827|124756536|+|1709"
[157] "N1026|sar_1|106738605|106740325|+|1720"    
[158] "N1026|lin_1|43356319|43358016|+|1697"      
[159] "N1026|lin_2|82870902|82872592|+|1690"      
[160] "N1026|sar_X1|71910541|71912257|+|1716"     
[161] "N1026|lin_12|2920854|2922552|+|1698"       
[162] "N1026|lin_12|11108720|11110361|+|1641"     
[163] "N1026|lin_11|59218031|59219713|+|1682"     
[164] "N1026|bic_8|153421712|153423388|+|1676"    
[165] "N1026|sar_6|113561510|113563109|+|1599"    
[166] "N1026|lin_5|84273578|84275218|+|1640"      
[167] "N1026|lin_9|91226607|91228323|+|1716"      
[168] "N1026|lin_9|94546020|94547716|+|1696"      
[169] "N1026|lin_10|41935606|41937309|+|1703"     
[170] "N1026|lin_16|81879369|81881082|+|1713"     
[171] "N1026|lin_X2|60308686|60310380|+|1694"     
[172] "N1026|bic_11|83953476|83955064|+|1588"     
[173] "N1026|lin_X1|110870174|110871872|+|1698"   
[174] "N1026|lin_8|22243533|22245051|+|1518"      
[175] "N1026|bic_4|117881700|117883379|+|1679"    
[176] "N1026|lin_3|102708584|102710285|+|1701"    
[177] "N1026|bic_10|86557440|86559156|+|1716"     
[178] "_R_N1026|dum_5|216658408|216660097|+|1689" 
[179] "N1026|ten_5|21171932|21173638|+|1706"      
[180] "N1026|bic_10|103895471|103897128|+|1657"   
[181] "_R_N1026|sar_10|97292347|97294025|+|1678"  
[182] "N1026|lin_X3|64799785|64801261|+|1476"     
[183] "N1026|lin_12|88448310|88450001|+|1691"     
[184] "N1026|bic_8|155480424|155482120|+|1696"    
[185] "_R_N1026|sar_8|66246214|66247913|+|1699"   
[186] "_R_N1026|bic_11|178767546|178769207|+|1661"
[187] "N1026|sar_11|27478980|27480546|+|1566"     
[188] "N1026|sar_9|142647231|142648901|+|1670"    
[189] "_R_N1026|bic_5|2942648|2944307|+|1659"     
[190] "_R_N1026|bic_5|3456908|3458567|+|1659"     
[191] "N1026|bic_5|2983441|2985103|+|1662"        
[192] "N1026|bic_3|54261030|54262714|+|1684"      
[193] "N1026|sar_3|19363161|19364851|+|1690"      
[194] "_R_N1026|bic_7|160142112|160143791|+|1679" 
[195] "_R_N1026|bic_3|28957740|28959431|+|1691"   
[196] "_R_N1026|sar_3|93990171|93991860|+|1689"   
[197] "N1026|bic_2|45643014|45644718|+|1704"      
[198] "N1026|bic_2|45998129|45999832|+|1703"      
[199] "_R_N1026|sar_2|28156783|28158210|+|1427"   
[200] "N1026|bic_9|209932754|209934425|+|1671"    
[201] "_R_N1026|sar_9|81935586|81937280|+|1694"   
[202] "_R_N1026|bic_13|142168438|142170124|+|1686"
[203] "N1026|sar_13|40229564|40231278|+|1714"     
[204] "_R_N1026|lin_19|40288473|40290153|+|1680"  
[205] "_R_N1026|lin_4|46107870|46109335|+|1465"   
[206] "_R_N1026|lin_4|46502774|46504474|+|1700"   
[207] "_R_N1026|lin_8|97982253|97983931|+|1678"   
[208] "_R_N1026|lin_9|100358054|100359614|+|1560" 
[209] "_R_N1026|lin_5|130751317|130753016|+|1699" 
[210] "_R_N1026|bic_X2|97834491|97836169|+|1678"  
[211] "_R_N1026|lin_9|90996168|90997859|+|1691"   
[212] "_R_N1026|bic_2|135108287|135109956|+|1669" 
[213] "N1026|sar_2|191178963|191180648|+|1685"    
[214] "_R_N1026|bic_10|136477518|136479227|+|1709"
[215] "_R_N1026|lin_1|18983578|18985239|+|1661"   
[216] "_R_N1026|ten_4|223896602|223898233|+|1631" 
[217] "_R_N1026|ten_4|224231351|224232982|+|1631" 
[218] "N1026|dum_4|248678131|248679568|+|1437"    
[219] "_R_N1026|lin_10|37144658|37146350|+|1692"  
[220] "_R_N1026|sar_6|37827398|37828814|+|1416"   
[221] "_R_N1026|bic_12|27128436|27130097|+|1661"  
[222] "_R_N1026|bic_2|129328981|129330684|+|1703" 
[223] "N1026|sar_2|196873073|196874682|+|1609"    
[224] "N1026|lin_10|66045140|66046834|+|1694"     
[225] "N1026|lin_7|92072014|92073725|+|1711"      
[226] "_R_N1026|bic_8|51949294|51950982|+|1688"   
[227] "N1026|sar_8|179812016|179813691|+|1675"    
[228] "_R_N1026|bic_14|82386136|82387775|+|1639"  
[229] "_R_N1026|bic_6|79616482|79618166|+|1684"   
[230] "N1026|sar_14|34557804|34559495|+|1691"     
[231] "_R_N1026|bic_6|72925806|72927493|+|1687"   
[232] "_R_N1026|sar_6|73470166|73471703|+|1537"   
[233] "_R_N1026|lin_12|12134143|12135833|+|1690"  
[234] "_R_N1026|bic_9|54230053|54231740|+|1687"   
[235] "_R_N1026|sar_13|140680204|140681585|+|1381"
[236] "_R_N1026|lin_12|101240304|101241953|+|1649"
[237] "_R_N1026|sar_11|56184893|56186562|+|1669"  
[238] "_R_N1026|lin_X1|100430340|100432008|+|1668"
[239] "_R_N1026|lin_8|37475015|37476706|+|1691"   
[240] "_R_N1026|bic_11|151071528|151073192|+|1664"
[241] "_R_N1026|bic_14|59901136|59902567|+|1431"  
[242] "N1026|bic_3|157050114|157051787|+|1673"    
[243] "N1026|sar_3|174515707|174517393|+|1686"    
[244] "_R_N1026|bic_11|184078645|184080328|+|1683"
[245] "_R_N1026|sar_11|6355724|6357405|+|1681"    
[246] "N1026|bic_3|105395685|105397356|+|1671"    
[247] "N1026|sar_3|122964246|122965796|+|1550"    
[248] "_R_N1026|lin_13|109757909|109759583|+|1674"
[249] "N1026|bic_1|117204194|117205889|+|1695"    
[250] "_R_N1026|sar_6|98367970|98369669|+|1699"   
[251] "_R_N1026|lin_8|53501802|53503307|+|1505"   
[252] "_R_N1026|sar_6|111520887|111522557|+|1670" 
[253] "N1026|bic_7|124933291|124934957|+|1666"    
[254] "N1026|sar_2|32218943|32220367|+|1424"      
[255] "_R_N1026|sar_14|26158958|26160660|+|1702"  
[256] "_R_N1026|bic_3|14205825|14207507|+|1682"   
[257] "_R_N1026|sar_3|79596757|79598450|+|1693"   
[258] "N1026|sar_8|94250703|94252372|+|1669"      
[259] "N1026|sar_1|172897718|172899385|+|1667"    
[260] "_R_N1026|bic_8|27598564|27600264|+|1700"   
[261] "N1026|sar_8|202521859|202523554|+|1695"    
[262] "N1026|bic_4|106915437|106917163|+|1726"    
[263] "_R_N1026|bic_6|114828547|114830243|+|1696" 
[264] "N1026|sar_3|79948056|79949796|+|1740"      
[265] "N1026|bic_14|8543124|8544832|+|1708"       
[266] "N1026|sar_14|93826743|93828335|+|1592"     
[267] "N1026|bic_2|11911715|11913381|+|1666"      
[268] "N1026|lin_17|48591700|48593380|+|1680"     
[269] "N1026|lin_X1|102612404|102614095|+|1691"   
[270] "_R_N1026|lin_9|75735488|75736988|+|1500"   
[271] "N1026|lin_18|123141868|123143524|+|1656"   
[272] "N1026|bic_7|133129564|133131256|+|1692"    
[273] "N1026|dum_3|174997676|174999338|+|1662"    
[274] "_R_N1026|ten_3|167969879|167971560|+|1681" 
[275] "N1026|dum_3|174999524|175001212|+|1688"    
[276] "N1026|dum_1|278480780|278482463|+|1683"    
[277] "N1026|ten_1|272707795|272709486|+|1691"    
[278] "N1026|lin_3|107467326|107469023|+|1697"    
[279] "N1026|bic_13|43548461|43550141|+|1680"     
[280] "_R_N1026|bic_5|102491651|102493304|+|1653" 
[281] "_R_N1026|sar_5|93359486|93361151|+|1665"   
[282] "N1026|sar_7|71032186|71033874|+|1688"      
[283] "_R_N1026|sar_X1|170295308|170297013|+|1705"
[284] "_R_N1026|bic_7|177400722|177402292|+|1570" 
[285] "N1026|bic_8|128574530|128576236|+|1706"    
[286] "_R_N1026|sar_8|101006274|101007995|+|1721" 
[287] "N1026|bic_6|43882041|43883745|+|1704"      
[288] "_R_N1026|sar_5|103934846|103936546|+|1700" 
[289] "N1026|bic_10|65524757|65526441|+|1684"     
[290] "N1026|sar_12|647816|649503|+|1687"         
[291] "N1026|bic_4|110130612|110132298|+|1686"    
[292] "_R_N1026|sar_4|8344342|8346055|+|1713"     
[293] "N1026|sar_9|90683503|90684960|+|1457"      
[294] "N1026|lin_12|67326011|67327699|+|1688"     
[295] "N1026|lin_5|31493337|31494998|+|1661"      
[296] "N1026|lin_7|42567960|42569622|+|1662"      
[297] "N1026|lin_9|25249059|25250676|+|1617"      
[298] "N1026|lin_19|51570465|51572118|+|1653"     
[299] "N1026|bic_5|153750573|153752210|+|1637"    
[300] "N1026|sar_5|43420571|43422285|+|1714"      
[301] "_R_N1026|bic_6|48172847|48174498|+|1651"   
[302] "_R_N1026|sar_6|46832616|46834293|+|1677"   
[303] "N1026|lin_14|56186222|56187904|+|1682"     
[304] "N1026|lin_20|53696143|53697767|+|1624"     
[305] "N1026|bic_7|1071806|1073491|+|1685"        
[306] "N1026|sar_7|1459207|1460873|+|1666"        
[307] "N1026|lin_5|120013472|120015178|+|1706"    
[308] "N1026|bic_13|147587131|147588785|+|1654"   
[309] "_R_N1026|bic_X2|27682627|27684182|+|1555"  
[310] "N1026|lin_4|81696413|81698044|+|1631"      
[311] "N1026|lin_2|93120917|93122586|+|1669"      
[312] "N1026|bic_2|105758081|105759735|+|1654"    
[313] "_R_N1026|sar_2|226595415|226597084|+|1669" 
[314] "_R_N1026|bic_8|41191677|41193342|+|1665"   
[315] "N1026|sar_8|188862047|188863715|+|1668"    
[316] "N1026|bic_4|95349500|95351190|+|1690"      
[317] "_R_N1026|sar_4|50914488|50916173|+|1685"   
[318] "_R_N1026|lin_2|11431518|11433150|+|1632"   
[319] "_R_N1026|bic_5|24755772|24757169|+|1397"   
[320] "_R_N1026|lin_13|112496814|112498237|+|1423"
[321] "N1026|sar_5|56048152|56049771|+|1619"      
[322] "N1026|sar_8|191295103|191296733|+|1630"    
[323] "_R_N1026|bic_3|116757505|116759120|+|1615" 
[324] "N1026|bic_3|113461390|113462782|+|1392"    
[325] "N1026|bic_3|113603014|113604663|+|1649"    
[326] "N1026|sar_11|150152363|150154040|+|1677"   
[327] "N1026|bic_7|179160473|179162191|+|1718"    
[328] "N1026|sar_7|167902967|167904691|+|1724"    
[329] "N1026|lin_2|63206657|63208363|+|1706"      
[330] "N1026|bic_3|157676967|157678637|+|1670"    
[331] "_R_N1026|bic_7|145957243|145958919|+|1676" 
[332] "N1026|sar_7|52345957|52347656|+|1699"      
[333] "N1026|dum_1|76428298|76429997|+|1699"      
[334] "N1026|ten_1|74471845|74473544|+|1699"      
[335] "N1026|lin_14|77153730|77155412|+|1682"     
[336] "_R_N1026|lin_7|127432534|127433961|+|1427" 
[337] "_R_N1026|dum_2|148704858|148706522|+|1664" 
[338] "N1026|ten_2|156828613|156830311|+|1698"    
[339] "N1026|dum_7|141698411|141700080|+|1669"    
[340] "N1026|dum_5|154250513|154252250|+|1737"    
[341] "N1026|dum_5|203908679|203910330|+|1651"    
[342] "_R_N1026|sar_10|12601588|12603079|+|1491"  
[343] "_R_N1026|sar_11|106059812|106061350|+|1538"
[344] "N1026|lin_18|115777252|115778851|+|1599"   
[345] "N1026|dum_5|167668337|167670052|+|1715"    
[346] "_R_N1026|ten_5|71869843|71871510|+|1667"   
[347] "N1026|lin_X3|82857390|82859065|+|1675"     
[348] "N1026|lin_18|7384846|7386525|+|1679"       
[349] "_R_N1026|bic_12|105189206|105190706|+|1500"
[350] "N1026|sar_12|79853795|79855443|+|1648"     
[351] "_R_N1026|sar_X1|46386074|46387570|+|1496"  
[352] "_R_N1026|bic_9|181574030|181575707|+|1677" 
[353] "_R_N1026|bic_13|42134111|42135767|+|1656"  
[354] "N1026|lin_12|121106261|121107645|+|1384"   
[355] "N1026|sar_2|119961367|119963015|+|1648"    
[356] "N1026|sar_7|36979467|36981154|+|1687"      
[357] "N1026|lin_7|84049312|84050998|+|1686"      
[358] "_R_N1026|lin_7|106438350|106440025|+|1675" 
[359] "_R_N1026|lin_7|83848162|83849842|+|1680"   
[360] "N1026|lin_7|106625623|106627306|+|1683"    
[361] "_R_N1026|dum_4|197681040|197682524|+|1484" 
[362] "N1026|ten_4|44085837|44087267|+|1430"      
[363] "N1026|mim_5|31910282|31911762|+|1480"      
[364] "N1026|bic_10|79074375|79075897|+|1522"     
[365] "_R_N1026|sar_10|125525238|125526755|+|1517"
[366] "N1026|sar_10|125399709|125401384|+|1675"   
[367] "N1026|bic_8|1771659|1773136|+|1477"        
[368] "N1026|sar_8|216769890|216771388|+|1498"    
[369] "_R_N1026|dum_3|95180815|95182264|+|1449"   
[370] "_R_N1026|ten_3|91062769|91064217|+|1448"   
[371] "_R_N1026|dum_7|204726008|204727643|+|1635" 
[372] "_R_N1026|bic_13|140522769|140524348|+|1579"
[373] "N1026|sar_13|41636783|41638466|+|1683"     
[374] "_R_N1026|ten_4|75608595|75610168|+|1573"   
[375] "_R_N1026|bic_5|153152255|153153886|+|1631" 
[376] "_R_N1026|sar_5|42843721|42845401|+|1680"   
[377] "_R_N1026|mim_6|28431361|28432893|+|1532"   
[378] "_R_N1026|mim_12|39650392|39652058|+|1666"  
[379] "_R_N1026|dum_12|55676285|55677692|+|1407"  
[380] "_R_N1026|ten_12|61833160|61834562|+|1402"  
[381] "N1026|dum_6|100655683|100657199|+|1516"    
[382] "N1026|ten_X2|99425907|99427426|+|1519"     
[383] "_R_N1026|dum_5|232103158|232104829|+|1671" 
[384] "N1026|ten_5|6067013|6068700|+|1687"        
[385] "N1026|mim_X1|86151779|86153412|+|1633"     
[386] "_R_N1026|dum_2|1595103|1596700|+|1597"     
[387] "_R_N1026|ten_2|3399196|3400828|+|1632"     
[388] "_R_N1026|dum_1|84894106|84895659|+|1553"   
[389] "_R_N1026|ten_1|82628491|82630159|+|1668"   
[390] "_R_N1026|dum_3|113266171|113267839|+|1668" 
[391] "N1026|bic_9|63755446|63757139|+|1693"      
[392] "_R_N1026|sar_9|194694316|194695980|+|1664" 
[393] "N1026|dum_3|250689518|250691183|+|1665"    
[394] "N1026|ten_3|251847152|251848531|+|1379"    
[395] "_R_N1026|mim_12|135368898|135370578|+|1680"
[396] "_R_N1026|mim_11|39490677|39492378|+|1701"  
[397] "N1026|mim_10|71978861|71980481|+|1620"     
[398] "N1026|bic_3|124558847|124560512|+|1665"    
[399] "N1026|sar_3|141478264|141479918|+|1654"    
[400] "_R_N1026|mim_12|112516788|112518442|+|1654"
[401] "N1026|mim_6|374843|376231|+|1388"          
[402] "N1026|mim_11|106514444|106516046|+|1602"   
[403] "_R_N1026|mim_13|130371654|130373308|+|1654"
[404] "N1026|mim_2|92102297|92103954|+|1657"      
[405] "_R_N1026|dum_1|246341462|246343058|+|1596" 
[406] "_R_N1026|ten_1|241782118|241783727|+|1609" 
[407] "N1026|mim_9|161898757|161900440|+|1683"    
[408] "N1026|bic_1|81506207|81507822|+|1615"      
[409] "N1026|sar_13|117723143|117724805|+|1662"   
[410] "N1026|mim_7|142930127|142931837|+|1710"    
[411] "N1026|mim_9|5634831|5636541|+|1710"        
[412] "N1026|dum_9|114502203|114503865|+|1662"    
[413] "_R_N1026|ten_9|64850919|64852443|+|1524"   
[414] "N1026|mim_4|103140085|103141750|+|1665"    
[415] "N1026|sar_X2|154254539|154256158|+|1619"   
[416] "_R_N1026|mim_8|142851860|142853573|+|1713" 
[417] "_R_N1026|mim_X1|32910084|32911761|+|1677"  
[418] "_R_N1026|mim_11|149336271|149337846|+|1575"
[419] "_R_N1026|mim_9|131111729|131113336|+|1607" 
[420] "N1026|bic_9|83526859|83528500|+|1641"      
[421] "N1026|mim_10|149620744|149622424|+|1680"   
[422] "N1026|bic_3|128185042|128186727|+|1685"    
[423] "N1026|sar_3|145346818|145348499|+|1681"    
[424] "N1026|mim_7|175304812|175306494|+|1682"    
[425] "N1026|mim_11|142649776|142651380|+|1604"   
[426] "N1026|dum_6|146635605|146637293|+|1688"    
[427] "N1026|ten_6|160267463|160269152|+|1689"    
[428] "N1026|mim_10|65261538|65263125|+|1587"     
[429] "N1026|dum_6|170092684|170094393|+|1709"    
[430] "N1026|ten_6|180374524|180376233|+|1709"    
[431] "N1026|mim_5|85481751|85483416|+|1665"      
[432] "_R_N1026|dum_5|141212022|141213677|+|1655" 
[433] "N1026|ten_5|95258494|95260165|+|1671"      
[434] "N1026|ten_5|96145775|96147487|+|1712"      
[435] "_R_N1026|mim_11|33255487|33257070|+|1583"  
[436] "_R_N1026|mim_3|12867730|12869419|+|1689"   
[437] "N1026|mim_7|207484009|207485528|+|1519"    
[438] "N1026|bic_8|87828189|87829770|+|1581"      
[439] "N1026|bic_14|96193427|96195085|+|1658"     
[440] "_R_N1026|mim_X1|61078013|61079647|+|1634"  
[441] "N1026|mim_13|50712974|50714417|+|1443"     
[442] "N1026|dum_3|27264350|27265990|+|1640"      
[443] "_R_N1026|ten_3|29466364|29468008|+|1644"   
[444] "N1026|dum_1|179047686|179049334|+|1648"    
[445] "N1026|ten_1|172516548|172518201|+|1653"    
[446] "_R_N1026|mim_8|180826906|180828463|+|1557" 
[447] "N1026|bic_9|3895284|3896883|+|1599"        
[448] "_R_N1026|sar_9|252318169|252319751|+|1582" 
[449] "_R_N1026|dum_12|66120916|66122547|+|1631"  
[450] "_R_N1026|ten_12|72840846|72842489|+|1643"  
[451] "_R_N1026|bic_9|54709146|54710833|+|1687"   
[452] "N1026|sar_9|202463739|202465416|+|1677"    
[453] "_R_N1026|mim_7|182323406|182325062|+|1656" 
[454] "_R_N1026|bic_7|174004130|174005594|+|1464" 
[455] "N1026|bic_2|152490507|152492087|+|1580"    
[456] "_R_N1026|sar_2|173983941|173985517|+|1576" 
[457] "_R_N1026|dum_3|189695748|189697283|+|1535" 
[458] "_R_N1026|ten_3|182209948|182211487|+|1539" 
[459] "_R_N1026|dum_2|253598057|253599555|+|1498" 
[460] "N1026|ten_2|240672505|240674004|+|1499"    
[461] "N1026|sar_2|160954353|160955910|+|1557"    
[462] "N1026|ten_9|55641734|55643139|+|1405"      
[463] "_R_N1026|mim_11|44719120|44720591|+|1471"  
[464] "_R_N1026|mim_7|80325793|80327249|+|1456"   
[465] "N1026|dum_9|181912378|181913826|+|1448"    
[466] "N1026|ten_9|4466406|4467831|+|1425"        
[467] "N1026|dum_X2|87827529|87829035|+|1506"     
[468] "_R_N1026|ten_X2|132962956|132964463|+|1507"
[469] "N1026|mim_6|6601685|6603180|+|1495"        
[470] "N1026|dum_5|164566468|164568094|+|1626"    
[471] "_R_N1026|ten_5|74889686|74891336|+|1650"   
[472] "N1026|bic_8|142359217|142360719|+|1502"    
[473] "_R_N1026|dum_X1|77959684|77961192|+|1508"  
[474] "_R_N1026|ten_X1|59782797|59784301|+|1504"  
[475] "N1026|dum_6|214494352|214495915|+|1563"    
[476] "_R_N1026|mim_14|181145002|181146490|+|1488"
[477] "N1026|lin_9|59888755|59890266|+|1511"      
[478] "N1026|bic_8|85557216|85558801|+|1585"      
[479] "_R_N1026|sar_8|145016635|145018158|+|1523" 
[480] "_R_N1026|dum_5|61096996|61098673|+|1677"   
[481] "_R_N1026|ten_5|166159864|166161526|+|1662" 
[482] "_R_N1026|bic_9|145595676|145597153|+|1477" 
[483] "_R_N1026|sar_9|44092458|44093934|+|1476"   
[484] "_R_N1026|bic_X2|53628133|53629819|+|1686"  
[485] "_R_N1026|sar_X2|69719616|69721297|+|1681"  
[486] "_R_N1026|lin_18|58242821|58244502|+|1681"  
[487] "N1026|sar_X1|32328622|32330158|+|1536"     
[488] "_R_N1026|lin_4|93943644|93945184|+|1540"   
[489] "N1026|dum_2|201436222|201437576|+|1354"    
[490] "_R_N1026|bic_2|139319327|139320855|+|1528" 
[491] "N1026|bic_X2|41632783|41634361|+|1578"     
[492] "N1026|sar_X2|56952190|56953741|+|1551"     
[493] "_R_N1026|mim_13|52397440|52399055|+|1615"  
[494] "_R_N1026|mim_12|95214899|95216443|+|1544"  
[495] "_R_N1026|dum_10|29550030|29551699|+|1669"  
[496] "N1026|mim_6|1871908|1873496|+|1588"        
[497] "_R_N1026|bic_1|137279647|137281135|+|1488" 
[498] "_R_N1026|sar_1|152737616|152739083|+|1467" 
[499] "_R_N1026|lin_5|4072195|4073736|+|1541"     
[500] "_R_N1026|lin_16|48024319|48025750|+|1431"  
[501] "_R_N1026|lin_X2|97451866|97453380|+|1514"  
[502] "N1026|mim_11|36517271|36518833|+|1562"     
[503] "N1026|mim_10|142201462|142203015|+|1553"   
[504] "_R_N1026|mim_7|120733484|120735145|+|1661" 
[505] "N1026|lin_X2|73964625|73966141|+|1516"     
[506] "N1026|lin_2|28407599|28408943|+|1344"      
[507] "_R_N1026|mim_2|71326687|71328216|+|1529"   
[508] "_R_N1026|mim_2|68104775|68106229|+|1454"   
[509] "_R_N1026|mim_1|133721149|133722535|+|1386" 
[510] "N1026|lin_7|26910773|26912179|+|1406"      
[511] "_R_N1026|lin_20|11205065|11206473|+|1408"  
[512] "_R_N1026|mim_12|113197436|113198857|+|1421"
[513] "_R_N1026|sar_10|195598266|195599671|+|1405"
[514] "_R_N1026|dum_1|125412212|125413951|+|1739" 
[515] "_R_N1026|ten_12|1240997|1242724|+|1727"    
[516] "_R_N1026|ten_3|208539573|208541314|+|1741" 
[517] "N1026|dum_2|210323227|210324983|+|1756"    
[518] "_R_N1026|dum_6|38698954|38700702|+|1748"   
[519] "_R_N1026|dum_10|135268896|135270648|+|1752"
[520] "_R_N1026|dum_8|137978683|137980435|+|1752" 
[521] "_R_N1026|dum_8|138335984|138337735|+|1751" 
[522] "_R_N1026|dum_5|146857077|146858829|+|1752" 
[523] "N1026|dum_8|55517988|55519737|+|1749"      
[524] "N1026|dum_10|64450325|64452075|+|1750"     
[525] "_R_N1026|dum_5|67638398|67640147|+|1749"   
[526] "_R_N1026|dum_7|59689611|59691358|+|1747"   
[527] "_R_N1026|dum_8|46979634|46981382|+|1748"   
[528] "_R_N1026|dum_8|47373760|47375516|+|1756"   
[529] "N1026|dum_3|60092442|60094197|+|1755"      
[530] "N1026|dum_8|55242466|55244222|+|1756"      
[531] "N1026|dum_2|208602110|208603864|+|1754"    
[532] "N1026|dum_2|211405153|211406906|+|1753"    
[533] "N1026|dum_2|212559391|212561144|+|1753"    
[534] "_R_N1026|dum_3|35235644|35237397|+|1753"   
[535] "N1026|dum_3|59483580|59485333|+|1753"      
[536] "_R_N1026|dum_9|4199|5957|+|1758"           
[537] "N1026|dum_2|211059152|211060906|+|1754"    
[538] "N1026|dum_2|212213390|212215144|+|1754"    
[539] "N1026|dum_2|211701128|211702882|+|1754"    
[540] "N1026|dum_2|212855366|212857120|+|1754"    
[541] "N1026|dum_2|211938432|211940186|+|1754"    
[542] "N1026|dum_2|213092670|213094424|+|1754"    
[543] "N1026|dum_10|21965578|21967333|+|1755"     
[544] "N1026|dum_2|210792335|210794089|+|1754"    
[545] "N1026|dum_3|59068594|59070349|+|1755"      
[546] "_R_N1026|dum_6|39052385|39054141|+|1756"   
[547] "N1026|dum_8|55698848|55700604|+|1756"      
[548] "_R_N1026|dum_3|1836887|1838641|+|1754"     
[549] "_R_N1026|dum_7|59481052|59482806|+|1754"   
[550] "_R_N1026|dum_10|24638445|24640199|+|1754"  
[551] "N1026|dum_10|130163062|130164816|+|1754"   
[552] "_R_N1026|dum_9|168415599|168417353|+|1754" 
[553] "N1026|dum_9|167217401|167219155|+|1754"    
[554] "_R_N1026|dum_5|67357226|67358980|+|1754"   
[555] "N1026|dum_5|68562882|68564636|+|1754"      
[556] "_R_N1026|dum_10|89639980|89641734|+|1754"  
[557] "N1026|dum_1|231554281|231556029|+|1748"    
[558] "_R_N1026|dum_5|158256866|158258614|+|1748" 
[559] "_R_N1026|dum_1|238178043|238179791|+|1748" 
[560] "N1026|dum_11|112343255|112345005|+|1750"   
[561] "N1026|dum_5|122372748|122374496|+|1748"    
[562] "_R_N1026|dum_5|145755521|145757269|+|1748" 
[563] "_R_N1026|dum_5|144932593|144934341|+|1748" 
[564] "N1026|dum_9|167056495|167058243|+|1748"    
[565] "N1026|dum_10|22041124|22042872|+|1748"     
[566] "_R_N1026|dum_10|24812430|24814178|+|1748"  
[567] "_R_N1026|dum_5|1633794|1635542|+|1748"     
[568] "_R_N1026|dum_9|732772|734517|+|1745"       
[569] "_R_N1026|dum_10|89841391|89843138|+|1747"  
[570] "_R_N1026|ten_9|29582607|29584350|+|1743"   
[571] "N1026|ten_5|143104409|143106159|+|1750"    
[572] "N1026|dum_X1|187241520|187243250|+|1730"   
[573] "N1026|ten_X1|164807847|164809593|+|1746"   
[574] "N1026|ten_2|49351438|49353177|+|1739"      
[575] "_R_N1026|dum_8|111857184|111858920|+|1736" 
[576] "_R_N1026|ten_8|104591101|104592840|+|1739" 
[577] "N1026|dum_7|61239545|61241282|+|1737"      
[578] "_R_N1026|ten_7|142512095|142513835|+|1740" 
[579] "N1026|dum_2|209967761|209969157|+|1396"    
[580] "_R_N1026|dum_1|179840564|179842041|+|1477" 
[581] "_R_N1026|ten_1|173334731|173336209|+|1478" 
[582] "_R_N1026|lin_3|43357260|43358920|+|1660"   
[583] "_R_N1026|lin_3|75170178|75171828|+|1650"   
[584] "_R_N1026|lin_5|128486008|128487386|+|1378" 
[585] "_R_N1026|lin_X2|78493820|78495305|+|1485"  
[586] "_R_N1026|lin_13|61176021|61177695|+|1674"  
[587] "_R_N1026|dum_11|100679913|100681439|+|1526"
[588] "_R_N1026|ten_11|83430084|83431620|+|1536"  
[589] "_R_N1026|lin_18|118092322|118094033|+|1711"
[590] "_R_N1026|sar_6|126333816|126335313|+|1497" 
[591] "_R_N1026|lin_11|46803117|46804807|+|1690"  
[592] "N1026|lin_20|32896382|32898069|+|1687"     
[593] "_R_N1026|lin_5|7769956|7771659|+|1703"     
[594] "N1026|lin_16|21254632|21256249|+|1617"     
[595] "_R_N1026|lin_X2|39094031|39095492|+|1461"  
[596] "_R_N1026|lin_11|37688480|37690032|+|1552"  
[597] "_R_N1026|lin_11|70100743|70102138|+|1395"  
[598] "_R_N1026|lin_8|86955933|86957631|+|1698"   
[599] "N1026|bic_1|11387200|11388849|+|1649"      
