jobinfo 30048842
getting scaled timeline
  [1] "N989|dum_7|97922584|97924208|+|1624"      
  [2] "_R_N989|ten_7|103752648|103754251|+|1603" 
  [3] "N989|dum_5|143225049|143226654|+|1605"    
  [4] "N989|dum_12|70386174|70387764|+|1590"     
  [5] "N989|ten_12|76588763|76590355|+|1592"     
  [6] "N989|dum_6|183911775|183913383|+|1608"    
  [7] "N989|dum_1|190789534|190791131|+|1597"    
  [8] "N989|ten_1|187515780|187517309|+|1529"    
  [9] "_R_N989|dum_8|75754809|75756437|+|1628"   
 [10] "N989|dum_X2|97345736|97347352|+|1616"     
 [11] "N989|dum_4|54247519|54249162|+|1643"      
 [12] "N989|dum_1|262435646|262437259|+|1613"    
 [13] "_R_N989|dum_5|147929506|147931104|+|1598" 
 [14] "N989|dum_4|107161869|107163323|+|1454"    
 [15] "_R_N989|dum_8|104781064|104782395|+|1331" 
 [16] "_R_N989|ten_1|212110174|212111624|+|1450" 
 [17] "_R_N989|dum_9|6954266|6955828|+|1562"     
 [18] "_R_N989|ten_12|138506459|138508026|+|1567"
 [19] "_R_N989|dum_6|123656566|123658161|+|1595" 
 [20] "_R_N989|ten_1|241905616|241907108|+|1492" 
 [21] "N989|ten_9|71764940|71766506|+|1566"      
 [22] "N989|dum_3|107125614|107127188|+|1574"    
 [23] "N989|ten_2|91686619|91688205|+|1586"      
 [24] "N989|dum_X2|118465459|118466810|+|1351"   
 [25] "_R_N989|ten_X2|102603116|102604467|+|1351"
 [26] "_R_N989|dum_5|197454867|197456463|+|1596" 
 [27] "N989|dum_7|132306219|132307824|+|1605"    
 [28] "_R_N989|ten_7|71464787|71466373|+|1586"   
 [29] "N989|dum_1|140486795|140488328|+|1533"    
 [30] "_R_N989|ten_X2|112068564|112070375|+|1811"
 [31] "N989|dum_6|211561919|211563518|+|1599"    
 [32] "N989|ten_6|222819252|222820868|+|1616"    
 [33] "N989|dum_10|156447442|156449029|+|1587"   
 [34] "_R_N989|ten_10|131502933|131504540|+|1607"
 [35] "N989|dum_X2|118455987|118457523|+|1536"   
 [36] "N989|ten_9|87067783|87069400|+|1617"      
 [37] "_R_N989|dum_X1|81971749|81973180|+|1431"  
 [38] "N989|dum_6|145318116|145319638|+|1522"    
 [39] "N989|dum_9|191647660|191649197|+|1537"    
 [40] "N989|dum_7|61354480|61356087|+|1607"      
 [41] "_R_N989|ten_7|143711857|143713479|+|1622" 
 [42] "_R_N989|dum_2|169884459|169885989|+|1530" 
 [43] "_R_N989|dum_1|141747270|141748852|+|1582" 
 [44] "_R_N989|ten_6|159143173|159144770|+|1597" 
 [45] "N989|ten_6|159249258|159250843|+|1585"    
 [46] "_R_N989|dum_6|145215454|145216985|+|1531" 
 [47] "N989|dum_2|216237786|216239351|+|1565"    
 [48] "N989|ten_2|206935151|206936721|+|1570"    
 [49] "_R_N989|ten_6|117777816|117779416|+|1600" 
 [50] "N989|dum_6|151073822|151075329|+|1507"    
 [51] "_R_N989|dum_11|62446025|62447574|+|1549"  
 [52] "N989|dum_2|85408427|85409788|+|1361"      
 [53] "N989|ten_5|71426729|71428309|+|1580"      
 [54] "_R_N989|dum_2|116268081|116269420|+|1339" 
 [55] "N989|ten_10|128513955|128515751|+|1796"   
 [56] "N989|dum_1|97908060|97909875|+|1815"      
 [57] "_R_N989|dum_11|59030790|59032525|+|1735"  
 [58] "N989|dum_2|115862185|115863920|+|1735"    
 [59] "N989|dum_2|117900923|117902662|+|1739"    
 [60] "_R_N989|dum_2|115770377|115771860|+|1483" 
 [61] "_R_N989|dum_12|66655768|66657595|+|1827"  
 [62] "N989|dum_12|71103009|71104470|+|1461"     
 [63] "N989|dum_9|80811977|80813430|+|1453"      
 [64] "_R_N989|ten_2|86961471|86962937|+|1466"   
 [65] "_R_N989|ten_7|147229045|147230817|+|1772" 
 [66] "_R_N989|dum_11|164580165|164581615|+|1450"
 [67] "_R_N989|ten_11|10230866|10232312|+|1446"  
 [68] "_R_N989|dum_2|245386521|245388327|+|1806" 
 [69] "N989|ten_2|248015015|248016814|+|1799"    
 [70] "N989|dum_5|127184685|127186444|+|1759"    
 [71] "_R_N989|ten_5|107053120|107054888|+|1768" 
 [72] "N989|ten_8|100136903|100138292|+|1389"    
 [73] "N989|dum_8|106990890|106992279|+|1389"    
 [74] "_R_N989|dum_1|150604774|150606128|+|1354" 
 [75] "N989|dum_5|6141234|6143030|+|1796"        
 [76] "N989|dum_9|187519276|187521069|+|1793"    
 [77] "_R_N989|ten_11|106289815|106291624|+|1809"
 [78] "N989|ten_11|106526516|106528333|+|1817"   
 [79] "_R_N989|dum_11|50203048|50204770|+|1722"  
 [80] "_R_N989|ten_2|82977483|82979239|+|1756"   
 [81] "N989|ten_2|102890246|102891703|+|1457"    
 [82] "N989|dum_2|97964475|97965935|+|1460"      
 [83] "N989|dum_2|79881625|79883372|+|1747"      
 [84] "N989|dum_9|134589066|134590827|+|1761"    
 [85] "N989|dum_4|160932657|160934330|+|1673"    
 [86] "_R_N989|dum_1|134593189|134594949|+|1760" 
 [87] "N989|dum_2|231536801|231538495|+|1694"    
 [88] "_R_N989|dum_10|185848533|185850297|+|1764"
 [89] "N989|ten_12|997925|999368|+|1443"         
 [90] "N989|dum_12|17211365|17213119|+|1754"     
 [91] "N989|ten_12|21973291|21975045|+|1754"     
 [92] "_R_N989|ten_X2|72612601|72614054|+|1453"  
 [93] "N989|dum_2|183306214|183307965|+|1751"    
 [94] "N989|ten_2|1526157|1527901|+|1744"        
 [95] "N989|dum_2|79540999|79542716|+|1717"      
 [96] "N989|dum_11|18819958|18821629|+|1671"     
 [97] "_R_N989|dum_1|159072153|159073889|+|1736" 
 [98] "_R_N989|dum_10|94414495|94416226|+|1731"  
 [99] "_R_N989|dum_1|221060176|221061908|+|1732" 
[100] "N989|dum_4|99206398|99207915|+|1517"      
[101] "N989|dum_X1|142662196|142663864|+|1668"   
[102] "_R_N989|ten_11|115958835|115960561|+|1726"
[103] "_R_N989|dum_X1|173340028|173341498|+|1470"
[104] "_R_N989|ten_7|2356517|2358178|+|1661"     
[105] "N989|ten_7|2799882|2801294|+|1412"        
[106] "_R_N989|dum_7|160267549|160268911|+|1362" 
[107] "_R_N989|dum_7|159581438|159582795|+|1357" 
[108] "_R_N989|dum_9|6195496|6196905|+|1409"     
[109] "_R_N989|ten_10|83784429|83785842|+|1413"  
[110] "N989|dum_6|103811472|103813110|+|1638"    
[111] "_R_N989|ten_X1|93609447|93611110|+|1663"  
[112] "N989|dum_5|171704085|171705862|+|1777"    
[113] "_R_N989|ten_5|68377371|68379061|+|1690"   
[114] "_R_N989|dum_6|73700437|73702121|+|1684"   
[115] "_R_N989|ten_4|161271982|161273672|+|1690" 
[116] "_R_N989|dum_4|71519533|71521286|+|1753"   
[117] "N989|dum_11|79335176|79336823|+|1647"     
[118] "N989|dum_1|193997207|193998891|+|1684"    
[119] "N989|dum_11|49851839|49853575|+|1736"     
[120] "N989|dum_8|105677751|105679490|+|1739"    
[121] "_R_N989|dum_1|149949998|149951786|+|1788" 
[122] "N989|dum_2|220135728|220137494|+|1766"    
[123] "_R_N989|dum_1|157439360|157441168|+|1808" 
[124] "N989|ten_8|4826094|4827867|+|1773"        
[125] "_R_N989|ten_2|94929375|94930809|+|1434"   
[126] "_R_N989|dum_4|137858363|137860154|+|1791" 
[127] "N989|ten_4|96192600|96194368|+|1768"      
[128] "N989|dum_4|72681916|72683733|+|1817"      
[129] "_R_N989|ten_11|108217286|108219061|+|1775"
[130] "_R_N989|ten_4|48551073|48552483|+|1410"   
[131] "N989|dum_4|63631856|63633646|+|1790"      
[132] "_R_N989|dum_2|105857935|105859606|+|1671" 
[133] "_R_N989|dum_X2|90069511|90071315|+|1804"  
[134] "N989|ten_X2|70116390|70118196|+|1806"     
[135] "_R_N989|dum_X1|170240316|170242099|+|1783"
[136] "N989|dum_2|109227797|109229498|+|1701"    
[137] "N989|dum_8|75346622|75348374|+|1752"      
[138] "_R_N989|dum_X2|183074750|183076551|+|1801"
[139] "N989|ten_2|81132344|81133891|+|1547"      
[140] "N989|ten_8|69107798|69109604|+|1806"      
[141] "_R_N989|dum_2|143278374|143280167|+|1793" 
[142] "N989|dum_9|45876298|45877759|+|1461"      
[143] "_R_N989|dum_8|147238041|147239854|+|1813" 
[144] "N989|dum_X2|135341132|135342930|+|1798"   
[145] "N989|dum_X2|135526814|135528609|+|1795"   
[146] "N989|dum_X2|135414575|135416367|+|1792"   
[147] "N989|dum_X2|135182361|135184158|+|1797"   
[148] "N989|dum_X2|135200100|135201897|+|1797"   
[149] "N989|dum_X2|135105185|135106998|+|1813"   
[150] "N989|dum_X2|135261830|135263637|+|1807"   
[151] "N989|dum_3|32440833|32442452|+|1619"      
[152] "N989|dum_2|102063264|102065007|+|1743"    
[153] "N989|ten_2|107225620|107227282|+|1662"    
[154] "N989|ten_10|124431544|124433295|+|1751"   
[155] "N989|dum_X1|230928084|230929837|+|1753"   
[156] "N989|dum_4|144013515|144015285|+|1770"    
[157] "_R_N989|ten_4|89946307|89948080|+|1773"   
[158] "_R_N989|dum_5|102114589|102116336|+|1747" 
[159] "N989|ten_5|130044380|130046137|+|1757"    
[160] "_R_N989|dum_2|159689162|159690925|+|1763" 
[161] "_R_N989|ten_2|161153430|161155196|+|1766" 
[162] "_R_N989|ten_10|94587496|94589285|+|1789"  
[163] "N989|dum_8|19030645|19032175|+|1530"      
[164] "N989|dum_8|146640786|146642243|+|1457"    
[165] "N989|ten_7|187922685|187924383|+|1698"    
[166] "_R_N989|dum_11|84725434|84727231|+|1797"  
[167] "_R_N989|dum_11|84911872|84913669|+|1797"  
[168] "N989|dum_4|84212014|84213808|+|1794"      
[169] "_R_N989|dum_11|48838173|48839964|+|1791"  
[170] "_R_N989|dum_11|52157605|52159380|+|1775"  
[171] "N989|dum_11|48375396|48377147|+|1751"     
[172] "_R_N989|dum_2|182945705|182947499|+|1794" 
[173] "_R_N989|ten_1|119901491|119903281|+|1790" 
[174] "N989|ten_X1|20824636|20826432|+|1796"     
[175] "_R_N989|dum_5|8679700|8681488|+|1788"     
[176] "N989|dum_4|74184902|74186684|+|1782"      
[177] "N989|dum_11|45446706|45448494|+|1788"     
[178] "N989|dum_11|45574867|45576655|+|1788"     
[179] "N989|dum_1|101060236|101061922|+|1686"    
[180] "N989|dum_1|107818285|107820061|+|1776"    
[181] "N989|dum_11|112543523|112545312|+|1789"   
[182] "N989|dum_11|94928999|94930786|+|1787"     
[183] "_R_N989|dum_11|94882097|94883867|+|1770"  
[184] "_R_N989|dum_11|112394163|112395935|+|1772"
[185] "_R_N989|dum_X1|135094159|135095876|+|1717"
[186] "N989|ten_X1|120358251|120359941|+|1690"   
[187] "_R_N989|ten_3|196400038|196401826|+|1788" 
[188] "_R_N989|dum_5|207242645|207244317|+|1672" 
[189] "N989|ten_2|111149833|111151548|+|1715"    
[190] "_R_N989|dum_10|63139284|63141033|+|1749"  
[191] "_R_N989|dum_3|203017427|203019206|+|1779" 
[192] "N989|dum_1|238389680|238391482|+|1802"    
[193] "_R_N989|dum_10|151087754|151089562|+|1808"
[194] "N989|dum_X2|131672574|131674296|+|1722"   
[195] "N989|dum_11|12716132|12717950|+|1818"     
[196] "_R_N989|ten_4|125590327|125592144|+|1817" 
[197] "N989|ten_11|98457581|98459403|+|1822"     
[198] "N989|ten_11|98606412|98608232|+|1820"     
[199] "N989|dum_5|8191189|8193004|+|1815"        
[200] "_R_N989|dum_4|256813644|256815469|+|1825" 
[201] "_R_N989|dum_11|7178748|7180555|+|1807"    
[202] "N989|dum_X1|134263400|134264787|+|1387"   
[203] "N989|dum_11|164401333|164403078|+|1745"   
[204] "_R_N989|dum_1|149702987|149704477|+|1490" 
[205] "N989|dum_4|130100393|130102070|+|1677"    
[206] "N989|dum_2|119784188|119785916|+|1728"    
[207] "_R_N989|dum_8|130031684|130033494|+|1810" 
[208] "_R_N989|ten_8|120187183|120188984|+|1801" 
[209] "_R_N989|dum_12|43378348|43380133|+|1785"  
[210] "_R_N989|dum_1|221482028|221483620|+|1592" 
[211] "_R_N989|dum_2|227207378|227209106|+|1728" 
[212] "_R_N989|ten_10|87653702|87655170|+|1468"  
[213] "N989|ten_10|87698796|87700261|+|1465"     
[214] "N989|dum_10|93779274|93780747|+|1473"     
[215] "_R_N989|dum_2|211989307|211990983|+|1676" 
[216] "_R_N989|dum_2|213143545|213145221|+|1676" 
[217] "_R_N989|dum_2|210843186|210844858|+|1672" 
[218] "N989|dum_10|135510491|135512269|+|1778"   
[219] "N989|dum_5|1289647|1291421|+|1774"        
[220] "N989|dum_10|24586242|24588029|+|1787"     
[221] "N989|dum_10|89589013|89590794|+|1781"     
[222] "N989|dum_10|135217855|135219631|+|1776"   
[223] "_R_N989|dum_10|176763214|176764986|+|1772"
[224] "N989|dum_8|46928595|46930371|+|1776"      
[225] "N989|dum_8|47322835|47324608|+|1773"      
[226] "N989|dum_5|494634|496405|+|1771"          
[227] "_R_N989|dum_2|210011094|210012862|+|1768" 
[228] "_R_N989|dum_10|64497816|64499586|+|1770"  
[229] "_R_N989|dum_10|65094320|65096090|+|1770"  
[230] "N989|dum_10|89795602|89797380|+|1778"     
[231] "N989|dum_5|146794625|146796391|+|1766"    
[232] "N989|dum_5|1582778|1584543|+|1765"        
[233] "_R_N989|dum_8|55564516|55566289|+|1773"   
[234] "_R_N989|dum_10|64736042|64737818|+|1776"  
[235] "_R_N989|dum_2|210374137|210375910|+|1773" 
[236] "N989|dum_10|167272829|167274602|+|1773"   
[237] "N989|dum_8|138271985|138273757|+|1772"    
[238] "_R_N989|dum_8|54795939|54797713|+|1774"   
[239] "_R_N989|dum_8|55293347|55295123|+|1776"   
[240] "N989|dum_10|90367183|90368955|+|1772"     
[241] "_R_N989|dum_10|166323361|166325138|+|1777"
[242] "_R_N989|dum_10|22092043|22093835|+|1792"  
[243] "N989|dum_10|24761709|24763497|+|1788"     
[244] "N989|dum_5|998992|1000771|+|1779"         
[245] "N989|dum_5|144881677|144883458|+|1781"    
[246] "_R_N989|dum_2|211752015|211753797|+|1782" 
[247] "_R_N989|dum_2|212906253|212908035|+|1782" 
[248] "N989|dum_5|145704608|145706384|+|1776"    
[249] "_R_N989|dum_3|59533843|59535611|+|1768"   
[250] "N989|dum_11|168425618|168427393|+|1775"   
[251] "_R_N989|dum_5|122423597|122425374|+|1777" 
[252] "_R_N989|dum_3|59118220|59119995|+|1775"   
[253] "N989|dum_6|38648063|38649832|+|1769"      
[254] "N989|dum_6|39001346|39003118|+|1772"      
[255] "_R_N989|dum_1|230280905|230282661|+|1756" 
[256] "_R_N989|dum_1|231605105|231606862|+|1757" 
[257] "N989|dum_3|35184687|35186453|+|1766"      
[258] "_R_N989|dum_3|26597014|26598783|+|1769"   
[259] "N989|dum_9|681803|683573|+|1770"          
[260] "N989|dum_8|137927743|137929509|+|1766"    
[261] "_R_N989|dum_3|60143277|60145046|+|1769"   
[262] "_R_N989|dum_10|130212829|130214615|+|1786"
[263] "N989|dum_5|122744|124522|+|1778"          
[264] "_R_N989|dum_9|167107365|167109148|+|1783" 
[265] "_R_N989|dum_9|119618928|119620697|+|1769" 
[266] "N989|dum_7|57953656|57955428|+|1772"      
[267] "N989|dum_7|59430017|59431789|+|1772"      
[268] "N989|dum_7|59638574|59640343|+|1769"      
[269] "N989|dum_5|67587442|67589213|+|1771"      
[270] "_R_N989|dum_2|211110040|211111822|+|1782" 
[271] "_R_N989|dum_2|212264278|212266060|+|1782" 
[272] "_R_N989|dum_2|211456025|211457808|+|1783" 
[273] "_R_N989|dum_2|212610263|212612046|+|1783" 
[274] "_R_N989|dum_2|208648702|208650478|+|1776" 
[275] "N989|dum_1|238308163|238309936|+|1773"    
[276] "N989|dum_10|129138171|129139949|+|1778"   
[277] "N989|dum_2|87004944|87006641|+|1697"      
[278] "_R_N989|dum_X1|45880877|45882253|+|1376"  
[279] "N989|dum_8|111190786|111192567|+|1781"    
[280] "_R_N989|dum_9|109059941|109061652|+|1711" 
[281] "_R_N989|dum_3|147880600|147882374|+|1774" 
[282] "N989|dum_3|148086618|148088389|+|1771"    
[283] "N989|dum_3|148615925|148617695|+|1770"    
[284] "N989|ten_9|70591131|70592770|+|1639"      
[285] "N989|ten_9|70911140|70912780|+|1640"      
[286] "N989|dum_X1|82726366|82728025|+|1659"     
[287] "_R_N989|ten_6|160450253|160451975|+|1722" 
[288] "N989|ten_4|32217819|32219203|+|1384"      
[289] "N989|ten_4|32287075|32288459|+|1384"      
[290] "N989|ten_4|32357812|32359196|+|1384"      
[291] "N989|ten_4|32148409|32149920|+|1511"      
[292] "N989|ten_11|110614739|110616491|+|1752"   
[293] "_R_N989|dum_1|131021516|131023276|+|1760" 
[294] "N989|ten_1|134414706|134416478|+|1772"    
[295] "N989|dum_6|145155280|145157051|+|1771"    
[296] "N989|dum_X2|169692365|169694126|+|1761"   
[297] "N989|ten_X2|111884257|111886018|+|1761"   
[298] "N989|dum_2|118201489|118202921|+|1432"    
[299] "_R_N989|dum_4|204399167|204400970|+|1803" 
[300] "N989|ten_4|37060437|37062152|+|1715"      
[301] "_R_N989|ten_7|141095166|141096819|+|1653" 
[302] "_R_N989|ten_7|141102508|141104161|+|1653" 
[303] "_R_N989|ten_11|70910150|70911970|+|1820"  
[304] "_R_N989|dum_2|260748251|260750051|+|1800" 
[305] "_R_N989|dum_2|110919723|110921516|+|1793" 
[306] "_R_N989|ten_2|115516082|115517884|+|1802" 
[307] "N989|dum_3|177225352|177227031|+|1679"    
[308] "N989|ten_3|169595902|169597589|+|1687"    
[309] "N989|dum_8|104844219|104845616|+|1397"    
[310] "N989|dum_11|54667120|54668719|+|1599"     
[311] "N989|ten_11|105715758|105717348|+|1590"   
[312] "N989|ten_8|19930503|19932190|+|1687"      
[313] "N989|ten_1|149958102|149959723|+|1621"    
[314] "_R_N989|ten_X2|119063675|119065187|+|1512"
[315] "N989|ten_2|81710297|81711716|+|1419"      
[316] "N989|ten_8|89109523|89110901|+|1378"      
[317] "_R_N989|dum_10|146204399|146206196|+|1797"
[318] "_R_N989|dum_3|165019296|165021092|+|1796" 
[319] "N989|dum_X2|146754609|146756393|+|1784"   
[320] "N989|ten_X2|68473133|68474903|+|1770"     
[321] "_R_N989|dum_11|65852934|65854699|+|1765"  
[322] "_R_N989|ten_11|111883072|111884854|+|1782"
[323] "N989|dum_1|152464272|152466053|+|1781"    
[324] "_R_N989|ten_1|125960254|125962042|+|1788" 
[325] "N989|dum_2|90079081|90080611|+|1530"      
[326] "_R_N989|dum_4|83001145|83002948|+|1803"   
[327] "_R_N989|ten_11|13179086|13180539|+|1453"  
[328] "N989|ten_2|21396281|21397737|+|1456"      
[329] "N989|ten_6|181767759|181769205|+|1446"    
[330] "_R_N989|dum_2|208296403|208298164|+|1761" 
[331] "N989|ten_8|104300887|104302338|+|1451"    
[332] "_R_N989|dum_8|113937470|113938786|+|1316" 
[333] "N989|dum_2|101214009|101215363|+|1354"    
[334] "_R_N989|ten_2|106353224|106354575|+|1351" 
[335] "_R_N989|ten_5|88245689|88247112|+|1423"   
[336] "_R_N989|dum_2|108898790|108900567|+|1777" 
[337] "N989|ten_1|159688487|159690165|+|1678"    
[338] "_R_N989|dum_11|55858183|55859838|+|1655"  
[339] "_R_N989|ten_10|175965740|175967508|+|1768"
[340] "_R_N989|dum_3|265417153|265418861|+|1708" 
[341] "_R_N989|ten_3|266895648|266897355|+|1707" 
[342] "_R_N989|dum_X1|86560353|86562129|+|1776"  
[343] "_R_N989|ten_11|106984101|106985611|+|1510"
[344] "N989|dum_X1|188975601|188977314|+|1713"   
[345] "N989|dum_8|374969|376729|+|1760"          
[346] "N989|dum_8|748764|750566|+|1802"          
[347] "_R_N989|ten_8|45603818|45605595|+|1777"   
[348] "N989|dum_8|129821011|129822772|+|1761"    
[349] "N989|dum_12|122429675|122431044|+|1369"   
[350] "N989|dum_1|150808114|150809550|+|1436"    
[351] "_R_N989|dum_1|225570830|225572581|+|1751" 
[352] "N989|dum_2|145407731|145409461|+|1730"    
[353] "_R_N989|ten_4|155048113|155049704|+|1591" 
[354] "N989|ten_4|107773856|107775608|+|1752"    
[355] "N989|dum_3|156785330|156786815|+|1485"    
[356] "_R_N989|dum_4|154195295|154197037|+|1742" 
[357] "N989|ten_4|79312776|79314518|+|1742"      
[358] "N989|dum_5|105585250|105587017|+|1767"    
[359] "_R_N989|ten_5|127078583|127080355|+|1772" 
[360] "_R_N989|dum_11|90739418|90741186|+|1768"  
[361] "N989|dum_9|108859354|108861101|+|1747"    
[362] "_R_N989|ten_2|192700990|192702459|+|1469" 
[363] "_R_N989|dum_X2|174843301|174845022|+|1721"
[364] "_R_N989|dum_12|122948552|122950198|+|1646"
[365] "N989|dum_10|159451932|159453691|+|1759"   
[366] "N989|dum_7|47866347|47868108|+|1761"      
[367] "_R_N989|ten_11|111936263|111938032|+|1769"
[368] "_R_N989|dum_11|7633454|7635113|+|1659"    
[369] "N989|dum_10|93759442|93761141|+|1699"     
[370] "_R_N989|dum_4|91137130|91138799|+|1669"   
[371] "N989|ten_1|139608303|139609899|+|1596"    
[372] "N989|ten_3|142379385|142381051|+|1666"    
[373] "_R_N989|dum_7|74878397|74879737|+|1340"   
[374] "_R_N989|dum_11|68045504|68046859|+|1355"  
[375] "N989|dum_2|118301207|118302991|+|1784"    
[376] "_R_N989|ten_1|127912169|127913734|+|1565" 
[377] "_R_N989|dum_X1|215988649|215990020|+|1371"
[378] "_R_N989|dum_1|132835838|132837516|+|1678" 
[379] "_R_N989|ten_1|137138407|137139912|+|1505" 
[380] "_R_N989|dum_5|134750733|134752411|+|1678" 
[381] "_R_N989|dum_5|130471002|130472776|+|1774" 
[382] "_R_N989|dum_X2|83896071|83897844|+|1773"  
[383] "_R_N989|dum_X2|84069337|84071073|+|1736"  
[384] "_R_N989|dum_6|122326598|122328358|+|1760" 
[385] "_R_N989|dum_3|149988314|149990063|+|1749" 
[386] "_R_N989|ten_6|169999138|170000897|+|1759" 
[387] "_R_N989|ten_4|76854545|76856268|+|1723"   
[388] "_R_N989|ten_3|229486048|229487803|+|1755" 
[389] "N989|dum_1|135976554|135978275|+|1721"    
[390] "N989|dum_11|51174377|51176057|+|1680"     
[391] "N989|ten_5|67588205|67589617|+|1412"      
[392] "_R_N989|dum_7|101653426|101654764|+|1338" 
[393] "_R_N989|dum_5|194438323|194440037|+|1714" 
[394] "N989|ten_5|45763382|45765109|+|1727"      
[395] "N989|dum_7|41460768|41462399|+|1631"      
[396] "N989|dum_9|44929017|44930734|+|1717"      
[397] "N989|dum_3|207790192|207791961|+|1769"    
[398] "N989|ten_3|200110693|200112416|+|1723"    
[399] "_R_N989|ten_1|133278609|133280375|+|1766" 
[400] "N989|dum_4|119797202|119798964|+|1762"    
[401] "N989|dum_X1|225669120|225670873|+|1753"   
[402] "_R_N989|dum_2|114831013|114832770|+|1757" 
[403] "_R_N989|dum_2|63652484|63654109|+|1625"   
[404] "_R_N989|dum_1|149763149|149764613|+|1464" 
[405] "N989|ten_10|127132850|127134314|+|1464"   
[406] "N989|dum_11|21007558|21009254|+|1696"     
[407] "N989|ten_11|3569284|3570999|+|1715"       
[408] "N989|dum_X2|5137791|5139512|+|1721"       
[409] "N989|ten_X2|3975037|3976759|+|1722"       
[410] "N989|dum_5|171644824|171646512|+|1688"    
[411] "_R_N989|ten_5|68431064|68432799|+|1735"   
[412] "N989|dum_3|157476849|157478458|+|1609"    
[413] "N989|dum_11|65595341|65596949|+|1608"     
[414] "N989|dum_3|175944879|175946583|+|1704"    
[415] "_R_N989|ten_9|69807904|69809640|+|1736"   
[416] "N989|ten_2|99057571|99059175|+|1604"      
[417] "N989|dum_1|134589811|134591550|+|1739"    
[418] "N989|ten_4|207138192|207139905|+|1713"    
[419] "N989|dum_2|16986405|16988141|+|1736"      
[420] "_R_N989|ten_4|173373235|173374975|+|1740" 
[421] "N989|dum_1|137982755|137984490|+|1735"    
[422] "N989|dum_10|25393942|25395578|+|1636"     
[423] "_R_N989|ten_9|77102932|77104619|+|1687"   
[424] "N989|dum_X2|57341498|57343138|+|1640"     
[425] "_R_N989|ten_2|170528597|170530334|+|1737" 
[426] "_R_N989|dum_3|32399042|32400819|+|1777"   
[427] "N989|dum_12|122398275|122400014|+|1739"   
[428] "N989|ten_1|147806394|147808143|+|1749"    
[429] "N989|dum_2|114841258|114842615|+|1357"    
[430] "_R_N989|dum_2|151873834|151875575|+|1741" 
[431] "N989|ten_6|151066799|151068537|+|1738"    
[432] "_R_N989|dum_1|75606378|75608144|+|1766"   
[433] "_R_N989|ten_1|73782017|73783782|+|1765"   
[434] "N989|dum_4|107153491|107155225|+|1734"    
[435] "_R_N989|dum_4|73454390|73456185|+|1795"   
[436] "N989|ten_5|129330187|129331950|+|1763"    
[437] "N989|dum_10|145126216|145127734|+|1518"   
[438] "N989|dum_8|5718807|5720302|+|1495"        
[439] "N989|dum_X2|71209036|71210524|+|1488"     
[440] "_R_N989|ten_X2|149363593|149365108|+|1515"
[441] "_R_N989|dum_11|52724642|52726318|+|1676"  
[442] "N989|ten_11|104152997|104154663|+|1666"   
[443] "N989|ten_7|108083222|108084992|+|1770"    
[444] "_R_N989|dum_7|93398208|93399972|+|1764"   
[445] "_R_N989|dum_4|110412726|110414427|+|1701" 
[446] "N989|ten_4|121938465|121940184|+|1719"    
[447] "_R_N989|ten_11|108750764|108752252|+|1488"
[448] "N989|ten_11|109027276|109028764|+|1488"   
[449] "N989|dum_11|47858547|47860031|+|1484"     
[450] "N989|dum_11|47682125|47683597|+|1472"     
[451] "_R_N989|ten_11|108269842|108271321|+|1479"
[452] "_R_N989|dum_2|88771931|88773696|+|1765"   
[453] "N989|ten_2|91710723|91712477|+|1754"      
[454] "_R_N989|dum_4|89188253|89190020|+|1767"   
[455] "N989|dum_3|171078623|171080390|+|1767"    
[456] "N989|ten_3|163934419|163936181|+|1762"    
[457] "_R_N989|dum_2|91127429|91129118|+|1689"   
[458] "_R_N989|ten_2|95994057|95995833|+|1776"   
[459] "N989|dum_4|90118247|90119994|+|1747"      
[460] "_R_N989|ten_11|10142141|10143498|+|1357"  
[461] "N989|ten_11|46398719|46400076|+|1357"     
[462] "N989|ten_11|46549412|46550769|+|1357"     
[463] "N989|dum_1|102171618|102173331|+|1713"    
[464] "_R_N989|ten_X2|70141909|70143674|+|1765"  
[465] "N989|dum_1|118739550|118741310|+|1760"    
[466] "N989|ten_1|113373267|113375013|+|1746"    
[467] "N989|dum_1|216442421|216444168|+|1747"    
[468] "N989|dum_X2|96805995|96807754|+|1759"     
[469] "_R_N989|ten_X2|123934240|123936000|+|1760"
[470] "N989|ten_1|213261360|213262904|+|1544"    
[471] "N989|dum_2|116181159|116182892|+|1733"    
[472] "_R_N989|ten_7|136463027|136464779|+|1752" 
[473] "_R_N989|ten_7|140191179|140192927|+|1748" 
[474] "_R_N989|dum_6|67334747|67336211|+|1464"   
[475] "N989|ten_8|14961946|14963725|+|1779"      
[476] "_R_N989|dum_6|165869764|165871450|+|1686" 
[477] "_R_N989|dum_6|196903295|196905074|+|1779" 
[478] "N989|dum_8|17010300|17012081|+|1781"      
[479] "N989|ten_2|161187472|161188926|+|1454"    
[480] "N989|dum_3|107118516|107119897|+|1381"    
[481] "_R_N989|dum_10|143520485|143522257|+|1772"
[482] "N989|dum_3|111817942|111819416|+|1474"    
[483] "_R_N989|ten_X2|112151533|112152978|+|1445"
[484] "N989|ten_11|124050|125493|+|1443"         
[485] "N989|ten_2|273183485|273184928|+|1443"    
[486] "N989|dum_1|257907450|257909164|+|1714"    
[487] "_R_N989|dum_9|114243538|114245265|+|1727" 
[488] "_R_N989|dum_2|142115756|142117485|+|1729" 
[489] "N989|dum_X2|29517151|29518856|+|1705"     
[490] "N989|dum_12|81487970|81489660|+|1690"     
[491] "N989|ten_12|87476510|87478186|+|1676"     
[492] "N989|dum_5|14362332|14363966|+|1634"      
[493] "_R_N989|dum_7|106862064|106863667|+|1603" 
[494] "_R_N989|dum_1|159004204|159005724|+|1520" 
[495] "N989|ten_1|203479145|203480473|+|1328"    
[496] "_R_N989|dum_10|95833943|95835617|+|1674"  
[497] "_R_N989|ten_10|89740846|89742495|+|1649"  
[498] "_R_N989|dum_1|226390126|226391862|+|1736" 
[499] "N989|ten_1|227076864|227078599|+|1735"    
[500] "_R_N989|ten_1|119438550|119440324|+|1774" 
[501] "_R_N989|dum_1|103708583|103710335|+|1752" 
[502] "_R_N989|dum_9|108139889|108141666|+|1777" 
[503] "_R_N989|dum_4|59561518|59563140|+|1622"   
[504] "N989|ten_4|170893549|170895168|+|1619"    
[505] "_R_N989|ten_3|195504862|195506658|+|1796" 
[506] "_R_N989|sar_X2|76767887|76769322|+|1435"  
[507] "_R_N989|dum_4|61299963|61301284|+|1321"   
[508] "N989|ten_4|169033952|169035291|+|1339"    
[509] "_R_N989|dum_3|274178108|274179696|+|1588" 
[510] "_R_N989|ten_3|275627737|275629322|+|1585" 
[511] "N989|bic_10|48454287|48455837|+|1550"     
[512] "_R_N989|bic_8|135834412|135835962|+|1550" 
[513] "N989|bic_2|74532836|74534383|+|1547"      
[514] "N989|bic_9|50206484|50208037|+|1553"      
[515] "_R_N989|bic_3|29624112|29625661|+|1549"   
[516] "_R_N989|bic_3|57510168|57511717|+|1549"   
[517] "_R_N989|bic_7|50181626|50183164|+|1538"   
[518] "N989|bic_4|34553569|34555000|+|1431"      
[519] "N989|bic_11|128493083|128494503|+|1420"   
[520] "N989|sar_13|188335976|188337358|+|1382"   
[521] "_R_N989|bic_14|122841805|122843324|+|1519"
[522] "N989|bic_4|73338539|73340102|+|1563"      
[523] "N989|sar_4|76970873|76972456|+|1583"      
[524] "_R_N989|bic_X2|182984268|182985865|+|1597"
[525] "N989|sar_X2|205491599|205492915|+|1316"   
[526] "N989|dum_X1|224392992|224394555|+|1563"   
[527] "N989|ten_X1|200928466|200930130|+|1664"   
[528] "_R_N989|sar_6|37600361|37601914|+|1553"   
[529] "_R_N989|ten_3|265580778|265582377|+|1599" 
[530] "_R_N989|dum_7|96272625|96274218|+|1593"   
[531] "N989|ten_7|105404370|105405959|+|1589"    
[532] "N989|dum_X2|73264623|73266192|+|1569"     
[533] "N989|bic_10|62454713|62456006|+|1293"     
[534] "N989|sar_10|195586996|195588528|+|1532"   
[535] "N989|bic_4|133824556|133826121|+|1565"    
[536] "_R_N989|sar_4|34450534|34452105|+|1571"   
[537] "_R_N989|bic_X1|101993519|101994864|+|1345"
[538] "_R_N989|bic_X1|102034452|102035798|+|1346"
[539] "_R_N989|sar_X1|103379152|103380738|+|1586"
[540] "_R_N989|bic_2|28536480|28537965|+|1485"   
[541] "N989|sar_8|115495105|115496687|+|1582"    
[542] "N989|bic_10|90513973|90515420|+|1447"     
[543] "N989|sar_X1|130766668|130768132|+|1464"   
[544] "_R_N989|dum_9|169494093|169495426|+|1333" 
[545] "_R_N989|ten_9|7085644|7086990|+|1346"     
[546] "N989|bic_2|36181211|36182748|+|1537"      
[547] "_R_N989|sar_2|38856956|38858485|+|1529"   
[548] "_R_N989|sar_3|222004109|222005660|+|1551" 
[549] "N989|sar_2|47111149|47112665|+|1516"      
[550] "_R_N989|bic_9|20741202|20742701|+|1499"   
[551] "N989|sar_9|237158942|237160432|+|1490"    
[552] "_R_N989|bic_11|128503749|128505352|+|1603"
[553] "N989|sar_11|87198930|87200619|+|1689"     
[554] "N989|bic_X2|193491938|193493601|+|1663"   
[555] "_R_N989|sar_X2|194985405|194987075|+|1670"
[556] "N989|bic_13|80384774|80386336|+|1562"     
[557] "_R_N989|sar_13|103132573|103134110|+|1537"
[558] "_R_N989|bic_9|132743270|132744834|+|1564" 
[559] "_R_N989|sar_9|31693580|31695130|+|1550"   
[560] "_R_N989|sar_X1|203604625|203605948|+|1323"
[561] "_R_N989|sar_X1|203610847|203612170|+|1323"
[562] "_R_N989|sar_X1|203598395|203599719|+|1324"
[563] "_R_N989|bic_6|78527791|78529329|+|1538"   
[564] "N989|sar_14|39513549|39515024|+|1475"     
[565] "_R_N989|dum_5|171569149|171570724|+|1575" 
[566] "_R_N989|ten_5|68570021|68571600|+|1579"   
[567] "N989|dum_1|157334995|157336544|+|1549"    
[568] "N989|dum_2|83181006|83182572|+|1566"      
[569] "N989|ten_2|88054858|88056424|+|1566"      
[570] "_R_N989|dum_11|165267998|165269355|+|1357"
[571] "N989|dum_5|125185932|125187485|+|1553"    
[572] "_R_N989|ten_5|108918375|108919931|+|1556" 
[573] "N989|dum_X2|63111818|63113327|+|1509"     
[574] "_R_N989|ten_X2|156462211|156463744|+|1533"
[575] "_R_N989|sar_13|104357144|104358530|+|1386"
[576] "N989|bic_8|48797863|48799428|+|1565"      
[577] "_R_N989|sar_8|182654466|182656033|+|1567" 
[578] "_R_N989|dum_5|52084865|52086495|+|1630"   
[579] "N989|ten_5|174335547|174337186|+|1639"    
[580] "_R_N989|dum_X1|111025431|111026860|+|1429"
[581] "N989|bic_X2|92573015|92574595|+|1580"     
[582] "N989|mim_11|16753413|16755022|+|1609"     
[583] "_R_N989|mim_6|28502683|28504206|+|1523"   
[584] "_R_N989|mim_8|143858318|143859906|+|1588" 
[585] "_R_N989|bic_12|150520494|150522099|+|1605"
[586] "N989|sar_12|31910026|31911630|+|1604"     
[587] "_R_N989|bic_X1|7061878|7063406|+|1528"    
[588] "N989|mim_6|38359614|38361256|+|1642"      
[589] "N989|mim_X2|173379061|173380634|+|1573"   
[590] "_R_N989|mim_10|105099583|105100883|+|1300"
[591] "N989|mim_11|139949880|139951458|+|1578"   
[592] "_R_N989|mim_7|85485059|85486593|+|1534"   
[593] "_R_N989|mim_4|8528655|8530351|+|1696"     
[594] "N989|mim_7|230326099|230327400|+|1301"    
[595] "N989|mim_2|77699348|77700624|+|1276"      
[596] "N989|mim_X2|12527915|12529324|+|1409"     
[597] "N989|bic_7|144130422|144131789|+|1367"    
[598] "_R_N989|bic_11|145255776|145257336|+|1560"
[599] "N989|bic_8|115669869|115671331|+|1462"    
[600] "N989|dum_11|88854837|88856594|+|1757"     
[601] "_R_N989|ten_11|79562074|79563550|+|1476"  
[602] "_R_N989|dum_4|43093807|43095224|+|1417"   
[603] "N989|dum_3|109958959|109960660|+|1701"    
[604] "N989|ten_3|105029368|105031113|+|1745"    
[605] "N989|dum_9|89510055|89511595|+|1540"      
[606] "N989|ten_9|86983033|86984575|+|1542"      
[607] "N989|bic_X1|197560160|197561577|+|1417"   
[608] "N989|sar_X1|203409430|203410848|+|1418"   
[609] "N989|bic_3|206377439|206379009|+|1570"    
[610] "N989|bic_2|74596129|74597714|+|1585"      
[611] "_R_N989|sar_2|254132057|254133647|+|1590" 
[612] "N989|sar_1|75206923|75208428|+|1505"      
[613] "N989|sar_X2|129348235|129349649|+|1414"   
[614] "_R_N989|sar_6|35814473|35815902|+|1429"   
[615] "N989|sar_13|145199908|145201275|+|1367"   
[616] "_R_N989|bic_X1|177024884|177026361|+|1477"
[617] "_R_N989|sar_11|176327090|176328672|+|1582"
[618] "_R_N989|bic_X2|171260508|171262007|+|1499"
[619] "N989|sar_X2|216686504|216688100|+|1596"   
[620] "N989|bic_11|125344129|125345483|+|1354"   
[621] "_R_N989|sar_11|89802038|89803391|+|1353"  
[622] "_R_N989|bic_12|88849596|88851193|+|1597"  
[623] "N989|bic_7|32281802|32283411|+|1609"      
[624] "N989|bic_10|84984711|84986042|+|1331"     
[625] "_R_N989|bic_7|119843188|119844639|+|1451" 
[626] "N989|bic_X2|27402937|27404356|+|1419"     
[627] "_R_N989|bic_11|126956185|126957905|+|1720"
[628] "_R_N989|sar_13|57502864|57504458|+|1594"  
[629] "N989|sar_2|252074662|252076255|+|1593"    
[630] "_R_N989|sar_4|110303533|110305131|+|1598" 
[631] "N989|sar_1|153198246|153199843|+|1597"    
[632] "_R_N989|sar_7|10916872|10918465|+|1593"   
[633] "N989|sar_13|147944763|147946361|+|1598"   
[634] "N989|sar_9|12364904|12366502|+|1598"      
[635] "N989|sar_1|97157073|97158675|+|1602"      
[636] "_R_N989|sar_8|195077651|195079249|+|1598" 
[637] "_R_N989|sar_X1|119014465|119016046|+|1581"
[638] "_R_N989|sar_2|88202608|88204211|+|1603"   
[639] "_R_N989|sar_4|151017532|151019143|+|1611" 
[640] "_R_N989|sar_9|57776347|57777953|+|1606"   
[641] "_R_N989|sar_2|161680938|161682539|+|1601" 
[642] "N989|sar_9|95607627|95609243|+|1616"      
[643] "N989|sar_X1|58018572|58020179|+|1607"     
[644] "N989|sar_14|99298993|99300587|+|1594"     
[645] "_R_N989|sar_X2|81859408|81860999|+|1591"  
[646] "_R_N989|sar_10|109157265|109158857|+|1592"
[647] "_R_N989|sar_8|138746665|138748255|+|1590" 
[648] "N989|sar_12|8619733|8621332|+|1599"       
[649] "_R_N989|sar_5|118887742|118889340|+|1598" 
[650] "_R_N989|sar_2|128041158|128042757|+|1599" 
[651] "N989|sar_2|27325663|27327262|+|1599"      
[652] "N989|sar_5|142313427|142315019|+|1592"    
[653] "N989|sar_1|127628864|127630440|+|1576"    
[654] "N989|sar_5|168720008|168721563|+|1555"    
[655] "_R_N989|sar_X2|97037922|97039506|+|1584"  
[656] "_R_N989|sar_1|167784199|167785761|+|1562" 
[657] "N989|sar_10|83885075|83886603|+|1528"     
[658] "N989|sar_4|109890323|109891831|+|1508"    
[659] "N989|sar_7|20358542|20360146|+|1604"      
[660] "_R_N989|sar_8|121325134|121326741|+|1607" 
[661] "_R_N989|sar_4|124232812|124234347|+|1535" 
[662] "_R_N989|sar_13|128568006|128569509|+|1503"
[663] "_R_N989|sar_7|63369840|63371439|+|1599"   
[664] "_R_N989|sar_12|131136528|131138133|+|1605"
[665] "N989|sar_2|155658848|155660449|+|1601"    
[666] "N989|sar_11|223075111|223076711|+|1600"   
[667] "N989|sar_9|174278081|174279683|+|1602"    
[668] "N989|sar_X1|240095159|240096747|+|1588"   
[669] "_R_N989|sar_X1|238570266|238571767|+|1501"
[670] "_R_N989|sar_2|69430351|69431953|+|1602"   
[671] "N989|sar_2|79871864|79873468|+|1604"      
[672] "_R_N989|sar_2|65303887|65305481|+|1594"   
[673] "N989|sar_2|83072016|83073504|+|1488"      
[674] "_R_N989|sar_4|125720362|125721974|+|1612" 
[675] "_R_N989|sar_X2|86461626|86463051|+|1425"  
[676] "_R_N989|sar_12|897942|899547|+|1605"      
[677] "N989|sar_9|216900902|216902493|+|1591"    
[678] "_R_N989|sar_12|137871379|137872843|+|1464"
[679] "_R_N989|sar_X2|140715935|140717515|+|1580"
[680] "N989|sar_10|27358611|27360211|+|1600"     
[681] "_R_N989|sar_X2|82722331|82723932|+|1601"  
[682] "N989|sar_1|151246649|151248215|+|1566"    
[683] "N989|sar_2|27490036|27491639|+|1603"      
[684] "_R_N989|sar_2|27586246|27587849|+|1603"   
[685] "N989|sar_2|27584800|27586236|+|1436"      
[686] "_R_N989|sar_X2|168587462|168589068|+|1606"
[687] "_R_N989|sar_X2|166123587|166125196|+|1609"
[688] "_R_N989|sar_X2|165604212|165605812|+|1600"
[689] "N989|sar_X2|165123741|165125353|+|1612"   
[690] "N989|sar_X2|167770031|167771645|+|1614"   
[691] "N989|sar_X2|151680254|151681616|+|1362"   
[692] "N989|bic_3|172263403|172264998|+|1595"    
[693] "N989|sar_2|235824119|235825573|+|1454"    
[694] "_R_N989|bic_2|18471736|18473336|+|1600"   
[695] "_R_N989|bic_3|136990920|136992506|+|1586" 
[696] "_R_N989|bic_10|50136351|50137806|+|1455"  
[697] "N989|bic_4|86399667|86401288|+|1621"      
[698] "N989|bic_2|166281817|166283412|+|1595"    
[699] "_R_N989|bic_11|126849265|126850854|+|1589"
[700] "N989|bic_7|126223876|126225209|+|1333"    
[701] "_R_N989|bic_2|174832871|174834460|+|1589" 
[702] "_R_N989|bic_9|213817479|213818944|+|1465" 
[703] "N989|bic_X2|53322775|53324249|+|1474"     
[704] "_R_N989|bic_10|65556797|65558259|+|1462"  
[705] "_R_N989|bic_5|33648863|33650274|+|1411"   
[706] "_R_N989|bic_4|30275527|30276890|+|1363"   
[707] "N989|bic_X1|69124394|69125990|+|1596"     
[708] "_R_N989|bic_5|91491889|91493499|+|1610"   
[709] "_R_N989|bic_X2|133683877|133685481|+|1604"
[710] "N989|bic_11|123482759|123484353|+|1594"   
[711] "N989|bic_11|170372464|170374041|+|1577"   
[712] "N989|bic_2|71679758|71681262|+|1504"      
[713] "N989|bic_8|24823909|24825491|+|1582"      
[714] "_R_N989|bic_6|16489721|16491319|+|1598"   
[715] "N989|sar_2|53545335|53546917|+|1582"      
[716] "_R_N989|bic_8|150614123|150615710|+|1587" 
[717] "N989|bic_2|27192370|27193947|+|1577"      
[718] "_R_N989|bic_X2|52509865|52511449|+|1584"  
[719] "N989|sar_11|108192637|108194213|+|1576"   
[720] "_R_N989|bic_5|13188088|13189612|+|1524"   
[721] "_R_N989|bic_2|78081435|78083012|+|1577"   
[722] "_R_N989|bic_13|128191501|128193079|+|1578"
[723] "N989|bic_2|99672586|99674168|+|1582"      
[724] "_R_N989|bic_2|53926690|53928254|+|1564"   
[725] "_R_N989|bic_8|35891362|35892962|+|1600"   
[726] "N989|bic_13|158046724|158048304|+|1580"   
[727] "N989|bic_14|32337934|32339529|+|1595"     
[728] "N989|bic_2|61375548|61377125|+|1577"      
[729] "N989|bic_12|116025764|116027342|+|1578"   
[730] "N989|bic_7|91870026|91871609|+|1583"      
[731] "_R_N989|bic_X1|57195495|57197076|+|1581"  
[732] "_R_N989|bic_X1|57217950|57219537|+|1587"  
[733] "N989|bic_10|19234971|19236532|+|1561"     
[734] "_R_N989|bic_11|79610530|79612109|+|1579"  
[735] "_R_N989|bic_13|689474|691073|+|1599"      
[736] "N989|bic_4|68521499|68523103|+|1604"      
[737] "N989|bic_2|17616967|17618533|+|1566"      
[738] "N989|bic_3|159950233|159951546|+|1313"    
[739] "N989|bic_3|55168299|55169885|+|1586"      
[740] "N989|bic_7|91821928|91823509|+|1581"      
[741] "N989|bic_7|171532193|171533771|+|1578"    
[742] "N989|bic_X2|45274112|45275701|+|1589"     
[743] "_R_N989|bic_X2|97844124|97845444|+|1320"  
[744] "N989|bic_9|44704056|44705647|+|1591"      
[745] "_R_N989|bic_2|71659461|71660784|+|1323"   
[746] "_R_N989|bic_X1|127590466|127592072|+|1606"
[747] "N989|bic_2|96708403|96710002|+|1599"      
[748] "_R_N989|bic_5|62206638|62208252|+|1614"   
[749] "_R_N989|bic_1|145917047|145918647|+|1600" 
[750] "N989|bic_5|88375072|88376675|+|1603"      
[751] "_R_N989|bic_10|84183354|84184954|+|1600"  
[752] "N989|bic_11|122730627|122732234|+|1607"   
[753] "N989|bic_2|184801597|184803195|+|1598"    
[754] "_R_N989|bic_X2|66751420|66753029|+|1609"  
[755] "N989|bic_X2|110158960|110160572|+|1612"   
[756] "N989|bic_14|71110373|71111947|+|1574"     
[757] "N989|bic_6|8649570|8651169|+|1599"        
[758] "_R_N989|bic_7|129411188|129412536|+|1348" 
[759] "N989|bic_8|120246017|120247530|+|1513"    
[760] "N989|bic_11|119357449|119359055|+|1606"   
[761] "N989|bic_11|167250069|167251673|+|1604"   
[762] "_R_N989|bic_5|118320351|118321968|+|1617" 
[763] "_R_N989|bic_2|153961760|153963365|+|1605" 
[764] "_R_N989|bic_X2|19130222|19131813|+|1591"  
[765] "N989|bic_10|89782035|89783629|+|1594"     
[766] "N989|bic_1|156737221|156738831|+|1610"    
[767] "N989|bic_11|188940266|188941884|+|1618"   
[768] "N989|bic_7|43227405|43229003|+|1598"      
[769] "N989|bic_10|36111852|36113458|+|1606"     
[770] "N989|bic_1|108208905|108210287|+|1382"    
[771] "_R_N989|bic_13|85087585|85089153|+|1568"  
[772] "_R_N989|bic_2|66604152|66605753|+|1601"   
[773] "N989|sar_11|173774410|173775991|+|1581"   
[774] "_R_N989|sar_X1|251460955|251462552|+|1597"
[775] "N989|bic_10|63352677|63354270|+|1593"     
[776] "_R_N989|bic_X2|40531379|40532969|+|1590"  
[777] "_R_N989|bic_14|77496492|77498083|+|1591"  
[778] "N989|bic_9|61073037|61074626|+|1589"      
[779] "_R_N989|bic_1|108045644|108047250|+|1606" 
[780] "N989|bic_3|123943753|123945363|+|1610"    
[781] "_R_N989|bic_11|32194151|32195756|+|1605"  
[782] "N989|bic_1|68187704|68189305|+|1601"      
