jobinfo 30048566
getting scaled timeline
 [1] "N1172|dum_1|261075454|261077305|+|1851" 
 [2] "N1172|dum_1|261101759|261103610|+|1851" 
 [3] "N1172|dum_1|261088609|261090460|+|1851" 
 [4] "N1172|dum_1|261091897|261093748|+|1851" 
 [5] "N1172|dum_1|261068877|261070729|+|1852" 
 [6] "N1172|dum_1|261078742|261080594|+|1852" 
 [7] "N1172|dum_1|261072166|261074017|+|1851" 
 [8] "N1172|dum_1|261114912|261116763|+|1851" 
 [9] "N1172|dum_1|261121488|261123339|+|1851" 
[10] "N1172|dum_1|261118200|261120051|+|1851" 
[11] "N1172|dum_1|261128065|261129916|+|1851" 
[12] "N1172|dum_1|261065588|261067440|+|1852" 
[13] "N1172|dum_1|261124776|261126628|+|1852" 
[14] "N1172|dum_1|261111623|261113475|+|1852" 
[15] "N1172|dum_1|261131353|261133205|+|1852" 
[16] "N1172|dum_1|261105047|261106897|+|1850" 
[17] "N1172|dum_1|261095185|261097034|+|1849" 
[18] "N1172|dum_1|261108334|261110186|+|1852" 
[19] "N1172|dum_1|261098471|261100322|+|1851" 
[20] "N1172|dum_1|261082031|261083883|+|1852" 
[21] "N1172|dum_1|261085320|261087172|+|1852" 
[22] "N1172|dum_5|138629576|138631504|+|1928" 
[23] "N1172|dum_X1|196311373|196313294|+|1921"
[24] "_R_N1172|ten_9|71138064|71140002|+|1938"
[25] "N1172|dum_1|261134642|261136558|+|1916" 
[26] "N1172|dum_1|261062300|261064151|+|1851" 
