jobinfo 30048604
getting scaled timeline
  [1] "_R_N1710|dum_11|40310382|40315077|+|4695"  
  [2] "N1710|dum_11|40074307|40078999|+|4692"     
  [3] "_R_N1710|dum_3|35683658|35688345|+|4687"   
  [4] "_R_N1710|dum_11|19424713|19429426|+|4713"  
  [5] "_R_N1710|dum_11|39570598|39575292|+|4694"  
  [6] "_R_N1710|dum_11|34508584|34513296|+|4712"  
  [7] "_R_N1710|dum_11|19243950|19248670|+|4720"  
  [8] "N1710|dum_5|48603553|48608269|+|4716"      
  [9] "N1710|dum_3|59803781|59808484|+|4703"      
 [10] "N1710|dum_3|59917086|59921924|+|4838"      
 [11] "N1710|dum_3|59867574|59872428|+|4854"      
 [12] "_R_N1710|dum_3|35636601|35641454|+|4853"   
 [13] "N1710|dum_3|59778935|59783644|+|4709"      
 [14] "N1710|dum_3|59842908|59847617|+|4709"      
 [15] "_R_N1710|dum_3|35761317|35766038|+|4721"   
 [16] "_R_N1710|dum_3|35773890|35778611|+|4721"   
 [17] "_R_N1710|dum_3|35585437|35590140|+|4703"   
 [18] "_R_N1710|dum_3|35660530|35665233|+|4703"   
 [19] "_R_N1710|dum_11|34654605|34659104|+|4499"  
 [20] "_R_N1710|dum_11|19310402|19315112|+|4710"  
 [21] "_R_N1710|dum_5|48954718|48959072|+|4354"   
 [22] "_R_N1710|dum_5|48979595|48984297|+|4702"   
 [23] "_R_N1710|dum_11|34564302|34568152|+|3850"  
 [24] "_R_N1710|dum_11|34609448|34613298|+|3850"  
 [25] "_R_N1710|dum_11|19368452|19373150|+|4698"  
 [26] "_R_N1710|dum_7|162301109|162305848|+|4739" 
 [27] "_R_N1710|dum_9|186054263|186058913|+|4650" 
 [28] "_R_N1710|ten_11|100739803|100743631|+|3828"
 [29] "_R_N1710|dum_3|57979951|57984663|+|4712"   
 [30] "N1710|dum_11|61754766|61758647|+|3881"     
 [31] "N1710|dum_11|84850799|84855586|+|4787"     
 [32] "N1710|dum_11|44755327|44760031|+|4704"     
 [33] "_R_N1710|dum_11|9055685|9060395|+|4710"    
 [34] "_R_N1710|dum_11|16920544|16925254|+|4710"  
 [35] "N1710|dum_2|195910656|195915293|+|4637"    
 [36] "N1710|dum_2|195944079|195948775|+|4696"    
 [37] "_R_N1710|dum_11|34446943|34451651|+|4708"  
 [38] "_R_N1710|dum_5|7603496|7607601|+|4105"     
 [39] "N1710|dum_5|7640601|7644706|+|4105"        
 [40] "N1710|dum_11|11159506|11164196|+|4690"     
 [41] "_R_N1710|dum_2|197117479|197122105|+|4626" 
 [42] "_R_N1710|dum_2|197134573|197139259|+|4686" 
 [43] "N1710|dum_11|11117687|11122193|+|4506"     
 [44] "N1710|ten_2|272903602|272908330|+|4728"    
 [45] "N1710|ten_2|272927623|272932351|+|4728"    
 [46] "N1710|ten_2|272879609|272884308|+|4699"    
 [47] "_R_N1710|ten_11|88760484|88765201|+|4717"  
 [48] "_R_N1710|dum_11|42064118|42068833|+|4715"  
 [49] "_R_N1710|dum_11|42090338|42095044|+|4706"  
 [50] "_R_N1710|dum_11|37372017|37376698|+|4681"  
 [51] "N1710|ten_9|168656578|168661282|+|4704"    
 [52] "N1710|ten_X2|49301674|49306378|+|4704"     
 [53] "_R_N1710|dum_X1|1408637|1413501|+|4864"    
 [54] "_R_N1710|dum_X1|1460983|1465848|+|4865"    
 [55] "_R_N1710|dum_X1|1434814|1439679|+|4865"    
 [56] "_R_N1710|dum_7|206953752|206958617|+|4865" 
 [57] "_R_N1710|dum_10|135416759|135421620|+|4861"
 [58] "_R_N1710|dum_5|1195897|1200758|+|4861"     
 [59] "N1710|dum_10|65189150|65194017|+|4867"     
 [60] "_R_N1710|dum_7|59343209|59348094|+|4885"   
 [61] "_R_N1710|dum_6|38855583|38860452|+|4869"   
 [62] "_R_N1710|dum_3|35104200|35109094|+|4894"   
 [63] "N1710|dum_3|59966635|59971490|+|4855"      
 [64] "N1710|dum_2|211534240|211539098|+|4858"    
 [65] "N1710|dum_2|212688478|212693336|+|4858"    
 [66] "_R_N1710|dum_10|90110600|90115460|+|4860"  
 [67] "_R_N1710|dum_10|24511981|24516871|+|4890"  
 [68] "_R_N1710|dum_7|59994959|59999844|+|4885"   
 [69] "_R_N1710|dum_10|90167210|90172104|+|4894"  
 [70] "N1710|dum_10|22186055|22190926|+|4871"     
 [71] "_R_N1710|dum_5|146054555|146059407|+|4852" 
 [72] "N1710|dum_10|6640479|6645332|+|4853"       
 [73] "N1710|dum_6|4259850|4264703|+|4853"        
 [74] "_R_N1710|dum_9|188813387|188818240|+|4853" 
 [75] "_R_N1710|dum_9|188787247|188792091|+|4844" 
 [76] "_R_N1710|dum_10|166645515|166650356|+|4841"
 [77] "N1710|dum_10|21216352|21221216|+|4864"     
 [78] "_R_N1710|dum_5|9703539|9708357|+|4818"     
 [79] "N1710|dum_5|168148554|168153433|+|4879"    
 [80] "N1710|dum_5|173096935|173101804|+|4869"    
 [81] "N1710|dum_5|69006688|69011380|+|4692"      
 [82] "_R_N1710|dum_5|11140133|11144882|+|4749"   
 [83] "N1710|dum_5|168174597|168179305|+|4708"    
 [84] "_R_N1710|dum_10|15966|20677|+|4711"        
 [85] "N1710|dum_10|89512824|89517535|+|4711"     
 [86] "_R_N1710|dum_5|9616022|9620734|+|4712"     
 [87] "_R_N1710|dum_5|173892523|173897093|+|4570" 
 [88] "_R_N1710|dum_4|9312795|9317475|+|4680"     
 [89] "N1710|dum_5|168115228|168119940|+|4712"    
 [90] "N1710|dum_5|26908433|26913125|+|4692"      
 [91] "_R_N1710|dum_4|9437860|9442592|+|4732"     
 [92] "N1710|dum_4|26080594|26085312|+|4718"      
 [93] "N1710|dum_5|26770495|26775209|+|4714"      
 [94] "_R_N1710|dum_4|9279682|9284214|+|4532"     
 [95] "N1710|dum_9|119024960|119029496|+|4536"    
 [96] "N1710|dum_4|26408490|26413020|+|4530"      
 [97] "_R_N1710|dum_2|84655256|84659805|+|4549"   
 [98] "_R_N1710|dum_5|173382504|173387040|+|4536" 
 [99] "N1710|dum_5|26847406|26851943|+|4537"      
[100] "_R_N1710|dum_5|173305346|173309885|+|4539" 
[101] "N1710|dum_5|68946067|68950778|+|4711"      
[102] "_R_N1710|dum_5|139886047|139890155|+|4108" 
[103] "N1710|dum_10|6689703|6694412|+|4709"       
[104] "N1710|dum_6|4309085|4313799|+|4714"        
[105] "_R_N1710|dum_9|188738198|188742911|+|4713" 
[106] "_R_N1710|dum_X1|1384261|1388973|+|4712"    
[107] "N1710|dum_5|26673405|26678114|+|4709"      
[108] "N1710|dum_5|26882628|26887341|+|4713"      
[109] "_R_N1710|dum_4|9015662|9020394|+|4732"     
[110] "_R_N1710|dum_5|9941903|9946600|+|4697"     
[111] "_R_N1710|dum_4|9341812|9346501|+|4689"     
[112] "N1710|dum_4|26587432|26592145|+|4713"      
[113] "_R_N1710|dum_4|9070718|9075448|+|4730"     
[114] "_R_N1710|dum_5|67051981|67056694|+|4713"   
[115] "_R_N1710|dum_5|67096621|67101343|+|4722"   
[116] "_R_N1710|dum_2|84627658|84632368|+|4710"   
[117] "_R_N1710|dum_5|139859702|139864381|+|4679" 
[118] "N1710|dum_4|261866093|261870797|+|4704"    
[119] "N1710|dum_5|13440075|13444787|+|4712"      
[120] "N1710|dum_5|13549135|13553844|+|4709"      
[121] "N1710|dum_5|13476312|13481024|+|4712"      
[122] "N1710|dum_5|13586636|13591348|+|4712"      
[123] "N1710|dum_1|231122212|231126917|+|4705"    
