jobinfo 30048984
getting scaled timeline
  [1] "_R_N8360|ten_9|54628166|54630643|+|2477"   
  [2] "_R_N8360|ten_9|54488527|54491004|+|2477"   
  [3] "_R_N8360|ten_9|54440067|54442544|+|2477"   
  [4] "_R_N8360|ten_9|54445422|54447899|+|2477"   
  [5] "_R_N8360|ten_9|54569946|54572423|+|2477"   
  [6] "_R_N8360|ten_9|54599829|54602306|+|2477"   
  [7] "_R_N8360|ten_9|54617454|54619931|+|2477"   
  [8] "_R_N8360|ten_9|54587560|54590037|+|2477"   
  [9] "_R_N8360|ten_9|54633521|54635998|+|2477"   
 [10] "_R_N8360|ten_9|54375820|54378297|+|2477"   
 [11] "_R_N8360|ten_9|54381175|54383652|+|2477"   
 [12] "_R_N8360|ten_9|54402591|54405068|+|2477"   
 [13] "_R_N8360|ten_9|54386531|54389006|+|2475"   
 [14] "_R_N8360|ten_9|54407944|54410421|+|2477"   
 [15] "_R_N8360|ten_9|54467094|54469571|+|2477"   
 [16] "_R_N8360|ten_9|54493880|54496357|+|2477"   
 [17] "_R_N8360|ten_9|54461741|54464218|+|2477"   
 [18] "_R_N8360|ten_9|54434704|54437187|+|2483"   
 [19] "_R_N8360|ten_9|54391882|54394359|+|2477"   
 [20] "_R_N8360|ten_9|54397235|54399711|+|2476"   
 [21] "_R_N8360|ten_9|54424007|54426484|+|2477"   
 [22] "_R_N8360|ten_9|54429356|54431833|+|2477"   
 [23] "_R_N8360|ten_9|54413301|54415778|+|2477"   
 [24] "_R_N8360|ten_9|54418658|54421135|+|2477"   
 [25] "_R_N8360|ten_9|54644226|54646703|+|2477"   
 [26] "_R_N8360|ten_9|54575295|54577766|+|2471"   
 [27] "_R_N8360|ten_9|54605190|54607661|+|2471"   
 [28] "_R_N8360|ten_9|54622817|54625288|+|2471"   
 [29] "_R_N8360|ten_9|54509949|54512429|+|2480"   
 [30] "_R_N8360|ten_9|54515305|54517785|+|2480"   
 [31] "_R_N8360|ten_9|54504596|54507073|+|2477"   
 [32] "_R_N8360|ten_9|54472456|54474932|+|2476"   
 [33] "_R_N8360|ten_9|54499242|54501718|+|2476"   
 [34] "_R_N8360|ten_9|54483174|54485651|+|2477"   
 [35] "N8360|ten_9|63946729|63949203|+|2474"      
 [36] "N8360|ten_9|63952076|63954549|+|2473"      
 [37] "N8360|ten_9|63973476|63975950|+|2474"      
 [38] "N8360|ten_9|63962772|63965246|+|2474"      
 [39] "N8360|ten_9|63968124|63970598|+|2474"      
 [40] "N8360|ten_9|63957423|63959897|+|2474"      
 [41] "N8360|ten_9|63936023|63938497|+|2474"      
 [42] "N8360|ten_9|61973052|61975526|+|2474"      
 [43] "N8360|ten_9|63978824|63981297|+|2473"      
 [44] "N8360|ten_9|61183937|61186411|+|2474"      
 [45] "N8360|ten_9|63914607|63917081|+|2474"      
 [46] "N8360|ten_9|46318059|46320532|+|2473"      
 [47] "N8360|ten_9|54558112|54560586|+|2474"      
 [48] "N8360|ten_9|61178560|61181034|+|2474"      
 [49] "N8360|ten_9|63919962|63922436|+|2474"      
 [50] "N8360|ten_9|61172714|61175187|+|2473"      
 [51] "N8360|ten_9|63925317|63927791|+|2474"      
 [52] "N8360|ten_9|64015777|64018251|+|2474"      
 [53] "N8360|ten_9|61204889|61207363|+|2474"      
 [54] "N8360|ten_9|64005604|64008078|+|2474"      
 [55] "N8360|ten_9|65039402|65041876|+|2474"      
 [56] "N8360|ten_9|61955237|61957709|+|2472"      
 [57] "N8360|ten_9|61949701|61952171|+|2470"      
 [58] "N8360|ten_9|61960779|61963253|+|2474"      
 [59] "N8360|ten_9|61210233|61212707|+|2474"      
 [60] "N8360|ten_9|61215586|61218060|+|2474"      
 [61] "N8360|ten_9|65055430|65057904|+|2474"      
 [62] "N8360|ten_9|61226300|61228774|+|2474"      
 [63] "N8360|ten_9|17195443|17197917|+|2474"      
 [64] "N8360|ten_9|17211761|17214235|+|2474"      
 [65] "N8360|ten_9|17167708|17170182|+|2474"      
 [66] "N8360|ten_9|17146508|17148981|+|2473"      
 [67] "N8360|ten_9|17179395|17181869|+|2474"      
 [68] "N8360|ten_9|17151857|17154331|+|2474"      
 [69] "N8360|ten_9|17190094|17192566|+|2472"      
 [70] "N8360|ten_9|17162355|17164833|+|2478"      
 [71] "N8360|ten_9|17184746|17187220|+|2474"      
 [72] "N8360|ten_9|17206404|17208872|+|2468"      
 [73] "N8360|ten_9|17222725|17225193|+|2468"      
 [74] "N8360|ten_9|17228084|17230553|+|2469"      
 [75] "N8360|ten_9|17200801|17203270|+|2469"      
 [76] "N8360|ten_9|17217122|17219591|+|2469"      
 [77] "N8360|ten_9|17233440|17235909|+|2469"      
 [78] "N8360|ten_9|17238788|17241257|+|2469"      
 [79] "N8360|ten_9|17244136|17246605|+|2469"      
 [80] "N8360|ten_9|63994884|63997358|+|2474"      
 [81] "N8360|ten_9|64000240|64002714|+|2474"      
 [82] "N8360|ten_9|63984177|63986651|+|2474"      
 [83] "N8360|ten_9|63989530|63992004|+|2474"      
 [84] "N8360|ten_9|79571459|79573959|+|2500"      
 [85] "N8360|ten_9|79742472|79744939|+|2467"      
 [86] "N8360|ten_9|79583208|79585682|+|2474"      
 [87] "N8360|ten_9|79589070|79591544|+|2474"      
 [88] "N8360|ten_9|79665096|79667570|+|2474"      
 [89] "N8360|ten_9|79670966|79673440|+|2474"      
 [90] "N8360|ten_9|79676834|79679308|+|2474"      
 [91] "N8360|ten_9|79641638|79644111|+|2473"      
 [92] "N8360|ten_9|79647501|79649975|+|2474"      
 [93] "N8360|ten_9|79729668|79732141|+|2473"      
 [94] "N8360|ten_9|79754220|79756693|+|2473"      
 [95] "N8360|ten_9|79760093|79762562|+|2469"      
 [96] "N8360|ten_9|79765971|79768440|+|2469"      
 [97] "N8360|ten_9|79682715|79685188|+|2473"      
 [98] "N8360|ten_9|79688595|79691069|+|2474"      
 [99] "N8360|ten_9|79694475|79696947|+|2472"      
[100] "N8360|ten_9|79700352|79702825|+|2473"      
[101] "N8360|ten_9|79712080|79714552|+|2472"      
[102] "N8360|ten_9|79723807|79726279|+|2472"      
[103] "N8360|ten_9|79659232|79661709|+|2477"      
[104] "N8360|ten_9|79600792|79603269|+|2477"      
[105] "N8360|ten_9|79748337|79750815|+|2478"      
[106] "N8360|ten_9|79706213|79708694|+|2481"      
[107] "N8360|ten_9|79717940|79720421|+|2481"      
[108] "N8360|ten_9|79653365|79655845|+|2480"      
[109] "N8360|ten_9|79606658|79609130|+|2472"      
[110] "N8360|ten_9|79618305|79620780|+|2475"      
[111] "N8360|ten_9|79624129|79626604|+|2475"      
[112] "N8360|ten_9|79629954|79632429|+|2475"      
[113] "N8360|ten_9|79612481|79614955|+|2474"      
[114] "N8360|ten_9|79635779|79638254|+|2475"      
[115] "N8360|ten_9|79577346|79579821|+|2475"      
[116] "N8360|ten_9|79594930|79597405|+|2475"      
[117] "N8360|ten_9|79771732|79774207|+|2475"      
[118] "_R_N8360|ten_9|79896477|79898955|+|2478"   
[119] "_R_N8360|ten_9|79890606|79893081|+|2475"   
[120] "_R_N8360|ten_9|79878858|79881336|+|2478"   
[121] "_R_N8360|ten_9|79884732|79887207|+|2475"   
[122] "_R_N8360|dum_9|162679918|162682377|+|2459" 
[123] "_R_N8360|dum_9|162684775|162687234|+|2459" 
[124] "_R_N8360|dum_9|162675071|162677520|+|2449" 
[125] "_R_N8360|dum_9|162665362|162667823|+|2461" 
[126] "_R_N8360|dum_9|162670217|162672679|+|2462" 
[127] "N8360|ten_9|17254838|17257299|+|2461"      
[128] "_R_N8360|ten_7|139434938|139437287|+|2349" 
[129] "_R_N8360|ten_8|53166734|53169345|+|2611"   
[130] "N8360|ten_5|183952652|183955580|+|2928"    
[131] "N8360|ten_5|185531712|185534659|+|2947"    
[132] "_R_N8360|dum_4|237394559|237397512|+|2953" 
[133] "_R_N8360|dum_4|237410890|237413839|+|2949" 
[134] "N8360|ten_4|235964805|235967766|+|2961"    
[135] "N8360|ten_4|235969828|235972788|+|2960"    
[136] "N8360|ten_4|235989901|235992860|+|2959"    
[137] "N8360|ten_4|235994921|235997881|+|2960"    
[138] "N8360|ten_4|235999941|236002904|+|2963"    
[139] "N8360|ten_4|236004969|236007785|+|2816"    
[140] "N8360|ten_4|236010035|236012423|+|2388"    
[141] "N8360|ten_4|235984882|235987841|+|2959"    
[142] "N8360|ten_4|235974845|235977805|+|2960"    
[143] "N8360|ten_4|235979864|235982824|+|2960"    
[144] "_R_N8360|dum_4|237390089|237392483|+|2394" 
[145] "_R_N8360|dum_4|237399590|237401947|+|2357" 
[146] "_R_N8360|sar_10|73014753|73017088|+|2335"  
[147] "_R_N8360|sar_10|73030318|73032626|+|2308"  
[148] "_R_N8360|sar_10|73022535|73024871|+|2336"  
[149] "_R_N8360|sar_10|72997336|72999653|+|2317"  
[150] "N8360|sar_10|24815908|24818236|+|2328"     
[151] "_R_N8360|dum_7|5159257|5162219|+|2962"     
[152] "_R_N8360|dum_7|5169713|5172646|+|2933"     
[153] "_R_N8360|dum_7|5174597|5177544|+|2947"     
[154] "_R_N8360|dum_7|5186465|5189449|+|2984"     
[155] "N8360|ten_7|190702670|190705638|+|2968"    
[156] "N8360|ten_7|190707517|190710484|+|2967"    
[157] "N8360|ten_7|190649457|190652419|+|2962"    
[158] "N8360|ten_7|190783538|190786125|+|2587"    
[159] "N8360|ten_7|190846984|190849571|+|2587"    
[160] "N8360|ten_7|190760816|190763539|+|2723"    
[161] "N8360|ten_7|190678455|190681403|+|2948"    
[162] "N8360|ten_7|190668811|190671755|+|2944"    
[163] "N8360|ten_7|190663989|190666933|+|2944"    
[164] "N8360|ten_7|190673633|190676577|+|2944"    
[165] "N8360|ten_7|190683281|190686249|+|2968"    
[166] "N8360|ten_7|190692973|190695944|+|2971"    
[167] "N8360|ten_7|190654297|190657265|+|2968"    
[168] "N8360|ten_7|190659143|190662111|+|2968"    
[169] "N8360|ten_7|190688127|190691095|+|2968"    
[170] "N8360|ten_7|190769000|190771968|+|2968"    
[171] "N8360|ten_7|190778692|190781660|+|2968"    
[172] "N8360|ten_7|190755984|190758952|+|2968"    
[173] "N8360|ten_7|190764168|190767136|+|2968"    
[174] "N8360|ten_7|190741442|190744410|+|2968"    
[175] "N8360|ten_7|190746289|190749260|+|2971"    
[176] "N8360|ten_7|190736595|190739563|+|2968"    
[177] "N8360|ten_7|190773846|190776814|+|2968"    
[178] "N8360|ten_7|190751138|190754106|+|2968"    
[179] "N8360|ten_7|190726897|190729865|+|2968"    
[180] "N8360|ten_7|190842138|190845106|+|2968"    
[181] "N8360|ten_7|190722050|190725018|+|2968"    
[182] "N8360|ten_7|190731744|190734712|+|2968"    
[183] "N8360|ten_7|190717204|190720172|+|2968"    
[184] "N8360|ten_7|190697823|190700791|+|2968"    
[185] "N8360|ten_7|190712362|190715326|+|2964"    
[186] "_R_N8360|dum_9|131622936|131625423|+|2487" 
[187] "_R_N8360|dum_9|131627057|131629544|+|2487" 
[188] "_R_N8360|dum_9|131618820|131621302|+|2482" 
[189] "_R_N8360|ten_9|38121286|38123727|+|2441"   
[190] "_R_N8360|ten_9|38125716|38128157|+|2441"   
[191] "_R_N8360|ten_9|38129849|38132328|+|2479"   
[192] "_R_N8360|ten_9|38134014|38136492|+|2478"   
[193] "_R_N8360|ten_9|38146523|38149001|+|2478"   
[194] "_R_N8360|ten_9|38138180|38140655|+|2475"   
[195] "_R_N8360|ten_9|38142359|38144837|+|2478"   
[196] "_R_N8360|ten_9|38150694|38153172|+|2478"   
[197] "_R_N8360|ten_9|38154856|38157197|+|2341"   
[198] "N8360|dum_9|142227619|142229961|+|2342"    
[199] "_R_N8360|ten_9|56723009|56725498|+|2489"   
[200] "_R_N8360|ten_9|56736011|56738500|+|2489"   
[201] "_R_N8360|ten_9|56744861|56747350|+|2489"   
[202] "_R_N8360|ten_9|56731315|56733804|+|2489"   
[203] "_R_N8360|ten_9|56727162|56729651|+|2489"   
[204] "_R_N8360|ten_9|56718583|56721072|+|2489"   
[205] "_R_N8360|ten_9|56693586|56696074|+|2488"   
[206] "_R_N8360|ten_9|56701944|56704433|+|2489"   
[207] "_R_N8360|ten_9|56689414|56691902|+|2488"   
[208] "_R_N8360|ten_9|56697761|56700250|+|2489"   
[209] "_R_N8360|ten_9|56706118|56708607|+|2489"   
[210] "_R_N8360|ten_9|56685212|56687703|+|2491"   
[211] "_R_N8360|ten_9|56672662|56675151|+|2489"   
[212] "_R_N8360|ten_9|56676840|56679327|+|2487"   
[213] "_R_N8360|ten_9|56668463|56670952|+|2489"   
[214] "_R_N8360|ten_9|56681035|56683524|+|2489"   
[215] "_R_N8360|ten_9|56749013|56751502|+|2489"   
[216] "_R_N8360|ten_9|56753170|56755596|+|2426"   
[217] "_R_N8360|ten_9|56740165|56742653|+|2488"   
[218] "_R_N8360|ten_9|56714432|56716920|+|2488"   
[219] "_R_N8360|ten_9|56710303|56712762|+|2459"   
[220] "_R_N8360|ten_9|56761727|56764217|+|2490"   
[221] "_R_N8360|ten_X2|174159312|174161802|+|2490"
[222] "_R_N8360|ten_X2|174150968|174153455|+|2487"
[223] "_R_N8360|ten_X2|174163486|174165981|+|2495"
[224] "_R_N8360|ten_9|56765898|56768388|+|2490"   
[225] "_R_N8360|ten_9|56770071|56772561|+|2490"   
[226] "_R_N8360|ten_X2|174142614|174145104|+|2490"
[227] "_R_N8360|ten_X2|174146788|174149277|+|2489"
[228] "_R_N8360|ten_X2|174155139|174157629|+|2490"
[229] "_R_N8360|ten_9|56774245|56776734|+|2489"   
[230] "_R_N8360|ten_9|56757553|56760041|+|2488"   
[231] "_R_N8360|ten_9|56778421|56780910|+|2489"   
[232] "_R_N8360|ten_9|56782598|56785087|+|2489"   
[233] "_R_N8360|ten_X2|174138544|174140906|+|2362"
[234] "N8360|dum_9|123416278|123418761|+|2483"    
[235] "N8360|dum_9|123428793|123431270|+|2477"    
[236] "N8360|dum_9|123424607|123427090|+|2483"    
[237] "N8360|dum_9|123432975|123435457|+|2482"    
[238] "N8360|dum_9|123420415|123422898|+|2483"    
[239] "N8360|dum_9|123449638|123452121|+|2483"    
[240] "N8360|dum_9|123400986|123403469|+|2483"    
[241] "N8360|dum_9|123405135|123407618|+|2483"    
[242] "N8360|dum_9|123396837|123399320|+|2483"    
[243] "N8360|dum_9|123441289|123443774|+|2485"    
[244] "N8360|dum_9|123445456|123447941|+|2485"    
[245] "N8360|dum_9|123437124|123439609|+|2485"    
[246] "N8360|dum_9|123462205|123464708|+|2503"    
[247] "N8360|dum_9|123453836|123456328|+|2492"    
[248] "N8360|dum_9|123458020|123460509|+|2489"    
[249] "N8360|dum_9|123412153|123414625|+|2472"    
[250] "N8360|dum_9|123389833|123392300|+|2467"    
[251] "_R_N8360|ten_9|56786775|56789260|+|2485"   
[252] "N8360|dum_9|123466105|123468568|+|2463"    
[253] "N8360|dum_9|123469957|123472419|+|2462"    
[254] "_R_N8360|ten_9|56664201|56666665|+|2464"   
[255] "N8360|dum_9|115786563|115789030|+|2467"    
[256] "N8360|dum_9|115793131|115795603|+|2472"    
[257] "N8360|dum_9|115805401|115807873|+|2472"    
[258] "_R_N8360|ten_9|63578140|63580617|+|2477"   
[259] "_R_N8360|ten_9|63584754|63587231|+|2477"   
[260] "_R_N8360|ten_9|63597922|63600399|+|2477"   
[261] "_R_N8360|ten_9|63564996|63567472|+|2476"   
[262] "_R_N8360|ten_9|63571558|63574034|+|2476"   
[263] "_R_N8360|ten_9|63591343|63593819|+|2476"   
[264] "_R_N8360|ten_9|63604521|63606998|+|2477"   
[265] "N8360|dum_9|103060763|103063245|+|2482"    
[266] "N8360|dum_9|102947503|102949976|+|2473"    
[267] "N8360|dum_9|110433786|110436254|+|2468"    
[268] "N8360|dum_9|110443756|110446240|+|2484"    
[269] "_R_N8360|ten_9|89764288|89766754|+|2466"   
[270] "_R_N8360|ten_9|89768442|89770825|+|2383"   
[271] "N8360|dum_9|87313634|87316113|+|2479"      
[272] "N8360|dum_9|87460936|87463416|+|2480"      
[273] "N8360|ten_9|89756638|89759107|+|2469"      
[274] "N8360|dum_9|81121345|81123820|+|2475"      
[275] "N8360|dum_9|81125520|81127993|+|2473"      
[276] "N8360|dum_9|81117184|81119663|+|2479"      
[277] "N8360|dum_9|81129673|81132152|+|2479"      
[278] "N8360|dum_9|81113177|81115488|+|2311"      
[279] "N8360|dum_9|81140463|81142936|+|2473"      
[280] "N8360|dum_9|102974417|102976893|+|2476"    
[281] "N8360|dum_9|102979147|102981621|+|2474"    
[282] "_R_N8360|ten_12|122902107|122904580|+|2473"
[283] "_R_N8360|dum_5|144958322|144960795|+|2473" 
[284] "_R_N8360|dum_5|144971394|144973867|+|2473" 
[285] "_R_N8360|dum_5|67658392|67660865|+|2473"   
[286] "_R_N8360|dum_5|167950|170423|+|2473"       
[287] "_R_N8360|dum_7|59709385|59711858|+|2473"   
[288] "_R_N8360|dum_5|145775291|145777758|+|2467" 
[289] "_R_N8360|dum_10|24830881|24833354|+|2473"  
[290] "_R_N8360|dum_10|24845433|24847906|+|2473"  
[291] "_R_N8360|dum_11|168470761|168473234|+|2473"
[292] "_R_N8360|dum_5|67672972|67675445|+|2473"   
[293] "_R_N8360|dum_7|59723912|59726385|+|2473"   
[294] "_R_N8360|dum_5|1673648|1676121|+|2473"     
[295] "_R_N8360|dum_5|1659075|1661557|+|2482"     
[296] "_R_N8360|dum_5|182490|184960|+|2470"       
[297] "_R_N8360|dum_11|168485335|168487808|+|2473"
[298] "_R_N8360|dum_5|144985913|144988386|+|2473" 
[299] "_R_N8360|dum_5|145789858|145792331|+|2473" 
[300] "_R_N8360|dum_9|1029717|1032190|+|2473"     
[301] "_R_N8360|dum_9|1015157|1017630|+|2473"     
[302] "_R_N8360|dum_9|1000600|1003073|+|2473"     
[303] "_R_N8360|dum_9|986047|988520|+|2473"       
[304] "_R_N8360|dum_9|785784|788257|+|2473"       
[305] "N8360|dum_9|103093617|103096087|+|2470"    
[306] "N8360|dum_9|119573057|119575527|+|2470"    
[307] "N8360|dum_9|167037330|167039800|+|2470"    
[308] "N8360|dum_9|119558504|119560974|+|2470"    
[309] "N8360|dum_9|167022751|167025221|+|2470"    
[310] "N8360|dum_5|122333666|122336127|+|2461"    
[311] "N8360|dum_5|122352243|122354703|+|2460"    
[312] "N8360|dum_10|22021926|22024396|+|2470"     
[313] "N8360|dum_10|22007356|22009826|+|2470"     
