jobinfo 30048617
getting scaled timeline
 [1] "_R_N1839|dum_11|140583374|140587983|+|4609"
 [2] "_R_N1839|dum_11|144877769|144882377|+|4608"
 [3] "_R_N1839|dum_11|140601363|140605856|+|4493"
 [4] "N1839|dum_10|187303216|187307763|+|4547"   
 [5] "N1839|dum_11|140690958|140695462|+|4504"   
 [6] "N1839|dum_4|999403|1003950|+|4547"         
 [7] "N1839|dum_11|136938943|136942720|+|3777"   
 [8] "_R_N1839|dum_11|151333577|151338186|+|4609"
 [9] "_R_N1839|dum_4|989369|993896|+|4527"       
[10] "N1839|dum_1|290289326|290293876|+|4550"    
[11] "_R_N1839|dum_11|144843478|144848087|+|4609"
[12] "N1839|dum_7|21620446|21624981|+|4535"      
[13] "N1839|dum_7|21487810|21492337|+|4527"      
[14] "_R_N1839|dum_11|140507495|140512110|+|4615"
[15] "_R_N1839|dum_9|184930300|184934907|+|4607" 
[16] "N1839|dum_5|55423411|55427920|+|4509"      
[17] "N1839|dum_5|55458962|55463471|+|4509"      
[18] "_R_N1839|dum_11|122006821|122011426|+|4605"
[19] "_R_N1839|dum_X1|70872342|70876847|+|4505"  
[20] "N1839|dum_11|144836501|144841000|+|4499"   
[21] "_R_N1839|ten_3|90250488|90255103|+|4615"   
[22] "N1839|ten_5|90760165|90764721|+|4556"      
[23] "_R_N1839|ten_X1|25597131|25601636|+|4505"  
[24] "N1839|ten_10|128253212|128257760|+|4548"   
[25] "N1839|ten_1|5191705|5196210|+|4505"        
[26] "_R_N1839|ten_8|8568166|8572571|+|4405"     
[27] "_R_N1839|ten_X1|93411596|93415610|+|4014"  
[28] "N1839|ten_X2|180656877|180661426|+|4549"   
[29] "N1839|dum_5|143501444|143505026|+|3582"    
[30] "_R_N1839|ten_1|120163897|120168514|+|4617" 
[31] "_R_N1839|dum_11|149953386|149957927|+|4541"
[32] "N1839|dum_11|164195860|164199480|+|3620"   
[33] "_R_N1839|dum_8|32902112|32906737|+|4625"   
[34] "N1839|ten_8|37563327|37567872|+|4545"      
[35] "N1839|dum_6|152450492|152455037|+|4545"    
[36] "N1839|ten_6|166495149|166499692|+|4543"    
[37] "_R_N1839|dum_2|77399466|77403924|+|4458"   
[38] "N1839|bic_11|42016687|42020605|+|3918"     
[39] "_R_N1839|sar_3|31871986|31875911|+|3925"   
[40] "_R_N1839|sar_13|167628709|167632659|+|3950"
[41] "_R_N1839|sar_8|210943247|210947198|+|3951" 
[42] "_R_N1839|sar_2|49651859|49655809|+|3950"   
[43] "_R_N1839|sar_2|258408251|258412202|+|3951" 
[44] "N1839|sar_2|260102474|260106421|+|3947"    
[45] "_R_N1839|sar_13|167624067|167628018|+|3951"
[46] "N1839|sar_4|168634227|168638178|+|3951"    
[47] "N1839|sar_4|170227712|170231663|+|3951"    
[48] "N1839|sar_4|168671650|168675599|+|3949"    
[49] "N1839|sar_4|170265214|170269163|+|3949"    
[50] "N1839|sar_13|53835658|53839629|+|3971"     
[51] "_R_N1839|sar_2|259171975|259175947|+|3972" 
[52] "N1839|sar_2|259322845|259326800|+|3955"    
[53] "N1839|sar_X2|155545300|155549236|+|3936"   
[54] "_R_N1839|bic_2|73788999|73792895|+|3896"   
[55] "_R_N1839|bic_2|27346231|27350129|+|3898"   
[56] "_R_N1839|bic_2|10913827|10917444|+|3617"   
[57] "_R_N1839|bic_2|85968579|85972220|+|3641"   
[58] "N1839|bic_10|193782|197560|+|3778"         
