jobinfo 30048890
getting scaled timeline
  [1] "_R_N6931|ten_7|122842184|122844705|+|2521" 
  [2] "_R_N6931|ten_6|57244893|57247416|+|2523"   
  [3] "_R_N6931|ten_10|87378069|87380592|+|2523"  
  [4] "_R_N6931|ten_1|292016774|292019299|+|2525" 
  [5] "_R_N6931|ten_1|292020264|292022789|+|2525" 
  [6] "_R_N6931|ten_12|133311505|133314030|+|2525"
  [7] "_R_N6931|ten_10|87357465|87359988|+|2523"  
  [8] "_R_N6931|ten_6|57030858|57033381|+|2523"   
  [9] "N6931|ten_1|138742442|138744967|+|2525"    
 [10] "N6931|ten_6|191458124|191460647|+|2523"    
 [11] "_R_N6931|ten_X1|35654013|35656535|+|2522"  
 [12] "N6931|ten_2|37311856|37314378|+|2522"      
 [13] "_R_N6931|ten_9|142184365|142186887|+|2522" 
 [14] "_R_N6931|ten_9|149494705|149497227|+|2522" 
 [15] "_R_N6931|ten_X1|35630650|35633172|+|2522"  
 [16] "_R_N6931|ten_1|273348422|273350944|+|2522" 
 [17] "_R_N6931|ten_5|130378262|130380784|+|2522" 
 [18] "_R_N6931|ten_9|149515781|149518303|+|2522" 
 [19] "N6931|ten_7|113685707|113688207|+|2500"    
 [20] "_R_N6931|ten_4|143537663|143539837|+|2174" 
 [21] "N6931|ten_5|193301491|193304021|+|2530"    
 [22] "N6931|ten_2|37315343|37317866|+|2523"      
 [23] "N6931|ten_3|44467417|44469940|+|2523"      
 [24] "_R_N6931|ten_4|194708059|194710582|+|2523" 
 [25] "_R_N6931|ten_4|194828024|194830547|+|2523" 
 [26] "_R_N6931|ten_2|114472|116995|+|2523"       
 [27] "_R_N6931|ten_2|79519269|79521792|+|2523"   
 [28] "_R_N6931|ten_10|30290267|30292790|+|2523"  
 [29] "N6931|ten_3|44470905|44473428|+|2523"      
 [30] "_R_N6931|ten_2|75626276|75628799|+|2523"   
 [31] "_R_N6931|ten_10|87369477|87372000|+|2523"  
 [32] "N6931|ten_6|191473412|191475935|+|2523"    
 [33] "N6931|ten_11|120263674|120266197|+|2523"   
 [34] "_R_N6931|ten_1|292103797|292106320|+|2523" 
 [35] "N6931|ten_6|155744055|155746578|+|2523"    
 [36] "_R_N6931|ten_10|87332899|87335422|+|2523"  
 [37] "N6931|ten_X2|78095774|78098297|+|2523"     
 [38] "N6931|ten_1|291595341|291597864|+|2523"    
 [39] "N6931|ten_1|291626889|291629412|+|2523"    
 [40] "N6931|ten_2|37308368|37310891|+|2523"      
 [41] "_R_N6931|ten_6|57233224|57235747|+|2523"   
 [42] "_R_N6931|ten_4|194720282|194722805|+|2523" 
 [43] "_R_N6931|ten_10|87427392|87429905|+|2513"  
 [44] "_R_N6931|ten_6|57214403|57216916|+|2513"   
 [45] "N6931|ten_7|113689171|113691684|+|2513"    
 [46] "_R_N6931|ten_X1|237879508|237882021|+|2513"
 [47] "_R_N6931|ten_X1|237912880|237915393|+|2513"
 [48] "_R_N6931|ten_X1|237923354|237925867|+|2513"
 [49] "_R_N6931|ten_1|292126085|292128598|+|2513" 
 [50] "_R_N6931|ten_10|87434053|87436566|+|2513"  
 [51] "_R_N6931|ten_2|108041487|108044000|+|2513" 
 [52] "N6931|ten_11|46907134|46909647|+|2513"     
 [53] "_R_N6931|ten_3|13219008|13221521|+|2513"   
 [54] "_R_N6931|ten_3|13222485|13224998|+|2513"   
 [55] "_R_N6931|ten_3|13225962|13228475|+|2513"   
 [56] "_R_N6931|ten_3|13229439|13231952|+|2513"   
 [57] "_R_N6931|ten_3|13257462|13259975|+|2513"   
 [58] "_R_N6931|ten_3|13260939|13263452|+|2513"   
 [59] "N6931|ten_3|44463939|44466452|+|2513"      
 [60] "_R_N6931|ten_3|13232916|13235429|+|2513"   
 [61] "_R_N6931|ten_5|130371830|130374343|+|2513" 
 [62] "_R_N6931|ten_1|33903745|33906258|+|2513"   
 [63] "N6931|ten_1|138759875|138762388|+|2513"    
 [64] "_R_N6931|ten_4|143497050|143499564|+|2514" 
 [65] "N6931|ten_6|191489405|191491919|+|2514"    
 [66] "_R_N6931|ten_10|30273962|30276476|+|2514"  
 [67] "N6931|ten_5|62049999|62052513|+|2514"      
 [68] "_R_N6931|ten_8|157116653|157119167|+|2514" 
 [69] "_R_N6931|ten_9|149544660|149547174|+|2514" 
 [70] "N6931|ten_X1|734459|736973|+|2514"         
 [71] "_R_N6931|ten_X2|82340421|82342935|+|2514"  
 [72] "_R_N6931|ten_10|30304760|30307274|+|2514"  
 [73] "N6931|ten_4|49562877|49565391|+|2514"      
 [74] "N6931|ten_1|138763352|138765866|+|2514"    
 [75] "N6931|ten_1|291633344|291635858|+|2514"    
 [76] "N6931|ten_2|148102185|148104710|+|2525"    
 [77] "_R_N6931|ten_1|273351909|273354419|+|2510" 
 [78] "_R_N6931|ten_8|157120131|157122656|+|2525" 
 [79] "_R_N6931|ten_3|13245099|13247624|+|2525"   
 [80] "_R_N6931|ten_X1|237882985|237885510|+|2525"
 [81] "_R_N6931|ten_X1|237889983|237892508|+|2525"
 [82] "_R_N6931|ten_X1|237916357|237918882|+|2525"
 [83] "N6931|ten_10|45500440|45502959|+|2519"     
 [84] "N6931|ten_4|210905410|210907929|+|2519"    
 [85] "_R_N6931|ten_6|57217880|57220398|+|2518"   
 [86] "_R_N6931|ten_6|57348304|57350822|+|2518"   
 [87] "N6931|ten_10|3599768|3602291|+|2523"       
 [88] "_R_N6931|ten_2|75604916|75607439|+|2523"   
 [89] "_R_N6931|ten_2|75614061|75616584|+|2523"   
 [90] "_R_N6931|ten_3|148931954|148934477|+|2523" 
 [91] "_R_N6931|ten_3|148936858|148939381|+|2523" 
 [92] "_R_N6931|ten_3|148943388|148945911|+|2523" 
 [93] "_R_N6931|ten_4|143515406|143517929|+|2523" 
 [94] "_R_N6931|ten_4|143617548|143620071|+|2523" 
 [95] "N6931|ten_5|183686677|183689200|+|2523"    
 [96] "N6931|ten_X2|73131905|73134428|+|2523"     
 [97] "_R_N6931|ten_3|13215522|13218043|+|2521"   
 [98] "N6931|ten_X2|73135391|73137912|+|2521"     
 [99] "N6931|ten_X2|78142877|78145398|+|2521"     
[100] "_R_N6931|ten_2|79512275|79514798|+|2523"   
[101] "_R_N6931|ten_X1|203854086|203856607|+|2521"
[102] "_R_N6931|ten_X2|44897699|44900220|+|2521"  
[103] "N6931|ten_11|46716032|46718553|+|2521"     
[104] "_R_N6931|ten_10|87453715|87456236|+|2521"  
[105] "_R_N6931|ten_1|291783183|291785706|+|2523" 
[106] "_R_N6931|ten_10|30239639|30242162|+|2523"  
[107] "_R_N6931|ten_10|30256585|30259108|+|2523"  
[108] "_R_N6931|ten_10|30260077|30262600|+|2523"  
[109] "N6931|ten_X2|73128417|73130940|+|2523"     
[110] "N6931|ten_X2|78102445|78104968|+|2523"     
[111] "_R_N6931|ten_5|130256299|130258819|+|2520" 
[112] "_R_N6931|ten_4|143526483|143529006|+|2523" 
[113] "_R_N6931|ten_4|143522995|143525518|+|2523" 
[114] "_R_N6931|ten_4|143540802|143543325|+|2523" 
[115] "N6931|ten_5|193304987|193307510|+|2523"    
[116] "_R_N6931|ten_4|143511918|143514441|+|2523" 
[117] "_R_N6931|ten_3|120614038|120616562|+|2524" 
[118] "_R_N6931|ten_9|149500739|149503263|+|2524" 
[119] "N6931|ten_11|106203485|106206009|+|2524"   
[120] "_R_N6931|ten_X1|237893473|237895997|+|2524"
[121] "_R_N6931|ten_2|155357577|155360100|+|2523" 
[122] "_R_N6931|ten_10|30267077|30269601|+|2524"  
[123] "_R_N6931|ten_5|130387508|130390030|+|2522" 
[124] "_R_N6931|ten_1|291776163|291778686|+|2523" 
[125] "_R_N6931|ten_X1|35704126|35706649|+|2523"  
[126] "_R_N6931|ten_12|133308017|133310540|+|2523"
[127] "_R_N6931|ten_5|130365474|130367997|+|2523" 
[128] "_R_N6931|ten_X1|203857572|203860095|+|2523"
[129] "_R_N6931|ten_9|149511358|149513881|+|2523" 
[130] "N6931|ten_5|199708303|199710825|+|2522"    
[131] "_R_N6931|ten_3|120599007|120601530|+|2523" 
[132] "N6931|ten_X1|740965|743488|+|2523"         
[133] "_R_N6931|ten_1|292013304|292015809|+|2505" 
[134] "N6931|ten_5|193349250|193351543|+|2293"    
[135] "_R_N6931|ten_X1|35606088|35608102|+|2014"  
[136] "N6931|ten_11|46869414|46871425|+|2011"     
[137] "N6931|ten_11|46922847|46924858|+|2011"     
[138] "N6931|ten_4|49569753|49571764|+|2011"      
[139] "N6931|ten_X2|78164141|78166148|+|2007"     
[140] "N6931|ten_11|120301173|120303227|+|2054"   
[141] "_R_N6931|dum_X1|145042097|145044635|+|2538"
[142] "_R_N6931|dum_X1|145107782|145110321|+|2539"
[143] "_R_N6931|dum_X1|145056617|145059154|+|2537"
[144] "_R_N6931|dum_X1|145062381|145064918|+|2537"
[145] "_R_N6931|dum_X1|145073118|145075655|+|2537"
[146] "_R_N6931|dum_X1|145090412|145092947|+|2535"
[147] "_R_N6931|dum_X1|145096177|145098712|+|2535"
[148] "_R_N6931|dum_X1|145078883|145081418|+|2535"
[149] "_R_N6931|dum_X1|136339105|136341644|+|2539"
[150] "_R_N6931|dum_4|72490680|72493219|+|2539"   
[151] "_R_N6931|dum_X1|145050852|145053388|+|2536"
[152] "_R_N6931|dum_X1|145084646|145087182|+|2536"
[153] "_R_N6931|dum_X1|145067750|145070286|+|2536"
[154] "_R_N6931|dum_10|182587773|182590309|+|2536"
[155] "_R_N6931|dum_X1|145101939|145104476|+|2537"
[156] "N6931|dum_10|33486063|33488607|+|2544"     
[157] "N6931|ten_X1|17876773|17879298|+|2525"     
[158] "N6931|ten_X1|17883293|17885820|+|2527"     
[159] "N6931|ten_X1|17886323|17888852|+|2529"     
[160] "_R_N6931|ten_1|291779651|291782218|+|2567" 
[161] "_R_N6931|ten_6|57236710|57239277|+|2567"   
[162] "_R_N6931|ten_4|143534071|143536620|+|2549" 
[163] "_R_N6931|ten_4|143643850|143646399|+|2549" 
[164] "N6931|dum_10|33409616|33412127|+|2511"     
[165] "_R_N6931|dum_10|33432878|33435389|+|2511"  
[166] "_R_N6931|dum_5|86602900|86605407|+|2507"   
[167] "N6931|dum_1|269485720|269488216|+|2496"    
[168] "N6931|dum_7|11582663|11585179|+|2516"      
[169] "N6931|dum_11|131210708|131213240|+|2532"   
[170] "N6931|dum_7|11613566|11616037|+|2471"      
[171] "_R_N6931|dum_4|72509139|72511555|+|2416"   
[172] "_R_N6931|dum_8|122924289|122926637|+|2348" 
[173] "_R_N6931|dum_7|94848167|94850583|+|2416"   
[174] "N6931|dum_6|209011923|209014030|+|2107"    
[175] "_R_N6931|dum_9|126510591|126513002|+|2411" 
[176] "_R_N6931|dum_7|94851321|94853784|+|2463"   
[177] "N6931|dum_10|23594140|23596145|+|2005"     
[178] "_R_N6931|dum_4|131973692|131975700|+|2008" 
[179] "N6931|dum_11|107728746|107731107|+|2361"   
[180] "_R_N6931|dum_4|131978670|131980690|+|2020" 
[181] "N6931|dum_8|107758791|107761279|+|2488"    
[182] "_R_N6931|dum_9|126513876|126516369|+|2493" 
[183] "_R_N6931|dum_6|65469744|65472232|+|2488"   
[184] "_R_N6931|dum_4|131968873|131971196|+|2323" 
[185] "N6931|dum_2|200919572|200921899|+|2327"    
[186] "N6931|dum_2|201051797|201054124|+|2327"    
[187] "_R_N6931|dum_8|13963059|13965379|+|2320"   
[188] "N6931|dum_5|93146774|93148945|+|2171"      
[189] "_R_N6931|dum_4|132040207|132042222|+|2015" 
[190] "N6931|dum_2|201132820|201135352|+|2532"    
[191] "_R_N6931|dum_6|96647933|96650425|+|2492"   
[192] "N6931|dum_7|11570076|11572584|+|2508"      
[193] "_R_N6931|dum_X1|26192767|26194835|+|2068"  
[194] "_R_N6931|ten_X1|17926903|17928971|+|2068"  
[195] "_R_N6931|dum_X2|26669735|26672150|+|2415"  
[196] "N6931|ten_X2|192102468|192104910|+|2442"   
[197] "_R_N6931|dum_8|32659959|32662140|+|2181"   
[198] "_R_N6931|dum_8|32734325|32736506|+|2181"   
[199] "_R_N6931|dum_8|32759535|32761718|+|2183"   
[200] "N6931|dum_10|33489110|33491289|+|2179"     
[201] "N6931|dum_10|48917138|48919318|+|2180"     
[202] "_R_N6931|dum_X2|164636543|164638727|+|2184"
[203] "_R_N6931|dum_X2|164639284|164641466|+|2182"
[204] "_R_N6931|dum_X2|164625595|164627633|+|2038"
[205] "_R_N6931|dum_X2|164631056|164633094|+|2038"
[206] "_R_N6931|dum_2|110420229|110422267|+|2038" 
[207] "N6931|dum_4|76254736|76256839|+|2103"      
[208] "N6931|dum_2|13351388|13353353|+|1965"      
[209] "N6931|dum_8|60017458|60019425|+|1967"      
[210] "_R_N6931|dum_X2|164622749|164625066|+|2317"
[211] "_R_N6931|dum_X2|164628187|164630504|+|2317"
[212] "_R_N6931|dum_X2|164633668|164635986|+|2318"
[213] "_R_N6931|dum_6|198083341|198085657|+|2316" 
[214] "N6931|dum_2|157915687|157917996|+|2309"    
[215] "N6931|dum_2|157931212|157933521|+|2309"    
[216] "N6931|dum_10|33403278|33405602|+|2324"     
[217] "_R_N6931|dum_12|67711005|67713323|+|2318"  
[218] "_R_N6931|dum_8|13943052|13945356|+|2304"   
[219] "_R_N6931|dum_X2|164650679|164652983|+|2304"
[220] "_R_N6931|dum_2|201545994|201548308|+|2314" 
[221] "_R_N6931|dum_4|72512130|72514442|+|2312"   
[222] "_R_N6931|dum_11|37290595|37292911|+|2316"  
[223] "_R_N6931|dum_11|37306661|37308977|+|2316"  
[224] "N6931|dum_X1|207108554|207111032|+|2478"   
[225] "N6931|dum_11|107731836|107734062|+|2226"   
[226] "N6931|dum_1|269690492|269693024|+|2532"    
[227] "N6931|dum_1|269769452|269771984|+|2532"    
[228] "N6931|dum_1|269715813|269718343|+|2530"    
[229] "_R_N6931|dum_4|131907843|131910353|+|2510" 
[230] "N6931|dum_8|34603902|34606098|+|2196"      
[231] "N6931|dum_2|180605574|180607761|+|2187"    
[232] "_R_N6931|dum_4|72263860|72266060|+|2200"   
[233] "_R_N6931|dum_11|37271706|37273855|+|2149"  
[234] "N6931|dum_X2|71169834|71172018|+|2184"     
[235] "N6931|dum_8|60020062|60022255|+|2193"      
[236] "N6931|dum_4|239685777|239688291|+|2514"    
[237] "_R_N6931|dum_X2|164641970|164644496|+|2526"
[238] "N6931|dum_2|8836137|8838670|+|2533"        
[239] "N6931|dum_2|8842171|8844708|+|2537"        
[240] "N6931|dum_2|13360797|13363336|+|2539"      
[241] "N6931|dum_2|13346579|13349115|+|2536"      
[242] "_R_N6931|dum_4|205960455|205963006|+|2551" 
[243] "N6931|dum_2|13343527|13346078|+|2551"      
[244] "_R_N6931|dum_11|139963298|139965849|+|2551"
[245] "N6931|dum_4|239747256|239749418|+|2162"    
[246] "N6931|dum_X1|207111618|207114153|+|2535"   
[247] "N6931|ten_4|144925813|144928336|+|2523"    
[248] "_R_N6931|dum_X2|164619539|164621731|+|2192"
[249] "_R_N6931|dum_8|32718718|32720896|+|2178"   
[250] "_R_N6931|dum_4|131865506|131867673|+|2167" 
[251] "N6931|dum_8|105230648|105233175|+|2527"    
[252] "_R_N6931|dum_5|79268005|79270325|+|2320"   
[253] "N6931|dum_4|239676310|239678816|+|2506"    
[254] "N6931|dum_4|239701447|239703953|+|2506"    
[255] "N6931|dum_4|239755987|239758527|+|2540"    
[256] "_R_N6931|dum_12|47194399|47196907|+|2508"  
[257] "N6931|dum_6|53775411|53777918|+|2507"      
[258] "N6931|dum_11|163298136|163300638|+|2502"   
[259] "N6931|dum_4|239679776|239682278|+|2502"    
[260] "_R_N6931|ten_4|194831512|194834041|+|2529" 
[261] "N6931|ten_X2|78105933|78108462|+|2529"     
[262] "_R_N6931|dum_5|56216956|56219471|+|2515"   
[263] "_R_N6931|ten_1|292148487|292151031|+|2544" 
[264] "_R_N6931|ten_2|68870|71413|+|2543"         
[265] "N6931|ten_10|45551155|45553698|+|2543"     
[266] "_R_N6931|ten_X2|82336913|82339456|+|2543"  
[267] "_R_N6931|ten_X1|237909372|237911915|+|2543"
[268] "_R_N6931|ten_1|292122576|292125120|+|2544" 
[269] "_R_N6931|ten_4|143550734|143553278|+|2544" 
[270] "_R_N6931|ten_4|143604129|143606673|+|2544" 
[271] "_R_N6931|ten_9|149504228|149506772|+|2544" 
[272] "_R_N6931|ten_1|291946663|291949206|+|2543" 
[273] "_R_N6931|ten_10|87447676|87450219|+|2543"  
[274] "N6931|ten_3|44474393|44476936|+|2543"      
[275] "N6931|ten_11|46712524|46715067|+|2543"     
[276] "N6931|ten_5|193352590|193355135|+|2545"    
[277] "N6931|ten_X2|73115205|73117749|+|2544"     
[278] "_R_N6931|ten_4|143547226|143549769|+|2543" 
[279] "_R_N6931|ten_4|143597114|143599657|+|2543" 
[280] "_R_N6931|ten_6|57280299|57282842|+|2543"   
[281] "N6931|ten_7|39998657|40001200|+|2543"      
[282] "_R_N6931|ten_X1|12893344|12895887|+|2543"  
[283] "N6931|ten_1|291601440|291603983|+|2543"    
[284] "_R_N6931|ten_6|175914120|175916663|+|2543" 
[285] "_R_N6931|ten_X1|237905864|237908407|+|2543"
[286] "_R_N6931|ten_3|148899117|148901660|+|2543" 
[287] "_R_N6931|ten_3|148975586|148978129|+|2543" 
[288] "_R_N6931|ten_5|130349760|130352303|+|2543" 
[289] "_R_N6931|ten_X1|237919847|237922390|+|2543"
[290] "_R_N6931|ten_10|30246814|30249357|+|2543"  
[291] "_R_N6931|ten_10|30250322|30252865|+|2543"  
[292] "N6931|ten_1|291649658|291652201|+|2543"    
[293] "_R_N6931|ten_8|157103723|157106266|+|2543" 
[294] "N6931|ten_11|46709016|46711559|+|2543"     
[295] "N6931|ten_11|46719518|46722060|+|2542"     
[296] "_R_N6931|ten_3|13200219|13202761|+|2542"   
[297] "N6931|ten_X1|787186|789728|+|2542"         
[298] "_R_N6931|ten_1|33910620|33913163|+|2543"   
[299] "_R_N6931|ten_1|33914128|33916671|+|2543"   
[300] "_R_N6931|ten_3|67540004|67542547|+|2543"   
[301] "N6931|ten_4|49559371|49561913|+|2542"      
[302] "N6931|ten_6|191527719|191530259|+|2540"    
[303] "N6931|ten_5|61933455|61935996|+|2541"      
[304] "_R_N6931|ten_4|194778300|194780842|+|2542" 
[305] "_R_N6931|ten_4|194838500|194841042|+|2542" 
[306] "_R_N6931|ten_1|291985733|291988275|+|2542" 
[307] "_R_N6931|ten_2|75601409|75603951|+|2542"   
[308] "N6931|ten_1|291591836|291594378|+|2542"    
[309] "N6931|ten_1|291611226|291613768|+|2542"    
[310] "N6931|ten_1|291642968|291645510|+|2542"    
[311] "_R_N6931|ten_3|13264416|13266958|+|2542"   
[312] "_R_N6931|ten_1|291943206|291945698|+|2492" 
[313] "_R_N6931|ten_4|194821987|194824479|+|2492" 
[314] "N6931|ten_1|133077929|133080421|+|2492"    
[315] "N6931|ten_10|45496932|45499474|+|2542"     
[316] "N6931|ten_10|104403931|104406473|+|2542"   
[317] "N6931|ten_2|148133603|148136137|+|2534"    
[318] "_R_N6931|ten_4|143519601|143522029|+|2428" 
[319] "_R_N6931|ten_4|143530678|143533106|+|2428" 
[320] "N6931|ten_10|45547647|45550190|+|2543"     
[321] "_R_N6931|ten_10|87420720|87423243|+|2523"  
[322] "N6931|ten_2|141742260|141744783|+|2523"    
[323] "N6931|ten_X2|73122112|73124635|+|2523"     
[324] "_R_N6931|ten_3|148902625|148905170|+|2545" 
[325] "N6931|ten_1|291607730|291610261|+|2531"    
[326] "_R_N6931|ten_2|117960|120489|+|2529"       
[327] "_R_N6931|ten_4|194698460|194701006|+|2546" 
[328] "_R_N6931|ten_10|30263565|30266107|+|2542"  
[329] "_R_N6931|ten_2|108044964|108047506|+|2542" 
[330] "N6931|ten_3|44484570|44487112|+|2542"      
[331] "N6931|ten_1|138745932|138748473|+|2541"    
[332] "_R_N6931|ten_10|104612115|104614656|+|2541"
[333] "_R_N6931|ten_10|104624594|104627135|+|2541"
[334] "N6931|ten_2|148178637|148181178|+|2541"    
[335] "N6931|ten_7|95485459|95488000|+|2541"      
[336] "_R_N6931|ten_4|143600622|143603164|+|2542" 
[337] "_R_N6931|ten_4|194701971|194704514|+|2543" 
[338] "_R_N6931|ten_2|79515763|79518304|+|2541"   
[339] "_R_N6931|ten_5|130259784|130262325|+|2541" 
[340] "N6931|ten_1|138770019|138772558|+|2539"    
[341] "_R_N6931|ten_1|292129562|292132101|+|2539" 
[342] "N6931|ten_X2|73144416|73146955|+|2539"     
[343] "N6931|ten_5|62013037|62015576|+|2539"      
[344] "_R_N6931|ten_X1|35679577|35682115|+|2538"  
[345] "N6931|ten_5|62016541|62019067|+|2526"      
[346] "N6931|ten_5|62025860|62028386|+|2526"      
[347] "N6931|ten_7|113692649|113695193|+|2544"    
[348] "N6931|ten_2|148127125|148129669|+|2544"    
[349] "_R_N6931|ten_X1|237886475|237889018|+|2543"
[350] "N6931|ten_11|46705521|46708051|+|2530"     
[351] "N6931|ten_1|291614733|291617195|+|2462"    
[352] "_R_N6931|ten_1|33845778|33848307|+|2529"   
[353] "N6931|ten_1|291618245|291620774|+|2529"    
[354] "_R_N6931|ten_10|30280632|30283161|+|2529"  
[355] "N6931|ten_11|46929386|46931915|+|2529"     
[356] "_R_N6931|ten_2|231340831|231343360|+|2529" 
[357] "_R_N6931|ten_4|194790361|194792890|+|2529" 
[358] "_R_N6931|ten_4|194835006|194837535|+|2529" 
[359] "_R_N6931|ten_5|130250341|130252870|+|2529" 
[360] "_R_N6931|ten_X1|35676083|35678612|+|2529"  
[361] "N6931|ten_7|106443588|106446117|+|2529"    
[362] "N6931|ten_11|106199991|106202520|+|2529"   
[363] "N6931|ten_4|49572811|49575340|+|2529"      
[364] "_R_N6931|ten_10|16612783|16615223|+|2440"  
[365] "_R_N6931|ten_X1|203861117|203863557|+|2440"
[366] "_R_N6931|ten_2|133689|136111|+|2422"       
[367] "_R_N6931|dum_8|122774876|122777192|+|2316" 
[368] "_R_N6931|ten_6|57179281|57181799|+|2518"   
[369] "N6931|ten_X1|737947|740464|+|2517"         
[370] "N6931|ten_11|106206974|106209492|+|2518"   
[371] "_R_N6931|ten_1|292023754|292026273|+|2519" 
[372] "_R_N6931|ten_4|143554243|143556760|+|2517" 
[373] "_R_N6931|ten_X2|44693387|44695904|+|2517"  
[374] "_R_N6931|ten_5|130356667|130359184|+|2517" 
[375] "_R_N6931|ten_X1|35614756|35617275|+|2519"  
[376] "_R_N6931|ten_X1|35643552|35646071|+|2519"  
[377] "_R_N6931|ten_2|108022548|108025069|+|2521" 
[378] "N6931|ten_3|44477901|44480422|+|2521"      
[379] "_R_N6931|ten_1|121799490|121802011|+|2521" 
[380] "_R_N6931|ten_X1|35647036|35649557|+|2521"  
[381] "_R_N6931|ten_10|87440704|87443225|+|2521"  
[382] "_R_N6931|ten_3|13267923|13270444|+|2521"   
[383] "_R_N6931|ten_10|87387053|87389574|+|2521"  
[384] "N6931|ten_10|45544161|45546682|+|2521"     
[385] "_R_N6931|ten_1|273355384|273357905|+|2521" 
[386] "_R_N6931|ten_10|87339579|87342100|+|2521"  
[387] "_R_N6931|ten_2|108026035|108028556|+|2521" 
[388] "_R_N6931|ten_3|120607749|120610270|+|2521" 
[389] "N6931|ten_6|155755195|155757716|+|2521"    
[390] "_R_N6931|ten_8|157110199|157112720|+|2521" 
[391] "N6931|ten_2|148108642|148111158|+|2516"    
[392] "N6931|ten_2|148142034|148144550|+|2516"    
[393] "N6931|ten_2|148160782|148163298|+|2516"    
[394] "N6931|ten_11|46925905|46928421|+|2516"     
[395] "_R_N6931|ten_3|148919200|148921719|+|2519" 
[396] "_R_N6931|ten_10|87444191|87446711|+|2520"  
[397] "N6931|ten_7|39995162|39997692|+|2530"      
[398] "_R_N6931|ten_3|120595660|120598042|+|2382" 
[399] "_R_N6931|dum_4|115875196|115877724|+|2528" 
[400] "_R_N6931|dum_3|140365008|140367278|+|2270" 
[401] "N6931|dum_4|56033398|56035617|+|2219"      
[402] "N6931|ten_8|119048610|119051176|+|2566"    
[403] "_R_N6931|ten_8|119309592|119311938|+|2346" 
[404] "_R_N6931|dum_4|106038936|106041397|+|2461" 
[405] "_R_N6931|dum_X1|259641669|259644019|+|2350"
[406] "_R_N6931|ten_X1|237877081|237879442|+|2361"
[407] "N6931|dum_6|208999417|209001902|+|2485"    
[408] "N6931|dum_6|209006520|209009005|+|2485"    
[409] "N6931|dum_1|95091125|95093617|+|2492"      
