jobinfo 30048833
getting scaled timeline
   [1] "N915|dum_1|153962958|153964002|+|1044"    
   [2] "_R_N915|dum_6|198081360|198082404|+|1044" 
   [3] "_R_N915|dum_5|56221352|56222396|+|1044"   
   [4] "_R_N915|dum_4|140410253|140411297|+|1044" 
   [5] "_R_N915|dum_5|161875238|161876283|+|1045" 
   [6] "_R_N915|dum_8|105133429|105134473|+|1044" 
   [7] "N915|dum_12|82965068|82966112|+|1044"     
   [8] "N915|dum_5|99988017|99989061|+|1044"      
   [9] "N915|dum_5|100724863|100725908|+|1045"    
  [10] "_R_N915|dum_8|86125170|86126213|+|1043"   
  [11] "N915|dum_7|148651694|148652738|+|1044"    
  [12] "N915|dum_11|120899821|120900869|+|1048"   
  [13] "N915|dum_1|232458951|232459995|+|1044"    
  [14] "_R_N915|dum_10|182591888|182592932|+|1044"
  [15] "_R_N915|dum_4|72425089|72426133|+|1044"   
  [16] "N915|dum_12|78599224|78600268|+|1044"     
  [17] "N915|dum_X1|144821622|144822666|+|1044"   
  [18] "_R_N915|dum_4|72379973|72381018|+|1045"   
  [19] "_R_N915|dum_6|96786696|96787740|+|1044"   
  [20] "N915|dum_11|135211716|135212751|+|1035"   
  [21] "N915|dum_3|43914896|43915953|+|1057"      
  [22] "_R_N915|dum_2|39491453|39492497|+|1044"   
  [23] "N915|dum_3|43900272|43901316|+|1044"      
  [24] "_R_N915|dum_1|28117702|28118746|+|1044"   
  [25] "_R_N915|dum_1|28123769|28124813|+|1044"   
  [26] "_R_N915|dum_10|147347830|147348874|+|1044"
  [27] "_R_N915|dum_2|102346346|102347390|+|1044" 
  [28] "_R_N915|dum_10|147330271|147331315|+|1044"
  [29] "_R_N915|dum_X2|164667230|164668274|+|1044"
  [30] "_R_N915|dum_3|86470312|86471356|+|1044"   
  [31] "N915|dum_8|34648597|34649642|+|1045"      
  [32] "N915|dum_11|30601182|30602226|+|1044"     
  [33] "_R_N915|dum_4|115894119|115895163|+|1044" 
  [34] "_R_N915|dum_4|131930893|131931937|+|1044" 
  [35] "_R_N915|dum_10|171500777|171501821|+|1044"
  [36] "N915|dum_2|127855474|127856518|+|1044"    
  [37] "_R_N915|dum_5|79287331|79288375|+|1044"   
  [38] "N915|dum_2|24733802|24734847|+|1045"      
  [39] "_R_N915|dum_5|78577709|78578753|+|1044"   
  [40] "_R_N915|dum_7|149146309|149147353|+|1044" 
  [41] "_R_N915|dum_10|29345953|29346998|+|1045"  
  [42] "_R_N915|dum_10|29349969|29351014|+|1045"  
  [43] "_R_N915|dum_10|29337932|29338977|+|1045"  
  [44] "_R_N915|dum_10|29341937|29342982|+|1045"  
  [45] "_R_N915|dum_1|267188176|267189224|+|1048" 
  [46] "_R_N915|dum_10|29324862|29325910|+|1048"  
  [47] "N915|dum_5|86612503|86613551|+|1048"      
  [48] "_R_N915|dum_8|60144094|60145142|+|1048"   
  [49] "_R_N915|dum_5|101315072|101316120|+|1048" 
  [50] "_R_N915|dum_4|58573681|58574729|+|1048"   
  [51] "_R_N915|dum_11|139989919|139990967|+|1048"
  [52] "_R_N915|dum_11|139992415|139993463|+|1048"
  [53] "N915|dum_10|120455634|120456682|+|1048"   
  [54] "N915|dum_2|8690188|8691236|+|1048"        
  [55] "N915|dum_2|8761694|8762742|+|1048"        
  [56] "N915|dum_2|8650413|8651461|+|1048"        
  [57] "N915|dum_2|8861928|8862976|+|1048"        
  [58] "N915|dum_4|42447780|42448828|+|1048"      
  [59] "_R_N915|dum_12|47232621|47233669|+|1048"  
  [60] "_R_N915|dum_12|47220549|47221597|+|1048"  
  [61] "_R_N915|dum_4|58570686|58571734|+|1048"   
  [62] "N915|dum_2|28012219|28013267|+|1048"      
  [63] "N915|dum_2|28018137|28019185|+|1048"      
  [64] "N915|dum_2|28031644|28032692|+|1048"      
  [65] "_R_N915|dum_5|101280284|101281331|+|1047" 
  [66] "N915|dum_2|28006325|28007367|+|1042"      
  [67] "N915|dum_2|28021119|28022156|+|1037"      
  [68] "N915|dum_11|120893826|120894874|+|1048"   
  [69] "N915|dum_11|120896824|120897871|+|1047"   
  [70] "N915|dum_10|115801264|115802314|+|1050"   
  [71] "N915|dum_4|42405761|42406811|+|1050"      
  [72] "_R_N915|dum_11|139966928|139967978|+|1050"
  [73] "_R_N915|dum_10|147316725|147317775|+|1050"
  [74] "_R_N915|dum_11|37318950|37320000|+|1050"  
  [75] "N915|dum_10|33400650|33401700|+|1050"     
  [76] "N915|dum_8|105023262|105024291|+|1029"    
  [77] "N915|dum_8|105028836|105029869|+|1033"    
  [78] "N915|dum_8|105034415|105035449|+|1034"    
  [79] "N915|dum_8|105037124|105037965|+|841"     
  [80] "N915|dum_8|105017273|105018321|+|1048"    
  [81] "N915|dum_8|105020257|105021303|+|1046"    
  [82] "_R_N915|dum_4|72430848|72431895|+|1047"   
  [83] "_R_N915|dum_5|56224332|56225379|+|1047"   
  [84] "N915|dum_8|113649289|113650336|+|1047"    
  [85] "N915|dum_5|86627412|86628459|+|1047"      
  [86] "N915|dum_5|86636355|86637402|+|1047"      
  [87] "N915|dum_8|59986136|59987183|+|1047"      
  [88] "N915|dum_1|199083613|199084658|+|1045"    
  [89] "N915|dum_8|57861180|57862227|+|1047"      
  [90] "_R_N915|dum_9|46653877|46654924|+|1047"   
  [91] "_R_N915|dum_10|29333910|29334958|+|1048"  
  [92] "N915|dum_4|239706919|239707966|+|1047"    
  [93] "N915|dum_4|239719618|239720665|+|1047"    
  [94] "_R_N915|dum_10|147333264|147334311|+|1047"
  [95] "_R_N915|dum_10|147337124|147338171|+|1047"
  [96] "_R_N915|dum_10|147384317|147385363|+|1046"
  [97] "N915|dum_8|60014370|60015417|+|1047"      
  [98] "N915|dum_2|152696572|152697623|+|1051"    
  [99] "N915|dum_11|129665209|129666256|+|1047"   
 [100] "_R_N915|dum_10|143709226|143710273|+|1047"
 [101] "N915|dum_2|8640697|8641743|+|1046"        
 [102] "N915|dum_2|197569108|197570155|+|1047"    
 [103] "N915|dum_2|8705590|8706637|+|1047"        
 [104] "N915|dum_4|42433482|42434529|+|1047"      
 [105] "N915|dum_7|11586064|11587111|+|1047"      
 [106] "_R_N915|dum_6|177648769|177649820|+|1051" 
 [107] "N915|dum_6|141008785|141009832|+|1047"    
 [108] "N915|dum_6|141014734|141015781|+|1047"    
 [109] "N915|dum_2|127858467|127859514|+|1047"    
 [110] "N915|dum_11|107712675|107713721|+|1046"   
 [111] "N915|dum_11|107715633|107716680|+|1047"   
 [112] "_R_N915|dum_10|42153706|42154752|+|1046"  
 [113] "_R_N915|dum_10|42165192|42166242|+|1050"  
 [114] "N915|dum_3|152963394|152964439|+|1045"    
 [115] "N915|dum_3|152971455|152972501|+|1046"    
 [116] "N915|dum_1|199080006|199081052|+|1046"    
 [117] "_R_N915|dum_12|119393771|119394817|+|1046"
 [118] "_R_N915|dum_2|200722664|200723710|+|1046" 
 [119] "N915|dum_6|138816176|138817222|+|1046"    
 [120] "_R_N915|dum_9|50059583|50060629|+|1046"   
 [121] "_R_N915|dum_5|56227315|56228361|+|1046"   
 [122] "N915|dum_1|269568576|269569622|+|1046"    
 [123] "_R_N915|dum_1|265170630|265171676|+|1046" 
 [124] "_R_N915|dum_1|265176609|265177655|+|1046" 
 [125] "_R_N915|dum_1|265182597|265183643|+|1046" 
 [126] "_R_N915|dum_8|60045445|60046491|+|1046"   
 [127] "N915|dum_3|243878446|243879492|+|1046"    
 [128] "_R_N915|dum_1|210900439|210901485|+|1046" 
 [129] "N915|dum_4|42442314|42443360|+|1046"      
 [130] "N915|dum_7|11576439|11577485|+|1046"      
 [131] "_R_N915|dum_4|219496780|219497826|+|1046" 
 [132] "N915|dum_7|169959199|169960245|+|1046"    
 [133] "_R_N915|dum_12|47214536|47215582|+|1046"  
 [134] "_R_N915|dum_4|72288391|72289437|+|1046"   
 [135] "_R_N915|dum_10|143628754|143629800|+|1046"
 [136] "_R_N915|dum_12|67732745|67733791|+|1046"  
 [137] "N915|dum_2|45728112|45729158|+|1046"      
 [138] "N915|dum_X1|109907771|109908817|+|1046"   
 [139] "_R_N915|dum_5|79274890|79275936|+|1046"   
 [140] "N915|dum_8|107762529|107763575|+|1046"    
 [141] "N915|dum_4|247229056|247230102|+|1046"    
 [142] "N915|dum_8|107998998|108000044|+|1046"    
 [143] "N915|dum_1|199113280|199114326|+|1046"    
 [144] "_R_N915|dum_5|101248636|101249682|+|1046" 
 [145] "_R_N915|dum_9|46656874|46657920|+|1046"   
 [146] "N915|dum_6|124972802|124973848|+|1046"    
 [147] "N915|dum_4|93804163|93805209|+|1046"      
 [148] "N915|dum_11|131203384|131204430|+|1046"   
 [149] "_R_N915|dum_4|72497257|72498303|+|1046"   
 [150] "N915|dum_2|8864171|8865217|+|1046"        
 [151] "N915|dum_2|8857446|8858492|+|1046"        
 [152] "N915|dum_8|60023404|60024452|+|1048"      
 [153] "N915|dum_X1|207120753|207121809|+|1056"   
 [154] "_R_N915|dum_8|105165796|105166841|+|1045" 
 [155] "N915|dum_6|140979063|140980109|+|1046"    
 [156] "N915|dum_2|200844155|200845197|+|1042"    
 [157] "N915|dum_4|42450777|42451819|+|1042"      
 [158] "_R_N915|dum_9|88596872|88597919|+|1047"   
 [159] "_R_N915|dum_12|67723763|67724808|+|1045"  
 [160] "N915|dum_8|107777374|107778422|+|1048"    
 [161] "N915|dum_8|107980306|107981354|+|1048"    
 [162] "N915|dum_1|199096467|199097515|+|1048"    
 [163] "N915|dum_6|138829031|138830080|+|1049"    
 [164] "_R_N915|dum_1|179137552|179138601|+|1049" 
 [165] "N915|dum_1|179142252|179143301|+|1049"    
 [166] "N915|dum_2|127880789|127881839|+|1050"    
 [167] "N915|dum_8|38264827|38265865|+|1038"      
 [168] "_R_N915|ten_9|149542732|149543770|+|1038" 
 [169] "_R_N915|dum_5|101254629|101255666|+|1037" 
 [170] "_R_N915|dum_5|101274059|101275096|+|1037" 
 [171] "_R_N915|dum_5|101271114|101272151|+|1037" 
 [172] "N915|dum_X1|207126358|207127395|+|1037"   
 [173] "_R_N915|dum_X1|145048930|145049968|+|1038"
 [174] "_R_N915|dum_X2|94250408|94251445|+|1037"  
 [175] "_R_N915|dum_1|16566566|16567603|+|1037"   
 [176] "_R_N915|dum_10|33437426|33438482|+|1056"  
 [177] "_R_N915|dum_6|220312251|220313310|+|1059" 
 [178] "N915|dum_4|239731998|239733051|+|1053"    
 [179] "N915|dum_4|239940564|239941620|+|1056"    
 [180] "_R_N915|dum_5|160245732|160246790|+|1058" 
 [181] "N915|dum_4|239753371|239754423|+|1052"    
 [182] "N915|dum_3|43926345|43927400|+|1055"      
 [183] "N915|dum_3|43935978|43937043|+|1065"      
 [184] "N915|dum_3|43923131|43924187|+|1056"      
 [185] "N915|dum_3|43954447|43955515|+|1068"      
 [186] "_R_N915|dum_8|15228875|15229928|+|1053"   
 [187] "N915|dum_6|79210539|79211596|+|1057"      
 [188] "_R_N915|dum_8|38397960|38399016|+|1056"   
 [189] "N915|dum_3|43897267|43898323|+|1056"      
 [190] "_R_N915|dum_12|47244712|47245764|+|1052"  
 [191] "N915|dum_X1|207114932|207115814|+|882"    
 [192] "_R_N915|dum_3|86457918|86458926|+|1008"   
 [193] "N915|dum_4|239925417|239926467|+|1050"    
 [194] "N915|dum_4|239931467|239932517|+|1050"    
 [195] "N915|dum_1|199093479|199094518|+|1039"    
 [196] "N915|dum_6|138826043|138827082|+|1039"    
 [197] "_R_N915|ten_2|79498129|79499167|+|1038"   
 [198] "_R_N915|ten_9|142201097|142202137|+|1040" 
 [199] "_R_N915|dum_1|265173614|265174660|+|1046" 
 [200] "_R_N915|dum_1|267191174|267192225|+|1051" 
 [201] "_R_N915|dum_8|105168789|105169840|+|1051" 
 [202] "N915|dum_5|190412911|190413962|+|1051"    
 [203] "N915|dum_10|120450711|120451762|+|1051"   
 [204] "N915|dum_3|198809699|198810733|+|1034"    
 [205] "N915|dum_7|31016988|31018022|+|1034"      
 [206] "N915|dum_6|125040298|125041332|+|1034"    
 [207] "_R_N915|dum_12|67729751|67730795|+|1044"  
 [208] "_R_N915|dum_12|47229631|47230670|+|1039"  
 [209] "_R_N915|dum_12|47247713|47248752|+|1039"  
 [210] "N915|dum_11|33351310|33352349|+|1039"     
 [211] "_R_N915|dum_9|88589657|88590696|+|1039"   
 [212] "_R_N915|dum_9|88612809|88613848|+|1039"   
 [213] "N915|dum_2|200925662|200926701|+|1039"    
 [214] "N915|dum_4|98386079|98387118|+|1039"      
 [215] "N915|dum_4|98433175|98434214|+|1039"      
 [216] "N915|dum_1|269489093|269490132|+|1039"    
 [217] "N915|dum_1|269495748|269496787|+|1039"    
 [218] "N915|dum_8|60008471|60009511|+|1040"      
 [219] "N915|dum_3|147051677|147052716|+|1039"    
 [220] "_R_N915|dum_4|72436813|72437853|+|1040"   
 [221] "_R_N915|dum_4|72439792|72440832|+|1040"   
 [222] "_R_N915|dum_4|72433833|72434874|+|1041"   
 [223] "N915|dum_6|140999855|141000899|+|1044"    
 [224] "_R_N915|dum_5|161878167|161879203|+|1036" 
 [225] "_R_N915|dum_5|161887047|161888083|+|1036" 
 [226] "_R_N915|dum_5|161895942|161896978|+|1036" 
 [227] "_R_N915|dum_5|161884126|161885162|+|1036" 
 [228] "_R_N915|dum_5|161901844|161902879|+|1035" 
 [229] "N915|dum_10|33451530|33452566|+|1036"     
 [230] "_R_N915|dum_5|112150187|112151223|+|1036" 
 [231] "_R_N915|dum_5|112156094|112157130|+|1036" 
 [232] "N915|dum_11|135199770|135200806|+|1036"   
 [233] "_R_N915|dum_6|219278112|219279148|+|1036" 
 [234] "_R_N915|dum_8|15231880|15232916|+|1036"   
 [235] "_R_N915|dum_5|161898924|161899960|+|1036" 
 [236] "_R_N915|dum_5|161857489|161858526|+|1037" 
 [237] "_R_N915|dum_6|219268718|219269755|+|1037" 
 [238] "_R_N915|dum_5|161866347|161867384|+|1037" 
 [239] "_R_N915|dum_5|161872253|161873290|+|1037" 
 [240] "_R_N915|dum_5|161860432|161861468|+|1036" 
 [241] "_R_N915|dum_6|219271695|219272731|+|1036" 
 [242] "_R_N915|dum_5|86595071|86596107|+|1036"   
 [243] "_R_N915|dum_5|86598056|86599090|+|1034"   
 [244] "_R_N915|dum_5|161869332|161870369|+|1037" 
 [245] "N915|dum_11|135202755|135203791|+|1036"   
 [246] "N915|dum_11|135205740|135206779|+|1039"   
 [247] "N915|dum_4|42408761|42409803|+|1042"      
 [248] "N915|dum_4|42427649|42428694|+|1045"      
 [249] "N915|dum_11|30577242|30578291|+|1049"     
 [250] "_R_N915|dum_11|37302882|37303927|+|1045"  
 [251] "_R_N915|dum_2|102340357|102341403|+|1046" 
 [252] "N915|dum_2|8814764|8815809|+|1045"        
 [253] "N915|dum_6|170837679|170838724|+|1045"    
 [254] "_R_N915|dum_7|98586547|98587592|+|1045"   
 [255] "N915|dum_7|169970374|169971419|+|1045"    
 [256] "_R_N915|dum_9|88623373|88624419|+|1046"   
 [257] "_R_N915|dum_4|72267625|72268670|+|1045"   
 [258] "_R_N915|dum_3|167033823|167034868|+|1045" 
 [259] "_R_N915|dum_4|140404052|140405097|+|1045" 
 [260] "_R_N915|dum_9|46659870|46660915|+|1045"   
 [261] "_R_N915|dum_8|38626278|38627323|+|1045"   
 [262] "_R_N915|dum_6|219262327|219263372|+|1045" 
 [263] "_R_N915|dum_4|219426260|219427305|+|1045" 
 [264] "N915|dum_12|82970867|82971912|+|1045"     
 [265] "N915|dum_7|11604611|11605656|+|1045"      
 [266] "N915|dum_12|88566437|88567482|+|1045"     
 [267] "_R_N915|dum_5|79271895|79272940|+|1045"   
 [268] "_R_N915|dum_5|79303824|79304870|+|1046"   
 [269] "N915|dum_7|169973355|169974400|+|1045"    
 [270] "N915|dum_7|169976345|169977390|+|1045"    
 [271] "N915|dum_7|169962181|169963226|+|1045"    
 [272] "_R_N915|dum_12|58368336|58369381|+|1045"  
 [273] "N915|dum_3|38953803|38954848|+|1045"      
 [274] "N915|dum_1|265128720|265129765|+|1045"    
 [275] "N915|dum_7|31019971|31021016|+|1045"      
 [276] "_R_N915|dum_4|140416088|140417134|+|1046" 
 [277] "N915|dum_2|45743618|45744663|+|1045"      
 [278] "N915|dum_2|8799756|8800801|+|1045"        
 [279] "_R_N915|dum_X1|40459120|40460166|+|1046"  
 [280] "N915|dum_1|179109019|179110064|+|1045"    
 [281] "N915|dum_5|190486130|190487175|+|1045"    
 [282] "N915|dum_6|140934645|140935690|+|1045"    
 [283] "N915|dum_11|67328163|67329208|+|1045"     
 [284] "N915|dum_6|140982050|140983094|+|1044"    
 [285] "_R_N915|dum_X1|145111623|145112668|+|1045"
 [286] "_R_N915|dum_1|28111631|28112676|+|1045"   
 [287] "_R_N915|dum_10|143610463|143611508|+|1045"
 [288] "_R_N915|dum_8|122788500|122789544|+|1044" 
 [289] "N915|dum_2|8752729|8753774|+|1045"        
 [290] "N915|dum_2|8754969|8756014|+|1045"        
 [291] "N915|dum_2|8757210|8758255|+|1045"        
 [292] "N915|dum_2|8678991|8680036|+|1045"        
 [293] "N915|dum_2|8681232|8682277|+|1045"        
 [294] "N915|dum_2|8645933|8646978|+|1045"        
 [295] "N915|dum_2|8676751|8677796|+|1045"        
 [296] "N915|dum_2|8643693|8644738|+|1045"        
 [297] "N915|dum_2|8855206|8856248|+|1042"        
 [298] "N915|dum_2|8859688|8860733|+|1045"        
 [299] "N915|dum_2|197536068|197537113|+|1045"    
 [300] "N915|dum_2|197542028|197543073|+|1045"    
 [301] "N915|dum_2|197553964|197555009|+|1045"    
 [302] "N915|dum_12|82911731|82912776|+|1045"     
 [303] "N915|dum_12|82939642|82940687|+|1045"     
 [304] "_R_N915|dum_1|16563722|16564768|+|1046"   
 [305] "_R_N915|dum_4|72494777|72495822|+|1045"   
 [306] "N915|dum_11|131178047|131179092|+|1045"   
 [307] "N915|dum_5|190477186|190478231|+|1045"    
 [308] "N915|dum_5|190489124|190490168|+|1044"    
 [309] "_R_N915|dum_X2|51660713|51661755|+|1042"  
 [310] "_R_N915|dum_X2|51663691|51664733|+|1042"  
 [311] "N915|dum_2|28028840|28029692|+|852"       
 [312] "_R_N915|dum_1|179134557|179135602|+|1045" 
 [313] "N915|dum_11|107721153|107722198|+|1045"   
 [314] "N915|dum_7|11573459|11574504|+|1045"      
 [315] "N915|dum_11|30580241|30581286|+|1045"     
 [316] "_R_N915|dum_9|46662865|46663910|+|1045"   
 [317] "_R_N915|dum_2|102343352|102344397|+|1045" 
 [318] "N915|dum_2|102610858|102611903|+|1045"    
 [319] "_R_N915|dum_10|147370104|147371149|+|1045"
 [320] "_R_N915|dum_2|102355904|102356949|+|1045" 
 [321] "_R_N915|dum_2|44597330|44598375|+|1045"   
 [322] "N915|dum_2|24767520|24768563|+|1043"      
 [323] "N915|dum_2|28000429|28001473|+|1044"      
 [324] "N915|dum_7|44040833|44041878|+|1045"      
 [325] "_R_N915|dum_9|26828798|26829843|+|1045"   
 [326] "_R_N915|dum_9|50056613|50057658|+|1045"   
 [327] "_R_N915|dum_6|130771353|130772398|+|1045" 
 [328] "N915|dum_3|147042122|147043167|+|1045"    
 [329] "_R_N915|dum_4|115885205|115886250|+|1045" 
 [330] "N915|dum_2|24729590|24730635|+|1045"      
 [331] "_R_N915|dum_7|44066004|44067051|+|1047"   
 [332] "_R_N915|dum_7|98583561|98584609|+|1048"   
 [333] "_R_N915|dum_9|46671834|46672881|+|1047"   
 [334] "N915|dum_10|115804263|115805314|+|1051"   
 [335] "N915|dum_10|115806564|115807615|+|1051"   
 [336] "_R_N915|dum_10|143531568|143532619|+|1051"
 [337] "N915|dum_4|239683162|239684215|+|1053"    
 [338] "_R_N915|dum_12|47211530|47212581|+|1051"  
 [339] "_R_N915|dum_6|220306284|220307338|+|1054" 
 [340] "_R_N915|dum_6|220309276|220310327|+|1051" 
 [341] "_R_N915|dum_6|220303289|220304346|+|1057" 
 [342] "_R_N915|dum_4|219487911|219488966|+|1055" 
 [343] "N915|dum_7|147331418|147332469|+|1051"    
 [344] "N915|dum_11|129660211|129661264|+|1053"   
 [345] "N915|dum_3|43957674|43958728|+|1054"      
 [346] "N915|dum_3|43960901|43961962|+|1061"      
 [347] "N915|dum_3|43929558|43930611|+|1053"      
 [348] "N915|dum_3|43939201|43940255|+|1054"      
 [349] "N915|dum_3|43945218|43946275|+|1057"      
 [350] "N915|dum_3|43932769|43933820|+|1051"      
 [351] "N915|dum_3|43951234|43952288|+|1054"      
 [352] "N915|dum_3|43942205|43943268|+|1063"      
 [353] "N915|dum_3|43948225|43949284|+|1059"      
 [354] "N915|dum_3|43908486|43909537|+|1051"      
 [355] "N915|dum_10|33457439|33458490|+|1051"     
 [356] "_R_N915|dum_8|38376511|38377564|+|1053"   
 [357] "_R_N915|dum_10|143696719|143697772|+|1053"
 [358] "_R_N915|dum_10|29312182|29313238|+|1056"  
 [359] "_R_N915|dum_10|29417567|29418635|+|1068"  
 [360] "_R_N915|dum_10|29420585|29421647|+|1062"  
 [361] "_R_N915|dum_10|29414545|29415618|+|1073"  
 [362] "_R_N915|dum_10|29411530|29412596|+|1066"  
 [363] "_R_N915|dum_5|161838280|161839316|+|1036" 
 [364] "_R_N915|dum_5|161835307|161836341|+|1034" 
 [365] "N915|dum_X1|161934277|161935326|+|1049"   
 [366] "N915|dum_10|106486006|106487055|+|1049"   
 [367] "N915|dum_1|57691426|57692475|+|1049"      
 [368] "_R_N915|dum_10|143735539|143736590|+|1051"
 [369] "N915|dum_10|115809563|115810612|+|1049"   
 [370] "_R_N915|dum_10|29329890|29330939|+|1049"  
 [371] "N915|dum_10|33454455|33455504|+|1049"     
 [372] "_R_N915|dum_4|72285395|72286444|+|1049"   
 [373] "_R_N915|dum_10|147351687|147352736|+|1049"
 [374] "N915|dum_5|86639336|86640385|+|1049"      
 [375] "_R_N915|dum_3|201536158|201537207|+|1049" 
 [376] "N915|dum_6|141002834|141003883|+|1049"    
 [377] "_R_N915|dum_2|114985001|114986050|+|1049" 
 [378] "N915|dum_7|147328437|147329486|+|1049"    
 [379] "N915|dum_1|269663524|269664573|+|1049"    
 [380] "N915|dum_5|210100992|210102041|+|1049"    
 [381] "N915|dum_10|120460248|120461297|+|1049"   
 [382] "N915|dum_10|120446873|120447922|+|1049"   
 [383] "N915|dum_2|8683472|8684513|+|1041"        
 [384] "N915|dum_2|8687952|8688993|+|1041"        
 [385] "N915|dum_2|8685708|8686757|+|1049"        
 [386] "N915|dum_2|8703346|8704395|+|1049"        
 [387] "N915|dum_2|8759450|8760499|+|1049"        
 [388] "_R_N915|ten_3|148950094|148951135|+|1041" 
 [389] "_R_N915|ten_4|194730130|194731171|+|1041" 
 [390] "_R_N915|ten_4|143685897|143686939|+|1042" 
 [391] "_R_N915|ten_X1|35634783|35635796|+|1013"  
 [392] "_R_N915|ten_6|57278363|57279418|+|1055"   
 [393] "_R_N915|ten_1|4131061|4132118|+|1057"     
 [394] "_R_N915|ten_4|194819590|194820632|+|1042" 
 [395] "_R_N915|dum_8|38623440|38624461|+|1021"   
 [396] "N915|dum_X2|96733567|96734587|+|1020"     
 [397] "_R_N915|ten_2|112534|113591|+|1057"       
 [398] "N915|ten_5|62044206|62045259|+|1053"      
 [399] "N915|ten_5|61919319|61920361|+|1042"      
 [400] "_R_N915|ten_1|292003738|292004787|+|1049" 
 [401] "N915|dum_2|201095967|201097007|+|1040"    
 [402] "N915|dum_2|201108627|201109667|+|1040"    
 [403] "_R_N915|dum_2|191484707|191485747|+|1040" 
 [404] "_R_N915|dum_7|94863890|94864930|+|1040"   
 [405] "N915|dum_2|201121287|201122327|+|1040"    
 [406] "N915|dum_12|113543051|113544091|+|1040"   
 [407] "N915|dum_12|16558559|16559599|+|1040"     
 [408] "_R_N915|ten_1|291719278|291720318|+|1040" 
 [409] "_R_N915|dum_5|112135306|112136346|+|1040" 
 [410] "_R_N915|dum_5|112138295|112139335|+|1040" 
 [411] "N915|dum_11|143294592|143295632|+|1040"   
 [412] "N915|dum_11|33362010|33363050|+|1040"     
 [413] "_R_N915|dum_12|67703089|67704129|+|1040"  
 [414] "_R_N915|dum_12|67752764|67753804|+|1040"  
 [415] "_R_N915|dum_12|47206717|47207757|+|1040"  
 [416] "_R_N915|dum_12|47238726|47239766|+|1040"  
 [417] "_R_N915|dum_12|47241717|47242756|+|1039"  
 [418] "N915|dum_2|200968867|200969907|+|1040"    
 [419] "N915|dum_10|115812559|115813599|+|1040"   
 [420] "N915|dum_2|8784869|8785909|+|1040"        
 [421] "N915|dum_X2|71154533|71155573|+|1040"     
 [422] "_R_N915|dum_X2|51666613|51667653|+|1040"  
 [423] "N915|dum_6|138832028|138833068|+|1040"    
 [424] "_R_N915|dum_8|32785294|32786334|+|1040"   
 [425] "N915|dum_5|100716555|100717595|+|1040"    
 [426] "_R_N915|dum_8|32663699|32664736|+|1037"   
 [427] "_R_N915|dum_8|32738065|32739102|+|1037"   
 [428] "N915|dum_3|152957877|152958915|+|1038"    
 [429] "N915|dum_3|152960413|152961451|+|1038"    
 [430] "N915|dum_8|60011559|60012579|+|1020"      
 [431] "N915|dum_X1|34570577|34571600|+|1023"     
 [432] "_R_N915|dum_8|60141116|60142136|+|1020"   
 [433] "_R_N915|dum_X1|99548350|99549399|+|1049"  
 [434] "N915|dum_5|86621448|86622495|+|1047"      
 [435] "N915|dum_5|86618466|86619512|+|1046"      
 [436] "N915|dum_5|86615485|86616530|+|1045"      
 [437] "N915|dum_5|86624431|86625476|+|1045"      
 [438] "N915|dum_5|86630393|86631438|+|1045"      
 [439] "N915|dum_5|86633374|86634419|+|1045"      
 [440] "_R_N915|dum_5|161890031|161891073|+|1042" 
 [441] "N915|dum_8|34621550|34622591|+|1041"      
 [442] "_R_N915|dum_2|44576668|44577666|+|998"    
 [443] "_R_N915|dum_2|44589621|44590619|+|998"    
 [444] "_R_N915|dum_2|44584025|44585022|+|997"    
 [445] "_R_N915|dum_1|210912770|210913767|+|997"  
 [446] "_R_N915|dum_1|267177424|267178425|+|1001" 
 [447] "_R_N915|dum_1|267182625|267183626|+|1001" 
 [448] "_R_N915|dum_1|267174827|267175826|+|999"  
 [449] "_R_N915|dum_1|267185224|267186226|+|1002" 
 [450] "_R_N915|dum_1|267194537|267195540|+|1003" 
 [451] "_R_N915|dum_1|267180023|267181027|+|1004" 
 [452] "N915|dum_3|152901520|152902524|+|1004"    
 [453] "N915|dum_10|33422744|33423743|+|999"      
 [454] "N915|dum_8|105026227|105027229|+|1002"    
 [455] "N915|dum_8|105031805|105032807|+|1002"    
 [456] "N915|dum_8|105039901|105040903|+|1002"    
 [457] "_R_N915|dum_X1|145065868|145066866|+|998" 
 [458] "_R_N915|dum_X1|145071236|145072234|+|998" 
 [459] "_R_N915|dum_12|90880792|90881791|+|999"   
 [460] "_R_N915|dum_4|72444053|72445051|+|998"    
 [461] "N915|dum_9|107865301|107866299|+|998"     
 [462] "_R_N915|dum_X1|145105900|145106898|+|998" 
 [463] "_R_N915|dum_5|101286135|101287132|+|997"  
 [464] "_R_N915|dum_5|101288714|101289713|+|999"  
 [465] "_R_N915|dum_9|107659066|107660069|+|1003" 
 [466] "N915|dum_12|82924388|82925387|+|999"      
 [467] "N915|dum_3|243884443|243885442|+|999"     
 [468] "N915|dum_1|95066795|95067787|+|992"       
 [469] "N915|dum_2|200931608|200932603|+|995"     
 [470] "N915|dum_8|34636685|34637680|+|995"       
 [471] "_R_N915|dum_12|58370978|58371975|+|997"   
 [472] "_R_N915|dum_10|143648804|143649800|+|996" 
 [473] "_R_N915|dum_4|58576305|58577299|+|994"    
 [474] "N915|dum_1|57694418|57695417|+|999"       
 [475] "N915|dum_1|269647785|269648841|+|1056"    
 [476] "N915|dum_12|113555756|113556804|+|1048"   
 [477] "_R_N915|dum_8|38383071|38383895|+|824"    
 [478] "_R_N915|dum_X1|99555376|99556427|+|1051"  
 [479] "_R_N915|dum_4|219429878|219430719|+|841"  
 [480] "_R_N915|dum_4|219401074|219401913|+|839"  
 [481] "_R_N915|dum_11|85551663|85552611|+|948"   
 [482] "_R_N915|dum_5|112126378|112127404|+|1026" 
 [483] "_R_N915|dum_5|112114537|112115561|+|1024" 
 [484] "_R_N915|dum_5|112132331|112133357|+|1026" 
 [485] "_R_N915|dum_5|112108626|112109653|+|1027" 
 [486] "_R_N915|dum_5|112147265|112148308|+|1043" 
 [487] "_R_N915|dum_5|112153172|112154215|+|1043" 
 [488] "_R_N915|dum_5|112144277|112145316|+|1039" 
 [489] "_R_N915|dum_10|12785191|12786234|+|1043"  
 [490] "_R_N915|dum_4|115908560|115909603|+|1043" 
 [491] "N915|dum_2|8655731|8656774|+|1043"        
 [492] "_R_N915|dum_9|88586664|88587707|+|1043"   
 [493] "_R_N915|dum_9|88606341|88607384|+|1043"   
 [494] "_R_N915|dum_X1|162779314|162780357|+|1043"
 [495] "_R_N915|dum_X1|162782291|162783334|+|1043"
 [496] "_R_N915|dum_11|85545377|85546420|+|1043"  
 [497] "_R_N915|dum_10|12791021|12792064|+|1043"  
 [498] "N915|dum_4|42430491|42431534|+|1043"      
 [499] "_R_N915|dum_4|140413096|140414139|+|1043" 
 [500] "_R_N915|dum_5|101321358|101322401|+|1043" 
 [501] "_R_N915|dum_7|149191785|149192828|+|1043" 
 [502] "_R_N915|dum_12|67767504|67768547|+|1043"  
 [503] "N915|dum_2|157910141|157911184|+|1043"    
 [504] "_R_N915|dum_12|67770497|67771540|+|1043"  
 [505] "_R_N915|dum_10|181949508|181950551|+|1043"
 [506] "_R_N915|dum_5|161851080|161852124|+|1044" 
 [507] "_R_N915|dum_1|28142319|28143362|+|1043"   
 [508] "N915|dum_9|107849172|107850215|+|1043"    
 [509] "_R_N915|dum_11|131227862|131228905|+|1043"
 [510] "_R_N915|dum_12|47200729|47201772|+|1043"  
 [511] "_R_N915|dum_12|47208628|47209578|+|950"   
 [512] "_R_N915|dum_12|47203723|47204766|+|1043"  
 [513] "N915|dum_7|148682710|148683753|+|1043"    
 [514] "N915|dum_8|107968352|107969395|+|1043"    
 [515] "_R_N915|dum_10|171497869|171498832|+|963" 
 [516] "_R_N915|dum_5|160248771|160249814|+|1043" 
 [517] "_R_N915|dum_8|122848912|122849955|+|1043" 
 [518] "_R_N915|dum_4|141292132|141293176|+|1044" 
 [519] "_R_N915|dum_4|141296013|141297057|+|1044" 
 [520] "_R_N915|dum_5|19779431|19780474|+|1043"   
 [521] "N915|dum_10|48931823|48932865|+|1042"     
 [522] "_R_N915|dum_10|12788176|12789219|+|1043"  
 [523] "_R_N915|dum_11|85568319|85569362|+|1043"  
 [524] "_R_N915|dum_4|219499761|219500804|+|1043" 
 [525] "_R_N915|dum_1|193147905|193148948|+|1043" 
 [526] "_R_N915|dum_8|60095986|60097029|+|1043"   
 [527] "_R_N915|dum_8|38410640|38411683|+|1043"   
 [528] "_R_N915|dum_X1|145054690|145055733|+|1043"
 [529] "_R_N915|dum_X2|164664237|164665280|+|1043"
 [530] "_R_N915|dum_11|37275421|37276464|+|1043"  
 [531] "_R_N915|dum_1|210891500|210892543|+|1043" 
 [532] "_R_N915|dum_1|210897460|210898503|+|1043" 
 [533] "N915|dum_6|125015205|125016248|+|1043"    
 [534] "_R_N915|dum_4|72382967|72384010|+|1043"   
 [535] "N915|dum_11|135208727|135209770|+|1043"   
 [536] "N915|dum_11|32288901|32289944|+|1043"     
 [537] "_R_N915|dum_6|198087209|198088252|+|1043" 
 [538] "_R_N915|dum_3|86473305|86474349|+|1044"   
 [539] "_R_N915|dum_8|38643416|38644459|+|1043"   
 [540] "_R_N915|dum_8|38646408|38647451|+|1043"   
 [541] "N915|dum_11|30598205|30599248|+|1043"     
 [542] "N915|dum_11|33371843|33372886|+|1043"     
 [543] "N915|dum_11|33374834|33375877|+|1043"     
 [544] "N915|dum_4|42439321|42440364|+|1043"      
 [545] "_R_N915|dum_8|60110723|60111767|+|1044"   
 [546] "_R_N915|dum_4|131988675|131989718|+|1043" 
 [547] "_R_N915|dum_4|140401081|140402124|+|1043" 
 [548] "_R_N915|dum_4|219481159|219482202|+|1043" 
 [549] "_R_N915|dum_11|37325718|37326761|+|1043"  
 [550] "_R_N915|dum_11|37286823|37287866|+|1043"  
 [551] "N915|dum_11|107724133|107725176|+|1043"   
 [552] "N915|dum_10|120443041|120444084|+|1043"   
 [553] "_R_N915|dum_6|44970914|44971957|+|1043"   
 [554] "_R_N915|dum_10|143642103|143643146|+|1043"
 [555] "_R_N915|dum_1|265188573|265189616|+|1043" 
 [556] "_R_N915|dum_2|232141769|232142812|+|1043" 
 [557] "N915|dum_2|197556958|197558001|+|1043"    
 [558] "N915|dum_2|197559934|197560977|+|1043"    
 [559] "_R_N915|dum_9|107661967|107663010|+|1043" 
 [560] "N915|dum_7|11601634|11602677|+|1043"      
 [561] "_R_N915|dum_10|181946525|181947559|+|1034"
 [562] "_R_N915|dum_2|39494446|39495478|+|1032"   
 [563] "N915|dum_7|11533075|11534116|+|1041"      
 [564] "N915|dum_7|11539055|11540094|+|1039"      
 [565] "N915|dum_7|11561068|11562109|+|1041"      
 [566] "_R_N915|dum_2|44586973|44588023|+|1050"   
 [567] "N915|dum_3|243881451|243882494|+|1043"    
 [568] "_R_N915|dum_10|147343976|147345017|+|1041"
 [569] "_R_N915|dum_10|147355549|147356590|+|1041"
 [570] "_R_N915|dum_10|147362395|147363435|+|1040"
 [571] "_R_N915|dum_10|147359403|147360446|+|1043"
 [572] "_R_N915|dum_10|147366248|147367291|+|1043"
 [573] "_R_N915|dum_10|147340984|147342027|+|1043"
 [574] "_R_N915|dum_2|154640412|154641450|+|1038" 
 [575] "N915|dum_3|152999548|153000586|+|1038"    
 [576] "_R_N915|dum_2|154646001|154647040|+|1039" 
 [577] "_R_N915|dum_6|44967957|44968994|+|1037"   
 [578] "_R_N915|dum_4|131904144|131905187|+|1043" 
 [579] "_R_N915|dum_5|101309546|101310588|+|1042" 
 [580] "N915|dum_8|107724736|107725778|+|1042"    
 [581] "N915|dum_3|147048685|147049727|+|1042"    
 [582] "_R_N915|dum_8|13969714|13970756|+|1042"   
 [583] "N915|dum_2|45746596|45747638|+|1042"      
 [584] "_R_N915|dum_4|131982730|131983772|+|1042" 
 [585] "N915|dum_2|157897530|157898572|+|1042"    
 [586] "N915|ten_11|120270912|120271954|+|1042"   
 [587] "_R_N915|dum_4|72398453|72399495|+|1042"   
 [588] "_R_N915|dum_4|72401433|72402475|+|1042"   
 [589] "_R_N915|dum_9|20170415|20171457|+|1042"   
 [590] "N915|dum_8|108011522|108012564|+|1042"    
 [591] "N915|dum_11|32278800|32279842|+|1042"     
 [592] "_R_N915|dum_8|122883410|122884452|+|1042" 
 [593] "_R_N915|dum_9|50051008|50052050|+|1042"   
 [594] "_R_N915|dum_4|219413549|219414591|+|1042" 
 [595] "_R_N915|dum_4|219442356|219443398|+|1042" 
 [596] "_R_N915|dum_7|98595966|98597008|+|1042"   
 [597] "_R_N915|dum_5|112141284|112142327|+|1043" 
 [598] "_R_N915|dum_10|143713103|143714145|+|1042"
 [599] "N915|dum_6|140987960|140989000|+|1040"    
 [600] "N915|dum_5|86609527|86610569|+|1042"      
 [601] "N915|dum_1|269616226|269617268|+|1042"    
 [602] "N915|dum_7|148679686|148680728|+|1042"    
 [603] "_R_N915|dum_1|28052551|28053593|+|1042"   
 [604] "N915|dum_11|33377825|33378867|+|1042"     
 [605] "N915|dum_6|208990055|208991097|+|1042"    
 [606] "_R_N915|dum_4|115879274|115880316|+|1042" 
 [607] "_R_N915|dum_5|101294652|101295694|+|1042" 
 [608] "N915|dum_11|143319314|143320356|+|1042"   
 [609] "N915|dum_2|51208706|51209748|+|1042"      
 [610] "N915|dum_4|93778822|93779864|+|1042"      
 [611] "_R_N915|dum_10|42146843|42147883|+|1040"  
 [612] "_R_N915|dum_12|67726759|67727801|+|1042"  
 [613] "N915|dum_2|157928581|157929623|+|1042"    
 [614] "_R_N915|dum_12|67735742|67736784|+|1042"  
 [615] "_R_N915|dum_12|90883679|90884721|+|1042"  
 [616] "_R_N915|dum_3|86476146|86477188|+|1042"   
 [617] "_R_N915|dum_3|86478985|86480027|+|1042"   
 [618] "N915|dum_12|16552609|16553651|+|1042"     
 [619] "N915|dum_12|16555584|16556626|+|1042"     
 [620] "_R_N915|dum_10|143646185|143647227|+|1042"
 [621] "N915|dum_6|140993897|140994939|+|1042"    
 [622] "_R_N915|dum_8|60108120|60109163|+|1043"   
 [623] "_R_N915|dum_X1|145076957|145077999|+|1042"
 [624] "_R_N915|dum_X1|145082720|145083762|+|1042"
 [625] "N915|dum_X1|144808958|144810000|+|1042"   
 [626] "_R_N915|dum_4|219453732|219454774|+|1042" 
 [627] "_R_N915|dum_4|219462604|219463646|+|1042" 
 [628] "_R_N915|dum_2|44571032|44572075|+|1043"   
 [629] "_R_N915|dum_2|44574026|44575069|+|1043"   
 [630] "N915|dum_2|45731109|45732152|+|1043"      
 [631] "_R_N915|dum_2|44581383|44582426|+|1043"   
 [632] "_R_N915|dum_2|44594336|44595379|+|1043"   
 [633] "_R_N915|dum_1|210915556|210916598|+|1042" 
 [634] "N915|dum_2|45735869|45736910|+|1041"      
 [635] "N915|dum_2|45738860|45739901|+|1041"      
 [636] "N915|dum_X2|71141841|71142883|+|1042"     
 [637] "_R_N915|dum_12|58373907|58374949|+|1042"  
 [638] "N915|dum_2|127896363|127897404|+|1041"    
 [639] "N915|dum_7|11536067|11537113|+|1046"      
 [640] "N915|dum_7|11564050|11565092|+|1042"      
 [641] "N915|dum_4|239928420|239929461|+|1041"    
 [642] "N915|dum_4|239934470|239935511|+|1041"    
 [643] "N915|dum_4|239937517|239938558|+|1041"    
 [644] "N915|dum_11|143307263|143308304|+|1041"   
 [645] "_R_N915|dum_5|161893016|161894058|+|1042" 
 [646] "_R_N915|dum_2|191487681|191488722|+|1041" 
 [647] "_R_N915|dum_9|126508428|126509469|+|1041" 
 [648] "_R_N915|dum_5|161844684|161845726|+|1042" 
 [649] "_R_N915|dum_5|101291661|101292702|+|1041" 
 [650] "_R_N915|dum_4|131985719|131986760|+|1041" 
 [651] "N915|dum_2|200963095|200964136|+|1041"    
 [652] "N915|dum_2|200928636|200929674|+|1038"    
 [653] "N915|dum_12|88563446|88564487|+|1041"     
 [654] "N915|dum_4|98389043|98390084|+|1041"      
 [655] "_R_N915|dum_2|154634819|154635863|+|1044" 
 [656] "N915|dum_4|93791511|93792552|+|1041"      
 [657] "_R_N915|dum_11|85548369|85549410|+|1041"  
 [658] "N915|dum_4|98411424|98412465|+|1041"      
 [659] "N915|dum_4|239750381|239751422|+|1041"    
 [660] "N915|dum_X1|161921621|161922662|+|1041"   
 [661] "_R_N915|dum_12|119412630|119413671|+|1041"
 [662] "_R_N915|dum_12|119424409|119425450|+|1041"
 [663] "N915|dum_2|102613858|102614899|+|1041"    
 [664] "_R_N915|dum_12|67706016|67707057|+|1041"  
 [665] "_R_N915|dum_12|67714894|67715936|+|1042"  
 [666] "N915|dum_6|53772902|53773944|+|1042"      
 [667] "N915|dum_11|129690440|129691481|+|1041"   
 [668] "_R_N915|dum_5|224443585|224444626|+|1041" 
 [669] "N915|dum_3|146283042|146284083|+|1041"    
 [670] "N915|dum_X1|207117764|207118805|+|1041"   
 [671] "N915|dum_X2|71167227|71168268|+|1041"     
 [672] "_R_N915|dum_9|20173412|20174453|+|1041"   
 [673] "N915|dum_2|24736795|24737836|+|1041"      
 [674] "N915|dum_2|24761660|24762702|+|1042"      
 [675] "N915|dum_12|82952318|82953359|+|1041"     
 [676] "_R_N915|dum_X1|162776338|162777380|+|1042"
 [677] "N915|dum_11|33368854|33369895|+|1041"     
 [678] "N915|dum_2|157913072|157914113|+|1041"    
 [679] "_R_N915|dum_12|90886609|90887649|+|1040"  
 [680] "_R_N915|dum_12|67761660|67762701|+|1041"  
 [681] "_R_N915|dum_12|67764589|67765630|+|1041"  
 [682] "_R_N915|dum_12|67755753|67756794|+|1041"  
 [683] "_R_N915|dum_12|67758668|67759709|+|1041"  
 [684] "_R_N915|dum_5|112120458|112121499|+|1041" 
 [685] "_R_N915|dum_5|112129353|112130394|+|1041" 
 [686] "N915|dum_10|48982006|48983047|+|1041"     
 [687] "N915|dum_10|48994772|48995813|+|1041"     
 [688] "N915|dum_5|35994456|35995497|+|1041"      
 [689] "_R_N915|dum_12|47226640|47227681|+|1041"  
 [690] "N915|dum_3|43911696|43912737|+|1041"      
 [691] "N915|dum_11|30595215|30596256|+|1041"     
 [692] "_R_N915|dum_11|71090428|71091469|+|1041"  
 [693] "_R_N915|dum_11|71093451|71094492|+|1041"  
 [694] "N915|dum_6|124975367|124976408|+|1041"    
 [695] "N915|dum_2|127883791|127884832|+|1041"    
 [696] "N915|dum_2|13340912|13341953|+|1041"      
 [697] "_R_N915|dum_4|72395475|72396515|+|1040"   
 [698] "_R_N915|dum_6|198073838|198074853|+|1015" 
 [699] "N915|dum_11|32299023|32300064|+|1041"     
 [700] "_R_N915|dum_5|161863411|161864441|+|1030" 
 [701] "_R_N915|dum_5|161881149|161882178|+|1029" 
 [702] "N915|dum_12|88572411|88573453|+|1042"     
 [703] "N915|dum_12|88577884|88578925|+|1041"     
 [704] "N915|dum_1|269757904|269758942|+|1038"    
 [705] "_R_N915|dum_5|56232851|56233882|+|1031"   
 [706] "_R_N915|dum_5|78589637|78590670|+|1033"   
 [707] "_R_N915|dum_8|32649430|32650471|+|1041"   
 [708] "_R_N915|dum_8|32666537|32667576|+|1039"   
 [709] "N915|dum_1|269713227|269714258|+|1031"    
 [710] "N915|dum_1|269763874|269764905|+|1031"    
 [711] "N915|dum_1|269760893|269761923|+|1030"    
 [712] "N915|dum_1|269766856|269767897|+|1041"    
 [713] "N915|dum_1|269687895|269688937|+|1042"    
 [714] "N915|dum_12|88569433|88570475|+|1042"     
 [715] "N915|dum_10|48947096|48948140|+|1044"     
 [716] "_R_N915|dum_4|132010999|132012043|+|1044" 
 [717] "N915|dum_7|148676793|148677734|+|941"     
 [718] "_R_N915|dum_6|198078361|198079408|+|1047" 
 [719] "N915|dum_2|200904583|200905608|+|1025"    
 [720] "_R_N915|dum_8|60138285|60139317|+|1032"   
 [721] "_R_N915|dum_8|122861970|122862787|+|817"  
 [722] "_R_N915|dum_5|112159065|112160096|+|1031" 
 [723] "N915|dum_11|131200402|131201442|+|1040"   
 [724] "_R_N915|dum_4|131884137|131885176|+|1039" 
 [725] "_R_N915|dum_10|147396977|147398024|+|1047"
 [726] "_R_N915|dum_8|38356240|38357287|+|1047"   
 [727] "_R_N915|dum_1|210888505|210889552|+|1047" 
 [728] "_R_N915|dum_1|210894479|210895526|+|1047" 
 [729] "_R_N915|dum_1|210885509|210886557|+|1048" 
 [730] "N915|dum_2|13355211|13356259|+|1048"      
 [731] "_R_N915|dum_10|182585840|182586889|+|1049"
 [732] "N915|dum_8|34633686|34634735|+|1049"      
 [733] "_R_N915|dum_2|172975973|172977022|+|1049" 
 [734] "N915|dum_X1|207129343|207130389|+|1046"   
 [735] "_R_N915|dum_5|86592076|86593123|+|1047"   
 [736] "_R_N915|dum_2|179325577|179326624|+|1047" 
 [737] "N915|dum_4|42436477|42437524|+|1047"      
 [738] "_R_N915|dum_8|32763281|32764319|+|1038"   
 [739] "_R_N915|dum_12|119409642|119410681|+|1039"
 [740] "_R_N915|dum_12|119418433|119419472|+|1039"
 [741] "_R_N915|dum_12|119421421|119422460|+|1039"
 [742] "N915|dum_8|108014513|108015551|+|1038"    
 [743] "_R_N915|dum_6|96659267|96660305|+|1038"   
 [744] "N915|dum_8|107771522|107772567|+|1045"    
 [745] "_R_N915|dum_8|122801144|122802189|+|1045" 
 [746] "N915|dum_2|200869584|200870629|+|1045"    
 [747] "N915|dum_2|200882243|200883288|+|1045"    
 [748] "_R_N915|dum_9|46665858|46666894|+|1036"   
 [749] "_R_N915|dum_12|67700188|67701225|+|1037"  
 [750] "_R_N915|dum_6|5860630|5861672|+|1042"     
 [751] "_R_N915|dum_9|46680421|46681463|+|1042"   
 [752] "N915|dum_8|105059243|105060285|+|1042"    
 [753] "_R_N915|dum_5|160542938|160543980|+|1042" 
 [754] "_R_N915|dum_4|219399164|219400206|+|1042" 
 [755] "_R_N915|dum_4|219428173|219429010|+|837"  
 [756] "N915|dum_7|31004313|31005347|+|1034"      
 [757] "_R_N915|dum_8|38662124|38663166|+|1042"   
 [758] "_R_N915|dum_7|80235479|80236521|+|1042"   
 [759] "_R_N915|dum_7|80238456|80239498|+|1042"   
 [760] "_R_N915|dum_1|28130418|28131459|+|1041"   
 [761] "_R_N915|dum_X1|145100014|145101055|+|1041"
 [762] "_R_N915|dum_9|46650893|46651927|+|1034"   
 [763] "_R_N915|dum_9|46677441|46678474|+|1033"   
 [764] "_R_N915|dum_12|47217552|47218595|+|1043"  
 [765] "_R_N915|dum_6|130701437|130702480|+|1043" 
 [766] "_R_N915|dum_6|130736396|130737439|+|1043" 
 [767] "_R_N915|dum_6|130688786|130689829|+|1043" 
 [768] "_R_N915|dum_6|130714088|130715134|+|1046" 
 [769] "_R_N915|dum_6|130749044|130750090|+|1046" 
 [770] "_R_N915|dum_6|65473657|65474701|+|1044"   
 [771] "N915|dum_6|141017719|141018763|+|1044"    
 [772] "_R_N915|ten_5|130336258|130337341|+|1083" 
 [773] "N915|ten_4|160683263|160684365|+|1102"    
 [774] "N915|ten_2|148137034|148138122|+|1088"    
 [775] "N915|ten_2|148186201|148187289|+|1088"    
 [776] "_R_N915|ten_7|183690521|183691608|+|1087" 
 [777] "N915|ten_X2|73153865|73154951|+|1086"     
 [778] "_R_N915|ten_8|163781033|163782121|+|1088" 
 [779] "_R_N915|ten_6|57135038|57136119|+|1081"   
 [780] "N915|ten_X2|78146281|78147362|+|1081"     
 [781] "N915|ten_X2|78155022|78156103|+|1081"     
 [782] "_R_N915|ten_2|140659|141639|+|980"        
 [783] "N915|ten_2|148139597|148140448|+|851"     
 [784] "_R_N915|dum_6|132379724|132380798|+|1074" 
 [785] "_R_N915|ten_6|57249004|57249932|+|928"    
 [786] "_R_N915|ten_9|142219920|142220849|+|929"  
 [787] "_R_N915|ten_7|7234381|7235312|+|931"      
 [788] "N915|ten_6|57971966|57972897|+|931"       
 [789] "_R_N915|ten_6|57228438|57229366|+|928"    
 [790] "_R_N915|ten_6|57331147|57332074|+|927"    
 [791] "N915|ten_10|104410659|104411750|+|1091"   
 [792] "N915|ten_10|104435420|104436509|+|1089"   
 [793] "_R_N915|ten_2|79495101|79496191|+|1090"   
 [794] "_R_N915|ten_1|273366085|273367171|+|1086" 
 [795] "N915|ten_6|155758602|155759686|+|1084"    
 [796] "_R_N915|ten_4|194799938|194800865|+|927"  
 [797] "_R_N915|dum_3|167038965|167040040|+|1075" 
 [798] "_R_N915|dum_8|32651582|32652658|+|1076"   
 [799] "_R_N915|dum_1|28108581|28109660|+|1079"   
 [800] "N915|ten_6|191501327|191502430|+|1103"    
 [801] "N915|ten_5|122488297|122489401|+|1104"    
 [802] "_R_N915|ten_3|148867540|148868643|+|1103" 
 [803] "_R_N915|ten_4|143475185|143476289|+|1104" 
 [804] "N915|ten_11|46725880|46726970|+|1090"     
 [805] "N915|ten_10|3559009|3560101|+|1092"       
 [806] "N915|ten_1|291598763|291599856|+|1093"    
 [807] "_R_N915|ten_10|116919587|116920675|+|1088"
 [808] "_R_N915|ten_6|57363628|57364716|+|1088"   
 [809] "N915|ten_10|3547581|3548670|+|1089"       
 [810] "_R_N915|ten_1|291906994|291908092|+|1098" 
 [811] "_R_N915|ten_4|6390339|6391435|+|1096"     
 [812] "_R_N915|ten_3|148947494|148948595|+|1101" 
 [813] "_R_N915|ten_10|104628719|104629808|+|1089"
 [814] "_R_N915|ten_X2|8597023|8598105|+|1082"    
 [815] "_R_N915|ten_10|87312517|87313607|+|1090"  
 [816] "_R_N915|ten_10|87412608|87413698|+|1090"  
 [817] "_R_N915|ten_10|87352266|87353355|+|1089"  
 [818] "N915|dum_10|48934798|48935895|+|1097"     
 [819] "N915|dum_10|49007014|49008111|+|1097"     
 [820] "_R_N915|dum_3|86828952|86830051|+|1099"   
 [821] "N915|dum_X2|96710080|96711179|+|1099"     
 [822] "N915|dum_11|7951537|7952597|+|1060"       
 [823] "N915|ten_1|133081777|133082821|+|1044"    
 [824] "_R_N915|ten_1|291716280|291717322|+|1042" 
 [825] "N915|ten_10|45581570|45582606|+|1036"     
 [826] "_R_N915|ten_6|175918670|175919709|+|1039" 
 [827] "N915|ten_X1|707784|708823|+|1039"         
 [828] "_R_N915|ten_10|14308814|14309857|+|1043"  
 [829] "N915|ten_X1|746864|747911|+|1047"         
 [830] "N915|ten_10|104415673|104416718|+|1045"   
 [831] "N915|ten_10|104421339|104422384|+|1045"   
 [832] "_R_N915|ten_1|292096375|292097414|+|1039" 
 [833] "_R_N915|dum_9|41693588|41694633|+|1045"   
 [834] "_R_N915|ten_1|33932735|33933769|+|1034"   
 [835] "N915|ten_1|291621666|291622699|+|1033"    
 [836] "_R_N915|ten_9|149489788|149490842|+|1054" 
 [837] "_R_N915|dum_2|237424764|237425800|+|1036" 
 [838] "_R_N915|ten_10|31836662|31837558|+|896"   
 [839] "_R_N915|ten_2|52900|53791|+|891"          
 [840] "_R_N915|ten_1|4133389|4134285|+|896"      
 [841] "_R_N915|ten_3|120582958|120583849|+|891"  
 [842] "_R_N915|ten_3|148888519|148889408|+|889"  
 [843] "N915|ten_2|141752803|141753696|+|893"     
 [844] "_R_N915|ten_1|291891563|291892452|+|889"  
 [845] "N915|ten_10|3580350|3581238|+|888"        
 [846] "N915|ten_4|235092493|235093383|+|890"     
 [847] "N915|ten_X2|78173298|78174189|+|891"      
 [848] "N915|ten_10|3569643|3570529|+|886"        
 [849] "N915|ten_10|3578157|3579044|+|887"        
 [850] "_R_N915|dum_12|58376861|58377894|+|1033"  
 [851] "_R_N915|dum_12|67697199|67698230|+|1031"  
 [852] "_R_N915|dum_1|275200699|275201494|+|795"  
 [853] "N915|dum_3|41011451|41012494|+|1043"      
 [854] "N915|dum_4|42414821|42415856|+|1035"      
 [855] "_R_N915|ten_6|57143775|57144813|+|1038"   
 [856] "_R_N915|ten_6|57284648|57285686|+|1038"   
 [857] "_R_N915|ten_1|291977797|291978835|+|1038" 
 [858] "_R_N915|ten_10|116913908|116914950|+|1042"
 [859] "_R_N915|ten_10|116922409|116923450|+|1041"
 [860] "_R_N915|ten_10|30231636|30232675|+|1039"  
 [861] "_R_N915|ten_2|75591665|75592704|+|1039"   
 [862] "_R_N915|ten_3|120632833|120633872|+|1039" 
 [863] "_R_N915|ten_6|57337389|57338428|+|1039"   
 [864] "N915|ten_6|191486561|191487600|+|1039"    
 [865] "_R_N915|ten_9|142191527|142192566|+|1039" 
 [866] "N915|ten_10|45564025|45565064|+|1039"     
 [867] "_R_N915|ten_1|291915652|291916678|+|1026" 
 [868] "_R_N915|ten_11|109463174|109464209|+|1035"
 [869] "N915|ten_5|100839450|100840494|+|1044"    
 [870] "_R_N915|ten_9|142222258|142223298|+|1040" 
 [871] "_R_N915|ten_6|175912184|175913226|+|1042" 
 [872] "N915|ten_X1|793644|794685|+|1041"         
 [873] "N915|ten_7|106504801|106505843|+|1042"    
 [874] "N915|ten_7|106516394|106517436|+|1042"    
 [875] "N915|ten_1|138751442|138752479|+|1037"    
 [876] "N915|ten_5|122498728|122499766|+|1038"    
 [877] "N915|ten_X2|48954614|48955647|+|1033"     
 [878] "N915|ten_X2|48957441|48958474|+|1033"     
 [879] "N915|ten_10|3618428|3619468|+|1040"       
 [880] "N915|ten_10|3621200|3622240|+|1040"       
 [881] "_R_N915|ten_10|87324481|87325525|+|1044"  
 [882] "_R_N915|ten_10|87361795|87362839|+|1044"  
 [883] "_R_N915|ten_10|87391382|87392426|+|1044"  
 [884] "_R_N915|dum_7|149134400|149135447|+|1047" 
 [885] "_R_N915|ten_3|148980016|148981057|+|1041" 
 [886] "_R_N915|ten_4|143694199|143695235|+|1036" 
 [887] "_R_N915|ten_1|291847099|291848172|+|1073" 
 [888] "_R_N915|ten_X2|69271381|69272423|+|1042"  
 [889] "_R_N915|dum_12|67709008|67710047|+|1039"  
 [890] "N915|dum_5|190409933|190410979|+|1046"    
 [891] "N915|dum_7|72218520|72219567|+|1047"      
 [892] "N915|dum_5|190483162|190484204|+|1042"    
 [893] "N915|dum_3|40998794|40999836|+|1042"      
 [894] "_R_N915|dum_X2|107106979|107108021|+|1042"
 [895] "_R_N915|dum_9|88593934|88594770|+|836"    
 [896] "_R_N915|dum_9|88617086|88617922|+|836"    
 [897] "N915|dum_2|13358191|13359231|+|1040"      
 [898] "N915|dum_6|140990919|140991963|+|1044"    
 [899] "N915|dum_6|140996877|140997920|+|1043"    
 [900] "N915|dum_6|141020685|141021728|+|1043"    
 [901] "N915|dum_6|141023650|141024693|+|1043"    
 [902] "N915|dum_6|141026614|141027658|+|1044"    
 [903] "N915|dum_6|141005821|141006863|+|1042"    
 [904] "N915|dum_6|141011770|141012812|+|1042"    
 [905] "N915|dum_1|265137552|265138599|+|1047"    
 [906] "N915|dum_1|265149494|265150541|+|1047"    
 [907] "N915|dum_1|265146499|265147546|+|1047"    
 [908] "N915|dum_1|265158441|265159488|+|1047"    
 [909] "N915|dum_1|265134556|265135604|+|1048"    
 [910] "_R_N915|dum_12|95420017|95421063|+|1046"  
 [911] "_R_N915|dum_1|265179604|265180648|+|1044" 
 [912] "_R_N915|dum_1|265185592|265186636|+|1044" 
 [913] "_R_N915|ten_3|13198280|13199322|+|1042"   
 [914] "_R_N915|ten_3|13240338|13241380|+|1042"   
 [915] "_R_N915|ten_2|63730|64770|+|1040"         
 [916] "N915|ten_X2|187190992|187192035|+|1043"   
 [917] "N915|dum_11|129681607|129682651|+|1044"   
 [918] "N915|dum_11|129684602|129685644|+|1042"   
 [919] "_R_N915|dum_1|179131573|179132616|+|1043" 
 [920] "N915|dum_6|53778795|53779835|+|1040"      
 [921] "_R_N915|dum_12|47197739|47198779|+|1040"  
 [922] "_R_N915|dum_2|198728163|198729213|+|1050" 
 [923] "N915|dum_8|107765523|107766573|+|1050"    
 [924] "N915|dum_8|107768523|107769573|+|1050"    
 [925] "_R_N915|dum_2|28025624|28026671|+|1047"   
 [926] "N915|dum_2|197545007|197546055|+|1048"    
 [927] "N915|dum_2|197547988|197549036|+|1048"    
 [928] "N915|dum_2|197562910|197563961|+|1051"    
 [929] "N915|dum_8|107740945|107741987|+|1042"    
 [930] "N915|dum_2|197550970|197552015|+|1045"    
 [931] "_R_N915|dum_12|67717824|67718870|+|1046"  
 [932] "_R_N915|dum_10|182594881|182595925|+|1044"
 [933] "_R_N915|dum_10|182597868|182598912|+|1044"
 [934] "_R_N915|dum_8|105120737|105121782|+|1045" 
 [935] "N915|dum_1|265143481|265144526|+|1045"    
 [936] "N915|dum_1|265155423|265156467|+|1044"    
 [937] "N915|dum_5|100721868|100722914|+|1046"    
 [938] "_R_N915|dum_5|224437676|224438722|+|1046" 
 [939] "_R_N915|dum_6|96775386|96776431|+|1045"   
 [940] "_R_N915|dum_6|96783713|96784758|+|1045"   
 [941] "N915|dum_4|13842190|13843235|+|1045"      
 [942] "N915|dum_2|8833520|8834571|+|1051"        
 [943] "N915|dum_2|8839555|8840605|+|1050"        
 [944] "N915|dum_10|33406568|33407620|+|1052"     
 [945] "_R_N915|dum_6|148687991|148689029|+|1038" 
 [946] "_R_N915|ten_4|143470097|143471139|+|1042" 
 [947] "_R_N915|ten_8|114346457|114347499|+|1042" 
 [948] "N915|ten_7|106450134|106451176|+|1042"    
 [949] "_R_N915|ten_1|273369587|273370617|+|1030" 
 [950] "N915|ten_X1|704329|705360|+|1031"         
 [951] "N915|dum_8|34654847|34655887|+|1040"      
 [952] "_R_N915|ten_1|291868511|291869551|+|1040" 
 [953] "_R_N915|ten_1|291877242|291878283|+|1041" 
 [954] "N915|dum_12|82936700|82937728|+|1028"     
 [955] "_R_N915|dum_5|224440615|224441651|+|1036" 
 [956] "_R_N915|dum_X1|145060456|145061497|+|1041"
 [957] "_R_N915|dum_4|72364407|72365450|+|1043"   
 [958] "_R_N915|dum_1|28046588|28047632|+|1044"   
 [959] "_R_N915|dum_1|28049570|28050614|+|1044"   
 [960] "_R_N915|dum_1|28040624|28041668|+|1044"   
 [961] "_R_N915|dum_1|28043606|28044650|+|1044"   
 [962] "_R_N915|dum_1|28034660|28035704|+|1044"   
 [963] "_R_N915|dum_1|28037642|28038686|+|1044"   
 [964] "_R_N915|dum_1|28031676|28032720|+|1044"   
 [965] "N915|dum_3|152943007|152944051|+|1044"    
 [966] "_R_N915|dum_9|107664963|107666007|+|1044" 
 [967] "_R_N915|dum_3|273471487|273472532|+|1045" 
 [968] "N915|dum_7|11589060|11590108|+|1048"      
 [969] "_R_N915|dum_9|46668841|46669885|+|1044"   
 [970] "_R_N915|dum_X1|145045937|145046981|+|1044"
 [971] "_R_N915|dum_X1|145088484|145089528|+|1044"
 [972] "_R_N915|dum_X1|145094249|145095293|+|1044"
 [973] "_R_N915|dum_12|67749770|67750814|+|1044"  
 [974] "_R_N915|dum_12|67773405|67774449|+|1044"  
 [975] "_R_N915|dum_12|67720758|67721802|+|1044"  
 [976] "N915|dum_3|147054651|147055695|+|1044"    
 [977] "N915|dum_2|8674511|8675555|+|1044"        
 [978] "N915|dum_2|8698867|8699911|+|1044"        
 [979] "N915|dum_2|8748249|8749293|+|1044"        
 [980] "N915|dum_2|8750489|8751533|+|1044"        
 [981] "N915|dum_2|8696627|8697671|+|1044"        
 [982] "N915|dum_9|107862359|107863403|+|1044"    
 [983] "N915|dum_7|11595676|11596720|+|1044"      
 [984] "N915|dum_7|11598655|11599699|+|1044"      
 [985] "N915|dum_2|8648174|8649218|+|1044"        
 [986] "N915|dum_2|8701107|8702151|+|1044"        
 [987] "N915|dum_2|197539049|197540093|+|1044"    
 [988] "N915|dum_2|197575302|197576346|+|1044"    
 [989] "_R_N915|dum_1|210882515|210883559|+|1044" 
 [990] "_R_N915|dum_1|210918535|210919579|+|1044" 
 [991] "N915|dum_4|93807159|93808203|+|1044"      
 [992] "N915|dum_5|190480169|190481213|+|1044"    
 [993] "_R_N915|dum_11|67324286|67325330|+|1044"  
 [994] "N915|dum_4|239689175|239690220|+|1045"    
 [995] "N915|dum_12|16546916|16547960|+|1044"     
 [996] "N915|dum_12|16549763|16550807|+|1044"     
 [997] "_R_N915|dum_11|37363718|37364761|+|1043"  
 [998] "_R_N915|dum_8|105181681|105182725|+|1044" 
 [999] "_R_N915|dum_8|105184674|105185718|+|1044" 
[1000] "_R_N915|dum_3|167036818|167037862|+|1044" 
[1001] "_R_N915|dum_1|265164645|265165689|+|1044" 
[1002] "_R_N915|dum_1|265167637|265168681|+|1044" 
[1003] "N915|dum_8|105116181|105117224|+|1043"    
[1004] "N915|dum_1|15962747|15963791|+|1044"      
[1005] "N915|dum_1|15958999|15960043|+|1044"      
