jobinfo 30048822
getting scaled timeline
  [1] "_R_N843|dum_X1|71184608|71187163|+|2555"  
  [2] "_R_N843|dum_X1|71066852|71069406|+|2554"  
  [3] "N843|dum_X1|70393452|70395956|+|2504"     
  [4] "_R_N843|dum_9|113422773|113425318|+|2545" 
  [5] "N843|dum_11|112943886|112946383|+|2497"   
  [6] "N843|dum_X1|70858856|70861361|+|2505"     
  [7] "_R_N843|dum_11|138554785|138557339|+|2554"
  [8] "N843|dum_11|138867635|138870129|+|2494"   
  [9] "N843|dum_X1|71081378|71083881|+|2503"     
 [10] "_R_N843|dum_X1|68364606|68367161|+|2555"  
 [11] "_R_N843|dum_1|295752506|295755061|+|2555" 
 [12] "_R_N843|dum_4|2384692|2387247|+|2555"     
 [13] "N843|dum_X1|68342050|68344554|+|2504"     
 [14] "_R_N843|dum_X1|70912832|70915387|+|2555"  
 [15] "N843|dum_11|138961192|138963640|+|2448"   
 [16] "N843|dum_11|138908244|138910235|+|1991"   
 [17] "N843|dum_11|112986760|112989182|+|2422"   
 [18] "N843|dum_11|112990666|112993088|+|2422"   
 [19] "N843|dum_11|139243363|139245862|+|2499"   
 [20] "N843|ten_1|175280497|175283001|+|2504"    
 [21] "_R_N843|ten_11|97446725|97449265|+|2540"  
 [22] "_R_N843|ten_4|1317241|1319795|+|2554"     
 [23] "N843|ten_2|122921536|122924039|+|2503"    
 [24] "N843|ten_4|224729466|224731973|+|2507"    
 [25] "N843|ten_10|87623104|87625602|+|2498"     
 [26] "_R_N843|ten_2|97326447|97329002|+|2555"   
 [27] "N843|ten_1|137728698|137731199|+|2501"    
 [28] "N843|ten_3|151245559|151248063|+|2504"    
 [29] "N843|ten_2|99327091|99329595|+|2504"      
 [30] "_R_N843|ten_3|59184648|59187203|+|2555"   
 [31] "_R_N843|ten_X1|137473355|137475901|+|2546"
 [32] "_R_N843|ten_11|4386831|4389386|+|2555"    
 [33] "_R_N843|ten_11|116057225|116059780|+|2555"
 [34] "N843|ten_2|82948216|82950721|+|2505"      
 [35] "N843|ten_5|98726641|98729144|+|2503"      
 [36] "_R_N843|ten_1|206254679|206257249|+|2570" 
 [37] "_R_N843|ten_4|1522582|1525137|+|2555"     
 [38] "N843|ten_11|17095972|17098476|+|2504"     
 [39] "N843|ten_11|31409101|31411605|+|2504"     
 [40] "_R_N843|ten_1|136807459|136810014|+|2555" 
 [41] "_R_N843|ten_11|110174782|110177337|+|2555"
 [42] "_R_N843|ten_1|145122980|145125535|+|2555" 
 [43] "N843|ten_11|31386863|31389367|+|2504"     
 [44] "_R_N843|ten_11|20339582|20342027|+|2445"  
 [45] "_R_N843|ten_11|97461105|97463660|+|2555"  
 [46] "_R_N843|ten_2|111055076|111057647|+|2571" 
 [47] "N843|ten_11|16613621|16616125|+|2504"     
 [48] "N843|ten_11|99578420|99580922|+|2502"     
 [49] "N843|ten_11|58800063|58802567|+|2504"     
 [50] "N843|ten_11|99946771|99949275|+|2504"     
 [51] "_R_N843|ten_X2|84025095|84027650|+|2555"  
 [52] "N843|ten_4|96396615|96399119|+|2504"      
 [53] "N843|ten_4|1532340|1534844|+|2504"        
 [54] "N843|ten_8|2365314|2367819|+|2505"        
 [55] "_R_N843|ten_10|87493526|87496081|+|2555"  
 [56] "_R_N843|ten_8|4704188|4706743|+|2555"     
 [57] "N843|ten_6|18843896|18846400|+|2504"      
 [58] "N843|ten_6|18888097|18890601|+|2504"      
 [59] "N843|ten_6|18932188|18934692|+|2504"      
 [60] "N843|ten_6|18974219|18976723|+|2504"      
 [61] "_R_N843|ten_6|16215481|16218036|+|2555"   
 [62] "N843|ten_11|56765749|56768253|+|2504"     
 [63] "N843|ten_1|135247414|135249918|+|2504"    
 [64] "_R_N843|ten_7|42397087|42399642|+|2555"   
 [65] "_R_N843|ten_4|1218424|1220979|+|2555"     
 [66] "_R_N843|ten_4|125810840|125813395|+|2555" 
 [67] "_R_N843|ten_1|256404877|256407432|+|2555" 
 [68] "N843|ten_11|98783733|98786237|+|2504"     
 [69] "N843|ten_12|124773041|124775545|+|2504"   
 [70] "N843|ten_11|98827649|98830153|+|2504"     
 [71] "N843|ten_4|125969077|125971581|+|2504"    
 [72] "N843|ten_11|99175008|99177230|+|2222"     
 [73] "_R_N843|ten_4|125923861|125926008|+|2147" 
 [74] "N843|ten_X2|48638679|48640724|+|2045"     
 [75] "N843|ten_10|37366363|37368862|+|2499"     
 [76] "N843|dum_11|138601135|138603637|+|2502"   
 [77] "N843|dum_11|138660876|138663380|+|2504"   
 [78] "_R_N843|dum_11|138951488|138954043|+|2555"
 [79] "_R_N843|dum_2|154056262|154058817|+|2555" 
 [80] "N843|dum_11|138626197|138628701|+|2504"   
 [81] "N843|dum_11|138680616|138683120|+|2504"   
 [82] "N843|dum_11|144899924|144902428|+|2504"   
 [83] "N843|dum_11|110253616|110256121|+|2505"   
 [84] "N843|dum_11|131787738|131790242|+|2504"   
 [85] "N843|dum_11|138895852|138898355|+|2503"   
 [86] "N843|dum_5|143464467|143466965|+|2498"    
 [87] "N843|dum_5|132844502|132847005|+|2503"    
 [88] "_R_N843|dum_7|17714400|17716955|+|2555"   
 [89] "_R_N843|dum_4|74821482|74824046|+|2564"   
 [90] "_R_N843|dum_11|144932921|144935476|+|2555"
 [91] "N843|dum_10|7664821|7667325|+|2504"       
 [92] "_R_N843|dum_3|50050253|50052808|+|2555"   
 [93] "N843|dum_X1|69702851|69705355|+|2504"     
 [94] "N843|dum_11|134245042|134247546|+|2504"   
 [95] "_R_N843|dum_7|200875804|200878358|+|2554" 
 [96] "_R_N843|dum_11|112967677|112970193|+|2516"
 [97] "_R_N843|dum_X1|71154614|71156653|+|2039"  
 [98] "N843|dum_7|21532803|21535307|+|2504"      
 [99] "N843|dum_11|145091462|145093966|+|2504"   
[100] "N843|dum_X1|68360150|68362654|+|2504"     
[101] "N843|dum_2|145170751|145173254|+|2503"    
[102] "N843|dum_7|209260559|209263063|+|2504"    
[103] "N843|dum_11|121730747|121733251|+|2504"   
[104] "_R_N843|dum_1|196825896|196828451|+|2555" 
[105] "_R_N843|dum_11|140543034|140545553|+|2519"
[106] "_R_N843|dum_5|55465306|55467861|+|2555"   
[107] "_R_N843|dum_11|140514351|140516906|+|2555"
[108] "N843|dum_11|121835893|121838397|+|2504"   
[109] "N843|dum_11|136459449|136461953|+|2504"   
[110] "N843|dum_11|144851347|144853851|+|2504"   
[111] "_R_N843|dum_1|150217218|150219773|+|2555" 
[112] "N843|dum_10|185876057|185878561|+|2504"   
[113] "N843|dum_7|21517788|21520293|+|2505"      
[114] "N843|dum_7|21522790|21525295|+|2505"      
[115] "N843|dum_7|21527792|21530298|+|2506"      
[116] "N843|dum_X1|231589669|231592173|+|2504"   
[117] "N843|dum_11|127088373|127090877|+|2504"   
[118] "N843|dum_3|9101345|9103849|+|2504"        
[119] "N843|dum_11|127547827|127550331|+|2504"   
[120] "_R_N843|dum_11|121736167|121738722|+|2555"
[121] "N843|dum_5|143410807|143413311|+|2504"    
[122] "_R_N843|dum_1|150278667|150281222|+|2555" 
[123] "N843|dum_11|121743199|121745703|+|2504"   
[124] "N843|dum_5|143415809|143418312|+|2503"    
[125] "_R_N843|dum_11|136484238|136486793|+|2555"
[126] "_R_N843|dum_1|196887142|196889697|+|2555" 
[127] "_R_N843|dum_11|140631632|140634169|+|2537"
[128] "N843|dum_11|140645660|140648146|+|2486"   
[129] "_R_N843|dum_11|140637582|140640137|+|2555"
[130] "_R_N843|dum_8|192547717|192550225|+|2508" 
[131] "N843|dum_X1|70559268|70561773|+|2505"     
[132] "_R_N843|dum_11|144893070|144895591|+|2521"
[133] "_R_N843|dum_7|21554001|21556556|+|2555"   
[134] "_R_N843|dum_7|21588111|21590666|+|2555"   
[135] "_R_N843|dum_1|218753105|218755652|+|2547" 
[136] "_R_N843|dum_11|140666580|140669135|+|2555"
[137] "_R_N843|dum_X1|260542716|260545261|+|2545"
[138] "_R_N843|dum_X1|71027703|71030258|+|2555"  
[139] "_R_N843|dum_X1|71018749|71021307|+|2558"  
[140] "_R_N843|dum_X1|71053795|71056350|+|2555"  
[141] "_R_N843|dum_X1|70844925|70847479|+|2554"  
[142] "_R_N843|dum_11|139248830|139251378|+|2548"
[143] "N843|dum_2|145310440|145312944|+|2504"    
[144] "N843|dum_11|138841979|138844476|+|2497"   
[145] "N843|dum_X1|68409374|68411872|+|2498"     
[146] "N843|dum_X1|68399746|68402240|+|2494"     
[147] "N843|dum_10|185881312|185883816|+|2504"   
[148] "N843|dum_10|185915451|185917955|+|2504"   
[149] "N843|dum_11|112950542|112952911|+|2369"   
[150] "N843|dum_X1|71103900|71106404|+|2504"     
[151] "_R_N843|dum_X1|70120056|70122611|+|2555"  
[152] "N843|dum_11|127050970|127053477|+|2507"   
[153] "_R_N843|dum_X1|69121921|69124473|+|2552"  
[154] "N843|dum_X1|71389352|71391856|+|2504"     
[155] "_R_N843|dum_7|21480515|21483070|+|2555"   
[156] "_R_N843|dum_11|154366713|154369268|+|2555"
[157] "_R_N843|dum_X1|69399026|69401579|+|2553"  
[158] "_R_N843|dum_X1|70084240|70086786|+|2546"  
[159] "_R_N843|dum_11|161413266|161415816|+|2550"
[160] "_R_N843|dum_2|144654231|144656786|+|2555" 
[161] "_R_N843|dum_X1|70469305|70471862|+|2557"  
[162] "N843|dum_11|139215461|139217965|+|2504"   
[163] "N843|dum_7|106430977|106433483|+|2506"    
[164] "N843|dum_X1|71208071|71210571|+|2500"     
[165] "N843|dum_X1|71557454|71559970|+|2516"     
[166] "_R_N843|dum_7|25231696|25234245|+|2549"   
[167] "_R_N843|dum_11|127079923|127082474|+|2551"
[168] "_R_N843|ten_11|84484016|84486567|+|2551"  
[169] "N843|dum_X1|71075581|71078090|+|2509"     
[170] "N843|dum_11|112994570|112996824|+|2254"   
[171] "N843|dum_2|223264945|223267449|+|2504"    
[172] "N843|dum_X1|71529892|71532395|+|2503"     
[173] "N843|dum_4|2529686|2532190|+|2504"        
[174] "N843|dum_4|810601|813104|+|2503"          
[175] "_R_N843|dum_11|127043460|127046015|+|2555"
[176] "N843|dum_X1|70059849|70062357|+|2508"     
[177] "N843|ten_4|103667397|103669901|+|2504"    
[178] "N843|dum_2|145361367|145363873|+|2506"    
[179] "_R_N843|dum_11|138586002|138588556|+|2554"
[180] "_R_N843|dum_X1|70109666|70112220|+|2554"  
[181] "N843|dum_5|143401874|143404378|+|2504"    
[182] "_R_N843|dum_8|11590520|11592691|+|2171"   
[183] "_R_N843|ten_5|24162963|24165499|+|2536"   
[184] "_R_N843|ten_7|23918509|23921051|+|2542"   
[185] "N843|ten_X2|84424630|84427121|+|2491"     
[186] "_R_N843|dum_11|62595550|62598095|+|2545"  
[187] "_R_N843|dum_X1|69077321|69079866|+|2545"  
[188] "_R_N843|dum_11|72862698|72865239|+|2541"  
[189] "_R_N843|dum_11|143637487|143640029|+|2542"
[190] "N843|dum_11|126907097|126909601|+|2504"   
[191] "N843|dum_X1|69384069|69386573|+|2504"     
[192] "N843|dum_4|8718918|8721351|+|2433"        
[193] "_R_N843|dum_X1|69094901|69097434|+|2533"  
[194] "N843|dum_7|21475338|21477836|+|2498"      
[195] "_R_N843|dum_2|144682823|144685383|+|2560" 
[196] "_R_N843|dum_X1|69142380|69144933|+|2553"  
[197] "_R_N843|dum_X1|69132361|69134914|+|2553"  
[198] "_R_N843|dum_1|150154761|150157295|+|2534" 
[199] "_R_N843|ten_8|103891658|103894210|+|2552" 
[200] "_R_N843|ten_11|96433633|96436175|+|2542"  
[201] "_R_N843|ten_1|130894884|130897434|+|2550" 
[202] "N843|dum_11|121963496|121966002|+|2506"   
[203] "N843|dum_4|10215913|10218416|+|2503"      
[204] "N843|dum_X1|69345627|69348131|+|2504"     
[205] "N843|ten_11|57698035|57700540|+|2505"     
[206] "N843|ten_5|89857904|89860413|+|2509"      
[207] "N843|dum_11|7458248|7460752|+|2504"       
[208] "N843|dum_X1|69380383|69382600|+|2217"     
[209] "N843|dum_X1|69002387|69004864|+|2477"     
[210] "_R_N843|dum_X1|69461085|69463613|+|2528"  
[211] "_R_N843|dum_1|193812237|193814792|+|2555" 
[212] "_R_N843|dum_X1|68976331|68978877|+|2546"  
[213] "N843|dum_X1|69487051|69489546|+|2495"     
[214] "N843|dum_X1|69360628|69363132|+|2504"     
[215] "N843|dum_X1|69352957|69355460|+|2503"     
[216] "N843|dum_11|157268011|157270518|+|2507"   
[217] "N843|dum_11|157279961|157282466|+|2505"   
[218] "N843|dum_X1|68213858|68216365|+|2507"     
[219] "N843|dum_X1|68218918|68221425|+|2507"     
[220] "N843|dum_11|85118506|85121012|+|2506"     
[221] "N843|dum_7|102834496|102836854|+|2358"    
[222] "_R_N843|dum_2|144641508|144644059|+|2551" 
[223] "N843|dum_9|187788420|187790921|+|2501"    
[224] "N843|dum_X1|71400122|71402623|+|2501"     
[225] "N843|dum_1|134029855|134032356|+|2501"    
[226] "_R_N843|dum_1|143144367|143146457|+|2090" 
[227] "N843|dum_X1|69043256|69045680|+|2424"     
[228] "_R_N843|dum_X1|69420304|69422776|+|2472"  
[229] "_R_N843|ten_X2|129198543|129200841|+|2298"
[230] "N843|dum_X1|69063658|69066160|+|2502"     
[231] "N843|dum_11|120497758|120500263|+|2505"   
[232] "_R_N843|ten_11|25066908|25069457|+|2549"  
[233] "N843|ten_3|111414977|111417478|+|2501"    
[234] "_R_N843|dum_11|158422049|158424605|+|2556"
[235] "N843|dum_11|164274535|164277039|+|2504"   
[236] "N843|dum_1|150330945|150333447|+|2502"    
[237] "N843|ten_3|47059805|47062309|+|2504"      
[238] "_R_N843|ten_12|89718345|89720897|+|2552"  
[239] "_R_N843|ten_11|46312938|46315490|+|2552"  
[240] "_R_N843|ten_10|126574094|126576644|+|2550"
[241] "N843|dum_7|19988143|19990628|+|2485"      
[242] "N843|dum_7|20019321|20021806|+|2485"      
[243] "N843|dum_7|20088119|20090478|+|2359"      
[244] "N843|dum_7|20069421|20071780|+|2359"      
[245] "N843|dum_7|20106824|20109182|+|2358"      
[246] "N843|dum_7|20025212|20027568|+|2356"      
[247] "N843|dum_7|20043794|20045958|+|2164"      
[248] "_R_N843|dum_11|164179464|164181999|+|2535"
[249] "_R_N843|dum_X2|57308036|57310590|+|2554"  
[250] "_R_N843|ten_2|115226719|115229270|+|2551" 
[251] "_R_N843|dum_11|131780400|131782954|+|2554"
[252] "N843|dum_11|68846644|68849144|+|2500"     
[253] "_R_N843|dum_11|41269771|41272322|+|2551"  
[254] "_R_N843|dum_12|83883828|83886380|+|2552"  
[255] "_R_N843|ten_8|104243083|104245635|+|2552" 
[256] "_R_N843|ten_3|189526879|189529050|+|2171" 
[257] "_R_N843|dum_12|74816716|74819275|+|2559"  
[258] "_R_N843|dum_X1|105631607|105634162|+|2555"
[259] "_R_N843|dum_6|135678626|135681184|+|2558" 
[260] "_R_N843|dum_11|67304396|67306947|+|2551"  
[261] "N843|dum_3|184173425|184175918|+|2493"    
[262] "_R_N843|dum_11|17027778|17029817|+|2039"  
[263] "_R_N843|ten_7|187095869|187098353|+|2484" 
[264] "_R_N843|dum_1|145249543|145252096|+|2553" 
[265] "_R_N843|dum_11|150000648|150002874|+|2226"
[266] "_R_N843|ten_2|16484677|16487212|+|2535"   
[267] "_R_N843|ten_2|17186346|17188858|+|2512"   
[268] "_R_N843|dum_2|12675833|12678387|+|2554"   
[269] "_R_N843|dum_2|12689713|12692263|+|2550"   
[270] "_R_N843|dum_2|12703586|12706141|+|2555"   
[271] "_R_N843|dum_2|12612825|12615374|+|2549"   
[272] "_R_N843|dum_2|12639686|12642235|+|2549"   
[273] "_R_N843|dum_2|12520984|12523533|+|2549"   
[274] "_R_N843|dum_2|12543271|12545820|+|2549"   
[275] "_R_N843|dum_2|12608246|12610795|+|2549"   
[276] "_R_N843|dum_2|12565560|12568109|+|2549"   
[277] "_R_N843|dum_2|12498685|12501228|+|2543"   
[278] "_R_N843|dum_2|12603668|12606216|+|2548"   
[279] "_R_N843|dum_2|12635109|12637657|+|2548"   
[280] "_R_N843|dum_2|12661971|12664517|+|2546"   
[281] "_R_N843|dum_11|108953856|108956408|+|2552"
[282] "N843|ten_1|94190432|94192935|+|2503"      
[283] "N843|ten_12|102970459|102972963|+|2504"   
[284] "_R_N843|ten_11|38037988|38040545|+|2557"  
[285] "_R_N843|ten_2|122040184|122042741|+|2557" 
[286] "N843|dum_X1|2668535|2671038|+|2503"       
[287] "_R_N843|dum_11|89914309|89916865|+|2556"  
[288] "N843|ten_11|79268796|79271296|+|2500"     
[289] "N843|dum_1|150245277|150247784|+|2507"    
[290] "_R_N843|dum_2|68878100|68880287|+|2187"   
[291] "N843|dum_11|139528472|139530899|+|2427"   
[292] "N843|dum_11|128736502|128738998|+|2496"   
[293] "_R_N843|ten_X2|203514941|203517488|+|2547"
[294] "N843|ten_1|195515537|195518007|+|2470"    
[295] "_R_N843|dum_1|145363374|145365925|+|2551" 
[296] "N843|dum_11|45822971|45825461|+|2490"     
[297] "N843|dum_5|1638026|1640523|+|2497"        
[298] "N843|dum_10|90418263|90420756|+|2493"     
[299] "N843|dum_3|35239864|35242360|+|2496"      
[300] "N843|dum_6|39056627|39059123|+|2496"      
[301] "N843|dum_6|38703193|38705689|+|2496"      
[302] "N843|dum_5|158261090|158263586|+|2496"    
[303] "N843|dum_10|24642685|24645182|+|2497"     
[304] "N843|dum_10|89644221|89646718|+|2497"     
[305] "N843|dum_7|59485292|59487790|+|2498"      
[306] "N843|dum_9|168419842|168422341|+|2499"    
[307] "N843|dum_3|1841129|1843624|+|2495"        
[308] "N843|dum_5|67361466|67363965|+|2499"      
[309] "N843|dum_9|737007|739506|+|2499"          
[310] "N843|dum_8|47377970|47380467|+|2497"      
[311] "N843|dum_8|46983843|46986340|+|2497"      
[312] "N843|dum_5|1340974|1343471|+|2497"        
[313] "N843|dum_10|166778269|166780767|+|2498"   
[314] "N843|dum_10|135273090|135275587|+|2497"   
[315] "N843|dum_5|67642633|67645132|+|2499"      
[316] "N843|dum_5|144936824|144939323|+|2499"    
[317] "N843|dum_7|59693844|59696343|+|2499"      
[318] "N843|dum_5|145759753|145762252|+|2499"    
[319] "N843|dum_10|24816660|24819156|+|2496"     
[320] "N843|dum_8|137982916|137985412|+|2496"    
[321] "N843|dum_8|138340215|138342713|+|2498"    
[322] "N843|dum_9|8434|10928|+|2494"             
[323] "_R_N843|dum_2|211696148|211698700|+|2552" 
[324] "_R_N843|dum_2|212850386|212852938|+|2552" 
[325] "_R_N843|dum_3|59063608|59066160|+|2552"   
[326] "_R_N843|dum_2|210787357|210789909|+|2552" 
[327] "_R_N843|dum_2|211054166|211056717|+|2551" 
[328] "_R_N843|dum_2|211400167|211402718|+|2551" 
[329] "_R_N843|dum_2|212208404|212210955|+|2551" 
[330] "_R_N843|dum_2|212554405|212556956|+|2551" 
[331] "_R_N843|dum_2|208597125|208599676|+|2551" 
[332] "_R_N843|dum_2|211933445|211935996|+|2551" 
[333] "_R_N843|dum_2|213087683|213090234|+|2551" 
[334] "_R_N843|dum_10|130158072|130160623|+|2551"
[335] "_R_N843|dum_9|167212414|167214963|+|2549" 
[336] "_R_N843|dum_10|64445352|64447890|+|2538"  
[337] "_R_N843|dum_5|122367757|122370310|+|2553" 
[338] "_R_N843|dum_9|167051516|167054067|+|2551" 
[339] "_R_N843|dum_10|22036138|22038689|+|2551"  
[340] "_R_N843|dum_10|166056658|166059211|+|2553"
[341] "_R_N843|dum_2|209962772|209965326|+|2554" 
[342] "_R_N843|dum_1|231549283|231551838|+|2555" 
[343] "_R_N843|dum_5|68557897|68560450|+|2553"   
[344] "_R_N843|dum_10|64675389|64677944|+|2555"  
[345] "_R_N843|dum_10|65042457|65045009|+|2552"  
[346] "_R_N843|dum_2|210315867|210318417|+|2550" 
[347] "_R_N843|dum_3|26545161|26547714|+|2553"   
[348] "_R_N843|dum_8|55513009|55515555|+|2546"   
[349] "_R_N843|dum_8|55693882|55696429|+|2547"   
[350] "_R_N843|dum_10|166275333|166277882|+|2549"
[351] "_R_N843|dum_8|55236855|55239398|+|2543"   
[352] "_R_N843|dum_3|59478594|59481144|+|2550"   
[353] "_R_N843|dum_11|112338286|112340813|+|2527"
[354] "N843|dum_5|146861313|146863814|+|2501"    
[355] "_R_N843|dum_3|60087709|60090008|+|2299"   
[356] "_R_N843|dum_7|2952741|2955282|+|2541"     
[357] "N843|dum_7|51173336|51175817|+|2481"      
[358] "_R_N843|ten_2|262105867|262108406|+|2539" 
[359] "N843|dum_1|192870789|192873251|+|2462"    
[360] "_R_N843|dum_1|150263723|150266264|+|2541" 
[361] "N843|dum_X1|71541850|71544340|+|2490"     
[362] "N843|dum_X1|69709905|69712403|+|2498"     
[363] "_R_N843|dum_2|145354680|145357220|+|2540" 
[364] "_R_N843|dum_X1|69406655|69409198|+|2543"  
[365] "N843|dum_X1|68203295|68205760|+|2465"     
[366] "_R_N843|dum_1|53697646|53700190|+|2544"   
[367] "_R_N843|dum_X1|67462333|67464885|+|2552"  
[368] "_R_N843|ten_2|180170708|180173256|+|2548" 
[369] "_R_N843|dum_11|144083893|144086098|+|2205"
[370] "_R_N843|dum_11|136000559|136003126|+|2567"
[371] "N843|dum_11|159901777|159904264|+|2487"   
[372] "N843|ten_11|42011033|42013053|+|2020"     
[373] "N843|dum_1|150284583|150286593|+|2010"    
[374] "N843|dum_1|150308429|150310439|+|2010"    
[375] "N843|dum_1|150325488|150327498|+|2010"    
[376] "N843|dum_1|150290047|150292057|+|2010"    
[377] "N843|dum_1|150296179|150298189|+|2010"    
[378] "N843|dum_1|150302304|150304314|+|2010"    
[379] "N843|dum_1|150313892|150315901|+|2009"    
[380] "N843|dum_1|150319370|150321380|+|2010"    
[381] "N843|dum_11|121869231|121871724|+|2493"   
[382] "N843|dum_X1|68335310|68337802|+|2492"     
[383] "_R_N843|dum_11|138858603|138861143|+|2540"
[384] "_R_N843|dum_11|138875140|138877677|+|2537"
[385] "N843|dum_X1|70799178|70801670|+|2492"     
[386] "N843|dum_X1|122639142|122641635|+|2493"   
[387] "N843|dum_X2|3902124|3904613|+|2489"       
[388] "N843|dum_4|975761|978252|+|2491"          
[389] "_R_N843|dum_X1|68467694|68470236|+|2542"  
[390] "_R_N843|dum_X1|68444353|68446895|+|2542"  
[391] "N843|dum_11|138580494|138582984|+|2490"   
[392] "N843|dum_11|113051811|113054306|+|2495"   
[393] "N843|dum_X1|70964256|70966765|+|2509"     
[394] "_R_N843|dum_11|138798810|138801340|+|2530"
[395] "_R_N843|dum_X1|71089075|71091490|+|2415"  
[396] "N843|dum_X1|70748816|70750891|+|2075"     
[397] "_R_N843|dum_X1|68089248|68091322|+|2074"  
[398] "N843|dum_11|137778429|137780921|+|2492"   
[399] "_R_N843|ten_X2|175298703|175301243|+|2540"
[400] "_R_N843|dum_11|127074774|127077316|+|2542"
[401] "_R_N843|dum_3|201154070|201156610|+|2540" 
[402] "_R_N843|ten_11|73461954|73464495|+|2541"  
[403] "_R_N843|ten_11|6930078|6932623|+|2545"    
[404] "N843|dum_11|139204507|139206997|+|2490"   
[405] "N843|dum_11|138889073|138891565|+|2492"   
[406] "N843|ten_1|130354626|130357115|+|2489"    
[407] "_R_N843|ten_8|65172105|65174653|+|2548"   
[408] "_R_N843|ten_11|9211139|9213689|+|2550"    
[409] "N843|ten_11|31596762|31599261|+|2499"     
[410] "N843|ten_11|28343437|28345936|+|2499"     
[411] "N843|ten_11|99119922|99122421|+|2499"     
[412] "N843|ten_X2|83131572|83134072|+|2500"     
[413] "N843|ten_X2|83611871|83614372|+|2501"     
[414] "_R_N843|ten_11|18745565|18748114|+|2549"  
[415] "N843|ten_X1|205435766|205438257|+|2491"   
[416] "N843|ten_7|195364410|195366901|+|2491"    
[417] "_R_N843|dum_X1|70754988|70757531|+|2543"  
[418] "_R_N843|dum_X1|71233750|71236293|+|2543"  
[419] "N843|dum_X1|71115112|71117605|+|2493"     
[420] "_R_N843|ten_11|17089848|17092156|+|2308"  
[421] "N843|ten_1|128625058|128627196|+|2138"    
[422] "_R_N843|dum_X2|105767382|105769941|+|2559"
[423] "_R_N843|dum_X2|106016350|106018909|+|2559"
[424] "_R_N843|dum_X2|106299018|106301570|+|2552"
[425] "N843|dum_1|147862568|147865071|+|2503"    
[426] "N843|ten_6|219826961|219829457|+|2496"    
[427] "_R_N843|ten_1|204647059|204649490|+|2431" 
[428] "_R_N843|dum_3|155006594|155009142|+|2548" 
[429] "_R_N843|ten_11|55396200|55398734|+|2534"  
[430] "_R_N843|dum_11|77869737|77872131|+|2394"  
[431] "N843|ten_11|97219777|97222182|+|2405"     
[432] "N843|ten_11|96846390|96848749|+|2359"     
[433] "_R_N843|dum_11|77817362|77819884|+|2522"  
[434] "_R_N843|dum_11|78035877|78038445|+|2568"  
[435] "_R_N843|ten_11|30759811|30762085|+|2274"  
[436] "N843|ten_2|84177539|84179529|+|1990"      
[437] "N843|dum_2|143941968|143944285|+|2317"    
[438] "N843|ten_2|144974811|144977131|+|2320"    
[439] "_R_N843|dum_8|9955565|9958033|+|2468"     
[440] "_R_N843|dum_8|9990819|9993088|+|2269"     
[441] "_R_N843|mim_14|16220448|16222900|+|2452"  
[442] "_R_N843|mim_14|18457297|18459770|+|2473"  
[443] "N843|mim_14|16202496|16204902|+|2406"     
[444] "N843|mim_14|18439316|18441746|+|2430"     
[445] "N843|mim_14|68478745|68481207|+|2462"     
[446] "_R_N843|mim_14|16247021|16249485|+|2464"  
[447] "_R_N843|mim_14|18480335|18482792|+|2457"  
[448] "N843|mim_14|6102720|6105172|+|2452"       
[449] "_R_N843|mim_14|20185098|20187445|+|2347"  
[450] "N843|mim_14|35158310|35160778|+|2468"     
[451] "_R_N843|mim_7|114814531|114816988|+|2457" 
[452] "N843|mim_14|35133829|35136294|+|2465"     
[453] "_R_N843|mim_7|74284212|74286682|+|2470"   
[454] "N843|mim_8|144736862|144739326|+|2464"    
[455] "N843|mim_3|13538958|13541418|+|2460"      
[456] "_R_N843|mim_3|13744756|13747221|+|2465"   
[457] "N843|mim_X1|154352463|154354928|+|2465"   
[458] "N843|mim_14|3085709|3088152|+|2443"       
[459] "N843|mim_3|13439458|13441877|+|2419"      
[460] "N843|mim_14|14135455|14137920|+|2465"     
[461] "N843|mim_14|53208605|53211072|+|2467"     
[462] "_R_N843|mim_12|40753062|40755511|+|2449"  
[463] "N843|mim_1|145587790|145590287|+|2497"    
[464] "N843|mim_10|173360081|173362588|+|2507"   
[465] "N843|mim_14|8918221|8920690|+|2469"       
[466] "N843|mim_14|48303922|48306409|+|2487"     
[467] "N843|mim_12|78352944|78355401|+|2457"     
[468] "N843|mim_12|83337868|83340373|+|2505"     
[469] "N843|mim_14|41917070|41919563|+|2493"     
[470] "_R_N843|mim_8|199506308|199508842|+|2534" 
[471] "N843|mim_14|53307508|53310007|+|2499"     
[472] "_R_N843|mim_14|53356749|53359294|+|2545"  
[473] "_R_N843|mim_10|169531960|169534507|+|2547"
[474] "N843|mim_8|18923848|18926341|+|2493"      
[475] "_R_N843|mim_1|134321783|134324323|+|2540" 
[476] "N843|mim_5|10787146|10789646|+|2500"      
[477] "_R_N843|mim_14|54200211|54202757|+|2546"  
[478] "_R_N843|mim_14|54223333|54225879|+|2546"  
[479] "_R_N843|mim_14|54214314|54216861|+|2547"  
[480] "N843|mim_14|54484144|54486642|+|2498"     
[481] "N843|mim_10|172708132|172710639|+|2507"   
[482] "N843|mim_14|14124728|14127227|+|2499"     
[483] "N843|mim_12|83028594|83031093|+|2499"     
[484] "_R_N843|mim_14|2395545|2398087|+|2542"    
[485] "N843|mim_10|95867768|95870260|+|2492"     
[486] "N843|mim_14|46179028|46181136|+|2108"     
[487] "_R_N843|mim_14|41988797|41990917|+|2120"  
[488] "N843|mim_3|13569147|13571612|+|2465"      
[489] "N843|mim_3|13574781|13577250|+|2469"      
[490] "N843|mim_3|13580408|13582875|+|2467"      
[491] "N843|mim_3|13586033|13588501|+|2468"      
[492] "N843|mim_3|13563506|13565976|+|2470"      
[493] "_R_N843|mim_3|13725835|13728304|+|2469"   
[494] "N843|mim_13|3732397|3734890|+|2493"       
[495] "_R_N843|mim_6|85131529|85134078|+|2549"   
[496] "_R_N843|mim_14|14131217|14133757|+|2540"  
[497] "_R_N843|mim_10|172732099|172734646|+|2547"
[498] "_R_N843|mim_11|7639848|7642383|+|2535"    
[499] "_R_N843|mim_14|5274340|5276786|+|2446"    
[500] "_R_N843|mim_5|24696179|24698642|+|2463"   
[501] "_R_N843|mim_8|110722464|110724927|+|2463" 
[502] "N843|mim_7|182555382|182557857|+|2475"    
[503] "_R_N843|mim_10|172765232|172767682|+|2450"
[504] "N843|mim_2|47030863|47033299|+|2436"      
[505] "N843|mim_2|47040887|47043323|+|2436"      
[506] "_R_N843|mim_10|172940065|172942537|+|2472"
[507] "N843|mim_2|19562066|19564538|+|2472"      
[508] "N843|mim_10|172832106|172834575|+|2469"   
[509] "_R_N843|mim_14|31250296|31252768|+|2472"  
[510] "N843|mim_7|182559728|182561946|+|2218"    
[511] "_R_N843|mim_3|13432613|13435024|+|2411"   
[512] "N843|mim_3|13591672|13593940|+|2268"      
[513] "N843|mim_12|78075483|78077918|+|2435"     
[514] "N843|mim_12|82749585|82752026|+|2441"     
[515] "_R_N843|mim_12|83589422|83591869|+|2447"  
[516] "_R_N843|mim_14|15945544|15948012|+|2468"  
[517] "_R_N843|mim_14|18099401|18101870|+|2469"  
[518] "_R_N843|mim_14|84243762|84246256|+|2494"  
[519] "_R_N843|dum_7|160116717|160119124|+|2407" 
[520] "_R_N843|dum_7|160206872|160209281|+|2409" 
[521] "N843|dum_X1|29033678|29036028|+|2350"     
[522] "_R_N843|ten_3|226330661|226332678|+|2017" 
[523] "_R_N843|ten_3|227357687|227359704|+|2017" 
[524] "_R_N843|dum_11|56351092|56353117|+|2025"  
[525] "N843|bic_X1|25767159|25769472|+|2313"     
[526] "N843|sar_13|167651621|167654096|+|2475"   
[527] "N843|sar_2|76310716|76313191|+|2475"      
[528] "_R_N843|sar_2|268211689|268214223|+|2534" 
[529] "_R_N843|sar_2|259470658|259473060|+|2402" 
[530] "_R_N843|sar_2|259975227|259977628|+|2401" 
[531] "N843|sar_2|259219438|259221789|+|2351"    
[532] "_R_N843|sar_6|5484597|5486999|+|2402"     
[533] "N843|sar_13|187470279|187472630|+|2351"   
[534] "_R_N843|sar_2|62513184|62515586|+|2402"   
[535] "_R_N843|sar_13|188772667|188774820|+|2153"
[536] "_R_N843|bic_10|11726499|11729035|+|2536"  
[537] "N843|bic_2|88953194|88955678|+|2484"      
[538] "_R_N843|bic_2|91642491|91644893|+|2402"   
[539] "_R_N843|bic_13|603678|606080|+|2402"      
[540] "_R_N843|bic_2|11109314|11111853|+|2539"   
[541] "_R_N843|bic_2|11807992|11810529|+|2537"   
[542] "_R_N843|bic_2|94437145|94439657|+|2512"   
[543] "N843|bic_2|10957349|10959785|+|2436"      
[544] "N843|bic_2|11655880|11658318|+|2438"      
[545] "N843|bic_2|15365052|15367133|+|2081"      
[546] "N843|bic_3|137121405|137123864|+|2459"    
[547] "N843|sar_3|155120888|155123358|+|2470"    
[548] "_R_N843|bic_2|84423513|84426055|+|2542"   
[549] "N843|bic_2|94441725|94444231|+|2506"      
[550] "N843|bic_2|91635119|91637236|+|2117"      
[551] "_R_N843|bic_2|10686113|10688664|+|2551"   
[552] "_R_N843|bic_2|11418681|11421232|+|2551"   
[553] "_R_N843|bic_2|91103898|91106450|+|2552"   
[554] "_R_N843|bic_2|37011002|37013554|+|2552"   
[555] "_R_N843|bic_2|89967164|89969716|+|2552"   
[556] "_R_N843|bic_2|89323076|89325628|+|2552"   
[557] "_R_N843|bic_13|485545|488097|+|2552"      
[558] "_R_N843|bic_13|542973|545525|+|2552"      
[559] "N843|bic_2|32208|34709|+|2501"            
[560] "N843|bic_2|90474963|90477464|+|2501"      
[561] "N843|bic_2|11224355|11226856|+|2501"      
[562] "_R_N843|bic_2|89327897|89330450|+|2553"   
[563] "N843|bic_2|91297661|91300162|+|2501"      
[564] "N843|bic_2|89972787|89975288|+|2501"      
[565] "_R_N843|bic_2|10551263|10553810|+|2547"   
[566] "_R_N843|sar_13|187584524|187587054|+|2530"
[567] "_R_N843|sar_9|216123234|216125786|+|2552" 
[568] "N843|sar_2|62930880|62933374|+|2494"      
[569] "_R_N843|sar_1|175921379|175923931|+|2552" 
[570] "_R_N843|sar_2|24401868|24404410|+|2542"   
[571] "_R_N843|sar_2|248378033|248380572|+|2539" 
[572] "_R_N843|sar_2|8353838|8356375|+|2537"     
[573] "N843|sar_2|4373906|4376392|+|2486"        
[574] "N843|sar_2|21028747|21031233|+|2486"      
[575] "_R_N843|sar_2|14026484|14029015|+|2531"   
[576] "_R_N843|sar_2|1307971|1310503|+|2532"     
[577] "_R_N843|sar_2|4448301|4450833|+|2532"     
[578] "_R_N843|sar_2|21098279|21100812|+|2533"   
[579] "N843|sar_2|13946866|13949353|+|2487"      
[580] "N843|sar_2|7367203|7369698|+|2495"        
[581] "N843|sar_2|6137803|6140280|+|2477"        
[582] "N843|sar_2|7468988|7471465|+|2477"        
[583] "N843|bic_2|55374078|55376578|+|2500"      
[584] "N843|ten_11|80600452|80602426|+|1974"     
[585] "N843|dum_6|69987932|69990266|+|2334"      
[586] "_R_N843|dum_4|89635079|89637038|+|1959"   
[587] "N843|ten_4|142027630|142029608|+|1978"    
[588] "N843|dum_X2|166778557|166780624|+|2067"   
[589] "N843|ten_X2|45359511|45361457|+|1946"     
[590] "N843|dum_X1|22649495|22651736|+|2241"     
[591] "N843|ten_X1|14932375|14934603|+|2228"     
[592] "_R_N843|dum_8|5659964|5662164|+|2200"     
[593] "_R_N843|ten_8|3341843|3344043|+|2200"     
[594] "_R_N843|dum_X1|14125995|14128215|+|2220"  
[595] "_R_N843|dum_1|98630003|98632149|+|2146"   
[596] "_R_N843|ten_1|95904360|95906567|+|2207"   
[597] "_R_N843|ten_11|101314560|101316800|+|2240"
[598] "_R_N843|ten_11|102720716|102722954|+|2238"
[599] "_R_N843|ten_7|187777965|187780205|+|2240" 
[600] "N843|ten_10|170838931|170841162|+|2231"   
[601] "_R_N843|ten_8|42923186|42925423|+|2237"   
[602] "_R_N843|ten_11|22871506|22873800|+|2294"  
[603] "N843|ten_9|106687416|106689707|+|2291"    
[604] "_R_N843|ten_2|11783687|11785938|+|2251"   
[605] "_R_N843|ten_2|138062321|138064558|+|2237" 
[606] "_R_N843|dum_11|112923814|112926051|+|2237"
[607] "N843|dum_11|140617423|140619654|+|2231"   
[608] "N843|dum_11|122063049|122065280|+|2231"   
[609] "_R_N843|dum_9|184948187|184950425|+|2238" 
[610] "N843|dum_11|144467033|144469264|+|2231"   
[611] "N843|dum_10|187275885|187278116|+|2231"   
[612] "N843|dum_X1|71133721|71135952|+|2231"     
[613] "N843|dum_11|112912932|112915163|+|2231"   
[614] "N843|dum_1|53190648|53192883|+|2235"      
[615] "N843|dum_X2|52082669|52084898|+|2229"     
[616] "N843|dum_X1|69008040|69010274|+|2234"     
[617] "_R_N843|dum_X1|69455677|69457918|+|2241"  
[618] "N843|dum_2|103318536|103320768|+|2232"    
[619] "N843|dum_11|144666867|144669092|+|2225"   
[620] "N843|dum_12|123765915|123768149|+|2234"   
[621] "N843|dum_X1|70462553|70464780|+|2227"     
[622] "N843|dum_11|131805286|131807520|+|2234"   
[623] "_R_N843|ten_7|128339214|128341452|+|2238" 
[624] "_R_N843|ten_7|183720620|183722853|+|2233" 
[625] "_R_N843|ten_7|194982775|194985013|+|2238" 
[626] "N843|ten_3|167561065|167563288|+|2223"    
[627] "N843|dum_7|19976263|19978498|+|2235"      
[628] "N843|dum_7|20001559|20003787|+|2228"      
[629] "N843|dum_7|20032030|20034257|+|2227"      
[630] "N843|dum_7|20057549|20059775|+|2226"      
[631] "N843|dum_7|20094941|20097166|+|2225"      
[632] "N843|dum_7|20076243|20078470|+|2227"      
[633] "N843|dum_11|159814719|159817084|+|2365"   
[634] "N843|ten_11|41880476|41882836|+|2360"     
[635] "N843|dum_11|134901085|134903445|+|2360"   
[636] "_R_N843|ten_11|45261129|45263661|+|2532"  
[637] "N843|dum_11|86084298|86086675|+|2377"     
[638] "N843|dum_3|174602672|174604898|+|2226"    
[639] "_R_N843|dum_11|159881858|159884095|+|2237"
[640] "_R_N843|ten_11|40841443|40843676|+|2233"  
[641] "N843|dum_X1|29074540|29076763|+|2223"     
[642] "N843|ten_11|84115127|84117260|+|2133"     
[643] "N843|ten_X1|201201679|201203637|+|1958"   
[644] "_R_N843|sar_2|67921044|67923327|+|2283"   
[645] "N843|sar_2|74638147|74640421|+|2274"      
[646] "_R_N843|sar_2|75073124|75075552|+|2428"   
[647] "_R_N843|sar_2|16302526|16304797|+|2271"   
[648] "N843|sar_2|16421380|16423776|+|2396"      
[649] "N843|sar_2|65255999|65258273|+|2274"      
[650] "_R_N843|sar_2|83126634|83128901|+|2267"   
[651] "N843|sar_2|66746342|66748561|+|2219"      
[652] "N843|sar_2|15755470|15757775|+|2305"      
[653] "_R_N843|sar_2|80282449|80284349|+|1900"   
[654] "_R_N843|sar_2|78221465|78223358|+|1893"   
[655] "_R_N843|sar_10|7661578|7663972|+|2394"    
[656] "_R_N843|sar_2|90801877|90804363|+|2486"   
[657] "N843|sar_2|241571251|241573604|+|2353"    
[658] "_R_N843|bic_12|620612|623104|+|2492"      
[659] "_R_N843|bic_2|91042829|91045321|+|2492"   
[660] "N843|sar_10|140186884|140189379|+|2495"   
[661] "N843|bic_14|31969554|31972060|+|2506"     
[662] "N843|bic_2|17539214|17541634|+|2420"      
[663] "N843|sar_2|267557630|267559946|+|2316"    
[664] "_R_N843|sar_11|219947706|219950002|+|2296"
[665] "N843|sar_2|43440094|43442422|+|2328"      
[666] "N843|bic_2|64233360|64235482|+|2122"      
[667] "_R_N843|bic_2|11863814|11866199|+|2385"   
[668] "_R_N843|bic_10|62641847|62644216|+|2369"  
[669] "N843|sar_10|141642095|141644122|+|2027"   
[670] "N843|bic_5|154353915|154356207|+|2292"    
[671] "_R_N843|sar_11|219670108|219672279|+|2171"
[672] "_R_N843|bic_X2|62634226|62636637|+|2411"  
[673] "_R_N843|sar_X2|82769085|82771507|+|2422"  
[674] "N843|sar_1|152657053|152659041|+|1988"    
[675] "_R_N843|bic_2|12985680|12988082|+|2402"   
[676] "_R_N843|bic_2|93810987|93813386|+|2399"   
[677] "_R_N843|bic_2|31146185|31148571|+|2386"   
[678] "N843|bic_10|147132718|147134642|+|1924"   
[679] "N843|sar_2|258363531|258365795|+|2264"    
[680] "_R_N843|sar_5|159934091|159936479|+|2388" 
[681] "_R_N843|sar_1|175944213|175946100|+|1887" 
[682] "_R_N843|mim_7|167669408|167671552|+|2144" 
[683] "_R_N843|lin_17|282636|285011|+|2375"      
[684] "_R_N843|lin_17|1589599|1591974|+|2375"    
[685] "N843|lin_18|62307045|62309428|+|2383"     
[686] "N843|lin_14|11657145|11659547|+|2402"     
[687] "N843|lin_15|73757187|73759455|+|2268"     
[688] "N843|lin_1|45963765|45966236|+|2471"      
[689] "N843|lin_12|587810|590162|+|2352"         
[690] "N843|lin_14|8559697|8562188|+|2491"       
[691] "_R_N843|lin_12|685071|687260|+|2189"      
[692] "N843|lin_15|61520847|61523251|+|2404"     
[693] "N843|bic_10|137463115|137465141|+|2026"   
[694] "N843|bic_10|137468917|137470945|+|2028"   
[695] "N843|bic_14|32033942|32036322|+|2380"     
[696] "N843|bic_2|5199503|5201956|+|2453"        
[697] "N843|bic_4|129249728|129252116|+|2388"    
[698] "N843|bic_X1|177842233|177844632|+|2399"   
[699] "_R_N843|bic_2|11813895|11816309|+|2414"   
[700] "_R_N843|bic_2|91511197|91513585|+|2388"   
[701] "N843|bic_2|89337600|89340012|+|2412"      
[702] "N843|bic_13|1143690|1146101|+|2411"       
[703] "N843|bic_13|1134930|1137352|+|2422"       
[704] "_R_N843|bic_2|9998003|10000456|+|2453"    
[705] "N843|bic_2|94357069|94359522|+|2453"      
[706] "_R_N843|bic_13|1650726|1653122|+|2396"    
[707] "_R_N843|bic_13|478729|481128|+|2399"      
[708] "_R_N843|bic_13|527371|529770|+|2399"      
[709] "_R_N843|bic_13|536157|538556|+|2399"      
[710] "_R_N843|bic_13|518584|520983|+|2399"      
[711] "_R_N843|bic_13|493306|495825|+|2519"      
[712] "_R_N843|bic_13|550734|553253|+|2519"      
[713] "_R_N843|bic_13|509802|512198|+|2396"      
[714] "_R_N843|bic_13|567231|569627|+|2396"      
[715] "_R_N843|bic_13|592500|594896|+|2396"      
[716] "_R_N843|bic_13|583731|586128|+|2397"      
[717] "N843|bic_11|108109640|108112022|+|2382"   
[718] "N843|bic_10|12427653|12430050|+|2397"     
[719] "N843|bic_13|1631046|1633499|+|2453"       
[720] "_R_N843|bic_7|180026522|180028906|+|2384" 
[721] "N843|bic_2|7043716|7045753|+|2037"        
[722] "_R_N843|bic_2|27548781|27550901|+|2120"   
[723] "N843|sar_10|201053009|201055397|+|2388"   
[724] "N843|sar_2|26053299|26055707|+|2408"      
[725] "N843|sar_5|45840404|45842812|+|2408"      
[726] "N843|sar_13|187579089|187581486|+|2397"   
[727] "N843|sar_10|148940399|148942806|+|2407"   
[728] "N843|sar_5|160610053|160612460|+|2407"    
[729] "_R_N843|sar_X2|69321613|69324009|+|2396"  
[730] "_R_N843|sar_X2|177688393|177690789|+|2396"
[731] "_R_N843|sar_13|169472213|169474610|+|2397"
[732] "_R_N843|sar_10|159805531|159807927|+|2396"
[733] "_R_N843|sar_3|68589762|68592158|+|2396"   
[734] "_R_N843|sar_11|220889805|220892201|+|2396"
[735] "_R_N843|sar_8|243427565|243429961|+|2396" 
[736] "_R_N843|sar_X1|103337198|103339597|+|2399"
[737] "_R_N843|sar_2|62900964|62903101|+|2137"   
[738] "N843|sar_14|92972419|92974568|+|2149"     
[739] "N843|sar_9|30842323|30844432|+|2109"      
[740] "N843|sar_2|121166978|121168916|+|1938"    
[741] "N843|ten_X2|77568310|77570539|+|2229"     
[742] "N843|sar_2|275107038|275109362|+|2324"    
[743] "_R_N843|mim_10|180569014|180571557|+|2543"
[744] "N843|mim_14|40772190|40774683|+|2493"     
[745] "_R_N843|mim_4|79651119|79653629|+|2510"   
[746] "N843|mim_12|51684705|51687170|+|2465"     
[747] "N843|mim_10|180350470|180352964|+|2494"   
[748] "N843|mim_10|180355904|180358398|+|2494"   
[749] "N843|mim_10|180361338|180363832|+|2494"   
[750] "N843|mim_10|180340640|180343134|+|2494"   
[751] "N843|mim_10|180366772|180369266|+|2494"   
[752] "N843|mim_10|180239022|180241228|+|2206"   
[753] "N843|mim_10|180326106|180328309|+|2203"   
[754] "N843|mim_10|180254129|180256335|+|2206"   
[755] "N843|mim_10|180335494|180337700|+|2206"   
[756] "N843|mim_10|180321894|180324100|+|2206"   
[757] "N843|mim_10|180303090|180305296|+|2206"   
[758] "N843|mim_10|180312504|180314710|+|2206"   
[759] "N843|mim_10|180210843|180213049|+|2206"   
[760] "N843|mim_10|180293719|180295925|+|2206"   
[761] "N843|mim_10|180220235|180222438|+|2203"   
[762] "N843|mim_10|180229624|180231827|+|2203"   
[763] "_R_N843|mim_14|41999015|42001569|+|2554"  
[764] "N843|mim_14|46168424|46170921|+|2497"     
[765] "_R_N843|mim_14|42233405|42235959|+|2554"  
[766] "N843|mim_14|45938128|45940625|+|2497"     
[767] "_R_N843|mim_10|172816299|172818853|+|2554"
[768] "_R_N843|mim_10|172726480|172729031|+|2551"
[769] "N843|mim_12|13474982|13477479|+|2497"     
[770] "_R_N843|mim_6|73463078|73465633|+|2555"   
[771] "_R_N843|mim_12|127560047|127562601|+|2554"
[772] "N843|mim_14|48245864|48248362|+|2498"     
[773] "N843|mim_3|13496865|13499361|+|2496"      
[774] "N843|mim_14|35303999|35306320|+|2321"     
[775] "N843|mim_14|18522532|18524976|+|2444"     
[776] "_R_N843|mim_14|18560351|18562860|+|2509"  
[777] "N843|mim_3|12415669|12418113|+|2444"      
[778] "_R_N843|mim_10|172804492|172806995|+|2503"
[779] "N843|mim_14|49874584|49876935|+|2351"     
[780] "_R_N843|mim_14|14503719|14506224|+|2505"  
[781] "_R_N843|mim_14|35296416|35298816|+|2400"  
[782] "N843|mim_13|145233163|145235519|+|2356"   
[783] "_R_N843|mim_8|20583005|20585514|+|2509"   
[784] "_R_N843|mim_9|224850583|224853092|+|2509" 
[785] "_R_N843|mim_10|173205622|173208131|+|2509"
[786] "N843|mim_10|172753768|172756217|+|2449"   
[787] "_R_N843|mim_14|18577886|18580395|+|2509"  
[788] "_R_N843|mim_14|31547147|31549656|+|2509"  
[789] "_R_N843|mim_10|172896086|172898595|+|2509"
[790] "_R_N843|mim_10|175688162|175690671|+|2509"
[791] "_R_N843|mim_14|27242763|27245269|+|2506"  
[792] "N843|mim_10|172741567|172744020|+|2453"   
[793] "N843|mim_10|172747516|172749969|+|2453"   
[794] "_R_N843|mim_10|172863633|172866133|+|2500"
[795] "_R_N843|mim_14|8971913|8974413|+|2500"    
[796] "_R_N843|mim_14|14223654|14226061|+|2407"  
[797] "N843|mim_14|49862697|49864635|+|1938"     
[798] "N843|mim_14|10418738|10421151|+|2413"     
[799] "_R_N843|mim_4|120922467|120924955|+|2488" 
[800] "_R_N843|mim_14|35588002|35590104|+|2102"  
[801] "_R_N843|mim_2|42898822|42900850|+|2028"   
[802] "_R_N843|mim_4|114721963|114723992|+|2029" 
[803] "N843|mim_10|562942|564968|+|2026"         
[804] "N843|mim_14|213124829|213126855|+|2026"   
[805] "_R_N843|mim_11|188931426|188933457|+|2031"
[806] "N843|mim_6|72151322|72153344|+|2022"      
[807] "_R_N843|mim_13|175534035|175536066|+|2031"
[808] "N843|mim_7|2292614|2294652|+|2038"        
[809] "_R_N843|mim_8|3410441|3412481|+|2040"     
[810] "N843|mim_12|158474424|158476466|+|2042"   
[811] "N843|mim_X2|3703485|3705523|+|2038"       
[812] "_R_N843|ten_6|115563176|115565578|+|2402" 
[813] "_R_N843|ten_6|116304005|116306407|+|2402" 
[814] "_R_N843|ten_X2|82952746|82955154|+|2408"  
[815] "_R_N843|ten_X2|83387254|83389658|+|2404"  
[816] "_R_N843|ten_6|219002573|219004977|+|2404" 
[817] "N843|dum_5|11069313|11071664|+|2351"      
[818] "N843|dum_X1|231566922|231569272|+|2350"   
[819] "N843|dum_11|140446568|140448919|+|2351"   
[820] "N843|dum_11|140503020|140505370|+|2350"   
[821] "_R_N843|dum_11|46539130|46541535|+|2405"  
[822] "_R_N843|dum_X1|70816720|70819124|+|2404"  
[823] "_R_N843|dum_X1|71172103|71174505|+|2402"  
[824] "N843|dum_X1|70808308|70810660|+|2352"     
[825] "N843|dum_11|121861460|121863811|+|2351"   
[826] "N843|dum_X2|52121547|52123897|+|2350"     
[827] "_R_N843|dum_X1|70941983|70944386|+|2403"  
[828] "_R_N843|dum_X1|70947512|70949915|+|2403"  
[829] "N843|dum_11|136508206|136510569|+|2363"   
[830] "_R_N843|dum_1|196830986|196833387|+|2401" 
[831] "N843|dum_11|127535193|127537544|+|2351"   
[832] "_R_N843|ten_11|30889829|30892231|+|2402"  
[833] "_R_N843|ten_11|31591986|31594388|+|2402"  
[834] "_R_N843|ten_4|188655099|188657502|+|2403" 
[835] "N843|ten_X2|79145285|79147638|+|2353"     
[836] "_R_N843|ten_8|40379162|40381564|+|2402"   
[837] "_R_N843|ten_X1|127631329|127633730|+|2401"
[838] "_R_N843|ten_4|125834873|125837275|+|2402" 
[839] "N843|ten_7|191911729|191914080|+|2351"    
[840] "_R_N843|dum_11|138744884|138747288|+|2404"
[841] "_R_N843|ten_11|23364079|23366151|+|2072"  
[842] "N843|dum_7|20063539|20066024|+|2485"      
[843] "N843|dum_7|20082240|20084725|+|2485"      
[844] "N843|dum_7|20100934|20103419|+|2485"      
[845] "N843|dum_7|20013415|20015901|+|2486"      
[846] "N843|dum_7|20037902|20040388|+|2486"      
[847] "N843|dum_7|19982239|19984723|+|2484"      
[848] "N843|ten_1|170999980|171002465|+|2485"    
[849] "N843|ten_12|128044700|128047187|+|2487"   
[850] "_R_N843|dum_2|145130549|145132950|+|2401" 
[851] "N843|dum_11|4804556|4806908|+|2352"       
[852] "_R_N843|dum_7|206808657|206811057|+|2400" 
[853] "N843|dum_11|134294977|134297196|+|2219"   
[854] "N843|dum_X2|132542448|132544801|+|2353"   
[855] "N843|ten_12|32855916|32858267|+|2351"     
[856] "N843|ten_11|46136360|46138711|+|2351"     
[857] "_R_N843|ten_11|46308553|46310864|+|2311"  
[858] "N843|ten_7|183880794|183883084|+|2290"    
[859] "N843|dum_10|20940321|20942696|+|2375"     
[860] "_R_N843|dum_3|164795035|164797437|+|2402" 
[861] "_R_N843|ten_8|8713536|8715935|+|2399"     
[862] "_R_N843|dum_7|10104562|10106807|+|2245"   
[863] "_R_N843|dum_10|102080326|102082835|+|2509"
[864] "N843|ten_10|84744478|84746926|+|2448"     
[865] "_R_N843|dum_11|151000324|151002833|+|2509"
[866] "_R_N843|ten_6|89246954|89248961|+|2007"   
[867] "_R_N843|dum_4|60299785|60301868|+|2083"   
[868] "_R_N843|ten_12|36000567|36002780|+|2213"  
[869] "_R_N843|ten_12|36048935|36051132|+|2197"  
[870] "N843|ten_12|35749708|35751921|+|2213"     
[871] "N843|ten_12|35775285|35777498|+|2213"     
[872] "_R_N843|ten_12|35878248|35880458|+|2210"  
[873] "_R_N843|ten_12|35932391|35934605|+|2214"  
[874] "_R_N843|ten_12|35957791|35960006|+|2215"  
[875] "_R_N843|ten_12|35904757|35906970|+|2213"  
[876] "_R_N843|ten_12|35358290|35360503|+|2213"  
[877] "_R_N843|dum_12|32870239|32872452|+|2213"  
[878] "_R_N843|dum_12|32926235|32928449|+|2214"  
[879] "_R_N843|bic_2|9986002|9988549|+|2547"     
[880] "_R_N843|bic_2|10498942|10501489|+|2547"   
[881] "_R_N843|bic_2|41106414|41108960|+|2546"   
[882] "_R_N843|bic_2|93870810|93873359|+|2549"   
[883] "_R_N843|bic_2|41350918|41353465|+|2547"   
[884] "N843|bic_2|62332617|62335074|+|2457"      
[885] "N843|bic_13|1149410|1151900|+|2490"       
[886] "N843|bic_2|41216166|41218522|+|2356"      
[887] "_R_N843|bic_2|64468872|64471283|+|2411"   
[888] "N843|sar_13|186979783|186982269|+|2486"   
[889] "N843|sar_2|259637036|259639525|+|2489"    
[890] "N843|sar_2|258709266|258711753|+|2487"    
[891] "N843|sar_2|258840352|258842839|+|2487"    
[892] "_R_N843|sar_13|187268937|187271485|+|2548"
[893] "_R_N843|sar_2|259677025|259679571|+|2546" 
[894] "_R_N843|sar_2|260312091|260314640|+|2549" 
[895] "N843|sar_8|243376918|243379408|+|2490"    
[896] "N843|sar_13|187559181|187561670|+|2489"   
[897] "N843|sar_X2|130442031|130444521|+|2490"   
[898] "_R_N843|sar_2|260248076|260250623|+|2547" 
[899] "N843|sar_6|36175630|36178125|+|2495"      
[900] "N843|bic_13|11287620|11290105|+|2485"     
[901] "_R_N843|sar_13|177410701|177413215|+|2514"
[902] "N843|sar_1|150613846|150616108|+|2262"    
[903] "N843|bic_1|135913400|135915687|+|2287"    
