jobinfo 30048585
getting scaled timeline
 [1] "N1592|dum_5|144263534|144264604|+|1070"    
 [2] "_R_N1592|dum_9|167175534|167176611|+|1077" 
 [3] "_R_N1592|dum_2|210592567|210593638|+|1071" 
 [4] "_R_N1592|dum_5|122491630|122492705|+|1075" 
 [5] "N1592|dum_10|89728148|89729224|+|1076"     
 [6] "N1592|dum_10|24745356|24746432|+|1076"     
 [7] "N1592|dum_7|59571117|59572193|+|1076"      
 [8] "N1592|dum_3|1924922|1925997|+|1075"        
 [9] "N1592|dum_5|67920248|67921323|+|1075"      
[10] "N1592|dum_5|145637175|145638250|+|1075"    
[11] "_R_N1592|dum_10|64580846|64581920|+|1074"  
[12] "N1592|dum_3|35322336|35323355|+|1019"      
[13] "_R_N1592|dum_10|64956545|64957618|+|1073"  
[14] "N1592|dum_5|1412698|1413771|+|1073"        
[15] "N1592|dum_10|90489728|90490801|+|1073"     
[16] "N1592|dum_12|125044111|125045185|+|1074"   
[17] "N1592|dum_8|47462010|47463090|+|1080"      
[18] "_R_N1592|dum_2|210088237|210089317|+|1080" 
[19] "N1592|dum_10|167335097|167336172|+|1075"   
[20] "N1592|dum_10|22275305|22276380|+|1075"     
[21] "_R_N1592|dum_10|165972597|165973676|+|1079"
[22] "_R_N1592|dum_11|112257104|112258179|+|1075"
[23] "_R_N1592|dum_10|165941222|165942303|+|1081"
[24] "_R_N1592|dum_10|165956890|165957967|+|1077"
[25] "_R_N1592|dum_3|58962824|58963903|+|1079"   
[26] "N1592|dum_9|209205|210284|+|1079"          
[27] "N1592|dum_9|168516817|168517905|+|1088"    
[28] "N1592|dum_8|138062052|138063131|+|1079"    
[29] "N1592|dum_8|138418175|138419254|+|1079"    
[30] "N1592|dum_1|238224025|238225095|+|1070"    
[31] "_R_N1592|dum_5|124777856|124778946|+|1090" 
[32] "_R_N1592|ten_8|73561958|73563033|+|1075"   
[33] "N1592|dum_X2|130793913|130794952|+|1039"   
[34] "_R_N1592|dum_4|70706583|70707683|+|1100"   
[35] "N1592|dum_10|126188558|126189632|+|1074"   
[36] "_R_N1592|ten_10|119696827|119697907|+|1080"
[37] "N1592|dum_X2|80087574|80088647|+|1073"     
[38] "N1592|dum_5|39055459|39056448|+|989"       
[39] "_R_N1592|ten_5|186140708|186141711|+|1003" 
[40] "N1592|ten_10|47760695|47761751|+|1056"     
[41] "_R_N1592|dum_12|97609219|97610220|+|1001"  
[42] "N1592|ten_1|202796964|202798021|+|1057"    
[43] "N1592|dum_2|218324343|218325417|+|1074"    
[44] "N1592|ten_2|209095219|209096224|+|1005"    
[45] "_R_N1592|ten_3|104324697|104325772|+|1075" 
[46] "_R_N1592|dum_4|203847717|203848770|+|1053" 
[47] "N1592|ten_4|37492857|37493905|+|1048"      
[48] "N1592|dum_7|142793966|142795033|+|1067"    
[49] "N1592|dum_3|150830183|150831059|+|876"     
[50] "N1592|dum_1|69658167|69659165|+|998"       
