jobinfo 30048595
getting scaled timeline
  [1] "_R_N1595|dum_8|174695130|174699005|+|3875" 
  [2] "_R_N1595|dum_10|137914617|137918503|+|3886"
  [3] "_R_N1595|ten_4|134374039|134377916|+|3877" 
  [4] "_R_N1595|ten_5|182045934|182049807|+|3873" 
  [5] "_R_N1595|ten_5|178735929|178739802|+|3873" 
  [6] "_R_N1595|ten_5|194380952|194384828|+|3876" 
  [7] "_R_N1595|ten_9|99749703|99753576|+|3873"   
  [8] "_R_N1595|ten_7|145367808|145371681|+|3873" 
  [9] "_R_N1595|ten_8|117893371|117897247|+|3876" 
 [10] "_R_N1595|ten_7|80552228|80556104|+|3876"   
 [11] "_R_N1595|ten_8|143826046|143829922|+|3876" 
 [12] "N1595|ten_1|177858122|177862000|+|3878"    
 [13] "_R_N1595|ten_X2|48438016|48441892|+|3876"  
 [14] "_R_N1595|ten_12|62018240|62022114|+|3874"  
 [15] "_R_N1595|ten_3|231925722|231929593|+|3871" 
 [16] "_R_N1595|ten_1|94372593|94376462|+|3869"   
 [17] "N1595|ten_3|126466127|126470002|+|3875"    
 [18] "_R_N1595|dum_2|236741417|236745296|+|3879" 
 [19] "_R_N1595|dum_11|7397606|7401481|+|3875"    
 [20] "_R_N1595|dum_1|170153991|170157869|+|3878" 
 [21] "_R_N1595|dum_9|38911568|38915447|+|3879"   
 [22] "_R_N1595|ten_10|591422|595306|+|3884"      
 [23] "N1595|ten_4|154150624|154154493|+|3869"    
 [24] "_R_N1595|dum_3|259141438|259145311|+|3873" 
 [25] "N1595|dum_9|91117782|91121657|+|3875"      
 [26] "_R_N1595|dum_8|85631471|85635350|+|3879"   
 [27] "_R_N1595|dum_4|200855939|200859812|+|3873" 
 [28] "_R_N1595|dum_3|153570323|153574180|+|3857" 
 [29] "_R_N1595|dum_1|235950890|235954763|+|3873" 
 [30] "_R_N1595|ten_1|232267723|232271136|+|3413" 
 [31] "_R_N1595|ten_2|115364938|115368362|+|3424" 
 [32] "N1595|ten_7|138596067|138599947|+|3880"    
 [33] "N1595|dum_5|176982331|176986229|+|3898"    
 [34] "N1595|dum_5|171673809|171677686|+|3877"    
 [35] "N1595|dum_8|120379969|120383833|+|3864"    
 [36] "N1595|dum_1|283729302|283733181|+|3879"    
 [37] "_R_N1595|dum_1|202371322|202375194|+|3872" 
 [38] "N1595|dum_9|32146792|32150671|+|3879"      
 [39] "N1595|dum_7|50551451|50555334|+|3883"      
 [40] "N1595|ten_2|130108796|130112678|+|3882"    
 [41] "_R_N1595|dum_2|110815777|110819656|+|3879" 
 [42] "N1595|dum_8|154219434|154223295|+|3861"    
 [43] "N1595|dum_11|84054405|84058269|+|3864"     
 [44] "N1595|dum_7|152042833|152046713|+|3880"    
 [45] "N1595|dum_1|48144929|48148810|+|3881"      
 [46] "N1595|ten_1|45937034|45940909|+|3875"      
 [47] "N1595|dum_11|149580857|149584731|+|3874"   
 [48] "N1595|ten_2|78956689|78960574|+|3885"      
 [49] "N1595|ten_3|180476618|180480497|+|3879"    
 [50] "N1595|ten_1|124436484|124440370|+|3886"    
 [51] "N1595|ten_4|184099124|184102678|+|3554"    
 [52] "N1595|ten_1|261334068|261337947|+|3879"    
 [53] "N1595|ten_3|96159658|96163537|+|3879"      
 [54] "_R_N1595|ten_6|86543998|86547882|+|3884"   
 [55] "N1595|dum_X1|113492604|113496476|+|3872"   
 [56] "N1595|dum_7|141546191|141550043|+|3852"    
 [57] "N1595|dum_8|20221457|20225339|+|3882"      
 [58] "N1595|ten_5|94969886|94973765|+|3879"      
 [59] "N1595|dum_3|226922344|226926224|+|3880"    
 [60] "N1595|dum_10|163314754|163318630|+|3876"   
 [61] "N1595|ten_6|148693370|148697241|+|3871"    
 [62] "N1595|ten_8|19541064|19544934|+|3870"      
 [63] "N1595|dum_9|66646860|66650726|+|3866"      
 [64] "_R_N1595|dum_9|45716006|45719478|+|3472"   
 [65] "_R_N1595|dum_11|10514777|10518268|+|3491"  
 [66] "_R_N1595|dum_7|107597525|107601760|+|4235" 
 [67] "_R_N1595|ten_9|137338302|137342165|+|3863" 
 [68] "N1595|ten_X1|219265368|219269229|+|3861"   
 [69] "_R_N1595|ten_3|95077467|95081112|+|3645"   
 [70] "_R_N1595|dum_7|137796821|137801055|+|4234" 
 [71] "N1595|ten_7|69476851|69480717|+|3866"      
 [72] "_R_N1595|ten_2|101950392|101954253|+|3861" 
 [73] "_R_N1595|dum_7|189665514|189669388|+|3874" 
 [74] "_R_N1595|dum_9|48013394|48017270|+|3876"   
 [75] "N1595|dum_3|152138940|152143187|+|4247"    
 [76] "_R_N1595|ten_5|148614157|148618034|+|3877" 
 [77] "_R_N1595|ten_7|108566739|108570614|+|3875" 
 [78] "_R_N1595|dum_1|17221100|17224974|+|3874"   
 [79] "_R_N1595|dum_3|74203419|74207305|+|3886"   
 [80] "_R_N1595|dum_12|59781720|59785596|+|3876"  
 [81] "_R_N1595|dum_X2|176989135|176993010|+|3875"
 [82] "_R_N1595|dum_3|100554223|100558098|+|3875" 
 [83] "_R_N1595|ten_4|70143909|70147786|+|3877"   
 [84] "N1595|ten_4|208060926|208064800|+|3874"    
 [85] "N1595|ten_10|71818818|71822555|+|3737"     
 [86] "N1595|dum_X1|208779041|208782920|+|3879"   
 [87] "N1595|dum_1|238091651|238095551|+|3900"    
 [88] "_R_N1595|dum_6|156303440|156307314|+|3874" 
 [89] "_R_N1595|dum_1|213777959|213781817|+|3858" 
 [90] "_R_N1595|dum_9|116618960|116622830|+|3870" 
 [91] "N1595|ten_9|62795299|62799187|+|3888"      
 [92] "_R_N1595|dum_3|223837071|223840946|+|3875" 
 [93] "_R_N1595|dum_6|65121709|65125584|+|3875"   
 [94] "_R_N1595|dum_X1|146988092|146991965|+|3873"
 [95] "_R_N1595|dum_5|114696645|114700521|+|3876" 
 [96] "_R_N1595|dum_3|59757374|59761626|+|4252"   
 [97] "_R_N1595|dum_3|59821351|59825603|+|4252"   
 [98] "N1595|dum_3|35795741|35799975|+|4234"      
 [99] "N1595|dum_11|34688156|34692403|+|4247"     
[100] "N1595|dum_2|289446592|289450845|+|4253"    
[101] "N1595|dum_9|188829565|188833815|+|4250"    
[102] "_R_N1595|dum_10|6624869|6629122|+|4253"    
[103] "_R_N1595|dum_6|4240876|4245124|+|4248"     
[104] "N1595|dum_X1|1477214|1481470|+|4256"       
[105] "N1595|dum_5|9719729|9723962|+|4233"        
[106] "N1595|dum_7|206970037|206974282|+|4245"    
[107] "_R_N1595|dum_2|211814259|211818506|+|4247" 
[108] "_R_N1595|dum_2|212968497|212972744|+|4247" 
[109] "_R_N1595|dum_2|208358589|208362835|+|4246" 
[110] "N1595|dum_5|934301|938546|+|4245"          
[111] "N1595|dum_5|144816858|144821104|+|4246"    
[112] "N1595|dum_7|58214808|58219055|+|4247"      
[113] "_R_N1595|dum_2|211172185|211176433|+|4248" 
[114] "_R_N1595|dum_2|212326423|212330671|+|4248" 
[115] "_R_N1595|dum_5|68378274|68382507|+|4233"   
[116] "N1595|dum_10|90126831|90131070|+|4239"     
[117] "N1595|dum_5|67520758|67524997|+|4239"      
[118] "N1595|dum_7|60011189|60015428|+|4239"      
[119] "_R_N1595|dum_10|21805429|21809663|+|4234"  
[120] "N1595|dum_10|24528260|24532485|+|4225"     
[121] "_R_N1595|dum_3|59180070|59184313|+|4243"   
[122] "N1595|dum_10|135433004|135437245|+|4241"   
[123] "N1595|dum_5|1212148|1216389|+|4241"        
[124] "_R_N1595|dum_2|210649204|210653445|+|4241" 
[125] "_R_N1595|dum_10|65173534|65177775|+|4241"  
[126] "N1595|dum_6|38534324|38538562|+|4238"      
[127] "N1595|dum_6|39226463|39230703|+|4240"      
[128] "_R_N1595|dum_2|211518630|211522870|+|4240" 
[129] "_R_N1595|dum_2|212672868|212677108|+|4240" 
[130] "N1595|dum_6|38871852|38876092|+|4240"      
[131] "N1595|dum_10|90183477|90187717|+|4240"     
[132] "_R_N1595|dum_10|130274998|130279239|+|4241"
[133] "N1595|dum_11|168360872|168365124|+|4252"   
[134] "N1595|dum_7|59365370|59369610|+|4240"      
[135] "_R_N1595|dum_10|22170442|22174684|+|4242"  
[136] "N1595|dum_3|35120471|35124719|+|4248"      
[137] "N1595|dum_5|146978742|146982979|+|4237"    
[138] "_R_N1595|dum_5|13721730|13725978|+|4248"   
[139] "N1595|dum_5|11157181|11160938|+|3757"      
[140] "_R_N1595|dum_4|131832106|131835978|+|3872" 
[141] "_R_N1595|ten_X2|140909406|140913659|+|4253"
[142] "_R_N1595|ten_6|32296530|32300406|+|3876"   
[143] "_R_N1595|ten_3|184393884|184397762|+|3878" 
[144] "_R_N1595|dum_2|100473602|100477481|+|3879" 
[145] "_R_N1595|ten_4|61269463|61273340|+|3877"   
[146] "N1595|ten_1|170683896|170687776|+|3880"    
[147] "_R_N1595|ten_6|126245048|126248923|+|3875" 
[148] "N1595|ten_6|62495848|62499539|+|3691"      
[149] "_R_N1595|dum_11|85950229|85954104|+|3875"  
[150] "_R_N1595|dum_5|64517039|64520913|+|3874"   
[151] "_R_N1595|dum_4|59523052|59526933|+|3881"   
[152] "_R_N1595|dum_8|51530412|51534277|+|3865"   
[153] "_R_N1595|dum_10|128455726|128459602|+|3876"
[154] "_R_N1595|ten_1|177316265|177320144|+|3879" 
[155] "N1595|ten_7|133496444|133500327|+|3883"    
[156] "_R_N1595|ten_X1|126349114|126352990|+|3876"
[157] "_R_N1595|ten_3|115655567|115659447|+|3880" 
[158] "_R_N1595|dum_3|120924441|120928325|+|3884" 
[159] "_R_N1595|dum_3|211333705|211337585|+|3880" 
[160] "_R_N1595|dum_11|142568545|142572135|+|3590"
[161] "_R_N1595|ten_3|91260252|91264110|+|3858"   
[162] "N1595|ten_12|29779316|29783197|+|3881"     
[163] "N1595|ten_5|34025531|34029418|+|3887"      
[164] "N1595|ten_1|182893069|182896722|+|3653"    
[165] "_R_N1595|ten_10|98029810|98033484|+|3674"  
[166] "_R_N1595|dum_2|54344744|54348589|+|3845"   
[167] "_R_N1595|dum_9|61388216|61391845|+|3629"   
[168] "N1595|ten_9|115722944|115726815|+|3871"    
[169] "N1595|ten_6|50196281|50200171|+|3890"      
[170] "_R_N1595|dum_7|103918600|103922416|+|3816" 
[171] "N1595|ten_4|111464608|111468380|+|3772"    
[172] "N1595|dum_11|112498537|112502422|+|3885"   
[173] "_R_N1595|dum_5|13182051|13185922|+|3871"   
[174] "N1595|dum_11|41222643|41226514|+|3871"     
[175] "N1595|dum_5|55297761|55301635|+|3874"      
[176] "_R_N1595|dum_X1|43805701|43809949|+|4248"  
[177] "_R_N1595|dum_X1|44244727|44248974|+|4247"  
[178] "_R_N1595|dum_X1|44897593|44901836|+|4243"  
[179] "N1595|dum_7|109386516|109390393|+|3877"    
[180] "_R_N1595|dum_1|170613071|170617297|+|4226" 
[181] "N1595|ten_1|163158579|163161976|+|3397"    
[182] "_R_N1595|dum_4|132999447|133003287|+|3840" 
[183] "N1595|dum_5|133341025|133344344|+|3319"    
[184] "_R_N1595|ten_5|103371633|103375030|+|3397" 
[185] "N1595|mim_X2|184540153|184543922|+|3769"   
[186] "_R_N1595|lin_19|33282659|33286452|+|3793"  
[187] "N1595|lin_9|45395227|45398995|+|3768"      
[188] "_R_N1595|lin_9|76637496|76641288|+|3792"   
[189] "_R_N1595|lin_7|29751762|29755549|+|3787"   
[190] "N1595|lin_2|82258484|82262269|+|3785"      
[191] "N1595|lin_X2|88512819|88516610|+|3791"     
[192] "_R_N1595|lin_1|65822633|65826427|+|3794"   
[193] "N1595|lin_X1|98965395|98969186|+|3791"     
[194] "N1595|lin_6|38229675|38233463|+|3788"      
[195] "N1595|lin_19|9685665|9689447|+|3782"       
[196] "_R_N1595|lin_4|66042476|66046257|+|3781"   
[197] "_R_N1595|lin_15|34247535|34251329|+|3794"  
[198] "_R_N1595|lin_20|46639004|46642796|+|3792"  
[199] "_R_N1595|lin_20|73737965|73741840|+|3875"  
[200] "N1595|lin_7|91986580|91990136|+|3556"      
[201] "N1595|lin_7|146525064|146528850|+|3786"    
[202] "N1595|lin_7|55519857|55523648|+|3791"      
[203] "N1595|lin_20|58110744|58114541|+|3797"     
[204] "_R_N1595|lin_16|27569904|27573695|+|3791"  
[205] "_R_N1595|lin_12|83359060|83362836|+|3776"  
[206] "N1595|lin_1|59144063|59147677|+|3614"      
[207] "N1595|lin_14|76500695|76504479|+|3784"     
[208] "_R_N1595|lin_4|40744618|40748491|+|3873"   
[209] "_R_N1595|lin_15|56397105|56400898|+|3793"  
[210] "_R_N1595|lin_19|11046065|11049938|+|3873"  
[211] "_R_N1595|lin_19|28571453|28575326|+|3873"  
[212] "N1595|lin_19|19837638|19841511|+|3873"     
[213] "N1595|lin_6|70111308|70115203|+|3895"      
[214] "N1595|lin_5|57411820|57415685|+|3865"      
[215] "N1595|lin_2|26281598|26285471|+|3873"      
[216] "N1595|lin_20|51567204|51571074|+|3870"     
[217] "N1595|lin_12|60548486|60552348|+|3862"     
[218] "N1595|lin_7|755911|759779|+|3868"          
[219] "N1595|lin_7|22264778|22268653|+|3875"      
[220] "N1595|lin_15|71811944|71815817|+|3873"     
[221] "_R_N1595|lin_10|32247183|32251055|+|3872"  
[222] "_R_N1595|lin_4|58387216|58391082|+|3866"   
[223] "_R_N1595|lin_X1|81557135|81560756|+|3621"  
[224] "_R_N1595|lin_14|37777490|37781348|+|3858"  
[225] "_R_N1595|lin_4|111514778|111518226|+|3448" 
[226] "_R_N1595|ten_8|64884918|64888295|+|3377"   
[227] "_R_N1595|mim_12|60317359|60321074|+|3715"  
[228] "N1595|mim_3|67030699|67034605|+|3906"      
[229] "N1595|mim_7|146968842|146972728|+|3886"    
[230] "_R_N1595|mim_7|179439981|179443828|+|3847" 
[231] "N1595|mim_7|193311092|193314629|+|3537"    
[232] "_R_N1595|mim_14|52849391|52852770|+|3379"  
[233] "N1595|mim_7|163370184|163373962|+|3778"    
[234] "_R_N1595|mim_X1|106667460|106671192|+|3732"
[235] "_R_N1595|mim_X1|178227891|178231596|+|3705"
[236] "N1595|bic_X1|76902620|76906431|+|3811"     
[237] "N1595|sar_X1|77076826|77080611|+|3785"     
[238] "_R_N1595|bic_9|106804727|106808245|+|3518" 
[239] "N1595|dum_4|137614080|137617636|+|3556"    
[240] "_R_N1595|bic_2|228190098|228193645|+|3547" 
[241] "_R_N1595|bic_2|229441154|229444587|+|3433" 
[242] "_R_N1595|bic_X1|228085004|228088549|+|3545"
[243] "_R_N1595|bic_7|168819118|168822677|+|3559" 
[244] "N1595|bic_4|2158272|2161804|+|3532"        
[245] "_R_N1595|bic_11|87648115|87651973|+|3858"  
[246] "N1595|sar_11|127153422|127157262|+|3840"   
[247] "_R_N1595|sar_8|3050155|3053697|+|3542"     
[248] "N1595|bic_X1|4187001|4190884|+|3883"       
[249] "_R_N1595|sar_X1|3204930|3208811|+|3881"    
[250] "N1595|bic_X2|22573240|22577108|+|3868"     
[251] "N1595|sar_X2|34787326|34790946|+|3620"     
[252] "_R_N1595|sar_4|28459836|28463709|+|3873"   
[253] "_R_N1595|sar_7|153735960|153739828|+|3868" 
[254] "_R_N1595|sar_X2|32884821|32888697|+|3876"  
[255] "_R_N1595|sar_8|127387224|127390945|+|3721" 
[256] "_R_N1595|bic_12|150501454|150505315|+|3861"
[257] "_R_N1595|bic_14|97118013|97121874|+|3861"  
[258] "_R_N1595|sar_9|139605786|139609313|+|3527" 
[259] "_R_N1595|bic_11|72071808|72075669|+|3861"  
[260] "N1595|bic_11|34173989|34177865|+|3876"     
[261] "N1595|bic_3|99529855|99533419|+|3564"      
[262] "_R_N1595|bic_10|165772468|165775910|+|3442"
[263] "N1595|bic_5|107844897|107848720|+|3823"    
[264] "N1595|bic_6|29631150|29635016|+|3866"      
[265] "N1595|sar_X1|74724204|74728097|+|3893"     
[266] "N1595|bic_10|141027022|141030417|+|3395"   
[267] "N1595|sar_6|95914622|95918503|+|3881"      
[268] "N1595|bic_13|159684610|159688488|+|3878"   
[269] "N1595|bic_X1|58651652|58655528|+|3876"     
[270] "_R_N1595|bic_7|50630977|50634854|+|3877"   
[271] "N1595|sar_14|69952644|69956521|+|3877"     
[272] "_R_N1595|bic_10|97342373|97346081|+|3708"  
[273] "N1595|bic_X1|185520274|185524155|+|3881"   
[274] "N1595|sar_4|103942233|103946084|+|3851"    
[275] "N1595|sar_4|92531593|92535474|+|3881"      
[276] "N1595|sar_11|161357105|161360696|+|3591"   
[277] "N1595|bic_11|57948406|57952277|+|3871"     
[278] "N1595|bic_6|6742112|6745973|+|3861"        
[279] "N1595|sar_8|159841649|159845165|+|3516"    
[280] "N1595|sar_2|27035668|27039564|+|3896"      
[281] "N1595|bic_10|102231175|102235021|+|3846"   
[282] "N1595|bic_10|34183709|34187540|+|3831"     
[283] "N1595|bic_9|173624217|173628089|+|3872"    
[284] "N1595|bic_5|91269864|91273740|+|3876"      
[285] "N1595|bic_7|143017809|143021692|+|3883"    
[286] "N1595|bic_14|98438302|98442169|+|3867"     
[287] "_R_N1595|bic_5|32612758|32616634|+|3876"   
[288] "N1595|bic_3|209677649|209681514|+|3865"    
[289] "_R_N1595|bic_11|189785962|189789831|+|3869"
[290] "_R_N1595|bic_9|100275922|100279793|+|3871" 
[291] "N1595|bic_2|67378733|67382599|+|3866"      
[292] "_R_N1595|bic_4|81464493|81468368|+|3875"   
[293] "_R_N1595|bic_X1|130623936|130627811|+|3875"
[294] "_R_N1595|bic_9|66359072|66362940|+|3868"   
[295] "_R_N1595|bic_5|34057584|34061466|+|3882"   
[296] "N1595|bic_7|60425956|60429414|+|3458"      
[297] "N1595|bic_5|52857400|52861277|+|3877"      
[298] "N1595|bic_7|101612953|101616832|+|3879"    
[299] "_R_N1595|bic_13|19446480|19450159|+|3679"  
[300] "_R_N1595|bic_X2|145622829|145626705|+|3876"
[301] "_R_N1595|bic_4|33689798|33693681|+|3883"   
[302] "N1595|bic_X2|171530278|171534155|+|3877"   
[303] "_R_N1595|bic_11|109483760|109487177|+|3417"
[304] "_R_N1595|bic_6|10018899|10022772|+|3873"   
[305] "_R_N1595|bic_7|33863076|33866948|+|3872"   
[306] "_R_N1595|bic_7|171459695|171463571|+|3876" 
[307] "_R_N1595|sar_2|89879972|89883848|+|3876"   
[308] "_R_N1595|sar_8|582227|586103|+|3876"       
[309] "N1595|sar_3|243074006|243077885|+|3879"    
[310] "_R_N1595|bic_3|88853784|88857656|+|3872"   
[311] "_R_N1595|sar_7|69960789|69964654|+|3865"   
[312] "N1595|bic_14|88042473|88046058|+|3585"     
[313] "N1595|bic_9|43925962|43929403|+|3441"      
[314] "_R_N1595|bic_2|218496372|218500231|+|3859" 
[315] "_R_N1595|sar_4|72522079|72525946|+|3867"   
[316] "_R_N1595|sar_2|137739558|137743774|+|4216" 
[317] "_R_N1595|sar_9|232969886|232973440|+|3554" 
[318] "_R_N1595|bic_3|117051715|117055596|+|3881" 
[319] "_R_N1595|sar_10|50569980|50573847|+|3867"  
[320] "_R_N1595|bic_10|20662375|20666253|+|3878"  
[321] "_R_N1595|bic_12|139357317|139361189|+|3872"
[322] "_R_N1595|bic_10|109794929|109798831|+|3902"
[323] "_R_N1595|sar_X1|146676408|146680245|+|3837"
[324] "_R_N1595|sar_13|115001158|115005028|+|3870"
[325] "_R_N1595|bic_3|16906058|16909931|+|3873"   
[326] "_R_N1595|bic_6|46757112|46760951|+|3839"   
[327] "_R_N1595|bic_6|46762762|46766601|+|3839"   
[328] "_R_N1595|bic_3|41144717|41148581|+|3864"   
[329] "_R_N1595|bic_4|100543416|100547309|+|3893" 
[330] "_R_N1595|bic_6|52505047|52508907|+|3860"   
[331] "_R_N1595|bic_10|83112256|83116128|+|3872"  
[332] "_R_N1595|sar_14|29109643|29113521|+|3878"  
[333] "N1595|sar_7|65535224|65539095|+|3871"      
[334] "_R_N1595|sar_14|27860823|27864547|+|3724"  
[335] "_R_N1595|sar_10|56691575|56695450|+|3875"  
[336] "_R_N1595|sar_13|78564887|78568765|+|3878"  
[337] "N1595|sar_2|150528226|150532439|+|4213"    
[338] "N1595|sar_14|70587918|70592141|+|4223"     
[339] "N1595|sar_10|103669500|103673212|+|3712"   
[340] "_R_N1595|sar_9|35162946|35166667|+|3721"   
[341] "N1595|sar_11|190490273|190494067|+|3794"   
[342] "_R_N1595|sar_2|31816403|31820627|+|4224"   
[343] "_R_N1595|sar_5|110775641|110779496|+|3855" 
[344] "_R_N1595|sar_12|76153483|76157356|+|3873"  
[345] "N1595|sar_9|162270237|162274111|+|3874"    
[346] "N1595|sar_6|107512553|107516770|+|4217"    
[347] "N1595|sar_1|66166720|66170584|+|3864"      
[348] "_R_N1595|sar_6|7515157|7518880|+|3723"     
[349] "N1595|sar_X1|124619952|124624185|+|4233"   
[350] "N1595|sar_6|52283258|52287136|+|3878"      
[351] "N1595|sar_3|129696023|129699896|+|3873"    
[352] "N1595|sar_6|123878682|123882561|+|3879"    
[353] "N1595|sar_X1|114663291|114667501|+|4210"   
[354] "_R_N1595|sar_1|85022493|85026368|+|3875"   
[355] "N1595|sar_9|83507435|83511630|+|4195"      
[356] "N1595|sar_6|74554724|74558369|+|3645"      
[357] "_R_N1595|sar_9|233211392|233215609|+|4217" 
[358] "N1595|sar_11|6871192|6874917|+|3725"       
[359] "_R_N1595|sar_6|46572981|46577185|+|4204"   
[360] "N1595|sar_X1|129922039|129926259|+|4220"   
[361] "_R_N1595|sar_5|78933649|78937866|+|4217"   
[362] "_R_N1595|sar_6|39252091|39255969|+|3878"   
[363] "_R_N1595|sar_12|136555586|136559802|+|4216"
[364] "_R_N1595|sar_4|4196043|4200260|+|4217"     
[365] "_R_N1595|sar_9|66027063|66030769|+|3706"   
[366] "_R_N1595|sar_13|37292432|37296646|+|4214"  
[367] "_R_N1595|sar_5|63834872|63838743|+|3871"   
[368] "N1595|sar_X2|187680029|187683908|+|3879"   
[369] "_R_N1595|sar_X1|250793907|250797783|+|3876"
[370] "N1595|sar_12|86070975|86074853|+|3878"     
[371] "N1595|sar_11|161232889|161236768|+|3879"   
[372] "N1595|sar_13|120364118|120367995|+|3877"   
[373] "N1595|sar_10|97361352|97365231|+|3879"     
[374] "N1595|sar_X1|196140179|196144396|+|4217"   
[375] "N1595|sar_2|50198031|50201904|+|3873"      
[376] "_R_N1595|sar_14|15461612|15465486|+|3874"  
[377] "_R_N1595|sar_5|23840424|23844299|+|3875"   
[378] "N1595|sar_7|130573458|130577668|+|4210"    
[379] "N1595|sar_6|37262703|37266431|+|3728"      
[380] "N1595|sar_1|46387021|46390744|+|3723"      
[381] "N1595|sar_10|55534858|55538582|+|3724"     
[382] "N1595|sar_5|18261157|18265036|+|3879"      
[383] "N1595|sar_X1|219119414|219123293|+|3879"   
[384] "N1595|sar_7|180002327|180006567|+|4240"    
[385] "_R_N1595|sar_12|185292366|185296242|+|3876"
[386] "N1595|sar_1|161871263|161875475|+|4212"    
[387] "_R_N1595|sar_X2|90191885|90195761|+|3876"  
[388] "N1595|sar_10|86060786|86064595|+|3809"     
[389] "N1595|sar_6|125863702|125867916|+|4214"    
[390] "N1595|sar_11|76307833|76311616|+|3783"     
[391] "_R_N1595|sar_14|52644152|52647802|+|3650"  
[392] "_R_N1595|sar_X2|132874689|132878566|+|3877"
[393] "_R_N1595|sar_5|77182908|77186784|+|3876"   
[394] "_R_N1595|sar_3|34343575|34347454|+|3879"   
[395] "N1595|sar_7|71533904|71537780|+|3876"      
[396] "N1595|sar_3|171043789|171047669|+|3880"    
[397] "N1595|bic_2|92982943|92986824|+|3881"      
[398] "N1595|bic_12|126416096|126420000|+|3904"   
[399] "N1595|sar_5|21090095|21093974|+|3879"      
[400] "N1595|bic_14|46931172|46935050|+|3878"     
[401] "N1595|bic_2|84209616|84213496|+|3880"      
[402] "N1595|sar_7|44892992|44896870|+|3878"      
[403] "N1595|bic_7|100372488|100376361|+|3873"    
[404] "_R_N1595|sar_10|102836902|102840781|+|3879"
[405] "N1595|bic_5|75616715|75620601|+|3886"      
[406] "_R_N1595|bic_10|96339314|96343209|+|3895"  
[407] "N1595|bic_5|111497547|111501420|+|3873"    
[408] "N1595|sar_X1|51531932|51535815|+|3883"     
[409] "N1595|bic_10|107759687|107763565|+|3878"   
[410] "N1595|sar_13|157754665|157758476|+|3811"   
[411] "N1595|bic_1|99388528|99392400|+|3872"      
