jobinfo 30048576
getting scaled timeline
 [1] "N1366|dum_1|63163902|63165802|+|1900"
 [2] "N1366|dum_1|63200276|63202175|+|1899"
 [3] "N1366|dum_1|63158818|63160716|+|1898"
 [4] "N1366|dum_1|63202841|63204739|+|1898"
 [5] "N1366|dum_1|63161360|63163258|+|1898"
 [6] "N1366|dum_1|63168772|63170600|+|1828"
 [7] "N1366|dum_1|63133349|63135241|+|1892"
 [8] "N1366|dum_1|63141001|63142893|+|1892"
 [9] "N1366|dum_1|63187486|63189378|+|1892"
[10] "N1366|dum_1|63190039|63191931|+|1892"
[11] "N1366|dum_1|63195168|63197060|+|1892"
[12] "N1366|dum_1|63125740|63127630|+|1890"
[13] "N1366|dum_1|63120673|63122563|+|1890"
[14] "N1366|dum_1|63115682|63117496|+|1814"
[15] "N1366|dum_1|63179852|63181742|+|1890"
[16] "N1366|dum_1|63146059|63147949|+|1890"
[17] "N1366|dum_1|63151116|63153006|+|1890"
[18] "N1366|dum_1|63123207|63125097|+|1890"
[19] "N1366|dum_1|63128274|63130164|+|1890"
[20] "N1366|dum_1|63118140|63120030|+|1890"
[21] "N1366|dum_1|63135883|63137767|+|1884"
[22] "N1366|dum_1|63138445|63140325|+|1880"
[23] "N1366|dum_1|63130815|63132705|+|1890"
[24] "N1366|dum_1|63177322|63179212|+|1890"
[25] "N1366|dum_1|63174781|63176670|+|1889"
[26] "N1366|dum_1|63197733|63199623|+|1890"
[27] "N1366|dum_1|63182376|63184270|+|1894"
[28] "N1366|dum_1|63171251|63173144|+|1893"
[29] "N1366|dum_1|63192592|63194508|+|1916"
[30] "N1366|dum_1|63184914|63186826|+|1912"
[31] "N1366|dum_1|63143541|63145409|+|1868"
[32] "N1366|dum_1|63148596|63150466|+|1870"
[33] "N1366|dum_1|63153658|63155562|+|1904"
[34] "N1366|dum_1|63156212|63158127|+|1915"
[35] "N1366|ten_1|61244175|61246127|+|1952"
[36] "N1366|sar_1|78151633|78153032|+|1399"
[37] "N1366|bic_1|67969422|67970844|+|1422"
