jobinfo 30048832
getting scaled timeline
 [1] "_R_N908|dum_9|20961093|20964349|+|3256"   
 [2] "_R_N908|ten_2|88848066|88851322|+|3256"   
 [3] "N908|dum_4|66023125|66026373|+|3248"      
 [4] "_R_N908|dum_4|59673406|59676656|+|3250"   
 [5] "_R_N908|dum_4|188738653|188741909|+|3256" 
 [6] "N908|dum_4|188572218|188575473|+|3255"    
 [7] "_R_N908|dum_3|170627384|170630640|+|3256" 
 [8] "N908|dum_1|58026920|58030175|+|3255"      
 [9] "N908|dum_4|188547358|188550615|+|3257"    
[10] "N908|dum_4|188553395|188556652|+|3257"    
[11] "N908|dum_4|188541319|188544574|+|3255"    
[12] "N908|dum_4|188434886|188438142|+|3256"    
[13] "_R_N908|dum_11|123691353|123694610|+|3257"
[14] "N908|dum_1|209592409|209595667|+|3258"    
[15] "_R_N908|dum_X1|89154000|89157255|+|3255"  
[16] "_R_N908|dum_4|188586813|188590068|+|3255" 
[17] "N908|dum_11|123686551|123689804|+|3253"   
[18] "N908|dum_11|37377974|37381215|+|3241"     
[19] "N908|dum_X1|73398009|73401264|+|3255"     
[20] "N908|dum_4|188510033|188513288|+|3255"    
[21] "_R_N908|dum_4|188009833|188013086|+|3253" 
[22] "_R_N908|dum_8|143588216|143591469|+|3253" 
[23] "N908|dum_4|188559431|188562685|+|3254"    
[24] "N908|dum_8|74591395|74594646|+|3251"      
[25] "_R_N908|dum_4|59655309|59658562|+|3253"   
[26] "N908|dum_10|114394656|114397909|+|3253"   
[27] "_R_N908|dum_11|123658354|123661610|+|3256"
[28] "_R_N908|dum_4|59722025|59725281|+|3256"   
[29] "N908|dum_11|129495054|129498311|+|3257"   
[30] "_R_N908|dum_9|14232551|14235808|+|3257"   
[31] "N908|dum_11|123586686|123589943|+|3257"   
[32] "_R_N908|dum_4|217431707|217434948|+|3241" 
[33] "_R_N908|dum_1|142578526|142581781|+|3255" 
[34] "_R_N908|dum_8|74605699|74608937|+|3238"   
[35] "N908|dum_3|52520973|52524224|+|3251"      
[36] "N908|dum_11|133828440|133831695|+|3255"   
[37] "_R_N908|dum_11|133814334|133817588|+|3254"
[38] "N908|dum_1|98523227|98526478|+|3251"      
[39] "N908|dum_9|20889390|20892644|+|3254"      
[40] "_R_N908|dum_4|188536192|188539446|+|3254" 
[41] "N908|dum_10|156692432|156695693|+|3261"   
[42] "_R_N908|dum_X2|200387661|200390329|+|2668"
[43] "N908|dum_X1|184324394|184327642|+|3248"   
[44] "_R_N908|dum_9|21010731|21013998|+|3267"   
[45] "_R_N908|dum_11|147853453|147856075|+|2622"
[46] "N908|dum_11|147877556|147880182|+|2626"   
[47] "_R_N908|ten_5|196689256|196691933|+|2677" 
[48] "_R_N908|ten_5|185297476|185300503|+|3027" 
[49] "N908|dum_4|188582968|188586070|+|3102"    
[50] "N908|mim_12|136870520|136873789|+|3269"   
[51] "_R_N908|mim_3|44160893|44164164|+|3271"   
[52] "_R_N908|mim_2|66464961|66468229|+|3268"   
[53] "N908|mim_X1|211874417|211877678|+|3261"   
[54] "_R_N908|mim_X2|138840215|138843485|+|3270"
[55] "N908|bic_4|94807871|94811136|+|3265"      
[56] "N908|mim_10|177898813|177902080|+|3267"   
[57] "_R_N908|mim_12|126426705|126429972|+|3267"
[58] "N908|mim_5|99405599|99408866|+|3267"      
[59] "_R_N908|bic_2|166691755|166695016|+|3261" 
[60] "_R_N908|lin_13|62092576|62095526|+|2950"  
[61] "N908|mim_2|45041470|45044736|+|3266"      
[62] "N908|mim_2|66457309|66460576|+|3267"      
[63] "N908|mim_5|20885671|20888941|+|3270"      
[64] "N908|mim_5|42610767|42614037|+|3270"      
[65] "_R_N908|mim_11|13547759|13551028|+|3269"  
[66] "_R_N908|mim_10|189627632|189630899|+|3267"
[67] "_R_N908|sar_4|127529145|127532409|+|3264" 
[68] "_R_N908|mim_12|136875303|136878574|+|3271"
[69] "_R_N908|mim_12|143451244|143454515|+|3271"
[70] "_R_N908|mim_12|134972823|134976094|+|3271"
[71] "_R_N908|mim_11|19390093|19393364|+|3271"  
[72] "N908|mim_9|95491644|95494915|+|3271"      
[73] "N908|mim_2|66443962|66447233|+|3271"      
[74] "N908|mim_2|66437285|66440555|+|3270"      
[75] "N908|bic_11|10100583|10103875|+|3292"     
[76] "_R_N908|mim_5|116849250|116852513|+|3263" 
[77] "_R_N908|lin_14|11812654|11815890|+|3236"  
[78] "_R_N908|mim_14|138195043|138198307|+|3264"
[79] "N908|mim_10|183398550|183401813|+|3263"   
[80] "_R_N908|mim_6|121590758|121594026|+|3268" 
[81] "_R_N908|bic_11|41855694|41858957|+|3263"  
[82] "_R_N908|bic_13|114782931|114786189|+|3258"
[83] "N908|mim_2|66450643|66453912|+|3269"      
[84] "_R_N908|mim_4|89068527|89071796|+|3269"   
[85] "_R_N908|mim_2|45346270|45349539|+|3269"   
[86] "N908|mim_X1|69057876|69061144|+|3268"     
[87] "_R_N908|mim_X1|69105921|69109189|+|3268"  
[88] "N908|bic_X1|76195364|76198634|+|3270"     
[89] "N908|bic_11|5134891|5138153|+|3262"       
