jobinfo 30048811
getting scaled timeline
  [1] "_R_N6713|ten_9|103025050|103028122|+|3072" 
  [2] "_R_N6713|ten_12|107150480|107153552|+|3072"
  [3] "N6713|ten_3|278079318|278082389|+|3071"    
  [4] "_R_N6713|ten_4|232539052|232542114|+|3062" 
  [5] "N6713|ten_X2|91801381|91804452|+|3071"     
  [6] "N6713|ten_12|110230671|110233729|+|3058"   
  [7] "N6713|ten_5|135166306|135169376|+|3070"    
  [8] "N6713|ten_4|78706249|78709321|+|3072"      
  [9] "N6713|ten_9|147637016|147640088|+|3072"    
 [10] "_R_N6713|ten_5|10767758|10770829|+|3071"   
 [11] "N6713|ten_10|19624587|19627658|+|3071"     
 [12] "_R_N6713|ten_5|148572549|148575621|+|3072" 
 [13] "_R_N6713|ten_7|179844959|179848028|+|3069" 
 [14] "N6713|ten_1|237948491|237951549|+|3058"    
 [15] "_R_N6713|ten_1|257642338|257645406|+|3068" 
 [16] "N6713|ten_2|5101589|5104661|+|3072"        
 [17] "N6713|ten_5|75302492|75305558|+|3066"      
 [18] "_R_N6713|ten_4|139381876|139384940|+|3064" 
 [19] "_R_N6713|ten_1|132993862|132996935|+|3073" 
 [20] "_R_N6713|ten_10|28926684|28929756|+|3072"  
 [21] "_R_N6713|ten_1|52100205|52103276|+|3071"   
 [22] "_R_N6713|ten_6|120541388|120544456|+|3068" 
 [23] "N6713|ten_3|174196095|174199167|+|3072"    
 [24] "N6713|ten_X1|212287116|212290192|+|3076"   
 [25] "N6713|ten_X1|109071527|109074602|+|3075"   
 [26] "N6713|ten_2|150474788|150477862|+|3074"    
 [27] "_R_N6713|ten_4|49712858|49715933|+|3075"   
 [28] "_R_N6713|ten_8|109987811|109990883|+|3072" 
 [29] "N6713|ten_1|143639761|143642836|+|3075"    
 [30] "N6713|ten_1|277155644|277158719|+|3075"    
 [31] "N6713|ten_9|39967338|39970411|+|3073"      
 [32] "N6713|ten_5|8731399|8734472|+|3073"        
 [33] "N6713|ten_6|42565205|42568275|+|3070"      
 [34] "_R_N6713|ten_9|17060236|17063300|+|3064"   
 [35] "_R_N6713|ten_3|187707658|187710731|+|3073" 
 [36] "N6713|ten_5|42006543|42009615|+|3072"      
 [37] "N6713|ten_12|13399306|13402379|+|3073"     
 [38] "_R_N6713|ten_4|167489660|167492725|+|3065" 
 [39] "N6713|ten_X2|99526028|99529101|+|3073"     
 [40] "N6713|ten_3|207032650|207035719|+|3069"    
 [41] "N6713|ten_3|259533262|259536339|+|3077"    
 [42] "_R_N6713|ten_5|127750257|127753334|+|3077" 
 [43] "N6713|ten_1|201208472|201211546|+|3074"    
 [44] "N6713|ten_1|231522276|231525350|+|3074"    
 [45] "_R_N6713|ten_2|222950423|222953525|+|3102" 
 [46] "_R_N6713|ten_3|224132556|224135631|+|3075" 
 [47] "N6713|ten_6|85322720|85325796|+|3076"      
 [48] "N6713|ten_1|290557475|290560551|+|3076"    
 [49] "_R_N6713|ten_4|20189675|20192752|+|3077"   
 [50] "N6713|ten_1|153808311|153811384|+|3073"    
 [51] "_R_N6713|ten_7|148742449|148745522|+|3073" 
 [52] "_R_N6713|ten_10|135750849|135753925|+|3076"
 [53] "_R_N6713|ten_5|134437776|134440849|+|3073" 
 [54] "_R_N6713|ten_1|192447908|192450981|+|3073" 
 [55] "N6713|ten_2|36922757|36925831|+|3074"      
 [56] "_R_N6713|ten_4|151338737|151341813|+|3076" 
 [57] "_R_N6713|ten_7|31507812|31510889|+|3077"   
 [58] "N6713|ten_8|85025873|85028947|+|3074"      
 [59] "_R_N6713|ten_X1|114317828|114320902|+|3074"
 [60] "N6713|ten_12|134584312|134587385|+|3073"   
 [61] "_R_N6713|ten_8|137861710|137864784|+|3074" 
 [62] "N6713|ten_X1|234245906|234248980|+|3074"   
 [63] "N6713|ten_12|35417192|35420264|+|3072"     
 [64] "N6713|ten_12|35421509|35424582|+|3073"     
 [65] "_R_N6713|ten_11|108416337|108419411|+|3074"
 [66] "_R_N6713|ten_4|62782786|62785859|+|3073"   
 [67] "_R_N6713|ten_6|76543263|76546336|+|3073"   
 [68] "_R_N6713|ten_1|275712148|275715221|+|3073" 
 [69] "N6713|ten_6|19071217|19074280|+|3063"      
 [70] "_R_N6713|ten_2|83830656|83833728|+|3072"   
 [71] "N6713|ten_3|249237650|249240722|+|3072"    
 [72] "N6713|ten_11|10472876|10475946|+|3070"     
 [73] "N6713|ten_X2|131031391|131034461|+|3070"   
 [74] "N6713|ten_12|110656655|110659720|+|3065"   
 [75] "N6713|ten_4|119150886|119153958|+|3072"    
 [76] "_R_N6713|ten_X1|154445715|154448787|+|3072"
 [77] "N6713|ten_9|138167441|138170513|+|3072"    
 [78] "N6713|ten_3|109992823|109995894|+|3071"    
 [79] "N6713|ten_10|109998413|110001485|+|3072"   
 [80] "_R_N6713|ten_2|235660245|235663316|+|3071" 
 [81] "_R_N6713|ten_11|12011683|12014756|+|3073"  
 [82] "_R_N6713|ten_11|12016001|12019073|+|3072"  
 [83] "_R_N6713|ten_1|214532727|214535786|+|3059" 
 [84] "N6713|ten_4|44969422|44972494|+|3072"      
 [85] "_R_N6713|ten_11|50417744|50420733|+|2989"  
 [86] "_R_N6713|ten_12|131892350|131895422|+|3072"
 [87] "N6713|ten_2|179433667|179436739|+|3072"    
 [88] "_R_N6713|ten_1|212261798|212264855|+|3057" 
 [89] "N6713|ten_1|45215286|45218382|+|3096"      
 [90] "_R_N6713|ten_4|64274209|64277288|+|3079"   
 [91] "_R_N6713|ten_6|62726813|62729885|+|3072"   
 [92] "_R_N6713|ten_9|133771701|133774773|+|3072" 
 [93] "N6713|ten_12|58657815|58660887|+|3072"     
 [94] "N6713|ten_9|139911436|139914508|+|3072"    
 [95] "_R_N6713|ten_5|15710192|15713264|+|3072"   
 [96] "N6713|ten_X1|133253575|133256645|+|3070"   
 [97] "_R_N6713|ten_X2|18234935|18238004|+|3069"  
 [98] "_R_N6713|ten_6|171431778|171434846|+|3068" 
 [99] "N6713|ten_X2|24686657|24689729|+|3072"     
[100] "N6713|ten_1|117174042|117177114|+|3072"    
[101] "N6713|ten_6|89015169|89018237|+|3068"      
[102] "N6713|ten_3|69979487|69982559|+|3072"      
[103] "N6713|ten_9|45425061|45428133|+|3072"      
[104] "N6713|ten_12|134350258|134353330|+|3072"   
[105] "_R_N6713|ten_4|126654340|126657412|+|3072" 
[106] "N6713|ten_2|4612169|4615241|+|3072"        
[107] "_R_N6713|ten_8|13903131|13906203|+|3072"   
[108] "N6713|ten_10|53780369|53783441|+|3072"     
[109] "_R_N6713|ten_6|36721541|36724612|+|3071"   
[110] "N6713|ten_8|39888666|39891739|+|3073"      
[111] "N6713|ten_7|149681583|149684656|+|3073"    
[112] "N6713|ten_7|121131214|121134287|+|3073"    
[113] "_R_N6713|ten_X2|127421146|127424218|+|3072"
[114] "_R_N6713|ten_3|73402516|73405585|+|3069"   
[115] "_R_N6713|ten_9|139673459|139676534|+|3075" 
[116] "N6713|ten_7|47223703|47226775|+|3072"      
[117] "N6713|ten_3|249523956|249527028|+|3072"    
[118] "_R_N6713|ten_3|59409817|59412889|+|3072"   
[119] "N6713|ten_X1|205170007|205173074|+|3067"   
[120] "N6713|ten_12|41330536|41333608|+|3072"     
[121] "_R_N6713|ten_3|249099697|249102769|+|3072" 
[122] "_R_N6713|ten_1|258901874|258904946|+|3072" 
[123] "N6713|ten_3|216304351|216307423|+|3072"    
[124] "N6713|ten_9|155356612|155359679|+|3067"    
[125] "N6713|ten_X2|32735046|32738118|+|3072"     
[126] "N6713|ten_X2|101433525|101436598|+|3073"   
[127] "_R_N6713|ten_10|50918242|50921314|+|3072"  
[128] "N6713|ten_2|9648338|9651410|+|3072"        
[129] "_R_N6713|ten_11|38537001|38540073|+|3072"  
[130] "_R_N6713|ten_12|23973614|23976685|+|3071"  
[131] "N6713|ten_X2|79681256|79684328|+|3072"     
[132] "N6713|ten_4|189707075|189710147|+|3072"    
[133] "N6713|ten_12|82584769|82587841|+|3072"     
[134] "_R_N6713|ten_10|164976052|164979123|+|3071"
[135] "_R_N6713|ten_X2|143813333|143816404|+|3071"
[136] "N6713|ten_7|37228204|37231272|+|3068"      
[137] "N6713|ten_10|31292277|31295355|+|3078"     
[138] "N6713|ten_1|33024407|33027480|+|3073"      
[139] "_R_N6713|ten_X1|162663162|162666234|+|3072"
[140] "_R_N6713|ten_2|75475816|75478889|+|3073"   
[141] "_R_N6713|ten_6|98682601|98685673|+|3072"   
[142] "_R_N6713|ten_6|102677691|102680757|+|3066" 
[143] "_R_N6713|ten_9|114374480|114377407|+|2927" 
[144] "N6713|ten_8|187637447|187640519|+|3072"    
[145] "N6713|ten_1|228386057|228389158|+|3101"    
[146] "_R_N6713|ten_10|138399328|138402398|+|3070"
[147] "_R_N6713|ten_1|241445840|241448901|+|3061" 
[148] "_R_N6713|ten_6|190161335|190164407|+|3072" 
[149] "_R_N6713|ten_6|51233404|51236474|+|3070"   
[150] "N6713|ten_2|102082693|102085765|+|3072"    
[151] "_R_N6713|ten_3|201219870|201222942|+|3072" 
[152] "_R_N6713|ten_7|15999868|16002928|+|3060"   
[153] "N6713|ten_3|50338746|50341818|+|3072"      
[154] "_R_N6713|ten_X1|60592253|60595356|+|3103"  
[155] "_R_N6713|ten_X1|204177484|204180556|+|3072"
[156] "_R_N6713|ten_3|69197053|69200124|+|3071"   
[157] "N6713|ten_X1|204433164|204436236|+|3072"   
[158] "_R_N6713|ten_1|169786072|169789143|+|3071" 
[159] "_R_N6713|ten_2|125817740|125820812|+|3072" 
[160] "N6713|ten_11|77064136|77067208|+|3072"     
[161] "N6713|ten_10|128364448|128367522|+|3074"   
[162] "_R_N6713|ten_2|91917250|91920320|+|3070"   
[163] "_R_N6713|ten_1|251879356|251882426|+|3070" 
[164] "_R_N6713|ten_11|93755363|93758435|+|3072"  
[165] "N6713|ten_3|216443022|216446094|+|3072"    
[166] "_R_N6713|ten_5|89338069|89341141|+|3072"   
[167] "_R_N6713|ten_10|72295271|72298343|+|3072"  
[168] "_R_N6713|ten_8|102074807|102077876|+|3069" 
[169] "_R_N6713|ten_2|118620750|118623807|+|3057" 
[170] "N6713|ten_10|47363298|47366371|+|3073"     
[171] "_R_N6713|ten_12|37777532|37780604|+|3072"  
[172] "_R_N6713|ten_1|128961260|128964332|+|3072" 
[173] "_R_N6713|ten_10|28319904|28322977|+|3073"  
[174] "N6713|ten_5|32856513|32859585|+|3072"      
[175] "N6713|ten_5|32867824|32870896|+|3072"      
[176] "N6713|ten_5|63656681|63659755|+|3074"      
[177] "N6713|ten_6|205347162|205350236|+|3074"    
[178] "N6713|ten_5|60088836|60091910|+|3074"      
[179] "N6713|ten_1|237686333|237689408|+|3075"    
[180] "_R_N6713|ten_8|81789275|81792341|+|3066"   
[181] "N6713|ten_3|264709153|264712227|+|3074"    
[182] "_R_N6713|ten_11|35325168|35328001|+|2833"  
[183] "N6713|ten_8|38064729|38067677|+|2948"      
[184] "_R_N6713|ten_3|231885646|231888592|+|2946" 
[185] "N6713|ten_12|37637189|37640134|+|2945"     
[186] "_R_N6713|ten_X2|57901831|57904776|+|2945"  
[187] "N6713|ten_1|235531210|235534155|+|2945"    
[188] "N6713|ten_X1|21795289|21798234|+|2945"     
[189] "N6713|ten_4|195898674|195901618|+|2944"    
[190] "N6713|ten_10|19563036|19566112|+|3076"     
[191] "_R_N6713|ten_9|160322715|160325660|+|2945" 
[192] "_R_N6713|ten_X2|98665537|98668643|+|3106"  
[193] "_R_N6713|ten_X2|148537032|148540134|+|3102"
[194] "N6713|ten_3|120678848|120681953|+|3105"    
[195] "N6713|ten_11|107969059|107972003|+|2944"   
[196] "N6713|ten_7|152464046|152466994|+|2948"    
[197] "N6713|ten_3|86995330|86998430|+|3100"      
[198] "_R_N6713|ten_7|145899921|145903021|+|3100" 
[199] "_R_N6713|ten_9|64883299|64886370|+|3071"   
[200] "N6713|ten_12|106167039|106170145|+|3106"   
[201] "_R_N6713|ten_X1|116306022|116309123|+|3101"
[202] "N6713|ten_9|87254625|87257693|+|3068"      
[203] "N6713|ten_4|132749289|132752362|+|3073"    
[204] "N6713|ten_12|19722455|19725526|+|3071"     
[205] "N6713|ten_9|81854462|81857532|+|3070"      
[206] "_R_N6713|ten_5|129779029|129781683|+|2654" 
[207] "_R_N6713|ten_2|89266848|89269655|+|2807"   
[208] "_R_N6713|ten_2|179717072|179720146|+|3074" 
[209] "N6713|ten_9|70500281|70503355|+|3074"      
[210] "N6713|ten_9|70823842|70826916|+|3074"      
[211] "N6713|ten_7|133299132|133302209|+|3077"    
[212] "N6713|ten_2|146441397|146444470|+|3073"    
[213] "_R_N6713|ten_X1|91003960|91007047|+|3087"  
[214] "N6713|ten_4|209950703|209953778|+|3075"    
[215] "N6713|ten_8|87067478|87070551|+|3073"      
[216] "N6713|ten_X2|107029794|107032734|+|2940"   
[217] "N6713|ten_X1|114945319|114948392|+|3073"   
[218] "N6713|ten_12|17415226|17418303|+|3077"     
[219] "_R_N6713|ten_6|166771652|166774737|+|3085" 
[220] "_R_N6713|dum_2|269612408|269615484|+|3076" 
[221] "_R_N6713|dum_7|205274592|205277667|+|3075" 
[222] "_R_N6713|dum_2|196463647|196466326|+|2679" 
[223] "N6713|ten_3|69351853|69354922|+|3069"      
[224] "N6713|ten_10|84230243|84233322|+|3079"     
[225] "_R_N6713|dum_X1|110166377|110169448|+|3071"
[226] "N6713|ten_5|34001332|34004395|+|3063"      
[227] "_R_N6713|dum_X2|138770252|138773326|+|3074"
[228] "N6713|ten_1|228714340|228716969|+|2629"    
[229] "_R_N6713|dum_1|117514689|117517757|+|3068" 
[230] "N6713|dum_3|166337656|166340730|+|3074"    
[231] "N6713|ten_X2|7619600|7622679|+|3079"       
[232] "N6713|ten_12|138651122|138653850|+|2728"   
[233] "_R_N6713|ten_3|101633709|101636783|+|3074" 
[234] "_R_N6713|dum_X1|4361847|4364913|+|3066"    
[235] "_R_N6713|dum_3|202860120|202863192|+|3072" 
[236] "N6713|ten_7|173881672|173884749|+|3077"    
[237] "N6713|ten_1|106859076|106862150|+|3074"    
[238] "N6713|ten_2|45019669|45022746|+|3077"      
[239] "N6713|ten_9|77960301|77963378|+|3077"      
[240] "N6713|ten_4|7030145|7033223|+|3078"        
[241] "_R_N6713|ten_4|141475113|141478186|+|3073" 
[242] "N6713|ten_7|41658455|41661535|+|3080"      
[243] "N6713|ten_3|82574962|82578055|+|3093"      
[244] "_R_N6713|dum_10|10894315|10897415|+|3100"  
[245] "_R_N6713|dum_X1|52936629|52939704|+|3075"  
[246] "_R_N6713|ten_2|42242861|42245931|+|3070"   
[247] "_R_N6713|ten_X2|195228146|195231218|+|3072"
[248] "_R_N6713|dum_3|176118132|176120809|+|2677" 
[249] "N6713|ten_6|200316053|200319126|+|3073"    
[250] "N6713|ten_6|109490095|109493072|+|2977"    
[251] "_R_N6713|dum_7|19941455|19944472|+|3017"   
[252] "N6713|ten_1|170058420|170061499|+|3079"    
[253] "N6713|ten_7|80889626|80892701|+|3075"      
[254] "N6713|dum_1|64040209|64043179|+|2970"      
[255] "N6713|ten_1|211741357|211744431|+|3074"    
[256] "_R_N6713|dum_5|52885039|52888115|+|3076"   
[257] "_R_N6713|ten_5|173190117|173193164|+|3047" 
[258] "N6713|dum_12|105681746|105684815|+|3069"   
[259] "N6713|ten_11|51028557|51031638|+|3081"     
[260] "_R_N6713|ten_4|139264293|139267367|+|3074" 
[261] "N6713|dum_4|16286918|16289647|+|2729"      
[262] "_R_N6713|ten_4|214275522|214278254|+|2732" 
[263] "N6713|ten_11|34047078|34050143|+|3065"     
[264] "N6713|ten_11|34125736|34128801|+|3065"     
[265] "N6713|ten_11|33968365|33971430|+|3065"     
[266] "N6713|ten_11|33700459|33703509|+|3050"     
[267] "N6713|ten_11|33840674|33843342|+|2668"     
[268] "N6713|ten_1|180074748|180077824|+|3076"    
[269] "N6713|ten_7|102230038|102232793|+|2755"    
[270] "_R_N6713|ten_12|80904090|80907152|+|3062"  
[271] "N6713|ten_10|150706903|150709969|+|3066"   
[272] "N6713|dum_2|63291961|63295014|+|3053"      
[273] "_R_N6713|ten_4|227397328|227400396|+|3068" 
[274] "_R_N6713|ten_5|49432074|49435166|+|3092"   
[275] "N6713|dum_X2|117153993|117157068|+|3075"   
[276] "_R_N6713|ten_12|95317150|95320228|+|3078"  
[277] "_R_N6713|ten_3|222741027|222744098|+|3071" 
[278] "_R_N6713|ten_1|217483592|217486638|+|3046" 
[279] "_R_N6713|ten_5|84869578|84872651|+|3073"   
[280] "_R_N6713|dum_11|79026751|79029818|+|3067"  
[281] "N6713|ten_5|202268986|202272054|+|3068"    
[282] "_R_N6713|ten_11|35656975|35659846|+|2871"  
[283] "N6713|ten_1|73901890|73904966|+|3076"      
[284] "N6713|ten_6|113098129|113101204|+|3075"    
[285] "N6713|ten_X2|62367504|62370582|+|3078"     
[286] "N6713|ten_2|228638800|228641861|+|3061"    
[287] "N6713|ten_1|114965076|114968154|+|3078"    
[288] "_R_N6713|ten_1|157662044|157665117|+|3073" 
[289] "N6713|ten_1|113612156|113615234|+|3078"    
[290] "N6713|dum_1|261527971|261531054|+|3083"    
[291] "N6713|ten_7|133965649|133968721|+|3072"    
[292] "_R_N6713|ten_3|119751295|119754372|+|3077" 
[293] "_R_N6713|ten_X2|60213519|60216582|+|3063"  
[294] "N6713|dum_1|194339571|194342648|+|3077"    
[295] "N6713|ten_10|70893128|70896200|+|3072"     
[296] "_R_N6713|dum_4|46319907|46322999|+|3092"   
[297] "_R_N6713|ten_5|50750988|50754063|+|3075"   
[298] "_R_N6713|dum_2|89177694|89180756|+|3062"   
[299] "_R_N6713|ten_2|93896292|93899352|+|3060"   
[300] "N6713|ten_3|186107869|186110943|+|3074"    
[301] "N6713|dum_X2|201890462|201893568|+|3106"   
[302] "N6713|dum_X2|204539562|204542669|+|3107"   
[303] "N6713|dum_X2|204651351|204654472|+|3121"   
[304] "_R_N6713|dum_X2|204398711|204401816|+|3105"
[305] "N6713|dum_X2|204960073|204963196|+|3123"   
[306] "N6713|dum_X2|206104982|206108072|+|3090"   
[307] "N6713|dum_X2|205876367|205879457|+|3090"   
[308] "_R_N6713|dum_X2|206484316|206487406|+|3090"
[309] "N6713|dum_X2|205483974|205487080|+|3106"   
[310] "N6713|dum_X2|205579431|205582521|+|3090"   
[311] "_R_N6713|dum_X2|205348929|205352019|+|3090"
[312] "N6713|dum_X1|244728468|244731544|+|3076"   
[313] "_R_N6713|ten_5|97714282|97717355|+|3073"   
[314] "_R_N6713|dum_7|23231260|23234337|+|3077"   
[315] "_R_N6713|dum_X2|146372017|146375087|+|3070"
[316] "_R_N6713|dum_X2|146381149|146384219|+|3070"
[317] "_R_N6713|dum_X2|146353733|146356819|+|3086"
[318] "_R_N6713|dum_X2|146362868|146365955|+|3087"
[319] "_R_N6713|ten_7|53779148|53782215|+|3067"   
[320] "_R_N6713|dum_2|232182141|232185209|+|3068" 
[321] "N6713|dum_4|81185159|81188229|+|3070"      
[322] "N6713|ten_3|178185022|178188103|+|3081"    
[323] "_R_N6713|ten_6|116709734|116712810|+|3076" 
[324] "_R_N6713|dum_2|131843829|131846397|+|2568" 
[325] "_R_N6713|dum_2|132486976|132490051|+|3075" 
[326] "N6713|dum_11|90373225|90376280|+|3055"     
[327] "N6713|dum_1|172117364|172120124|+|2760"    
[328] "N6713|dum_X1|94065995|94068454|+|2459"     
[329] "N6713|ten_X1|76613695|76616767|+|3072"     
[330] "N6713|dum_X2|196986296|196989361|+|3065"   
[331] "_R_N6713|ten_X2|13914200|13917261|+|3061"  
[332] "_R_N6713|dum_2|169144622|169147679|+|3057" 
[333] "N6713|dum_7|162281984|162285046|+|3062"    
[334] "N6713|dum_1|137212213|137215281|+|3068"    
[335] "N6713|ten_1|141743463|141746203|+|2740"    
[336] "_R_N6713|dum_10|100562683|100565552|+|2869"
[337] "N6713|ten_10|85844431|85847511|+|3080"     
[338] "_R_N6713|dum_6|140781271|140784339|+|3068" 
[339] "N6713|ten_X1|30144863|30147938|+|3075"     
[340] "N6713|dum_10|158111795|158114874|+|3079"   
[341] "_R_N6713|ten_10|127813908|127816985|+|3077"
[342] "N6713|dum_9|71895443|71898538|+|3095"      
[343] "N6713|dum_4|79475932|79479006|+|3074"      
[344] "N6713|ten_6|190566555|190569635|+|3080"    
[345] "N6713|dum_1|91326740|91329807|+|3067"      
[346] "N6713|dum_1|176277664|176280709|+|3045"    
[347] "N6713|ten_1|169825155|169828215|+|3060"    
[348] "_R_N6713|ten_7|104020752|104023508|+|2756" 
[349] "N6713|ten_2|80973076|80976155|+|3079"      
[350] "N6713|dum_7|97678448|97681195|+|2747"      
[351] "N6713|dum_11|64712453|64715532|+|3079"     
[352] "N6713|ten_11|110797201|110800273|+|3072"   
[353] "N6713|ten_X1|220608015|220611089|+|3074"   
[354] "_R_N6713|dum_4|127320812|127323888|+|3076" 
[355] "_R_N6713|ten_X1|67854373|67857449|+|3076"  
[356] "N6713|dum_4|131790713|131793489|+|2776"    
[357] "_R_N6713|ten_X1|129111703|129114776|+|3073"
[358] "N6713|dum_X2|154527782|154530854|+|3072"   
[359] "_R_N6713|ten_X2|61460583|61463650|+|3067"  
[360] "_R_N6713|ten_2|97893976|97897051|+|3075"   
[361] "_R_N6713|ten_2|97898305|97901379|+|3074"   
[362] "_R_N6713|ten_2|97902633|97905707|+|3074"   
[363] "_R_N6713|ten_2|97909365|97911883|+|2518"   
[364] "_R_N6713|ten_2|97915540|97918043|+|2503"   
[365] "_R_N6713|ten_2|97919296|97922375|+|3079"   
[366] "_R_N6713|ten_9|108982904|108985978|+|3074" 
[367] "N6713|ten_3|226638670|226641745|+|3075"    
[368] "N6713|ten_3|227697495|227700572|+|3077"    
[369] "N6713|dum_11|56736691|56739776|+|3085"     
[370] "_R_N6713|ten_2|131277861|131280913|+|3052" 
[371] "_R_N6713|dum_8|132088314|132091382|+|3068" 
[372] "_R_N6713|dum_11|128015989|128019061|+|3072"
[373] "N6713|ten_1|223852441|223854967|+|2526"    
[374] "N6713|ten_X1|45894605|45897687|+|3082"     
[375] "_R_N6713|dum_11|62530670|62533746|+|3076"  
[376] "N6713|dum_11|74094337|74097413|+|3076"     
[377] "N6713|dum_11|75718609|75721689|+|3080"     
[378] "_R_N6713|dum_1|222788997|222792030|+|3033" 
[379] "_R_N6713|ten_1|219983039|219985528|+|2489" 
[380] "_R_N6713|dum_8|18675707|18678510|+|2803"   
[381] "_R_N6713|ten_8|16549127|16551927|+|2800"   
[382] "N6713|dum_X2|198645931|198649003|+|3072"   
[383] "_R_N6713|ten_X2|12314087|12317187|+|3100"  
[384] "_R_N6713|dum_X1|258508977|258512047|+|3070"
[385] "N6713|dum_6|76864835|76867903|+|3068"      
[386] "N6713|ten_6|91561073|91564119|+|3046"      
[387] "_R_N6713|ten_X2|85659414|85662483|+|3069"  
[388] "_R_N6713|dum_4|139961671|139964477|+|2806" 
[389] "N6713|ten_4|93849775|93852854|+|3079"      
[390] "N6713|dum_2|41425345|41428315|+|2970"      
[391] "N6713|ten_2|45508212|45511278|+|3066"      
[392] "N6713|ten_7|168151567|168154628|+|3061"    
[393] "_R_N6713|dum_8|93939979|93943050|+|3071"   
[394] "_R_N6713|ten_8|87186835|87189876|+|3041"   
[395] "N6713|dum_5|71167438|71170515|+|3077"      
[396] "N6713|dum_4|112259352|112262439|+|3087"    
[397] "_R_N6713|ten_4|120079422|120081947|+|2525" 
[398] "N6713|dum_5|197008573|197011633|+|3060"    
[399] "_R_N6713|ten_5|43217009|43220093|+|3084"   
[400] "N6713|dum_9|113589025|113591796|+|2771"    
[401] "_R_N6713|ten_9|66679087|66682142|+|3055"   
[402] "_R_N6713|ten_X1|92416532|92419603|+|3071"  
[403] "N6713|dum_1|178878614|178881716|+|3102"    
[404] "N6713|ten_1|172345749|172348832|+|3083"    
[405] "N6713|ten_8|87674226|87677314|+|3088"      
[406] "_R_N6713|ten_12|29196635|29199710|+|3075"  
[407] "N6713|dum_6|172667740|172670811|+|3071"    
[408] "_R_N6713|dum_10|164350505|164353573|+|3068"
[409] "_R_N6713|dum_8|64999149|65002209|+|3060"   
[410] "_R_N6713|dum_6|117556383|117559033|+|2650" 
[411] "N6713|dum_1|278471160|278474246|+|3086"    
[412] "N6713|dum_5|87533537|87536333|+|2796"      
[413] "_R_N6713|dum_6|132340539|132343397|+|2858" 
[414] "_R_N6713|ten_6|146294699|146297562|+|2863" 
[415] "N6713|dum_4|148230026|148233097|+|3071"    
[416] "_R_N6713|ten_4|85561013|85564061|+|3048"   
[417] "_R_N6713|dum_2|81967154|81969840|+|2686"   
[418] "_R_N6713|ten_2|86987132|86989837|+|2705"   
[419] "N6713|dum_8|69975748|69978806|+|3058"      
[420] "N6713|ten_8|63875707|63878753|+|3046"      
[421] "_R_N6713|ten_8|109400424|109403495|+|3071" 
[422] "N6713|dum_1|221322686|221325359|+|2673"    
[423] "N6713|ten_1|218584558|218587246|+|2688"    
[424] "N6713|dum_X2|47397950|47400484|+|2534"     
[425] "_R_N6713|dum_X2|156947065|156950123|+|3058"
[426] "N6713|ten_X2|59089596|59092659|+|3063"     
[427] "N6713|dum_5|42224595|42227661|+|3066"      
[428] "_R_N6713|dum_3|122699490|122702400|+|2910" 
[429] "_R_N6713|ten_3|117687393|117690467|+|3074" 
[430] "_R_N6713|dum_6|225016945|225019629|+|2684" 
[431] "_R_N6713|ten_1|88921934|88924705|+|2771"   
[432] "N6713|dum_2|122205067|122208129|+|3062"    
[433] "N6713|ten_2|125794757|125797814|+|3057"    
[434] "N6713|dum_2|157339722|157342808|+|3086"    
[435] "_R_N6713|ten_2|147738904|147741983|+|3079" 
[436] "N6713|dum_1|146701605|146704666|+|3061"    
[437] "_R_N6713|ten_1|151337393|151340451|+|3058" 
[438] "N6713|dum_X2|160369451|160372017|+|2566"   
[439] "_R_N6713|ten_X2|55649387|55651947|+|2560"  
[440] "_R_N6713|ten_1|131238783|131241847|+|3064" 
[441] "N6713|dum_X2|154830824|154833858|+|3034"   
[442] "_R_N6713|ten_X2|61213732|61216769|+|3037"  
[443] "N6713|dum_10|103022987|103026055|+|3068"   
[444] "N6713|dum_2|49104248|49106758|+|2510"      
[445] "_R_N6713|dum_2|152104707|152107775|+|3068" 
[446] "N6713|ten_2|153402715|153405781|+|3066"    
[447] "_R_N6713|dum_X2|141250923|141253997|+|3074"
[448] "N6713|ten_X2|76640019|76643091|+|3072"     
[449] "N6713|ten_1|69682208|69685283|+|3075"      
[450] "N6713|dum_4|164837549|164840608|+|3059"    
[451] "N6713|ten_4|69243603|69246104|+|2501"      
[452] "N6713|dum_4|165508425|165511503|+|3078"    
[453] "N6713|dum_6|112442992|112446064|+|3072"    
[454] "N6713|ten_6|126953281|126956349|+|3068"    
[455] "N6713|dum_8|90753968|90756386|+|2418"      
[456] "N6713|ten_8|83847009|83849440|+|2431"      
[457] "_R_N6713|dum_X1|83086222|83089264|+|3042"  
[458] "_R_N6713|ten_X1|65506116|65509158|+|3042"  
[459] "N6713|ten_5|190458292|190460758|+|2466"    
[460] "_R_N6713|dum_5|102826203|102829230|+|3027" 
[461] "N6713|ten_5|129366978|129370011|+|3033"    
[462] "N6713|dum_3|116555625|116558468|+|2843"    
[463] "N6713|ten_3|111624436|111627497|+|3061"    
[464] "N6713|dum_2|127777945|127780995|+|3050"    
[465] "_R_N6713|dum_X2|132403505|132406547|+|3042"
[466] "_R_N6713|dum_7|94560858|94563336|+|2478"   
[467] "N6713|bic_X2|130107433|130110045|+|2612"   
[468] "_R_N6713|sar_X2|155851765|155854396|+|2631"
[469] "_R_N6713|sar_X2|209280536|209283570|+|3034"
[470] "N6713|bic_2|37822834|37825309|+|2475"      
[471] "_R_N6713|sar_2|37057984|37060642|+|2658"   
[472] "_R_N6713|bic_14|35846641|35849209|+|2568"  
[473] "_R_N6713|sar_14|137942372|137944980|+|2608"
[474] "N6713|bic_7|142137889|142140764|+|2875"    
[475] "_R_N6713|mim_10|185949341|185951837|+|2496"
[476] "N6713|mim_9|149472789|149475790|+|3001"    
[477] "N6713|sar_7|34260613|34263039|+|2426"      
[478] "_R_N6713|bic_7|18106511|18109585|+|3074"   
[479] "_R_N6713|sar_7|19462803|19465922|+|3119"   
[480] "_R_N6713|dum_7|124024567|124027474|+|2907" 
[481] "N6713|ten_7|79525810|79528878|+|3068"      
[482] "_R_N6713|sar_14|82719111|82722106|+|2995"  
[483] "_R_N6713|dum_9|100255367|100258386|+|3019" 
[484] "N6713|ten_9|76687361|76690381|+|3020"      
[485] "N6713|bic_X1|202029348|202032035|+|2687"   
[486] "_R_N6713|bic_4|69235966|69238496|+|2530"   
[487] "_R_N6713|sar_4|72642157|72644680|+|2523"   
[488] "_R_N6713|mim_12|49675207|49678222|+|3015"  
[489] "N6713|mim_X2|12836551|12839136|+|2585"     
[490] "_R_N6713|mim_11|67967908|67970924|+|3016"  
[491] "_R_N6713|mim_7|173733475|173736474|+|2999" 
[492] "_R_N6713|sar_X2|202211228|202214146|+|2918"
[493] "N6713|bic_11|124393798|124396656|+|2858"   
[494] "_R_N6713|sar_11|90400256|90402759|+|2503"  
[495] "_R_N6713|sar_8|92519800|92522824|+|3024"   
[496] "N6713|mim_10|143511969|143514884|+|2915"   
[497] "_R_N6713|dum_6|110615206|110617745|+|2539" 
[498] "_R_N6713|ten_6|125166230|125169245|+|3015" 
[499] "N6713|dum_X1|43527204|43530224|+|3020"     
[500] "N6713|dum_X1|44737217|44740246|+|3029"     
[501] "N6713|ten_3|205144606|205147635|+|3029"    
[502] "N6713|dum_X1|183548294|183550956|+|2662"   
[503] "N6713|ten_X1|161305871|161308549|+|2678"   
[504] "N6713|dum_6|40255399|40258472|+|3073"      
[505] "N6713|ten_6|38191597|38194641|+|3044"      
[506] "N6713|dum_X2|41325470|41328041|+|2571"     
[507] "N6713|ten_9|116964640|116967530|+|2890"    
[508] "_R_N6713|lin_11|9124244|9127286|+|3042"    
[509] "_R_N6713|lin_19|34947940|34950541|+|2601"  
[510] "_R_N6713|lin_X2|2585168|2588066|+|2898"    
[511] "_R_N6713|lin_8|13244920|13247678|+|2758"   
[512] "N6713|lin_1|49293533|49296356|+|2823"      
[513] "_R_N6713|lin_X2|7378511|7381111|+|2600"    
[514] "N6713|lin_15|47419958|47422849|+|2891"     
[515] "N6713|lin_3|37165588|37168488|+|2900"      
[516] "_R_N6713|lin_2|3995175|3997933|+|2758"     
[517] "_R_N6713|lin_12|49011598|49014512|+|2914"  
[518] "_R_N6713|lin_7|36770952|36773855|+|2903"   
[519] "N6713|lin_9|22996127|22999044|+|2917"      
[520] "N6713|lin_5|44225030|44227945|+|2915"      
[521] "N6713|lin_12|48465812|48468720|+|2908"     
[522] "N6713|lin_6|95543750|95546658|+|2908"      
[523] "N6713|lin_9|69962049|69964957|+|2908"      
[524] "N6713|lin_15|72460410|72463307|+|2897"     
[525] "N6713|lin_17|23019845|23022758|+|2913"     
[526] "N6713|lin_X1|77777523|77780413|+|2890"     
[527] "N6713|lin_X2|139026942|139029532|+|2590"   
[528] "N6713|lin_15|41518641|41521551|+|2910"     
[529] "N6713|lin_11|14046628|14049535|+|2907"     
[530] "N6713|lin_19|49775651|49778566|+|2915"     
[531] "N6713|lin_13|117200494|117203388|+|2894"   
[532] "N6713|lin_4|89685269|89688157|+|2888"      
[533] "N6713|lin_12|114394928|114397852|+|2924"   
[534] "_R_N6713|lin_X2|34919556|34922477|+|2921"  
[535] "_R_N6713|lin_X2|140678540|140681449|+|2909"
[536] "_R_N6713|lin_18|39565153|39568074|+|2921"  
[537] "_R_N6713|lin_X3|79307960|79310887|+|2927"  
[538] "_R_N6713|lin_1|77676583|77679502|+|2919"   
[539] "_R_N6713|lin_11|1320755|1323673|+|2918"    
[540] "_R_N6713|lin_X1|95566724|95569642|+|2918"  
[541] "_R_N6713|lin_12|70887081|70889996|+|2915"  
[542] "N6713|lin_13|15462756|15465671|+|2915"     
[543] "N6713|lin_3|70918484|70921402|+|2918"      
[544] "N6713|lin_6|27568177|27571091|+|2914"      
[545] "N6713|lin_X2|39666911|39669822|+|2911"     
[546] "N6713|lin_16|51825286|51828201|+|2915"     
[547] "N6713|lin_19|49110218|49113132|+|2914"     
[548] "N6713|lin_17|61836051|61838954|+|2903"     
[549] "_R_N6713|lin_4|73448022|73450935|+|2913"   
[550] "_R_N6713|lin_X1|126188933|126191847|+|2914"
[551] "N6713|lin_X3|86601806|86604718|+|2912"     
[552] "_R_N6713|lin_18|133580957|133583875|+|2918"
[553] "_R_N6713|lin_X1|55289724|55292645|+|2921"  
[554] "_R_N6713|lin_X2|12723507|12726428|+|2921"  
[555] "_R_N6713|lin_19|14276393|14279314|+|2921"  
[556] "_R_N6713|lin_20|27603733|27606654|+|2921"  
[557] "_R_N6713|lin_X1|136235431|136238348|+|2917"
[558] "_R_N6713|lin_X1|93485911|93488832|+|2921"  
[559] "_R_N6713|lin_20|35544487|35547408|+|2921"  
[560] "_R_N6713|lin_8|31021591|31024510|+|2919"   
[561] "_R_N6713|lin_5|31594187|31597121|+|2934"   
[562] "_R_N6713|lin_X1|69008332|69011252|+|2920"  
[563] "_R_N6713|lin_9|70956057|70958978|+|2921"   
[564] "_R_N6713|lin_7|133291441|133294363|+|2922" 
[565] "_R_N6713|lin_18|105155267|105158188|+|2921"
[566] "_R_N6713|lin_X2|60587633|60590548|+|2915"  
[567] "_R_N6713|lin_5|100659559|100662481|+|2922" 
[568] "_R_N6713|lin_X3|18752355|18755275|+|2920"  
[569] "_R_N6713|lin_8|84745961|84748880|+|2919"   
[570] "N6713|lin_19|55670348|55673274|+|2926"     
[571] "N6713|lin_2|24922226|24925152|+|2926"      
[572] "N6713|lin_8|89108480|89111398|+|2918"      
[573] "_R_N6713|lin_12|73394583|73397504|+|2921"  
[574] "_R_N6713|lin_X1|136088018|136090939|+|2921"
[575] "N6713|lin_3|15114853|15117765|+|2912"      
[576] "_R_N6713|lin_7|83134892|83137813|+|2921"   
[577] "_R_N6713|lin_8|28737909|28740830|+|2921"   
[578] "_R_N6713|lin_9|79205571|79208489|+|2918"   
[579] "_R_N6713|lin_16|36624724|36627642|+|2918"  
[580] "_R_N6713|lin_4|7204324|7207242|+|2918"     
[581] "_R_N6713|lin_X1|104249666|104252580|+|2914"
[582] "_R_N6713|lin_3|26330151|26333072|+|2921"   
[583] "N6713|lin_3|105396359|105399278|+|2919"    
[584] "N6713|lin_18|54395008|54397923|+|2915"     
[585] "N6713|lin_6|96225369|96228286|+|2917"      
[586] "N6713|lin_12|112211158|112214078|+|2920"   
[587] "N6713|lin_18|126995603|126998512|+|2909"   
[588] "N6713|lin_6|51839659|51842576|+|2917"      
[589] "N6713|lin_14|43129890|43132808|+|2918"     
[590] "N6713|lin_14|43236609|43239527|+|2918"     
[591] "N6713|lin_12|29788302|29791220|+|2918"     
[592] "N6713|lin_13|13113739|13116657|+|2918"     
[593] "N6713|lin_X1|457681|460598|+|2917"         
[594] "_R_N6713|lin_15|59494336|59497251|+|2915"  
[595] "N6713|lin_16|93320685|93323602|+|2917"     
[596] "N6713|lin_15|40726507|40729425|+|2918"     
[597] "N6713|lin_17|36005889|36008802|+|2913"     
[598] "N6713|lin_9|80372067|80374986|+|2919"      
[599] "_R_N6713|lin_16|38913685|38916606|+|2921"  
[600] "N6713|lin_X3|33715822|33718741|+|2919"     
[601] "N6713|lin_18|24957962|24960875|+|2913"     
[602] "_R_N6713|lin_9|72727785|72730697|+|2912"   
[603] "N6713|lin_6|39961625|39964543|+|2918"      
[604] "N6713|lin_20|43273957|43276874|+|2917"     
[605] "N6713|lin_15|6851586|6854505|+|2919"       
[606] "_R_N6713|lin_9|68047655|68050454|+|2799"   
[607] "N6713|lin_20|106058259|106061176|+|2917"   
[608] "N6713|lin_15|68338653|68341570|+|2917"     
[609] "_R_N6713|lin_6|81946112|81949032|+|2920"   
[610] "_R_N6713|lin_20|36399127|36402040|+|2913"  
[611] "_R_N6713|lin_2|65752484|65755395|+|2911"   
[612] "N6713|lin_11|61537739|61540654|+|2915"     
[613] "_R_N6713|lin_12|70062981|70065838|+|2857"  
[614] "N6713|lin_12|70132841|70135758|+|2917"     
[615] "_R_N6713|lin_X2|67906001|67908921|+|2920"  
[616] "N6713|lin_11|75869749|75872302|+|2553"     
[617] "N6713|lin_2|92614090|92617000|+|2910"      
[618] "_R_N6713|lin_7|107339852|107342770|+|2918" 
[619] "N6713|lin_6|68634438|68637353|+|2915"      
[620] "_R_N6713|lin_19|30538612|30541424|+|2812"  
[621] "_R_N6713|lin_18|71414016|71416935|+|2919"  
[622] "_R_N6713|lin_19|12116910|12119820|+|2910"  
[623] "N6713|lin_12|137351528|137354444|+|2916"   
[624] "_R_N6713|lin_13|118521857|118524762|+|2905"
[625] "_R_N6713|lin_12|137377241|137380163|+|2922"
[626] "_R_N6713|lin_14|222537|225458|+|2921"      
[627] "N6713|lin_X2|139435868|139438599|+|2731"   
[628] "_R_N6713|lin_X2|143997264|144000138|+|2874"
[629] "_R_N6713|lin_X1|97225030|97227909|+|2879"  
[630] "N6713|lin_9|54706259|54708873|+|2614"      
[631] "N6713|lin_19|20520499|20522965|+|2466"     
[632] "N6713|lin_2|14306856|14309531|+|2675"      
[633] "_R_N6713|lin_6|24489791|24492690|+|2899"   
[634] "N6713|lin_20|83930071|83932958|+|2887"     
[635] "_R_N6713|lin_10|76531064|76533535|+|2471"  
[636] "_R_N6713|lin_2|71029862|71032487|+|2625"   
[637] "_R_N6713|lin_2|71034677|71037302|+|2625"   
[638] "_R_N6713|dum_9|134176560|134179427|+|2867" 
[639] "N6713|bic_2|96404303|96406798|+|2495"      
[640] "_R_N6713|sar_9|77419087|77421610|+|2523"   
[641] "_R_N6713|sar_9|36048203|36050809|+|2606"   
[642] "_R_N6713|bic_12|163117761|163120442|+|2681"
[643] "N6713|bic_2|131078495|131081347|+|2852"    
[644] "_R_N6713|sar_2|194885231|194887877|+|2646" 
[645] "_R_N6713|sar_3|166283510|166286430|+|2920" 
[646] "_R_N6713|bic_X2|52278060|52280944|+|2884"  
[647] "N6713|sar_2|28780786|28783303|+|2517"      
[648] "N6713|sar_2|30381155|30383670|+|2515"      
[649] "_R_N6713|bic_7|109703223|109705988|+|2765" 
[650] "_R_N6713|sar_3|81498158|81500936|+|2778"   
[651] "N6713|sar_9|103486484|103489410|+|2926"    
[652] "_R_N6713|bic_4|71128722|71131496|+|2774"   
[653] "N6713|bic_5|154630115|154632707|+|2592"    
[654] "_R_N6713|sar_9|156468859|156471375|+|2516" 
[655] "_R_N6713|sar_7|142362491|142365264|+|2773" 
[656] "N6713|sar_5|107087842|107090640|+|2798"    
[657] "N6713|sar_2|87407169|87410082|+|2913"      
[658] "N6713|sar_14|35018864|35021654|+|2790"     
[659] "_R_N6713|sar_1|3792308|3795223|+|2915"     
[660] "_R_N6713|sar_X2|21441522|21444563|+|3041"  
[661] "N6713|sar_3|85916489|85919400|+|2911"      
[662] "_R_N6713|sar_8|152598865|152601779|+|2914" 
[663] "_R_N6713|sar_5|20719939|20722864|+|2925"   
[664] "N6713|sar_5|21243246|21246298|+|3052"      
[665] "_R_N6713|sar_X2|108063957|108066996|+|3039"
[666] "_R_N6713|sar_9|61778086|61781129|+|3043"   
[667] "_R_N6713|sar_5|157708599|157711591|+|2992" 
[668] "N6713|sar_2|138264060|138267102|+|3042"    
[669] "N6713|sar_3|222585111|222588156|+|3045"    
[670] "N6713|sar_10|101497671|101500715|+|3044"   
[671] "N6713|sar_6|123132277|123135325|+|3048"    
[672] "_R_N6713|sar_9|155919362|155922395|+|3033" 
[673] "N6713|sar_9|15764904|15767910|+|3006"      
[674] "_R_N6713|sar_5|8543549|8546607|+|3058"     
[675] "_R_N6713|sar_7|33388120|33391182|+|3062"   
[676] "_R_N6713|sar_9|35470986|35474045|+|3059"   
[677] "_R_N6713|sar_6|68028311|68031349|+|3038"   
[678] "_R_N6713|sar_10|79167450|79170509|+|3059"  
[679] "N6713|sar_9|157908800|157911835|+|3035"    
[680] "_R_N6713|sar_X2|22877195|22880248|+|3053"  
[681] "N6713|sar_X2|23095920|23098889|+|2969"     
[682] "N6713|sar_10|180670417|180673408|+|2991"   
[683] "N6713|sar_10|180677736|180680727|+|2991"   
[684] "_R_N6713|sar_X1|20055543|20058593|+|3050"  
[685] "_R_N6713|sar_10|152186810|152189855|+|3045"
[686] "_R_N6713|sar_10|133494892|133497938|+|3046"
[687] "_R_N6713|sar_7|130541101|130544090|+|2989" 
[688] "_R_N6713|sar_2|66279085|66282116|+|3031"   
[689] "N6713|sar_8|36182862|36185903|+|3041"      
[690] "_R_N6713|sar_7|41093928|41096945|+|3017"   
[691] "N6713|sar_9|173194730|173197777|+|3047"    
[692] "N6713|sar_10|139131366|139134405|+|3039"   
[693] "N6713|sar_3|36151276|36154324|+|3048"      
[694] "_R_N6713|sar_6|18630454|18633496|+|3042"   
[695] "N6713|sar_13|132854268|132857321|+|3053"   
[696] "N6713|sar_3|70149737|70152790|+|3053"      
[697] "N6713|sar_14|45510483|45513536|+|3053"     
[698] "_R_N6713|sar_9|241603969|241607025|+|3056" 
[699] "_R_N6713|sar_14|73482749|73485804|+|3055"  
[700] "N6713|sar_3|178555800|178558855|+|3055"    
[701] "N6713|sar_9|128620695|128623743|+|3048"    
[702] "_R_N6713|sar_11|43510040|43513096|+|3056"  
[703] "N6713|sar_X1|163681803|163684856|+|3053"   
[704] "N6713|sar_12|13919327|13922380|+|3053"     
[705] "_R_N6713|sar_5|7389219|7392275|+|3056"     
[706] "_R_N6713|sar_8|125370358|125373414|+|3056" 
[707] "N6713|sar_1|135096567|135099606|+|3039"    
[708] "N6713|sar_10|167567290|167570324|+|3034"   
[709] "N6713|sar_13|165167573|165170618|+|3045"   
[710] "_R_N6713|sar_12|32846265|32849321|+|3056"  
[711] "N6713|sar_3|167999557|168002605|+|3048"    
[712] "N6713|sar_9|156038675|156041723|+|3048"    
[713] "N6713|sar_4|140347329|140350383|+|3054"    
[714] "N6713|sar_4|93980020|93983011|+|2991"      
[715] "_R_N6713|sar_11|132743939|132746982|+|3043"
[716] "_R_N6713|sar_11|131410499|131413557|+|3058"
[717] "_R_N6713|sar_6|133919565|133922613|+|3048" 
[718] "N6713|sar_1|76764913|76767951|+|3038"      
[719] "N6713|sar_5|26074645|26077689|+|3044"      
[720] "N6713|sar_X1|189791183|189794230|+|3047"   
[721] "N6713|sar_5|128315478|128318520|+|3042"    
[722] "N6713|sar_8|37382787|37385826|+|3039"      
[723] "_R_N6713|sar_4|17442446|17445490|+|3044"   
[724] "_R_N6713|sar_14|45571342|45574386|+|3044"  
[725] "_R_N6713|sar_13|28689430|28692470|+|3040"  
[726] "_R_N6713|sar_X2|149484545|149487596|+|3051"
[727] "N6713|sar_8|221623477|221626519|+|3042"    
[728] "_R_N6713|sar_4|101680673|101683719|+|3046" 
[729] "N6713|sar_13|144104002|144107044|+|3042"   
[730] "N6713|sar_14|35374715|35377757|+|3042"     
[731] "N6713|sar_7|128092043|128095100|+|3057"    
[732] "_R_N6713|sar_9|190973749|190976794|+|3045" 
[733] "N6713|sar_X2|22502598|22505640|+|3042"     
[734] "N6713|sar_X2|12313485|12316526|+|3041"     
[735] "N6713|sar_X1|2889754|2892797|+|3043"       
[736] "_R_N6713|sar_6|23926781|23929815|+|3034"   
[737] "_R_N6713|sar_14|10876305|10879351|+|3046"  
[738] "_R_N6713|sar_11|199816940|199819986|+|3046"
[739] "N6713|sar_X2|204482004|204485045|+|3041"   
[740] "_R_N6713|sar_12|79222829|79225877|+|3048"  
[741] "N6713|sar_6|72757387|72760432|+|3045"      
[742] "_R_N6713|sar_5|115295701|115298749|+|3048" 
[743] "N6713|sar_3|178540007|178543052|+|3045"    
[744] "_R_N6713|sar_1|139429536|139432582|+|3046" 
[745] "_R_N6713|sar_14|102935599|102938645|+|3046"
[746] "N6713|sar_14|113272345|113275387|+|3042"   
[747] "N6713|sar_9|122055165|122058171|+|3006"    
[748] "N6713|sar_X2|102308609|102311651|+|3042"   
[749] "_R_N6713|sar_2|80457643|80460688|+|3045"   
[750] "_R_N6713|sar_9|191440248|191443294|+|3046" 
[751] "_R_N6713|sar_10|84937073|84940118|+|3045"  
[752] "_R_N6713|sar_10|88628936|88631981|+|3045"  
[753] "_R_N6713|sar_X1|69599620|69602621|+|3001"  
[754] "_R_N6713|sar_11|124146939|124149984|+|3045"
[755] "N6713|sar_7|60764178|60767169|+|2991"      
[756] "_R_N6713|sar_9|232373318|232376361|+|3043" 
[757] "_R_N6713|sar_11|26070754|26073798|+|3044"  
[758] "_R_N6713|sar_9|238340697|238343743|+|3046" 
[759] "_R_N6713|sar_7|26307065|26310125|+|3060"   
[760] "N6713|sar_X2|6337397|6340443|+|3046"       
[761] "N6713|sar_4|24670905|24673943|+|3038"      
[762] "_R_N6713|sar_X2|79891573|79894569|+|2996"  
[763] "N6713|sar_8|28816343|28819383|+|3040"      
[764] "N6713|sar_11|72706563|72709607|+|3044"     
[765] "N6713|sar_12|126788342|126791382|+|3040"   
[766] "N6713|sar_1|67577791|67580779|+|2988"      
[767] "_R_N6713|sar_9|232330920|232333959|+|3039" 
[768] "_R_N6713|sar_X1|53040159|53043217|+|3058"  
[769] "_R_N6713|sar_13|49983975|49987037|+|3062"  
[770] "N6713|sar_2|150633014|150636071|+|3057"    
[771] "N6713|sar_6|12052881|12055937|+|3056"      
[772] "N6713|sar_10|144473977|144477040|+|3063"   
[773] "N6713|sar_14|8227958|8231008|+|3050"       
[774] "_R_N6713|sar_9|165267489|165270526|+|3037" 
[775] "N6713|sar_X1|160899931|160902966|+|3035"   
[776] "_R_N6713|sar_9|79805168|79808230|+|3062"   
[777] "N6713|sar_3|127456529|127459577|+|3048"    
[778] "N6713|sar_X1|119030241|119033279|+|3038"   
[779] "N6713|sar_10|186204303|186207355|+|3052"   
[780] "N6713|sar_3|18142245|18145305|+|3060"      
[781] "N6713|sar_X1|796589|799581|+|2992"         
[782] "N6713|sar_12|74721401|74724456|+|3055"     
[783] "N6713|sar_3|216320883|216323944|+|3061"    
[784] "N6713|sar_2|262225972|262229032|+|3060"    
[785] "N6713|sar_4|98941890|98944927|+|3037"      
[786] "_R_N6713|sar_9|13454403|13457451|+|3048"   
[787] "_R_N6713|sar_X1|94466089|94469099|+|3010"  
[788] "_R_N6713|sar_8|118234802|118237857|+|3055" 
[789] "_R_N6713|sar_6|20591890|20594937|+|3047"   
[790] "N6713|sar_13|187430281|187433337|+|3056"   
[791] "N6713|sar_3|34336113|34339171|+|3058"      
[792] "N6713|sar_X2|200651767|200654826|+|3059"   
[793] "_R_N6713|sar_3|150668759|150671819|+|3060" 
[794] "N6713|sar_3|131786847|131789913|+|3066"    
[795] "N6713|sar_14|22859704|22862764|+|3060"     
[796] "N6713|sar_3|34393616|34396673|+|3057"      
[797] "N6713|sar_3|34397869|34400925|+|3056"      
[798] "_R_N6713|sar_9|59369480|59372540|+|3060"   
[799] "_R_N6713|sar_13|88523385|88526440|+|3055"  
[800] "_R_N6713|sar_4|44328836|44331891|+|3055"   
[801] "_R_N6713|sar_8|30540976|30544033|+|3057"   
[802] "_R_N6713|sar_9|23438239|23441285|+|3046"   
[803] "_R_N6713|sar_9|136015650|136018700|+|3050" 
[804] "_R_N6713|sar_14|749253|752278|+|3025"      
[805] "_R_N6713|sar_3|90189483|90192541|+|3058"   
[806] "_R_N6713|sar_13|144035579|144038626|+|3047"
[807] "_R_N6713|sar_12|143813|146859|+|3046"      
[808] "_R_N6713|sar_X1|135826302|135829360|+|3058"
[809] "_R_N6713|sar_12|165248572|165251593|+|3021"
[810] "_R_N6713|sar_2|81396433|81399460|+|3027"   
[811] "_R_N6713|sar_7|107947862|107950911|+|3049" 
[812] "_R_N6713|sar_8|119906952|119910047|+|3095" 
[813] "N6713|sar_12|172024551|172027535|+|2984"   
[814] "_R_N6713|sar_1|114985761|114988668|+|2907" 
[815] "N6713|sar_X2|156117714|156120629|+|2915"   
[816] "_R_N6713|sar_11|34487890|34490804|+|2914"  
[817] "_R_N6713|sar_11|160195236|160198153|+|2917"
[818] "_R_N6713|sar_7|37921114|37924030|+|2916"   
[819] "_R_N6713|sar_9|172646205|172649123|+|2918" 
[820] "_R_N6713|sar_8|153821667|153824146|+|2479" 
[821] "N6713|sar_9|196368842|196371787|+|2945"    
[822] "N6713|sar_2|274809722|274812628|+|2906"    
[823] "N6713|sar_10|20127732|20130644|+|2912"     
[824] "_R_N6713|sar_8|206631601|206634517|+|2916" 
[825] "_R_N6713|sar_X1|3198720|3201639|+|2919"    
[826] "N6713|sar_10|165334628|165337543|+|2915"   
[827] "_R_N6713|sar_11|67573156|67576056|+|2900"  
[828] "N6713|sar_9|69854405|69857320|+|2915"      
[829] "N6713|sar_1|49805071|49807980|+|2909"      
[830] "N6713|sar_3|66325981|66328877|+|2896"      
[831] "N6713|sar_13|36501114|36503913|+|2799"     
[832] "N6713|sar_8|9913056|9915966|+|2910"        
[833] "N6713|sar_2|118650461|118653371|+|2910"    
[834] "_R_N6713|bic_12|111704987|111707602|+|2615"
[835] "N6713|sar_6|58322447|58325354|+|2907"      
[836] "N6713|sar_7|27674489|27677393|+|2904"      
[837] "N6713|sar_11|160904856|160907765|+|2909"   
[838] "N6713|sar_3|26520628|26523538|+|2910"      
[839] "_R_N6713|sar_6|74526452|74529248|+|2796"   
[840] "_R_N6713|sar_9|62803072|62805890|+|2818"   
[841] "_R_N6713|sar_10|22100328|22103136|+|2808"  
[842] "_R_N6713|sar_9|237943980|237946885|+|2905" 
[843] "_R_N6713|sar_1|133275239|133278048|+|2809" 
[844] "_R_N6713|sar_10|34011158|34014056|+|2898"  
[845] "_R_N6713|sar_10|132682868|132685775|+|2907"
[846] "N6713|sar_8|145789265|145791816|+|2551"    
[847] "_R_N6713|sar_10|58400647|58403562|+|2915"  
[848] "_R_N6713|sar_1|110159586|110162393|+|2807" 
[849] "N6713|sar_6|137192346|137195157|+|2811"    
[850] "N6713|sar_10|191617593|191620512|+|2919"   
[851] "_R_N6713|sar_X2|16464009|16466921|+|2912"  
[852] "_R_N6713|sar_2|235886963|235889542|+|2579" 
[853] "_R_N6713|sar_13|113776043|113778943|+|2900"
[854] "_R_N6713|sar_8|185751857|185754766|+|2909" 
[855] "N6713|sar_4|147018423|147021307|+|2884"    
[856] "N6713|sar_8|49604234|49607151|+|2917"      
[857] "_R_N6713|sar_12|49397372|49400285|+|2913"  
[858] "_R_N6713|bic_7|69955935|69958828|+|2893"   
[859] "_R_N6713|sar_6|52067692|52070610|+|2918"   
[860] "N6713|sar_X1|33742629|33745705|+|3076"     
[861] "N6713|sar_3|123762103|123764998|+|2895"    
[862] "_R_N6713|sar_X2|192632203|192635248|+|3045"
[863] "_R_N6713|sar_2|86056640|86059649|+|3009"   
[864] "N6713|bic_7|168210717|168213719|+|3002"    
[865] "_R_N6713|bic_9|67704238|67706698|+|2460"   
[866] "_R_N6713|bic_9|93108464|93111547|+|3083"   
[867] "N6713|bic_7|35802559|35805579|+|3020"      
[868] "_R_N6713|bic_3|84208496|84210957|+|2461"   
[869] "N6713|sar_1|132598968|132602024|+|3056"    
[870] "N6713|sar_13|16031363|16034427|+|3064"     
[871] "N6713|sar_5|72641394|72644453|+|3059"      
[872] "N6713|sar_2|154725133|154728208|+|3075"    
[873] "_R_N6713|sar_3|119059393|119062475|+|3082" 
[874] "N6713|sar_X2|207514672|207517718|+|3046"   
[875] "_R_N6713|sar_6|129955435|129958497|+|3062" 
[876] "_R_N6713|sar_9|59261579|59264643|+|3064"   
[877] "_R_N6713|sar_6|28846854|28849920|+|3066"   
[878] "N6713|bic_3|127980789|127983874|+|3085"    
[879] "N6713|sar_10|119488536|119491574|+|3038"   
[880] "N6713|sar_1|80803989|80807045|+|3056"      
[881] "_R_N6713|bic_11|86283046|86286154|+|3108"  
[882] "N6713|sar_10|42406068|42409136|+|3068"     
[883] "_R_N6713|bic_14|20254829|20257874|+|3045"  
[884] "_R_N6713|sar_7|110609746|110612843|+|3097" 
[885] "_R_N6713|bic_12|181119831|181122910|+|3079"
[886] "_R_N6713|bic_7|53296864|53299945|+|3081"   
[887] "_R_N6713|sar_10|15998349|16001395|+|3046"  
[888] "_R_N6713|sar_9|45058866|45061921|+|3055"   
[889] "_R_N6713|bic_3|20124410|20127477|+|3067"   
[890] "N6713|sar_6|74153921|74156959|+|3038"      
[891] "N6713|bic_13|742024|745092|+|3068"         
[892] "N6713|sar_9|196776442|196779494|+|3052"    
[893] "N6713|sar_3|146900725|146903813|+|3088"    
[894] "N6713|sar_8|168549437|168552495|+|3058"    
[895] "N6713|sar_13|100934091|100937147|+|3056"   
[896] "_R_N6713|sar_3|131324875|131327599|+|2724" 
[897] "N6713|bic_9|96844447|96847490|+|3043"      
[898] "N6713|bic_8|99308813|99311884|+|3071"      
[899] "_R_N6713|bic_X1|16157897|16160989|+|3092"  
[900] "_R_N6713|bic_X1|18429707|18432798|+|3091"  
[901] "N6713|bic_8|194093346|194096421|+|3075"    
[902] "N6713|sar_1|10344995|10348071|+|3076"      
[903] "_R_N6713|bic_X1|203833592|203836663|+|3071"
[904] "_R_N6713|bic_X1|44263605|44266680|+|3075"  
[905] "_R_N6713|bic_13|38210948|38214033|+|3085"  
[906] "_R_N6713|bic_X1|122455928|122459007|+|3079"
[907] "N6713|bic_X2|136466162|136469236|+|3074"   
[908] "_R_N6713|bic_3|166675755|166678834|+|3079" 
[909] "_R_N6713|bic_8|105476190|105479275|+|3085" 
[910] "_R_N6713|bic_3|186008800|186011872|+|3072" 
[911] "_R_N6713|bic_11|5002539|5005570|+|3031"    
[912] "_R_N6713|bic_X2|196414787|196417839|+|3052"
[913] "_R_N6713|bic_X2|58990643|58993725|+|3082"  
[914] "N6713|bic_11|55059865|55062942|+|3077"     
[915] "N6713|bic_8|66397291|66400361|+|3070"      
[916] "N6713|bic_12|148067993|148071068|+|3075"   
[917] "_R_N6713|bic_2|120799941|120803019|+|3078" 
[918] "_R_N6713|bic_9|144402684|144405764|+|3080" 
[919] "N6713|bic_9|169791323|169794421|+|3098"    
[920] "N6713|bic_5|32322307|32325391|+|3084"      
[921] "N6713|bic_6|91057392|91060452|+|3060"      
[922] "N6713|bic_5|114965415|114968493|+|3078"    
[923] "N6713|bic_3|16283783|16286862|+|3079"      
[924] "N6713|bic_10|146997114|147000186|+|3072"   
[925] "N6713|bic_13|95888404|95891459|+|3055"     
[926] "N6713|bic_7|126984519|126987587|+|3068"    
[927] "N6713|bic_12|175408275|175411304|+|3029"   
[928] "N6713|bic_X1|130116920|130119918|+|2998"   
[929] "N6713|bic_X2|115330986|115334053|+|3067"   
[930] "N6713|bic_7|12953089|12956165|+|3076"      
[931] "_R_N6713|bic_6|108798172|108801206|+|3034" 
[932] "N6713|bic_8|80980259|80983319|+|3060"      
[933] "N6713|bic_X2|164323439|164326486|+|3047"   
[934] "_R_N6713|sar_2|238198592|238201641|+|3049" 
[935] "_R_N6713|bic_9|216708880|216711928|+|3048" 
[936] "_R_N6713|bic_9|216995115|216998171|+|3056" 
[937] "_R_N6713|bic_12|29558867|29561918|+|3051"  
[938] "N6713|bic_6|116063998|116067048|+|3050"    
[939] "N6713|bic_8|50830140|50833217|+|3077"      
[940] "_R_N6713|bic_9|30592838|30595894|+|3056"   
[941] "_R_N6713|sar_10|2890028|2893082|+|3054"    
[942] "_R_N6713|bic_X1|38892121|38895182|+|3061"  
[943] "_R_N6713|bic_2|204415700|204418746|+|3046" 
[944] "N6713|bic_X1|83419686|83422742|+|3056"     
[945] "N6713|bic_6|74576932|74580003|+|3071"      
[946] "_R_N6713|bic_10|160076822|160079883|+|3061"
[947] "_R_N6713|bic_13|2440155|2443206|+|3051"    
[948] "_R_N6713|bic_5|77839464|77842516|+|3052"   
[949] "_R_N6713|bic_5|117729769|117732812|+|3043" 
[950] "_R_N6713|sar_10|96549970|96553029|+|3059"  
[951] "_R_N6713|sar_X2|40755017|40758081|+|3064"  
[952] "_R_N6713|bic_8|143666817|143669752|+|2935" 
[953] "N6713|bic_10|91493593|91496070|+|2477"     
[954] "_R_N6713|bic_7|73662759|73665688|+|2929"   
[955] "_R_N6713|bic_X1|123590560|123593631|+|3071"
[956] "N6713|bic_X1|190911384|190914212|+|2828"   
[957] "N6713|sar_X1|196164272|196167307|+|3035"   
[958] "N6713|bic_7|89655774|89658811|+|3037"      
[959] "_R_N6713|bic_3|46799500|46802541|+|3041"   
[960] "_R_N6713|sar_2|230860450|230863459|+|3009" 
[961] "_R_N6713|sar_1|45135492|45138525|+|3033"   
[962] "N6713|bic_3|144150054|144152746|+|2692"    
[963] "N6713|bic_7|53528277|53531307|+|3030"      
[964] "_R_N6713|bic_X2|89198989|89202033|+|3044"  
[965] "_R_N6713|sar_6|26167675|26170715|+|3040"   
[966] "N6713|bic_13|127526437|127529494|+|3057"   
[967] "_R_N6713|sar_2|136751867|136754914|+|3047" 
[968] "N6713|bic_13|81343176|81346238|+|3062"     
[969] "N6713|sar_2|193856973|193860017|+|3044"    
[970] "N6713|bic_8|60527688|60530736|+|3048"      
[971] "_R_N6713|sar_9|176094781|176097820|+|3039" 
[972] "_R_N6713|sar_7|104827894|104830923|+|3029" 
[973] "_R_N6713|bic_3|58966797|58969813|+|3016"   
[974] "_R_N6713|bic_X1|113547275|113550308|+|3033"
[975] "_R_N6713|bic_6|86837307|86840348|+|3041"   
[976] "_R_N6713|bic_9|166248537|166251593|+|3056" 
[977] "_R_N6713|bic_9|136869342|136872399|+|3057" 
[978] "_R_N6713|bic_7|79409779|79412836|+|3057"   
[979] "_R_N6713|bic_4|14639180|14642227|+|3047"   
[980] "N6713|bic_3|150090070|150093117|+|3047"    
[981] "N6713|bic_12|135896211|135899287|+|3076"   
[982] "N6713|bic_11|110539376|110542426|+|3050"   
[983] "N6713|sar_10|131687554|131690594|+|3040"   
[984] "N6713|bic_3|67991239|67994279|+|3040"      
[985] "N6713|bic_10|73243655|73246712|+|3057"     
[986] "_R_N6713|sar_10|130854428|130857475|+|3047"
[987] "N6713|bic_5|123600521|123603550|+|3029"    
[988] "N6713|bic_1|19197052|19200093|+|3041"      
