jobinfo 30048559
getting scaled timeline
 [1] "_R_N1101|dum_7|150933113|150941390|+|8277" 
 [2] "N1101|dum_9|123591709|123599898|+|8189"    
 [3] "_R_N1101|dum_2|89550057|89556951|+|6894"   
 [4] "_R_N1101|dum_2|89702228|89709122|+|6894"   
 [5] "_R_N1101|ten_2|94439573|94446460|+|6887"   
 [6] "_R_N1101|ten_10|147495597|147503756|+|8159"
 [7] "_R_N1101|dum_7|112629270|112637442|+|8172" 
 [8] "_R_N1101|dum_7|113567388|113575671|+|8283" 
 [9] "_R_N1101|dum_8|78947164|78955406|+|8242"   
[10] "_R_N1101|dum_X2|180820043|180828312|+|8269"
[11] "N1101|dum_8|151548407|151555650|+|7243"    
[12] "N1101|dum_8|10027346|10035569|+|8223"      
[13] "N1101|dum_3|248465019|248473279|+|8260"    
[14] "N1101|dum_5|181405812|181414092|+|8280"    
[15] "N1101|dum_2|124629406|124637677|+|8271"    
[16] "N1101|dum_1|243913474|243921742|+|8268"    
[17] "_R_N1101|dum_1|172892347|172900615|+|8268" 
[18] "_R_N1101|dum_9|149591543|149599814|+|8271" 
[19] "N1101|dum_3|60643090|60651355|+|8265"      
[20] "N1101|dum_1|125368168|125376427|+|8259"    
