jobinfo 30048659
getting scaled timeline
 [1] "_R_N2683|dum_12|39479050|39485724|+|6674"
 [2] "_R_N2683|dum_12|39530839|39537488|+|6649"
 [3] "_R_N2683|dum_12|39655704|39662354|+|6650"
 [4] "_R_N2683|dum_12|39951186|39957856|+|6670"
 [5] "_R_N2683|dum_12|40057626|40064298|+|6672"
 [6] "_R_N2683|dum_12|39782862|39789533|+|6671"
 [7] "N2683|dum_12|97201059|97207707|+|6648"   
 [8] "N2683|dum_12|96979966|96986633|+|6667"   
 [9] "N2683|ten_12|43693544|43700197|+|6653"   
[10] "_R_N2683|ten_12|42905854|42912524|+|6670"
[11] "_R_N2683|dum_12|39373482|39380112|+|6630"
[12] "_R_N2683|dum_12|39894944|39901090|+|6146"
[13] "N2683|dum_12|96724440|96730603|+|6163"   
[14] "N2683|dum_12|97032089|97038247|+|6158"   
[15] "_R_N2683|dum_12|32091473|32097347|+|5874"
[16] "N2683|dum_12|96553331|96559458|+|6127"   
[17] "N2683|dum_12|495284|501438|+|6154"       
[18] "N2683|dum_12|439617|446298|+|6681"       
[19] "N2683|dum_12|324435|331109|+|6674"       
[20] "N2683|dum_12|262209|268886|+|6677"       
[21] "N2683|dum_12|29893868|29900546|+|6678"   
[22] "N2683|dum_12|30014052|30020736|+|6684"   
[23] "N2683|dum_12|142146|148826|+|6680"       
[24] "N2683|dum_12|15449|22132|+|6683"         
