jobinfo 30048964
getting scaled timeline
  [1] "_R_N7683|dum_6|143750973|143752044|+|1071" 
  [2] "N7683|dum_10|47145506|47146558|+|1052"     
  [3] "_R_N7683|dum_2|232954810|232955862|+|1052" 
  [4] "N7683|dum_1|112986115|112987190|+|1075"    
  [5] "_R_N7683|dum_11|132169806|132170877|+|1071"
  [6] "_R_N7683|dum_9|133990672|133991737|+|1065" 
  [7] "_R_N7683|ten_3|217197185|217198256|+|1071" 
  [8] "_R_N7683|ten_X2|168436294|168437365|+|1071"
  [9] "_R_N7683|dum_X2|45640468|45641539|+|1071"  
 [10] "N7683|ten_11|113166341|113167413|+|1072"   
 [11] "N7683|ten_X2|175266062|175267133|+|1071"   
 [12] "_R_N7683|ten_6|193932474|193933545|+|1071" 
 [13] "_R_N7683|ten_3|34861924|34862992|+|1068"   
 [14] "N7683|dum_2|67769611|67770682|+|1071"      
 [15] "_R_N7683|dum_X2|52077602|52078673|+|1071"  
 [16] "_R_N7683|ten_2|165025370|165026440|+|1070" 
 [17] "N7683|dum_3|204091796|204092866|+|1070"    
 [18] "_R_N7683|ten_3|159003233|159004311|+|1078" 
 [19] "N7683|ten_4|93456674|93457744|+|1070"      
 [20] "N7683|ten_1|119817368|119818379|+|1011"    
 [21] "_R_N7683|ten_1|190463171|190464240|+|1069" 
 [22] "N7683|ten_4|114566846|114567916|+|1070"    
 [23] "N7683|ten_4|207522883|207523953|+|1070"    
 [24] "_R_N7683|ten_1|172790853|172791925|+|1072" 
 [25] "N7683|ten_12|78640560|78641631|+|1071"     
 [26] "N7683|ten_3|93661285|93662356|+|1071"      
 [27] "N7683|ten_10|101177208|101178279|+|1071"   
 [28] "_R_N7683|ten_10|130041302|130042372|+|1070"
 [29] "N7683|ten_1|161661219|161662290|+|1071"    
 [30] "N7683|ten_1|104983924|104984995|+|1071"    
 [31] "N7683|dum_2|132567172|132568258|+|1086"    
 [32] "_R_N7683|ten_1|20876856|20877926|+|1070"   
 [33] "_R_N7683|ten_2|198374820|198375887|+|1067" 
 [34] "_R_N7683|dum_8|18829913|18830984|+|1071"   
 [35] "_R_N7683|ten_11|108289433|108290503|+|1070"
 [36] "N7683|ten_X1|62001616|62002670|+|1054"     
 [37] "N7683|ten_X1|84087270|84088295|+|1025"     
 [38] "N7683|dum_3|217873942|217875013|+|1071"    
 [39] "N7683|dum_8|33730718|33731788|+|1070"      
 [40] "_R_N7683|ten_4|210358565|210359636|+|1071" 
 [41] "N7683|ten_8|116286860|116287930|+|1070"    
 [42] "N7683|dum_11|45621361|45622428|+|1067"     
 [43] "N7683|ten_4|125498061|125499132|+|1071"    
 [44] "N7683|ten_5|13329208|13330277|+|1069"      
 [45] "N7683|dum_1|215375616|215376686|+|1070"    
 [46] "N7683|dum_1|215412433|215413503|+|1070"    
 [47] "N7683|dum_1|215373865|215374935|+|1070"    
 [48] "N7683|dum_1|215426441|215427511|+|1070"    
 [49] "N7683|dum_1|215428192|215429262|+|1070"    
 [50] "N7683|dum_1|215396649|215397719|+|1070"    
 [51] "N7683|dum_1|215408931|215410001|+|1070"    
 [52] "N7683|dum_1|215429943|215431013|+|1070"    
 [53] "N7683|dum_1|215433445|215434515|+|1070"    
 [54] "N7683|dum_1|215442200|215443270|+|1070"    
 [55] "N7683|dum_1|215436947|215438017|+|1070"    
 [56] "N7683|dum_1|215377367|215378437|+|1070"    
 [57] "N7683|dum_1|215379118|215380188|+|1070"    
 [58] "N7683|dum_1|215419437|215420507|+|1070"    
 [59] "N7683|dum_1|215414184|215415254|+|1070"    
 [60] "N7683|dum_1|215440449|215441519|+|1070"    
 [61] "N7683|dum_1|215424690|215425760|+|1070"    
 [62] "N7683|dum_1|215380869|215381939|+|1070"    
 [63] "N7683|dum_1|215443951|215445021|+|1070"    
 [64] "N7683|dum_1|215445702|215446772|+|1070"    
 [65] "N7683|dum_1|215415935|215417005|+|1070"    
 [66] "N7683|dum_1|215431694|215432764|+|1070"    
 [67] "N7683|dum_1|215391371|215392441|+|1070"    
 [68] "N7683|dum_1|215400151|215401221|+|1070"    
 [69] "N7683|dum_1|215401902|215402972|+|1070"    
 [70] "N7683|dum_1|215384367|215385437|+|1070"    
 [71] "N7683|dum_1|215387869|215388939|+|1070"    
 [72] "N7683|dum_1|215403653|215404723|+|1070"    
 [73] "N7683|dum_1|215389620|215390690|+|1070"    
 [74] "N7683|dum_1|215386118|215387188|+|1070"    
 [75] "N7683|dum_1|215398400|215399470|+|1070"    
 [76] "N7683|dum_1|215393122|215394192|+|1070"    
 [77] "N7683|dum_1|215405404|215406474|+|1070"    
 [78] "N7683|dum_1|215382620|215383690|+|1070"    
 [79] "N7683|dum_1|215496456|215497526|+|1070"    
 [80] "N7683|dum_1|215489457|215490527|+|1070"    
 [81] "N7683|dum_1|215394898|215395968|+|1070"    
 [82] "N7683|dum_1|215417686|215418756|+|1070"    
 [83] "N7683|dum_1|215407180|215408250|+|1070"    
 [84] "N7683|dum_1|215422939|215424009|+|1070"    
 [85] "N7683|dum_1|215492956|215494026|+|1070"    
 [86] "N7683|dum_1|215494706|215495776|+|1070"    
 [87] "N7683|dum_1|215498206|215499276|+|1070"    
 [88] "N7683|dum_1|215499956|215501026|+|1070"    
 [89] "N7683|dum_1|215482460|215483530|+|1070"    
 [90] "N7683|dum_1|215421188|215422258|+|1070"    
 [91] "N7683|dum_1|215478961|215480031|+|1070"    
 [92] "N7683|dum_1|215485961|215487029|+|1068"    
 [93] "N7683|dum_1|215457955|215459024|+|1069"    
 [94] "N7683|dum_1|215459705|215460774|+|1069"    
 [95] "N7683|dum_1|215463206|215464276|+|1070"    
 [96] "N7683|dum_1|215468459|215469529|+|1070"    
 [97] "N7683|dum_1|215461455|215462525|+|1070"    
 [98] "N7683|dum_1|215456204|215457274|+|1070"    
 [99] "N7683|dum_1|215410682|215411752|+|1070"    
[100] "N7683|dum_1|215435196|215436266|+|1070"    
[101] "N7683|dum_1|215438698|215439768|+|1070"    
[102] "N7683|dum_1|215470210|215471280|+|1070"    
[103] "N7683|dum_1|215449204|215450274|+|1070"    
[104] "N7683|dum_1|215503460|215504532|+|1072"    
[105] "N7683|dum_1|215505213|215506285|+|1072"    
[106] "N7683|dum_1|215501707|215502779|+|1072"    
[107] "N7683|dum_1|215512219|215513289|+|1070"    
[108] "N7683|dum_1|215452706|215453776|+|1070"    
[109] "N7683|dum_1|215464957|215466027|+|1070"    
[110] "N7683|dum_1|215454453|215455523|+|1070"    
[111] "N7683|dum_1|215466708|215467778|+|1070"    
[112] "N7683|dum_1|215473711|215474781|+|1070"    
[113] "N7683|dum_1|215471961|215473030|+|1069"    
[114] "N7683|dum_1|215475461|215476530|+|1069"    
[115] "N7683|dum_1|215484210|215485279|+|1069"    
[116] "N7683|dum_1|215487708|215488777|+|1069"    
[117] "N7683|dum_1|215491207|215492276|+|1069"    
[118] "N7683|dum_1|215480711|215481780|+|1069"    
[119] "N7683|dum_1|215517471|215518540|+|1069"    
[120] "N7683|dum_1|215515721|215516790|+|1069"    
[121] "N7683|dum_1|215477213|215478281|+|1068"    
[122] "N7683|dum_1|215510468|215511538|+|1070"    
[123] "N7683|dum_1|215506966|215508036|+|1070"    
[124] "N7683|dum_1|215508717|215509787|+|1070"    
[125] "N7683|dum_1|215447453|215448523|+|1070"    
[126] "N7683|dum_1|215513970|215515040|+|1070"    
[127] "N7683|dum_1|215450955|215452025|+|1070"    
[128] "N7683|ten_6|237918467|237919454|+|987"     
[129] "_R_N7683|ten_7|64286481|64287551|+|1070"   
[130] "N7683|dum_9|43571661|43572734|+|1073"      
[131] "N7683|dum_5|19228124|19229195|+|1071"      
[132] "N7683|ten_6|34177202|34178274|+|1072"      
[133] "N7683|ten_5|73651582|73652653|+|1071"      
[134] "N7683|dum_1|275486333|275487404|+|1071"    
[135] "N7683|dum_3|223186047|223187118|+|1071"    
[136] "N7683|ten_3|247597968|247599039|+|1071"    
[137] "N7683|dum_X2|21317998|21319069|+|1071"     
[138] "N7683|dum_2|153075545|153076616|+|1071"    
[139] "N7683|dum_2|153080313|153081384|+|1071"    
[140] "_R_N7683|ten_10|140193440|140194511|+|1071"
[141] "N7683|dum_10|89282861|89283932|+|1071"     
[142] "N7683|dum_2|43023863|43024934|+|1071"      
[143] "N7683|ten_X2|93196757|93197827|+|1070"     
[144] "N7683|ten_9|64859881|64860952|+|1071"      
[145] "_R_N7683|dum_9|124277629|124278700|+|1071" 
[146] "N7683|ten_8|137520050|137521121|+|1071"    
[147] "_R_N7683|ten_X1|10921671|10922742|+|1071"  
[148] "N7683|dum_10|184044603|184045674|+|1071"   
[149] "_R_N7683|dum_11|109145421|109146492|+|1071"
[150] "_R_N7683|ten_11|59620923|59621994|+|1071"  
[151] "_R_N7683|ten_9|70234805|70235876|+|1071"   
[152] "N7683|ten_4|116256613|116257684|+|1071"    
[153] "N7683|ten_1|282862507|282863578|+|1071"    
[154] "_R_N7683|ten_1|226744149|226745220|+|1071" 
[155] "N7683|ten_8|82438542|82439613|+|1071"      
[156] "_R_N7683|ten_9|131315731|131316802|+|1071" 
[157] "N7683|ten_X1|85836065|85837136|+|1071"     
[158] "_R_N7683|ten_8|46808024|46809095|+|1071"   
[159] "_R_N7683|ten_1|192516339|192517410|+|1071" 
[160] "_R_N7683|ten_3|113923457|113924528|+|1071" 
[161] "_R_N7683|ten_3|113928214|113929285|+|1071" 
[162] "_R_N7683|ten_3|113932971|113934042|+|1071" 
[163] "_R_N7683|ten_3|113937728|113938799|+|1071" 
[164] "N7683|ten_2|74777476|74778547|+|1071"      
[165] "_R_N7683|dum_8|137367791|137368862|+|1071" 
[166] "_R_N7683|dum_3|137055977|137057048|+|1071" 
[167] "_R_N7683|ten_10|58685705|58686776|+|1071"  
[168] "_R_N7683|ten_4|201021536|201022607|+|1071" 
[169] "_R_N7683|ten_6|93246364|93247435|+|1071"   
[170] "_R_N7683|ten_5|40109761|40110832|+|1071"   
[171] "_R_N7683|ten_10|176658221|176659292|+|1071"
[172] "_R_N7683|ten_5|49135596|49136667|+|1071"   
[173] "_R_N7683|ten_6|84142646|84143717|+|1071"   
[174] "_R_N7683|dum_4|4773493|4774564|+|1071"     
[175] "_R_N7683|ten_X2|114704727|114705797|+|1070"
[176] "_R_N7683|ten_7|10802590|10803636|+|1046"   
[177] "_R_N7683|ten_8|95074849|95075920|+|1071"   
[178] "N7683|ten_X2|124409803|124410874|+|1071"   
[179] "_R_N7683|ten_9|93458747|93459818|+|1071"   
[180] "_R_N7683|ten_4|146306024|146307081|+|1057" 
[181] "_R_N7683|ten_1|107001927|107002986|+|1059" 
[182] "_R_N7683|ten_3|239636861|239637917|+|1056" 
[183] "_R_N7683|dum_1|3480592|3481662|+|1070"     
[184] "N7683|dum_6|116026818|116027888|+|1070"    
[185] "_R_N7683|dum_2|1425831|1426902|+|1071"     
[186] "_R_N7683|dum_10|90828694|90829764|+|1070"  
[187] "N7683|dum_X2|27476108|27477178|+|1070"     
[188] "N7683|dum_1|31256313|31257383|+|1070"      
[189] "_R_N7683|ten_5|166989771|166990851|+|1080" 
[190] "_R_N7683|ten_5|167218997|167220077|+|1080" 
[191] "N7683|dum_3|184290816|184291886|+|1070"    
[192] "_R_N7683|ten_9|107903915|107904986|+|1071" 
[193] "N7683|ten_1|191038478|191039548|+|1070"    
[194] "_R_N7683|ten_X1|204029430|204030499|+|1069"
[195] "N7683|ten_1|159385628|159386698|+|1070"    
[196] "N7683|ten_X1|143526959|143528029|+|1070"   
[197] "_R_N7683|dum_5|200589847|200590914|+|1067" 
[198] "_R_N7683|ten_X2|25980479|25981537|+|1058"  
[199] "_R_N7683|ten_X2|25985218|25986276|+|1058"  
[200] "_R_N7683|ten_X2|25989958|25991028|+|1070"  
[201] "_R_N7683|dum_5|56735461|56736529|+|1068"   
[202] "N7683|ten_X2|33958907|33959972|+|1065"     
[203] "N7683|ten_12|76663421|76664485|+|1064"     
[204] "N7683|ten_2|16639819|16640890|+|1071"      
[205] "N7683|ten_2|16619397|16620468|+|1071"      
[206] "N7683|ten_2|16667618|16668689|+|1071"      
[207] "N7683|ten_2|16532529|16533600|+|1071"      
[208] "N7683|ten_2|16568052|16569123|+|1071"      
[209] "N7683|ten_2|16648595|16649666|+|1071"      
[210] "N7683|ten_2|16550034|16551105|+|1071"      
[211] "N7683|ten_2|16676404|16677475|+|1071"      
[212] "N7683|ten_2|16685187|16686258|+|1071"      
[213] "N7683|ten_2|16499000|16500071|+|1071"      
[214] "N7683|ten_2|16600062|16601133|+|1071"      
[215] "N7683|ten_2|16558790|16559861|+|1071"      
[216] "N7683|ten_2|16541284|16542355|+|1071"      
[217] "N7683|ten_2|16696946|16698017|+|1071"      
[218] "N7683|ten_2|16715387|16716458|+|1071"      
[219] "N7683|ten_2|17167335|17168403|+|1068"      
[220] "_R_N7683|ten_5|103464630|103465701|+|1071" 
[221] "_R_N7683|ten_5|103469454|103470525|+|1071" 
[222] "_R_N7683|ten_5|103474278|103475349|+|1071" 
[223] "_R_N7683|ten_5|103452644|103453715|+|1071" 
[224] "_R_N7683|ten_5|103457483|103458554|+|1071" 
[225] "N7683|ten_2|17145752|17146823|+|1071"      
[226] "N7683|ten_2|17150593|17151664|+|1071"      
[227] "N7683|ten_2|16741271|16742342|+|1071"      
[228] "N7683|ten_2|17140912|17141983|+|1071"      
[229] "N7683|ten_2|16731623|16732694|+|1071"      
[230] "N7683|ten_2|16736447|16737518|+|1071"      
[231] "N7683|ten_2|16708356|16709427|+|1071"      
[232] "N7683|ten_2|16726804|16727875|+|1071"      
[233] "_R_N7683|ten_5|103430973|103432044|+|1071" 
[234] "_R_N7683|ten_5|103440658|103441729|+|1071" 
[235] "_R_N7683|ten_5|103445497|103446568|+|1071" 
[236] "_R_N7683|ten_5|103416447|103417518|+|1071" 
[237] "_R_N7683|ten_5|103426129|103427200|+|1071" 
[238] "_R_N7683|ten_5|103435813|103436884|+|1071" 
[239] "_R_N7683|ten_5|103421285|103422356|+|1071" 
[240] "N7683|ten_2|17155435|17156506|+|1071"      
[241] "N7683|ten_2|17160276|17161347|+|1071"      
[242] "N7683|ten_2|16703515|16704586|+|1071"      
[243] "N7683|ten_2|16721964|16723035|+|1071"      
[244] "N7683|ten_2|16520410|16521482|+|1072"      
[245] "N7683|ten_2|16746095|16747165|+|1070"      
[246] "_R_N7683|ten_5|103479101|103480172|+|1071" 
[247] "N7683|ten_2|16488983|16490054|+|1071"      
[248] "N7683|ten_2|16582490|16583567|+|1077"      
[249] "_R_N7683|ten_2|105713912|105714981|+|1069" 
[250] "_R_N7683|ten_3|85418678|85419749|+|1071"   
[251] "N7683|dum_9|181829106|181830176|+|1070"    
[252] "_R_N7683|ten_1|266894870|266895940|+|1070" 
[253] "N7683|ten_2|76617528|76618598|+|1070"      
[254] "N7683|ten_8|87310269|87311339|+|1070"      
[255] "_R_N7683|dum_10|57946143|57947224|+|1081"  
[256] "_R_N7683|ten_11|35057066|35058136|+|1070"  
[257] "_R_N7683|ten_X2|115560793|115561860|+|1067"
[258] "N7683|ten_4|194202817|194203887|+|1070"    
[259] "N7683|ten_5|116962422|116963492|+|1070"    
[260] "_R_N7683|ten_7|120727812|120728895|+|1083" 
[261] "N7683|ten_6|216992171|216993241|+|1070"    
[262] "N7683|ten_X1|1404102|1405172|+|1070"       
[263] "N7683|ten_8|35747104|35748174|+|1070"      
[264] "_R_N7683|dum_X2|52013186|52014137|+|951"   
[265] "_R_N7683|ten_5|23809463|23810531|+|1068"   
[266] "_R_N7683|dum_1|135552618|135553672|+|1054" 
[267] "N7683|ten_2|33653052|33654088|+|1036"      
[268] "N7683|ten_2|162551056|162552126|+|1070"    
[269] "_R_N7683|dum_1|91062574|91063644|+|1070"   
[270] "_R_N7683|ten_11|74581824|74582894|+|1070"  
[271] "_R_N7683|ten_11|74634245|74635315|+|1070"  
[272] "N7683|dum_9|103015377|103016452|+|1075"    
[273] "N7683|dum_9|103020089|103021164|+|1075"    
[274] "N7683|dum_9|103034223|103035298|+|1075"    
[275] "N7683|dum_9|103038935|103040010|+|1075"    
[276] "N7683|dum_9|103048357|103049432|+|1075"    
[277] "N7683|dum_9|103029511|103030586|+|1075"    
[278] "N7683|dum_9|103024799|103025874|+|1075"    
[279] "N7683|dum_9|103043645|103044720|+|1075"    
[280] "_R_N7683|dum_4|213144890|213145961|+|1071" 
[281] "_R_N7683|dum_X1|26580458|26581525|+|1067"  
[282] "N7683|dum_6|34887927|34888996|+|1069"      
[283] "N7683|ten_3|191038757|191039827|+|1070"    
[284] "_R_N7683|dum_7|109371746|109372814|+|1068" 
[285] "_R_N7683|ten_5|102963521|102964522|+|1001" 
[286] "_R_N7683|ten_7|109147470|109148542|+|1072" 
[287] "N7683|dum_X1|173095340|173096414|+|1074"   
[288] "N7683|dum_11|151364777|151365849|+|1072"   
[289] "N7683|dum_3|173801277|173802341|+|1064"    
[290] "_R_N7683|ten_12|53586575|53587671|+|1096"  
[291] "N7683|ten_7|98734966|98736038|+|1072"      
[292] "N7683|dum_10|61059936|61060989|+|1053"     
[293] "_R_N7683|dum_2|218553683|218554754|+|1071" 
[294] "_R_N7683|ten_4|96753625|96754697|+|1072"   
[295] "N7683|dum_4|137287874|137288946|+|1072"    
[296] "N7683|dum_7|66640371|66641445|+|1074"      
[297] "N7683|ten_9|117153789|117154861|+|1072"    
[298] "_R_N7683|ten_8|81068894|81069966|+|1072"   
[299] "N7683|ten_2|132660756|132661826|+|1070"    
[300] "N7683|dum_X1|91948032|91948928|+|896"      
[301] "N7683|dum_X2|86507952|86509024|+|1072"     
[302] "N7683|ten_3|31717925|31718997|+|1072"      
[303] "N7683|dum_10|100148662|100149733|+|1071"   
[304] "N7683|dum_1|294314915|294315987|+|1072"    
[305] "N7683|dum_1|294568346|294569418|+|1072"    
[306] "_R_N7683|dum_9|84905999|84907071|+|1072"   
[307] "N7683|dum_4|189422248|189423320|+|1072"    
[308] "_R_N7683|dum_11|154767484|154768555|+|1071"
[309] "N7683|dum_4|61017377|61018452|+|1075"      
[310] "N7683|dum_X2|19173988|19175060|+|1072"     
[311] "N7683|ten_4|193312344|193313416|+|1072"    
[312] "N7683|ten_4|193518243|193519315|+|1072"    
[313] "N7683|ten_12|21784643|21785715|+|1072"     
[314] "_R_N7683|ten_10|37995037|37996108|+|1071"  
[315] "N7683|ten_5|91911791|91912877|+|1086"      
[316] "_R_N7683|ten_3|159266417|159267489|+|1072" 
[317] "N7683|ten_X2|132187600|132188672|+|1072"   
[318] "_R_N7683|ten_6|36540697|36541769|+|1072"   
[319] "_R_N7683|ten_6|55170575|55171646|+|1071"   
[320] "N7683|ten_12|69400656|69401723|+|1067"     
[321] "_R_N7683|ten_3|132789619|132790691|+|1072" 
[322] "N7683|ten_10|85649137|85650208|+|1071"     
[323] "_R_N7683|ten_5|12531237|12532309|+|1072"   
[324] "_R_N7683|ten_9|71872064|71873134|+|1070"   
[325] "_R_N7683|ten_X1|25957933|25959004|+|1071"  
[326] "N7683|ten_2|91786171|91787259|+|1088"      
[327] "_R_N7683|ten_8|95410816|95411888|+|1072"   
[328] "_R_N7683|ten_6|98277864|98278936|+|1072"   
[329] "_R_N7683|ten_3|113918700|113919772|+|1072" 
[330] "N7683|ten_1|177534541|177535613|+|1072"    
[331] "_R_N7683|dum_1|112643641|112644716|+|1075" 
[332] "_R_N7683|ten_1|123057432|123058504|+|1072" 
[333] "_R_N7683|dum_6|229890935|229891987|+|1052" 
[334] "N7683|dum_1|218256908|218257979|+|1071"    
[335] "N7683|ten_5|82963145|82964215|+|1070"      
[336] "N7683|ten_X2|108112295|108113367|+|1072"   
[337] "N7683|ten_X1|205253020|205254091|+|1071"   
[338] "N7683|dum_1|257384305|257385376|+|1071"    
[339] "_R_N7683|ten_2|77943456|77944528|+|1072"   
[340] "_R_N7683|ten_2|77948218|77949289|+|1071"   
[341] "_R_N7683|ten_6|163144386|163145457|+|1071" 
[342] "_R_N7683|dum_5|207711469|207712538|+|1069" 
[343] "N7683|ten_5|86980022|86981092|+|1070"      
[344] "_R_N7683|ten_3|158287062|158288132|+|1070" 
[345] "_R_N7683|ten_4|145821638|145822708|+|1070" 
[346] "_R_N7683|ten_11|84031028|84032098|+|1070"  
[347] "_R_N7683|ten_8|118922734|118923805|+|1071" 
[348] "N7683|ten_8|119432006|119433077|+|1071"    
[349] "N7683|dum_4|106183845|106184916|+|1071"    
[350] "N7683|dum_5|176505950|176507022|+|1072"    
[351] "_R_N7683|ten_2|192838963|192840034|+|1071" 
[352] "_R_N7683|ten_3|252946073|252947123|+|1050" 
[353] "_R_N7683|dum_10|95907446|95908518|+|1072"  
[354] "N7683|dum_6|184049280|184050346|+|1066"    
[355] "_R_N7683|ten_X2|27649062|27650134|+|1072"  
[356] "N7683|dum_6|2206837|2207904|+|1067"        
[357] "N7683|dum_5|11302609|11303680|+|1071"      
[358] "_R_N7683|ten_6|156085029|156086096|+|1067" 
[359] "N7683|ten_5|115380323|115381388|+|1065"    
[360] "_R_N7683|ten_2|121302963|121304034|+|1071" 
[361] "_R_N7683|ten_1|266259738|266260809|+|1071" 
[362] "_R_N7683|ten_9|46042158|46043230|+|1072"   
[363] "N7683|dum_3|254257510|254258582|+|1072"    
[364] "N7683|dum_8|40000204|40001276|+|1072"      
[365] "N7683|dum_7|113411810|113412893|+|1083"    
[366] "_R_N7683|dum_3|43730071|43731143|+|1072"   
[367] "_R_N7683|dum_8|75033460|75034532|+|1072"   
[368] "_R_N7683|dum_2|79154354|79155442|+|1088"   
[369] "_R_N7683|dum_3|93495006|93496077|+|1071"   
[370] "N7683|dum_6|149380033|149381103|+|1070"    
[371] "N7683|dum_1|188706213|188707285|+|1072"    
[372] "N7683|ten_11|24604219|24605292|+|1073"     
[373] "N7683|dum_2|163451468|163452540|+|1072"    
[374] "N7683|dum_4|215753439|215754511|+|1072"    
[375] "N7683|dum_1|205283130|205284202|+|1072"    
[376] "_R_N7683|dum_11|165901624|165902696|+|1072"
[377] "N7683|dum_9|130590842|130591914|+|1072"    
[378] "_R_N7683|dum_11|144078746|144079819|+|1073"
[379] "N7683|dum_10|96798705|96799778|+|1073"     
[380] "N7683|ten_X2|133626845|133627917|+|1072"   
[381] "_R_N7683|ten_4|132863151|132864223|+|1072" 
[382] "_R_N7683|ten_1|50257754|50258827|+|1073"   
[383] "_R_N7683|dum_10|118066177|118067248|+|1071"
[384] "_R_N7683|ten_3|224298697|224299769|+|1072" 
[385] "N7683|ten_2|97864136|97865208|+|1072"      
[386] "N7683|ten_3|190679448|190680546|+|1098"    
[387] "_R_N7683|ten_X1|146856233|146857305|+|1072"
[388] "_R_N7683|ten_4|26079004|26080076|+|1072"   
[389] "N7683|ten_5|126356340|126357412|+|1072"    
[390] "_R_N7683|ten_1|202982588|202983660|+|1072" 
[391] "_R_N7683|dum_2|20227581|20228653|+|1072"   
[392] "N7683|ten_8|48415517|48416589|+|1072"      
[393] "_R_N7683|ten_2|141811404|141812476|+|1072" 
[394] "_R_N7683|ten_10|136512249|136513322|+|1073"
[395] "N7683|ten_X1|137386937|137387954|+|1017"   
[396] "N7683|ten_6|181525683|181526729|+|1046"    
[397] "_R_N7683|ten_3|998869|999941|+|1072"       
[398] "N7683|dum_4|242201782|242202698|+|916"     
[399] "N7683|ten_9|157390531|157391602|+|1071"    
[400] "N7683|dum_7|203536300|203537372|+|1072"    
[401] "_R_N7683|ten_6|155563219|155564291|+|1072" 
[402] "_R_N7683|ten_1|117194854|117195926|+|1072" 
[403] "_R_N7683|dum_9|52665713|52666785|+|1072"   
[404] "N7683|dum_4|16836198|16837270|+|1072"      
[405] "_R_N7683|dum_X1|49225974|49227034|+|1060"  
[406] "N7683|dum_X2|126859727|126860799|+|1072"   
[407] "_R_N7683|ten_9|112698317|112699387|+|1070" 
[408] "_R_N7683|dum_8|110966357|110967429|+|1072" 
[409] "_R_N7683|ten_7|174402909|174403981|+|1072" 
[410] "_R_N7683|dum_6|28045134|28046198|+|1064"   
[411] "_R_N7683|ten_6|27210153|27211222|+|1069"   
[412] "_R_N7683|dum_5|42480473|42481537|+|1064"   
[413] "N7683|dum_5|94254615|94255660|+|1045"      
[414] "N7683|ten_1|147928167|147929239|+|1072"    
[415] "N7683|ten_1|148570632|148571704|+|1072"    
[416] "N7683|ten_8|122489460|122490526|+|1066"    
[417] "_R_N7683|ten_9|108956618|108957690|+|1072" 
[418] "_R_N7683|ten_3|103365017|103366089|+|1072" 
[419] "N7683|dum_3|267778499|267779571|+|1072"    
[420] "N7683|dum_9|130496863|130497924|+|1061"    
[421] "_R_N7683|ten_1|132687087|132688159|+|1072" 
[422] "_R_N7683|dum_1|252708135|252709207|+|1072" 
[423] "_R_N7683|dum_6|37503886|37504958|+|1072"   
[424] "_R_N7683|dum_10|4193234|4194309|+|1075"    
[425] "N7683|dum_7|209433231|209434304|+|1073"    
[426] "N7683|dum_1|290650742|290651813|+|1071"    
[427] "_R_N7683|dum_6|72918767|72919811|+|1044"   
[428] "_R_N7683|dum_5|212207915|212208986|+|1071" 
[429] "_R_N7683|dum_1|264038451|264039519|+|1068" 
[430] "_R_N7683|dum_1|109713902|109714952|+|1050" 
[431] "_R_N7683|ten_2|102222265|102223334|+|1069" 
[432] "_R_N7683|ten_X1|176762330|176763401|+|1071"
[433] "_R_N7683|ten_1|116300444|116301517|+|1073" 
[434] "N7683|dum_2|91111680|91112752|+|1072"      
[435] "_R_N7683|dum_3|144455250|144456321|+|1071" 
[436] "_R_N7683|ten_9|98300184|98301255|+|1071"   
[437] "_R_N7683|ten_2|106343509|106344571|+|1062" 
[438] "N7683|ten_2|73347114|73348185|+|1071"      
[439] "N7683|dum_4|251114420|251115485|+|1065"    
[440] "_R_N7683|ten_6|135632261|135633331|+|1070" 
[441] "_R_N7683|dum_X1|102735084|102736154|+|1070"
[442] "N7683|ten_8|100579730|100580800|+|1070"    
[443] "_R_N7683|ten_X1|216895872|216896943|+|1071"
[444] "N7683|ten_1|234860121|234861188|+|1067"    
[445] "N7683|ten_X1|10241024|10242092|+|1068"     
[446] "N7683|ten_1|158298527|158299598|+|1071"    
[447] "N7683|dum_3|206668446|206669517|+|1071"    
[448] "N7683|dum_3|127834940|127836012|+|1072"    
[449] "N7683|dum_9|105988705|105989775|+|1070"    
[450] "_R_N7683|dum_6|82866826|82867898|+|1072"   
[451] "_R_N7683|ten_9|105932051|105933123|+|1072" 
[452] "_R_N7683|ten_X1|149335437|149336508|+|1071"
[453] "_R_N7683|ten_6|117377692|117378764|+|1072" 
[454] "_R_N7683|ten_2|94615907|94616979|+|1072"   
[455] "N7683|ten_5|92453329|92454401|+|1072"      
[456] "_R_N7683|dum_8|18060377|18061452|+|1075"   
[457] "_R_N7683|ten_11|116712766|116713838|+|1072"
[458] "_R_N7683|ten_7|151803866|151804938|+|1072" 
[459] "_R_N7683|ten_1|94882233|94883305|+|1072"   
[460] "_R_N7683|ten_6|213677199|213678271|+|1072" 
[461] "N7683|ten_X2|76689863|76690935|+|1072"     
[462] "_R_N7683|ten_9|94511805|94512881|+|1076"   
[463] "_R_N7683|ten_1|210673421|210674491|+|1070" 
[464] "_R_N7683|dum_X2|95998842|95999935|+|1093"  
[465] "_R_N7683|ten_1|49547586|49548654|+|1068"   
[466] "_R_N7683|ten_1|98708119|98709190|+|1071"   
[467] "N7683|dum_6|85816410|85817481|+|1071"      
[468] "_R_N7683|dum_3|10003063|10004134|+|1071"   
[469] "N7683|ten_4|144442633|144443704|+|1071"    
[470] "_R_N7683|ten_4|131522311|131523382|+|1071" 
[471] "N7683|ten_3|211268670|211269738|+|1068"    
[472] "N7683|ten_9|72389276|72390344|+|1068"      
[473] "N7683|ten_10|112999376|113000446|+|1070"   
[474] "N7683|ten_10|113002473|113003546|+|1073"   
[475] "_R_N7683|ten_X1|157703203|157704274|+|1071"
[476] "N7683|ten_4|97955923|97956937|+|1014"      
[477] "N7683|ten_4|97958486|97959500|+|1014"      
[478] "N7683|ten_4|97961049|97962063|+|1014"      
[479] "N7683|ten_4|97950797|97951811|+|1014"      
[480] "N7683|ten_4|97953360|97954374|+|1014"      
[481] "N7683|ten_4|97963610|97964682|+|1072"      
[482] "_R_N7683|ten_10|89990274|89991343|+|1069"  
[483] "_R_N7683|dum_3|183219632|183220705|+|1073" 
[484] "_R_N7683|ten_X2|35029292|35030360|+|1068"  
[485] "N7683|dum_3|43844551|43845624|+|1073"      
[486] "_R_N7683|ten_3|43377664|43378737|+|1073"   
[487] "N7683|dum_11|90757179|90758252|+|1073"     
[488] "_R_N7683|dum_1|108775080|108776147|+|1067" 
[489] "N7683|ten_2|193956668|193957741|+|1073"    
[490] "N7683|dum_12|54117694|54118766|+|1072"     
[491] "N7683|dum_5|69228673|69229740|+|1067"      
[492] "N7683|ten_6|102941520|102942584|+|1064"    
[493] "N7683|ten_8|119003820|119004887|+|1067"    
[494] "_R_N7683|ten_8|119355050|119356117|+|1067" 
[495] "_R_N7683|ten_10|37973198|37974271|+|1073"  
[496] "_R_N7683|ten_1|98378861|98379931|+|1070"   
[497] "N7683|ten_X2|155570540|155571613|+|1073"   
[498] "N7683|dum_4|113092488|113093561|+|1073"    
[499] "N7683|dum_10|79606604|79607668|+|1064"     
[500] "_R_N7683|ten_12|21922770|21923843|+|1073"  
[501] "N7683|ten_11|52962|54035|+|1073"           
[502] "N7683|ten_2|273107383|273108456|+|1073"    
[503] "N7683|ten_2|132027828|132028901|+|1073"    
[504] "N7683|ten_1|209865344|209866414|+|1070"    
[505] "N7683|dum_5|191635441|191636486|+|1045"    
[506] "_R_N7683|dum_12|36357068|36358139|+|1071"  
[507] "_R_N7683|ten_12|39637699|39638771|+|1072"  
[508] "_R_N7683|dum_7|51224582|51225653|+|1071"   
[509] "N7683|dum_3|181760981|181762053|+|1072"    
[510] "N7683|dum_3|116624677|116625749|+|1072"    
[511] "N7683|dum_1|277744876|277745930|+|1054"    
[512] "N7683|dum_9|64048972|64050044|+|1072"      
[513] "_R_N7683|dum_4|69787163|69788235|+|1072"   
[514] "_R_N7683|dum_1|180235924|180236996|+|1072" 
[515] "_R_N7683|ten_1|258395327|258396399|+|1072" 
[516] "_R_N7683|dum_9|65373358|65374350|+|992"    
[517] "_R_N7683|dum_9|65380211|65381284|+|1073"   
[518] "_R_N7683|ten_11|41684609|41685673|+|1064"  
[519] "_R_N7683|dum_5|221231899|221232963|+|1064" 
[520] "_R_N7683|dum_4|32632916|32633982|+|1066"   
[521] "_R_N7683|ten_7|98984144|98985216|+|1072"   
[522] "_R_N7683|dum_6|123643482|123644553|+|1071" 
[523] "_R_N7683|dum_6|123915670|123916741|+|1071" 
[524] "_R_N7683|dum_12|65622364|65623435|+|1071"  
[525] "N7683|dum_4|56386285|56387356|+|1071"      
[526] "_R_N7683|ten_12|122914917|122915988|+|1071"
[527] "_R_N7683|ten_12|122892274|122893350|+|1076"
[528] "N7683|dum_9|103053123|103054198|+|1075"    
[529] "_R_N7683|dum_11|168475498|168476569|+|1071"
[530] "_R_N7683|dum_7|59714122|59715193|+|1071"   
[531] "N7683|dum_10|22018591|22019662|+|1071"     
[532] "_R_N7683|dum_5|67663129|67664200|+|1071"   
[533] "_R_N7683|dum_5|144963059|144964130|+|1071" 
[534] "_R_N7683|dum_5|144976131|144977202|+|1071" 
[535] "N7683|dum_9|167033991|167035062|+|1071"    
[536] "N7683|dum_5|122348908|122349979|+|1071"    
[537] "_R_N7683|dum_5|172687|173758|+|1071"       
[538] "_R_N7683|dum_5|1663821|1664892|+|1071"     
[539] "_R_N7683|dum_5|145780022|145781093|+|1071" 
[540] "N7683|dum_9|119569723|119570794|+|1071"    
[541] "_R_N7683|dum_10|24835618|24836690|+|1072"  
[542] "_R_N7683|dum_9|990784|991856|+|1072"       
[543] "_R_N7683|dum_9|1005337|1006407|+|1070"     
[544] "_R_N7683|dum_9|1019894|1020964|+|1070"     
[545] "_R_N7683|dum_9|790521|791593|+|1072"       
[546] "N7683|dum_9|103090283|103091353|+|1070"    
[547] "N7683|dum_5|136926087|136927159|+|1072"    
[548] "N7683|ten_6|90596111|90597178|+|1067"      
[549] "N7683|dum_7|121082905|121083976|+|1071"    
[550] "_R_N7683|ten_X2|25975722|25976794|+|1072"  
[551] "_R_N7683|dum_12|108578706|108579777|+|1071"
[552] "N7683|dum_4|47734135|47735206|+|1071"      
[553] "_R_N7683|dum_3|116963917|116964976|+|1059" 
[554] "N7683|dum_8|48062786|48063856|+|1070"      
[555] "N7683|dum_10|134994030|134995100|+|1070"   
[556] "_R_N7683|ten_6|58272405|58273476|+|1071"   
[557] "_R_N7683|dum_1|32903702|32904773|+|1071"   
[558] "N7683|dum_12|76034210|76035281|+|1071"     
[559] "N7683|ten_12|82554616|82555687|+|1071"     
[560] "N7683|dum_11|65038458|65039529|+|1071"     
[561] "_R_N7683|dum_11|63734204|63735275|+|1071"  
[562] "N7683|ten_6|126157858|126158929|+|1071"    
[563] "N7683|ten_3|207097421|207098492|+|1071"    
[564] "N7683|ten_1|220062581|220063652|+|1071"    
[565] "N7683|dum_X1|208815013|208816084|+|1071"   
[566] "_R_N7683|dum_4|177967883|177968952|+|1069" 
[567] "N7683|ten_4|64227602|64228672|+|1070"      
[568] "N7683|dum_3|105483484|105484555|+|1071"    
[569] "N7683|dum_7|114845531|114846602|+|1071"    
[570] "N7683|dum_9|116074506|116075577|+|1071"    
[571] "N7683|ten_2|24558006|24559077|+|1071"      
[572] "_R_N7683|dum_9|3960780|3961851|+|1071"     
[573] "N7683|dum_11|101342341|101343399|+|1058"   
[574] "N7683|ten_X2|59135661|59136732|+|1071"     
[575] "_R_N7683|ten_6|62919399|62920470|+|1071"   
[576] "_R_N7683|dum_4|105463714|105464778|+|1064" 
[577] "N7683|dum_1|232914338|232915408|+|1070"    
[578] "_R_N7683|dum_6|52726798|52727869|+|1071"   
[579] "_R_N7683|dum_X2|87587564|87588640|+|1076"  
[580] "N7683|dum_8|102800211|102801282|+|1071"    
[581] "_R_N7683|ten_3|247552794|247553866|+|1072" 
[582] "N7683|dum_X2|195547018|195548089|+|1071"   
[583] "_R_N7683|dum_2|1410113|1411184|+|1071"     
[584] "_R_N7683|ten_2|3229167|3230238|+|1071"     
[585] "_R_N7683|ten_6|230109543|230110614|+|1071" 
[586] "N7683|dum_5|179594263|179595279|+|1016"    
[587] "N7683|ten_11|41149719|41150780|+|1061"     
[588] "N7683|dum_X1|257132229|257133300|+|1071"   
[589] "_R_N7683|ten_X1|235209362|235210432|+|1070"
[590] "N7683|dum_7|182349710|182350781|+|1071"    
[591] "N7683|dum_2|24386612|24387682|+|1070"      
[592] "_R_N7683|dum_6|120963032|120964103|+|1071" 
[593] "N7683|dum_2|22773197|22774257|+|1060"      
[594] "N7683|dum_9|83146041|83147112|+|1071"      
[595] "N7683|dum_1|189805426|189806492|+|1066"    
[596] "N7683|dum_10|80581972|80583043|+|1071"     
[597] "_R_N7683|ten_12|1513850|1514921|+|1071"    
[598] "N7683|dum_7|167731988|167733055|+|1067"    
[599] "_R_N7683|ten_7|38299143|38300159|+|1016"   
[600] "_R_N7683|dum_12|37600830|37601900|+|1070"  
[601] "_R_N7683|ten_8|89681077|89682148|+|1071"   
[602] "N7683|dum_2|93534728|93535799|+|1071"      
[603] "N7683|dum_X2|132421158|132422227|+|1069"   
[604] "_R_N7683|dum_2|187386582|187387653|+|1071" 
[605] "_R_N7683|ten_1|88312835|88313904|+|1069"   
[606] "_R_N7683|ten_4|115852729|115853799|+|1070" 
[607] "_R_N7683|ten_5|9470888|9471958|+|1070"     
[608] "_R_N7683|dum_8|107671607|107672513|+|906"  
[609] "N7683|dum_12|34310402|34311473|+|1071"     
[610] "N7683|ten_7|94949532|94950598|+|1066"      
[611] "N7683|dum_3|165232067|165233138|+|1071"    
[612] "N7683|ten_5|113259030|113260101|+|1071"    
[613] "N7683|ten_3|158139361|158140432|+|1071"    
[614] "_R_N7683|ten_3|113146171|113147242|+|1071" 
[615] "N7683|ten_X2|164268722|164269791|+|1069"   
[616] "N7683|ten_8|93380372|93381441|+|1069"      
[617] "N7683|dum_2|157715368|157716447|+|1079"    
[618] "N7683|dum_2|157720156|157721235|+|1079"    
[619] "N7683|dum_2|157724944|157726022|+|1078"    
[620] "N7683|ten_5|77045802|77046873|+|1071"      
[621] "N7683|sar_X2|201423787|201424862|+|1075"   
[622] "_R_N7683|bic_11|107633193|107634033|+|840" 
[623] "_R_N7683|mim_X1|107768091|107769159|+|1068"
[624] "_R_N7683|dum_X1|255784817|255785869|+|1052"
[625] "_R_N7683|ten_X1|233993276|233994325|+|1049"
[626] "N7683|bic_X1|178083279|178084336|+|1057"   
[627] "_R_N7683|sar_1|60157726|60158787|+|1061"   
[628] "N7683|mim_X1|149114198|149115199|+|1001"   
[629] "_R_N7683|dum_9|111079134|111080047|+|913"  
[630] "N7683|ten_9|69321703|69322614|+|911"       
[631] "N7683|dum_X1|100920913|100921779|+|866"    
[632] "_R_N7683|dum_1|139154497|139155365|+|868"  
[633] "_R_N7683|ten_1|143763327|143764196|+|869"  
[634] "N7683|ten_X1|172287032|172287892|+|860"    
[635] "_R_N7683|mim_X2|125530338|125531396|+|1058"
[636] "N7683|mim_X1|160507000|160508050|+|1050"   
[637] "_R_N7683|mim_X1|135817530|135818581|+|1051"
[638] "_R_N7683|mim_X1|135822289|135823340|+|1051"
[639] "_R_N7683|mim_X1|135808012|135809063|+|1051"
[640] "_R_N7683|mim_X1|135812771|135813822|+|1051"
[641] "_R_N7683|mim_X1|135803253|135804304|+|1051"
[642] "_R_N7683|mim_X2|13490417|13491487|+|1070"  
[643] "N7683|mim_3|8360591|8361661|+|1070"        
[644] "N7683|mim_X2|174738779|174739848|+|1069"   
[645] "_R_N7683|mim_6|114370995|114372033|+|1038" 
[646] "N7683|mim_7|128616847|128617913|+|1066"    
[647] "N7683|mim_5|114890058|114891115|+|1057"    
[648] "N7683|mim_12|90373475|90374544|+|1069"     
[649] "_R_N7683|mim_11|145806646|145807722|+|1076"
[650] "_R_N7683|mim_6|34324986|34326057|+|1071"   
[651] "N7683|mim_12|114895498|114896571|+|1073"   
[652] "_R_N7683|mim_X2|46919577|46920644|+|1067"  
[653] "N7683|mim_X1|19662909|19663980|+|1071"     
[654] "_R_N7683|mim_X1|217183760|217184825|+|1065"
[655] "_R_N7683|mim_6|120238670|120239739|+|1069" 
[656] "_R_N7683|mim_8|133019616|133020689|+|1073" 
[657] "N7683|mim_8|87683458|87684529|+|1071"      
[658] "_R_N7683|mim_14|52957524|52958472|+|948"   
[659] "_R_N7683|mim_X1|162793388|162794388|+|1000"
[660] "_R_N7683|bic_11|144523790|144524682|+|892" 
[661] "_R_N7683|bic_8|90739268|90740355|+|1087"   
[662] "N7683|bic_3|46644964|46646036|+|1072"      
[663] "N7683|bic_9|13274185|13275257|+|1072"      
[664] "_R_N7683|bic_X1|2576002|2577074|+|1072"    
[665] "_R_N7683|bic_14|119805906|119806915|+|1009"
[666] "_R_N7683|bic_X1|145971531|145972599|+|1068"
[667] "_R_N7683|sar_X1|149888884|149889937|+|1053"
[668] "_R_N7683|sar_2|117640690|117641761|+|1071" 
[669] "N7683|sar_9|143011355|143012449|+|1094"    
[670] "_R_N7683|sar_X2|41048906|41049977|+|1071"  
[671] "_R_N7683|sar_13|147232752|147233823|+|1071"
[672] "N7683|sar_4|73748268|73749339|+|1071"      
[673] "N7683|sar_1|151171160|151172222|+|1062"    
[674] "_R_N7683|sar_5|61399013|61400084|+|1071"   
[675] "_R_N7683|sar_13|71442582|71443648|+|1066"  
[676] "_R_N7683|sar_7|3671449|3672520|+|1071"     
[677] "N7683|sar_X2|43008632|43009703|+|1071"     
[678] "_R_N7683|sar_6|137815278|137816348|+|1070" 
[679] "_R_N7683|sar_14|29925014|29926086|+|1072"  
[680] "N7683|sar_X1|95419626|95420692|+|1066"     
[681] "_R_N7683|sar_12|137598441|137599513|+|1072"
[682] "_R_N7683|sar_12|137603221|137604292|+|1071"
[683] "N7683|sar_2|261710500|261711571|+|1071"    
[684] "N7683|sar_10|117500179|117501250|+|1071"   
[685] "N7683|sar_X1|32538703|32539774|+|1071"     
[686] "N7683|sar_14|43451694|43452766|+|1072"     
[687] "_R_N7683|sar_X2|184136990|184138062|+|1072"
[688] "_R_N7683|sar_11|186309373|186310445|+|1072"
[689] "_R_N7683|sar_6|82381182|82382253|+|1071"   
[690] "N7683|bic_9|141079526|141080593|+|1067"    
[691] "N7683|bic_12|143082133|143083200|+|1067"   
[692] "_R_N7683|bic_11|2344967|2346034|+|1067"    
[693] "_R_N7683|bic_4|51027979|51029046|+|1067"   
[694] "N7683|bic_3|91084321|91085388|+|1067"      
[695] "_R_N7683|bic_7|106614827|106615894|+|1067" 
[696] "N7683|bic_2|74993394|74994461|+|1067"      
[697] "_R_N7683|bic_4|106547973|106549040|+|1067" 
[698] "_R_N7683|bic_X1|115012055|115013123|+|1068"
[699] "N7683|bic_X1|99648292|99649359|+|1067"     
[700] "_R_N7683|bic_13|150206818|150207886|+|1068"
[701] "N7683|bic_12|157898695|157899762|+|1067"   
[702] "_R_N7683|bic_9|6704959|6706026|+|1067"     
[703] "N7683|bic_2|167054777|167055843|+|1066"    
[704] "_R_N7683|bic_6|73373145|73374211|+|1066"   
[705] "N7683|bic_5|38949128|38950192|+|1064"      
[706] "_R_N7683|bic_8|165861963|165863027|+|1064" 
[707] "N7683|bic_3|107031561|107032625|+|1064"    
[708] "N7683|bic_6|105023480|105024547|+|1067"    
[709] "N7683|bic_8|81376987|81378054|+|1067"      
[710] "N7683|bic_13|159799478|159800542|+|1064"   
[711] "N7683|bic_12|162129152|162130221|+|1069"   
[712] "_R_N7683|bic_2|51752067|51753135|+|1068"   
[713] "_R_N7683|bic_8|3915812|3916880|+|1068"     
[714] "N7683|bic_2|221078551|221079619|+|1068"    
[715] "N7683|bic_9|199718701|199719768|+|1067"    
[716] "_R_N7683|bic_X1|107047239|107048308|+|1069"
[717] "N7683|bic_2|199031569|199032622|+|1053"    
[718] "_R_N7683|bic_4|2585913|2586981|+|1068"     
[719] "_R_N7683|bic_12|72552278|72553308|+|1030"  
[720] "N7683|bic_3|100504778|100505845|+|1067"    
[721] "_R_N7683|bic_X2|10997681|10998752|+|1071"  
[722] "_R_N7683|bic_4|96620895|96621958|+|1063"   
[723] "_R_N7683|sar_8|135932807|135933878|+|1071" 
[724] "N7683|bic_9|116258684|116259745|+|1061"    
[725] "_R_N7683|sar_3|138063424|138064494|+|1070" 
[726] "_R_N7683|bic_X1|149139105|149140156|+|1051"
[727] "_R_N7683|sar_X1|20966574|20967642|+|1068"  
[728] "N7683|bic_9|214901284|214902355|+|1071"    
[729] "_R_N7683|bic_11|103100286|103101353|+|1067"
[730] "N7683|bic_9|103338109|103339180|+|1071"    
[731] "_R_N7683|bic_X2|77902355|77903425|+|1070"  
[732] "N7683|bic_10|71974065|71975136|+|1071"     
[733] "N7683|bic_10|22791382|22792454|+|1072"     
