jobinfo 30048742
getting scaled timeline
  [1] "_R_N5374|sar_14|94811465|94812789|+|1324"  
  [2] "_R_N5374|bic_2|158129979|158131309|+|1330" 
  [3] "_R_N5374|bic_3|169301766|169303097|+|1331" 
  [4] "_R_N5374|sar_9|203654555|203655887|+|1332" 
  [5] "N5374|bic_1|117971390|117972726|+|1336"    
  [6] "N5374|bic_1|117980625|117981958|+|1333"    
  [7] "N5374|bic_1|117989861|117991196|+|1335"    
  [8] "_R_N5374|bic_X2|111516000|111517328|+|1328"
  [9] "N5374|bic_1|119047429|119048765|+|1336"    
 [10] "N5374|bic_5|39207684|39209016|+|1332"      
 [11] "N5374|sar_13|48383565|48384904|+|1339"     
 [12] "N5374|bic_11|105302466|105303797|+|1331"   
 [13] "N5374|sar_X2|131958763|131960095|+|1332"   
 [14] "N5374|bic_10|77040394|77041726|+|1332"     
 [15] "_R_N5374|bic_11|46533865|46535197|+|1332"  
 [16] "_R_N5374|bic_3|45530529|45531861|+|1332"   
 [17] "_R_N5374|bic_3|76884405|76885742|+|1337"   
 [18] "_R_N5374|bic_4|78762449|78763786|+|1337"   
 [19] "N5374|sar_13|88474305|88475640|+|1335"     
 [20] "_R_N5374|sar_1|55658874|55660182|+|1308"   
 [21] "_R_N5374|bic_9|169913291|169914619|+|1328" 
 [22] "_R_N5374|sar_9|149048253|149049581|+|1328" 
 [23] "_R_N5374|sar_9|103074169|103075489|+|1320" 
 [24] "_R_N5374|bic_12|62496202|62497538|+|1336"  
 [25] "_R_N5374|bic_X2|105777137|105778473|+|1336"
 [26] "N5374|bic_7|41851519|41852846|+|1327"      
 [27] "N5374|sar_14|42936518|42937855|+|1337"     
 [28] "_R_N5374|bic_10|48985316|48986649|+|1333"  
 [29] "_R_N5374|bic_1|67024499|67025837|+|1338"   
 [30] "_R_N5374|bic_12|97086959|97088288|+|1329"  
 [31] "_R_N5374|bic_12|97092762|97094095|+|1333"  
 [32] "_R_N5374|sar_5|110924351|110925694|+|1343" 
 [33] "_R_N5374|sar_13|116971436|116972772|+|1336"
 [34] "N5374|bic_1|156231175|156232511|+|1336"    
 [35] "_R_N5374|sar_3|39979391|39980720|+|1329"   
 [36] "N5374|bic_6|89399908|89401244|+|1336"      
 [37] "_R_N5374|bic_5|65846912|65848243|+|1331"   
 [38] "_R_N5374|bic_9|30933795|30935131|+|1336"   
 [39] "_R_N5374|sar_12|149765646|149766869|+|1223"
 [40] "_R_N5374|sar_5|97974233|97975514|+|1281"   
 [41] "_R_N5374|bic_1|48752890|48754203|+|1313"   
 [42] "_R_N5374|bic_2|80582430|80583761|+|1331"   
 [43] "N5374|sar_2|247845032|247846347|+|1315"    
 [44] "_R_N5374|bic_2|79511927|79513261|+|1334"   
 [45] "N5374|sar_2|249195029|249196349|+|1320"    
 [46] "_R_N5374|sar_13|36157225|36158556|+|1331"  
 [47] "_R_N5374|bic_5|39526501|39527578|+|1077"   
 [48] "_R_N5374|sar_5|154541277|154542352|+|1075" 
 [49] "N5374|bic_3|113327144|113328479|+|1335"    
 [50] "N5374|sar_3|131103309|131104627|+|1318"    
 [51] "_R_N5374|bic_3|36328324|36329671|+|1347"   
 [52] "_R_N5374|sar_3|101683313|101684639|+|1326" 
 [53] "_R_N5374|bic_6|52990676|52992021|+|1345"   
 [54] "_R_N5374|sar_6|52061865|52063208|+|1343"   
 [55] "N5374|bic_9|183659867|183661195|+|1328"    
 [56] "_R_N5374|bic_11|49694718|49696044|+|1326"  
 [57] "N5374|sar_11|169456566|169457893|+|1327"   
 [58] "N5374|bic_5|124050431|124051771|+|1340"    
 [59] "_R_N5374|sar_8|162682369|162683701|+|1332" 
 [60] "N5374|bic_6|100612582|100613644|+|1062"    
 [61] "N5374|bic_12|112058860|112060172|+|1312"   
 [62] "N5374|bic_8|39837096|39838420|+|1324"      
 [63] "N5374|sar_5|112558290|112559619|+|1329"    
 [64] "_R_N5374|bic_4|113639794|113641104|+|1310" 
 [65] "_R_N5374|bic_5|78162599|78163936|+|1337"   
 [66] "_R_N5374|sar_3|17656296|17657570|+|1274"   
 [67] "N5374|ten_4|109932415|109933709|+|1294"    
 [68] "N5374|ten_4|93178329|93179651|+|1322"      
 [69] "_R_N5374|dum_1|102207465|102208800|+|1335" 
 [70] "N5374|dum_6|119464392|119465716|+|1324"    
 [71] "_R_N5374|dum_9|75852328|75853664|+|1336"   
 [72] "_R_N5374|ten_9|94095776|94097109|+|1333"   
 [73] "N5374|ten_1|246070825|246072155|+|1330"    
 [74] "_R_N5374|dum_5|223222707|223224043|+|1336" 
 [75] "N5374|ten_5|14560894|14562223|+|1329"      
 [76] "_R_N5374|dum_11|87767914|87769237|+|1323"  
 [77] "_R_N5374|dum_2|152254601|152255937|+|1336" 
 [78] "N5374|ten_2|153234040|153235376|+|1336"    
 [79] "_R_N5374|dum_12|60593269|60594605|+|1336"  
 [80] "N5374|dum_4|143420581|143421914|+|1333"    
 [81] "_R_N5374|ten_4|90360261|90361591|+|1330"   
 [82] "_R_N5374|dum_6|109412944|109414278|+|1334" 
 [83] "_R_N5374|ten_6|123863638|123864966|+|1328" 
 [84] "N5374|dum_12|36576789|36578119|+|1330"     
 [85] "_R_N5374|dum_2|107112907|107114239|+|1332" 
 [86] "_R_N5374|ten_2|112459999|112461315|+|1316" 
 [87] "_R_N5374|dum_1|166943881|166945181|+|1300" 
 [88] "_R_N5374|ten_3|110967380|110968714|+|1334" 
 [89] "N5374|dum_1|164712246|164713582|+|1336"    
 [90] "N5374|dum_8|17035544|17036876|+|1332"      
 [91] "N5374|ten_8|14990293|14991599|+|1306"      
 [92] "_R_N5374|dum_1|90377590|90378908|+|1318"   
 [93] "_R_N5374|dum_5|151931765|151933101|+|1336" 
 [94] "N5374|ten_5|88228636|88229968|+|1332"      
 [95] "_R_N5374|dum_11|80836893|80838212|+|1319"  
 [96] "N5374|ten_11|100391538|100392871|+|1333"   
 [97] "_R_N5374|ten_4|105335837|105337169|+|1332" 
 [98] "N5374|dum_6|121093826|121095158|+|1332"    
 [99] "_R_N5374|ten_1|146967616|146968949|+|1333" 
[100] "_R_N5374|ten_1|147317189|147318529|+|1340" 
[101] "N5374|dum_1|142289909|142291245|+|1336"    
[102] "N5374|ten_7|194266623|194267958|+|1335"    
[103] "N5374|ten_1|160586564|160587896|+|1332"    
[104] "N5374|ten_2|61664865|61666201|+|1336"      
[105] "_R_N5374|ten_10|82933571|82934907|+|1336"  
[106] "N5374|ten_10|144164884|144166217|+|1333"   
[107] "N5374|dum_5|78458197|78459533|+|1336"      
[108] "N5374|dum_4|126042677|126044012|+|1335"    
[109] "_R_N5374|dum_6|120685966|120687254|+|1288" 
[110] "N5374|dum_2|111750216|111751533|+|1317"    
[111] "_R_N5374|dum_2|112246735|112248072|+|1337" 
[112] "_R_N5374|ten_2|117113992|117115328|+|1336" 
[113] "_R_N5374|dum_9|121477539|121478869|+|1330" 
[114] "N5374|ten_9|58858073|58859408|+|1335"      
[115] "N5374|dum_7|95694466|95695793|+|1327"      
[116] "N5374|dum_7|95695834|95697165|+|1331"      
[117] "N5374|dum_7|95952134|95953464|+|1330"      
[118] "N5374|dum_7|95782492|95783837|+|1345"      
[119] "N5374|dum_7|95864582|95865913|+|1331"      
[120] "N5374|dum_7|95865950|95867281|+|1331"      
[121] "N5374|dum_7|95870054|95871385|+|1331"      
[122] "N5374|dum_7|95890574|95891905|+|1331"      
[123] "N5374|dum_7|95894678|95896009|+|1331"      
[124] "N5374|dum_7|95882366|95883697|+|1331"      
[125] "N5374|dum_7|95887838|95889169|+|1331"      
[126] "N5374|dum_7|95906990|95908321|+|1331"      
[127] "N5374|dum_7|96031447|96032778|+|1331"      
[128] "N5374|dum_7|96038287|96039618|+|1331"      
[129] "N5374|dum_7|95978109|95979439|+|1330"      
[130] "N5374|dum_7|95986310|95987640|+|1330"      
[131] "N5374|dum_7|95967173|95968503|+|1330"      
[132] "N5374|dum_7|95956237|95957568|+|1331"      
[133] "N5374|dum_7|95961706|95963036|+|1330"      
[134] "N5374|dum_7|95953502|95954833|+|1331"      
[135] "N5374|dum_7|95960338|95961669|+|1331"      
[136] "N5374|dum_7|95964441|95965770|+|1329"      
[137] "N5374|dum_7|95972643|95973972|+|1329"      
[138] "N5374|dum_7|95982211|95983540|+|1329"      
[139] "N5374|dum_7|95965807|95967136|+|1329"      
[140] "N5374|dum_7|95984944|95986273|+|1329"      
[141] "N5374|dum_7|95976743|95978072|+|1329"      
[142] "N5374|dum_7|95975377|95976706|+|1329"      
[143] "N5374|dum_7|96051966|96053297|+|1331"      
[144] "N5374|dum_7|96001357|96002688|+|1331"      
[145] "N5374|dum_7|96019139|96020469|+|1330"      
[146] "N5374|dum_7|96025975|96027306|+|1331"      
[147] "N5374|dum_7|96023239|96024570|+|1331"      
[148] "N5374|dum_7|96015035|96016366|+|1331"      
[149] "N5374|dum_7|95971276|95972606|+|1330"      
[150] "N5374|dum_7|95980844|95982174|+|1330"      
[151] "N5374|dum_7|95983577|95984907|+|1330"      
[152] "N5374|dum_7|95958970|95960301|+|1331"      
[153] "N5374|dum_7|95957605|95958933|+|1328"      
[154] "N5374|dum_7|95954870|95956200|+|1330"      
[155] "N5374|dum_7|95909726|95911057|+|1331"      
[156] "N5374|dum_7|95912462|95913793|+|1331"      
[157] "N5374|dum_7|95924774|95926105|+|1331"      
[158] "N5374|dum_7|95916566|95917897|+|1331"      
[159] "N5374|dum_7|95932982|95934313|+|1331"      
[160] "N5374|dum_7|95891942|95893273|+|1331"      
[161] "N5374|dum_7|95896046|95897377|+|1331"      
[162] "N5374|dum_7|95867318|95868649|+|1331"      
[163] "N5374|dum_7|95897414|95898745|+|1331"      
[164] "N5374|dum_7|95871422|95872753|+|1331"      
[165] "N5374|dum_7|95913830|95915161|+|1331"      
[166] "N5374|dum_7|95917934|95919265|+|1331"      
[167] "N5374|dum_7|95926142|95927473|+|1331"      
[168] "N5374|dum_7|95911094|95912425|+|1331"      
[169] "N5374|dum_7|95908358|95909689|+|1331"      
[170] "N5374|dum_7|95994517|95995848|+|1331"      
[171] "N5374|dum_7|95997253|95998584|+|1331"      
[172] "N5374|dum_7|95989045|95990376|+|1331"      
[173] "N5374|dum_7|95991781|95993112|+|1331"      
[174] "N5374|dum_7|95999989|96001320|+|1331"      
[175] "N5374|dum_7|95915198|95916529|+|1331"      
[176] "N5374|dum_7|95923406|95924737|+|1331"      
[177] "N5374|dum_7|95889206|95890537|+|1331"      
[178] "N5374|dum_7|95893310|95894641|+|1331"      
[179] "N5374|dum_7|95872790|95874121|+|1331"      
[180] "N5374|dum_7|95898782|95900113|+|1331"      
[181] "N5374|dum_7|95919302|95920633|+|1331"      
[182] "N5374|dum_7|95922038|95923369|+|1331"      
[183] "N5374|dum_7|95927510|95928841|+|1331"      
[184] "N5374|dum_7|95930246|95931577|+|1331"      
[185] "N5374|dum_7|95934350|95935681|+|1331"      
[186] "N5374|dum_7|95987677|95989008|+|1331"      
[187] "N5374|dum_7|95990413|95991744|+|1331"      
[188] "N5374|dum_7|95993149|95994480|+|1331"      
[189] "N5374|dum_7|95995885|95997216|+|1331"      
[190] "N5374|dum_7|95968540|95969871|+|1331"      
[191] "N5374|dum_7|95979476|95980807|+|1331"      
[192] "N5374|dum_7|95868686|95870017|+|1331"      
[193] "N5374|dum_7|95920670|95922001|+|1331"      
[194] "N5374|dum_7|95928878|95930209|+|1331"      
[195] "N5374|dum_7|95931614|95932945|+|1331"      
[196] "N5374|dum_7|95935718|95937049|+|1331"      
[197] "N5374|dum_7|95937086|95938417|+|1331"      
[198] "N5374|dum_7|96057438|96058769|+|1331"      
[199] "N5374|dum_7|96030079|96031410|+|1331"      
[200] "N5374|dum_7|95691730|95693061|+|1331"      
[201] "N5374|dum_7|95939822|95941153|+|1331"      
[202] "N5374|dum_7|95943926|95945257|+|1331"      
[203] "N5374|dum_7|95949398|95950729|+|1331"      
[204] "N5374|dum_7|95946663|95947993|+|1330"      
[205] "N5374|dum_7|95941190|95942521|+|1331"      
[206] "N5374|dum_7|95942558|95943889|+|1331"      
[207] "N5374|dum_7|95950766|95952097|+|1331"      
[208] "N5374|dum_7|95938454|95939785|+|1331"      
[209] "N5374|dum_7|95948030|95949361|+|1331"      
[210] "N5374|dum_7|95883734|95885065|+|1331"      
[211] "N5374|dum_7|95879630|95880961|+|1331"      
[212] "N5374|dum_7|95885102|95886433|+|1331"      
[213] "N5374|dum_7|95900150|95901481|+|1331"      
[214] "N5374|dum_7|95902886|95904217|+|1331"      
[215] "N5374|dum_7|95875526|95876857|+|1331"      
[216] "N5374|dum_7|95878262|95879593|+|1331"      
[217] "N5374|dum_7|95904254|95905585|+|1331"      
[218] "N5374|dum_7|96005461|96006792|+|1331"      
[219] "N5374|dum_7|96012300|96013631|+|1331"      
[220] "N5374|dum_7|96006829|96008160|+|1331"      
[221] "N5374|dum_7|96004093|96005424|+|1331"      
[222] "N5374|dum_7|96010932|96012263|+|1331"      
[223] "N5374|dum_7|96016403|96017734|+|1331"      
[224] "N5374|dum_7|96021874|96023202|+|1328"      
[225] "N5374|dum_7|96024607|96025938|+|1331"      
[226] "N5374|dum_7|96009565|96010895|+|1330"      
[227] "N5374|dum_7|95998621|95999952|+|1331"      
[228] "N5374|dum_7|96002725|96004056|+|1331"      
[229] "N5374|dum_7|96020506|96021837|+|1331"      
[230] "N5374|dum_7|96013668|96014998|+|1330"      
[231] "N5374|dum_7|96017771|96019101|+|1330"      
[232] "N5374|dum_7|95876894|95878225|+|1331"      
[233] "N5374|dum_7|95901518|95902849|+|1331"      
[234] "N5374|dum_7|95880998|95882329|+|1331"      
[235] "N5374|dum_7|95886470|95887801|+|1331"      
[236] "N5374|dum_7|95905622|95906953|+|1331"      
[237] "N5374|dum_7|96034183|96035514|+|1331"      
[238] "N5374|dum_7|96045126|96046457|+|1331"      
[239] "N5374|dum_7|96049230|96050561|+|1331"      
[240] "N5374|dum_7|96050598|96051929|+|1331"      
[241] "N5374|dum_7|96047862|96049193|+|1331"      
[242] "N5374|dum_7|96042391|96043722|+|1331"      
[243] "N5374|dum_7|96054702|96056033|+|1331"      
[244] "N5374|dum_7|95863214|95864545|+|1331"      
[245] "N5374|dum_7|95826284|95827615|+|1331"      
[246] "N5374|dum_7|95823558|95824879|+|1321"      
[247] "N5374|dum_7|95833124|95834454|+|1330"      
[248] "N5374|dum_7|95844067|95845397|+|1330"      
[249] "N5374|dum_7|95842699|95844029|+|1330"      
[250] "N5374|dum_7|95835860|95837190|+|1330"      
[251] "N5374|dum_7|95846803|95848133|+|1330"      
[252] "N5374|dum_7|95852273|95853603|+|1330"      
[253] "N5374|dum_7|95853641|95854971|+|1330"      
[254] "N5374|dum_7|95824917|95826247|+|1330"      
[255] "N5374|dum_7|95848171|95849500|+|1329"      
[256] "N5374|dum_7|95855008|95856338|+|1330"      
[257] "N5374|dum_7|95827652|95828982|+|1330"      
[258] "N5374|dum_7|95837228|95838557|+|1329"      
[259] "N5374|dum_7|95758245|95759575|+|1330"      
[260] "N5374|dum_7|95787997|95789328|+|1331"      
[261] "N5374|dum_7|95733126|95734343|+|1217"      
[262] "N5374|dum_7|95742335|95743665|+|1330"      
[263] "N5374|dum_7|95729034|95730365|+|1331"      
[264] "N5374|dum_7|95849537|95850868|+|1331"      
[265] "N5374|dum_7|95856375|95857706|+|1331"      
[266] "N5374|dum_7|95860478|95861809|+|1331"      
[267] "N5374|dum_7|95829019|95830350|+|1331"      
[268] "N5374|dum_7|95838594|95839925|+|1331"      
[269] "N5374|dum_7|95830387|95831718|+|1331"      
[270] "N5374|dum_7|95839962|95841293|+|1331"      
[271] "N5374|dum_7|95850904|95852235|+|1331"      
[272] "N5374|dum_7|95857742|95859073|+|1331"      
[273] "N5374|dum_7|95834491|95835822|+|1331"      
[274] "N5374|dum_7|95845434|95846765|+|1331"      
[275] "N5374|dum_7|95874158|95875489|+|1331"      
[276] "N5374|dum_7|95831755|95833086|+|1331"      
[277] "N5374|dum_7|95841330|95842661|+|1331"      
[278] "N5374|dum_7|95859110|95860441|+|1331"      
[279] "N5374|dum_7|95861846|95863177|+|1331"      
[280] "N5374|dum_7|95797573|95798904|+|1331"      
[281] "N5374|dum_7|95803045|95804376|+|1331"      
[282] "N5374|dum_7|95796205|95797536|+|1331"      
[283] "N5374|dum_7|95801677|95803008|+|1331"      
[284] "N5374|dum_7|95792101|95793432|+|1331"      
[285] "N5374|dum_7|95800309|95801640|+|1331"      
[286] "N5374|dum_7|95793469|95794800|+|1331"      
[287] "N5374|dum_7|95818086|95819417|+|1331"      
[288] "N5374|dum_7|95820822|95822153|+|1331"      
[289] "N5374|dum_7|95815352|95816681|+|1329"      
[290] "N5374|dum_7|95807142|95808473|+|1331"      
[291] "N5374|dum_7|95811246|95812577|+|1331"      
[292] "N5374|dum_7|95812614|95813945|+|1331"      
[293] "N5374|dum_7|95805781|95807105|+|1324"      
[294] "N5374|dum_7|95809878|95811209|+|1331"      
[295] "N5374|dum_7|95785261|95786592|+|1331"      
[296] "N5374|dum_7|95786629|95787960|+|1331"      
[297] "N5374|dum_7|95774284|95775615|+|1331"      
[298] "N5374|dum_7|95777020|95778351|+|1331"      
[299] "N5374|dum_7|95768812|95770143|+|1331"      
[300] "N5374|dum_7|95771548|95772879|+|1331"      
[301] "N5374|dum_7|95781124|95782455|+|1331"      
[302] "N5374|dum_7|95783893|95785224|+|1331"      
[303] "N5374|dum_7|95775652|95776983|+|1331"      
[304] "N5374|dum_7|95778388|95779719|+|1331"      
[305] "N5374|dum_7|95779756|95781087|+|1331"      
[306] "N5374|dum_7|95770180|95771511|+|1331"      
[307] "N5374|dum_7|95772916|95774247|+|1331"      
[308] "N5374|dum_7|95756877|95758208|+|1331"      
[309] "N5374|dum_7|95727666|95728997|+|1331"      
[310] "N5374|dum_7|95713118|95714449|+|1331"      
[311] "N5374|dum_7|95711750|95713081|+|1331"      
[312] "N5374|dum_7|95703792|95705123|+|1331"      
[313] "N5374|dum_7|95707771|95709102|+|1331"      
[314] "N5374|dum_7|95699813|95701144|+|1331"      
[315] "N5374|dum_7|95734380|95735711|+|1331"      
[316] "N5374|dum_7|95743702|95745033|+|1331"      
[317] "N5374|dum_7|95730402|95731733|+|1331"      
[318] "N5374|dum_7|95759612|95760943|+|1331"      
[319] "N5374|dum_7|95764833|95766164|+|1331"      
[320] "N5374|dum_7|95731770|95733101|+|1331"      
[321] "N5374|dum_7|95739725|95741056|+|1331"      
[322] "N5374|dum_7|95749047|95750378|+|1331"      
[323] "N5374|dum_7|95751657|95752988|+|1331"      
[324] "N5374|dum_7|95754267|95755598|+|1331"      
[325] "N5374|dum_7|95735748|95737078|+|1330"      
[326] "N5374|dum_7|95745070|95746400|+|1330"      
[327] "N5374|dum_7|95714486|95715817|+|1331"      
[328] "N5374|dum_7|95721076|95722407|+|1331"      
[329] "N5374|dum_7|95725055|95726386|+|1331"      
[330] "N5374|dum_7|95719708|95721039|+|1331"      
[331] "N5374|dum_7|95723687|95725018|+|1331"      
[332] "N5374|dum_7|95717097|95718428|+|1331"      
[333] "N5374|dum_7|95738357|95739688|+|1331"      
[334] "N5374|dum_7|95747679|95749010|+|1331"      
[335] "N5374|dum_7|95709139|95710469|+|1330"      
[336] "N5374|dum_7|95790733|95792064|+|1331"      
[337] "N5374|dum_7|95798941|95800272|+|1331"      
[338] "N5374|dum_7|95804413|95805744|+|1331"      
[339] "N5374|dum_7|95794837|95796168|+|1331"      
[340] "N5374|dum_7|95813982|95815313|+|1331"      
[341] "N5374|dum_7|95816718|95818049|+|1331"      
[342] "N5374|dum_7|95819454|95820785|+|1331"      
[343] "N5374|dum_7|95822190|95823521|+|1331"      
[344] "N5374|dum_7|95808510|95809841|+|1331"      
[345] "N5374|dum_7|95789365|95790696|+|1331"      
[346] "N5374|dum_7|95693098|95694429|+|1331"      
[347] "N5374|dum_7|95760968|95762186|+|1218"      
[348] "N5374|dum_7|95766189|95767407|+|1218"      
[349] "N5374|dum_7|95762223|95763554|+|1331"      
[350] "N5374|dum_7|95767444|95768775|+|1331"      
[351] "N5374|dum_7|95698557|95699776|+|1219"      
[352] "N5374|dum_7|95702536|95703755|+|1219"      
[353] "N5374|dum_7|95706515|95707734|+|1219"      
[354] "N5374|dum_7|95710494|95711713|+|1219"      
[355] "N5374|dum_7|95750403|95751620|+|1217"      
[356] "N5374|dum_7|95753013|95754230|+|1217"      
[357] "N5374|dum_7|95755623|95756840|+|1217"      
[358] "N5374|dum_7|95741081|95742298|+|1217"      
[359] "N5374|dum_7|95763579|95764796|+|1217"      
[360] "N5374|dum_7|95737103|95738320|+|1217"      
[361] "N5374|dum_7|95746425|95747642|+|1217"      
[362] "N5374|dum_7|95697202|95698532|+|1330"      
[363] "N5374|dum_7|95705160|95706490|+|1330"      
[364] "N5374|dum_7|95701181|95702511|+|1330"      
[365] "N5374|dum_7|95718453|95719671|+|1218"      
[366] "N5374|dum_7|95722432|95723650|+|1218"      
[367] "N5374|dum_7|95715842|95717060|+|1218"      
[368] "N5374|dum_7|95726411|95727629|+|1218"      
[369] "N5374|dum_7|96056070|96057401|+|1331"      
[370] "N5374|dum_7|96036919|96038250|+|1331"      
[371] "N5374|dum_7|96039655|96040986|+|1331"      
[372] "N5374|dum_7|95969908|95971239|+|1331"      
[373] "N5374|dum_7|95974009|95975340|+|1331"      
[374] "N5374|dum_7|95963073|95964404|+|1331"      
[375] "N5374|dum_7|96053334|96054665|+|1331"      
[376] "N5374|dum_7|96046494|96047825|+|1331"      
[377] "N5374|dum_7|96035551|96036882|+|1331"      
[378] "N5374|dum_7|95945294|95946625|+|1331"      
[379] "N5374|dum_7|96008197|96009528|+|1331"      
[380] "N5374|dum_7|96028711|96030042|+|1331"      
[381] "N5374|dum_7|96041023|96042354|+|1331"      
[382] "N5374|dum_7|96032815|96034146|+|1331"      
[383] "N5374|dum_7|96043759|96045088|+|1329"      
[384] "N5374|dum_7|96027343|96028677|+|1334"      
[385] "N5374|dum_7|96058806|96060140|+|1334"      
[386] "N5374|ten_2|52973803|52975139|+|1336"      
[387] "N5374|ten_9|85909440|85910768|+|1328"      
[388] "_R_N5374|dum_9|97968253|97969587|+|1334"   
[389] "_R_N5374|dum_9|162210198|162211528|+|1330" 
[390] "_R_N5374|dum_10|114707080|114708414|+|1334"
[391] "_R_N5374|ten_4|95723735|95725061|+|1326"   
[392] "_R_N5374|dum_5|176780855|176782191|+|1336" 
[393] "N5374|ten_7|179611863|179613198|+|1335"    
[394] "_R_N5374|dum_7|111034039|111035255|+|1216" 
[395] "_R_N5374|dum_7|111038816|111040032|+|1216" 
[396] "N5374|dum_4|132064004|132065318|+|1314"    
[397] "_R_N5374|ten_8|43578126|43579449|+|1323"   
[398] "N5374|dum_7|118985151|118986462|+|1311"    
[399] "_R_N5374|ten_4|135444542|135445878|+|1336" 
[400] "N5374|dum_1|185376530|185377865|+|1335"    
[401] "N5374|ten_1|181547376|181548712|+|1336"    
[402] "N5374|dum_2|28727984|28729318|+|1334"      
[403] "_R_N5374|dum_8|98745743|98747080|+|1337"   
[404] "_R_N5374|dum_3|178739536|178740872|+|1336" 
[405] "_R_N5374|ten_6|11503986|11505322|+|1336"   
[406] "N5374|dum_8|185607912|185609248|+|1336"    
[407] "N5374|ten_8|174026857|174028193|+|1336"    
[408] "_R_N5374|ten_4|39862636|39863967|+|1331"   
[409] "N5374|dum_6|184289784|184291115|+|1331"    
[410] "_R_N5374|ten_9|57434763|57436080|+|1317"   
[411] "_R_N5374|dum_3|180572825|180574145|+|1320" 
[412] "_R_N5374|dum_3|119976447|119977767|+|1320" 
[413] "_R_N5374|ten_3|114827294|114828614|+|1320" 
[414] "N5374|ten_5|163724823|163725938|+|1115"    
[415] "_R_N5374|dum_7|26210792|26212103|+|1311"   
[416] "N5374|ten_7|170768226|170769561|+|1335"    
[417] "N5374|dum_1|261268516|261269667|+|1151"    
[418] "N5374|dum_9|107974902|107976237|+|1335"    
[419] "N5374|dum_8|87558075|87559412|+|1337"      
[420] "_R_N5374|dum_8|79211844|79213180|+|1336"   
[421] "_R_N5374|dum_12|113145068|113146403|+|1335"
[422] "_R_N5374|ten_12|120663401|120664736|+|1335"
[423] "_R_N5374|ten_8|89437300|89438639|+|1339"   
[424] "N5374|ten_7|92773154|92774490|+|1336"      
[425] "_R_N5374|ten_7|154003789|154005125|+|1336" 
[426] "_R_N5374|dum_1|16552922|16554259|+|1337"   
[427] "_R_N5374|dum_X2|156745081|156746417|+|1336"
[428] "N5374|dum_3|142605759|142607092|+|1333"    
[429] "N5374|ten_11|73976003|73977335|+|1332"     
[430] "N5374|ten_9|109021166|109022502|+|1336"    
[431] "N5374|ten_6|140751486|140752822|+|1336"    
[432] "N5374|dum_9|117846881|117848216|+|1335"    
[433] "_R_N5374|dum_7|81798947|81800283|+|1336"   
[434] "N5374|dum_2|81573164|81574500|+|1336"      
[435] "N5374|dum_2|81977944|81979279|+|1335"      
[436] "N5374|dum_6|79642006|79643338|+|1332"      
[437] "N5374|ten_6|94244638|94245985|+|1347"      
[438] "_R_N5374|dum_2|42938633|42939953|+|1320"   
[439] "_R_N5374|ten_2|46733939|46735278|+|1339"   
[440] "_R_N5374|dum_X1|124441780|124443118|+|1338"
[441] "_R_N5374|ten_X1|107263636|107264973|+|1337"
[442] "N5374|dum_7|61848877|61850212|+|1335"      
[443] "_R_N5374|ten_7|143171847|143173182|+|1335" 
[444] "_R_N5374|ten_X1|143598264|143599601|+|1337"
[445] "_R_N5374|ten_2|207011203|207012560|+|1357" 
[446] "N5374|ten_8|72666366|72667696|+|1330"      
[447] "_R_N5374|ten_5|64555054|64556384|+|1330"   
[448] "_R_N5374|dum_2|221957099|221958431|+|1332" 
[449] "_R_N5374|ten_2|212645321|212646655|+|1334" 
[450] "_R_N5374|dum_10|51744317|51745644|+|1327"  
[451] "N5374|dum_8|144378134|144379465|+|1331"    
[452] "_R_N5374|dum_2|62810620|62811953|+|1333"   
[453] "N5374|ten_2|111486596|111487914|+|1318"    
[454] "N5374|dum_3|278505587|278506920|+|1333"    
[455] "_R_N5374|dum_5|114801605|114802700|+|1095" 
[456] "_R_N5374|dum_8|109481370|109482601|+|1231" 
[457] "_R_N5374|ten_8|102383058|102384392|+|1334" 
[458] "_R_N5374|dum_8|136949288|136950615|+|1327" 
[459] "_R_N5374|ten_8|126920276|126921605|+|1329" 
[460] "_R_N5374|dum_7|51217702|51218967|+|1265"   
[461] "N5374|ten_3|59601129|59602445|+|1316"      
[462] "N5374|dum_7|67511503|67512807|+|1304"      
[463] "_R_N5374|ten_7|136205273|136206589|+|1316" 
[464] "_R_N5374|ten_7|112903319|112904652|+|1333" 
[465] "_R_N5374|dum_6|58354542|58355872|+|1330"   
[466] "N5374|dum_5|236787353|236788689|+|1336"    
[467] "N5374|ten_5|1007150|1008204|+|1054"        
[468] "_R_N5374|ten_5|1385148|1386184|+|1036"     
[469] "_R_N5374|dum_6|100928113|100929445|+|1332" 
[470] "N5374|dum_X2|111665507|111666607|+|1100"   
[471] "_R_N5374|ten_X2|110004637|110005733|+|1096"
[472] "_R_N5374|dum_7|132116920|132118253|+|1333" 
[473] "N5374|ten_7|71584251|71585583|+|1332"      
[474] "N5374|dum_6|206939678|206941024|+|1346"    
[475] "N5374|ten_6|216381757|216383082|+|1325"    
[476] "_R_N5374|dum_6|136430478|136431825|+|1347" 
[477] "_R_N5374|ten_6|150397751|150399082|+|1331" 
[478] "N5374|dum_8|53273215|53274538|+|1323"      
[479] "N5374|ten_8|48081623|48082856|+|1233"      
[480] "N5374|dum_7|128168477|128169813|+|1336"    
[481] "_R_N5374|dum_2|216311616|216312948|+|1332" 
[482] "N5374|dum_2|100276700|100278056|+|1356"    
[483] "N5374|ten_2|105434305|105435417|+|1112"    
[484] "N5374|dum_2|100636824|100638160|+|1336"    
[485] "N5374|dum_9|54680551|54681856|+|1305"      
[486] "_R_N5374|ten_9|122354662|122355967|+|1305" 
[487] "N5374|dum_7|66066065|66067179|+|1114"      
[488] "_R_N5374|ten_7|138208444|138209559|+|1115" 
[489] "_R_N5374|dum_6|68552540|68553853|+|1313"   
[490] "N5374|dum_8|131583266|131584599|+|1333"    
[491] "_R_N5374|dum_X1|259065167|259066490|+|1323"
[492] "_R_N5374|ten_X1|237390563|237391886|+|1323"
[493] "N5374|dum_7|154457776|154458830|+|1054"    
[494] "_R_N5374|dum_6|58166313|58167647|+|1334"   
[495] "_R_N5374|ten_6|68207552|68208883|+|1331"   
[496] "N5374|dum_1|178105504|178106839|+|1335"    
[497] "N5374|ten_1|171492437|171493772|+|1335"    
[498] "_R_N5374|dum_9|129257480|129258604|+|1124" 
[499] "N5374|ten_9|50925349|50926462|+|1113"      
[500] "_R_N5374|bic_2|82974506|82975840|+|1334"   
[501] "N5374|sar_2|245939320|245940648|+|1328"    
[502] "_R_N5374|dum_1|284395626|284396956|+|1330" 
[503] "N5374|dum_9|105999624|106000919|+|1295"    
[504] "_R_N5374|ten_9|74255094|74256400|+|1306"   
[505] "N5374|dum_2|258149818|258151153|+|1335"    
[506] "_R_N5374|ten_2|236465723|236467058|+|1335" 
[507] "_R_N5374|dum_10|164129641|164130968|+|1327"
[508] "N5374|ten_10|122224548|122225850|+|1302"   
[509] "_R_N5374|sar_13|61998618|61999894|+|1276"  
[510] "_R_N5374|bic_2|164740225|164741563|+|1338" 
[511] "N5374|sar_2|161909135|161910455|+|1320"    
[512] "N5374|bic_13|66586318|66587643|+|1325"     
[513] "N5374|bic_11|18522361|18523537|+|1176"     
[514] "N5374|bic_8|114251455|114252786|+|1331"    
[515] "N5374|bic_8|115090750|115092082|+|1332"    
[516] "N5374|lin_14|48582253|48583446|+|1193"     
[517] "N5374|bic_2|9826824|9827968|+|1144"        
[518] "_R_N5374|lin_9|63095779|63096989|+|1210"   
[519] "N5374|lin_4|42664181|42665192|+|1011"      
[520] "_R_N5374|bic_7|165166351|165167616|+|1265" 
[521] "_R_N5374|mim_7|152939663|152941010|+|1347" 
[522] "N5374|mim_9|96107296|96108271|+|975"       
[523] "N5374|bic_8|86793153|86794132|+|979"       
[524] "_R_N5374|ten_5|129641584|129642862|+|1278" 
[525] "N5374|mim_8|90296978|90298297|+|1319"      
[526] "N5374|mim_8|30340030|30341286|+|1256"      
[527] "N5374|lin_6|75156950|75157940|+|990"       
[528] "N5374|mim_7|84607603|84608900|+|1297"      
[529] "N5374|bic_8|145711428|145712740|+|1312"    
[530] "_R_N5374|mim_2|111104129|111105286|+|1157" 
[531] "_R_N5374|mim_3|115653462|115654773|+|1311" 
[532] "N5374|mim_12|82543291|82544594|+|1303"     
[533] "N5374|mim_4|72138519|72139829|+|1310"      
[534] "_R_N5374|mim_10|84836460|84837598|+|1138"  
[535] "N5374|bic_2|174460589|174461624|+|1035"    
[536] "_R_N5374|sar_2|152217253|152218307|+|1054" 
[537] "N5374|mim_3|77083322|77084364|+|1042"      
[538] "N5374|mim_10|148214166|148215483|+|1317"   
[539] "_R_N5374|bic_X2|153485281|153486574|+|1293"
[540] "N5374|sar_X2|126078191|126079489|+|1298"   
[541] "_R_N5374|mim_X1|123187257|123188456|+|1199"
[542] "N5374|sar_12|48423435|48424772|+|1337"     
[543] "_R_N5374|mim_1|141028390|141029570|+|1180" 
[544] "_R_N5374|mim_12|115006091|115007417|+|1326"
[545] "N5374|bic_X1|103609122|103610155|+|1033"   
[546] "N5374|sar_X1|105227396|105228421|+|1025"   
[547] "N5374|bic_4|94547689|94548997|+|1308"      
[548] "_R_N5374|sar_4|51802778|51804072|+|1294"   
[549] "N5374|bic_7|968088|969396|+|1308"          
[550] "N5374|bic_1|129453987|129455071|+|1084"    
[551] "N5374|sar_1|143426388|143427497|+|1109"    
[552] "N5374|bic_7|97556236|97557260|+|1024"      
[553] "_R_N5374|sar_3|196393595|196394925|+|1330" 
[554] "_R_N5374|bic_2|172670660|172671744|+|1084" 
[555] "N5374|sar_2|154187476|154188773|+|1297"    
[556] "N5374|bic_2|171175392|171176520|+|1128"    
[557] "_R_N5374|bic_5|120970003|120971318|+|1315" 
[558] "_R_N5374|sar_5|112459860|112461196|+|1336" 
[559] "_R_N5374|bic_9|83655984|83657291|+|1307"   
[560] "N5374|sar_9|175739865|175741178|+|1313"    
[561] "N5374|bic_10|46668702|46669998|+|1296"     
[562] "_R_N5374|sar_10|157448708|157450004|+|1296"
[563] "_R_N5374|sar_3|117481822|117482916|+|1094" 
[564] "N5374|bic_8|83761690|83763009|+|1319"      
[565] "_R_N5374|sar_8|146879359|146880673|+|1314" 
[566] "N5374|bic_13|2277045|2278406|+|1361"       
[567] "_R_N5374|sar_13|186476394|186477724|+|1330"
[568] "_R_N5374|sar_8|138226970|138228135|+|1165" 
[569] "N5374|bic_9|76776390|76777714|+|1324"      
[570] "N5374|bic_4|70549949|70551263|+|1314"      
[571] "N5374|sar_4|73991433|73992749|+|1316"      
[572] "_R_N5374|dum_X1|251030916|251032260|+|1344"
[573] "_R_N5374|ten_X1|229692516|229693860|+|1344"
[574] "_R_N5374|ten_9|125598803|125600137|+|1334" 
[575] "_R_N5374|ten_8|112262408|112263727|+|1319" 
[576] "N5374|bic_X2|193051063|193052385|+|1322"   
[577] "_R_N5374|sar_X2|195378231|195379542|+|1311"
[578] "_R_N5374|bic_X2|197108003|197109313|+|1310"
[579] "_R_N5374|lin_3|58433134|58434452|+|1318"   
[580] "N5374|lin_18|112302629|112303957|+|1328"   
[581] "_R_N5374|lin_7|57003312|57004643|+|1331"   
[582] "_R_N5374|lin_20|11684895|11686223|+|1328"  
[583] "N5374|lin_10|45541825|45543143|+|1318"     
[584] "_R_N5374|lin_1|59357281|59358628|+|1347"   
[585] "N5374|lin_7|46535411|46536747|+|1336"      
[586] "N5374|lin_2|38298053|38299358|+|1305"      
[587] "N5374|lin_12|82718732|82720056|+|1324"     
[588] "N5374|lin_16|94110992|94112257|+|1265"     
[589] "_R_N5374|lin_6|50599227|50600576|+|1349"   
[590] "_R_N5374|lin_8|72652300|72653359|+|1059"   
[591] "N5374|lin_9|13243222|13244530|+|1308"      
[592] "_R_N5374|lin_3|77397930|77399253|+|1323"   
[593] "N5374|lin_10|49619617|49620944|+|1327"     
[594] "_R_N5374|lin_12|102693449|102694639|+|1190"
[595] "N5374|mim_14|19856549|19857885|+|1336"     
[596] "N5374|mim_1|29601963|29603298|+|1335"      
[597] "_R_N5374|mim_10|122702756|122704092|+|1336"
[598] "_R_N5374|mim_13|51099977|51101313|+|1336"  
[599] "_R_N5374|mim_12|103060608|103061944|+|1336"
[600] "N5374|mim_X1|858857|860193|+|1336"         
[601] "_R_N5374|mim_1|126541756|126543086|+|1330" 
[602] "N5374|mim_4|85852991|85854327|+|1336"      
[603] "N5374|mim_13|128143017|128144353|+|1336"   
[604] "N5374|mim_10|31236333|31237669|+|1336"     
[605] "N5374|mim_13|23859131|23860467|+|1336"     
[606] "N5374|mim_X2|130181252|130182606|+|1354"   
[607] "N5374|mim_3|89937919|89939253|+|1334"      
[608] "_R_N5374|mim_4|29519664|29521000|+|1336"   
[609] "N5374|mim_9|107900296|107901632|+|1336"    
[610] "N5374|mim_12|178189174|178190509|+|1335"   
[611] "_R_N5374|mim_7|43017976|43019312|+|1336"   
[612] "_R_N5374|mim_8|96509079|96510415|+|1336"   
[613] "N5374|mim_11|95514380|95515715|+|1335"     
[614] "N5374|mim_11|95537628|95538963|+|1335"     
[615] "N5374|mim_11|95520192|95521527|+|1335"     
[616] "N5374|mim_11|95526004|95527339|+|1335"     
[617] "N5374|mim_11|95543440|95544774|+|1334"     
[618] "N5374|mim_11|95531816|95533151|+|1335"     
[619] "N5374|mim_11|95508567|95509904|+|1337"     
[620] "N5374|mim_8|4607358|4608694|+|1336"        
[621] "_R_N5374|mim_X1|51252016|51253352|+|1336"  
[622] "N5374|mim_6|101757694|101759022|+|1328"    
[623] "N5374|mim_11|58725077|58726413|+|1336"     
[624] "N5374|mim_12|130220727|130222061|+|1334"   
[625] "N5374|mim_14|181152249|181153585|+|1336"   
[626] "N5374|mim_8|82407088|82408422|+|1334"      
[627] "_R_N5374|mim_8|149337594|149338929|+|1335" 
[628] "_R_N5374|mim_5|124283783|124285119|+|1336" 
[629] "_R_N5374|mim_8|112396597|112397933|+|1336" 
[630] "_R_N5374|mim_10|34190105|34191441|+|1336"  
[631] "_R_N5374|mim_9|83341769|83343105|+|1336"   
[632] "N5374|mim_12|105261224|105262560|+|1336"   
[633] "N5374|mim_12|37479176|37480512|+|1336"     
[634] "N5374|mim_13|133681457|133682793|+|1336"   
[635] "N5374|mim_10|50455046|50456382|+|1336"     
[636] "_R_N5374|mim_5|123308279|123309615|+|1336" 
[637] "N5374|mim_7|141152811|141154147|+|1336"    
[638] "N5374|mim_8|118159947|118161286|+|1339"    
[639] "N5374|mim_4|103187509|103188844|+|1335"    
[640] "N5374|mim_9|101989582|101990918|+|1336"    
[641] "N5374|mim_13|137247258|137248594|+|1336"   
[642] "N5374|mim_13|137253625|137254962|+|1337"   
[643] "N5374|mim_7|105384587|105385923|+|1336"    
[644] "_R_N5374|mim_7|117677486|117678822|+|1336" 
[645] "N5374|mim_X1|1630219|1631550|+|1331"       
[646] "N5374|mim_7|95787683|95789018|+|1335"      
[647] "_R_N5374|mim_2|63435950|63437286|+|1336"   
[648] "_R_N5374|mim_3|77840382|77841718|+|1336"   
[649] "N5374|mim_10|46564099|46565435|+|1336"     
[650] "N5374|mim_5|63059177|63060523|+|1346"      
[651] "N5374|mim_3|81976675|81978011|+|1336"      
[652] "_R_N5374|mim_8|2109900|2111236|+|1336"     
[653] "_R_N5374|mim_7|78862375|78863704|+|1329"   
[654] "N5374|mim_12|61383678|61385014|+|1336"     
[655] "_R_N5374|mim_5|38681140|38682466|+|1326"   
[656] "_R_N5374|mim_12|74799728|74801064|+|1336"  
[657] "_R_N5374|mim_11|71621859|71623195|+|1336"  
[658] "N5374|mim_9|69558846|69560188|+|1342"      
[659] "_R_N5374|mim_14|133051105|133052441|+|1336"
[660] "_R_N5374|mim_2|74443579|74444915|+|1336"   
[661] "_R_N5374|mim_13|137861509|137862845|+|1336"
[662] "_R_N5374|mim_X1|172899505|172900841|+|1336"
[663] "N5374|mim_2|84985138|84986474|+|1336"      
[664] "_R_N5374|mim_10|140373238|140374574|+|1336"
[665] "_R_N5374|mim_9|29350517|29351853|+|1336"   
[666] "N5374|mim_12|58827726|58829061|+|1335"     
[667] "N5374|mim_9|8179444|8180780|+|1336"        
[668] "_R_N5374|mim_11|69111811|69113147|+|1336"  
[669] "N5374|mim_7|91226842|91228178|+|1336"      
[670] "N5374|mim_9|2655610|2656946|+|1336"        
[671] "N5374|mim_3|96322876|96324214|+|1338"      
[672] "N5374|mim_2|77330330|77331666|+|1336"      
[673] "N5374|mim_7|16258243|16259579|+|1336"      
[674] "N5374|mim_6|7245108|7246444|+|1336"        
[675] "N5374|mim_11|106401485|106402821|+|1336"   
[676] "_R_N5374|mim_4|66877165|66878501|+|1336"   
[677] "N5374|mim_6|6851799|6853135|+|1336"        
[678] "N5374|mim_9|124910950|124912286|+|1336"    
[679] "_R_N5374|mim_5|109424519|109425855|+|1336" 
[680] "_R_N5374|mim_10|123041723|123043059|+|1336"
[681] "N5374|mim_X2|125198869|125200205|+|1336"   
[682] "N5374|mim_11|94380731|94382068|+|1337"     
[683] "_R_N5374|mim_11|94478592|94479929|+|1337"  
[684] "_R_N5374|mim_14|36425333|36426669|+|1336"  
[685] "N5374|mim_11|186489828|186491164|+|1336"   
[686] "_R_N5374|mim_14|12707200|12708536|+|1336"  
[687] "_R_N5374|mim_1|17511908|17513243|+|1335"   
[688] "N5374|mim_13|46089858|46091192|+|1334"     
[689] "_R_N5374|mim_10|90986214|90987550|+|1336"  
[690] "_R_N5374|mim_9|20777626|20778961|+|1335"   
[691] "_R_N5374|mim_12|85957532|85958868|+|1336"  
[692] "N5374|mim_X2|101042496|101043832|+|1336"   
[693] "N5374|mim_9|103730704|103732040|+|1336"    
[694] "N5374|mim_4|119774148|119775484|+|1336"    
[695] "N5374|mim_X2|159497565|159498900|+|1335"   
[696] "N5374|mim_X2|47137759|47139093|+|1334"     
[697] "N5374|mim_10|150438778|150440114|+|1336"   
[698] "_R_N5374|mim_9|142043538|142044873|+|1335" 
[699] "_R_N5374|mim_3|33488444|33489780|+|1336"   
[700] "_R_N5374|mim_9|176363995|176365325|+|1330" 
[701] "_R_N5374|mim_9|211885164|211886500|+|1336" 
[702] "_R_N5374|mim_8|119378770|119380106|+|1336" 
[703] "N5374|mim_5|92233152|92234472|+|1320"      
[704] "_R_N5374|mim_7|113874245|113875564|+|1319" 
[705] "N5374|mim_9|136116738|136118045|+|1307"    
[706] "_R_N5374|mim_11|2910777|2912090|+|1313"    
[707] "_R_N5374|mim_5|83877097|83878382|+|1285"   
[708] "_R_N5374|mim_5|83887705|83888990|+|1285"   
[709] "_R_N5374|mim_5|83893009|83894294|+|1285"   
[710] "_R_N5374|mim_5|83866489|83867774|+|1285"   
[711] "_R_N5374|mim_5|83871793|83873078|+|1285"   
[712] "_R_N5374|mim_5|83882401|83883686|+|1285"   
[713] "_R_N5374|mim_5|85288431|85289767|+|1336"   
[714] "_R_N5374|mim_14|59646404|59647739|+|1335"  
[715] "N5374|mim_11|91222532|91223868|+|1336"     
[716] "N5374|mim_8|94414619|94415955|+|1336"      
[717] "N5374|mim_10|101788145|101789451|+|1306"   
[718] "N5374|mim_12|45694561|45695896|+|1335"     
[719] "_R_N5374|mim_12|45718463|45719798|+|1335"  
[720] "N5374|mim_14|9063197|9064532|+|1335"       
[721] "_R_N5374|mim_10|84781126|84782458|+|1332"  
[722] "N5374|mim_14|52063151|52064482|+|1331"     
[723] "_R_N5374|mim_2|3103336|3104410|+|1074"     
[724] "N5374|sar_10|60166494|60167827|+|1333"     
[725] "N5374|bic_10|41269490|41270824|+|1334"     
[726] "_R_N5374|sar_3|135787248|135788591|+|1343" 
[727] "_R_N5374|bic_14|111736029|111737364|+|1335"
[728] "N5374|sar_1|131506388|131507708|+|1320"    
[729] "N5374|bic_4|106797562|106798895|+|1333"    
[730] "_R_N5374|bic_7|80715415|80716756|+|1341"   
[731] "N5374|sar_7|125382486|125383831|+|1345"    
[732] "N5374|bic_7|79860930|79862265|+|1335"      
[733] "N5374|bic_2|70141150|70142485|+|1335"      
[734] "_R_N5374|bic_3|84467472|84468804|+|1332"   
[735] "N5374|bic_3|25567965|25569296|+|1331"      
[736] "N5374|sar_3|90486665|90488003|+|1338"      
[737] "N5374|bic_11|162093509|162094834|+|1325"   
[738] "N5374|sar_9|137995168|137996504|+|1336"    
[739] "N5374|sar_12|62632655|62633987|+|1332"     
[740] "N5374|bic_11|129243188|129244524|+|1336"   
[741] "N5374|bic_3|70365640|70366824|+|1184"      
[742] "N5374|bic_3|120848408|120849741|+|1333"    
[743] "N5374|sar_3|137962412|137963744|+|1332"    
[744] "N5374|sar_7|73487968|73489152|+|1184"      
[745] "_R_N5374|bic_2|62549770|62551105|+|1335"   
[746] "N5374|sar_2|269563993|269565329|+|1336"    
[747] "_R_N5374|bic_6|26697249|26698585|+|1336"   
[748] "N5374|sar_5|154084361|154085690|+|1329"    
[749] "_R_N5374|bic_9|159160731|159162055|+|1324" 
[750] "_R_N5374|bic_9|72150809|72151886|+|1077"   
[751] "N5374|bic_2|82785316|82786490|+|1174"      
[752] "_R_N5374|sar_4|100199552|100200887|+|1335" 
[753] "_R_N5374|sar_4|100275259|100276594|+|1335" 
[754] "_R_N5374|sar_4|100300175|100301509|+|1334" 
[755] "_R_N5374|sar_4|100224272|100225606|+|1334" 
[756] "_R_N5374|sar_4|100249797|100251131|+|1334" 
[757] "_R_N5374|bic_13|8026248|8027590|+|1342"    
[758] "_R_N5374|bic_6|64176944|64178280|+|1336"   
[759] "_R_N5374|bic_14|96326289|96327624|+|1335"  
[760] "_R_N5374|bic_2|130710623|130711959|+|1336" 
[761] "_R_N5374|bic_2|132370516|132371854|+|1338" 
[762] "N5374|bic_4|37103006|37104343|+|1337"      
[763] "N5374|bic_11|95887876|95889211|+|1335"     
[764] "N5374|bic_3|164147580|164148917|+|1337"    
[765] "_R_N5374|bic_11|110243902|110245238|+|1336"
[766] "N5374|sar_8|135022840|135024178|+|1338"    
[767] "N5374|bic_13|71023462|71024798|+|1336"     
[768] "N5374|bic_8|120545396|120546732|+|1336"    
[769] "N5374|bic_X2|48952905|48954241|+|1336"     
[770] "_R_N5374|bic_8|22214256|22215592|+|1336"   
[771] "N5374|bic_7|105523596|105524933|+|1337"    
[772] "N5374|bic_7|105584177|105585513|+|1336"    
[773] "N5374|sar_9|10770679|10772015|+|1336"      
[774] "N5374|sar_10|87879909|87881245|+|1336"     
[775] "_R_N5374|sar_7|39654978|39656314|+|1336"   
[776] "_R_N5374|bic_7|46900580|46901916|+|1336"   
[777] "N5374|bic_4|103647713|103649047|+|1334"    
[778] "N5374|bic_14|91194299|91195635|+|1336"     
[779] "_R_N5374|bic_12|77410841|77412176|+|1335"  
[780] "_R_N5374|bic_9|160738679|160740004|+|1325" 
[781] "N5374|sar_4|146517287|146518610|+|1323"    
[782] "N5374|bic_X1|163465433|163466766|+|1333"   
[783] "_R_N5374|sar_9|59956752|59958088|+|1336"   
[784] "N5374|sar_8|141891576|141892915|+|1339"    
[785] "N5374|sar_2|84457973|84459297|+|1324"      
[786] "N5374|bic_11|181490908|181492241|+|1333"   
[787] "_R_N5374|bic_9|120158808|120160143|+|1335" 
[788] "_R_N5374|bic_7|41342519|41343856|+|1337"   
[789] "N5374|bic_5|106772801|106774123|+|1322"    
[790] "N5374|bic_8|59228215|59229547|+|1332"      
[791] "N5374|bic_3|18615782|18617134|+|1352"      
[792] "N5374|sar_14|135020023|135021359|+|1336"   
[793] "N5374|sar_10|157297750|157299090|+|1340"   
[794] "N5374|sar_2|244375204|244376541|+|1337"    
[795] "_R_N5374|sar_X2|136964945|136966280|+|1335"
[796] "_R_N5374|bic_5|55835274|55836612|+|1338"   
[797] "N5374|bic_7|87256980|87258319|+|1339"      
[798] "_R_N5374|sar_5|64029610|64030932|+|1322"   
[799] "_R_N5374|bic_7|116278034|116279362|+|1328" 
[800] "N5374|sar_7|83417782|83419110|+|1328"      
[801] "_R_N5374|bic_13|78723731|78725064|+|1333"  
[802] "_R_N5374|bic_9|143876277|143877613|+|1336" 
[803] "_R_N5374|bic_4|122455065|122456401|+|1336" 
[804] "_R_N5374|bic_9|144589914|144591249|+|1335" 
[805] "N5374|bic_2|227461583|227462943|+|1360"    
[806] "N5374|bic_3|207160401|207161761|+|1360"    
[807] "_R_N5374|bic_6|1130472|1131833|+|1361"     
[808] "N5374|bic_8|214609344|214610705|+|1361"    
[809] "N5374|sar_2|54847350|54848682|+|1332"      
[810] "N5374|bic_3|40877468|40878800|+|1332"      
[811] "N5374|bic_3|64297881|64299213|+|1332"      
[812] "N5374|bic_2|56334287|56335603|+|1316"      
[813] "_R_N5374|sar_2|275316506|275317809|+|1303" 
[814] "N5374|bic_12|135280774|135282131|+|1357"   
[815] "_R_N5374|bic_12|50791524|50792848|+|1324"  
[816] "_R_N5374|bic_4|112671782|112673115|+|1333" 
[817] "N5374|bic_9|137807635|137808965|+|1330"    
[818] "_R_N5374|sar_11|190779547|190780878|+|1331"
[819] "N5374|bic_3|207695598|207696880|+|1282"    
[820] "_R_N5374|bic_4|935963|937245|+|1282"       
[821] "N5374|bic_2|227982145|227983425|+|1280"    
[822] "N5374|bic_9|8541239|8542539|+|1300"        
[823] "_R_N5374|sar_7|93943510|93944844|+|1334"   
[824] "N5374|sar_2|148607355|148608663|+|1308"    
[825] "N5374|bic_8|19618852|19620188|+|1336"      
[826] "N5374|bic_4|8729251|8730590|+|1339"        
[827] "_R_N5374|bic_8|38147743|38149079|+|1336"   
[828] "_R_N5374|bic_13|152036271|152037606|+|1335"
[829] "N5374|bic_2|126540230|126541566|+|1336"    
[830] "_R_N5374|bic_1|51282263|51283598|+|1335"   
[831] "_R_N5374|bic_3|124673691|124675027|+|1336" 
[832] "N5374|bic_14|65825284|65826619|+|1335"     
[833] "N5374|bic_3|123774712|123776046|+|1334"    
[834] "N5374|bic_14|8116844|8118180|+|1336"       
[835] "N5374|bic_1|96168255|96169589|+|1334"      
[836] "_R_N5374|bic_10|125688284|125689620|+|1336"
[837] "_R_N5374|bic_14|92399964|92401299|+|1335"  
[838] "N5374|bic_12|145576080|145577417|+|1337"   
[839] "_R_N5374|bic_14|73761114|73762450|+|1336"  
[840] "_R_N5374|bic_8|70375257|70376591|+|1334"   
[841] "N5374|bic_12|178995351|178996692|+|1341"   
[842] "N5374|bic_4|83008280|83009616|+|1336"      
[843] "_R_N5374|bic_X1|97948189|97949526|+|1337"  
[844] "_R_N5374|bic_X1|97959817|97961154|+|1337"  
[845] "_R_N5374|bic_X1|97954004|97955341|+|1337"  
[846] "N5374|bic_5|86900215|86901551|+|1336"      
[847] "_R_N5374|bic_11|128103115|128104451|+|1336"
[848] "_R_N5374|bic_8|2175943|2177279|+|1336"     
[849] "_R_N5374|bic_9|125919415|125920751|+|1336" 
[850] "_R_N5374|bic_12|52445333|52446668|+|1335"  
[851] "N5374|sar_7|108596876|108598208|+|1332"    
[852] "_R_N5374|bic_3|55371541|55372877|+|1336"   
[853] "N5374|bic_9|121752491|121753827|+|1336"    
[854] "N5374|bic_14|126100311|126101647|+|1336"   
[855] "_R_N5374|bic_13|23350549|23351570|+|1021"  
[856] "_R_N5374|bic_12|110602991|110604319|+|1328"
[857] "_R_N5374|bic_2|53008441|53009766|+|1325"   
[858] "_R_N5374|bic_3|71434936|71436271|+|1335"   
[859] "_R_N5374|bic_3|71446536|71447871|+|1335"   
[860] "_R_N5374|bic_3|71458136|71459471|+|1335"   
[861] "_R_N5374|bic_3|71452336|71453671|+|1335"   
[862] "_R_N5374|bic_3|71440736|71442071|+|1335"   
[863] "_R_N5374|bic_3|71429136|71430471|+|1335"   
[864] "_R_N5374|bic_3|71423335|71424671|+|1336"   
[865] "_R_N5374|sar_10|112517866|112519199|+|1333"
[866] "_R_N5374|bic_12|155305871|155307204|+|1333"
[867] "_R_N5374|bic_2|112822183|112823516|+|1333" 
[868] "N5374|bic_10|91669239|91670318|+|1079"     
[869] "N5374|bic_13|65587893|65589224|+|1331"     
[870] "N5374|sar_4|112285592|112286929|+|1337"    
[871] "_R_N5374|bic_13|78554019|78555266|+|1247"  
[872] "N5374|bic_3|70018261|70019594|+|1333"      
[873] "N5374|sar_9|42659113|42660457|+|1344"      
[874] "N5374|bic_12|153731277|153732603|+|1326"   
[875] "N5374|bic_7|110705860|110707186|+|1326"    
[876] "N5374|bic_3|32300517|32301568|+|1051"      
[877] "N5374|bic_3|32307632|32308966|+|1334"      
[878] "_R_N5374|bic_5|55748285|55749620|+|1335"   
[879] "_R_N5374|bic_7|16831718|16833044|+|1326"   
[880] "N5374|bic_8|51763845|51765176|+|1331"      
[881] "_R_N5374|bic_7|98215022|98216349|+|1327"   
[882] "_R_N5374|bic_2|84817258|84818579|+|1321"   
[883] "_R_N5374|bic_2|88454782|88456115|+|1333"   
[884] "_R_N5374|bic_2|52720822|52722154|+|1332"   
[885] "_R_N5374|bic_2|52730885|52732216|+|1331"   
[886] "_R_N5374|bic_2|52751099|52752430|+|1331"   
[887] "_R_N5374|bic_2|52741322|52742368|+|1046"   
[888] "_R_N5374|bic_14|101263556|101264888|+|1332"
[889] "N5374|bic_11|22864291|22865629|+|1338"     
[890] "_R_N5374|bic_2|135960074|135961409|+|1335" 
[891] "N5374|bic_13|60499473|60500805|+|1332"     
[892] "N5374|bic_11|14637290|14638614|+|1324"     
[893] "_R_N5374|bic_5|121011623|121012952|+|1329" 
[894] "N5374|bic_4|79009274|79010609|+|1335"      
[895] "_R_N5374|bic_14|22272129|22273465|+|1336"  
[896] "_R_N5374|bic_7|95533839|95535173|+|1334"   
[897] "N5374|bic_7|43701860|43703196|+|1336"      
[898] "N5374|sar_13|166315849|166317185|+|1336"   
[899] "N5374|bic_3|146105229|146106587|+|1358"    
[900] "N5374|bic_3|61666054|61667390|+|1336"      
[901] "N5374|bic_7|150347337|150348672|+|1335"    
[902] "_R_N5374|bic_8|120089905|120091236|+|1331" 
[903] "_R_N5374|bic_9|154345888|154347224|+|1336" 
[904] "N5374|bic_11|73770727|73772064|+|1337"     
[905] "N5374|bic_14|70909275|70910611|+|1336"     
[906] "_R_N5374|bic_6|68010387|68011706|+|1319"   
[907] "_R_N5374|bic_8|99004158|99005494|+|1336"   
[908] "_R_N5374|bic_12|151111251|151112583|+|1332"
[909] "_R_N5374|bic_11|156446313|156447649|+|1336"
[910] "N5374|bic_14|10020501|10021837|+|1336"     
[911] "_R_N5374|sar_9|46583518|46584854|+|1336"   
[912] "_R_N5374|sar_1|119614533|119615861|+|1328" 
[913] "N5374|bic_8|172604582|172605923|+|1341"    
[914] "N5374|bic_3|104343795|104345130|+|1335"    
[915] "N5374|bic_3|132438156|132439481|+|1325"    
[916] "N5374|bic_2|124312792|124314124|+|1332"    
[917] "N5374|bic_13|71457141|71458475|+|1334"     
[918] "N5374|sar_5|97854435|97855722|+|1287"      
[919] "N5374|bic_9|110384596|110385932|+|1336"    
[920] "N5374|bic_9|110408409|110409745|+|1336"    
[921] "_R_N5374|sar_3|51647149|51648453|+|1304"   
[922] "N5374|bic_7|160247740|160249071|+|1331"    
[923] "N5374|bic_2|42754164|42755494|+|1330"      
[924] "N5374|bic_1|151331740|151333074|+|1334"    
[925] "_R_N5374|bic_5|54018506|54019839|+|1333"   
[926] "N5374|bic_1|130359587|130360921|+|1334"    
[927] "N5374|bic_10|139122280|139123613|+|1333"   
[928] "_R_N5374|bic_1|90271232|90272566|+|1334"   
[929] "_R_N5374|sar_1|57171002|57172332|+|1330"   
[930] "_R_N5374|sar_1|105494772|105496105|+|1333" 
[931] "N5374|bic_5|94862058|94863378|+|1320"      
[932] "N5374|bic_7|106945661|106946997|+|1336"    
[933] "_R_N5374|bic_12|83045529|83046794|+|1265"  
[934] "N5374|bic_13|38072510|38073846|+|1336"     
[935] "N5374|bic_11|160591737|160593079|+|1342"   
[936] "N5374|bic_9|63726436|63727771|+|1335"      
[937] "_R_N5374|sar_1|47486886|47488221|+|1335"   
[938] "N5374|sar_5|36476480|36477598|+|1118"      
[939] "_R_N5374|bic_3|117939661|117940994|+|1333" 
[940] "_R_N5374|bic_6|26221217|26222553|+|1336"   
[941] "_R_N5374|sar_14|100435441|100436777|+|1336"
[942] "N5374|bic_1|126006237|126007572|+|1335"    
[943] "_R_N5374|bic_8|25497641|25498977|+|1336"   
[944] "N5374|bic_2|223299724|223301055|+|1331"    
[945] "_R_N5374|bic_4|1410736|1412071|+|1335"     
[946] "N5374|bic_3|163397732|163399058|+|1326"    
[947] "N5374|bic_13|86696445|86697771|+|1326"     
[948] "N5374|bic_8|191755997|191757333|+|1336"    
[949] "N5374|bic_11|40859445|40860778|+|1333"     
[950] "_R_N5374|bic_3|11528721|11530057|+|1336"   
[951] "N5374|bic_13|137733574|137734910|+|1336"   
[952] "_R_N5374|bic_X1|104513690|104515026|+|1336"
[953] "N5374|bic_1|85795899|85797235|+|1336"      
[954] "N5374|bic_X1|175656954|175658290|+|1336"   
[955] "N5374|bic_X2|57236721|57238057|+|1336"     
[956] "N5374|bic_1|46488989|46490325|+|1336"      
[957] "_R_N5374|bic_13|95531638|95532974|+|1336"  
[958] "_R_N5374|bic_3|80955055|80956390|+|1335"   
[959] "N5374|bic_14|119752005|119753341|+|1336"   
[960] "N5374|bic_11|159948173|159949507|+|1334"   
[961] "N5374|bic_1|19084150|19085480|+|1330"      
