jobinfo 30048629
getting scaled timeline
  [1] "_R_N2128|dum_2|12245993|12247846|+|1853"
  [2] "_R_N2128|dum_2|12250605|12252457|+|1852"
  [3] "_R_N2128|dum_2|12305916|12307769|+|1853"
  [4] "_R_N2128|dum_2|12285189|12287042|+|1853"
  [5] "_R_N2128|dum_2|12296704|12298557|+|1853"
  [6] "_R_N2128|dum_2|12287492|12289345|+|1853"
  [7] "_R_N2128|dum_2|12289795|12291648|+|1853"
  [8] "_R_N2128|dum_2|12299007|12300860|+|1853"
  [9] "_R_N2128|dum_2|12301310|12303163|+|1853"
 [10] "_R_N2128|dum_2|12292098|12293951|+|1853"
 [11] "_R_N2128|dum_2|12303613|12305466|+|1853"
 [12] "_R_N2128|dum_2|12280579|12282432|+|1853"
 [13] "_R_N2128|dum_2|12192868|12194730|+|1862"
 [14] "_R_N2128|dum_2|12195183|12197045|+|1862"
 [15] "_R_N2128|dum_2|12264438|12266291|+|1853"
 [16] "_R_N2128|dum_2|12266741|12268594|+|1853"
 [17] "_R_N2128|dum_2|12488301|12490144|+|1843"
 [18] "_R_N2128|dum_2|12490603|12492446|+|1843"
 [19] "_R_N2128|dum_2|12492904|12494747|+|1843"
 [20] "_R_N2128|dum_2|12239086|12240940|+|1854"
 [21] "_R_N2128|dum_2|12269049|12270902|+|1853"
 [22] "_R_N2128|dum_2|12213681|12215534|+|1853"
 [23] "_R_N2128|dum_2|12234469|12236322|+|1853"
 [24] "_R_N2128|dum_2|12236775|12238628|+|1853"
 [25] "_R_N2128|dum_2|12271357|12273209|+|1852"
 [26] "_R_N2128|dum_2|12197497|12199356|+|1859"
 [27] "_R_N2128|dum_2|12215987|12217839|+|1852"
 [28] "_R_N2128|dum_2|12262130|12263982|+|1852"
 [29] "_R_N2128|dum_2|12241390|12243242|+|1852"
 [30] "_R_N2128|dum_2|12243692|12245543|+|1851"
 [31] "_R_N2128|dum_2|12255214|12257066|+|1852"
 [32] "_R_N2128|dum_2|12257516|12259368|+|1852"
 [33] "_R_N2128|dum_2|12259822|12261674|+|1852"
 [34] "_R_N2128|dum_2|12248302|12250155|+|1853"
 [35] "_R_N2128|dum_2|12252911|12254764|+|1853"
 [36] "_R_N2128|dum_2|12273664|12275516|+|1852"
 [37] "_R_N2128|dum_2|12275971|12277822|+|1851"
 [38] "_R_N2128|dum_2|12282886|12284739|+|1853"
 [39] "_R_N2128|dum_2|12294401|12296254|+|1853"
 [40] "_R_N2128|dum_2|12278276|12280129|+|1853"
 [41] "_R_N2128|dum_2|12188243|12190095|+|1852"
 [42] "_R_N2128|dum_2|12169766|12171619|+|1853"
 [43] "_R_N2128|dum_2|12172068|12173921|+|1853"
 [44] "_R_N2128|dum_2|12202145|12204009|+|1864"
 [45] "_R_N2128|dum_2|12222938|12224802|+|1864"
 [46] "_R_N2128|dum_2|12190555|12192418|+|1863"
 [47] "_R_N2128|dum_2|12185919|12187781|+|1862"
 [48] "_R_N2128|dum_2|12206762|12208615|+|1853"
 [49] "_R_N2128|dum_2|12227555|12229408|+|1853"
 [50] "_R_N2128|dum_2|12229858|12231711|+|1853"
 [51] "_R_N2128|dum_2|12232161|12234014|+|1853"
 [52] "_R_N2128|dum_2|12209065|12210918|+|1853"
 [53] "_R_N2128|dum_2|12211373|12213226|+|1853"
 [54] "_R_N2128|dum_2|12204459|12206312|+|1853"
 [55] "_R_N2128|dum_2|12225252|12227105|+|1853"
 [56] "_R_N2128|dum_2|12181296|12183158|+|1862"
 [57] "_R_N2128|dum_2|12183608|12185470|+|1862"
 [58] "_R_N2128|dum_2|12176680|12178540|+|1860"
 [59] "_R_N2128|dum_2|12174379|12176231|+|1852"
 [60] "_R_N2128|dum_2|12178995|12180846|+|1851"
 [61] "_R_N2128|dum_2|12199811|12201668|+|1857"
 [62] "_R_N2128|dum_2|12220602|12222459|+|1857"
 [63] "_R_N2128|dum_2|12218292|12220149|+|1857"
 [64] "_R_N2128|dum_2|12023975|12025828|+|1853"
 [65] "_R_N2128|dum_2|12030904|12032757|+|1853"
 [66] "_R_N2128|dum_2|12035535|12037381|+|1846"
 [67] "_R_N2128|dum_2|12040169|12042015|+|1846"
 [68] "_R_N2128|dum_2|12033213|12035066|+|1853"
 [69] "_R_N2128|dum_2|12028589|12030442|+|1853"
 [70] "_R_N2128|dum_2|12019343|12021196|+|1853"
 [71] "_R_N2128|dum_2|12021660|12023513|+|1853"
 [72] "_R_N2128|dum_2|11987031|11988884|+|1853"
 [73] "_R_N2128|dum_2|11973174|11975026|+|1852"
 [74] "_R_N2128|dum_2|11963946|11965804|+|1858"
 [75] "_R_N2128|dum_2|11968554|11970412|+|1858"
 [76] "_R_N2128|dum_2|11977791|11979649|+|1858"
 [77] "_R_N2128|dum_2|11982411|11984269|+|1858"
 [78] "_R_N2128|dum_2|11980101|11981959|+|1858"
 [79] "_R_N2128|dum_2|11984721|11986579|+|1858"
 [80] "_R_N2128|dum_2|11989336|11991194|+|1858"
 [81] "_R_N2128|dum_2|11993959|11995817|+|1858"
 [82] "_R_N2128|dum_2|11975478|11977339|+|1861"
 [83] "_R_N2128|dum_2|11970864|11972722|+|1858"
 [84] "_R_N2128|dum_2|11991636|11993493|+|1857"
 [85] "_R_N2128|dum_2|11996259|11998116|+|1857"
 [86] "_R_N2128|dum_2|12135112|12136959|+|1847"
 [87] "_R_N2128|dum_2|12139753|12141600|+|1847"
 [88] "_R_N2128|dum_2|12121218|12123065|+|1847"
 [89] "_R_N2128|dum_2|12123528|12125375|+|1847"
 [90] "_R_N2128|dum_2|12151339|12153189|+|1850"
 [91] "_R_N2128|dum_2|12128152|12129999|+|1847"
 [92] "_R_N2128|dum_2|12132786|12134633|+|1847"
 [93] "_R_N2128|dum_2|12144396|12146243|+|1847"
 [94] "_R_N2128|dum_2|12149029|12150876|+|1847"
 [95] "_R_N2128|dum_2|12130463|12132310|+|1847"
 [96] "_R_N2128|dum_2|12146707|12148555|+|1848"
 [97] "_R_N2128|dum_2|12125838|12127689|+|1851"
 [98] "_R_N2128|dum_2|12137423|12139274|+|1851"
 [99] "_R_N2128|dum_2|12142064|12143915|+|1851"
[100] "_R_N2128|dum_2|12116600|12118447|+|1847"
[101] "_R_N2128|dum_2|12118911|12120759|+|1848"
[102] "_R_N2128|dum_2|12111976|12113827|+|1851"
[103] "_R_N2128|dum_2|12114286|12116137|+|1851"
[104] "_R_N2128|dum_2|12091073|12092924|+|1851"
[105] "_R_N2128|dum_2|12095727|12097578|+|1851"
[106] "_R_N2128|dum_2|12098037|12099888|+|1851"
[107] "_R_N2128|dum_2|12100346|12102197|+|1851"
[108] "_R_N2128|dum_2|12109645|12111496|+|1851"
[109] "_R_N2128|dum_2|12074824|12076679|+|1855"
[110] "_R_N2128|dum_2|12081777|12083628|+|1851"
[111] "_R_N2128|dum_2|12084106|12085957|+|1851"
[112] "_R_N2128|dum_2|12088753|12090604|+|1851"
[113] "_R_N2128|dum_2|12077145|12078996|+|1851"
[114] "_R_N2128|dum_2|12086425|12088276|+|1851"
[115] "_R_N2128|dum_2|12079455|12081306|+|1851"
[116] "_R_N2128|dum_2|12072502|12074353|+|1851"
[117] "_R_N2128|dum_2|12070182|12072033|+|1851"
[118] "_R_N2128|dum_2|12067863|12069714|+|1851"
[119] "_R_N2128|dum_2|12065554|12067405|+|1851"
[120] "_R_N2128|dum_2|12063240|12065091|+|1851"
[121] "_R_N2128|dum_2|12102677|12104528|+|1851"
[122] "_R_N2128|dum_2|12105007|12106858|+|1851"
[123] "_R_N2128|dum_2|12107329|12109180|+|1851"
[124] "_R_N2128|dum_2|12093394|12095245|+|1851"
[125] "_R_N2128|dum_2|12056292|12058142|+|1850"
[126] "_R_N2128|dum_2|12060923|12062775|+|1852"
[127] "_R_N2128|dum_2|12026280|12028133|+|1853"
[128] "_R_N2128|dum_2|12037855|12039706|+|1851"
[129] "_R_N2128|dum_2|11961648|11963494|+|1846"
[130] "_R_N2128|dum_2|11966256|11968102|+|1846"
[131] "_R_N2128|dum_2|11959343|11961190|+|1847"
[132] "_R_N2128|dum_2|12000884|12002731|+|1847"
[133] "_R_N2128|dum_2|12005496|12007343|+|1847"
[134] "_R_N2128|dum_2|12003192|12005044|+|1852"
[135] "_R_N2128|dum_2|12007803|12009655|+|1852"
[136] "_R_N2128|dum_2|11998584|12000432|+|1848"
[137] "_R_N2128|dum_2|12058609|12060462|+|1853"
[138] "_R_N2128|dum_2|12153642|12155492|+|1850"
[139] "_R_N2128|dum_2|12155946|12157799|+|1853"
[140] "_R_N2128|dum_2|12158251|12160104|+|1853"
[141] "_R_N2128|dum_2|12165163|12167017|+|1854"
[142] "_R_N2128|dum_2|12167468|12169316|+|1848"
[143] "_R_N2128|dum_2|12160556|12162410|+|1854"
[144] "_R_N2128|dum_2|12162860|12164713|+|1853"
[145] "_R_N2128|dum_2|12044782|12046632|+|1850"
[146] "_R_N2128|dum_2|12042482|12044332|+|1850"
[147] "_R_N2128|dum_2|12047083|12048936|+|1853"
[148] "_R_N2128|dum_2|12049387|12051239|+|1852"
[149] "_R_N2128|dum_2|12051685|12053539|+|1854"
[150] "_R_N2128|dum_2|12053989|12055842|+|1853"
[151] "_R_N2128|dum_2|11906339|11908182|+|1843"
[152] "_R_N2128|dum_2|11924656|11926498|+|1842"
[153] "_R_N2128|dum_2|11920074|11921926|+|1852"
[154] "_R_N2128|dum_2|12314094|12315937|+|1843"
[155] "_R_N2128|dum_2|12323968|12325811|+|1843"
[156] "_R_N2128|dum_2|12328905|12330748|+|1843"
[157] "_R_N2128|dum_2|12343716|12345559|+|1843"
[158] "_R_N2128|dum_2|12348653|12350496|+|1843"
[159] "_R_N2128|dum_2|12353590|12355433|+|1843"
[160] "_R_N2128|dum_2|12358527|12360370|+|1843"
[161] "_R_N2128|dum_2|12368401|12370244|+|1843"
[162] "_R_N2128|dum_2|12383212|12385055|+|1843"
[163] "_R_N2128|dum_2|12414727|12416570|+|1843"
[164] "_R_N2128|dum_2|12430488|12432331|+|1843"
[165] "_R_N2128|dum_2|12388149|12389992|+|1843"
[166] "_R_N2128|dum_2|12319031|12320874|+|1843"
[167] "_R_N2128|dum_2|12378275|12380118|+|1843"
[168] "_R_N2128|dum_2|12333842|12335685|+|1843"
[169] "_R_N2128|dum_2|12404853|12406696|+|1843"
[170] "_R_N2128|dum_2|12409790|12411633|+|1843"
[171] "_R_N2128|dum_2|12425551|12427394|+|1843"
[172] "_R_N2128|dum_2|12363464|12365307|+|1843"
[173] "_R_N2128|dum_2|12373338|12375181|+|1843"
[174] "_R_N2128|dum_2|12338779|12340622|+|1843"
[175] "_R_N2128|dum_2|12495199|12497048|+|1849"
[176] "_R_N2128|ten_2|16438585|16440434|+|1849"
[177] "_R_N2128|ten_2|16440885|16442734|+|1849"
[178] "_R_N2128|ten_2|16443185|16445047|+|1862"
[179] "_R_N2128|ten_2|16445527|16447377|+|1850"
[180] "_R_N2128|ten_2|16447846|16449696|+|1850"
[181] "_R_N2128|ten_2|16450170|16451725|+|1555"
[182] "_R_N2128|dum_2|11922357|11924203|+|1846"
[183] "_R_N2128|dum_2|11926929|11928773|+|1844"
[184] "_R_N2128|dum_2|11897179|11899025|+|1846"
[185] "_R_N2128|dum_2|11901746|11903592|+|1846"
[186] "_R_N2128|dum_2|11908613|11910470|+|1857"
[187] "_R_N2128|dum_2|11899477|11901318|+|1841"
[188] "_R_N2128|dum_2|11904044|11905885|+|1841"
[189] "_R_N2128|dum_2|11910899|11912739|+|1840"
[190] "_R_N2128|dum_2|11913192|11915032|+|1840"
[191] "_R_N2128|dum_2|11915485|11917325|+|1840"
[192] "_R_N2128|dum_2|11929229|11931069|+|1840"
[193] "_R_N2128|dum_2|11917779|11919620|+|1841"
[194] "_R_N2128|dum_2|11894906|11896750|+|1844"
[195] "N2128|dum_3|57997479|57999337|+|1858"   
[196] "N2128|dum_3|58006919|58008782|+|1863"   
[197] "N2128|dum_3|58009258|58011118|+|1860"   
[198] "N2128|dum_3|58004558|58006455|+|1897"   
[199] "_R_N2128|ten_2|16428683|16430573|+|1890"
[200] "N2128|dum_11|5422594|5425554|+|2960"    
[201] "N2128|dum_11|5407564|5411321|+|3757"    
[202] "N2128|dum_11|5411797|5415555|+|3758"    
[203] "N2128|dum_11|5374889|5376750|+|1861"    
[204] "N2128|dum_11|5379585|5381446|+|1861"    
[205] "N2128|dum_11|5388916|5390777|+|1861"    
[206] "N2128|dum_11|5400579|5402440|+|1861"    
[207] "N2128|dum_11|5402909|5404770|+|1861"    
[208] "N2128|dum_11|5405239|5407100|+|1861"    
[209] "N2128|dum_11|5398253|5400114|+|1861"    
[210] "N2128|dum_11|5372560|5374421|+|1861"    
[211] "N2128|dum_11|5386584|5388445|+|1861"    
[212] "N2128|dum_11|5395919|5397780|+|1861"    
[213] "N2128|dum_11|5377286|5379116|+|1830"    
[214] "N2128|dum_11|5349711|5351571|+|1860"    
[215] "N2128|dum_11|5360907|5362767|+|1860"    
[216] "N2128|dum_11|5367885|5369745|+|1860"    
[217] "N2128|dum_11|5326300|5328160|+|1860"    
[218] "N2128|dum_11|5328634|5332384|+|3750"    
[219] "N2128|dum_11|5370230|5372087|+|1857"    
[220] "N2128|dum_11|5393582|5395442|+|1860"    
[221] "N2128|dum_11|5384253|5386113|+|1860"    
[222] "N2128|dum_11|5354362|5356219|+|1857"    
[223] "N2128|dum_11|5365558|5367415|+|1857"    
[224] "N2128|dum_11|5352040|5353900|+|1860"    
[225] "N2128|dum_11|5363236|5365096|+|1860"    
[226] "N2128|dum_11|5381922|5383782|+|1860"    
[227] "N2128|dum_11|5309411|5313162|+|3751"    
[228] "N2128|dum_11|5313647|5317397|+|3750"    
[229] "N2128|dum_11|5317869|5321620|+|3751"    
[230] "N2128|dum_11|5301410|5308940|+|7530"    
[231] "N2128|dum_11|5416031|5419794|+|3763"    
[232] "N2128|dum_11|5420270|5422135|+|1865"    
[233] "N2128|dum_11|5391253|5393113|+|1860"    
[234] "N2128|dum_11|5337056|5340807|+|3751"    
[235] "N2128|dum_11|5332846|5336598|+|3752"    
[236] "N2128|dum_11|5322078|5325829|+|3751"    
[237] "N2128|dum_11|5345490|5349241|+|3751"    
[238] "N2128|dum_11|5356686|5360437|+|3751"    
[239] "N2128|dum_11|5341270|5345021|+|3751"    
[240] "N2128|dum_11|5222236|5224096|+|1860"    
[241] "N2128|dum_11|5231554|5233412|+|1858"    
[242] "N2128|dum_11|5240851|5242711|+|1860"    
[243] "N2128|dum_11|5177927|5179787|+|1860"    
[244] "N2128|dum_11|5182602|5184462|+|1860"    
[245] "N2128|dum_11|5219899|5221758|+|1859"    
[246] "N2128|dum_11|5229218|5231079|+|1861"    
[247] "N2128|dum_11|5233877|5235734|+|1857"    
[248] "N2128|dum_11|5238523|5240380|+|1857"    
[249] "N2128|dum_11|5217573|5219430|+|1857"    
[250] "N2128|dum_11|5212902|5214761|+|1859"    
[251] "N2128|dum_11|5215248|5217103|+|1855"    
[252] "N2128|dum_11|5287431|5289288|+|1857"    
[253] "N2128|dum_11|5292091|5293948|+|1857"    
[254] "N2128|dum_11|5296751|5298608|+|1857"    
[255] "N2128|dum_11|5299085|5300944|+|1859"    
[256] "N2128|dum_11|5264158|5266017|+|1859"    
[257] "N2128|dum_11|5285112|5286960|+|1848"    
[258] "N2128|dum_11|5268819|5270667|+|1848"    
[259] "N2128|dum_11|5282786|5284645|+|1859"    
[260] "N2128|dum_11|5247849|5249708|+|1859"    
[261] "N2128|dum_11|5250179|5252038|+|1859"    
[262] "N2128|dum_11|5252514|5254373|+|1859"    
[263] "N2128|dum_11|5243178|5245037|+|1859"    
[264] "N2128|dum_11|5254837|5256695|+|1858"    
[265] "N2128|dum_11|5261820|5263679|+|1859"    
[266] "N2128|dum_11|5257158|5259017|+|1859"    
[267] "N2128|dum_11|5259499|5261358|+|1859"    
[268] "N2128|dum_11|5226891|5228739|+|1848"    
[269] "N2128|dum_11|5224571|5226429|+|1858"    
[270] "N2128|dum_11|5236201|5238060|+|1859"    
[271] "N2128|dum_11|5289761|5291618|+|1857"    
[272] "N2128|dum_11|5294421|5296278|+|1857"    
[273] "N2128|dum_11|5273463|5275321|+|1858"    
[274] "N2128|dum_11|5278121|5279979|+|1858"    
[275] "N2128|dum_11|5271134|5272994|+|1860"    
[276] "N2128|dum_11|5275793|5277653|+|1860"    
[277] "N2128|dum_11|5266490|5268348|+|1858"    
[278] "N2128|dum_11|5280456|5282314|+|1858"    
[279] "N2128|dum_11|5245509|5247371|+|1862"    
[280] "N2128|dum_11|5210569|5212435|+|1866"    
[281] "N2128|dum_11|5173263|5175123|+|1860"    
[282] "N2128|dum_11|5175593|5177453|+|1860"    
[283] "N2128|dum_11|5196593|5198453|+|1860"    
[284] "N2128|dum_11|5203594|5205454|+|1860"    
[285] "N2128|dum_11|5205922|5207784|+|1862"    
[286] "N2128|dum_11|5187250|5189112|+|1862"    
[287] "N2128|dum_11|5191922|5193784|+|1862"    
[288] "N2128|dum_11|5184921|5186779|+|1858"    
[289] "N2128|dum_11|5189583|5191441|+|1858"    
[290] "N2128|dum_11|5194252|5196114|+|1862"    
[291] "N2128|dum_11|5201253|5203115|+|1862"    
[292] "N2128|dum_11|5198922|5200785|+|1863"    
[293] "N2128|dum_11|5208251|5210100|+|1849"    
[294] "N2128|dum_11|5180258|5182124|+|1866"    
[295] "N2128|dum_11|5170925|5172783|+|1858"    
[296] "N2128|dum_11|5168588|5170453|+|1865"    
