jobinfo 30048793
getting scaled timeline
  [1] "N6492|dum_X1|25668914|25674144|+|5230"   
  [2] "N6492|dum_X1|25915849|25921079|+|5230"   
  [3] "N6492|dum_X1|25663673|25668902|+|5229"   
  [4] "N6492|dum_X1|25712393|25717879|+|5486"   
  [5] "N6492|dum_X1|25954132|25959618|+|5486"   
  [6] "N6492|dum_X1|25717896|25723382|+|5486"   
  [7] "N6492|dum_X1|25948629|25954115|+|5486"   
  [8] "N6492|dum_X1|25723399|25728884|+|5485"   
  [9] "N6492|dum_X1|25965137|25970621|+|5484"   
 [10] "N6492|dum_X1|25728901|25734386|+|5485"   
 [11] "N6492|dum_X1|25959635|25965120|+|5485"   
 [12] "N6492|dum_X1|25706889|25712376|+|5487"   
 [13] "N6492|dum_X1|25943125|25948612|+|5487"   
 [14] "N6492|dum_X1|25734403|25739891|+|5488"   
 [15] "N6492|dum_X1|25970638|25976125|+|5487"   
 [16] "N6492|dum_X1|25739908|25745399|+|5491"   
 [17] "N6492|dum_X1|25910354|25915832|+|5478"   
 [18] "N6492|dum_X1|25932109|25937608|+|5499"   
 [19] "N6492|dum_X1|25926593|25932092|+|5499"   
 [20] "N6492|dum_X1|25690372|25695871|+|5499"   
 [21] "N6492|dum_X1|25679656|25684862|+|5206"   
 [22] "N6492|dum_X1|25695888|25701371|+|5483"   
 [23] "N6492|dum_X1|25937625|25943108|+|5483"   
 [24] "N6492|dum_X1|25701388|25706872|+|5484"   
 [25] "N6492|dum_X1|25674156|25679639|+|5483"   
 [26] "N6492|dum_X1|25684874|25690355|+|5481"   
 [27] "N6492|dum_X1|25921091|25926576|+|5485"   
 [28] "N6492|dum_X1|25827800|25833277|+|5477"   
 [29] "N6492|dum_X1|26036236|26041713|+|5477"   
 [30] "N6492|dum_X1|26030742|26036219|+|5477"   
 [31] "N6492|dum_X1|26047233|26052711|+|5478"   
 [32] "N6492|dum_X1|26041730|26047216|+|5486"   
 [33] "N6492|dum_X1|25833294|25838779|+|5485"   
 [34] "N6492|dum_X1|26090798|26096285|+|5487"   
 [35] "N6492|dum_X1|26052728|26058075|+|5347"   
 [36] "N6492|dum_X1|26058091|26063438|+|5347"   
 [37] "N6492|dum_X1|26063454|26068790|+|5336"   
 [38] "N6492|dum_X1|26096302|26101647|+|5345"   
 [39] "N6492|dum_X1|25838796|25844283|+|5487"   
 [40] "N6492|dum_X1|25805805|25811292|+|5487"   
 [41] "N6492|dum_X1|26008892|26014378|+|5486"   
 [42] "N6492|dum_X1|25811309|25816795|+|5486"   
 [43] "N6492|dum_X1|26068806|26074292|+|5486"   
 [44] "N6492|dum_X1|25822306|25827783|+|5477"   
 [45] "N6492|dum_X1|26025240|26030725|+|5485"   
 [46] "N6492|dum_X1|26079806|26085285|+|5479"   
 [47] "N6492|dum_X1|26085302|26090781|+|5479"   
 [48] "N6492|dum_X1|26074309|26079789|+|5480"   
 [49] "N6492|dum_X1|25816812|25822289|+|5477"   
 [50] "N6492|dum_X1|26014395|26019871|+|5476"   
 [51] "N6492|dum_X1|26019888|26025224|+|5336"   
 [52] "N6492|dum_X1|25794795|25800283|+|5488"   
 [53] "N6492|dum_X1|26003530|26008876|+|5346"   
 [54] "N6492|dum_X1|25800300|25805788|+|5488"   
 [55] "N6492|dum_X1|25750918|25756260|+|5342"   
 [56] "N6492|dum_X1|25976142|25981484|+|5342"   
 [57] "N6492|dum_X1|25745416|25750901|+|5485"   
 [58] "N6492|dum_X1|25783793|25789275|+|5482"   
 [59] "N6492|dum_X1|25789292|25794778|+|5486"   
 [60] "N6492|dum_X1|25998027|26003513|+|5486"   
 [61] "N6492|dum_X1|25772805|25778282|+|5477"   
 [62] "N6492|dum_X1|25778299|25783776|+|5477"   
 [63] "N6492|dum_X1|25756276|25761763|+|5487"   
 [64] "N6492|dum_X1|25981500|25986985|+|5485"   
 [65] "N6492|dum_X1|25767304|25772788|+|5484"   
 [66] "N6492|dum_X1|25992526|25998010|+|5484"   
 [67] "N6492|dum_X1|25761780|25767287|+|5507"   
 [68] "N6492|dum_X1|25987002|25992509|+|5507"   
 [69] "N6492|ten_X1|17773662|17778017|+|4355"   
 [70] "_R_N6492|ten_X1|17806190|17811660|+|5470"
 [71] "N6492|dum_X1|26101663|26107150|+|5487"   
 [72] "N6492|dum_X1|25893848|25899332|+|5484"   
 [73] "N6492|dum_X1|25899349|25904832|+|5483"   
 [74] "N6492|dum_X1|25888336|25893831|+|5495"   
 [75] "N6492|dum_X1|25658151|25663656|+|5505"   
 [76] "N6492|dum_X1|25652633|25658134|+|5501"   
 [77] "N6492|dum_X1|25882819|25888319|+|5500"   
 [78] "N6492|dum_X1|25592171|25597673|+|5502"   
 [79] "N6492|dum_X1|25641611|25647098|+|5487"   
 [80] "N6492|dum_X1|25877298|25882802|+|5504"   
 [81] "N6492|dum_X1|25636098|25641594|+|5496"   
 [82] "N6492|dum_X1|25871807|25877281|+|5474"   
 [83] "N6492|dum_X1|25647115|25652616|+|5501"   
 [84] "N6492|dum_X1|25855284|25860781|+|5497"   
 [85] "N6492|dum_X1|25860798|25866300|+|5502"   
 [86] "N6492|dum_X1|25625076|25630571|+|5495"   
 [87] "N6492|dum_X1|25619566|25625059|+|5493"   
 [88] "N6492|dum_X1|25630588|25636081|+|5493"   
 [89] "N6492|dum_X1|25866317|25871790|+|5473"   
 [90] "N6492|dum_X1|25904849|25910337|+|5488"   
 [91] "N6492|dum_X1|25608560|25614054|+|5494"   
 [92] "N6492|dum_X1|25844300|25849773|+|5473"   
 [93] "N6492|dum_X1|25603048|25608543|+|5495"   
 [94] "N6492|dum_X1|25597690|25603032|+|5342"   
 [95] "N6492|dum_X1|25559320|25564802|+|5482"   
 [96] "N6492|dum_X1|25581316|25586798|+|5482"   
 [97] "N6492|dum_X1|25537325|25542807|+|5482"   
 [98] "N6492|dum_X1|25548323|25553805|+|5482"   
 [99] "N6492|dum_X1|25553822|25559303|+|5481"   
[100] "N6492|dum_X1|25570320|25575801|+|5481"   
[101] "N6492|dum_X1|25575818|25581299|+|5481"   
[102] "N6492|dum_X1|25564819|25570303|+|5484"   
[103] "N6492|dum_X1|25586815|25592155|+|5340"   
[104] "N6492|dum_X1|25614071|25619549|+|5478"   
[105] "N6492|dum_X1|25849790|25855267|+|5477"   
[106] "N6492|dum_X1|25531825|25537308|+|5483"   
[107] "N6492|dum_X1|25542824|25548306|+|5482"   
[108] "N6492|dum_X1|25526324|25531808|+|5484"   
[109] "N6492|dum_X1|25520823|25526307|+|5484"   
