jobinfo 30048873
getting scaled timeline
  [1] "_R_N6892|ten_2|96317283|96324959|+|7676"   
  [2] "_R_N6892|ten_6|66622088|66629760|+|7672"   
  [3] "N6892|ten_7|40652894|40660587|+|7693"      
  [4] "_R_N6892|ten_3|9309199|9316882|+|7683"     
  [5] "_R_N6892|ten_9|1279000|1286692|+|7692"     
  [6] "_R_N6892|ten_1|273122958|273130874|+|7916" 
  [7] "N6892|ten_1|211380239|211387926|+|7687"    
  [8] "_R_N6892|ten_8|168464362|168472057|+|7695" 
  [9] "N6892|ten_7|92347720|92355421|+|7701"      
 [10] "_R_N6892|ten_7|59675517|59683198|+|7681"   
 [11] "N6892|ten_2|251086861|251094561|+|7700"    
 [12] "N6892|ten_3|46503242|46510949|+|7707"      
 [13] "_R_N6892|ten_6|181127051|181134763|+|7712" 
 [14] "_R_N6892|ten_3|54916953|54923089|+|6136"   
 [15] "N6892|ten_3|55039131|55045267|+|6136"      
 [16] "_R_N6892|ten_3|175154268|175161953|+|7685" 
 [17] "_R_N6892|ten_3|42184901|42192596|+|7695"   
 [18] "N6892|ten_X1|83247487|83254669|+|7182"     
 [19] "N6892|ten_12|139031959|139038547|+|6588"   
 [20] "N6892|ten_X2|174105500|174112087|+|6587"   
 [21] "N6892|ten_10|78459083|78465676|+|6593"     
 [22] "_R_N6892|ten_8|161082397|161088989|+|6592" 
 [23] "N6892|ten_4|112900003|112907306|+|7303"    
 [24] "_R_N6892|ten_8|47993836|48001182|+|7346"   
 [25] "N6892|ten_1|205257335|205264744|+|7409"    
 [26] "N6892|ten_5|43407389|43414818|+|7429"      
 [27] "_R_N6892|ten_1|120700877|120708293|+|7416" 
 [28] "N6892|ten_1|189232808|189240226|+|7418"    
 [29] "N6892|ten_3|161042785|161050232|+|7447"    
 [30] "_R_N6892|ten_5|139178673|139186015|+|7342" 
 [31] "_R_N6892|ten_1|216362962|216370361|+|7399" 
 [32] "_R_N6892|ten_6|166400452|166407874|+|7422" 
 [33] "N6892|ten_4|104964448|104971868|+|7420"    
 [34] "_R_N6892|ten_4|189845684|189853101|+|7417" 
 [35] "N6892|ten_8|139379112|139386500|+|7388"    
 [36] "_R_N6892|ten_1|15521680|15529092|+|7412"   
 [37] "_R_N6892|ten_1|15533813|15541226|+|7413"   
 [38] "_R_N6892|ten_12|17956499|17963918|+|7419"  
 [39] "N6892|ten_X2|167543771|167551213|+|7442"   
 [40] "_R_N6892|ten_8|186065100|186072566|+|7466" 
 [41] "N6892|ten_7|9720799|9727706|+|6907"        
 [42] "N6892|ten_1|99982206|99989624|+|7418"      
 [43] "_R_N6892|ten_3|200575819|200583224|+|7405" 
 [44] "N6892|ten_X1|224261475|224268882|+|7407"   
 [45] "_R_N6892|ten_3|35500974|35508404|+|7430"   
 [46] "_R_N6892|ten_X1|69586898|69594331|+|7433"  
 [47] "_R_N6892|ten_6|93889762|93897191|+|7429"   
 [48] "_R_N6892|ten_4|143959613|143967010|+|7397" 
 [49] "N6892|ten_2|139780071|139787503|+|7432"    
 [50] "_R_N6892|ten_2|188466671|188474089|+|7418" 
 [51] "_R_N6892|ten_12|60460446|60467694|+|7248"  
 [52] "_R_N6892|ten_11|58434380|58441803|+|7423"  
 [53] "_R_N6892|ten_2|131106113|131113414|+|7301" 
 [54] "N6892|ten_5|100549987|100555917|+|5930"    
 [55] "N6892|ten_4|76719572|76726969|+|7397"      
 [56] "N6892|ten_3|46528745|46536163|+|7418"      
 [57] "_R_N6892|ten_4|75376860|75384255|+|7395"   
 [58] "_R_N6892|dum_4|35673401|35680431|+|7030"   
 [59] "N6892|dum_4|225541160|225548613|+|7453"    
 [60] "N6892|dum_6|119209214|119215699|+|6485"    
 [61] "N6892|ten_3|158167070|158173509|+|6439"    
 [62] "_R_N6892|ten_4|56364024|56371490|+|7466"   
 [63] "_R_N6892|dum_3|216588761|216595248|+|6487" 
 [64] "N6892|dum_10|158647554|158655042|+|7488"   
 [65] "_R_N6892|dum_2|107416139|107423593|+|7454" 
 [66] "_R_N6892|ten_2|112839630|112846648|+|7018" 
 [67] "_R_N6892|dum_9|150637145|150644415|+|7270" 
 [68] "N6892|ten_5|93742302|93749285|+|6983"      
 [69] "N6892|dum_5|87045852|87052309|+|6457"      
 [70] "N6892|dum_X2|156802082|156809524|+|7442"   
 [71] "N6892|dum_4|137796602|137803395|+|6793"    
 [72] "_R_N6892|ten_4|96251909|96258652|+|6743"   
 [73] "N6892|dum_8|70317494|70324929|+|7435"      
 [74] "N6892|dum_X2|186003931|186011451|+|7520"   
 [75] "_R_N6892|dum_2|180215728|180222787|+|7059" 
 [76] "_R_N6892|ten_2|182198760|182206255|+|7495" 
 [77] "N6892|dum_2|244164949|244171279|+|6330"    
 [78] "N6892|dum_10|125503901|125510926|+|7025"   
 [79] "_R_N6892|dum_10|129654943|129661959|+|7016"
 [80] "_R_N6892|dum_5|144054145|144061164|+|7019" 
 [81] "_R_N6892|dum_11|16459068|16466122|+|7054"  
 [82] "N6892|dum_5|85567166|85573624|+|6458"      
 [83] "N6892|ten_6|145905367|145911712|+|6345"    
 [84] "_R_N6892|dum_11|162414526|162421230|+|6704"
 [85] "N6892|ten_11|46005492|46012960|+|7468"     
 [86] "_R_N6892|dum_5|18995516|19003011|+|7495"   
 [87] "_R_N6892|ten_X1|81647088|81654526|+|7438"  
 [88] "_R_N6892|dum_6|204001042|204008456|+|7414" 
 [89] "_R_N6892|ten_3|144113044|144118862|+|5818" 
 [90] "N6892|ten_2|142086659|142093085|+|6426"    
 [91] "_R_N6892|ten_X1|239723054|239729497|+|6443"
 [92] "N6892|ten_X2|109995413|110002844|+|7431"   
 [93] "N6892|dum_11|61720006|61727409|+|7403"     
 [94] "N6892|ten_X2|78635072|78641653|+|6581"     
 [95] "_R_N6892|ten_X2|79406541|79413123|+|6582"  
 [96] "N6892|ten_4|108489104|108495689|+|6585"    
 [97] "_R_N6892|ten_X2|136897922|136904504|+|6582"
 [98] "_R_N6892|ten_2|204113738|204120320|+|6582" 
 [99] "_R_N6892|ten_12|2499931|2506515|+|6584"    
[100] "_R_N6892|dum_11|61360855|61367456|+|6601"  
[101] "_R_N6892|ten_10|163428520|163435084|+|6564"
[102] "_R_N6892|ten_X1|146920585|146927159|+|6574"
[103] "_R_N6892|dum_3|103910622|103917179|+|6557" 
[104] "N6892|dum_6|54469432|54476890|+|7458"      
[105] "_R_N6892|ten_2|99270586|99277229|+|6643"   
[106] "_R_N6892|ten_6|161400152|161406795|+|6643" 
[107] "_R_N6892|ten_2|100688436|100695078|+|6642" 
[108] "_R_N6892|ten_2|48606749|48613403|+|6654"   
[109] "N6892|ten_X2|42651436|42658096|+|6660"     
[110] "N6892|ten_X1|39301928|39308574|+|6646"     
[111] "N6892|ten_5|173140500|173147142|+|6642"    
[112] "_R_N6892|ten_5|173299148|173305790|+|6642" 
[113] "_R_N6892|ten_12|47922478|47929148|+|6670"  
[114] "N6892|ten_6|124171605|124178243|+|6638"    
[115] "_R_N6892|ten_1|136496226|136502888|+|6662" 
[116] "_R_N6892|ten_2|231552651|231559286|+|6635" 
[117] "_R_N6892|ten_X1|72395646|72402309|+|6663"  
[118] "_R_N6892|ten_X2|49608545|49615094|+|6549"  
[119] "N6892|dum_6|117902392|117908545|+|6153"    
[120] "N6892|ten_12|42754829|42762207|+|7378"     
[121] "N6892|ten_2|84467999|84475344|+|7345"      
[122] "_R_N6892|ten_4|45581598|45588951|+|7353"   
[123] "N6892|ten_4|152298595|152305949|+|7354"    
[124] "_R_N6892|ten_12|41348536|41355914|+|7378"  
[125] "_R_N6892|ten_6|11327098|11334455|+|7357"   
[126] "_R_N6892|ten_4|69730467|69737840|+|7373"   
[127] "_R_N6892|ten_5|93615053|93622433|+|7380"   
[128] "_R_N6892|ten_4|56684538|56691948|+|7410"   
[129] "_R_N6892|ten_6|154433710|154441121|+|7411" 
[130] "_R_N6892|ten_1|243959810|243967190|+|7380" 
[131] "N6892|ten_6|109591655|109597774|+|6119"    
[132] "_R_N6892|ten_4|103246530|103253997|+|7467" 
[133] "N6892|dum_9|102993038|103000196|+|7158"    
[134] "N6892|dum_10|112470332|112477691|+|7359"   
