jobinfo 30048924
getting scaled timeline
 [1] "N7101|ten_6|211954133|211960662|+|6529"    
 [2] "N7101|ten_3|277751984|277758557|+|6573"    
 [3] "_R_N7101|ten_10|23578111|23584644|+|6533"  
 [4] "_R_N7101|ten_7|157548763|157555296|+|6533" 
 [5] "_R_N7101|ten_4|227456792|227463323|+|6531" 
 [6] "N7101|ten_10|177100905|177107373|+|6468"   
 [7] "N7101|ten_8|5334321|5340783|+|6462"        
 [8] "N7101|ten_7|154779906|154786362|+|6456"    
 [9] "N7101|ten_6|151166645|151173183|+|6538"    
[10] "N7101|ten_8|88418911|88425464|+|6553"      
[11] "N7101|ten_8|178203361|178209769|+|6408"    
[12] "_R_N7101|ten_10|14262341|14268893|+|6552"  
[13] "_R_N7101|ten_1|236808197|236814854|+|6657" 
[14] "N7101|ten_4|129765690|129772220|+|6530"    
[15] "_R_N7101|ten_3|155025108|155030589|+|5481" 
[16] "N7101|ten_X2|106483381|106488842|+|5461"   
[17] "_R_N7101|ten_3|133765114|133770589|+|5475" 
[18] "_R_N7101|ten_4|122422646|122429181|+|6535" 
[19] "_R_N7101|ten_6|25639952|25646492|+|6540"   
[20] "N7101|ten_2|108080460|108086975|+|6515"    
[21] "N7101|ten_1|91249966|91256477|+|6511"      
[22] "_R_N7101|ten_1|91265274|91271785|+|6511"   
[23] "_R_N7101|ten_1|91256747|91263058|+|6311"   
[24] "_R_N7101|ten_X1|57147719|57154266|+|6547"  
[25] "_R_N7101|ten_4|25480604|25487084|+|6480"   
[26] "N7101|ten_1|49346698|49352845|+|6147"      
[27] "_R_N7101|ten_9|39087241|39093783|+|6542"   
[28] "_R_N7101|ten_6|234882637|234889156|+|6519" 
[29] "N7101|ten_6|234893254|234899772|+|6518"    
[30] "_R_N7101|ten_1|254488656|254495194|+|6538" 
[31] "_R_N7101|ten_12|123732771|123739326|+|6555"
[32] "_R_N7101|ten_5|120908542|120915061|+|6519" 
[33] "_R_N7101|ten_10|488758|495242|+|6484"      
[34] "_R_N7101|ten_5|32838206|32844706|+|6500"   
[35] "N7101|ten_2|198143667|198150270|+|6603"    
[36] "_R_N7101|ten_X1|138699386|138705146|+|5760"
[37] "N7101|ten_X1|138709152|138715687|+|6535"   
[38] "N7101|ten_X2|142702259|142708797|+|6538"   
[39] "N7101|ten_4|173053957|173060462|+|6505"    
[40] "_R_N7101|ten_6|152121163|152126411|+|5248" 
[41] "N7101|ten_X2|93706125|93711325|+|5200"     
[42] "N7101|ten_11|37844416|37850223|+|5807"     
[43] "N7101|ten_2|106201381|106207938|+|6557"    
[44] "N7101|ten_3|255691186|255697738|+|6552"    
[45] "N7101|ten_7|159585914|159592454|+|6540"    
[46] "_R_N7101|ten_11|64316830|64323410|+|6580"  
[47] "N7101|ten_6|171207548|171214106|+|6558"    
[48] "N7101|ten_X1|176320502|176327044|+|6542"   
[49] "N7101|ten_7|22041634|22048202|+|6568"      
[50] "N7101|ten_1|53268867|53275421|+|6554"      
[51] "N7101|ten_1|44574372|44580925|+|6553"      
