jobinfo 30048934
getting scaled timeline
  [1] "_R_N7188|ten_X2|49206640|49209303|+|2663"  
  [2] "N7188|ten_4|201360719|201363382|+|2663"    
  [3] "N7188|ten_3|106898536|106901199|+|2663"    
  [4] "N7188|ten_11|99240930|99243593|+|2663"     
  [5] "_R_N7188|ten_11|99142436|99145099|+|2663"  
  [6] "_R_N7188|ten_11|99270115|99272778|+|2663"  
  [7] "N7188|ten_1|86335655|86338318|+|2663"      
  [8] "N7188|ten_11|99170116|99172779|+|2663"     
  [9] "N7188|ten_11|99224914|99227577|+|2663"     
 [10] "_R_N7188|ten_11|99147657|99150318|+|2661"  
 [11] "N7188|ten_3|142989649|142992310|+|2661"    
 [12] "_R_N7188|ten_11|99220760|99223421|+|2661"  
 [13] "_R_N7188|ten_11|99125577|99128240|+|2663"  
 [14] "N7188|ten_11|99260555|99263218|+|2663"     
 [15] "_R_N7188|ten_11|99135384|99138047|+|2663"  
 [16] "N7188|ten_11|106519344|106522007|+|2663"   
 [17] "_R_N7188|ten_11|99192651|99194814|+|2163"  
 [18] "_R_N7188|ten_4|1515727|1518390|+|2663"     
 [19] "_R_N7188|ten_X2|157457175|157459838|+|2663"
 [20] "N7188|ten_7|128210344|128213008|+|2664"    
 [21] "N7188|ten_11|29917925|29920588|+|2663"     
 [22] "_R_N7188|ten_1|86325404|86328067|+|2663"   
 [23] "_R_N7188|ten_10|171706519|171709182|+|2663"
 [24] "N7188|ten_X1|127839672|127842335|+|2663"   
 [25] "_R_N7188|ten_X1|40383106|40385769|+|2663"  
 [26] "_R_N7188|ten_12|11167897|11170560|+|2663"  
 [27] "_R_N7188|ten_6|190650945|190653608|+|2663" 
 [28] "N7188|ten_4|1527529|1530192|+|2663"        
 [29] "_R_N7188|ten_8|48226064|48228727|+|2663"   
 [30] "N7188|ten_1|257379666|257381911|+|2245"    
 [31] "N7188|ten_8|4220700|4223354|+|2654"        
 [32] "N7188|ten_11|23284704|23287056|+|2352"     
 [33] "N7188|ten_7|129020959|129023622|+|2663"    
 [34] "N7188|ten_11|8617606|8620269|+|2663"       
 [35] "_R_N7188|ten_X2|84002296|84004437|+|2141"  
 [36] "_R_N7188|ten_11|25212164|25214306|+|2142"  
 [37] "N7188|ten_6|239571464|239573636|+|2172"    
 [38] "N7188|ten_1|186403492|186406167|+|2675"    
 [39] "_R_N7188|ten_12|5666721|5669384|+|2663"    
 [40] "N7188|ten_2|204056365|204058766|+|2401"    
 [41] "_R_N7188|ten_3|267131151|267133805|+|2654" 
 [42] "_R_N7188|ten_4|117516926|117519590|+|2664" 
 [43] "_R_N7188|ten_7|100495276|100497418|+|2142" 
 [44] "_R_N7188|dum_5|143483508|143486171|+|2663" 
 [45] "N7188|dum_6|201273932|201276591|+|2659"    
 [46] "N7188|dum_3|55720609|55723272|+|2663"      
 [47] "_R_N7188|dum_5|120863842|120866505|+|2663" 
 [48] "_R_N7188|dum_X1|68981242|68983904|+|2662"  
 [49] "N7188|dum_X1|69481973|69484635|+|2662"     
 [50] "_R_N7188|dum_2|154075758|154078421|+|2663" 
 [51] "N7188|dum_5|202766089|202768748|+|2659"    
 [52] "_R_N7188|ten_9|60222016|60224677|+|2661"   
 [53] "_R_N7188|ten_9|60295088|60297749|+|2661"   
 [54] "N7188|dum_3|199048732|199051395|+|2663"    
 [55] "_R_N7188|ten_X2|35598313|35600987|+|2674"  
 [56] "N7188|dum_1|149677549|149680212|+|2663"    
 [57] "N7188|ten_1|129814220|129816887|+|2667"    
 [58] "_R_N7188|dum_X1|8775661|8778313|+|2652"    
 [59] "_R_N7188|dum_1|101368837|101371051|+|2214" 
 [60] "N7188|dum_1|114510948|114513295|+|2347"    
 [61] "N7188|ten_11|100620064|100622713|+|2649"   
 [62] "N7188|ten_11|101158933|101161594|+|2661"   
 [63] "_R_N7188|dum_5|202671815|202674469|+|2654" 
 [64] "_R_N7188|dum_7|19953851|19956509|+|2658"   
 [65] "_R_N7188|ten_3|51217468|51220090|+|2622"   
 [66] "_R_N7188|ten_2|77992957|77995605|+|2648"   
 [67] "_R_N7188|ten_3|225994281|225996920|+|2639" 
 [68] "_R_N7188|dum_6|169147903|169150566|+|2663" 
 [69] "N7188|dum_3|130641372|130644004|+|2632"    
 [70] "N7188|dum_11|109426292|109428956|+|2664"   
 [71] "N7188|dum_X1|261668352|261671022|+|2670"   
 [72] "N7188|ten_X1|239864037|239866700|+|2663"   
 [73] "_R_N7188|dum_12|67531409|67534070|+|2661"  
 [74] "_R_N7188|ten_12|74262892|74265555|+|2663"  
 [75] "_R_N7188|dum_3|202747760|202750416|+|2656" 
 [76] "_R_N7188|ten_3|195377719|195380371|+|2652" 
 [77] "N7188|dum_9|90583696|90586372|+|2676"      
 [78] "N7188|dum_4|126530285|126532918|+|2633"    
 [79] "_R_N7188|ten_4|106845426|106848075|+|2649" 
 [80] "N7188|dum_12|39200321|39202978|+|2657"     
 [81] "N7188|dum_4|210281510|210284171|+|2661"    
 [82] "_R_N7188|ten_4|30718532|30721179|+|2647"   
 [83] "N7188|dum_4|96634950|96637604|+|2654"      
 [84] "_R_N7188|dum_2|64929497|64932156|+|2659"   
 [85] "_R_N7188|ten_2|68713662|68716326|+|2664"   
 [86] "N7188|ten_4|146001006|146003681|+|2675"    
 [87] "_R_N7188|dum_4|82916687|82919349|+|2662"   
 [88] "N7188|ten_10|113799618|113801834|+|2216"   
 [89] "N7188|dum_7|9464844|9467264|+|2420"        
 [90] "N7188|dum_X1|157531205|157533833|+|2628"   
 [91] "N7188|ten_X1|138181656|138184308|+|2652"   
 [92] "N7188|dum_X1|256460288|256462952|+|2664"   
 [93] "N7188|dum_10|32723198|32725850|+|2652"     
 [94] "N7188|dum_6|75979708|75982218|+|2510"      
 [95] "_R_N7188|dum_11|78684291|78686429|+|2138"  
 [96] "N7188|ten_11|95829842|95831930|+|2088"     
 [97] "_R_N7188|dum_5|83594639|83597285|+|2646"   
 [98] "N7188|ten_5|147073298|147075945|+|2647"    
 [99] "N7188|dum_4|99515923|99518558|+|2635"      
[100] "N7188|dum_12|15680700|15682930|+|2230"     
[101] "_R_N7188|dum_8|7073016|7075667|+|2651"     
[102] "_R_N7188|ten_8|5771041|5773698|+|2657"     
[103] "N7188|ten_3|36040495|36042730|+|2235"      
[104] "N7188|dum_10|162140718|162142912|+|2194"   
[105] "_R_N7188|ten_10|124306391|124308588|+|2197"
[106] "_R_N7188|ten_11|40653368|40656022|+|2654"  
[107] "_R_N7188|ten_7|117493358|117496001|+|2643" 
[108] "_R_N7188|ten_4|105233540|105236194|+|2654" 
[109] "N7188|dum_1|136016721|136019377|+|2656"    
[110] "_R_N7188|dum_X1|40486477|40489130|+|2653"  
[111] "_R_N7188|ten_4|76487444|76489571|+|2127"   
[112] "_R_N7188|dum_2|108449556|108452213|+|2657" 
[113] "N7188|ten_2|151095369|151098024|+|2655"    
[114] "N7188|dum_11|164153417|164156075|+|2658"   
[115] "_R_N7188|dum_9|183917376|183920022|+|2646" 
[116] "_R_N7188|dum_9|186762052|186764698|+|2646" 
[117] "_R_N7188|dum_1|135076538|135079179|+|2641" 
[118] "N7188|dum_8|73249847|73252482|+|2635"      
[119] "N7188|dum_X2|168312187|168314846|+|2659"   
[120] "_R_N7188|ten_2|112000230|112002315|+|2085" 
[121] "N7188|ten_7|195023151|195025586|+|2435"    
[122] "_R_N7188|ten_7|195109663|195112088|+|2425" 
[123] "N7188|dum_7|20208813|20211245|+|2432"      
[124] "_R_N7188|dum_1|246449809|246452423|+|2614" 
[125] "_R_N7188|ten_1|241896458|241899099|+|2641" 
[126] "N7188|dum_6|119144790|119147451|+|2661"    
[127] "_R_N7188|ten_1|205967597|205970233|+|2636" 
[128] "N7188|ten_6|97722063|97724605|+|2542"      
[129] "_R_N7188|ten_1|151109130|151111765|+|2635" 
[130] "_R_N7188|ten_9|153486588|153489217|+|2629" 
[131] "_R_N7188|ten_8|15357|17993|+|2636"         
[132] "N7188|ten_11|13569810|13572443|+|2633"     
[133] "N7188|ten_11|81777081|81779714|+|2633"     
[134] "_R_N7188|ten_11|97466560|97469196|+|2636"  
[135] "_R_N7188|ten_X2|36503035|36505671|+|2636"  
[136] "_R_N7188|ten_9|18332052|18334688|+|2636"   
[137] "_R_N7188|ten_2|87245672|87248308|+|2636"   
[138] "_R_N7188|ten_7|78287319|78289955|+|2636"   
[139] "N7188|ten_5|201569332|201571965|+|2633"    
[140] "N7188|ten_11|56740342|56742974|+|2632"     
[141] "N7188|ten_4|1498261|1500894|+|2633"        
[142] "N7188|ten_3|19554290|19556923|+|2633"      
[143] "N7188|ten_1|5176263|5178896|+|2633"        
[144] "N7188|ten_6|129524291|129526924|+|2633"    
[145] "N7188|ten_1|136831398|136834032|+|2634"    
[146] "N7188|ten_1|151124639|151127272|+|2633"    
[147] "N7188|ten_X1|128052417|128055050|+|2633"   
[148] "N7188|ten_10|136279798|136282431|+|2633"   
[149] "N7188|ten_9|107363617|107366250|+|2633"    
[150] "N7188|ten_9|68642562|68645195|+|2633"      
[151] "N7188|ten_X2|157442531|157445164|+|2633"   
[152] "_R_N7188|ten_X1|103236801|103239437|+|2636"
[153] "_R_N7188|ten_X1|155371904|155374540|+|2636"
[154] "_R_N7188|ten_2|201765133|201767769|+|2636" 
[155] "_R_N7188|ten_11|107550719|107553356|+|2637"
[156] "_R_N7188|ten_X2|114262147|114264783|+|2636"
[157] "_R_N7188|ten_10|23467449|23470093|+|2644"  
[158] "_R_N7188|ten_11|107544026|107546667|+|2641"
[159] "_R_N7188|dum_4|17859602|17862258|+|2656"   
[160] "N7188|dum_1|278675966|278678623|+|2657"    
[161] "_R_N7188|dum_2|185505704|185508359|+|2655" 
[162] "N7188|dum_11|136389103|136391758|+|2655"   
[163] "_R_N7188|dum_11|163779225|163781882|+|2657"
[164] "_R_N7188|dum_9|168791829|168794485|+|2656" 
[165] "_R_N7188|dum_X1|121845456|121848111|+|2655"
[166] "N7188|ten_3|195594135|195596791|+|2656"    
[167] "N7188|ten_3|87338885|87341538|+|2653"      
[168] "N7188|ten_2|80328341|80330659|+|2318"      
[169] "N7188|dum_1|229923768|229926018|+|2250"    
[170] "_R_N7188|ten_10|588584|590615|+|2031"      
[171] "_R_N7188|ten_11|99571971|99574280|+|2309"  
[172] "N7188|ten_4|3371691|3373937|+|2246"        
[173] "N7188|ten_8|97687581|97689691|+|2110"      
[174] "N7188|ten_12|22521429|22523587|+|2158"     
[175] "N7188|bic_8|108324608|108326777|+|2169"    
[176] "N7188|sar_8|120268221|120270418|+|2197"    
[177] "_R_N7188|bic_9|88397512|88400173|+|2661"   
[178] "_R_N7188|dum_5|157132394|157134933|+|2539" 
[179] "_R_N7188|dum_10|146506084|146508133|+|2049"
[180] "N7188|ten_10|140777161|140779233|+|2072"   
[181] "N7188|dum_10|63049073|63051726|+|2653"     
[182] "_R_N7188|bic_5|77802511|77805149|+|2638"   
[183] "_R_N7188|sar_5|67016102|67018745|+|2643"   
[184] "N7188|sar_1|162576469|162578757|+|2288"    
[185] "N7188|bic_13|106715844|106718167|+|2323"   
[186] "N7188|bic_8|37485732|37488383|+|2651"      
[187] "_R_N7188|sar_8|192701142|192703787|+|2645" 
[188] "N7188|sar_14|31886933|31889570|+|2637"     
[189] "N7188|bic_X1|32574901|32577557|+|2656"     
[190] "N7188|sar_X1|30375541|30378194|+|2653"     
[191] "N7188|bic_3|45366086|45368671|+|2585"      
[192] "N7188|sar_3|10240366|10242938|+|2572"      
[193] "N7188|bic_X2|191659811|191662458|+|2647"   
[194] "_R_N7188|sar_X2|196664641|196667280|+|2639"
[195] "_R_N7188|bic_2|64035807|64038367|+|2560"   
[196] "N7188|bic_9|163793130|163795772|+|2642"    
[197] "_R_N7188|sar_9|154984432|154987064|+|2632" 
[198] "N7188|bic_X1|61810770|61813323|+|2553"     
[199] "_R_N7188|dum_X2|48131781|48134395|+|2614"  
[200] "N7188|dum_5|169177854|169180128|+|2274"    
[201] "_R_N7188|ten_5|71309880|71312167|+|2287"   
[202] "_R_N7188|dum_4|89995688|89998148|+|2460"   
[203] "N7188|ten_4|141675734|141677967|+|2233"    
[204] "_R_N7188|dum_1|115422417|115424871|+|2454" 
[205] "_R_N7188|ten_1|109787549|109790010|+|2461" 
[206] "N7188|ten_6|208547398|208549791|+|2393"    
[207] "N7188|dum_10|150874163|150876347|+|2184"   
[208] "_R_N7188|dum_6|103613953|103616414|+|2461" 
[209] "_R_N7188|ten_6|117594438|117596903|+|2465" 
[210] "_R_N7188|ten_11|74265199|74267405|+|2206"  
[211] "N7188|dum_8|88939230|88941686|+|2456"      
[212] "N7188|ten_8|81970029|81972491|+|2462"      
[213] "N7188|dum_10|106965678|106968291|+|2613"   
[214] "N7188|ten_10|80342479|80345097|+|2618"     
[215] "_R_N7188|dum_1|115431922|115434374|+|2452" 
[216] "_R_N7188|dum_8|10894274|10896711|+|2437"   
[217] "_R_N7188|ten_8|9318800|9321246|+|2446"     
[218] "_R_N7188|ten_6|100330931|100333388|+|2457" 
[219] "_R_N7188|ten_11|78365980|78368434|+|2454"  
[220] "N7188|dum_X1|177064939|177067366|+|2427"   
[221] "N7188|dum_1|158614644|158616768|+|2124"    
[222] "_R_N7188|ten_1|119722089|119724211|+|2122" 
[223] "N7188|dum_6|69729657|69731674|+|2017"      
[224] "N7188|ten_6|84506137|84508311|+|2174"      
[225] "_R_N7188|dum_1|100416760|100419206|+|2446" 
[226] "_R_N7188|ten_X1|61416702|61419008|+|2306"  
[227] "_R_N7188|ten_X1|61788143|61790449|+|2306"  
[228] "N7188|mim_14|8060865|8063464|+|2599"       
[229] "N7188|mim_X2|73494764|73497361|+|2597"     
[230] "N7188|mim_X1|21742292|21744875|+|2583"     
[231] "N7188|mim_10|183662312|183664351|+|2039"   
[232] "N7188|mim_14|11546828|11549415|+|2587"     
[233] "N7188|mim_14|41676839|41679430|+|2591"     
[234] "N7188|mim_14|86117848|86120381|+|2533"     
[235] "_R_N7188|mim_11|65764221|65766813|+|2592"  
[236] "N7188|mim_14|35509908|35512500|+|2592"     
[237] "_R_N7188|mim_10|12155882|12158474|+|2592"  
[238] "N7188|mim_14|48154561|48156862|+|2301"     
[239] "N7188|mim_1|118768163|118770755|+|2592"    
[240] "_R_N7188|mim_11|64003784|64006369|+|2585"  
[241] "N7188|mim_13|23803996|23806588|+|2592"     
[242] "_R_N7188|mim_7|188360151|188362743|+|2592" 
[243] "_R_N7188|mim_X2|12593384|12595905|+|2521"  
[244] "N7188|mim_12|101867869|101870455|+|2586"   
[245] "_R_N7188|mim_9|217871813|217874402|+|2589" 
[246] "_R_N7188|mim_1|145233139|145235362|+|2223" 
[247] "N7188|mim_14|20753607|20755723|+|2116"     
[248] "N7188|mim_7|134930751|134932962|+|2211"    
[249] "N7188|mim_10|173299269|173301459|+|2190"   
[250] "_R_N7188|mim_8|114458512|114460539|+|2027" 
[251] "_R_N7188|dum_X2|62077824|62080196|+|2372"  
[252] "N7188|ten_X2|157565684|157568066|+|2382"   
[253] "N7188|dum_10|83601169|83603385|+|2216"     
[254] "_R_N7188|ten_10|18154074|18156690|+|2616"  
[255] "N7188|dum_1|158572290|158574686|+|2396"    
[256] "_R_N7188|dum_X1|183031985|183033993|+|2008"
[257] "_R_N7188|bic_11|78221176|78223368|+|2192"  
[258] "N7188|sar_11|137913580|137915795|+|2215"   
[259] "_R_N7188|dum_6|144304681|144306700|+|2019" 
[260] "_R_N7188|ten_6|158303896|158306157|+|2261" 
[261] "N7188|dum_X1|166321980|166324331|+|2351"   
[262] "N7188|ten_X1|146656742|146659093|+|2351"   
[263] "_R_N7188|dum_X2|60096566|60099127|+|2561"  
[264] "N7188|ten_X2|159310483|159312873|+|2390"   
[265] "N7188|bic_X2|105975909|105978102|+|2193"   
[266] "N7188|sar_X2|130644702|130646850|+|2148"   
[267] "N7188|mim_10|140804798|140807184|+|2386"   
[268] "N7188|mim_7|240425325|240427711|+|2386"    
[269] "_R_N7188|mim_3|96035025|96037578|+|2553"   
[270] "N7188|bic_14|29559183|29561240|+|2057"     
[271] "_R_N7188|mim_12|78715940|78718316|+|2376"  
[272] "_R_N7188|mim_12|112880919|112883310|+|2391"
[273] "N7188|mim_12|85269152|85271541|+|2389"     
[274] "N7188|mim_X2|136349349|136351740|+|2391"   
[275] "_R_N7188|bic_13|83763395|83765690|+|2295"  
[276] "N7188|bic_X1|48520441|48522751|+|2310"     
[277] "N7188|sar_9|135438129|135440738|+|2609"    
[278] "N7188|bic_11|114258149|114260237|+|2088"   
[279] "_R_N7188|sar_11|101528374|101530461|+|2087"
[280] "_R_N7188|sar_1|153716064|153718474|+|2410" 
[281] "N7188|sar_1|153757734|153760354|+|2620"    
[282] "_R_N7188|sar_1|156864649|156867213|+|2564" 
[283] "_R_N7188|bic_1|141052207|141054806|+|2599" 
[284] "_R_N7188|bic_8|156186205|156188817|+|2612" 
[285] "_R_N7188|bic_12|129438478|129441089|+|2611"
[286] "N7188|sar_12|52685032|52687667|+|2635"     
[287] "_R_N7188|bic_6|8490812|8493410|+|2598"     
[288] "N7188|bic_9|76942040|76944607|+|2567"      
[289] "_R_N7188|sar_9|181995571|181998106|+|2535" 
[290] "N7188|sar_6|129746418|129749007|+|2589"    
[291] "N7188|sar_2|249381059|249383666|+|2607"    
[292] "N7188|sar_2|242245693|242248224|+|2531"    
[293] "_R_N7188|sar_X1|30138880|30141500|+|2620"  
[294] "N7188|bic_4|77099653|77102270|+|2617"      
[295] "_R_N7188|bic_3|68745420|68748008|+|2588"   
[296] "N7188|bic_3|146364934|146367215|+|2281"    
[297] "N7188|bic_11|115357782|115360388|+|2606"   
[298] "_R_N7188|bic_3|48219259|48221880|+|2621"   
[299] "_R_N7188|bic_2|93254386|93256999|+|2613"   
[300] "_R_N7188|sar_2|275229245|275231430|+|2185" 
[301] "N7188|sar_14|47352255|47354361|+|2106"     
[302] "N7188|sar_10|160599648|160602184|+|2536"   
[303] "_R_N7188|sar_9|224972025|224974558|+|2533" 
[304] "N7188|sar_2|180210849|180212971|+|2122"    
[305] "N7188|sar_2|246729294|246731458|+|2164"    
[306] "N7188|sar_13|93312870|93315479|+|2609"     
[307] "N7188|sar_5|160551456|160554065|+|2609"    
[308] "_R_N7188|sar_10|164905404|164908001|+|2597"
[309] "_R_N7188|sar_2|62257486|62260081|+|2595"   
[310] "N7188|sar_2|4409467|4412088|+|2621"        
[311] "N7188|sar_2|21064485|21067106|+|2621"      
[312] "_R_N7188|sar_2|13980518|13983115|+|2597"   
[313] "N7188|sar_13|53808033|53810642|+|2609"     
[314] "N7188|sar_2|27375709|27378318|+|2609"      
[315] "N7188|sar_3|94048639|94051248|+|2609"      
[316] "N7188|sar_7|3300333|3302942|+|2609"        
[317] "_R_N7188|sar_8|52729559|52732156|+|2597"   
[318] "_R_N7188|sar_13|189023799|189026396|+|2597"
[319] "N7188|sar_13|187879101|187881710|+|2609"   
[320] "_R_N7188|sar_13|169492989|169495586|+|2597"
[321] "_R_N7188|sar_1|56851876|56854473|+|2597"   
[322] "_R_N7188|sar_2|260242622|260245219|+|2597" 
[323] "N7188|sar_1|153748221|153750829|+|2608"    
[324] "N7188|sar_12|141618809|141621418|+|2609"   
[325] "_R_N7188|sar_13|47626241|47628864|+|2623"  
[326] "N7188|sar_2|61939473|61942082|+|2609"      
[327] "N7188|sar_4|151192114|151194723|+|2609"    
[328] "N7188|sar_X1|185510608|185513217|+|2609"   
[329] "_R_N7188|sar_2|84628502|84631099|+|2597"   
[330] "_R_N7188|sar_6|2892917|2895513|+|2596"     
[331] "_R_N7188|sar_10|17564804|17567401|+|2597"  
[332] "_R_N7188|sar_13|54189984|54192580|+|2596"  
[333] "_R_N7188|sar_4|51895185|51897782|+|2597"   
[334] "_R_N7188|sar_4|139447196|139449788|+|2592" 
[335] "N7188|sar_13|47652449|47655058|+|2609"     
[336] "N7188|sar_13|53685424|53688021|+|2597"     
[337] "N7188|sar_5|160544948|160547109|+|2161"    
[338] "_R_N7188|sar_5|169387850|169390111|+|2261" 
[339] "N7188|sar_9|22843785|22845933|+|2148"      
[340] "N7188|sar_6|14658798|14660899|+|2101"      
[341] "_R_N7188|sar_9|79708457|79710643|+|2186"   
[342] "N7188|sar_12|184779728|184782335|+|2607"   
[343] "_R_N7188|sar_8|212358386|212360472|+|2086" 
[344] "N7188|sar_9|218536465|218539083|+|2618"    
[345] "_R_N7188|sar_5|29125726|29128235|+|2509"   
[346] "N7188|sar_X2|189942658|189945255|+|2597"   
[347] "N7188|sar_7|58839695|58842313|+|2618"      
[348] "_R_N7188|sar_13|187426665|187429265|+|2600"
[349] "_R_N7188|sar_8|7978855|7981469|+|2614"     
[350] "_R_N7188|sar_14|114451711|114454327|+|2616"
[351] "_R_N7188|sar_2|38397793|38400402|+|2609"   
[352] "N7188|sar_6|121305051|121307671|+|2620"    
[353] "_R_N7188|sar_2|250838723|250841320|+|2597" 
[354] "N7188|sar_2|250868728|250871337|+|2609"    
[355] "N7188|sar_2|269714970|269717579|+|2609"    
[356] "_R_N7188|sar_7|183393522|183396119|+|2597" 
[357] "_R_N7188|sar_3|199127920|199130505|+|2585" 
[358] "N7188|sar_10|6703827|6706441|+|2614"       
[359] "_R_N7188|sar_7|125245491|125248077|+|2586" 
[360] "_R_N7188|sar_2|28837965|28840577|+|2612"   
[361] "N7188|sar_3|101409917|101412538|+|2621"    
[362] "N7188|sar_2|73092130|73094747|+|2617"      
[363] "N7188|sar_2|77427383|77430002|+|2619"      
[364] "_R_N7188|sar_14|7483339|7485954|+|2615"    
[365] "_R_N7188|sar_2|195058194|195060805|+|2611" 
[366] "_R_N7188|sar_2|251176171|251178504|+|2333" 
[367] "N7188|sar_1|60827121|60829316|+|2195"      
[368] "N7188|sar_14|138952630|138954756|+|2126"   
[369] "N7188|bic_11|152811397|152814029|+|2632"   
[370] "_R_N7188|bic_8|62374764|62377385|+|2621"   
[371] "_R_N7188|sar_4|60398005|60400565|+|2560"   
[372] "_R_N7188|bic_10|63165000|63167612|+|2612"  
[373] "N7188|sar_10|141163692|141166300|+|2608"   
[374] "_R_N7188|sar_X1|183870098|183872720|+|2622"
[375] "_R_N7188|sar_1|114537703|114540320|+|2617" 
[376] "_R_N7188|bic_3|56317081|56319539|+|2458"   
[377] "N7188|bic_9|211865081|211867681|+|2600"    
[378] "N7188|bic_11|134502097|134504241|+|2144"   
[379] "_R_N7188|sar_2|246695084|246697312|+|2228" 
[380] "_R_N7188|bic_2|70776922|70779512|+|2590"   
[381] "N7188|sar_2|261456612|261459224|+|2612"    
[382] "_R_N7188|bic_9|237372210|237374811|+|2601" 
[383] "_R_N7188|bic_2|131881408|131884007|+|2599" 
[384] "N7188|sar_11|81950002|81952589|+|2587"     
[385] "_R_N7188|sar_1|122963759|122965917|+|2158" 
[386] "N7188|bic_1|108800517|108803113|+|2596"    
