jobinfo 30048943
getting scaled timeline
 [1] "_R_N7289|ten_2|160566685|160568765|+|2080" 
 [2] "N7289|ten_9|169000735|169002811|+|2076"    
 [3] "_R_N7289|ten_2|160615362|160617439|+|2077" 
 [4] "N7289|ten_9|168959421|168961498|+|2077"    
 [5] "N7289|ten_11|5632194|5634270|+|2076"       
 [6] "_R_N7289|ten_11|119891928|119894003|+|2075"
 [7] "_R_N7289|ten_11|119927482|119929557|+|2075"
 [8] "_R_N7289|ten_11|119977417|119979497|+|2080"
 [9] "_R_N7289|ten_11|6141709|6143801|+|2092"    
[10] "_R_N7289|ten_11|5987373|5989449|+|2076"    
[11] "_R_N7289|ten_11|6046394|6048458|+|2064"    
[12] "N7289|ten_11|5524325|5526315|+|1990"       
[13] "_R_N7289|ten_11|120082793|120084862|+|2069"
[14] "_R_N7289|ten_11|120211293|120213368|+|2075"
[15] "N7289|ten_11|100920344|100922419|+|2075"   
[16] "N7289|ten_11|102181228|102183303|+|2075"   
[17] "_R_N7289|ten_5|212563519|212565590|+|2071" 
[18] "_R_N7289|ten_5|212691996|212694086|+|2090" 
[19] "_R_N7289|ten_5|212740427|212742510|+|2083" 
[20] "_R_N7289|ten_11|120130878|120132959|+|2081"
[21] "N7289|ten_X2|48202172|48204255|+|2083"     
[22] "N7289|ten_11|5671787|5673853|+|2066"       
[23] "N7289|ten_11|102379471|102381546|+|2075"   
[24] "N7289|ten_11|102128646|102130481|+|1835"   
[25] "N7289|ten_11|102229511|102231586|+|2075"   
[26] "N7289|ten_11|102279755|102281843|+|2088"   
[27] "N7289|ten_11|100873746|100875825|+|2079"   
[28] "_R_N7289|ten_11|119855498|119857583|+|2085"
[29] "_R_N7289|ten_11|5888271|5890348|+|2077"    
[30] "N7289|ten_11|100990851|100992928|+|2077"   
[31] "N7289|ten_11|102332183|102334262|+|2079"   
[32] "_R_N7289|ten_5|212786893|212788987|+|2094" 
[33] "N7289|ten_X2|48153758|48155831|+|2073"     
[34] "_R_N7289|ten_12|2185376|2187465|+|2089"    
[35] "_R_N7289|ten_12|2089030|2091143|+|2113"    
[36] "N7289|ten_11|5357047|5359121|+|2074"       
[37] "N7289|ten_11|5711920|5713995|+|2075"       
[38] "_R_N7289|ten_11|120180222|120182292|+|2070"
[39] "_R_N7289|ten_12|2135040|2137109|+|2069"    
[40] "_R_N7289|ten_5|212640249|212642333|+|2084" 
[41] "N7289|ten_11|5208915|5210992|+|2077"       
[42] "N7289|ten_11|5254943|5257016|+|2073"       
[43] "N7289|ten_11|5311787|5313865|+|2078"       
[44] "_R_N7289|ten_11|5491260|5493344|+|2084"    
[45] "_R_N7289|ten_11|6188677|6190737|+|2060"    
[46] "_R_N7289|ten_11|6236328|6238401|+|2073"    
[47] "_R_N7289|ten_11|6279618|6281665|+|2047"    
[48] "N7289|ten_11|7412469|7414530|+|2061"       
[49] "_R_N7289|ten_11|6322773|6324846|+|2073"    
[50] "N7289|ten_11|7369282|7371355|+|2073"       
[51] "_R_N7289|ten_11|6412071|6414148|+|2077"    
[52] "N7289|ten_9|168905613|168907705|+|2092"    
[53] "_R_N7289|ten_11|6096083|6098165|+|2082"    
[54] "N7289|ten_11|5569944|5571725|+|1781"       
[55] "N7289|ten_11|5159050|5160771|+|1721"       
[56] "_R_N7289|ten_11|6362889|6364895|+|2006"    
[57] "N7289|ten_11|7329497|7331509|+|2012"       
[58] "_R_N7289|ten_2|160669293|160671368|+|2075" 
[59] "_R_N7289|dum_5|132801794|132803859|+|2065" 
[60] "_R_N7289|dum_5|132862368|132864440|+|2072" 
[61] "_R_N7289|dum_2|222212630|222214707|+|2077" 
[62] "_R_N7289|dum_7|163068898|163070967|+|2069" 
[63] "N7289|dum_11|29129260|29131103|+|1843"     
[64] "_R_N7289|dum_2|196039725|196041763|+|2038" 
[65] "_R_N7289|dum_2|196084112|196086150|+|2038" 
[66] "N7289|dum_11|36531583|36533649|+|2066"     
[67] "_R_N7289|dum_5|132743254|132745339|+|2085" 
[68] "N7289|dum_11|29051097|29053170|+|2073"     
[69] "N7289|dum_11|29074822|29076899|+|2077"     
[70] "_R_N7289|dum_5|48803283|48805348|+|2065"   
[71] "N7289|dum_5|48197986|48200052|+|2066"      
[72] "_R_N7289|dum_11|32414999|32417065|+|2066"  
[73] "N7289|dum_11|32461960|32464029|+|2069"     
[74] "N7289|dum_11|32508351|32510422|+|2071"     
[75] "N7289|dum_11|32556475|32558547|+|2072"     
[76] "N7289|ten_9|168870506|168872594|+|2088"    
[77] "_R_N7289|ten_12|2075108|2077171|+|2063"    
[78] "_R_N7289|dum_5|55656204|55658281|+|2077"   
[79] "_R_N7289|dum_5|55742517|55744603|+|2086"   
[80] "N7289|dum_9|168890770|168892838|+|2068"    
[81] "N7289|dum_11|22234801|22236865|+|2064"     
