jobinfo 30048908
getting scaled timeline
   [1] "N7023|ten_9|133299503|133301007|+|1504"    
   [2] "_R_N7023|ten_8|117666894|117668398|+|1504" 
   [3] "_R_N7023|ten_8|35909125|35910629|+|1504"   
   [4] "_R_N7023|ten_3|257669638|257671142|+|1504" 
   [5] "N7023|ten_2|254465228|254466732|+|1504"    
   [6] "N7023|ten_2|570974|572478|+|1504"          
   [7] "_R_N7023|ten_10|41026457|41027961|+|1504"  
   [8] "N7023|ten_1|291330602|291332106|+|1504"    
   [9] "_R_N7023|ten_1|112753394|112754898|+|1504" 
  [10] "N7023|ten_6|71691101|71692605|+|1504"      
  [11] "N7023|ten_1|202667135|202668639|+|1504"    
  [12] "_R_N7023|ten_7|176171891|176173395|+|1504" 
  [13] "_R_N7023|ten_2|57299297|57300801|+|1504"   
  [14] "N7023|ten_X1|94016772|94018276|+|1504"     
  [15] "N7023|ten_11|67178661|67180165|+|1504"     
  [16] "_R_N7023|ten_3|205969636|205971140|+|1504" 
  [17] "_R_N7023|ten_5|161563952|161565456|+|1504" 
  [18] "_R_N7023|ten_X1|111095256|111096760|+|1504"
  [19] "_R_N7023|ten_X1|111213191|111214695|+|1504"
  [20] "N7023|ten_6|31857390|31858894|+|1504"      
  [21] "N7023|ten_8|8904464|8905968|+|1504"        
  [22] "N7023|ten_9|32597146|32598650|+|1504"      
  [23] "_R_N7023|ten_X2|136117450|136118954|+|1504"
  [24] "_R_N7023|ten_8|194053319|194054823|+|1504" 
  [25] "N7023|ten_X1|239680317|239681821|+|1504"   
  [26] "_R_N7023|ten_5|7765239|7766743|+|1504"     
  [27] "N7023|ten_6|220902107|220903611|+|1504"    
  [28] "N7023|ten_9|74788483|74789987|+|1504"      
  [29] "_R_N7023|ten_6|237516459|237517955|+|1496" 
  [30] "_R_N7023|ten_11|12903694|12905201|+|1507"  
  [31] "N7023|ten_5|111127152|111128660|+|1508"    
  [32] "_R_N7023|ten_8|68245706|68247214|+|1508"   
  [33] "N7023|ten_8|107760592|107762100|+|1508"    
  [34] "_R_N7023|ten_X2|103959175|103960683|+|1508"
  [35] "N7023|ten_4|4187653|4189161|+|1508"        
  [36] "_R_N7023|ten_X1|203948094|203949602|+|1508"
  [37] "N7023|dum_4|89403186|89404694|+|1508"      
  [38] "_R_N7023|ten_2|96040581|96042089|+|1508"   
  [39] "N7023|ten_8|135550958|135552466|+|1508"    
  [40] "N7023|ten_1|175133310|175134818|+|1508"    
  [41] "_R_N7023|ten_11|3200015|3201523|+|1508"    
  [42] "N7023|ten_11|87936895|87938403|+|1508"     
  [43] "_R_N7023|ten_X2|86836508|86838016|+|1508"  
  [44] "N7023|ten_11|12271385|12272893|+|1508"     
  [45] "N7023|ten_9|99157722|99159229|+|1507"      
  [46] "N7023|ten_4|160410483|160411991|+|1508"    
  [47] "_R_N7023|ten_6|27189300|27190808|+|1508"   
  [48] "N7023|ten_12|22724797|22726305|+|1508"     
  [49] "_R_N7023|ten_11|89396985|89398486|+|1501"  
  [50] "N7023|ten_2|121759282|121760791|+|1509"    
  [51] "N7023|ten_1|107687222|107688730|+|1508"    
  [52] "_R_N7023|ten_2|192358863|192360371|+|1508" 
  [53] "N7023|ten_9|22366724|22368231|+|1507"      
  [54] "N7023|ten_10|95436515|95438024|+|1509"     
  [55] "_R_N7023|ten_1|121701319|121702827|+|1508" 
  [56] "N7023|ten_5|110677847|110679355|+|1508"    
  [57] "_R_N7023|ten_1|51598834|51600342|+|1508"   
  [58] "N7023|ten_10|87983013|87984521|+|1508"     
  [59] "N7023|ten_11|27219061|27220569|+|1508"     
  [60] "N7023|ten_5|14963282|14964790|+|1508"      
  [61] "_R_N7023|ten_5|33831367|33832875|+|1508"   
  [62] "N7023|ten_11|13357322|13358830|+|1508"     
  [63] "N7023|ten_11|96644438|96645946|+|1508"     
  [64] "N7023|ten_11|46994661|46996169|+|1508"     
  [65] "_R_N7023|ten_1|107218104|107219612|+|1508" 
  [66] "_R_N7023|ten_2|182986068|182987576|+|1508" 
  [67] "N7023|ten_3|168311194|168312702|+|1508"    
  [68] "_R_N7023|ten_11|88045407|88046915|+|1508"  
  [69] "N7023|ten_8|193872270|193873778|+|1508"    
  [70] "N7023|ten_6|182303900|182305409|+|1509"    
  [71] "N7023|ten_6|182418029|182419538|+|1509"    
  [72] "_R_N7023|ten_6|159512662|159514170|+|1508" 
  [73] "_R_N7023|ten_11|71917815|71919324|+|1509"  
  [74] "_R_N7023|ten_11|87585361|87586870|+|1509"  
  [75] "N7023|ten_11|87812326|87813835|+|1509"     
  [76] "N7023|ten_11|31705731|31707239|+|1508"     
  [77] "_R_N7023|ten_10|73655472|73656980|+|1508"  
  [78] "N7023|ten_11|88388672|88390180|+|1508"     
  [79] "_R_N7023|ten_8|150165035|150166543|+|1508" 
  [80] "N7023|ten_2|15347744|15349252|+|1508"      
  [81] "N7023|ten_11|15902196|15903704|+|1508"     
  [82] "N7023|ten_1|122105498|122107006|+|1508"    
  [83] "_R_N7023|ten_7|92990234|92991742|+|1508"   
  [84] "N7023|ten_X1|49550868|49552376|+|1508"     
  [85] "_R_N7023|ten_4|36749314|36750822|+|1508"   
  [86] "_R_N7023|ten_5|39587117|39588625|+|1508"   
  [87] "_R_N7023|ten_5|155403132|155404640|+|1508" 
  [88] "N7023|ten_1|107492565|107494073|+|1508"    
  [89] "_R_N7023|ten_4|1046900|1048408|+|1508"     
  [90] "_R_N7023|ten_4|174067601|174069109|+|1508" 
  [91] "N7023|ten_4|174233307|174234815|+|1508"    
  [92] "N7023|ten_X1|1801412|1802920|+|1508"       
  [93] "N7023|ten_9|57153781|57155289|+|1508"      
  [94] "_R_N7023|ten_12|42303255|42304763|+|1508"  
  [95] "N7023|ten_12|90293837|90295344|+|1507"     
  [96] "N7023|ten_4|169993461|169994969|+|1508"    
  [97] "_R_N7023|ten_X1|1930476|1931984|+|1508"    
  [98] "N7023|ten_6|220174558|220176066|+|1508"    
  [99] "_R_N7023|ten_1|230933196|230934704|+|1508" 
 [100] "_R_N7023|ten_11|102995560|102997068|+|1508"
 [101] "_R_N7023|ten_8|193780593|193782105|+|1512" 
 [102] "N7023|ten_2|66148522|66150030|+|1508"      
 [103] "N7023|ten_X1|207358766|207360274|+|1508"   
 [104] "N7023|ten_2|1177054|1178562|+|1508"        
 [105] "N7023|ten_4|180667395|180668903|+|1508"    
 [106] "N7023|ten_8|194187455|194188963|+|1508"    
 [107] "N7023|ten_2|39144002|39145510|+|1508"      
 [108] "N7023|ten_5|164607796|164609304|+|1508"    
 [109] "N7023|ten_5|171913317|171914825|+|1508"    
 [110] "_R_N7023|ten_7|111088198|111089706|+|1508" 
 [111] "_R_N7023|ten_11|47180974|47182482|+|1508"  
 [112] "_R_N7023|ten_2|117029764|117031272|+|1508" 
 [113] "_R_N7023|ten_8|28588416|28589924|+|1508"   
 [114] "N7023|ten_4|97526655|97528163|+|1508"      
 [115] "N7023|ten_8|97122507|97124015|+|1508"      
 [116] "_R_N7023|ten_2|263293116|263294624|+|1508" 
 [117] "N7023|ten_3|231493837|231495345|+|1508"    
 [118] "_R_N7023|ten_X2|135636545|135638053|+|1508"
 [119] "_R_N7023|ten_1|51385582|51387090|+|1508"   
 [120] "N7023|ten_2|1425146|1426654|+|1508"        
 [121] "N7023|ten_12|63477965|63479473|+|1508"     
 [122] "_R_N7023|ten_1|230654239|230655747|+|1508" 
 [123] "N7023|ten_1|230691666|230693174|+|1508"    
 [124] "N7023|ten_8|65059186|65060694|+|1508"      
 [125] "_R_N7023|ten_9|120076970|120078478|+|1508" 
 [126] "N7023|ten_6|88606054|88607561|+|1507"      
 [127] "N7023|ten_6|88725729|88727236|+|1507"      
 [128] "_R_N7023|ten_11|47074638|47076145|+|1507"  
 [129] "N7023|ten_X1|207457045|207458553|+|1508"   
 [130] "_R_N7023|ten_3|265443863|265445370|+|1507" 
 [131] "_R_N7023|ten_X2|189353199|189354706|+|1507"
 [132] "N7023|ten_11|89120003|89121511|+|1508"     
 [133] "_R_N7023|ten_2|39656517|39658025|+|1508"   
 [134] "_R_N7023|ten_10|42736558|42738066|+|1508"  
 [135] "_R_N7023|ten_X2|189886912|189888420|+|1508"
 [136] "N7023|ten_11|103972679|103974187|+|1508"   
 [137] "_R_N7023|ten_8|66154393|66155901|+|1508"   
 [138] "N7023|ten_8|108188566|108190074|+|1508"    
 [139] "_R_N7023|ten_11|2165820|2167328|+|1508"    
 [140] "_R_N7023|ten_6|218689455|218690963|+|1508" 
 [141] "N7023|ten_7|150804640|150806148|+|1508"    
 [142] "N7023|ten_3|204893155|204894663|+|1508"    
 [143] "_R_N7023|ten_X1|49343370|49344878|+|1508"  
 [144] "_R_N7023|ten_10|162813671|162815179|+|1508"
 [145] "_R_N7023|ten_X1|162571007|162572515|+|1508"
 [146] "_R_N7023|ten_X1|162581824|162583332|+|1508"
 [147] "_R_N7023|ten_3|75354507|75356015|+|1508"   
 [148] "_R_N7023|ten_4|186442798|186444306|+|1508" 
 [149] "_R_N7023|ten_4|233224055|233225563|+|1508" 
 [150] "N7023|ten_4|145359084|145360592|+|1508"    
 [151] "_R_N7023|ten_X1|149788469|149789977|+|1508"
 [152] "_R_N7023|ten_11|89201369|89202877|+|1508"  
 [153] "N7023|ten_4|80309199|80310707|+|1508"      
 [154] "_R_N7023|ten_10|60538717|60540225|+|1508"  
 [155] "_R_N7023|ten_12|48131613|48133121|+|1508"  
 [156] "_R_N7023|ten_9|168469421|168470929|+|1508" 
 [157] "_R_N7023|ten_X2|180945080|180946588|+|1508"
 [158] "_R_N7023|ten_11|108953547|108955055|+|1508"
 [159] "N7023|ten_7|55408234|55409743|+|1509"      
 [160] "_R_N7023|ten_12|116404118|116405626|+|1508"
 [161] "_R_N7023|ten_3|274805627|274807135|+|1508" 
 [162] "_R_N7023|ten_3|203945532|203947039|+|1507" 
 [163] "N7023|ten_11|89039325|89040833|+|1508"     
 [164] "N7023|ten_11|109239611|109241119|+|1508"   
 [165] "_R_N7023|ten_2|17082530|17084038|+|1508"   
 [166] "_R_N7023|ten_1|64409906|64411414|+|1508"   
 [167] "_R_N7023|ten_9|50580392|50581900|+|1508"   
 [168] "N7023|ten_8|51652218|51653727|+|1509"      
 [169] "_R_N7023|ten_6|5238485|5239994|+|1509"     
 [170] "_R_N7023|ten_6|217771185|217772694|+|1509" 
 [171] "N7023|ten_2|182873890|182875397|+|1507"    
 [172] "N7023|ten_X2|69469686|69471193|+|1507"     
 [173] "_R_N7023|ten_X1|65364225|65365729|+|1504"  
 [174] "N7023|ten_X1|65982423|65983926|+|1503"     
 [175] "_R_N7023|ten_5|171660313|171661817|+|1504" 
 [176] "N7023|ten_X1|48562080|48563584|+|1504"     
 [177] "N7023|ten_6|237365948|237367452|+|1504"    
 [178] "_R_N7023|ten_7|144561234|144562738|+|1504" 
 [179] "N7023|ten_11|46757173|46758677|+|1504"     
 [180] "N7023|ten_6|84310000|84311504|+|1504"      
 [181] "N7023|ten_6|120749113|120750617|+|1504"    
 [182] "N7023|ten_7|58417217|58418721|+|1504"      
 [183] "_R_N7023|ten_10|121951804|121953307|+|1503"
 [184] "N7023|ten_6|5818957|5820461|+|1504"        
 [185] "N7023|ten_11|88636172|88637676|+|1504"     
 [186] "_R_N7023|ten_8|193687401|193688905|+|1504" 
 [187] "N7023|ten_5|172743813|172745317|+|1504"    
 [188] "_R_N7023|ten_X1|192163370|192164873|+|1503"
 [189] "N7023|ten_6|4095594|4097100|+|1506"        
 [190] "_R_N7023|ten_6|4290533|4292039|+|1506"     
 [191] "N7023|ten_11|20702835|20704339|+|1504"     
 [192] "N7023|ten_2|43136623|43138127|+|1504"      
 [193] "_R_N7023|ten_5|164388544|164390048|+|1504" 
 [194] "N7023|ten_2|1852079|1853583|+|1504"        
 [195] "_R_N7023|ten_10|163110569|163112073|+|1504"
 [196] "N7023|ten_1|265492917|265494420|+|1503"    
 [197] "_R_N7023|ten_10|35112087|35113590|+|1503"  
 [198] "_R_N7023|ten_1|215462991|215464494|+|1503" 
 [199] "_R_N7023|ten_8|49413679|49415182|+|1503"   
 [200] "N7023|ten_10|11827297|11828800|+|1503"     
 [201] "_R_N7023|ten_11|89706421|89707924|+|1503"  
 [202] "_R_N7023|ten_2|1083290|1084793|+|1503"     
 [203] "N7023|ten_6|32155564|32157067|+|1503"      
 [204] "_R_N7023|ten_X2|18727036|18728539|+|1503"  
 [205] "N7023|ten_8|93146760|93148263|+|1503"      
 [206] "_R_N7023|ten_7|2609768|2611271|+|1503"     
 [207] "N7023|ten_2|16911816|16913319|+|1503"      
 [208] "_R_N7023|ten_12|117316535|117318038|+|1503"
 [209] "_R_N7023|ten_11|88527908|88529411|+|1503"  
 [210] "_R_N7023|ten_4|180306400|180307904|+|1504" 
 [211] "N7023|ten_5|82419333|82420836|+|1503"      
 [212] "_R_N7023|ten_8|193977515|193979018|+|1503" 
 [213] "_R_N7023|ten_4|30541037|30542540|+|1503"   
 [214] "N7023|ten_2|192569435|192570938|+|1503"    
 [215] "_R_N7023|ten_4|145519552|145521055|+|1503" 
 [216] "N7023|ten_6|51424512|51426015|+|1503"      
 [217] "N7023|ten_10|122331025|122332528|+|1503"   
 [218] "N7023|ten_X2|88563255|88564758|+|1503"     
 [219] "_R_N7023|ten_6|49257650|49259153|+|1503"   
 [220] "_R_N7023|ten_2|444178|445682|+|1504"       
 [221] "_R_N7023|ten_12|48047152|48048656|+|1504"  
 [222] "N7023|ten_3|151101283|151102787|+|1504"    
 [223] "N7023|ten_9|72935866|72937370|+|1504"      
 [224] "N7023|ten_11|109143140|109144644|+|1504"   
 [225] "_R_N7023|ten_8|127189506|127191010|+|1504" 
 [226] "_R_N7023|ten_8|192282618|192284122|+|1504" 
 [227] "N7023|ten_9|92740481|92741985|+|1504"      
 [228] "_R_N7023|ten_9|104017302|104018806|+|1504" 
 [229] "N7023|ten_3|239447785|239449289|+|1504"    
 [230] "N7023|ten_11|87286012|87287516|+|1504"     
 [231] "_R_N7023|ten_1|227199047|227200551|+|1504" 
 [232] "_R_N7023|ten_1|176609683|176611187|+|1504" 
 [233] "_R_N7023|ten_X2|128961694|128963198|+|1504"
 [234] "N7023|ten_X1|49958228|49959732|+|1504"     
 [235] "_R_N7023|ten_4|122032799|122034303|+|1504" 
 [236] "N7023|ten_8|192437580|192439084|+|1504"    
 [237] "_R_N7023|ten_12|89280341|89281844|+|1503"  
 [238] "N7023|ten_2|1017564|1019067|+|1503"        
 [239] "_R_N7023|ten_1|121211297|121212801|+|1504" 
 [240] "N7023|ten_X1|85213837|85215341|+|1504"     
 [241] "N7023|ten_8|38395840|38397344|+|1504"      
 [242] "_R_N7023|ten_11|89864511|89866015|+|1504"  
 [243] "N7023|ten_2|744909|746413|+|1504"          
 [244] "_R_N7023|ten_2|1275058|1276562|+|1504"     
 [245] "_R_N7023|ten_6|188213272|188214776|+|1504" 
 [246] "_R_N7023|ten_4|72884292|72885796|+|1504"   
 [247] "_R_N7023|ten_4|115595281|115596785|+|1504" 
 [248] "N7023|ten_1|119351875|119353379|+|1504"    
 [249] "_R_N7023|ten_8|97006234|97007738|+|1504"   
 [250] "N7023|ten_8|126752960|126754464|+|1504"    
 [251] "N7023|ten_1|177706825|177708329|+|1504"    
 [252] "_R_N7023|ten_8|63226359|63227861|+|1502"   
 [253] "N7023|ten_2|112275989|112277493|+|1504"    
 [254] "_R_N7023|ten_X2|189007193|189008697|+|1504"
 [255] "N7023|ten_4|199029637|199031141|+|1504"    
 [256] "N7023|ten_10|34965790|34967294|+|1504"     
 [257] "_R_N7023|ten_3|68855009|68856513|+|1504"   
 [258] "N7023|ten_3|86806244|86807748|+|1504"      
 [259] "N7023|ten_4|202350179|202351683|+|1504"    
 [260] "_R_N7023|ten_6|78199721|78201225|+|1504"   
 [261] "N7023|ten_9|92293075|92294579|+|1504"      
 [262] "_R_N7023|ten_1|227453791|227455295|+|1504" 
 [263] "N7023|ten_12|120973106|120974610|+|1504"   
 [264] "N7023|ten_7|185240644|185242148|+|1504"    
 [265] "_R_N7023|ten_6|79061486|79062990|+|1504"   
 [266] "N7023|ten_9|168528995|168530494|+|1499"    
 [267] "_R_N7023|ten_4|157195677|157197181|+|1504" 
 [268] "_R_N7023|ten_7|185137379|185138883|+|1504" 
 [269] "_R_N7023|ten_5|110858231|110859735|+|1504" 
 [270] "_R_N7023|ten_X2|102813163|102814671|+|1508"
 [271] "_R_N7023|ten_10|70210747|70212251|+|1504"  
 [272] "_R_N7023|ten_X1|198594169|198595673|+|1504"
 [273] "_R_N7023|ten_9|99250932|99252436|+|1504"   
 [274] "N7023|ten_6|182266250|182267754|+|1504"    
 [275] "N7023|ten_2|20723663|20725167|+|1504"      
 [276] "N7023|ten_7|144935656|144937160|+|1504"    
 [277] "N7023|ten_X2|72742286|72743790|+|1504"     
 [278] "N7023|ten_8|192635410|192636913|+|1503"    
 [279] "_R_N7023|ten_12|35548417|35549921|+|1504"  
 [280] "_R_N7023|ten_8|184631400|184632904|+|1504" 
 [281] "N7023|ten_8|184726757|184728261|+|1504"    
 [282] "N7023|ten_2|172142239|172143743|+|1504"    
 [283] "_R_N7023|ten_9|28484911|28486415|+|1504"   
 [284] "_R_N7023|ten_2|110946227|110947731|+|1504" 
 [285] "N7023|ten_2|83227573|83229078|+|1505"      
 [286] "_R_N7023|ten_3|58875462|58876966|+|1504"   
 [287] "_R_N7023|ten_7|12343565|12345069|+|1504"   
 [288] "N7023|ten_7|174797681|174799185|+|1504"    
 [289] "_R_N7023|ten_12|54531579|54533083|+|1504"  
 [290] "N7023|ten_2|216356158|216357662|+|1504"    
 [291] "_R_N7023|ten_4|199784780|199786284|+|1504" 
 [292] "N7023|ten_X2|128844415|128845919|+|1504"   
 [293] "N7023|ten_X1|202201078|202202582|+|1504"   
 [294] "_R_N7023|ten_3|75655113|75656617|+|1504"   
 [295] "_R_N7023|ten_2|93725626|93727130|+|1504"   
 [296] "N7023|ten_11|12685325|12686829|+|1504"     
 [297] "_R_N7023|ten_1|107432300|107433811|+|1511" 
 [298] "_R_N7023|ten_11|87493298|87494802|+|1504"  
 [299] "_R_N7023|ten_8|69410437|69411941|+|1504"   
 [300] "_R_N7023|ten_1|129968682|129970186|+|1504" 
 [301] "_R_N7023|ten_1|174491824|174493328|+|1504" 
 [302] "_R_N7023|ten_6|115691307|115692811|+|1504" 
 [303] "_R_N7023|ten_4|215311355|215312859|+|1504" 
 [304] "N7023|ten_4|30394461|30395965|+|1504"      
 [305] "_R_N7023|ten_9|28615069|28616573|+|1504"   
 [306] "_R_N7023|ten_11|88158699|88160203|+|1504"  
 [307] "_R_N7023|ten_7|58818591|58820095|+|1504"   
 [308] "N7023|ten_8|184091630|184093134|+|1504"    
 [309] "_R_N7023|ten_X1|61519122|61520626|+|1504"  
 [310] "N7023|ten_2|232770198|232771702|+|1504"    
 [311] "N7023|ten_X2|180765256|180766760|+|1504"   
 [312] "N7023|ten_1|107313736|107315240|+|1504"    
 [313] "_R_N7023|ten_11|11964096|11965599|+|1503"  
 [314] "_R_N7023|ten_4|64423061|64424564|+|1503"   
 [315] "_R_N7023|ten_11|13018044|13019545|+|1501"  
 [316] "_R_N7023|ten_12|46558834|46560338|+|1504"  
 [317] "N7023|ten_9|163547866|163549370|+|1504"    
 [318] "_R_N7023|ten_5|67010208|67011712|+|1504"   
 [319] "_R_N7023|ten_10|48848223|48849734|+|1511"  
 [320] "_R_N7023|ten_7|126237805|126239316|+|1511" 
 [321] "N7023|ten_8|190290022|190291530|+|1508"    
 [322] "N7023|ten_X2|205935431|205936939|+|1508"   
 [323] "_R_N7023|ten_4|193081008|193082513|+|1505" 
 [324] "_R_N7023|ten_7|83215736|83217240|+|1504"   
 [325] "_R_N7023|ten_9|88891554|88893059|+|1505"   
 [326] "N7023|ten_11|88937543|88939048|+|1505"     
 [327] "_R_N7023|ten_8|67812275|67813779|+|1504"   
 [328] "_R_N7023|ten_12|82190936|82192441|+|1505"  
 [329] "_R_N7023|ten_7|151601981|151603489|+|1508" 
 [330] "_R_N7023|dum_7|57863892|57865391|+|1499"   
 [331] "_R_N7023|dum_12|36096006|36097515|+|1509"  
 [332] "N7023|dum_2|93867898|93869402|+|1504"      
 [333] "N7023|dum_X2|189045004|189046508|+|1504"   
 [334] "N7023|dum_8|114220923|114222427|+|1504"    
 [335] "_R_N7023|dum_10|145193018|145194522|+|1504"
 [336] "N7023|dum_3|165074511|165076015|+|1504"    
 [337] "N7023|dum_1|264280648|264282152|+|1504"    
 [338] "N7023|dum_1|216596844|216598350|+|1506"    
 [339] "_R_N7023|dum_3|250505582|250507086|+|1504" 
 [340] "_R_N7023|dum_4|160134928|160136424|+|1496" 
 [341] "_R_N7023|dum_X2|96594635|96596139|+|1504"  
 [342] "N7023|ten_X2|162466577|162468080|+|1503"   
 [343] "N7023|dum_4|54536508|54538012|+|1504"      
 [344] "N7023|dum_8|73963288|73964792|+|1504"      
 [345] "N7023|dum_X1|222049824|222051327|+|1503"   
 [346] "N7023|dum_5|210522684|210524175|+|1491"    
 [347] "N7023|dum_6|171948453|171949957|+|1504"    
 [348] "N7023|ten_5|24836838|24838343|+|1505"      
 [349] "N7023|dum_9|28074456|28075960|+|1504"      
 [350] "N7023|dum_9|42213594|42215099|+|1505"      
 [351] "N7023|dum_8|31372273|31373777|+|1504"      
 [352] "_R_N7023|dum_7|70080745|70082249|+|1504"   
 [353] "_R_N7023|dum_6|171485867|171487371|+|1504" 
 [354] "N7023|dum_6|164263752|164265256|+|1504"    
 [355] "_R_N7023|dum_7|1642222|1643726|+|1504"     
 [356] "_R_N7023|dum_8|31572228|31573731|+|1503"   
 [357] "N7023|dum_9|40842616|40844108|+|1492"      
 [358] "_R_N7023|dum_1|185758802|185760306|+|1504" 
 [359] "N7023|dum_10|101467501|101469005|+|1504"   
 [360] "N7023|dum_6|34440764|34442268|+|1504"      
 [361] "N7023|dum_8|123401859|123403361|+|1502"    
 [362] "_R_N7023|dum_6|171577546|171579050|+|1504" 
 [363] "_R_N7023|dum_6|220488294|220489798|+|1504" 
 [364] "_R_N7023|dum_X2|106472873|106474377|+|1504"
 [365] "N7023|dum_5|166092426|166093930|+|1504"    
 [366] "N7023|dum_11|65278281|65279786|+|1505"     
 [367] "N7023|dum_9|6291746|6293250|+|1504"        
 [368] "_R_N7023|dum_10|171331237|171332741|+|1504"
 [369] "_R_N7023|dum_12|114338066|114339570|+|1504"
 [370] "_R_N7023|dum_7|101462195|101463690|+|1495" 
 [371] "_R_N7023|dum_5|169104264|169105767|+|1503" 
 [372] "_R_N7023|dum_1|165880938|165882442|+|1504" 
 [373] "N7023|dum_6|150807405|150808909|+|1504"    
 [374] "N7023|dum_X1|232129925|232131429|+|1504"   
 [375] "N7023|dum_8|105367652|105369156|+|1504"    
 [376] "_R_N7023|dum_8|102595550|102597055|+|1505" 
 [377] "N7023|dum_X2|121209430|121210935|+|1505"   
 [378] "N7023|ten_7|144725406|144726909|+|1503"    
 [379] "N7023|dum_8|169696534|169698037|+|1503"    
 [380] "_R_N7023|dum_6|184981218|184982722|+|1504" 
 [381] "_R_N7023|ten_2|94201673|94203177|+|1504"   
 [382] "N7023|dum_8|108522605|108524109|+|1504"    
 [383] "_R_N7023|dum_X2|22211247|22212751|+|1504"  
 [384] "_R_N7023|dum_X2|121647504|121649006|+|1502"
 [385] "N7023|dum_X2|121966679|121968179|+|1500"   
 [386] "_R_N7023|dum_12|122700966|122702471|+|1505"
 [387] "_R_N7023|dum_11|52495675|52497169|+|1494"  
 [388] "_R_N7023|dum_6|202546982|202548486|+|1504" 
 [389] "N7023|dum_6|184166301|184167815|+|1514"    
 [390] "N7023|dum_5|124197456|124198959|+|1503"    
 [391] "_R_N7023|dum_5|124917507|124919009|+|1502" 
 [392] "_R_N7023|dum_7|121371309|121372812|+|1503" 
 [393] "N7023|dum_9|106646411|106647914|+|1503"    
 [394] "N7023|dum_4|50004190|50005692|+|1502"      
 [395] "N7023|dum_4|50282475|50283978|+|1503"      
 [396] "_R_N7023|dum_10|160926662|160928165|+|1503"
 [397] "_R_N7023|dum_3|175394005|175395508|+|1503" 
 [398] "_R_N7023|dum_1|258357189|258359116|+|1927" 
 [399] "_R_N7023|dum_8|154185039|154186971|+|1932" 
 [400] "_R_N7023|dum_10|58138157|58140081|+|1924"  
 [401] "_R_N7023|dum_8|114332890|114334810|+|1920" 
 [402] "N7023|dum_X2|25128764|25130689|+|1925"     
 [403] "N7023|ten_5|109324722|109326651|+|1929"    
 [404] "_R_N7023|ten_5|109918656|109920586|+|1930" 
 [405] "N7023|dum_6|34294858|34296779|+|1921"      
 [406] "N7023|dum_11|25007338|25009263|+|1925"     
 [407] "_R_N7023|dum_2|252917846|252919769|+|1923" 
 [408] "N7023|dum_1|162121324|162123253|+|1929"    
 [409] "N7023|dum_11|54627142|54629068|+|1926"     
 [410] "_R_N7023|ten_5|188384906|188386608|+|1702" 
 [411] "N7023|dum_3|140197638|140199563|+|1925"    
 [412] "N7023|dum_11|68680990|68682915|+|1925"     
 [413] "N7023|dum_7|82395152|82397077|+|1925"      
 [414] "N7023|dum_5|37303772|37305699|+|1927"      
 [415] "N7023|dum_8|126427210|126429136|+|1926"    
 [416] "N7023|dum_8|126490659|126492585|+|1926"    
 [417] "N7023|dum_3|145637834|145639751|+|1917"    
 [418] "_R_N7023|ten_6|165058574|165060499|+|1925" 
 [419] "N7023|ten_6|230401512|230403437|+|1925"    
 [420] "_R_N7023|ten_5|90672050|90673959|+|1909"   
 [421] "_R_N7023|dum_X2|74150213|74152140|+|1927"  
 [422] "_R_N7023|dum_10|140951489|140953413|+|1924"
 [423] "N7023|dum_10|186646912|186648840|+|1928"   
 [424] "_R_N7023|dum_8|10715449|10717373|+|1924"   
 [425] "_R_N7023|dum_8|105639609|105641533|+|1924" 
 [426] "_R_N7023|dum_4|73637612|73639548|+|1936"   
 [427] "_R_N7023|dum_4|86264642|86266566|+|1924"   
 [428] "_R_N7023|dum_2|77622843|77624746|+|1903"   
 [429] "_R_N7023|ten_2|81811669|81813594|+|1925"   
 [430] "_R_N7023|ten_2|62388687|62390627|+|1940"   
 [431] "N7023|ten_3|106506145|106508085|+|1940"    
 [432] "N7023|ten_10|142894775|142896716|+|1941"   
 [433] "_R_N7023|ten_12|77757068|77759007|+|1939"  
 [434] "_R_N7023|ten_9|112333216|112335154|+|1938" 
 [435] "N7023|ten_12|75894190|75896129|+|1939"     
 [436] "N7023|ten_2|102825422|102827360|+|1938"    
 [437] "N7023|ten_9|97778612|97780554|+|1942"      
 [438] "N7023|ten_X1|176801760|176803701|+|1941"   
 [439] "N7023|ten_X1|204260312|204262250|+|1938"   
 [440] "_R_N7023|ten_5|51682550|51684487|+|1937"   
 [441] "_R_N7023|ten_5|172935749|172937690|+|1941" 
 [442] "_R_N7023|ten_4|179150686|179152625|+|1939" 
 [443] "_R_N7023|ten_8|68359527|68361487|+|1960"   
 [444] "_R_N7023|ten_12|89853931|89855871|+|1940"  
 [445] "N7023|ten_4|36440250|36442191|+|1941"      
 [446] "N7023|ten_12|52059934|52061874|+|1940"     
 [447] "N7023|ten_5|69943816|69945757|+|1941"      
 [448] "N7023|ten_10|178820551|178822491|+|1940"   
 [449] "_R_N7023|ten_4|3897137|3899077|+|1940"     
 [450] "_R_N7023|ten_3|59378774|59380714|+|1940"   
 [451] "N7023|ten_1|120021858|120023792|+|1934"    
 [452] "N7023|ten_9|133545052|133546993|+|1941"    
 [453] "N7023|ten_2|180016022|180017963|+|1941"    
 [454] "N7023|ten_2|60228258|60230199|+|1941"      
 [455] "N7023|ten_11|4825677|4827617|+|1940"       
 [456] "_R_N7023|ten_8|48471049|48472989|+|1940"   
 [457] "N7023|ten_9|122736430|122738369|+|1939"    
 [458] "N7023|ten_12|448560|450500|+|1940"         
 [459] "N7023|ten_X1|166436170|166438110|+|1940"   
 [460] "_R_N7023|ten_4|173837660|173839600|+|1940" 
 [461] "_R_N7023|ten_4|177000887|177002828|+|1941" 
 [462] "N7023|ten_6|49994033|49995973|+|1940"      
 [463] "_R_N7023|ten_7|2687446|2689385|+|1939"     
 [464] "_R_N7023|ten_6|237215602|237217542|+|1940" 
 [465] "_R_N7023|ten_10|127348481|127350423|+|1942"
 [466] "N7023|ten_8|67639928|67641868|+|1940"      
 [467] "_R_N7023|ten_3|191697164|191699103|+|1939" 
 [468] "N7023|ten_8|118190403|118192342|+|1939"    
 [469] "_R_N7023|ten_2|162471001|162472940|+|1939" 
 [470] "_R_N7023|ten_5|201191381|201193320|+|1939" 
 [471] "_R_N7023|ten_7|30345908|30347847|+|1939"   
 [472] "_R_N7023|ten_7|30387190|30389129|+|1939"   
 [473] "_R_N7023|ten_X2|99051398|99053337|+|1939"  
 [474] "N7023|ten_X1|88129128|88131067|+|1939"     
 [475] "N7023|ten_2|230782913|230784852|+|1939"    
 [476] "_R_N7023|ten_X1|1133413|1135353|+|1940"    
 [477] "N7023|ten_5|78242053|78243992|+|1939"      
 [478] "_R_N7023|ten_2|184661017|184662956|+|1939" 
 [479] "_R_N7023|ten_11|72111387|72113327|+|1940"  
 [480] "N7023|ten_10|113874926|113876868|+|1942"   
 [481] "N7023|ten_1|174602831|174604771|+|1940"    
 [482] "_R_N7023|ten_4|231128524|231130465|+|1941" 
 [483] "N7023|ten_1|174600286|174602226|+|1940"    
 [484] "_R_N7023|ten_2|22365704|22367644|+|1940"   
 [485] "N7023|ten_X1|85801050|85802989|+|1939"     
 [486] "_R_N7023|ten_3|191497266|191499205|+|1939" 
 [487] "_R_N7023|ten_X2|14482492|14484431|+|1939"  
 [488] "N7023|ten_9|165830772|165832712|+|1940"    
 [489] "_R_N7023|ten_3|16900266|16902205|+|1939"   
 [490] "_R_N7023|ten_5|172859395|172861336|+|1941" 
 [491] "_R_N7023|ten_12|44325892|44327832|+|1940"  
 [492] "N7023|ten_10|1486948|1488889|+|1941"       
 [493] "_R_N7023|ten_10|127990983|127992922|+|1939"
 [494] "_R_N7023|ten_10|120329347|120331285|+|1938"
 [495] "_R_N7023|ten_12|53130312|53132246|+|1934"  
 [496] "N7023|ten_9|147804766|147806705|+|1939"    
 [497] "N7023|ten_X2|129476332|129478271|+|1939"   
 [498] "N7023|ten_10|127413557|127415499|+|1942"   
 [499] "N7023|ten_8|84059745|84061686|+|1941"      
 [500] "_R_N7023|ten_2|145636003|145637938|+|1935" 
 [501] "_R_N7023|ten_9|98633851|98635787|+|1936"   
 [502] "N7023|ten_1|50321530|50323468|+|1938"      
 [503] "N7023|ten_X1|119221353|119223292|+|1939"   
 [504] "N7023|ten_X1|4788927|4790868|+|1941"       
 [505] "_R_N7023|ten_6|207335286|207337226|+|1940" 
 [506] "N7023|ten_7|2869342|2871285|+|1943"        
 [507] "_R_N7023|ten_9|123559224|123561167|+|1943" 
 [508] "_R_N7023|ten_6|202049660|202051603|+|1943" 
 [509] "N7023|ten_2|81382158|81384100|+|1942"      
 [510] "N7023|ten_7|135638974|135640921|+|1947"    
 [511] "N7023|ten_12|90214646|90216585|+|1939"     
 [512] "N7023|ten_11|115870208|115872151|+|1943"   
 [513] "N7023|ten_5|91610943|91612877|+|1934"      
 [514] "N7023|ten_X1|35847028|35848966|+|1938"     
 [515] "_R_N7023|ten_X2|107345867|107347804|+|1937"
 [516] "N7023|ten_12|101911289|101913229|+|1940"   
 [517] "N7023|ten_4|193362215|193364157|+|1942"    
 [518] "_R_N7023|ten_10|89689295|89691236|+|1941"  
 [519] "N7023|ten_10|114921935|114923872|+|1937"   
 [520] "N7023|ten_4|66018244|66020188|+|1944"      
 [521] "N7023|dum_7|96771884|96773825|+|1941"      
 [522] "N7023|dum_7|96777755|96779695|+|1940"      
 [523] "_R_N7023|dum_11|56432590|56434530|+|1940"  
 [524] "N7023|dum_2|27073971|27075913|+|1942"      
 [525] "_R_N7023|dum_1|242326034|242327974|+|1940" 
 [526] "_R_N7023|dum_1|242353497|242355437|+|1940" 
 [527] "N7023|dum_X2|61819028|61820968|+|1940"     
 [528] "N7023|dum_X2|121078333|121080274|+|1941"   
 [529] "N7023|dum_2|183216137|183218078|+|1941"    
 [530] "_R_N7023|dum_8|128445182|128447138|+|1956" 
 [531] "N7023|ten_10|178011367|178013309|+|1942"   
 [532] "_R_N7023|dum_12|83388443|83390387|+|1944"  
 [533] "N7023|ten_X2|20540370|20542310|+|1940"     
 [534] "_R_N7023|dum_8|183924594|183926533|+|1939" 
 [535] "N7023|dum_12|113312038|113313978|+|1940"   
 [536] "N7023|dum_1|295053559|295055500|+|1941"    
 [537] "_R_N7023|dum_2|227266408|227268349|+|1941" 
 [538] "N7023|dum_3|62873519|62875316|+|1797"      
 [539] "_R_N7023|dum_X1|102114073|102116013|+|1940"
 [540] "_R_N7023|dum_10|76932549|76934488|+|1939"  
 [541] "N7023|ten_12|46869023|46870962|+|1939"     
 [542] "N7023|ten_3|148472661|148474599|+|1938"    
 [543] "N7023|dum_6|34349703|34351634|+|1931"      
 [544] "N7023|dum_6|34364448|34366379|+|1931"      
 [545] "N7023|ten_2|120609100|120611036|+|1936"    
 [546] "N7023|dum_1|149314278|149316216|+|1938"    
 [547] "N7023|dum_X2|114077680|114079613|+|1933"   
 [548] "N7023|dum_1|205938043|205939788|+|1745"    
 [549] "_R_N7023|dum_8|34982704|34984448|+|1744"   
 [550] "_R_N7023|dum_8|64239078|64240824|+|1746"   
 [551] "_R_N7023|dum_5|85625956|85627701|+|1745"   
 [552] "N7023|dum_7|68113885|68115630|+|1745"      
 [553] "_R_N7023|dum_4|28961866|28963608|+|1742"   
 [554] "N7023|dum_4|141230346|141232090|+|1744"    
 [555] "_R_N7023|dum_X1|184853888|184855494|+|1606"
 [556] "N7023|dum_5|142836805|142838548|+|1743"    
 [557] "_R_N7023|dum_4|49895581|49897131|+|1550"   
 [558] "N7023|ten_2|41232085|41233606|+|1521"      
 [559] "N7023|ten_7|58541682|58543240|+|1558"      
 [560] "N7023|dum_5|143820510|143822176|+|1666"    
 [561] "N7023|dum_4|37123882|37125623|+|1741"      
 [562] "_R_N7023|dum_3|233845304|233847244|+|1940" 
 [563] "_R_N7023|dum_9|106572652|106574589|+|1937" 
 [564] "_R_N7023|dum_4|168306026|168307967|+|1941" 
 [565] "_R_N7023|dum_9|112772822|112774762|+|1940" 
 [566] "N7023|dum_6|69529011|69530839|+|1828"      
 [567] "N7023|dum_6|183154202|183156140|+|1938"    
 [568] "N7023|dum_7|81177045|81178961|+|1916"      
 [569] "_R_N7023|dum_X1|170282245|170284185|+|1940"
 [570] "N7023|dum_10|157919063|157921003|+|1940"   
 [571] "N7023|dum_6|172182532|172184480|+|1948"    
 [572] "_R_N7023|dum_4|238622546|238624485|+|1939" 
 [573] "N7023|dum_10|164032005|164033943|+|1938"   
 [574] "N7023|dum_7|81474430|81476366|+|1936"      
 [575] "N7023|dum_5|165937933|165939873|+|1940"    
 [576] "N7023|dum_X1|69836730|69838670|+|1940"     
 [577] "N7023|dum_4|70598080|70600019|+|1939"      
 [578] "N7023|dum_5|162025097|162027038|+|1941"    
 [579] "_R_N7023|dum_7|119013764|119015704|+|1940" 
 [580] "N7023|dum_9|64158176|64160146|+|1970"      
 [581] "N7023|dum_9|64184932|64186902|+|1970"      
 [582] "_R_N7023|dum_X1|233662904|233664845|+|1941"
 [583] "N7023|dum_1|103673440|103675382|+|1942"    
 [584] "N7023|dum_4|71857531|71859470|+|1939"      
 [585] "N7023|dum_2|89091493|89093433|+|1940"      
 [586] "N7023|dum_2|89104817|89106757|+|1940"      
 [587] "N7023|dum_4|117238720|117240658|+|1938"    
 [588] "_R_N7023|dum_10|10876489|10878420|+|1931"  
 [589] "N7023|dum_3|32370041|32371980|+|1939"      
 [590] "N7023|dum_5|148581280|148583216|+|1936"    
 [591] "N7023|dum_5|132339216|132341154|+|1938"    
 [592] "N7023|dum_5|132366892|132368830|+|1938"    
 [593] "_R_N7023|dum_6|102366485|102368423|+|1938" 
 [594] "_R_N7023|dum_8|108417217|108419157|+|1940" 
 [595] "N7023|dum_2|97909391|97911328|+|1937"      
 [596] "_R_N7023|dum_4|86524443|86526380|+|1937"   
 [597] "N7023|dum_11|83374083|83376023|+|1940"     
 [598] "N7023|dum_7|162660891|162662831|+|1940"    
 [599] "N7023|dum_3|237318153|237320094|+|1941"    
 [600] "N7023|dum_X1|189165411|189167350|+|1939"   
 [601] "_R_N7023|dum_4|116847660|116849599|+|1939" 
 [602] "_R_N7023|dum_X1|172867010|172868939|+|1929"
 [603] "_R_N7023|dum_12|90340121|90342067|+|1946"  
 [604] "N7023|dum_11|108571618|108573561|+|1943"   
 [605] "_R_N7023|dum_4|69370954|69372895|+|1941"   
 [606] "N7023|dum_7|155344474|155346411|+|1937"    
 [607] "N7023|dum_11|55768837|55770771|+|1934"     
 [608] "_R_N7023|dum_7|92352840|92354774|+|1934"   
 [609] "_R_N7023|dum_9|79657015|79658930|+|1915"   
 [610] "_R_N7023|ten_6|70186534|70188479|+|1945"   
 [611] "N7023|dum_X1|166629622|166631536|+|1914"   
 [612] "N7023|ten_10|168455560|168457502|+|1942"   
 [613] "N7023|ten_6|79273840|79275773|+|1933"      
 [614] "N7023|dum_12|107861306|107863244|+|1938"   
 [615] "_R_N7023|ten_X2|112564469|112566406|+|1937"
 [616] "N7023|dum_7|70726653|70728433|+|1780"      
 [617] "_R_N7023|ten_3|150866194|150868144|+|1950" 
 [618] "N7023|dum_1|195639559|195641334|+|1775"    
 [619] "_R_N7023|dum_4|9511798|9513331|+|1533"     
 [620] "N7023|dum_6|212284568|212286091|+|1523"    
 [621] "N7023|dum_X2|47254935|47256465|+|1530"     
 [622] "N7023|ten_X2|170290941|170292469|+|1528"   
 [623] "_R_N7023|dum_5|123557104|123558632|+|1528" 
 [624] "N7023|dum_4|178166803|178168331|+|1528"    
 [625] "_R_N7023|dum_4|178311131|178312659|+|1528" 
 [626] "_R_N7023|dum_12|84394818|84396343|+|1525"  
 [627] "_R_N7023|dum_10|160069584|160071112|+|1528"
 [628] "N7023|dum_1|165190039|165191567|+|1528"    
 [629] "_R_N7023|dum_2|245273858|245275386|+|1528" 
 [630] "_R_N7023|dum_9|150792965|150794493|+|1528" 
 [631] "_R_N7023|dum_6|165605982|165607510|+|1528" 
 [632] "N7023|dum_4|117332268|117333795|+|1527"    
 [633] "N7023|dum_2|150485742|150487272|+|1530"    
 [634] "N7023|dum_7|51570809|51572338|+|1529"      
 [635] "N7023|dum_10|145310045|145311572|+|1527"   
 [636] "N7023|dum_10|103316986|103318514|+|1528"   
 [637] "N7023|dum_2|38173923|38175451|+|1528"      
 [638] "_R_N7023|dum_X2|109028853|109030381|+|1528"
 [639] "N7023|dum_8|21128390|21129917|+|1527"      
 [640] "_R_N7023|dum_2|20913328|20914856|+|1528"   
 [641] "_R_N7023|dum_X2|168678816|168680346|+|1530"
 [642] "N7023|dum_2|79398306|79399834|+|1528"      
 [643] "N7023|dum_6|212181840|212183368|+|1528"    
 [644] "_R_N7023|dum_4|153913326|153914845|+|1519" 
 [645] "_R_N7023|dum_8|110786428|110787956|+|1528" 
 [646] "N7023|dum_3|108166807|108168336|+|1529"    
 [647] "_R_N7023|dum_4|119702809|119704329|+|1520" 
 [648] "N7023|dum_12|124194950|124196478|+|1528"   
 [649] "_R_N7023|dum_2|243391431|243392959|+|1528" 
 [650] "_R_N7023|dum_2|144941236|144942765|+|1529" 
 [651] "N7023|dum_2|145778324|145779853|+|1529"    
 [652] "N7023|dum_11|49300603|49302119|+|1516"     
 [653] "N7023|dum_2|144797333|144798861|+|1528"    
 [654] "_R_N7023|dum_X1|227354438|227355966|+|1528"
 [655] "N7023|dum_6|198788818|198790347|+|1529"    
 [656] "N7023|dum_11|64249791|64251319|+|1528"     
 [657] "_R_N7023|dum_9|47626999|47628527|+|1528"   
 [658] "_R_N7023|dum_2|145888046|145889576|+|1530" 
 [659] "_R_N7023|dum_4|254197620|254199148|+|1528" 
 [660] "_R_N7023|dum_8|49440637|49442165|+|1528"   
 [661] "_R_N7023|dum_4|23936237|23937749|+|1512"   
 [662] "N7023|dum_X1|63711999|63713527|+|1528"     
 [663] "_R_N7023|dum_5|147084499|147086017|+|1518" 
 [664] "_R_N7023|dum_9|116910603|116912119|+|1516" 
 [665] "_R_N7023|dum_10|57182136|57183666|+|1530"  
 [666] "N7023|dum_4|53177681|53179211|+|1530"      
 [667] "_R_N7023|dum_10|187188067|187189596|+|1529"
 [668] "_R_N7023|dum_4|7847261|7848790|+|1529"     
 [669] "N7023|dum_5|123311104|123312633|+|1529"    
 [670] "N7023|ten_X1|20729983|20731512|+|1529"     
 [671] "N7023|ten_9|147668698|147670225|+|1527"    
 [672] "_R_N7023|dum_9|27907027|27908553|+|1526"   
 [673] "N7023|dum_X1|97185835|97187362|+|1527"     
 [674] "N7023|dum_1|272965338|272966865|+|1527"    
 [675] "_R_N7023|dum_8|32174625|32176149|+|1524"   
 [676] "N7023|dum_10|123745610|123747137|+|1527"   
 [677] "N7023|dum_8|72140659|72142187|+|1528"      
 [678] "_R_N7023|dum_X1|16191106|16192632|+|1526"  
 [679] "N7023|dum_12|107758922|107760450|+|1528"   
 [680] "N7023|dum_1|195677953|195679480|+|1527"    
 [681] "N7023|dum_9|108545911|108547437|+|1526"    
 [682] "N7023|dum_3|197357592|197359119|+|1527"    
 [683] "_R_N7023|dum_11|90656948|90658475|+|1527"  
 [684] "_R_N7023|dum_8|146887115|146888642|+|1527" 
 [685] "_R_N7023|dum_X1|147379734|147381262|+|1528"
 [686] "_R_N7023|dum_X2|148063158|148064688|+|1530"
 [687] "N7023|dum_11|122370677|122372206|+|1529"   
 [688] "N7023|dum_6|227477672|227479201|+|1529"    
 [689] "_R_N7023|dum_12|41710103|41711630|+|1527"  
 [690] "_R_N7023|dum_9|87381760|87383290|+|1530"   
 [691] "_R_N7023|dum_2|17183970|17185499|+|1529"   
 [692] "N7023|dum_9|109242937|109244466|+|1529"    
 [693] "N7023|dum_10|160163173|160164693|+|1520"   
 [694] "N7023|dum_8|50642777|50644307|+|1530"      
 [695] "N7023|dum_X1|103671868|103673397|+|1529"   
 [696] "N7023|dum_4|31944532|31946061|+|1529"      
 [697] "N7023|dum_6|156399440|156400969|+|1529"    
 [698] "N7023|ten_2|192002595|192004121|+|1526"    
 [699] "N7023|ten_9|147909226|147910752|+|1526"    
 [700] "N7023|ten_12|6018292|6019827|+|1535"       
 [701] "_R_N7023|ten_2|82151178|82152705|+|1527"   
 [702] "N7023|ten_7|95887921|95889450|+|1529"      
 [703] "N7023|ten_4|192888100|192889629|+|1529"    
 [704] "N7023|ten_8|95925452|95926981|+|1529"      
 [705] "_R_N7023|ten_8|96051730|96053259|+|1529"   
 [706] "_R_N7023|ten_X2|102997398|102998927|+|1529"
 [707] "_R_N7023|ten_12|35629022|35630551|+|1529"  
 [708] "N7023|ten_4|197685901|197687430|+|1529"    
 [709] "N7023|ten_11|88232712|88234241|+|1529"     
 [710] "N7023|ten_12|65552126|65553655|+|1529"     
 [711] "N7023|ten_X2|111966278|111967808|+|1530"   
 [712] "_R_N7023|ten_7|143820640|143822169|+|1529" 
 [713] "N7023|ten_2|67720327|67721855|+|1528"      
 [714] "_R_N7023|ten_5|90996363|90997892|+|1529"   
 [715] "N7023|ten_1|126864077|126865604|+|1527"    
 [716] "_R_N7023|ten_6|75498471|75499999|+|1528"   
 [717] "_R_N7023|ten_8|132830781|132832309|+|1528" 
 [718] "N7023|ten_2|110794532|110796060|+|1528"    
 [719] "N7023|ten_11|12411786|12413314|+|1528"     
 [720] "_R_N7023|ten_5|23965721|23967250|+|1529"   
 [721] "N7023|ten_12|47970993|47972521|+|1528"     
 [722] "_R_N7023|ten_12|90052562|90054090|+|1528"  
 [723] "_R_N7023|ten_2|166876094|166877622|+|1528" 
 [724] "_R_N7023|ten_2|167059376|167060904|+|1528" 
 [725] "N7023|ten_4|125332771|125334299|+|1528"    
 [726] "_R_N7023|ten_6|193203548|193205076|+|1528" 
 [727] "N7023|ten_11|96023940|96025468|+|1528"     
 [728] "_R_N7023|ten_11|116822493|116824021|+|1528"
 [729] "_R_N7023|ten_5|36459760|36461288|+|1528"   
 [730] "_R_N7023|ten_5|45641143|45642671|+|1528"   
 [731] "_R_N7023|ten_6|151599755|151601283|+|1528" 
 [732] "_R_N7023|ten_7|2010647|2012175|+|1528"     
 [733] "N7023|ten_7|2173555|2175083|+|1528"        
 [734] "_R_N7023|ten_2|160044072|160045600|+|1528" 
 [735] "_R_N7023|ten_11|3396311|3397839|+|1528"    
 [736] "N7023|ten_1|102867351|102868879|+|1528"    
 [737] "N7023|ten_7|12415198|12416726|+|1528"      
 [738] "N7023|ten_11|1360689|1362217|+|1528"       
 [739] "N7023|ten_11|3050395|3051923|+|1528"       
 [740] "N7023|ten_4|65904450|65905978|+|1528"      
 [741] "N7023|ten_6|160612637|160614165|+|1528"    
 [742] "_R_N7023|ten_7|125471895|125473423|+|1528" 
 [743] "_R_N7023|ten_10|68194308|68195836|+|1528"  
 [744] "N7023|ten_X2|102674370|102675898|+|1528"   
 [745] "_R_N7023|ten_4|218262249|218263777|+|1528" 
 [746] "_R_N7023|ten_4|77998567|78000095|+|1528"   
 [747] "N7023|ten_12|80031592|80033120|+|1528"     
 [748] "_R_N7023|ten_X2|194458297|194459825|+|1528"
 [749] "_R_N7023|ten_11|2379136|2380663|+|1527"    
 [750] "N7023|ten_11|87905127|87906655|+|1528"     
 [751] "_R_N7023|ten_X1|144866602|144868130|+|1528"
 [752] "_R_N7023|ten_X1|220855778|220857306|+|1528"
 [753] "_R_N7023|ten_X1|220972328|220973856|+|1528"
 [754] "_R_N7023|ten_11|87024923|87026451|+|1528"  
 [755] "N7023|ten_12|75366484|75368012|+|1528"     
 [756] "_R_N7023|ten_1|7765694|7767222|+|1528"     
 [757] "_R_N7023|ten_12|124633246|124634774|+|1528"
 [758] "N7023|ten_12|136819092|136820620|+|1528"   
 [759] "N7023|ten_11|31219185|31220713|+|1528"     
 [760] "_R_N7023|ten_6|189788529|189790057|+|1528" 
 [761] "_R_N7023|ten_X2|10521718|10523246|+|1528"  
 [762] "N7023|ten_2|22749014|22750542|+|1528"      
 [763] "N7023|ten_11|117876128|117877656|+|1528"   
 [764] "N7023|ten_3|143853900|143855428|+|1528"    
 [765] "N7023|ten_8|37846903|37848431|+|1528"      
 [766] "_R_N7023|ten_12|39054141|39055664|+|1523"  
 [767] "N7023|ten_1|160864231|160865759|+|1528"    
 [768] "N7023|ten_1|148722643|148724171|+|1528"    
 [769] "_R_N7023|ten_11|89502402|89503930|+|1528"  
 [770] "_R_N7023|ten_12|26505703|26507230|+|1527"  
 [771] "_R_N7023|ten_2|191409350|191410878|+|1528" 
 [772] "_R_N7023|ten_11|87698877|87700405|+|1528"  
 [773] "N7023|dum_11|50119482|50121010|+|1528"     
 [774] "N7023|mim_14|13867288|13868765|+|1477"     
 [775] "_R_N7023|mim_7|67054995|67056487|+|1492"   
 [776] "_R_N7023|dum_4|86235140|86236650|+|1510"   
 [777] "_R_N7023|dum_1|107229333|107230837|+|1504" 
 [778] "_R_N7023|dum_3|278918657|278920160|+|1503" 
 [779] "N7023|ten_5|173573006|173574510|+|1504"    
 [780] "_R_N7023|dum_3|47974840|47976343|+|1503"   
 [781] "_R_N7023|dum_2|81855772|81857275|+|1503"   
 [782] "N7023|ten_6|164920846|164922349|+|1503"    
 [783] "_R_N7023|dum_3|47171409|47172912|+|1503"   
 [784] "_R_N7023|dum_4|18077566|18079069|+|1503"   
 [785] "N7023|dum_12|68271212|68272715|+|1503"     
 [786] "_R_N7023|dum_8|58691920|58693423|+|1503"   
 [787] "N7023|dum_4|52006174|52007668|+|1494"      
 [788] "_R_N7023|dum_5|102966486|102967989|+|1503" 
 [789] "_R_N7023|dum_5|103000906|103002409|+|1503" 
 [790] "N7023|ten_X2|112847491|112848993|+|1502"   
 [791] "N7023|dum_10|160305259|160306778|+|1519"   
 [792] "_R_N7023|ten_1|141639972|141641498|+|1526" 
 [793] "N7023|dum_1|102872027|102873530|+|1503"    
 [794] "N7023|dum_7|82321051|82322533|+|1482"      
 [795] "N7023|dum_11|70174473|70175980|+|1507"     
 [796] "N7023|dum_1|194063597|194065105|+|1508"    
 [797] "N7023|dum_11|78288823|78290331|+|1508"     
 [798] "N7023|dum_11|78200131|78201640|+|1509"     
 [799] "N7023|dum_3|237894299|237895798|+|1499"    
 [800] "_R_N7023|dum_9|9216289|9217798|+|1509"     
 [801] "N7023|dum_10|21038796|21040305|+|1509"     
 [802] "_R_N7023|dum_X2|174752434|174753941|+|1507"
 [803] "_R_N7023|dum_X2|140095527|140097034|+|1507"
 [804] "N7023|dum_2|170040357|170041865|+|1508"    
 [805] "_R_N7023|dum_X2|91067802|91069310|+|1508"  
 [806] "N7023|dum_5|72454473|72455981|+|1508"      
 [807] "_R_N7023|dum_12|67683366|67684874|+|1508"  
 [808] "_R_N7023|dum_2|214248278|214249787|+|1509" 
 [809] "_R_N7023|dum_11|53310063|53311571|+|1508"  
 [810] "N7023|dum_3|145701082|145702591|+|1509"    
 [811] "N7023|dum_X1|183871786|183873294|+|1508"   
 [812] "N7023|dum_5|29642903|29644411|+|1508"      
 [813] "_R_N7023|dum_8|75420017|75421525|+|1508"   
 [814] "_R_N7023|dum_3|63152473|63153981|+|1508"   
 [815] "_R_N7023|dum_X1|254484196|254485704|+|1508"
 [816] "_R_N7023|dum_7|60153130|60154638|+|1508"   
 [817] "_R_N7023|dum_X1|254560627|254562135|+|1508"
 [818] "N7023|dum_12|70202003|70203511|+|1508"     
 [819] "_R_N7023|dum_12|70260024|70261532|+|1508"  
 [820] "_R_N7023|dum_3|265362037|265363545|+|1508" 
 [821] "_R_N7023|dum_11|49990905|49992410|+|1505"  
 [822] "_R_N7023|dum_8|169587500|169589007|+|1507" 
 [823] "N7023|ten_4|78169932|78171439|+|1507"      
 [824] "N7023|dum_5|103174227|103175734|+|1507"    
 [825] "_R_N7023|ten_1|90660413|90661920|+|1507"   
 [826] "N7023|dum_10|63200591|63202090|+|1499"     
 [827] "N7023|dum_8|53680952|53682459|+|1507"      
 [828] "_R_N7023|dum_2|250204690|250206188|+|1498" 
 [829] "_R_N7023|dum_3|273595261|273596756|+|1495" 
 [830] "N7023|dum_1|156979092|156980599|+|1507"    
 [831] "N7023|dum_7|666827|668320|+|1493"          
 [832] "N7023|dum_11|128815099|128816606|+|1507"   
 [833] "N7023|dum_2|17336332|17337840|+|1508"      
 [834] "_R_N7023|dum_7|143923299|143924806|+|1507" 
 [835] "N7023|dum_9|6885553|6887061|+|1508"        
 [836] "_R_N7023|dum_2|227111918|227113427|+|1509" 
 [837] "_R_N7023|dum_9|109848498|109850006|+|1508" 
 [838] "_R_N7023|dum_2|108825040|108826547|+|1507" 
 [839] "_R_N7023|dum_7|65952716|65954230|+|1514"   
 [840] "_R_N7023|dum_7|66956981|66958488|+|1507"   
 [841] "_R_N7023|dum_7|68007595|68009102|+|1507"   
 [842] "N7023|dum_6|73303535|73305042|+|1507"      
 [843] "_R_N7023|dum_X1|172971607|172973118|+|1511"
 [844] "N7023|dum_1|95512354|95513861|+|1507"      
 [845] "N7023|dum_X2|166908380|166909888|+|1508"   
 [846] "_R_N7023|dum_9|42667307|42668815|+|1508"   
 [847] "N7023|dum_X1|230849113|230850619|+|1506"   
 [848] "N7023|dum_12|124765571|124767078|+|1507"   
 [849] "_R_N7023|dum_2|36316078|36317585|+|1507"   
 [850] "_R_N7023|dum_1|194615736|194617243|+|1507" 
 [851] "N7023|dum_1|194827835|194829341|+|1506"    
 [852] "_R_N7023|dum_6|157382818|157384325|+|1507" 
 [853] "_R_N7023|dum_8|143742125|143743632|+|1507" 
 [854] "N7023|dum_4|37166039|37167546|+|1507"      
 [855] "N7023|dum_5|125477705|125479213|+|1508"    
 [856] "_R_N7023|dum_3|246849077|246850578|+|1501" 
 [857] "_R_N7023|dum_X1|102215890|102217390|+|1500"
 [858] "_R_N7023|dum_X1|102238079|102239581|+|1502"
 [859] "N7023|dum_5|143329170|143330677|+|1507"    
 [860] "N7023|dum_3|225738787|225740294|+|1507"    
 [861] "_R_N7023|dum_3|242219906|242221413|+|1507" 
 [862] "N7023|dum_3|242119734|242121241|+|1507"    
 [863] "N7023|dum_4|73140242|73141749|+|1507"      
 [864] "_R_N7023|dum_1|145435718|145437225|+|1507" 
 [865] "_R_N7023|dum_4|70000185|70001692|+|1507"   
 [866] "N7023|dum_6|122248503|122249988|+|1485"    
 [867] "N7023|dum_8|146561752|146563256|+|1504"    
 [868] "_R_N7023|dum_10|159518587|159520094|+|1507"
 [869] "N7023|dum_5|131370663|131372170|+|1507"    
 [870] "_R_N7023|dum_7|52692412|52693919|+|1507"   
 [871] "_R_N7023|dum_4|143692716|143694221|+|1505" 
 [872] "_R_N7023|dum_1|194180878|194182386|+|1508" 
 [873] "N7023|dum_1|144812376|144813883|+|1507"    
 [874] "_R_N7023|dum_9|94961824|94963331|+|1507"   
 [875] "N7023|dum_11|46129137|46130644|+|1507"     
 [876] "N7023|dum_X2|183307594|183309102|+|1508"   
 [877] "N7023|dum_6|193550915|193552424|+|1509"    
 [878] "N7023|dum_4|158405751|158407259|+|1508"    
 [879] "_R_N7023|dum_9|11487784|11489291|+|1507"   
 [880] "N7023|dum_7|106332243|106333751|+|1508"    
 [881] "_R_N7023|dum_6|40136158|40137666|+|1508"   
 [882] "_R_N7023|dum_3|31993620|31995127|+|1507"   
 [883] "N7023|dum_9|141588308|141589816|+|1508"    
 [884] "_R_N7023|dum_4|75080328|75081836|+|1508"   
 [885] "_R_N7023|dum_2|191125572|191127080|+|1508" 
 [886] "_R_N7023|dum_4|129216398|129217906|+|1508" 
 [887] "_R_N7023|dum_4|176976657|176978146|+|1489" 
 [888] "_R_N7023|dum_3|237219338|237220847|+|1509" 
 [889] "_R_N7023|dum_X2|122420940|122422448|+|1508"
 [890] "_R_N7023|dum_5|215885731|215887239|+|1508" 
 [891] "N7023|dum_6|145580504|145582012|+|1508"    
 [892] "N7023|dum_X1|232269093|232270601|+|1508"   
 [893] "_R_N7023|dum_4|118846586|118848092|+|1506" 
 [894] "N7023|dum_X1|66884391|66885898|+|1507"     
 [895] "N7023|dum_11|107695452|107696961|+|1509"   
 [896] "N7023|dum_8|16932003|16933510|+|1507"      
 [897] "_R_N7023|dum_5|29006600|29008107|+|1507"   
 [898] "_R_N7023|dum_4|204675221|204676728|+|1507" 
 [899] "N7023|dum_2|58621461|58622967|+|1506"      
 [900] "_R_N7023|dum_9|85087509|85089016|+|1507"   
 [901] "_R_N7023|dum_9|85271319|85272826|+|1507"   
 [902] "_R_N7023|dum_8|16798135|16799642|+|1507"   
 [903] "_R_N7023|dum_8|127477223|127478730|+|1507" 
 [904] "_R_N7023|dum_3|175193472|175194979|+|1507" 
 [905] "N7023|dum_2|109842746|109844254|+|1508"    
 [906] "N7023|dum_2|56463549|56465056|+|1507"      
 [907] "N7023|dum_9|74645342|74646849|+|1507"      
 [908] "_R_N7023|dum_X1|164161686|164163193|+|1507"
 [909] "N7023|dum_3|111411383|111412879|+|1496"    
 [910] "N7023|dum_6|197342235|197343741|+|1506"    
 [911] "_R_N7023|dum_2|110582595|110584100|+|1505" 
 [912] "N7023|dum_1|141959563|141961069|+|1506"    
 [913] "N7023|dum_4|46149263|46150768|+|1505"      
 [914] "_R_N7023|dum_10|169916521|169918038|+|1517"
 [915] "_R_N7023|dum_11|105780182|105781689|+|1507"
 [916] "N7023|dum_3|138401770|138403277|+|1507"    
 [917] "N7023|dum_4|71465206|71466713|+|1507"      
 [918] "N7023|dum_11|83552756|83554249|+|1493"     
 [919] "N7023|dum_X1|43700036|43701543|+|1507"     
 [920] "N7023|dum_X1|44133777|44135284|+|1507"     
 [921] "_R_N7023|dum_11|47057903|47059410|+|1507"  
 [922] "_R_N7023|dum_5|158544663|158546170|+|1507" 
 [923] "_R_N7023|dum_4|159190736|159192243|+|1507" 
 [924] "N7023|dum_X1|172347731|172349244|+|1513"   
 [925] "_R_N7023|dum_X2|146683637|146685144|+|1507"
 [926] "_R_N7023|dum_2|78196645|78198152|+|1507"   
 [927] "N7023|dum_X2|146458199|146459707|+|1508"   
 [928] "_R_N7023|dum_7|23572868|23574353|+|1485"   
 [929] "N7023|dum_X1|225467983|225469490|+|1507"   
 [930] "N7023|dum_10|94527916|94529423|+|1507"     
 [931] "N7023|dum_7|40353218|40354717|+|1499"      
 [932] "_R_N7023|dum_7|163833130|163834637|+|1507" 
 [933] "_R_N7023|dum_10|185532428|185533935|+|1507"
 [934] "N7023|dum_X1|225761586|225763093|+|1507"   
 [935] "_R_N7023|dum_8|99081699|99083206|+|1507"   
 [936] "_R_N7023|dum_1|226153945|226155470|+|1525" 
 [937] "N7023|dum_1|226282868|226284393|+|1525"    
 [938] "N7023|dum_1|226252723|226254248|+|1525"    
 [939] "_R_N7023|dum_5|148747407|148748913|+|1506" 
 [940] "N7023|dum_10|41937202|41938708|+|1506"     
 [941] "N7023|dum_4|102824211|102825720|+|1509"    
 [942] "N7023|dum_4|74667400|74668904|+|1504"      
 [943] "_R_N7023|dum_11|78427497|78429007|+|1510"  
 [944] "N7023|dum_8|3867544|3869053|+|1509"        
 [945] "_R_N7023|dum_8|1556895|1558405|+|1510"     
 [946] "_R_N7023|dum_2|168245781|168247290|+|1509" 
 [947] "N7023|dum_1|237956025|237957533|+|1508"    
 [948] "_R_N7023|dum_6|150932854|150934362|+|1508" 
 [949] "_R_N7023|dum_3|157210862|157212373|+|1511" 
 [950] "_R_N7023|dum_6|206504146|206505654|+|1508" 
 [951] "N7023|dum_6|206617515|206619020|+|1505"    
 [952] "_R_N7023|dum_2|63912351|63913859|+|1508"   
 [953] "_R_N7023|dum_2|252518910|252520418|+|1508" 
 [954] "N7023|dum_5|225767348|225768856|+|1508"    
 [955] "N7023|dum_8|115802048|115803556|+|1508"    
 [956] "_R_N7023|dum_8|115648865|115650373|+|1508" 
 [957] "_R_N7023|dum_2|195467220|195468728|+|1508" 
 [958] "N7023|dum_2|195591837|195593345|+|1508"    
 [959] "_R_N7023|dum_6|102180262|102181770|+|1508" 
 [960] "_R_N7023|dum_8|77778448|77779956|+|1508"   
 [961] "N7023|dum_6|70252583|70254092|+|1509"      
 [962] "N7023|dum_4|43803409|43804916|+|1507"      
 [963] "N7023|dum_4|161071145|161072653|+|1508"    
 [964] "_R_N7023|dum_8|74399948|74401456|+|1508"   
 [965] "N7023|dum_1|57184050|57185558|+|1508"      
 [966] "N7023|dum_8|31471430|31472938|+|1508"      
 [967] "N7023|dum_6|146292231|146293741|+|1510"    
 [968] "_R_N7023|dum_4|207222400|207223908|+|1508" 
 [969] "N7023|dum_1|93032893|93034401|+|1508"      
 [970] "_R_N7023|dum_3|234812235|234813743|+|1508" 
 [971] "N7023|dum_8|138907419|138908926|+|1507"    
 [972] "N7023|dum_1|49919362|49920862|+|1500"      
 [973] "N7023|dum_7|13623471|13624979|+|1508"      
 [974] "N7023|dum_X2|160263493|160265001|+|1508"   
 [975] "N7023|dum_5|157352259|157353767|+|1508"    
 [976] "N7023|dum_2|17477872|17479381|+|1509"      
 [977] "_R_N7023|dum_1|132767159|132768668|+|1509" 
 [978] "N7023|dum_1|150932965|150934475|+|1510"    
 [979] "_R_N7023|dum_1|130889066|130890574|+|1508" 
 [980] "N7023|dum_11|56203220|56204729|+|1509"     
 [981] "N7023|dum_9|120108058|120109566|+|1508"    
 [982] "_R_N7023|dum_5|103065481|103066989|+|1508" 
 [983] "N7023|dum_7|65733855|65735361|+|1506"      
 [984] "N7023|dum_1|156189298|156190806|+|1508"    
 [985] "_R_N7023|dum_2|110441726|110443222|+|1496" 
 [986] "_R_N7023|dum_4|153978480|153979987|+|1507" 
 [987] "N7023|dum_2|110301578|110303086|+|1508"    
 [988] "_R_N7023|dum_1|156777670|156779179|+|1509" 
 [989] "N7023|dum_8|28319593|28321101|+|1508"      
 [990] "_R_N7023|dum_9|106766875|106768383|+|1508" 
 [991] "N7023|dum_2|145247733|145249241|+|1508"    
 [992] "N7023|dum_3|138547717|138549225|+|1508"    
 [993] "N7023|dum_11|51654533|51656041|+|1508"     
 [994] "N7023|dum_2|74742649|74744156|+|1507"      
 [995] "_R_N7023|dum_3|157550224|157551735|+|1511" 
 [996] "_R_N7023|dum_9|22287320|22288828|+|1508"   
 [997] "_R_N7023|dum_5|102041040|102042550|+|1510" 
 [998] "N7023|dum_2|263321729|263323238|+|1509"    
 [999] "N7023|dum_3|205126975|205128484|+|1509"    
[1000] "N7023|dum_6|183194653|183196163|+|1510"    
[1001] "N7023|dum_X1|16531187|16532695|+|1508"     
[1002] "_R_N7023|dum_6|182917715|182919224|+|1509" 
[1003] "_R_N7023|dum_1|26792841|26794349|+|1508"   
[1004] "N7023|dum_1|26734850|26736358|+|1508"      
