jobinfo 30048802
getting scaled timeline
 [1] "N6575|dum_X1|189060514|189061785|+|1271"
 [2] "N6575|dum_X1|189074678|189075950|+|1272"
 [3] "N6575|dum_X1|189077298|189078570|+|1272"
 [4] "N6575|dum_X1|189083855|189085127|+|1272"
 [5] "N6575|dum_X1|189072059|189073330|+|1271"
 [6] "N6575|dum_X1|189053063|189054333|+|1270"
 [7] "N6575|dum_X1|189061833|189063103|+|1270"
 [8] "N6575|dum_X1|189094130|189095381|+|1251"
 [9] "N6575|dum_X1|189097959|189099208|+|1249"
[10] "N6575|dum_X1|189102937|189104187|+|1250"
[11] "N6575|dum_X1|189075998|189077271|+|1273"
[12] "N6575|dum_X1|189082555|189083828|+|1273"
[13] "N6575|dum_X1|189073378|189074651|+|1273"
[14] "N6575|dum_X1|189070759|189072032|+|1273"
[15] "N6575|dum_X1|189078618|189079889|+|1271"
[16] "N6575|dum_X1|189085175|189086446|+|1271"
[17] "N6575|dum_X1|189095410|189096655|+|1245"
[18] "N6575|dum_X1|189096684|189097930|+|1246"
[19] "N6575|dum_X1|189099237|189100481|+|1244"
[20] "N6575|dum_X1|189091500|189092767|+|1267"
[21] "N6575|dum_X1|189079916|189081188|+|1272"
[22] "N6575|dum_X1|189086473|189087745|+|1272"
[23] "N6575|dum_X1|189087793|189089060|+|1267"
[24] "N6575|dum_X1|189092815|189094082|+|1267"
[25] "N6575|dum_X1|189081236|189082507|+|1271"
[26] "N6575|ten_X1|166555583|166556855|+|1272"
[27] "N6575|dum_X1|189056791|189058059|+|1268"
[28] "N6575|dum_X1|189065556|189066829|+|1273"
[29] "N6575|dum_X1|189063151|189064228|+|1077"
[30] "N6575|dum_X1|189066877|189067949|+|1072"
[31] "N6575|dum_X1|189100529|189101607|+|1078"
[32] "N6575|dum_X1|189054381|189055460|+|1079"
[33] "N6575|dum_X1|189058107|189059185|+|1078"
[34] "N6575|dum_X1|189104235|189105407|+|1172"
[35] "N6575|dum_X1|189089108|189090170|+|1062"
[36] "N6575|dum_X1|189051746|189053015|+|1269"
