jobinfo 30048902
getting scaled timeline
   [1] "_R_N7015|ten_10|138178201|138181085|+|2884"
   [2] "N7015|ten_X1|18433417|18436435|+|3018"     
   [3] "N7015|ten_12|3688642|3691290|+|2648"       
   [4] "N7015|ten_3|238550207|238553112|+|2905"    
   [5] "_R_N7015|ten_3|156074400|156077322|+|2922" 
   [6] "N7015|ten_9|32327018|32330057|+|3039"      
   [7] "N7015|ten_1|85260247|85263279|+|3032"      
   [8] "N7015|ten_2|213333426|213336456|+|3030"    
   [9] "N7015|ten_6|117810832|117813197|+|2365"    
  [10] "N7015|ten_1|266930626|266933653|+|3027"    
  [11] "_R_N7015|ten_3|24053287|24056210|+|2923"   
  [12] "_R_N7015|ten_X1|208411883|208414836|+|2953"
  [13] "N7015|ten_1|104388304|104391086|+|2782"    
  [14] "N7015|ten_4|26878354|26881357|+|3003"      
  [15] "N7015|ten_6|232441389|232444392|+|3003"    
  [16] "N7015|dum_6|227040480|227043489|+|3009"    
  [17] "N7015|ten_3|89438490|89441432|+|2942"      
  [18] "_R_N7015|ten_3|191094414|191097057|+|2643" 
  [19] "N7015|ten_1|87177314|87180325|+|3011"      
  [20] "N7015|ten_12|1189030|1191684|+|2654"       
  [21] "_R_N7015|ten_5|115625306|115628248|+|2942" 
  [22] "N7015|ten_1|79439049|79442063|+|3014"      
  [23] "N7015|ten_10|150661305|150664178|+|2873"   
  [24] "_R_N7015|ten_11|43839038|43841986|+|2948"  
  [25] "_R_N7015|ten_X1|134468970|134471720|+|2750"
  [26] "N7015|ten_8|56317608|56320451|+|2843"      
  [27] "_R_N7015|ten_10|94019235|94022210|+|2975"  
  [28] "_R_N7015|ten_10|94036951|94039927|+|2976"  
  [29] "_R_N7015|ten_1|177203100|177206109|+|3009" 
  [30] "N7015|ten_6|203199106|203201904|+|2798"    
  [31] "_R_N7015|ten_4|78946398|78949339|+|2941"   
  [32] "N7015|ten_8|114975809|114978507|+|2698"    
  [33] "N7015|dum_9|110866546|110869448|+|2902"    
  [34] "_R_N7015|ten_5|38600198|38603206|+|3008"   
  [35] "N7015|ten_6|223665068|223667880|+|2812"    
  [36] "_R_N7015|ten_9|55038705|55041434|+|2729"   
  [37] "N7015|ten_2|273329149|273332180|+|3031"    
  [38] "N7015|ten_11|14198912|14201870|+|2958"     
  [39] "_R_N7015|ten_3|220389981|220392904|+|2923" 
  [40] "N7015|ten_1|231632935|231635894|+|2959"    
  [41] "_R_N7015|ten_7|58250574|58253610|+|3036"   
  [42] "_R_N7015|ten_3|90007350|90010276|+|2926"   
  [43] "_R_N7015|ten_3|115429094|115431470|+|2376" 
  [44] "N7015|ten_3|94473088|94476040|+|2952"      
  [45] "_R_N7015|ten_4|135731106|135733888|+|2782" 
  [46] "N7015|ten_8|140712098|140714963|+|2865"    
  [47] "_R_N7015|ten_5|97396950|97399929|+|2979"   
  [48] "N7015|ten_5|77354694|77357517|+|2823"      
  [49] "_R_N7015|ten_5|77691390|77694401|+|3011"   
  [50] "_R_N7015|ten_5|131284440|131287310|+|2870" 
  [51] "_R_N7015|ten_3|275800680|275803638|+|2958" 
  [52] "_R_N7015|ten_5|56952595|56955352|+|2757"   
  [53] "_R_N7015|ten_9|114788054|114790805|+|2751" 
  [54] "N7015|ten_7|166682618|166685370|+|2752"    
  [55] "_R_N7015|ten_6|71956737|71959722|+|2985"   
  [56] "_R_N7015|ten_3|127888937|127891841|+|2904" 
  [57] "_R_N7015|ten_1|155130292|155133297|+|3005" 
  [58] "N7015|ten_4|97325898|97328900|+|3002"      
  [59] "_R_N7015|ten_7|183078985|183081186|+|2201" 
  [60] "_R_N7015|ten_2|166136798|166139196|+|2398" 
  [61] "N7015|ten_2|189621706|189624695|+|2989"    
  [62] "_R_N7015|ten_2|167839619|167842625|+|3006" 
  [63] "N7015|dum_1|381705|384503|+|2798"          
  [64] "N7015|ten_10|81068626|81071375|+|2749"     
  [65] "_R_N7015|dum_3|210332088|210335099|+|3011" 
  [66] "N7015|ten_1|187029571|187032299|+|2728"    
  [67] "_R_N7015|ten_7|134746511|134749533|+|3022" 
  [68] "_R_N7015|ten_1|181708961|181711922|+|2961" 
  [69] "_R_N7015|ten_6|161186995|161189924|+|2929" 
  [70] "N7015|dum_8|179260889|179263824|+|2935"    
  [71] "_R_N7015|ten_5|86682078|86685036|+|2958"   
  [72] "_R_N7015|ten_3|168885239|168888214|+|2975" 
  [73] "N7015|ten_11|47252624|47255416|+|2792"     
  [74] "_R_N7015|ten_11|100733591|100736567|+|2976"
  [75] "_R_N7015|ten_12|63665469|63667937|+|2468"  
  [76] "_R_N7015|ten_12|63674648|63677116|+|2468"  
  [77] "_R_N7015|ten_12|63670075|63673055|+|2980"  
  [78] "N7015|ten_2|77575341|77578357|+|3016"      
  [79] "_R_N7015|ten_3|171054651|171057687|+|3036" 
  [80] "_R_N7015|ten_12|89182924|89185869|+|2945"  
  [81] "N7015|ten_2|58840976|58843995|+|3019"      
  [82] "_R_N7015|ten_6|55087816|55090468|+|2652"   
  [83] "N7015|ten_6|124838750|124841765|+|3015"    
  [84] "_R_N7015|ten_2|51995461|51998479|+|3018"   
  [85] "_R_N7015|ten_2|52168510|52171510|+|3000"   
  [86] "_R_N7015|ten_4|740216|742974|+|2758"       
  [87] "N7015|ten_9|84266234|84269260|+|3026"      
  [88] "_R_N7015|ten_2|265011581|265014604|+|3023" 
  [89] "N7015|ten_2|110216327|110219207|+|2880"    
  [90] "N7015|ten_3|40781611|40784618|+|3007"      
  [91] "_R_N7015|ten_2|191869913|191872910|+|2997" 
  [92] "_R_N7015|ten_3|22395794|22398744|+|2950"   
  [93] "N7015|ten_3|163043372|163046340|+|2968"    
  [94] "N7015|ten_11|65423845|65426783|+|2938"     
  [95] "N7015|ten_11|65523803|65526841|+|3038"     
  [96] "N7015|ten_11|65512740|65515769|+|3029"     
  [97] "_R_N7015|ten_10|115357494|115360439|+|2945"
  [98] "_R_N7015|ten_2|115832505|115835453|+|2948" 
  [99] "N7015|ten_4|24719863|24722714|+|2851"      
 [100] "_R_N7015|ten_8|40833831|40836366|+|2535"   
 [101] "_R_N7015|ten_5|1922937|1925954|+|3017"     
 [102] "_R_N7015|ten_12|73602398|73605388|+|2990"  
 [103] "_R_N7015|ten_X1|86530617|86533548|+|2931"  
 [104] "_R_N7015|ten_5|191329222|191332009|+|2787" 
 [105] "_R_N7015|ten_3|14571575|14574569|+|2994"   
 [106] "_R_N7015|ten_9|53879229|53882165|+|2936"   
 [107] "N7015|ten_10|98266178|98268935|+|2757"     
 [108] "_R_N7015|ten_2|166706239|166709223|+|2984" 
 [109] "_R_N7015|ten_4|176090524|176093350|+|2826" 
 [110] "N7015|ten_3|209737491|209740389|+|2898"    
 [111] "_R_N7015|ten_6|215736419|215739066|+|2647" 
 [112] "_R_N7015|ten_X2|141939368|141942347|+|2979"
 [113] "_R_N7015|dum_11|43515110|43518121|+|3011"  
 [114] "N7015|ten_3|156651719|156654696|+|2977"    
 [115] "N7015|ten_7|21229205|21232117|+|2912"      
 [116] "N7015|ten_6|232188724|232191352|+|2628"    
 [117] "N7015|ten_3|211516258|211519184|+|2926"    
 [118] "N7015|ten_3|144660884|144663760|+|2876"    
 [119] "_R_N7015|ten_1|60393604|60396339|+|2735"   
 [120] "N7015|ten_7|135677601|135680605|+|3004"    
 [121] "N7015|ten_4|151908328|151911322|+|2994"    
 [122] "_R_N7015|ten_10|174929664|174932642|+|2978"
 [123] "_R_N7015|ten_X1|153615179|153618059|+|2880"
 [124] "N7015|ten_5|106581207|106584161|+|2954"    
 [125] "_R_N7015|dum_4|62094499|62097490|+|2991"   
 [126] "N7015|ten_4|168270584|168273427|+|2843"    
 [127] "N7015|ten_8|168193249|168196041|+|2792"    
 [128] "_R_N7015|ten_2|33415053|33417840|+|2787"   
 [129] "_R_N7015|ten_12|5642112|5645074|+|2962"    
 [130] "_R_N7015|ten_X2|68251799|68254806|+|3007"  
 [131] "N7015|ten_12|74404973|74407911|+|2938"     
 [132] "N7015|ten_12|74417354|74420292|+|2938"     
 [133] "N7015|ten_8|99032413|99035247|+|2834"      
 [134] "_R_N7015|ten_9|35187214|35190071|+|2857"   
 [135] "_R_N7015|ten_12|14486954|14489983|+|3029"  
 [136] "N7015|ten_7|41607086|41610083|+|2997"      
 [137] "_R_N7015|ten_1|290964225|290967188|+|2963" 
 [138] "_R_N7015|ten_5|150859012|150862035|+|3023" 
 [139] "_R_N7015|ten_12|49724097|49727076|+|2979"  
 [140] "_R_N7015|ten_9|168322418|168325438|+|3020" 
 [141] "_R_N7015|ten_11|67275987|67278363|+|2376"  
 [142] "N7015|ten_11|95190607|95193484|+|2877"     
 [143] "N7015|ten_4|156196748|156199547|+|2799"    
 [144] "N7015|ten_2|236337516|236340295|+|2779"    
 [145] "_R_N7015|ten_3|154177817|154180832|+|3015" 
 [146] "N7015|ten_2|161840157|161842985|+|2828"    
 [147] "_R_N7015|ten_6|158934113|158937047|+|2934" 
 [148] "_R_N7015|ten_9|68893307|68895516|+|2209"   
 [149] "_R_N7015|ten_5|139864063|139867098|+|3035" 
 [150] "_R_N7015|ten_7|177843744|177846666|+|2922" 
 [151] "N7015|ten_4|27546008|27548749|+|2741"      
 [152] "N7015|ten_9|152488446|152491474|+|3028"    
 [153] "N7015|ten_2|186177053|186179942|+|2889"    
 [154] "_R_N7015|ten_2|68107103|68110045|+|2942"   
 [155] "_R_N7015|ten_4|224307458|224310407|+|2949" 
 [156] "_R_N7015|ten_1|49097525|49100533|+|3008"   
 [157] "_R_N7015|ten_8|84591243|84594229|+|2986"   
 [158] "_R_N7015|ten_8|14921673|14924396|+|2723"   
 [159] "N7015|ten_2|181847013|181849877|+|2864"    
 [160] "N7015|ten_7|39909330|39912211|+|2881"      
 [161] "_R_N7015|ten_X1|227072193|227074991|+|2798"
 [162] "N7015|dum_7|182063519|182066302|+|2783"    
 [163] "N7015|ten_4|179278157|179281015|+|2858"    
 [164] "_R_N7015|ten_12|19576668|19579690|+|3022"  
 [165] "_R_N7015|ten_12|17712571|17715127|+|2556"  
 [166] "N7015|ten_1|129281527|129284435|+|2908"    
 [167] "N7015|ten_10|109949766|109952650|+|2884"   
 [168] "_R_N7015|ten_3|199833792|199836378|+|2586" 
 [169] "_R_N7015|ten_3|159454435|159457447|+|3012" 
 [170] "N7015|ten_1|220887572|220890449|+|2877"    
 [171] "_R_N7015|ten_X1|152431793|152434610|+|2817"
 [172] "_R_N7015|ten_4|217862747|217865759|+|3012" 
 [173] "N7015|ten_7|170060175|170063096|+|2921"    
 [174] "_R_N7015|ten_5|196912970|196915978|+|3008" 
 [175] "_R_N7015|ten_9|124169883|124172884|+|3001" 
 [176] "N7015|ten_2|265257061|265259847|+|2786"    
 [177] "_R_N7015|ten_1|105238623|105241384|+|2761" 
 [178] "_R_N7015|ten_8|69285616|69288555|+|2939"   
 [179] "N7015|dum_1|17158525|17161493|+|2968"      
 [180] "N7015|ten_3|196650835|196653803|+|2968"    
 [181] "N7015|ten_3|195495177|195498189|+|3012"    
 [182] "_R_N7015|ten_5|19203120|19205985|+|2865"   
 [183] "N7015|ten_2|41596871|41599844|+|2973"      
 [184] "_R_N7015|dum_3|236881500|236883848|+|2348" 
 [185] "_R_N7015|ten_3|238833299|238836110|+|2811" 
 [186] "N7015|ten_5|116758343|116761371|+|3028"    
 [187] "N7015|ten_4|138270854|138273797|+|2943"    
 [188] "N7015|ten_9|75162353|75165200|+|2847"      
 [189] "N7015|ten_5|213161859|213164794|+|2935"    
 [190] "N7015|ten_2|82341150|82343900|+|2750"      
 [191] "_R_N7015|ten_1|204203099|204206068|+|2969" 
 [192] "N7015|ten_9|81261309|81264002|+|2693"      
 [193] "_R_N7015|dum_1|207415920|207418853|+|2933" 
 [194] "N7015|ten_2|96146476|96149328|+|2852"      
 [195] "N7015|ten_11|11322329|11325224|+|2895"     
 [196] "_R_N7015|ten_2|262945522|262948259|+|2737" 
 [197] "N7015|ten_9|3690199|3693049|+|2850"        
 [198] "N7015|ten_3|39623088|39626072|+|2984"      
 [199] "_R_N7015|ten_9|87611348|87614336|+|2988"   
 [200] "N7015|ten_8|155536040|155539002|+|2962"    
 [201] "_R_N7015|dum_6|23816619|23819567|+|2948"   
 [202] "N7015|ten_1|95364931|95367699|+|2768"      
 [203] "N7015|ten_4|122741372|122744398|+|3026"    
 [204] "N7015|ten_7|138341535|138344549|+|3014"    
 [205] "N7015|ten_10|31913661|31916630|+|2969"     
 [206] "_R_N7015|ten_10|31404162|31406957|+|2795"  
 [207] "N7015|ten_4|111145771|111148812|+|3041"    
 [208] "_R_N7015|ten_8|101053315|101056295|+|2980" 
 [209] "N7015|ten_X2|2306665|2309685|+|3020"       
 [210] "N7015|ten_2|196428496|196431359|+|2863"    
 [211] "N7015|ten_12|78124242|78127095|+|2853"     
 [212] "N7015|ten_10|28149922|28152770|+|2848"     
 [213] "_R_N7015|ten_2|92043203|92046208|+|3005"   
 [214] "_R_N7015|ten_1|72467961|72470896|+|2935"   
 [215] "_R_N7015|ten_1|182360522|182363428|+|2906" 
 [216] "_R_N7015|ten_4|14606771|14609675|+|2904"   
 [217] "N7015|ten_3|194904798|194907751|+|2953"    
 [218] "_R_N7015|ten_4|136425669|136428404|+|2735" 
 [219] "N7015|ten_5|22227861|22230646|+|2785"      
 [220] "N7015|ten_5|19251197|19253984|+|2787"      
 [221] "N7015|dum_3|100406877|100409332|+|2455"    
 [222] "N7015|dum_6|151153558|151156607|+|3049"    
 [223] "_R_N7015|dum_4|237295319|237298262|+|2943" 
 [224] "N7015|ten_4|236096522|236099177|+|2655"    
 [225] "N7015|dum_3|164478143|164481090|+|2947"    
 [226] "N7015|ten_3|157670512|157673408|+|2896"    
 [227] "_R_N7015|ten_11|101958611|101961380|+|2769"
 [228] "_R_N7015|ten_9|101489957|101492874|+|2917" 
 [229] "N7015|ten_X1|74761550|74764550|+|3000"     
 [230] "N7015|dum_11|62254627|62257201|+|2574"     
 [231] "N7015|ten_6|107295882|107298881|+|2999"    
 [232] "_R_N7015|ten_3|145868848|145871848|+|3000" 
 [233] "_R_N7015|ten_9|36780853|36783891|+|3038"   
 [234] "N7015|ten_3|145874783|145877722|+|2939"    
 [235] "_R_N7015|dum_10|179008403|179011363|+|2960"
 [236] "_R_N7015|ten_10|176151471|176154419|+|2948"
 [237] "_R_N7015|ten_6|204508490|204511413|+|2923" 
 [238] "N7015|dum_1|134646792|134649651|+|2859"    
 [239] "N7015|dum_3|158446146|158449029|+|2883"    
 [240] "_R_N7015|dum_6|113371385|113374215|+|2830" 
 [241] "N7015|dum_12|46480274|46482494|+|2220"     
 [242] "N7015|ten_4|81895509|81898451|+|2942"      
 [243] "_R_N7015|ten_X1|209064752|209067791|+|3039"
 [244] "N7015|ten_5|4215579|4218618|+|3039"        
 [245] "N7015|ten_6|225579867|225582641|+|2774"    
 [246] "N7015|ten_6|163345911|163348821|+|2910"    
 [247] "_R_N7015|ten_9|97007126|97010139|+|3013"   
 [248] "_R_N7015|ten_3|114120671|114123649|+|2978" 
 [249] "N7015|ten_5|106799005|106801918|+|2913"    
 [250] "N7015|ten_4|142398715|142401651|+|2936"    
 [251] "N7015|ten_7|141165894|141168781|+|2887"    
 [252] "N7015|ten_3|103529644|103532423|+|2779"    
 [253] "_R_N7015|ten_8|41927106|41930130|+|3024"   
 [254] "N7015|ten_4|39406726|39409627|+|2901"      
 [255] "N7015|ten_1|21744319|21747306|+|2987"      
 [256] "_R_N7015|ten_4|38082440|38085051|+|2611"   
 [257] "N7015|ten_1|19687435|19690330|+|2895"      
 [258] "N7015|ten_6|161802217|161805138|+|2921"    
 [259] "_R_N7015|ten_4|72526167|72529147|+|2980"   
 [260] "_R_N7015|ten_4|53650422|53653425|+|3003"   
 [261] "N7015|ten_10|47954275|47956727|+|2452"     
 [262] "N7015|ten_5|130916013|130918922|+|2909"    
 [263] "N7015|ten_5|112130928|112133786|+|2858"    
 [264] "_R_N7015|ten_4|188468956|188471973|+|3017" 
 [265] "N7015|ten_1|191709525|191712435|+|2910"    
 [266] "_R_N7015|ten_9|125424087|125426810|+|2723" 
 [267] "_R_N7015|ten_11|84507947|84510813|+|2866"  
 [268] "N7015|ten_1|99309402|99312331|+|2929"      
 [269] "N7015|ten_1|99811206|99814138|+|2932"      
 [270] "N7015|ten_2|222255203|222258109|+|2906"    
 [271] "N7015|ten_11|12843911|12846840|+|2929"     
 [272] "_R_N7015|ten_11|12848551|12851574|+|3023"  
 [273] "N7015|ten_10|61672917|61675711|+|2794"     
 [274] "_R_N7015|ten_3|109305467|109308409|+|2942" 
 [275] "N7015|ten_11|48289255|48292136|+|2881"     
 [276] "_R_N7015|ten_1|107890224|107893249|+|3025" 
 [277] "N7015|ten_6|188771553|188774518|+|2965"    
 [278] "_R_N7015|ten_1|133233161|133235850|+|2689" 
 [279] "N7015|ten_3|250343328|250346240|+|2912"    
 [280] "N7015|ten_1|168159347|168162225|+|2878"    
 [281] "_R_N7015|ten_5|112227540|112230507|+|2967" 
 [282] "_R_N7015|ten_5|131301662|131304631|+|2969" 
 [283] "N7015|ten_4|45481612|45484475|+|2863"      
 [284] "N7015|ten_3|181651364|181654227|+|2863"    
 [285] "_R_N7015|ten_2|26064987|26067961|+|2974"   
 [286] "_R_N7015|ten_1|104075385|104078375|+|2990" 
 [287] "N7015|dum_10|55342354|55344993|+|2639"     
 [288] "N7015|ten_11|48306955|48309844|+|2889"     
 [289] "N7015|ten_6|116815798|116818671|+|2873"    
 [290] "_R_N7015|ten_6|200720176|200723094|+|2918" 
 [291] "_R_N7015|ten_1|282675138|282678134|+|2996" 
 [292] "_R_N7015|ten_2|13947115|13950113|+|2998"   
 [293] "_R_N7015|ten_8|45641153|45644137|+|2984"   
 [294] "_R_N7015|ten_10|61789922|61792913|+|2991"  
 [295] "N7015|ten_6|44959192|44961977|+|2785"      
 [296] "N7015|ten_6|44963831|44966616|+|2785"      
 [297] "N7015|ten_6|44949910|44952694|+|2784"      
 [298] "N7015|ten_6|13459375|13462256|+|2881"      
 [299] "N7015|ten_6|61931458|61934248|+|2790"      
 [300] "_R_N7015|ten_10|83030731|83033726|+|2995"  
 [301] "N7015|ten_5|211666547|211669452|+|2905"    
 [302] "N7015|ten_5|212519542|212522415|+|2873"    
 [303] "_R_N7015|ten_6|234900552|234902917|+|2365" 
 [304] "N7015|ten_10|173006539|173009395|+|2856"   
 [305] "_R_N7015|ten_3|267327180|267330201|+|3021" 
 [306] "_R_N7015|ten_4|42694520|42697453|+|2933"   
 [307] "_R_N7015|ten_6|85798043|85801038|+|2995"   
 [308] "_R_N7015|ten_6|18292007|18295013|+|3006"   
 [309] "N7015|ten_5|193565681|193568606|+|2925"    
 [310] "N7015|ten_5|72554650|72557522|+|2872"      
 [311] "N7015|ten_8|130622831|130625706|+|2875"    
 [312] "_R_N7015|ten_10|178946234|178949226|+|2992"
 [313] "N7015|ten_3|130434045|130436934|+|2889"    
 [314] "_R_N7015|ten_2|105250498|105253452|+|2954" 
 [315] "N7015|ten_4|227373482|227376334|+|2852"    
 [316] "_R_N7015|ten_1|170177229|170180220|+|2991" 
 [317] "N7015|ten_5|2441526|2444483|+|2957"        
 [318] "N7015|ten_1|108848024|108850871|+|2847"    
 [319] "N7015|ten_2|131459283|131462056|+|2773"    
 [320] "N7015|ten_3|147772066|147774950|+|2884"    
 [321] "_R_N7015|ten_X2|170266617|170269565|+|2948"
 [322] "_R_N7015|ten_X2|170271945|170274289|+|2344"
 [323] "N7015|ten_4|631571|634507|+|2936"          
 [324] "N7015|ten_7|133574331|133577115|+|2784"    
 [325] "_R_N7015|ten_10|167816822|167819836|+|3014"
 [326] "_R_N7015|ten_3|246474488|246477473|+|2985" 
 [327] "N7015|ten_9|64011405|64013686|+|2281"      
 [328] "N7015|ten_9|61200526|61203459|+|2933"      
 [329] "_R_N7015|ten_2|101572617|101575627|+|3010" 
 [330] "_R_N7015|ten_3|37966055|37969065|+|3010"   
 [331] "_R_N7015|ten_7|134543299|134546310|+|3011" 
 [332] "N7015|ten_8|56529725|56532476|+|2751"      
 [333] "N7015|ten_2|249737950|249740817|+|2867"    
 [334] "_R_N7015|ten_5|107161999|107164696|+|2697" 
 [335] "_R_N7015|ten_6|242944839|242947698|+|2859" 
 [336] "N7015|ten_4|206592510|206595384|+|2874"    
 [337] "_R_N7015|ten_X2|89711145|89714130|+|2985"  
 [338] "_R_N7015|ten_7|26066454|26069470|+|3016"   
 [339] "N7015|ten_9|2790186|2793083|+|2897"        
 [340] "N7015|ten_8|174020093|174022999|+|2906"    
 [341] "N7015|ten_2|261738852|261741798|+|2946"    
 [342] "_R_N7015|ten_4|189196199|189199126|+|2927" 
 [343] "_R_N7015|ten_2|267405468|267408375|+|2907" 
 [344] "_R_N7015|ten_3|164145387|164148415|+|3028" 
 [345] "_R_N7015|ten_9|144883318|144886345|+|3027" 
 [346] "_R_N7015|ten_6|171025971|171028921|+|2950" 
 [347] "N7015|ten_7|165503072|165506010|+|2938"    
 [348] "_R_N7015|ten_3|116229992|116232991|+|2999" 
 [349] "N7015|ten_7|71725546|71728437|+|2891"      
 [350] "N7015|ten_11|74979035|74981922|+|2887"     
 [351] "N7015|ten_11|74983678|74986571|+|2893"     
 [352] "N7015|ten_11|74992961|74995858|+|2897"     
 [353] "N7015|ten_11|74988324|74991202|+|2878"     
 [354] "N7015|ten_4|211892490|211895409|+|2919"    
 [355] "_R_N7015|ten_3|84436549|84439306|+|2757"   
 [356] "N7015|ten_10|142397856|142400837|+|2981"   
 [357] "N7015|ten_10|51436942|51439992|+|3050"     
 [358] "N7015|ten_6|52159815|52162497|+|2682"      
 [359] "N7015|ten_10|101743538|101746434|+|2896"   
 [360] "_R_N7015|ten_4|131402815|131405684|+|2869" 
 [361] "N7015|ten_10|51848994|51851760|+|2766"     
 [362] "N7015|ten_X1|124593970|124596726|+|2756"   
 [363] "_R_N7015|ten_5|52646949|52649975|+|3026"   
 [364] "N7015|ten_2|54987840|54990737|+|2897"      
 [365] "_R_N7015|ten_2|56344868|56347639|+|2771"   
 [366] "_R_N7015|ten_11|1193353|1196321|+|2968"    
 [367] "_R_N7015|ten_9|65016576|65019621|+|3045"   
 [368] "_R_N7015|ten_9|10660577|10663610|+|3033"   
 [369] "_R_N7015|ten_10|102659622|102662649|+|3027"
 [370] "_R_N7015|ten_3|155282352|155285045|+|2693" 
 [371] "_R_N7015|ten_2|268423255|268426211|+|2956" 
 [372] "_R_N7015|ten_8|156262177|156265146|+|2969" 
 [373] "N7015|ten_1|42873314|42876245|+|2931"      
 [374] "N7015|ten_11|25450007|25452891|+|2884"     
 [375] "N7015|ten_1|38423400|38426329|+|2929"      
 [376] "N7015|ten_1|88375277|88378196|+|2919"      
 [377] "_R_N7015|ten_1|234895296|234898106|+|2810" 
 [378] "_R_N7015|ten_2|159469798|159472599|+|2801" 
 [379] "N7015|ten_11|77760980|77764032|+|3052"     
 [380] "N7015|ten_X1|204196334|204199116|+|2782"   
 [381] "N7015|ten_10|475427|478226|+|2799"         
 [382] "N7015|ten_4|87722663|87725596|+|2933"      
 [383] "_R_N7015|ten_11|112235952|112238947|+|2995"
 [384] "_R_N7015|ten_4|184172861|184175736|+|2875" 
 [385] "N7015|ten_9|35895099|35897977|+|2878"      
 [386] "N7015|ten_7|80307490|80310240|+|2750"      
 [387] "N7015|ten_12|73082383|73085388|+|3005"     
 [388] "_R_N7015|ten_2|127214430|127217388|+|2958" 
 [389] "N7015|ten_1|102858467|102861407|+|2940"    
 [390] "N7015|ten_3|3664396|3667152|+|2756"        
 [391] "N7015|ten_3|98072632|98075385|+|2753"      
 [392] "_R_N7015|ten_7|13213707|13216489|+|2782"   
 [393] "N7015|ten_1|150249034|150251942|+|2908"    
 [394] "_R_N7015|ten_7|52670846|52673799|+|2953"   
 [395] "_R_N7015|ten_3|97943808|97946828|+|3020"   
 [396] "_R_N7015|ten_7|51212563|51215271|+|2708"   
 [397] "_R_N7015|ten_9|50462615|50465654|+|3039"   
 [398] "N7015|ten_11|83426895|83429718|+|2823"     
 [399] "_R_N7015|ten_1|152972192|152975153|+|2961" 
 [400] "N7015|ten_9|94319968|94322754|+|2786"      
 [401] "_R_N7015|ten_7|14753232|14756189|+|2957"   
 [402] "_R_N7015|ten_1|25839414|25842420|+|3006"   
 [403] "N7015|ten_10|31806831|31809630|+|2799"     
 [404] "_R_N7015|ten_8|65960528|65962828|+|2300"   
 [405] "N7015|ten_3|191170256|191173278|+|3022"    
 [406] "N7015|ten_10|178467230|178470165|+|2935"   
 [407] "N7015|ten_5|103924408|103927406|+|2998"    
 [408] "_R_N7015|dum_11|122243541|122246497|+|2956"
 [409] "_R_N7015|ten_11|47264669|47267441|+|2772"  
 [410] "N7015|ten_5|112753928|112756934|+|3006"    
 [411] "N7015|dum_11|88459200|88462006|+|2806"     
 [412] "N7015|ten_11|78626540|78629377|+|2837"     
 [413] "N7015|dum_4|99094337|99097280|+|2943"      
 [414] "N7015|ten_2|247133003|247135970|+|2967"    
 [415] "N7015|ten_1|239860368|239863140|+|2772"    
 [416] "N7015|ten_10|89267618|89270556|+|2938"     
 [417] "N7015|ten_X1|134000188|134003115|+|2927"   
 [418] "N7015|ten_8|58264282|58267195|+|2913"      
 [419] "N7015|ten_5|146546019|146548815|+|2796"    
 [420] "N7015|ten_1|57045956|57048926|+|2970"      
 [421] "_R_N7015|ten_11|66594387|66597362|+|2975"  
 [422] "_R_N7015|dum_8|169132375|169135332|+|2957" 
 [423] "_R_N7015|ten_7|120943375|120946353|+|2978" 
 [424] "_R_N7015|ten_11|57431142|57433941|+|2799"  
 [425] "_R_N7015|ten_2|210620849|210623792|+|2943" 
 [426] "_R_N7015|ten_2|81601873|81604833|+|2960"   
 [427] "_R_N7015|ten_1|141188924|141191964|+|3040" 
 [428] "N7015|ten_8|36126551|36129357|+|2806"      
 [429] "N7015|ten_8|36135871|36138677|+|2806"      
 [430] "N7015|ten_8|36131211|36134017|+|2806"      
 [431] "N7015|ten_8|36140531|36143335|+|2804"      
 [432] "N7015|ten_8|36145189|36147997|+|2808"      
 [433] "N7015|ten_8|36149851|36152660|+|2809"      
 [434] "_R_N7015|ten_12|77893201|77896127|+|2926"  
 [435] "_R_N7015|ten_5|156913290|156916209|+|2919" 
 [436] "_R_N7015|ten_7|139783898|139786877|+|2979" 
 [437] "N7015|ten_2|121299638|121302421|+|2783"    
 [438] "N7015|ten_5|83560051|83562721|+|2670"      
 [439] "_R_N7015|ten_2|167849964|167852925|+|2961" 
 [440] "_R_N7015|ten_2|167860318|167863279|+|2961" 
 [441] "N7015|ten_5|113816032|113818804|+|2772"    
 [442] "N7015|ten_12|69462518|69465507|+|2989"     
 [443] "N7015|dum_12|10187576|10190387|+|2811"     
 [444] "N7015|ten_2|245379128|245382070|+|2942"    
 [445] "_R_N7015|ten_3|204325358|204328339|+|2981" 
 [446] "_R_N7015|ten_8|174043087|174046097|+|3010" 
 [447] "N7015|ten_7|108835743|108838537|+|2794"    
 [448] "N7015|ten_5|35415110|35418128|+|3018"      
 [449] "N7015|dum_5|32337179|32339977|+|2798"      
 [450] "N7015|ten_6|27647142|27650064|+|2922"      
 [451] "_R_N7015|ten_6|55098719|55101725|+|3006"   
 [452] "N7015|ten_1|206198970|206201797|+|2827"    
 [453] "N7015|ten_1|224412537|224415405|+|2868"    
 [454] "_R_N7015|ten_3|255266514|255269474|+|2960" 
 [455] "_R_N7015|ten_4|45626304|45629278|+|2974"   
 [456] "N7015|ten_6|212665394|212668331|+|2937"    
 [457] "N7015|ten_6|12243562|12246339|+|2777"      
 [458] "N7015|ten_11|948684|951559|+|2875"         
 [459] "N7015|ten_11|72520304|72523207|+|2903"     
 [460] "N7015|ten_4|211765941|211768733|+|2792"    
 [461] "_R_N7015|ten_7|102031789|102034742|+|2953" 
 [462] "_R_N7015|ten_9|130690068|130693084|+|3016" 
 [463] "_R_N7015|ten_5|4037232|4040183|+|2951"     
 [464] "_R_N7015|ten_1|111354053|111356838|+|2785" 
 [465] "_R_N7015|ten_4|9486026|9489046|+|3020"     
 [466] "_R_N7015|ten_X2|204568498|204571471|+|2973"
 [467] "_R_N7015|ten_6|83433480|83436451|+|2971"   
 [468] "N7015|ten_2|32414902|32417756|+|2854"      
 [469] "N7015|ten_2|55294065|55296951|+|2886"      
 [470] "_R_N7015|ten_7|173682157|173685130|+|2973" 
 [471] "N7015|ten_11|68465460|68468228|+|2768"     
 [472] "N7015|ten_6|159852040|159854913|+|2873"    
 [473] "_R_N7015|ten_10|136549847|136552825|+|2978"
 [474] "_R_N7015|ten_12|21597422|21600338|+|2916"  
 [475] "_R_N7015|ten_12|50270572|50273497|+|2925"  
 [476] "N7015|ten_5|136477789|136480555|+|2766"    
 [477] "N7015|ten_11|84960002|84962846|+|2844"     
 [478] "_R_N7015|ten_7|169809942|169812890|+|2948" 
 [479] "N7015|ten_1|168893514|168896437|+|2923"    
 [480] "N7015|ten_6|158531664|158534429|+|2765"    
 [481] "N7015|ten_X1|164261904|164264276|+|2372"   
 [482] "N7015|ten_5|24954294|24957169|+|2875"      
 [483] "N7015|ten_5|25340622|25343400|+|2778"      
 [484] "N7015|ten_7|126935176|126938094|+|2918"    
 [485] "N7015|ten_3|232183591|232186503|+|2912"    
 [486] "N7015|ten_12|57000467|57003372|+|2905"     
 [487] "N7015|ten_8|78045370|78048211|+|2841"      
 [488] "N7015|ten_10|2982646|2985446|+|2800"       
 [489] "N7015|ten_1|183572007|183574889|+|2882"    
 [490] "_R_N7015|ten_6|84830584|84833495|+|2911"   
 [491] "N7015|ten_9|42414456|42417355|+|2899"      
 [492] "N7015|ten_10|54058920|54061785|+|2865"     
 [493] "N7015|ten_X1|152428814|152431671|+|2857"   
 [494] "N7015|ten_1|5864723|5867567|+|2844"        
 [495] "_R_N7015|ten_7|85703241|85706213|+|2972"   
 [496] "_R_N7015|ten_5|77815025|77817945|+|2920"   
 [497] "_R_N7015|ten_2|162977398|162980374|+|2976" 
 [498] "_R_N7015|ten_7|147397545|147400098|+|2553" 
 [499] "_R_N7015|ten_5|40691302|40694246|+|2944"   
 [500] "N7015|ten_12|28828300|28831153|+|2853"     
 [501] "_R_N7015|ten_5|93441972|93444916|+|2944"   
 [502] "N7015|ten_8|172161471|172164386|+|2915"    
 [503] "N7015|ten_1|133627580|133630503|+|2923"    
 [504] "_R_N7015|ten_3|51937829|51940774|+|2945"   
 [505] "N7015|ten_10|159756758|159759584|+|2826"   
 [506] "N7015|ten_11|14556147|14559157|+|3010"     
 [507] "N7015|ten_5|199934070|199937014|+|2944"    
 [508] "N7015|ten_3|89579764|89582656|+|2892"      
 [509] "N7015|ten_7|172091071|172094006|+|2935"    
 [510] "N7015|ten_1|125624333|125627090|+|2757"    
 [511] "N7015|ten_4|227710968|227713732|+|2764"    
 [512] "_R_N7015|ten_1|77929565|77931823|+|2258"   
 [513] "_R_N7015|ten_2|125179694|125182486|+|2792" 
 [514] "_R_N7015|ten_10|173636102|173639108|+|3006"
 [515] "_R_N7015|ten_10|49352933|49355906|+|2973"  
 [516] "N7015|ten_5|36866607|36869598|+|2991"      
 [517] "_R_N7015|ten_6|49516165|49519160|+|2995"   
 [518] "_R_N7015|ten_6|50062173|50065176|+|3003"   
 [519] "N7015|ten_11|74442817|74445800|+|2983"     
 [520] "N7015|ten_9|70497921|70500176|+|2255"      
 [521] "_R_N7015|ten_12|132484595|132487484|+|2889"
 [522] "_R_N7015|ten_1|46753293|46756303|+|3010"   
 [523] "N7015|ten_10|155222082|155225002|+|2920"   
 [524] "_R_N7015|ten_2|82716944|82719884|+|2940"   
 [525] "_R_N7015|ten_6|99549294|99552311|+|3017"   
 [526] "_R_N7015|ten_8|2883007|2885967|+|2960"     
 [527] "_R_N7015|ten_6|142208577|142210841|+|2264" 
 [528] "N7015|ten_7|168873072|168876006|+|2934"    
 [529] "_R_N7015|ten_1|30457954|30460919|+|2965"   
 [530] "N7015|ten_2|138582325|138585300|+|2975"    
 [531] "N7015|ten_4|148136128|148138916|+|2788"    
 [532] "_R_N7015|ten_5|92107465|92110224|+|2759"   
 [533] "_R_N7015|ten_1|73707243|73710145|+|2902"   
 [534] "_R_N7015|ten_12|100140604|100143598|+|2994"
 [535] "N7015|ten_2|137154683|137157560|+|2877"    
 [536] "N7015|ten_6|85342620|85344928|+|2308"      
 [537] "_R_N7015|ten_5|116265818|116268854|+|3036" 
 [538] "N7015|ten_5|86671811|86674842|+|3031"      
 [539] "_R_N7015|ten_1|99629935|99632930|+|2995"   
 [540] "_R_N7015|ten_1|100148894|100151916|+|3022" 
 [541] "_R_N7015|ten_4|109309762|109312582|+|2820" 
 [542] "_R_N7015|ten_1|189595727|189598131|+|2404" 
 [543] "N7015|ten_X2|104551904|104554714|+|2810"   
 [544] "N7015|ten_7|91305601|91308579|+|2978"      
 [545] "_R_N7015|ten_11|73984496|73987454|+|2958"  
 [546] "_R_N7015|ten_2|158756369|158758592|+|2223" 
 [547] "N7015|dum_4|230291225|230294091|+|2866"    
 [548] "_R_N7015|ten_2|158889364|158892270|+|2906" 
 [549] "_R_N7015|ten_X1|59225714|59228712|+|2998"  
 [550] "N7015|ten_8|163560659|163563610|+|2951"    
 [551] "_R_N7015|dum_11|43178190|43181170|+|2980"  
 [552] "_R_N7015|ten_4|153742442|153745250|+|2808" 
 [553] "N7015|ten_7|65354025|65356873|+|2848"      
 [554] "_R_N7015|ten_5|206321803|206324802|+|2999" 
 [555] "N7015|ten_X1|44700367|44703306|+|2939"     
 [556] "N7015|ten_2|272823517|272826438|+|2921"    
 [557] "N7015|ten_3|65004095|65006973|+|2878"      
 [558] "_R_N7015|dum_11|38442858|38445771|+|2913"  
 [559] "N7015|ten_5|22851017|22853878|+|2861"      
 [560] "N7015|ten_X2|43314792|43317648|+|2856"     
 [561] "N7015|ten_2|97731480|97734194|+|2714"      
 [562] "_R_N7015|ten_2|169752690|169755387|+|2697" 
 [563] "_R_N7015|ten_12|21192933|21195725|+|2792"  
 [564] "_R_N7015|ten_6|213735515|213738538|+|3023" 
 [565] "N7015|ten_8|105229022|105231797|+|2775"    
 [566] "_R_N7015|ten_4|175877340|175880213|+|2873" 
 [567] "_R_N7015|ten_7|147989094|147991951|+|2857" 
 [568] "_R_N7015|ten_2|262801001|262803962|+|2961" 
 [569] "_R_N7015|ten_6|223991761|223994044|+|2283" 
 [570] "N7015|ten_2|206523548|206526590|+|3042"    
 [571] "_R_N7015|ten_11|24933353|24936331|+|2978"  
 [572] "_R_N7015|ten_2|193638005|193640999|+|2994" 
 [573] "_R_N7015|ten_2|193642642|193645635|+|2993" 
 [574] "_R_N7015|ten_2|193654527|193657518|+|2991" 
 [575] "N7015|ten_1|274414562|274417485|+|2923"    
 [576] "_R_N7015|ten_7|71325514|71328431|+|2917"   
 [577] "_R_N7015|ten_9|42119260|42122177|+|2917"   
 [578] "_R_N7015|ten_7|42747508|42750448|+|2940"   
 [579] "_R_N7015|ten_3|153806036|153808830|+|2794" 
 [580] "_R_N7015|ten_11|66498281|66501278|+|2997"  
 [581] "_R_N7015|ten_7|47654466|47657489|+|3023"   
 [582] "N7015|ten_7|134923794|134926625|+|2831"    
 [583] "_R_N7015|ten_1|190337227|190339723|+|2496" 
 [584] "_R_N7015|ten_9|85719179|85722194|+|3015"   
 [585] "_R_N7015|ten_10|58672667|58675696|+|3029"  
 [586] "_R_N7015|ten_1|83779539|83782515|+|2976"   
 [587] "_R_N7015|ten_1|224334642|224337685|+|3043" 
 [588] "_R_N7015|ten_10|140570696|140573601|+|2905"
 [589] "N7015|ten_3|269559359|269562155|+|2796"    
 [590] "N7015|ten_10|96051459|96054237|+|2778"     
 [591] "N7015|ten_2|142894168|142896968|+|2800"    
 [592] "_R_N7015|ten_10|94007019|94010032|+|3013"  
 [593] "N7015|ten_3|101532298|101535172|+|2874"    
 [594] "N7015|ten_12|121780666|121782860|+|2194"   
 [595] "_R_N7015|ten_10|116951335|116954376|+|3041"
 [596] "N7015|ten_7|94816999|94819620|+|2621"      
 [597] "N7015|ten_7|94823281|94826201|+|2920"      
 [598] "_R_N7015|ten_10|39931373|39934383|+|3010"  
 [599] "N7015|ten_3|161956602|161959538|+|2936"    
 [600] "_R_N7015|ten_X1|207651712|207654728|+|3016"
 [601] "N7015|ten_1|138790990|138793345|+|2355"    
 [602] "N7015|ten_1|7347043|7349952|+|2909"        
 [603] "_R_N7015|ten_11|72758986|72761945|+|2959"  
 [604] "N7015|ten_2|250404022|250406896|+|2874"    
 [605] "N7015|ten_2|88843514|88846406|+|2892"      
 [606] "_R_N7015|ten_10|55745717|55748611|+|2894"  
 [607] "_R_N7015|ten_7|114185822|114188852|+|3030" 
 [608] "_R_N7015|ten_6|55723810|55726778|+|2968"   
 [609] "_R_N7015|ten_4|34620715|34623734|+|3019"   
 [610] "N7015|ten_9|139230682|139233464|+|2782"    
 [611] "N7015|ten_2|106636065|106638950|+|2885"    
 [612] "N7015|ten_2|185457437|185460282|+|2845"    
 [613] "N7015|ten_6|150361026|150364072|+|3046"    
 [614] "_R_N7015|ten_3|222310852|222313220|+|2368" 
 [615] "_R_N7015|ten_7|173118419|173120897|+|2478" 
 [616] "_R_N7015|ten_5|165469773|165472776|+|3003" 
 [617] "_R_N7015|ten_5|191862740|191865687|+|2947" 
 [618] "_R_N7015|ten_4|13840050|13842720|+|2670"   
 [619] "_R_N7015|ten_10|100343799|100346773|+|2974"
 [620] "N7015|ten_X1|9143874|9146757|+|2883"       
 [621] "N7015|ten_5|46431921|46434757|+|2836"      
 [622] "N7015|ten_5|121945430|121948296|+|2866"    
 [623] "_R_N7015|ten_10|161929701|161932616|+|2915"
 [624] "_R_N7015|ten_9|50355607|50358573|+|2966"   
 [625] "_R_N7015|ten_1|146150538|146153532|+|2994" 
 [626] "_R_N7015|ten_2|248164528|248167561|+|3033" 
 [627] "_R_N7015|ten_4|78639837|78642830|+|2993"   
 [628] "_R_N7015|ten_1|237039749|237042652|+|2903" 
 [629] "N7015|ten_6|16935244|16938051|+|2807"      
 [630] "_R_N7015|ten_6|103803434|103806244|+|2810" 
 [631] "_R_N7015|ten_X2|69678548|69681329|+|2781"  
 [632] "_R_N7015|ten_5|118574233|118577168|+|2935" 
 [633] "_R_N7015|ten_3|12898093|12900889|+|2796"   
 [634] "N7015|ten_7|15473326|15476240|+|2914"      
 [635] "N7015|ten_3|253106119|253108970|+|2851"    
 [636] "N7015|ten_5|101400652|101403484|+|2832"    
 [637] "_R_N7015|ten_10|13105548|13108466|+|2918"  
 [638] "_R_N7015|ten_10|143498497|143501033|+|2536"
 [639] "N7015|ten_4|230926434|230929424|+|2990"    
 [640] "N7015|ten_5|88053651|88056566|+|2915"      
 [641] "N7015|ten_1|96159324|96162294|+|2970"      
 [642] "N7015|ten_3|198073982|198076986|+|3004"    
 [643] "_R_N7015|ten_7|14693884|14696527|+|2643"   
 [644] "_R_N7015|ten_3|116379509|116382450|+|2941" 
 [645] "N7015|ten_9|91068566|91071533|+|2967"      
 [646] "_R_N7015|ten_1|158477299|158480274|+|2975" 
 [647] "N7015|ten_4|152250778|152253674|+|2896"    
 [648] "_R_N7015|ten_11|1209581|1212565|+|2984"    
 [649] "_R_N7015|ten_2|156362355|156364729|+|2374" 
 [650] "_R_N7015|ten_2|110591073|110594080|+|3007" 
 [651] "_R_N7015|ten_5|45908812|45911801|+|2989"   
 [652] "N7015|ten_6|152180474|152183462|+|2988"    
 [653] "_R_N7015|ten_3|65178507|65181501|+|2994"   
 [654] "_R_N7015|ten_12|73724745|73727660|+|2915"  
 [655] "_R_N7015|ten_3|160184408|160187394|+|2986" 
 [656] "N7015|ten_1|130089662|130092433|+|2771"    
 [657] "N7015|ten_6|236609622|236612579|+|2957"    
 [658] "N7015|dum_12|113334165|113336517|+|2352"   
 [659] "_R_N7015|ten_1|151035837|151038546|+|2709" 
 [660] "N7015|ten_12|113334096|113337108|+|3012"   
 [661] "_R_N7015|ten_12|113846617|113849629|+|3012"
 [662] "_R_N7015|ten_3|228139236|228142248|+|3012" 
 [663] "_R_N7015|dum_6|23451796|23454142|+|2346"   
 [664] "N7015|dum_5|134970731|134973611|+|2880"    
 [665] "_R_N7015|ten_5|101611351|101614229|+|2878" 
 [666] "_R_N7015|dum_5|228496414|228499433|+|3019" 
 [667] "_R_N7015|ten_6|158929091|158932067|+|2976" 
 [668] "_R_N7015|ten_9|47180807|47183692|+|2885"   
 [669] "N7015|dum_1|188788204|188790996|+|2792"    
 [670] "N7015|ten_1|185190329|185192598|+|2269"    
 [671] "_R_N7015|ten_7|138436382|138439338|+|2956" 
 [672] "_R_N7015|ten_7|138580501|138583458|+|2957" 
 [673] "_R_N7015|dum_1|175271752|175274712|+|2960" 
 [674] "_R_N7015|ten_1|168887669|168890598|+|2929" 
 [675] "_R_N7015|ten_1|194468964|194471939|+|2975" 
 [676] "N7015|dum_2|7984782|7987563|+|2781"        
 [677] "N7015|ten_3|145846752|145849555|+|2803"    
 [678] "N7015|dum_3|154543331|154546112|+|2781"    
 [679] "N7015|dum_1|138785928|138788890|+|2962"    
 [680] "N7015|ten_12|101595203|101598179|+|2976"   
 [681] "N7015|ten_1|131737749|131740694|+|2945"    
 [682] "_R_N7015|ten_1|131837679|131840462|+|2783" 
 [683] "N7015|dum_1|127761775|127764587|+|2812"    
 [684] "N7015|dum_6|147772683|147775669|+|2986"    
 [685] "_R_N7015|dum_2|67928751|67931539|+|2788"   
 [686] "N7015|ten_9|98879531|98882511|+|2980"      
 [687] "_R_N7015|dum_2|5333158|5335914|+|2756"     
 [688] "N7015|dum_8|59818227|59820391|+|2164"      
 [689] "N7015|dum_5|72744355|72747205|+|2850"      
 [690] "N7015|ten_6|103353724|103356607|+|2883"    
 [691] "_R_N7015|ten_7|70295797|70298826|+|3029"   
 [692] "N7015|ten_11|80712983|80715873|+|2890"     
 [693] "_R_N7015|ten_3|78525628|78528601|+|2973"   
 [694] "N7015|ten_1|210513033|210515883|+|2850"    
 [695] "N7015|ten_1|189524844|189527765|+|2921"    
 [696] "_R_N7015|dum_1|167406638|167409607|+|2969" 
 [697] "N7015|ten_9|93295871|93298878|+|3007"      
 [698] "_R_N7015|ten_3|153373161|153375939|+|2778" 
 [699] "_R_N7015|ten_2|41709786|41712773|+|2987"   
 [700] "_R_N7015|ten_4|201316970|201319752|+|2782" 
 [701] "_R_N7015|ten_6|121881083|121883931|+|2848" 
 [702] "_R_N7015|ten_8|84389404|84392363|+|2959"   
 [703] "N7015|ten_8|14434450|14437371|+|2921"      
 [704] "N7015|dum_1|166400547|166402825|+|2278"    
 [705] "_R_N7015|ten_1|205878463|205881443|+|2980" 
 [706] "_R_N7015|ten_4|108883129|108886084|+|2955" 
 [707] "_R_N7015|ten_2|79837831|79840724|+|2893"   
 [708] "_R_N7015|ten_9|28868698|28871626|+|2928"   
 [709] "_R_N7015|ten_6|166952720|166955679|+|2959" 
 [710] "_R_N7015|ten_11|81300766|81303749|+|2983"  
 [711] "N7015|ten_5|57887330|57890260|+|2930"      
 [712] "N7015|ten_3|167931909|167934678|+|2769"    
 [713] "_R_N7015|ten_2|266379931|266382932|+|3001" 
 [714] "N7015|ten_6|210845230|210848123|+|2893"    
 [715] "_R_N7015|ten_2|261624038|261626983|+|2945" 
 [716] "N7015|ten_7|184680875|184683511|+|2636"    
 [717] "N7015|ten_8|39319723|39322588|+|2865"      
 [718] "_R_N7015|ten_2|8675935|8678890|+|2955"     
 [719] "N7015|ten_3|193491941|193494816|+|2875"    
 [720] "N7015|ten_6|196766320|196769189|+|2869"    
 [721] "N7015|ten_X1|37418731|37421618|+|2887"     
 [722] "_R_N7015|ten_1|183061455|183064449|+|2994" 
 [723] "_R_N7015|ten_8|96522135|96525124|+|2989"   
 [724] "N7015|dum_12|87062946|87065703|+|2757"     
 [725] "_R_N7015|ten_3|40669774|40672793|+|3019"   
 [726] "N7015|ten_11|116644580|116647433|+|2853"   
 [727] "_R_N7015|ten_8|92064424|92067368|+|2944"   
 [728] "N7015|ten_3|64610329|64613321|+|2992"      
 [729] "_R_N7015|ten_5|38440453|38443238|+|2785"   
 [730] "_R_N7015|ten_9|76678109|76681153|+|3044"   
 [731] "_R_N7015|ten_2|88715995|88718621|+|2626"   
 [732] "_R_N7015|ten_3|69100701|69103659|+|2958"   
 [733] "N7015|ten_6|212698384|212701425|+|3041"    
 [734] "_R_N7015|ten_3|164346988|164349958|+|2970" 
 [735] "N7015|ten_7|130112647|130115516|+|2869"    
 [736] "_R_N7015|ten_1|112358392|112361389|+|2997" 
 [737] "_R_N7015|ten_3|23174323|23177253|+|2930"   
 [738] "_R_N7015|ten_9|68351756|68354537|+|2781"   
 [739] "_R_N7015|ten_6|87309456|87312410|+|2954"   
 [740] "N7015|ten_X1|194015180|194017940|+|2760"   
 [741] "_R_N7015|ten_7|150370330|150373251|+|2921" 
 [742] "_R_N7015|ten_10|143261531|143264481|+|2950"
 [743] "N7015|ten_7|124437354|124440235|+|2881"    
 [744] "_R_N7015|ten_7|124913052|124915382|+|2330" 
 [745] "N7015|ten_1|225788735|225791411|+|2676"    
 [746] "N7015|ten_2|25953784|25956799|+|3015"      
 [747] "_R_N7015|ten_5|138895720|138898707|+|2987" 
 [748] "_R_N7015|ten_4|100705407|100708326|+|2919" 
 [749] "_R_N7015|ten_6|1949750|1952766|+|3016"     
 [750] "N7015|ten_5|119556557|119559271|+|2714"    
 [751] "_R_N7015|ten_4|43633862|43636755|+|2893"   
 [752] "_R_N7015|ten_1|216854828|216857602|+|2774" 
 [753] "_R_N7015|ten_10|89780516|89783397|+|2881"  
 [754] "N7015|ten_12|32547057|32549906|+|2849"     
 [755] "_R_N7015|ten_2|96568454|96571390|+|2936"   
 [756] "N7015|ten_2|226264684|226267588|+|2904"    
 [757] "N7015|ten_6|229399737|229402639|+|2902"    
 [758] "N7015|ten_1|88522136|88525014|+|2878"      
 [759] "N7015|ten_12|113302277|113305097|+|2820"   
 [760] "N7015|ten_1|212835722|212838513|+|2791"    
 [761] "N7015|ten_10|17584586|17587465|+|2879"     
 [762] "N7015|ten_10|107612432|107615245|+|2813"   
 [763] "N7015|ten_1|252934255|252937059|+|2804"    
 [764] "_R_N7015|ten_3|103795048|103797845|+|2797" 
 [765] "_R_N7015|ten_6|167932781|167935484|+|2703" 
 [766] "_R_N7015|ten_5|102463359|102466348|+|2989" 
 [767] "_R_N7015|ten_2|138707993|138710954|+|2961" 
 [768] "N7015|ten_6|211926669|211929559|+|2890"    
 [769] "N7015|ten_9|96580008|96582879|+|2871"      
 [770] "N7015|ten_4|30658161|30661075|+|2914"      
 [771] "N7015|ten_8|49944725|49947652|+|2927"      
 [772] "N7015|ten_3|115331765|115334660|+|2895"    
 [773] "N7015|ten_4|166278214|166281121|+|2907"    
 [774] "_R_N7015|ten_2|201888392|201890741|+|2349" 
 [775] "_R_N7015|ten_8|51123216|51126196|+|2980"   
 [776] "N7015|ten_1|125933837|125936706|+|2869"    
 [777] "N7015|ten_1|158903837|158906649|+|2812"    
 [778] "_R_N7015|ten_2|58211240|58214288|+|3048"   
 [779] "_R_N7015|ten_4|133386056|133389067|+|3011" 
 [780] "_R_N7015|ten_1|214594835|214597763|+|2928" 
 [781] "_R_N7015|ten_5|91315556|91318536|+|2980"   
 [782] "_R_N7015|ten_6|60561238|60564189|+|2951"   
 [783] "_R_N7015|ten_6|180112112|180114870|+|2758" 
 [784] "N7015|ten_9|89475951|89478948|+|2997"      
 [785] "_R_N7015|ten_2|171132359|171135267|+|2908" 
 [786] "N7015|dum_11|138296308|138299163|+|2855"   
 [787] "_R_N7015|ten_11|29257609|29260552|+|2943"  
 [788] "_R_N7015|dum_X2|1223844|1226779|+|2935"    
 [789] "_R_N7015|ten_X2|188746|191517|+|2771"      
 [790] "_R_N7015|ten_2|194200874|194203841|+|2967" 
 [791] "_R_N7015|ten_12|131469725|131472604|+|2879"
 [792] "N7015|ten_4|34883788|34886835|+|3047"      
 [793] "_R_N7015|ten_7|138759929|138762936|+|3007" 
 [794] "_R_N7015|ten_11|20002138|20005091|+|2953"  
 [795] "_R_N7015|ten_3|235642231|235645232|+|3001" 
 [796] "_R_N7015|ten_4|232215668|232218670|+|3002" 
 [797] "_R_N7015|ten_1|137922279|137925275|+|2996" 
 [798] "N7015|ten_3|190944577|190947481|+|2904"    
 [799] "_R_N7015|ten_1|70774769|70777649|+|2880"   
 [800] "_R_N7015|ten_1|70778751|70781631|+|2880"   
 [801] "_R_N7015|ten_1|70770787|70773667|+|2880"   
 [802] "_R_N7015|ten_1|70782733|70785614|+|2881"   
 [803] "_R_N7015|ten_1|70739735|70742648|+|2913"   
 [804] "_R_N7015|ten_1|70749198|70752111|+|2913"   
 [805] "_R_N7015|ten_1|70786716|70789602|+|2886"   
 [806] "_R_N7015|ten_1|70731313|70734225|+|2912"   
 [807] "_R_N7015|ten_1|70745164|70747419|+|2255"   
 [808] "N7015|ten_6|130494767|130497609|+|2842"    
 [809] "_R_N7015|ten_9|121006967|121009932|+|2965" 
 [810] "_R_N7015|ten_3|257570831|257573811|+|2980" 
 [811] "N7015|ten_1|191965771|191968643|+|2872"    
 [812] "N7015|ten_2|26866898|26869736|+|2838"      
 [813] "N7015|ten_6|80813269|80816102|+|2833"      
 [814] "_R_N7015|ten_1|213833718|213836699|+|2981" 
 [815] "N7015|ten_6|176664721|176667617|+|2896"    
 [816] "_R_N7015|ten_3|236592429|236595347|+|2918" 
 [817] "_R_N7015|ten_10|77523583|77525888|+|2305"  
 [818] "_R_N7015|ten_5|78770429|78773358|+|2929"   
 [819] "N7015|ten_8|189258955|189261719|+|2764"    
 [820] "N7015|ten_5|176568844|176571765|+|2921"    
 [821] "_R_N7015|ten_2|258255066|258258072|+|3006" 
 [822] "N7015|ten_4|139999445|140002350|+|2905"    
 [823] "_R_N7015|ten_5|12148954|12151855|+|2901"   
 [824] "_R_N7015|ten_8|57291715|57294645|+|2930"   
 [825] "_R_N7015|ten_5|154201048|154204064|+|3016" 
 [826] "_R_N7015|ten_12|122084476|122087413|+|2937"
 [827] "N7015|ten_4|185923306|185926079|+|2773"    
 [828] "_R_N7015|ten_X2|123270511|123273450|+|2939"
 [829] "N7015|ten_7|83332438|83335388|+|2950"      
 [830] "N7015|ten_4|36969640|36972616|+|2976"      
 [831] "N7015|ten_2|70075448|70078370|+|2922"      
 [832] "N7015|ten_3|144652654|144655417|+|2763"    
 [833] "N7015|ten_5|110485273|110488038|+|2765"    
 [834] "N7015|ten_5|110568342|110571107|+|2765"    
 [835] "N7015|ten_8|8391866|8394631|+|2765"        
 [836] "_R_N7015|ten_1|105945262|105948243|+|2981" 
 [837] "N7015|ten_8|135607089|135609994|+|2905"    
 [838] "N7015|ten_9|28386404|28389274|+|2870"      
 [839] "_R_N7015|ten_1|215675310|215678289|+|2979" 
 [840] "_R_N7015|ten_2|227997333|228000351|+|3018" 
 [841] "N7015|ten_6|83733393|83736069|+|2676"      
 [842] "N7015|ten_3|47474734|47477664|+|2930"      
 [843] "N7015|ten_6|82875131|82877965|+|2834"      
 [844] "_R_N7015|ten_X2|72528193|72531015|+|2822"  
 [845] "_R_N7015|ten_3|14038186|14041129|+|2943"   
 [846] "N7015|ten_7|130661288|130664052|+|2764"    
 [847] "_R_N7015|ten_X2|130561059|130564093|+|3034"
 [848] "_R_N7015|ten_12|31592423|31595427|+|3004"  
 [849] "N7015|ten_10|31300646|31303567|+|2921"     
 [850] "_R_N7015|ten_2|183436651|183439566|+|2915" 
 [851] "N7015|dum_1|293955347|293958373|+|3026"    
 [852] "_R_N7015|ten_1|279960434|279963460|+|3026" 
 [853] "N7015|ten_1|222980036|222982874|+|2838"    
 [854] "_R_N7015|dum_4|173373110|173376089|+|2979" 
 [855] "_R_N7015|ten_3|132148520|132151508|+|2988" 
 [856] "_R_N7015|ten_1|194455608|194458387|+|2779" 
 [857] "_R_N7015|ten_4|94666307|94669257|+|2950"   
 [858] "_R_N7015|ten_X2|123853129|123856084|+|2955"
 [859] "N7015|ten_3|132316150|132318946|+|2796"    
 [860] "N7015|ten_11|13148996|13151910|+|2914"     
 [861] "_R_N7015|ten_5|106789643|106792619|+|2976" 
 [862] "_R_N7015|ten_11|51761790|51764761|+|2971"  
 [863] "_R_N7015|ten_12|92409303|92412067|+|2764"  
 [864] "N7015|ten_12|123842900|123845643|+|2743"   
 [865] "N7015|ten_7|171852958|171855712|+|2754"    
 [866] "N7015|ten_9|11292970|11295957|+|2987"      
 [867] "N7015|ten_2|51727758|51730670|+|2912"      
 [868] "_R_N7015|ten_5|159593147|159596174|+|3027" 
 [869] "N7015|ten_10|69065781|69068563|+|2782"     
 [870] "N7015|ten_3|62852805|62855701|+|2896"      
 [871] "N7015|dum_2|241502436|241505286|+|2850"    
 [872] "_R_N7015|ten_4|163351914|163354703|+|2789" 
 [873] "_R_N7015|ten_2|121939251|121942027|+|2776" 
 [874] "N7015|ten_6|26407129|26410090|+|2961"      
 [875] "_R_N7015|ten_1|158179487|158182235|+|2748" 
 [876] "_R_N7015|ten_8|55075579|55078598|+|3019"   
 [877] "N7015|ten_1|149637642|149640616|+|2974"    
 [878] "N7015|ten_6|146026557|146029411|+|2854"    
 [879] "_R_N7015|ten_2|94971762|94974717|+|2955"   
 [880] "_R_N7015|ten_2|94975648|94978603|+|2955"   
 [881] "_R_N7015|ten_2|94979534|94982491|+|2957"   
 [882] "_R_N7015|ten_2|94967875|94970831|+|2956"   
 [883] "_R_N7015|ten_2|94983422|94986377|+|2955"   
 [884] "N7015|ten_6|228441824|228444770|+|2946"    
 [885] "N7015|ten_8|157609800|157612748|+|2948"    
 [886] "N7015|ten_2|195985144|195988098|+|2954"    
 [887] "_R_N7015|dum_11|59036525|59039467|+|2942"  
 [888] "_R_N7015|ten_8|2304463|2307249|+|2786"     
 [889] "N7015|ten_1|241901221|241903386|+|2165"    
 [890] "_R_N7015|ten_10|169627300|169630280|+|2980"
 [891] "N7015|ten_2|69659419|69662399|+|2980"      
 [892] "_R_N7015|ten_4|129806938|129809951|+|3013" 
 [893] "_R_N7015|dum_10|53044147|53047123|+|2976"  
 [894] "N7015|dum_9|30108580|30111546|+|2966"      
 [895] "_R_N7015|ten_10|74725132|74728165|+|3033"  
 [896] "_R_N7015|ten_1|241694690|241697442|+|2752" 
 [897] "_R_N7015|ten_7|75971579|75974572|+|2993"   
 [898] "_R_N7015|ten_3|169237028|169239994|+|2966" 
 [899] "N7015|ten_11|111637362|111640328|+|2966"   
 [900] "N7015|dum_11|134067364|134070347|+|2983"   
 [901] "N7015|ten_5|53780060|53783085|+|3025"      
 [902] "N7015|ten_12|47173110|47176091|+|2981"     
 [903] "_R_N7015|ten_4|37913913|37916941|+|3028"   
 [904] "_R_N7015|ten_5|145312565|145315549|+|2984" 
 [905] "N7015|ten_4|110782009|110784793|+|2784"    
 [906] "_R_N7015|ten_6|110929217|110932173|+|2956" 
 [907] "_R_N7015|ten_9|97436828|97439787|+|2959"   
 [908] "_R_N7015|ten_10|65565891|65568650|+|2759"  
 [909] "_R_N7015|ten_2|79890633|79893650|+|3017"   
 [910] "N7015|ten_5|176426909|176429672|+|2763"    
 [911] "_R_N7015|ten_3|116457833|116460817|+|2984" 
 [912] "_R_N7015|dum_8|178357692|178360623|+|2931" 
 [913] "_R_N7015|ten_2|149170052|149173027|+|2975" 
 [914] "_R_N7015|ten_1|230540020|230542986|+|2966" 
 [915] "N7015|ten_10|119281603|119284635|+|3032"   
 [916] "N7015|ten_11|56015005|56017959|+|2954"     
 [917] "_R_N7015|ten_8|63338165|63341203|+|3038"   
 [918] "N7015|ten_4|97663740|97666776|+|3036"      
 [919] "_R_N7015|dum_10|83376154|83379117|+|2963"  
 [920] "N7015|ten_7|132966720|132969524|+|2804"    
 [921] "N7015|ten_10|10043490|10046519|+|3029"     
 [922] "N7015|ten_6|223656769|223659792|+|3023"    
 [923] "N7015|ten_8|104769931|104772940|+|3009"    
 [924] "N7015|ten_1|219493613|219496600|+|2987"    
 [925] "_R_N7015|ten_2|77971029|77973989|+|2960"   
 [926] "N7015|ten_7|151725964|151728988|+|3024"    
 [927] "N7015|ten_6|216889835|216892714|+|2879"    
 [928] "N7015|ten_8|111220281|111223184|+|2903"    
 [929] "N7015|ten_6|127837947|127840936|+|2989"    
 [930] "_R_N7015|ten_X2|71206857|71209824|+|2967"  
 [931] "_R_N7015|ten_7|30538196|30541169|+|2973"   
 [932] "N7015|ten_1|142511093|142513945|+|2852"    
 [933] "N7015|ten_5|196106096|196108992|+|2896"    
 [934] "N7015|ten_2|227434104|227436892|+|2788"    
 [935] "_R_N7015|ten_3|265997661|266000583|+|2922" 
 [936] "N7015|ten_11|11944298|11947218|+|2920"     
 [937] "N7015|ten_2|62129647|62132671|+|3024"      
 [938] "_R_N7015|ten_6|157756097|157759147|+|3050" 
 [939] "N7015|ten_12|93133658|93136563|+|2905"     
 [940] "N7015|ten_7|71691047|71693952|+|2905"      
 [941] "N7015|ten_12|63639592|63642484|+|2892"     
 [942] "_R_N7015|ten_2|216907858|216910796|+|2938" 
 [943] "_R_N7015|ten_4|163377295|163379451|+|2156" 
 [944] "_R_N7015|ten_5|105339659|105342589|+|2930" 
 [945] "N7015|ten_5|174800402|174803294|+|2892"    
 [946] "_R_N7015|ten_8|26331761|26334706|+|2945"   
 [947] "N7015|ten_X1|158080251|158083113|+|2862"   
 [948] "_R_N7015|ten_9|127440534|127443468|+|2934" 
 [949] "_R_N7015|ten_8|100145672|100148667|+|2995" 
 [950] "_R_N7015|ten_8|100228497|100231494|+|2997" 
 [951] "_R_N7015|ten_8|100168806|100171789|+|2983" 
 [952] "_R_N7015|ten_8|100173428|100176413|+|2985" 
 [953] "_R_N7015|ten_8|100150310|100153293|+|2983" 
 [954] "_R_N7015|ten_8|100154938|100157920|+|2982" 
 [955] "_R_N7015|ten_8|100159564|100162546|+|2982" 
 [956] "_R_N7015|ten_8|100164188|100167166|+|2978" 
 [957] "_R_N7015|ten_8|100214727|100217703|+|2976" 
 [958] "_R_N7015|ten_8|100223888|100226864|+|2976" 
 [959] "_R_N7015|ten_8|100205570|100208546|+|2976" 
 [960] "_R_N7015|ten_8|100196422|100199384|+|2962" 
 [961] "_R_N7015|ten_8|100182665|100185635|+|2970" 
 [962] "_R_N7015|ten_8|100178059|100181020|+|2961" 
 [963] "_R_N7015|ten_8|100187276|100190237|+|2961" 
 [964] "_R_N7015|ten_8|100200902|100203937|+|3035" 
 [965] "_R_N7015|ten_8|100219222|100222257|+|3035" 
 [966] "_R_N7015|ten_8|100210056|100213092|+|3036" 
 [967] "_R_N7015|ten_8|100191756|100194781|+|3025" 
 [968] "_R_N7015|ten_4|3197013|3200013|+|3000"     
 [969] "N7015|ten_4|55057236|55060097|+|2861"      
 [970] "N7015|ten_6|5927432|5930297|+|2865"        
 [971] "N7015|ten_7|94278979|94281842|+|2863"      
 [972] "_R_N7015|ten_3|168124875|168127873|+|2998" 
 [973] "_R_N7015|ten_3|65358688|65361655|+|2967"   
 [974] "_R_N7015|ten_2|193444419|193447243|+|2824" 
 [975] "_R_N7015|ten_9|116216411|116219363|+|2952" 
 [976] "_R_N7015|ten_12|116635556|116638573|+|3017"
 [977] "_R_N7015|dum_12|6510103|6513135|+|3032"    
 [978] "_R_N7015|ten_8|15644505|15647316|+|2811"   
 [979] "N7015|ten_8|80715202|80718053|+|2851"      
 [980] "N7015|dum_2|31343908|31346931|+|3023"      
 [981] "_R_N7015|ten_11|36524189|36526975|+|2786"  
 [982] "_R_N7015|ten_3|111227083|111230020|+|2937" 
 [983] "N7015|ten_6|97178614|97181629|+|3015"      
 [984] "N7015|ten_8|43380507|43383366|+|2859"      
 [985] "_R_N7015|ten_5|26907356|26910307|+|2951"   
 [986] "_R_N7015|ten_1|214608892|214611886|+|2994" 
 [987] "_R_N7015|ten_7|98140174|98143102|+|2928"   
 [988] "_R_N7015|ten_5|112739736|112742741|+|3005" 
 [989] "_R_N7015|ten_6|161833244|161836227|+|2983" 
 [990] "N7015|ten_12|47059735|47062594|+|2859"     
 [991] "N7015|ten_4|79531887|79534843|+|2956"      
 [992] "_R_N7015|ten_X1|214614630|214617598|+|2968"
 [993] "N7015|ten_8|10950444|10953374|+|2930"      
 [994] "_R_N7015|ten_11|20425819|20428675|+|2856"  
 [995] "N7015|ten_4|166268069|166270840|+|2771"    
 [996] "N7015|ten_7|56259492|56262396|+|2904"      
 [997] "N7015|ten_4|27867319|27870341|+|3022"      
 [998] "_R_N7015|ten_5|145617275|145620276|+|3001" 
 [999] "_R_N7015|ten_11|5750656|5752950|+|2294"    
[1000] "N7015|ten_9|108708674|108711656|+|2982"    
[1001] "_R_N7015|ten_4|139512847|139515850|+|3003" 
[1002] "_R_N7015|ten_7|187119603|187122645|+|3042" 
[1003] "N7015|ten_6|75630509|75632766|+|2257"      
[1004] "_R_N7015|ten_1|172741815|172744728|+|2913" 
[1005] "_R_N7015|ten_4|164392413|164395381|+|2968" 
[1006] "_R_N7015|ten_7|117098300|117101221|+|2921" 
[1007] "N7015|ten_2|130876254|130879106|+|2852"    
[1008] "_R_N7015|dum_10|71512820|71515413|+|2593"  
[1009] "N7015|dum_9|39818537|39821389|+|2852"      
[1010] "N7015|ten_5|79450714|79453750|+|3036"      
[1011] "N7015|ten_7|39242917|39245953|+|3036"      
[1012] "_R_N7015|ten_6|21520149|21523065|+|2916"   
[1013] "N7015|ten_1|119894137|119897028|+|2891"    
[1014] "_R_N7015|ten_6|165490765|165493718|+|2953" 
[1015] "N7015|ten_2|30956080|30959018|+|2938"      
[1016] "_R_N7015|ten_2|71577393|71580405|+|3012"   
[1017] "N7015|ten_8|191699630|191702566|+|2936"    
[1018] "_R_N7015|ten_9|45684492|45687472|+|2980"   
[1019] "N7015|ten_12|2817392|2819851|+|2459"       
[1020] "N7015|ten_9|36990262|36993197|+|2935"      
[1021] "N7015|ten_6|36886578|36889479|+|2901"      
[1022] "_R_N7015|ten_10|83181649|83184670|+|3021"  
[1023] "_R_N7015|ten_10|123174070|123177048|+|2978"
[1024] "N7015|ten_4|153884910|153887802|+|2892"    
[1025] "N7015|ten_1|177087824|177090694|+|2870"    
[1026] "N7015|ten_4|170225435|170228333|+|2898"    
[1027] "N7015|ten_12|93488706|93491590|+|2884"     
[1028] "_R_N7015|ten_2|70879932|70882746|+|2814"   
[1029] "N7015|ten_12|13790295|13793181|+|2886"     
[1030] "N7015|ten_3|172093370|172096261|+|2891"    
[1031] "N7015|ten_4|67042068|67044895|+|2827"      
[1032] "N7015|ten_2|223684625|223687480|+|2855"    
[1033] "N7015|ten_7|117377505|117380382|+|2877"    
[1034] "_R_N7015|ten_11|6844147|6847123|+|2976"    
[1035] "_R_N7015|ten_X1|209404455|209407480|+|3025"
[1036] "_R_N7015|ten_6|80903904|80906951|+|3047"   
[1037] "_R_N7015|ten_8|47065319|47068283|+|2964"   
[1038] "N7015|ten_10|82047710|82050716|+|3006"     
[1039] "N7015|ten_10|76690495|76693496|+|3001"     
[1040] "_R_N7015|ten_1|126960799|126963760|+|2961" 
[1041] "_R_N7015|ten_6|39154514|39157207|+|2693"   
[1042] "N7015|ten_1|197291830|197294852|+|3022"    
[1043] "_R_N7015|ten_4|129172148|129174943|+|2795" 
[1044] "N7015|ten_11|15176917|15179796|+|2879"     
[1045] "N7015|ten_1|90483324|90486343|+|3019"      
[1046] "_R_N7015|ten_3|163415114|163418134|+|3020" 
[1047] "_R_N7015|ten_1|70562094|70564993|+|2899"   
[1048] "_R_N7015|ten_7|17458012|17460982|+|2970"   
[1049] "_R_N7015|ten_10|172854034|172857026|+|2992"
[1050] "_R_N7015|ten_1|154309405|154312402|+|2997" 
[1051] "N7015|ten_8|66485677|66488667|+|2990"      
[1052] "N7015|ten_7|9826339|9829298|+|2959"        
[1053] "N7015|ten_9|67031062|67033754|+|2692"      
[1054] "N7015|ten_4|137036020|137038820|+|2800"    
[1055] "N7015|ten_12|122050074|122052866|+|2792"   
[1056] "_R_N7015|ten_11|102748403|102751313|+|2910"
[1057] "_R_N7015|ten_1|242561708|242564702|+|2994" 
[1058] "N7015|ten_2|26775921|26778834|+|2913"      
[1059] "_R_N7015|ten_7|107123584|107126385|+|2801" 
[1060] "_R_N7015|ten_X2|206029701|206032712|+|3011"
[1061] "_R_N7015|ten_2|92031829|92034864|+|3035"   
[1062] "_R_N7015|ten_7|17334464|17337167|+|2703"   
[1063] "_R_N7015|ten_9|35760264|35763303|+|3039"   
[1064] "N7015|ten_7|19562462|19565362|+|2900"      
[1065] "N7015|ten_7|34432602|34435560|+|2958"      
[1066] "N7015|ten_11|27460211|27463002|+|2791"     
[1067] "N7015|ten_9|120927807|120930698|+|2891"    
[1068] "N7015|ten_4|152833066|152835833|+|2767"    
[1069] "N7015|ten_3|91022783|91025662|+|2879"      
[1070] "N7015|ten_5|166537547|166540588|+|3041"    
[1071] "N7015|ten_8|35668373|35671254|+|2881"      
[1072] "N7015|ten_9|78349205|78352137|+|2932"      
[1073] "_R_N7015|ten_2|118069940|118072830|+|2890" 
[1074] "_R_N7015|ten_12|1028353|1031299|+|2946"    
[1075] "_R_N7015|ten_7|50072040|50074992|+|2952"   
[1076] "N7015|ten_3|159929103|159931975|+|2872"    
[1077] "_R_N7015|ten_11|45098459|45101378|+|2919"  
[1078] "_R_N7015|ten_3|275873304|275876321|+|3017" 
[1079] "N7015|ten_2|11648184|11651112|+|2928"      
[1080] "N7015|ten_X2|113168044|113170974|+|2930"   
[1081] "_R_N7015|ten_1|85826248|85829188|+|2940"   
[1082] "_R_N7015|ten_3|24774626|24777407|+|2781"   
[1083] "_R_N7015|ten_6|166022845|166025843|+|2998" 
[1084] "N7015|dum_7|206651437|206654191|+|2754"    
[1085] "_R_N7015|ten_10|76622563|76625529|+|2966"  
[1086] "N7015|ten_3|83434903|83437857|+|2954"      
[1087] "N7015|ten_7|55646778|55649756|+|2978"      
[1088] "_R_N7015|ten_4|116805344|116807764|+|2420" 
[1089] "N7015|ten_4|73049190|73051960|+|2770"      
[1090] "N7015|ten_11|3839851|3842815|+|2964"       
[1091] "_R_N7015|dum_9|56970539|56973578|+|3039"   
[1092] "N7015|ten_9|119549591|119552636|+|3045"    
[1093] "_R_N7015|dum_9|30541875|30544885|+|3010"   
[1094] "N7015|ten_8|117524956|117527986|+|3030"    
[1095] "N7015|ten_7|147140470|147142927|+|2457"    
[1096] "_R_N7015|ten_3|185475059|185478016|+|2957" 
[1097] "N7015|ten_4|135558433|135561304|+|2871"    
[1098] "_R_N7015|ten_2|243472817|243475685|+|2868" 
[1099] "N7015|ten_X2|69597692|69600474|+|2782"     
[1100] "_R_N7015|ten_2|204348382|204351346|+|2964" 
[1101] "N7015|ten_10|166376904|166379776|+|2872"   
[1102] "N7015|ten_6|241100364|241103349|+|2985"    
[1103] "N7015|ten_11|105635140|105638110|+|2970"   
[1104] "_R_N7015|ten_12|119715951|119718973|+|3022"
[1105] "N7015|ten_3|89125852|89128499|+|2647"      
[1106] "_R_N7015|dum_X1|86465775|86468675|+|2900"  
[1107] "_R_N7015|ten_X1|69256429|69259396|+|2967"  
[1108] "N7015|dum_10|141029035|141032080|+|3045"   
[1109] "_R_N7015|dum_10|186568109|186571093|+|2984"
[1110] "_R_N7015|ten_10|145856007|145858986|+|2979"
[1111] "_R_N7015|dum_5|2559102|2562058|+|2956"     
[1112] "N7015|dum_7|207131976|207134775|+|2799"    
[1113] "N7015|dum_6|39387804|39390189|+|2385"      
[1114] "N7015|dum_X1|1635825|1638856|+|3031"       
[1115] "N7015|dum_9|188988533|188991535|+|3002"    
[1116] "N7015|dum_2|289603937|289606474|+|2537"    
[1117] "_R_N7015|dum_10|6467454|6469996|+|2542"    
[1118] "_R_N7015|dum_6|4082478|4085011|+|2533"     
[1119] "_R_N7015|ten_7|19415189|19418182|+|2993"   
[1120] "N7015|ten_10|64258032|64261037|+|3005"     
[1121] "N7015|ten_X2|25314971|25317990|+|3019"     
[1122] "N7015|ten_1|103711832|103714684|+|2852"    
[1123] "_R_N7015|ten_3|72578335|72581247|+|2912"   
[1124] "_R_N7015|ten_1|173537920|173540731|+|2811" 
[1125] "_R_N7015|ten_2|232069991|232072893|+|2902" 
[1126] "N7015|ten_10|47702527|47705504|+|2977"     
[1127] "N7015|ten_9|23986808|23989546|+|2738"      
[1128] "N7015|ten_9|77947803|77950832|+|3029"      
[1129] "N7015|ten_3|123927053|123929848|+|2795"    
[1130] "_R_N7015|ten_1|135453615|135456606|+|2991" 
[1131] "N7015|ten_6|8192535|8195417|+|2882"        
[1132] "_R_N7015|ten_1|135438140|135441152|+|3012" 
[1133] "_R_N7015|ten_1|94457940|94460546|+|2606"   
[1134] "N7015|ten_3|202886186|202889010|+|2824"    
[1135] "N7015|ten_6|1820714|1823521|+|2807"        
[1136] "N7015|ten_10|153790874|153793807|+|2933"   
[1137] "_R_N7015|ten_6|111049564|111052562|+|2998" 
[1138] "N7015|ten_X2|91724956|91727755|+|2799"     
[1139] "N7015|dum_2|243603134|243605998|+|2864"    
[1140] "_R_N7015|ten_10|177282348|177285115|+|2767"
[1141] "_R_N7015|ten_2|94868525|94871300|+|2775"   
[1142] "_R_N7015|ten_8|79371823|79374797|+|2974"   
[1143] "N7015|ten_6|55012927|55015918|+|2991"      
[1144] "_R_N7015|ten_4|166528676|166531645|+|2969" 
[1145] "N7015|ten_1|196669739|196672554|+|2815"    
[1146] "_R_N7015|ten_10|177146304|177149289|+|2985"
[1147] "_R_N7015|ten_7|106040967|106043815|+|2848" 
[1148] "_R_N7015|ten_6|81247125|81250181|+|3056"   
[1149] "_R_N7015|ten_2|85962128|85964934|+|2806"   
[1150] "N7015|ten_10|142028979|142031975|+|2996"   
[1151] "_R_N7015|ten_6|158914580|158917522|+|2942" 
[1152] "_R_N7015|ten_12|5622582|5625617|+|3035"    
[1153] "_R_N7015|ten_6|122550185|122553065|+|2880" 
[1154] "N7015|ten_1|110449545|110452344|+|2799"    
[1155] "_R_N7015|ten_2|213284218|213287245|+|3027" 
[1156] "_R_N7015|ten_7|17821159|17824106|+|2947"   
[1157] "N7015|ten_2|54573816|54576510|+|2694"      
[1158] "N7015|dum_3|129225452|129228227|+|2775"    
[1159] "_R_N7015|ten_4|15502595|15505488|+|2893"   
[1160] "_R_N7015|ten_3|267687806|267690783|+|2977" 
[1161] "_R_N7015|ten_6|39003567|39006458|+|2891"   
[1162] "_R_N7015|ten_6|174272928|174275905|+|2977" 
[1163] "_R_N7015|ten_6|134374080|134377095|+|3015" 
[1164] "_R_N7015|ten_11|34601145|34604097|+|2952"  
[1165] "N7015|ten_10|159198181|159201200|+|3019"   
[1166] "_R_N7015|ten_9|32398964|32401979|+|3015"   
[1167] "_R_N7015|ten_1|102255765|102258780|+|3015" 
[1168] "N7015|ten_6|178157517|178160385|+|2868"    
[1169] "_R_N7015|ten_4|223664761|223667827|+|3066" 
[1170] "N7015|ten_X2|73417573|73420466|+|2893"     
[1171] "N7015|ten_3|6053208|6056122|+|2914"        
[1172] "N7015|ten_4|99078037|99080827|+|2790"      
[1173] "N7015|ten_6|154997978|155000759|+|2781"    
[1174] "N7015|ten_7|92790909|92793692|+|2783"      
[1175] "N7015|ten_11|82622777|82625675|+|2898"     
[1176] "N7015|ten_9|102006849|102009753|+|2904"    
[1177] "_R_N7015|ten_4|40285129|40287887|+|2758"   
[1178] "_R_N7015|ten_2|185121052|185124064|+|3012" 
[1179] "N7015|ten_3|167658788|167661615|+|2827"    
[1180] "_R_N7015|ten_7|189083452|189086399|+|2947" 
[1181] "_R_N7015|ten_8|81550995|81553993|+|2998"   
[1182] "_R_N7015|ten_7|69685201|69688060|+|2859"   
[1183] "_R_N7015|ten_7|70479989|70483024|+|3035"   
[1184] "N7015|ten_9|98675459|98678327|+|2868"      
[1185] "_R_N7015|ten_3|243676777|243679549|+|2772" 
[1186] "_R_N7015|ten_7|5213334|5216315|+|2981"     
[1187] "N7015|ten_4|171210795|171213559|+|2764"    
[1188] "N7015|ten_12|21525131|21527907|+|2776"     
[1189] "N7015|ten_4|70881269|70884038|+|2769"      
[1190] "_R_N7015|ten_5|64271102|64273891|+|2789"   
[1191] "N7015|ten_8|32638496|32641383|+|2887"      
[1192] "N7015|ten_9|131617424|131620198|+|2774"    
[1193] "N7015|ten_2|131454351|131457200|+|2849"    
[1194] "N7015|ten_5|36388724|36391593|+|2869"      
[1195] "_R_N7015|ten_X2|128090762|128093660|+|2898"
[1196] "N7015|ten_4|159422256|159425129|+|2873"    
[1197] "_R_N7015|ten_6|150762052|150764983|+|2931" 
[1198] "N7015|ten_4|212144800|212147694|+|2894"    
[1199] "N7015|ten_2|121098256|121101122|+|2866"    
[1200] "N7015|ten_10|46467430|46470280|+|2850"     
[1201] "_R_N7015|ten_1|171605913|171608844|+|2931" 
[1202] "N7015|ten_9|49895627|49898557|+|2930"      
[1203] "N7015|ten_9|17762188|17765118|+|2930"      
[1204] "N7015|ten_8|105005983|105008936|+|2953"    
[1205] "_R_N7015|ten_9|121020841|121023791|+|2950" 
[1206] "N7015|ten_3|17838104|17841047|+|2943"      
[1207] "_R_N7015|ten_1|216207398|216210445|+|3047" 
[1208] "N7015|ten_3|209512391|209515155|+|2764"    
[1209] "N7015|dum_4|170368132|170371055|+|2923"    
[1210] "N7015|ten_5|94662715|94665637|+|2922"      
[1211] "N7015|ten_9|56221489|56224348|+|2859"      
[1212] "_R_N7015|ten_1|108826881|108829905|+|3024" 
[1213] "_R_N7015|ten_10|173528796|173531803|+|3007"
[1214] "_R_N7015|ten_2|10712944|10715247|+|2303"   
[1215] "N7015|ten_8|108092910|108095686|+|2776"    
[1216] "N7015|ten_5|70807318|70810198|+|2880"      
[1217] "N7015|ten_4|53234309|53237221|+|2912"      
[1218] "_R_N7015|ten_7|108285364|108288380|+|3016" 
[1219] "_R_N7015|ten_3|87456629|87459591|+|2962"   
[1220] "N7015|ten_1|174374222|174377227|+|3005"    
[1221] "N7015|ten_4|108674535|108677365|+|2830"    
[1222] "_R_N7015|dum_11|161493875|161496860|+|2985"
[1223] "_R_N7015|ten_11|43357877|43360864|+|2987"  
[1224] "_R_N7015|ten_12|55272886|55275816|+|2930"  
[1225] "_R_N7015|ten_9|71694766|71697751|+|2985"   
[1226] "_R_N7015|ten_9|71701739|71704724|+|2985"   
[1227] "_R_N7015|ten_9|71676524|71679517|+|2993"   
[1228] "_R_N7015|ten_9|71682612|71685603|+|2991"   
[1229] "_R_N7015|ten_9|71688695|71691675|+|2980"   
[1230] "_R_N7015|ten_9|71670449|71673431|+|2982"   
[1231] "N7015|ten_1|138187280|138189812|+|2532"    
[1232] "N7015|ten_12|74135295|74138193|+|2898"     
[1233] "N7015|ten_4|207332243|207335164|+|2921"    
[1234] "N7015|ten_12|76554459|76557367|+|2908"     
[1235] "N7015|ten_8|64977025|64979927|+|2902"      
[1236] "_R_N7015|ten_1|261115928|261118846|+|2918" 
[1237] "_R_N7015|ten_9|29531241|29534207|+|2966"   
[1238] "_R_N7015|ten_2|94791060|94793648|+|2588"   
[1239] "_R_N7015|ten_3|180681993|180684984|+|2991" 
[1240] "_R_N7015|ten_1|255841863|255844853|+|2990" 
[1241] "N7015|ten_12|124023446|124026317|+|2871"   
[1242] "_R_N7015|ten_12|52458771|52461740|+|2969"  
[1243] "N7015|ten_3|164764742|164767610|+|2868"    
[1244] "N7015|ten_2|37337334|37340277|+|2943"      
[1245] "_R_N7015|ten_1|68327332|68330283|+|2951"   
[1246] "N7015|ten_4|33256083|33258936|+|2853"      
[1247] "N7015|ten_10|115402343|115405198|+|2855"   
[1248] "N7015|ten_2|194842653|194845549|+|2896"    
[1249] "_R_N7015|ten_10|153107148|153109792|+|2644"
[1250] "N7015|ten_4|20772648|20775495|+|2847"      
[1251] "N7015|ten_3|37278619|37281469|+|2850"      
[1252] "N7015|ten_2|94525228|94528205|+|2977"      
[1253] "_R_N7015|ten_7|178024643|178027471|+|2828" 
[1254] "_R_N7015|ten_4|27406057|27409041|+|2984"   
[1255] "N7015|ten_1|145908127|145911113|+|2986"    
[1256] "_R_N7015|ten_8|140820613|140822865|+|2252" 
[1257] "_R_N7015|ten_4|170887926|170890855|+|2929" 
[1258] "_R_N7015|ten_5|200824423|200827358|+|2935" 
[1259] "N7015|ten_5|46131122|46134162|+|3040"      
[1260] "_R_N7015|dum_6|63996537|63999491|+|2954"   
[1261] "_R_N7015|ten_6|78092387|78095039|+|2652"   
[1262] "_R_N7015|ten_5|142637860|142640833|+|2973" 
[1263] "_R_N7015|ten_10|4945661|4948671|+|3010"    
[1264] "_R_N7015|ten_8|160028013|160030713|+|2700" 
[1265] "N7015|ten_X1|233008854|233011615|+|2761"   
[1266] "_R_N7015|ten_7|99449813|99452786|+|2973"   
[1267] "N7015|ten_2|101398096|101400973|+|2877"    
[1268] "_R_N7015|ten_X1|101079653|101082646|+|2993"
[1269] "_R_N7015|ten_8|99069512|99072470|+|2958"   
[1270] "N7015|ten_10|131423783|131426666|+|2883"   
[1271] "_R_N7015|ten_3|61878242|61881220|+|2978"   
[1272] "N7015|ten_2|165354993|165357909|+|2916"    
[1273] "_R_N7015|ten_3|9174805|9177814|+|3009"     
[1274] "N7015|ten_6|182171684|182174675|+|2991"    
[1275] "_R_N7015|dum_8|131253063|131256004|+|2941" 
[1276] "N7015|ten_6|203674767|203677318|+|2551"    
[1277] "N7015|dum_9|108609182|108612069|+|2887"    
[1278] "_R_N7015|ten_9|71421494|71424459|+|2965"   
[1279] "_R_N7015|dum_9|123217113|123220126|+|3013" 
[1280] "N7015|dum_4|155629654|155632414|+|2760"    
[1281] "_R_N7015|ten_3|115751825|115754778|+|2953" 
[1282] "N7015|ten_5|109517093|109519950|+|2857"    
[1283] "N7015|ten_3|159132490|159135374|+|2884"    
[1284] "N7015|dum_1|140517741|140520764|+|3023"    
[1285] "N7015|dum_1|152688524|152691555|+|3031"    
[1286] "N7015|dum_6|113338267|113340744|+|2477"    
[1287] "N7015|dum_10|4972582|4975606|+|3024"       
[1288] "_R_N7015|dum_9|177125172|177128196|+|3024" 
[1289] "_R_N7015|dum_4|262473319|262476338|+|3019" 
[1290] "N7015|dum_6|472722|475737|+|3015"          
[1291] "_R_N7015|dum_7|208574512|208577529|+|3017" 
[1292] "_R_N7015|dum_9|190517038|190520053|+|3015" 
[1293] "_R_N7015|ten_1|125526825|125529846|+|3021" 
[1294] "_R_N7015|ten_3|260187711|260190500|+|2789" 
[1295] "_R_N7015|ten_9|82887062|82890015|+|2953"   
[1296] "_R_N7015|ten_11|5322959|5325968|+|3009"    
[1297] "N7015|ten_5|58991014|58993936|+|2922"      
[1298] "N7015|dum_11|41024508|41027434|+|2926"     
[1299] "N7015|dum_6|100633218|100636190|+|2972"    
[1300] "N7015|dum_2|140827250|140830064|+|2814"    
[1301] "N7015|ten_2|142007254|142010169|+|2915"    
[1302] "_R_N7015|dum_12|120278204|120281018|+|2814"
[1303] "N7015|ten_4|139077227|139080189|+|2962"    
[1304] "_R_N7015|dum_1|141638879|141641833|+|2954" 
[1305] "N7015|ten_4|76765871|76768864|+|2993"      
[1306] "N7015|dum_3|37454083|37457129|+|3046"      
[1307] "_R_N7015|ten_3|49771299|49774299|+|3000"   
[1308] "N7015|dum_8|155562208|155565240|+|3032"    
[1309] "N7015|ten_7|9509553|9512536|+|2983"        
[1310] "N7015|dum_11|108503961|108506924|+|2963"   
[1311] "_R_N7015|dum_1|138002366|138004599|+|2233" 
[1312] "_R_N7015|ten_1|142658549|142661454|+|2905" 
[1313] "_R_N7015|ten_1|52786682|52789681|+|2999"   
[1314] "_R_N7015|dum_X2|150116974|150119972|+|2998"
[1315] "N7015|ten_X2|66109962|66112918|+|2956"     
[1316] "N7015|dum_5|152201638|152204332|+|2694"    
[1317] "_R_N7015|ten_7|103672675|103675708|+|3033" 
[1318] "N7015|dum_2|142846036|142848876|+|2840"    
[1319] "N7015|ten_2|143882729|143885668|+|2939"    
[1320] "N7015|dum_2|225452261|225455040|+|2779"    
[1321] "N7015|ten_12|138641550|138643932|+|2382"   
[1322] "_R_N7015|dum_2|143821689|143824556|+|2867" 
[1323] "_R_N7015|dum_5|8492334|8495270|+|2936"     
[1324] "_R_N7015|dum_X2|3954524|3957477|+|2953"    
[1325] "_R_N7015|ten_X2|2839810|2842580|+|2770"    
[1326] "_R_N7015|dum_X2|114590805|114593554|+|2749"
[1327] "N7015|ten_X2|71949047|71951879|+|2832"     
[1328] "_R_N7015|dum_11|146761120|146763720|+|2600"
[1329] "_R_N7015|ten_11|20279013|20281805|+|2792"  
[1330] "N7015|dum_2|145655496|145658294|+|2798"    
[1331] "N7015|dum_3|128402280|128405181|+|2901"    
[1332] "N7015|ten_3|123547874|123550645|+|2771"    
[1333] "_R_N7015|dum_2|129833667|129836702|+|3035" 
[1334] "_R_N7015|dum_8|22289870|22292711|+|2841"   
[1335] "_R_N7015|ten_6|140888564|140891555|+|2991" 
[1336] "N7015|dum_6|127002325|127005179|+|2854"    
[1337] "N7015|ten_6|140994303|140996531|+|2228"    
[1338] "N7015|dum_6|123971239|123973438|+|2199"    
[1339] "N7015|dum_2|131351756|131354639|+|2883"    
[1340] "N7015|ten_2|123771138|123774139|+|3001"    
[1341] "N7015|dum_X1|7561021|7563821|+|2800"       
[1342] "N7015|dum_12|111244925|111247449|+|2524"   
[1343] "N7015|ten_12|118912869|118915840|+|2971"   
[1344] "N7015|dum_4|162763176|162765623|+|2447"    
[1345] "N7015|ten_4|67078567|67080896|+|2329"      
[1346] "N7015|dum_1|197210153|197213035|+|2882"    
[1347] "_R_N7015|dum_9|104219612|104222639|+|3027" 
[1348] "_R_N7015|ten_7|97833378|97835892|+|2514"   
[1349] "N7015|dum_1|136810690|136813672|+|2982"    
[1350] "_R_N7015|ten_1|141381383|141383697|+|2314" 
[1351] "_R_N7015|dum_6|89133206|89136158|+|2952"   
[1352] "N7015|dum_2|181945038|181947820|+|2782"    
[1353] "N7015|ten_2|184193508|184196469|+|2961"    
[1354] "N7015|dum_3|98201864|98204131|+|2267"      
[1355] "N7015|ten_1|129864701|129867600|+|2899"    
[1356] "_R_N7015|dum_6|190312935|190315936|+|3001" 
[1357] "_R_N7015|ten_6|200121208|200124217|+|3009" 
[1358] "_R_N7015|dum_X1|221616772|221619796|+|3024"
[1359] "_R_N7015|ten_X1|198151470|198154489|+|3019"
[1360] "_R_N7015|ten_5|62231042|62233987|+|2945"   
[1361] "N7015|ten_5|64121105|64124054|+|2949"      
[1362] "_R_N7015|dum_5|176660369|176663310|+|2941" 
[1363] "_R_N7015|dum_2|61130487|61133258|+|2771"   
[1364] "_R_N7015|dum_1|141132995|141135196|+|2201" 
[1365] "_R_N7015|ten_3|81065996|81068979|+|2983"   
[1366] "N7015|dum_6|199045325|199047479|+|2154"    
[1367] "N7015|ten_6|208963662|208965883|+|2221"    
[1368] "_R_N7015|ten_1|168518308|168521328|+|3020" 
[1369] "N7015|ten_8|53868334|53870703|+|2369"      
[1370] "N7015|ten_4|106225450|106228385|+|2935"    
[1371] "N7015|dum_11|56523920|56526870|+|2950"     
[1372] "_R_N7015|ten_7|141741846|141744639|+|2793" 
[1373] "N7015|dum_7|62592549|62595497|+|2948"      
[1374] "N7015|dum_10|127058569|127061355|+|2786"   
[1375] "N7015|dum_5|117680062|117682838|+|2776"    
[1376] "_R_N7015|dum_7|77186539|77189553|+|3014"   
[1377] "_R_N7015|dum_8|35361632|35364433|+|2801"   
[1378] "N7015|ten_8|35523170|35526206|+|3036"      
[1379] "N7015|ten_1|116309881|116312658|+|2777"    
[1380] "_R_N7015|dum_1|213649330|213651531|+|2201" 
[1381] "_R_N7015|ten_1|210340666|210343613|+|2947" 
[1382] "N7015|dum_2|228140134|228142561|+|2427"    
[1383] "_R_N7015|dum_X1|141345597|141348389|+|2792"
[1384] "_R_N7015|dum_4|142964869|142967713|+|2844" 
[1385] "N7015|ten_4|90837688|90840714|+|3026"      
[1386] "_R_N7015|ten_6|165735837|165738815|+|2978" 
[1387] "_R_N7015|dum_2|39059368|39062152|+|2784"   
[1388] "_R_N7015|dum_4|230295937|230298523|+|2586" 
[1389] "N7015|ten_2|33495846|33498828|+|2982"      
[1390] "_R_N7015|dum_1|206352144|206354843|+|2699" 
[1391] "_R_N7015|dum_2|290244786|290247455|+|2669" 
[1392] "_R_N7015|dum_9|189731367|189734036|+|2669" 
[1393] "_R_N7015|dum_7|207841487|207844163|+|2676" 
[1394] "_R_N7015|dum_9|187352516|187355188|+|2672" 
[1395] "N7015|dum_10|5625331|5627997|+|2666"       
[1396] "N7015|dum_6|3227670|3230337|+|2667"        
[1397] "N7015|dum_6|1201023|1203689|+|2666"        
[1398] "_R_N7015|dum_5|5911653|5914314|+|2661"     
[1399] "_R_N7015|dum_5|233470858|233473842|+|2984" 
[1400] "N7015|ten_5|4714573|4717568|+|2995"        
[1401] "N7015|ten_10|103124821|103127765|+|2944"   
[1402] "_R_N7015|dum_9|121695595|121697901|+|2306" 
[1403] "N7015|ten_9|58656507|58659281|+|2774"      
[1404] "_R_N7015|dum_X2|2665126|2667900|+|2774"    
[1405] "N7015|ten_3|143492947|143495603|+|2656"    
[1406] "_R_N7015|ten_3|82134657|82137652|+|2995"   
[1407] "N7015|dum_11|13496908|13499896|+|2988"     
[1408] "N7015|dum_7|206730710|206733469|+|2759"    
[1409] "_R_N7015|dum_8|154487001|154490038|+|3037" 
[1410] "N7015|dum_2|235111484|235114245|+|2761"    
[1411] "N7015|dum_5|163446334|163448837|+|2503"    
[1412] "_R_N7015|ten_5|76024545|76027506|+|2961"   
[1413] "_R_N7015|dum_7|198027379|198029798|+|2419" 
[1414] "_R_N7015|ten_8|40178324|40181216|+|2892"   
[1415] "_R_N7015|dum_6|44141262|44144223|+|2961"   
[1416] "_R_N7015|ten_6|52748887|52751873|+|2986"   
[1417] "N7015|ten_8|36824584|36827555|+|2971"      
[1418] "N7015|ten_3|188613361|188616237|+|2876"    
[1419] "_R_N7015|dum_1|160101023|160103439|+|2416" 
[1420] "_R_N7015|ten_1|153144918|153147372|+|2454" 
[1421] "N7015|dum_4|160413347|160415562|+|2215"    
[1422] "N7015|ten_4|64689049|64691400|+|2351"      
[1423] "N7015|dum_4|130151592|130154554|+|2962"    
[1424] "_R_N7015|ten_4|103063453|103066126|+|2673" 
[1425] "N7015|dum_8|27573618|27576577|+|2959"      
[1426] "N7015|ten_8|24825174|24828111|+|2937"      
[1427] "N7015|dum_1|104071761|104074774|+|3013"    
[1428] "_R_N7015|ten_1|98068696|98071694|+|2998"   
[1429] "_R_N7015|dum_3|150793137|150795788|+|2651" 
[1430] "_R_N7015|ten_3|144900035|144902542|+|2507" 
[1431] "_R_N7015|dum_1|185267172|185269966|+|2794" 
[1432] "N7015|dum_4|92102716|92105686|+|2970"      
[1433] "N7015|dum_12|28543657|28546312|+|2655"     
[1434] "N7015|ten_12|31340171|31342801|+|2630"     
[1435] "_R_N7015|ten_1|203200651|203203592|+|2941" 
[1436] "N7015|ten_7|135889688|135892368|+|2680"    
[1437] "N7015|dum_2|54178405|54181380|+|2975"      
[1438] "_R_N7015|ten_10|88732413|88735395|+|2982"  
[1439] "N7015|dum_4|131037398|131040292|+|2894"    
[1440] "_R_N7015|ten_4|102181943|102184901|+|2958" 
[1441] "N7015|dum_2|106302254|106305178|+|2924"    
[1442] "N7015|dum_5|129493674|129496376|+|2702"    
[1443] "_R_N7015|ten_5|104719741|104722734|+|2993" 
[1444] "_R_N7015|dum_X1|112748269|112751039|+|2770"
[1445] "_R_N7015|ten_X1|95649507|95652493|+|2986"  
[1446] "_R_N7015|ten_4|93198431|93200729|+|2298"   
[1447] "_R_N7015|dum_1|86242740|86245763|+|3023"   
[1448] "N7015|dum_8|110935317|110938158|+|2841"    
[1449] "_R_N7015|dum_6|177242438|177245394|+|2956" 
[1450] "N7015|dum_2|58381482|58384245|+|2763"      
[1451] "N7015|ten_2|62198781|62201554|+|2773"      
[1452] "_R_N7015|dum_4|130741687|130744604|+|2917" 
[1453] "N7015|ten_4|102555656|102558410|+|2754"    
[1454] "_R_N7015|dum_1|108647425|108650189|+|2764" 
[1455] "N7015|dum_6|74268648|74271129|+|2481"      
[1456] "_R_N7015|dum_7|76379470|76382474|+|3004"   
[1457] "N7015|ten_7|124712664|124715640|+|2976"    
[1458] "_R_N7015|dum_1|223688305|223691035|+|2730" 
[1459] "_R_N7015|ten_1|220835465|220838195|+|2730" 
[1460] "_R_N7015|ten_10|119854640|119857639|+|2999"
[1461] "_R_N7015|dum_3|239018531|239020910|+|2379" 
[1462] "_R_N7015|ten_3|241038888|241041306|+|2418" 
[1463] "N7015|dum_6|157702133|157704816|+|2683"    
[1464] "N7015|dum_3|246078332|246081368|+|3036"    
[1465] "N7015|ten_3|247394026|247397062|+|3036"    
[1466] "N7015|ten_1|277936796|277939555|+|2759"    
[1467] "N7015|dum_9|104876352|104879274|+|2922"    
[1468] "_R_N7015|ten_12|121095491|121098414|+|2923"
[1469] "N7015|dum_2|141111239|141113889|+|2650"    
[1470] "N7015|ten_2|142318746|142321671|+|2925"    
[1471] "_R_N7015|dum_1|197415566|197418533|+|2967" 
[1472] "N7015|dum_1|115778873|115781731|+|2858"    
[1473] "_R_N7015|ten_X1|130163056|130165775|+|2719"
[1474] "N7015|dum_2|132471727|132474729|+|3002"    
[1475] "_R_N7015|ten_2|135810768|135813710|+|2942" 
[1476] "N7015|mim_13|57042055|57044417|+|2362"     
[1477] "_R_N7015|mim_3|125164503|125166735|+|2232" 
[1478] "_R_N7015|mim_7|134328326|134330521|+|2195" 
[1479] "N7015|mim_9|112743066|112745569|+|2503"    
[1480] "N7015|mim_7|187771129|187773516|+|2387"    
[1481] "N7015|mim_8|14905848|14908086|+|2238"      
[1482] "_R_N7015|mim_10|101266132|101268649|+|2517"
[1483] "N7015|mim_6|30960592|30963370|+|2778"      
[1484] "_R_N7015|mim_9|95703227|95705873|+|2646"   
[1485] "_R_N7015|mim_1|84849859|84852545|+|2686"   
[1486] "_R_N7015|mim_3|100065886|100068569|+|2683" 
[1487] "N7015|bic_10|102354658|102357615|+|2957"   
[1488] "N7015|mim_7|141159411|141162005|+|2594"    
[1489] "N7015|mim_9|110966503|110969146|+|2643"    
[1490] "_R_N7015|mim_12|6219300|6221564|+|2264"    
[1491] "N7015|mim_8|97713726|97716374|+|2648"      
[1492] "N7015|mim_5|111949689|111952299|+|2610"    
[1493] "N7015|mim_10|84377493|84380343|+|2850"     
[1494] "_R_N7015|mim_13|86866939|86869687|+|2748"  
[1495] "_R_N7015|mim_2|107012802|107015362|+|2560" 
[1496] "_R_N7015|mim_12|56692972|56695487|+|2515"  
[1497] "_R_N7015|mim_10|124580686|124583368|+|2682"
[1498] "_R_N7015|mim_13|66636204|66638434|+|2230"  
[1499] "N7015|mim_7|84741508|84744262|+|2754"      
[1500] "N7015|mim_8|76315246|76318046|+|2800"      
[1501] "_R_N7015|mim_1|64412128|64414947|+|2819"   
[1502] "N7015|mim_10|86659568|86662314|+|2746"     
[1503] "N7015|mim_X1|99245596|99248371|+|2775"     
[1504] "N7015|mim_14|13828950|13831671|+|2721"     
[1505] "N7015|mim_4|53526922|53529739|+|2817"      
[1506] "_R_N7015|mim_14|183543627|183546037|+|2410"
[1507] "_R_N7015|mim_10|169059509|169062050|+|2541"
[1508] "_R_N7015|mim_14|131098316|131100952|+|2636"
[1509] "N7015|mim_10|143695180|143697950|+|2770"   
[1510] "N7015|mim_X2|199253380|199256180|+|2800"   
[1511] "_R_N7015|mim_13|118523461|118526232|+|2771"
[1512] "N7015|mim_6|88605482|88608108|+|2626"      
[1513] "_R_N7015|mim_12|67863401|67866184|+|2783"  
[1514] "_R_N7015|mim_14|76360480|76363064|+|2584"  
[1515] "_R_N7015|mim_6|153736|156519|+|2783"       
[1516] "_R_N7015|mim_6|85553794|85556571|+|2777"   
[1517] "N7015|mim_7|155012307|155015070|+|2763"    
[1518] "N7015|mim_11|102915435|102918027|+|2592"   
[1519] "_R_N7015|mim_8|59955072|59957562|+|2490"   
[1520] "N7015|mim_7|175546539|175549174|+|2635"    
[1521] "N7015|mim_1|58515270|58518118|+|2848"      
[1522] "N7015|mim_10|168005969|168008564|+|2595"   
[1523] "_R_N7015|mim_12|24783544|24786013|+|2469"  
[1524] "N7015|mim_8|111221792|111224229|+|2437"    
[1525] "_R_N7015|mim_X1|100917067|100919364|+|2297"
[1526] "N7015|dum_12|48043103|48045391|+|2288"     
[1527] "N7015|ten_12|53018232|53020539|+|2307"     
[1528] "_R_N7015|dum_X2|168348107|168350792|+|2685"
[1529] "_R_N7015|ten_X2|46906853|46909646|+|2793"  
[1530] "N7015|dum_7|159199756|159202788|+|3032"    
[1531] "_R_N7015|ten_7|5406977|5410005|+|3028"     
[1532] "N7015|mim_10|105371586|105373759|+|2173"   
[1533] "N7015|mim_6|34760979|34763221|+|2242"      
[1534] "_R_N7015|dum_X2|56348381|56351083|+|2702"  
[1535] "N7015|ten_X2|163494425|163497114|+|2689"   
[1536] "_R_N7015|bic_3|42799098|42801437|+|2339"   
[1537] "_R_N7015|sar_3|108164051|108166957|+|2906" 
[1538] "N7015|sar_7|50902994|50905791|+|2797"      
[1539] "N7015|bic_14|7602356|7605064|+|2708"       
[1540] "N7015|sar_14|92991631|92994274|+|2643"     
[1541] "N7015|sar_12|35530372|35533149|+|2777"     
[1542] "N7015|bic_3|77335607|77337886|+|2279"      
[1543] "N7015|sar_3|42725223|42727514|+|2291"      
[1544] "_R_N7015|bic_8|86405718|86408734|+|3016"   
[1545] "N7015|sar_8|143412105|143415087|+|2982"    
[1546] "N7015|mim_7|151999686|152002051|+|2365"    
[1547] "N7015|bic_14|16227724|16229985|+|2261"     
[1548] "_R_N7015|dum_12|48110175|48112902|+|2727"  
[1549] "N7015|bic_10|49299134|49301538|+|2404"     
[1550] "_R_N7015|sar_10|154651318|154653753|+|2435"
[1551] "N7015|ten_7|104686233|104689195|+|2962"    
[1552] "N7015|dum_5|98675129|98678076|+|2947"      
[1553] "_R_N7015|ten_5|133019098|133021898|+|2800" 
[1554] "_R_N7015|dum_2|252362437|252364756|+|2319" 
[1555] "_R_N7015|dum_4|83372102|83374564|+|2462"   
[1556] "N7015|ten_4|148341528|148344048|+|2520"    
[1557] "N7015|ten_8|127376687|127379454|+|2767"    
[1558] "_R_N7015|dum_9|105407373|105409710|+|2337" 
[1559] "_R_N7015|ten_9|73370821|73373203|+|2382"   
[1560] "_R_N7015|mim_7|155591454|155593704|+|2250" 
[1561] "N7015|dum_2|10322936|10325572|+|2636"      
[1562] "N7015|ten_2|14678655|14681160|+|2505"      
[1563] "N7015|sar_9|163552982|163555786|+|2804"    
[1564] "N7015|bic_1|132986466|132988936|+|2470"    
[1565] "N7015|sar_1|147055845|147058292|+|2447"    
[1566] "N7015|sar_2|174756485|174759226|+|2741"    
[1567] "N7015|dum_2|163457866|163460865|+|2999"    
[1568] "_R_N7015|bic_9|82682124|82684364|+|2240"   
[1569] "_R_N7015|bic_8|83105806|83108739|+|2933"   
[1570] "N7015|sar_8|147407178|147410121|+|2943"    
[1571] "N7015|sar_1|148258331|148261041|+|2710"    
[1572] "_R_N7015|bic_7|5303777|5306731|+|2954"     
[1573] "_R_N7015|sar_7|5922751|5925659|+|2908"     
[1574] "_R_N7015|bic_X2|41539005|41541731|+|2726"  
[1575] "_R_N7015|sar_X2|56861147|56863773|+|2626"  
[1576] "N7015|sar_1|130766622|130769140|+|2518"    
[1577] "N7015|bic_1|116375682|116378163|+|2481"    
