jobinfo 30048946
getting scaled timeline
  [1] "N7291|dum_3|53240584|53241958|+|1374"      
  [2] "_R_N7291|ten_3|34469379|34470769|+|1390"   
  [3] "_R_N7291|dum_4|41499126|41500480|+|1354"   
  [4] "N7291|dum_7|73389193|73390553|+|1360"      
  [5] "_R_N7291|dum_4|243353770|243355126|+|1356" 
  [6] "N7291|ten_4|229671588|229672941|+|1353"    
  [7] "N7291|dum_3|106448691|106450079|+|1388"    
  [8] "N7291|dum_2|266001667|266003001|+|1334"    
  [9] "_R_N7291|ten_2|264614904|264616243|+|1339" 
 [10] "N7291|dum_1|255715519|255716857|+|1338"    
 [11] "_R_N7291|ten_5|179691404|179692735|+|1331" 
 [12] "N7291|dum_9|183378201|183379525|+|1324"    
 [13] "N7291|ten_8|580844|582173|+|1329"          
 [14] "N7291|dum_8|2654649|2655878|+|1229"        
 [15] "_R_N7291|dum_1|268691517|268692896|+|1379" 
 [16] "_R_N7291|ten_1|262964650|262965995|+|1345" 
 [17] "N7291|dum_7|104293467|104294795|+|1328"    
 [18] "_R_N7291|dum_7|105457462|105458530|+|1068" 
 [19] "_R_N7291|dum_5|76214806|76216145|+|1339"   
 [20] "_R_N7291|dum_5|76272748|76274089|+|1341"   
 [21] "N7291|ten_1|137655706|137657049|+|1343"    
 [22] "_R_N7291|dum_4|106126677|106128026|+|1349" 
 [23] "_R_N7291|ten_8|119407516|119408866|+|1350" 
 [24] "N7291|dum_8|171625398|171626775|+|1377"    
 [25] "_R_N7291|dum_4|214859208|214860569|+|1361" 
 [26] "_R_N7291|dum_5|59763814|59765174|+|1360"   
 [27] "_R_N7291|dum_10|38105208|38106583|+|1375"  
 [28] "N7291|dum_1|143749914|143751295|+|1381"    
 [29] "N7291|dum_4|185253458|185254843|+|1385"    
 [30] "N7291|dum_X2|108254700|108256055|+|1355"   
 [31] "_R_N7291|dum_8|166635799|166637163|+|1364" 
 [32] "N7291|dum_X1|142298574|142299907|+|1333"   
 [33] "N7291|ten_X1|127261136|127262471|+|1335"   
 [34] "_R_N7291|dum_5|157260787|157262137|+|1350" 
 [35] "_R_N7291|ten_1|143454126|143455512|+|1386" 
 [36] "_R_N7291|dum_1|138781903|138783286|+|1383" 
 [37] "N7291|dum_3|160556197|160557511|+|1314"    
 [38] "N7291|ten_3|153540716|153541996|+|1280"    
 [39] "N7291|dum_2|265816806|265818047|+|1241"    
 [40] "_R_N7291|ten_2|264798170|264799404|+|1234" 
 [41] "N7291|ten_8|6013183|6014537|+|1354"        
 [42] "_R_N7291|dum_5|160989475|160990838|+|1363" 
 [43] "N7291|ten_5|78716654|78718016|+|1362"      
 [44] "_R_N7291|dum_2|280490818|280492164|+|1346" 
 [45] "N7291|dum_6|94298641|94299990|+|1349"      
 [46] "N7291|ten_1|135876281|135877482|+|1201"    
 [47] "N7291|dum_3|23900793|23902155|+|1362"      
 [48] "_R_N7291|dum_4|233434764|233436121|+|1357" 
 [49] "N7291|dum_4|161814762|161816121|+|1359"    
 [50] "N7291|ten_4|66078843|66080207|+|1364"      
 [51] "_R_N7291|dum_1|118136488|118137867|+|1379" 
 [52] "_R_N7291|ten_7|189310356|189311717|+|1361" 
 [53] "N7291|dum_1|133630321|133631679|+|1358"    
 [54] "_R_N7291|dum_9|70276685|70278039|+|1354"   
 [55] "_R_N7291|dum_2|88264651|88266015|+|1364"   
 [56] "N7291|ten_4|230042468|230043792|+|1324"    
 [57] "N7291|ten_9|75874176|75875225|+|1049"      
 [58] "N7291|dum_11|155651344|155652705|+|1361"   
 [59] "_R_N7291|ten_11|37415361|37416729|+|1368"  
 [60] "_R_N7291|dum_12|19951445|19952590|+|1145"  
 [61] "N7291|ten_12|19102459|19103783|+|1324"     
 [62] "_R_N7291|dum_4|240933885|240935258|+|1373" 
 [63] "_R_N7291|dum_2|270197688|270198856|+|1168" 
 [64] "_R_N7291|ten_10|16347383|16348733|+|1350"  
 [65] "_R_N7291|ten_X2|45349509|45350834|+|1325"  
 [66] "_R_N7291|ten_7|147614342|147615699|+|1357" 
 [67] "N7291|dum_4|118959633|118960970|+|1337"    
 [68] "N7291|ten_1|160589364|160590729|+|1365"    
 [69] "_R_N7291|dum_1|13238795|13240152|+|1357"   
 [70] "N7291|ten_11|107519856|107521156|+|1300"   
 [71] "_R_N7291|dum_9|112062668|112064039|+|1371" 
 [72] "N7291|ten_9|68290282|68291636|+|1354"      
 [73] "_R_N7291|ten_8|165227950|165229316|+|1366" 
 [74] "N7291|dum_11|151089784|151091151|+|1367"   
 [75] "_R_N7291|dum_10|133665167|133666511|+|1344"
 [76] "_R_N7291|ten_10|163730216|163731568|+|1352"
 [77] "_R_N7291|dum_2|284724779|284726124|+|1345" 
 [78] "N7291|ten_11|55171426|55172751|+|1325"     
 [79] "N7291|ten_7|87361904|87363258|+|1354"      
 [80] "N7291|dum_7|96158909|96160261|+|1352"      
 [81] "N7291|dum_9|97672406|97673755|+|1349"      
 [82] "N7291|dum_4|59935784|59937138|+|1354"      
 [83] "_R_N7291|ten_4|170524285|170525632|+|1347" 
 [84] "N7291|ten_6|226496358|226497722|+|1364"    
 [85] "N7291|dum_9|171334231|171335576|+|1345"    
 [86] "N7291|ten_9|8951211|8952574|+|1363"        
 [87] "N7291|dum_7|136806203|136807315|+|1112"    
 [88] "N7291|ten_1|162171904|162173130|+|1226"    
 [89] "N7291|ten_8|136619300|136620689|+|1389"    
 [90] "N7291|ten_7|108289465|108290829|+|1364"    
 [91] "N7291|ten_7|10691624|10693000|+|1376"      
 [92] "N7291|ten_10|125820105|125821511|+|1406"   
 [93] "_R_N7291|dum_7|190104444|190105818|+|1374" 
 [94] "N7291|dum_10|19955348|19956705|+|1357"     
 [95] "_R_N7291|ten_3|128526665|128528020|+|1355" 
 [96] "N7291|dum_3|188900539|188901940|+|1401"    
 [97] "_R_N7291|ten_12|76709567|76710907|+|1340"  
 [98] "_R_N7291|ten_11|93015862|93017221|+|1359"  
 [99] "_R_N7291|ten_11|93236343|93237700|+|1357"  
[100] "N7291|ten_11|94587697|94589057|+|1360"     
[101] "_R_N7291|ten_11|92696161|92697521|+|1360"  
[102] "N7291|ten_11|94360070|94361429|+|1359"     
[103] "_R_N7291|ten_11|93473934|93475282|+|1348"  
[104] "N7291|ten_10|10846526|10847885|+|1359"     
[105] "N7291|ten_8|35997367|35998741|+|1374"      
[106] "N7291|ten_8|36005889|36007030|+|1141"      
[107] "N7291|dum_12|38646104|38647474|+|1370"     
[108] "N7291|ten_4|112055520|112056900|+|1380"    
[109] "_R_N7291|dum_4|140354177|140355496|+|1319" 
[110] "_R_N7291|dum_5|154746761|154748122|+|1361" 
[111] "N7291|dum_5|45759257|45760620|+|1363"      
[112] "_R_N7291|ten_7|63265972|63267342|+|1370"   
[113] "_R_N7291|ten_4|158118613|158119978|+|1365" 
[114] "N7291|ten_4|223260193|223261550|+|1357"    
[115] "N7291|dum_4|73059363|73060701|+|1338"      
[116] "_R_N7291|dum_2|228663460|228664832|+|1372" 
[117] "_R_N7291|ten_7|96310862|96312223|+|1361"   
[118] "N7291|dum_1|17640051|17641267|+|1216"      
[119] "N7291|ten_1|16667751|16668967|+|1216"      
[120] "_R_N7291|ten_4|25131429|25132795|+|1366"   
[121] "N7291|ten_7|159022068|159023410|+|1342"    
[122] "_R_N7291|dum_5|25126478|25127658|+|1180"   
[123] "_R_N7291|ten_2|249692377|249693735|+|1358" 
[124] "N7291|dum_4|30481338|30482702|+|1364"      
[125] "_R_N7291|ten_5|209997174|209998535|+|1361" 
[126] "N7291|dum_10|109622724|109623980|+|1256"   
[127] "N7291|ten_4|18908789|18910137|+|1348"      
[128] "N7291|dum_5|27453918|27455238|+|1320"      
[129] "_R_N7291|ten_5|198466476|198467805|+|1329" 
[130] "_R_N7291|dum_6|217492271|217493603|+|1332" 
[131] "N7291|dum_1|79915489|79916678|+|1189"      
[132] "_R_N7291|ten_8|17915667|17917031|+|1364"   
[133] "N7291|dum_1|257430993|257432329|+|1336"    
[134] "_R_N7291|ten_4|168137328|168138633|+|1305" 
[135] "_R_N7291|dum_5|147265090|147266376|+|1286" 
[136] "_R_N7291|dum_6|38164230|38165528|+|1298"   
[137] "_R_N7291|ten_6|37606392|37607690|+|1298"   
[138] "_R_N7291|ten_7|6283488|6284628|+|1140"     
[139] "_R_N7291|dum_7|194099570|194100939|+|1369" 
[140] "N7291|dum_12|59048038|59049383|+|1345"     
[141] "_R_N7291|dum_5|236418543|236419886|+|1343" 
[142] "N7291|ten_5|1773497|1774849|+|1352"        
[143] "N7291|dum_9|172490481|172491811|+|1330"    
[144] "_R_N7291|dum_5|45303815|45304989|+|1174"   
[145] "_R_N7291|dum_2|94087167|94088505|+|1338"   
[146] "N7291|dum_12|120883150|120884386|+|1236"   
[147] "N7291|ten_3|16437984|16439347|+|1363"      
[148] "N7291|dum_7|156545791|156547164|+|1373"    
[149] "_R_N7291|dum_4|19506384|19507745|+|1361"   
[150] "N7291|ten_4|211588058|211589416|+|1358"    
[151] "N7291|dum_3|9948592|9949936|+|1344"        
[152] "N7291|ten_3|5530453|5531825|+|1372"        
[153] "_R_N7291|dum_11|76445164|76446497|+|1333"  
[154] "_R_N7291|dum_2|257746462|257747792|+|1330" 
[155] "_R_N7291|dum_2|243274019|243275363|+|1344" 
[156] "N7291|ten_2|156579407|156580588|+|1181"    
[157] "N7291|dum_11|8601149|8602375|+|1226"       
[158] "_R_N7291|dum_2|195801761|195803002|+|1241" 
[159] "_R_N7291|dum_3|218049893|218051135|+|1242" 
[160] "_R_N7291|ten_1|185875318|185876513|+|1195" 
[161] "_R_N7291|dum_1|173052372|173053651|+|1279" 
[162] "_R_N7291|ten_1|166644050|166645326|+|1276" 
[163] "_R_N7291|ten_4|229100783|229101876|+|1093" 
[164] "N7291|ten_8|42816826|42818153|+|1327"      
[165] "_R_N7291|ten_9|52469200|52470558|+|1358"   
[166] "N7291|dum_7|201264016|201265107|+|1091"    
[167] "N7291|dum_4|227345374|227346736|+|1362"    
[168] "_R_N7291|ten_4|13392589|13393961|+|1372"   
[169] "N7291|ten_X2|31373540|31374910|+|1370"     
[170] "_R_N7291|dum_7|89498442|89499777|+|1335"   
[171] "_R_N7291|ten_3|265953659|265954988|+|1329" 
[172] "_R_N7291|dum_6|36976762|36978108|+|1346"   
[173] "_R_N7291|ten_6|36360220|36361568|+|1348"   
[174] "_R_N7291|dum_2|268938093|268939424|+|1331" 
[175] "N7291|dum_5|142647562|142648912|+|1350"    
[176] "_R_N7291|ten_5|93798587|93799938|+|1351"   
[177] "_R_N7291|ten_1|274971315|274972673|+|1358" 
[178] "_R_N7291|ten_10|21506313|21507667|+|1354"  
[179] "N7291|ten_8|133791933|133793278|+|1345"    
[180] "_R_N7291|dum_12|36440710|36442063|+|1353"  
[181] "N7291|ten_7|112809243|112810592|+|1349"    
[182] "N7291|ten_7|112175024|112176370|+|1346"    
[183] "_R_N7291|dum_11|147428358|147429713|+|1355"
[184] "_R_N7291|dum_7|4040272|4041622|+|1350"     
[185] "_R_N7291|dum_1|200913872|200915228|+|1356" 
[186] "N7291|dum_8|92190599|92191941|+|1342"      
[187] "N7291|ten_8|85481925|85483269|+|1344"      
[188] "N7291|ten_6|103640614|103641950|+|1336"    
[189] "_R_N7291|dum_10|83552221|83553554|+|1333"  
[190] "_R_N7291|dum_7|85332905|85334240|+|1335"   
[191] "N7291|ten_3|203329201|203330543|+|1342"    
[192] "N7291|dum_4|251224759|251225860|+|1101"    
[193] "_R_N7291|ten_4|221163639|221164987|+|1348" 
[194] "_R_N7291|ten_11|5409404|5410745|+|1341"    
[195] "N7291|ten_11|120085290|120086588|+|1298"   
[196] "N7291|ten_11|5890740|5892083|+|1343"       
[197] "N7291|ten_2|160617826|160619126|+|1300"    
[198] "_R_N7291|ten_9|168957756|168959034|+|1278" 
[199] "N7291|ten_5|212565981|212567195|+|1214"    
[200] "N7291|ten_11|6144192|6145346|+|1154"       
[201] "_R_N7291|ten_X2|48200439|48201781|+|1342"  
[202] "N7291|ten_5|212789373|212790715|+|1342"    
[203] "N7291|ten_11|6325233|6326574|+|1341"       
[204] "_R_N7291|ten_11|7367554|7368895|+|1341"    
[205] "_R_N7291|ten_11|5710187|5711529|+|1342"    
[206] "_R_N7291|ten_11|5207183|5208524|+|1341"    
[207] "_R_N7291|ten_11|5253211|5254552|+|1341"    
[208] "_R_N7291|ten_11|100872013|100873355|+|1342"
[209] "_R_N7291|ten_11|100989121|100990463|+|1342"
[210] "_R_N7291|ten_11|102126921|102128258|+|1337"
[211] "_R_N7291|ten_11|102227785|102229123|+|1338"
[212] "_R_N7291|ten_11|102278029|102279367|+|1338"
[213] "_R_N7291|ten_11|100918615|100919956|+|1341"
[214] "_R_N7291|ten_11|102179498|102180840|+|1342"
[215] "_R_N7291|ten_11|102377741|102379083|+|1342"
[216] "_R_N7291|ten_11|102484431|102485773|+|1342"
[217] "_R_N7291|ten_11|102330453|102331795|+|1342"
[218] "N7291|ten_11|5493731|5495072|+|1341"       
[219] "N7291|ten_11|6191124|6192465|+|1341"       
[220] "N7291|ten_11|6238788|6240129|+|1341"       
[221] "N7291|ten_11|6282056|6283398|+|1342"       
[222] "_R_N7291|ten_11|7410736|7412078|+|1342"    
[223] "N7291|ten_11|120213759|120215095|+|1336"   
[224] "N7291|ten_5|212694486|212695822|+|1336"    
[225] "N7291|ten_5|212742901|212744237|+|1336"    
[226] "N7291|ten_11|5989841|5991182|+|1341"       
[227] "N7291|ten_11|6048849|6050190|+|1341"       
[228] "N7291|ten_2|160520671|160522012|+|1341"    
[229] "N7291|ten_12|2091530|2092869|+|1339"       
[230] "_R_N7291|ten_11|5670069|5671400|+|1331"    
[231] "N7291|ten_11|119929948|119931291|+|1343"   
[232] "N7291|ten_11|119894394|119895736|+|1342"   
[233] "N7291|ten_11|119979888|119981230|+|1342"   
[234] "N7291|ten_11|119857974|119859314|+|1340"   
[235] "N7291|ten_11|120182683|120184025|+|1342"   
[236] "N7291|ten_5|212642724|212644066|+|1342"    
[237] "N7291|ten_12|2137500|2138842|+|1342"       
[238] "N7291|ten_12|2187856|2189198|+|1342"       
[239] "N7291|ten_11|120134605|120135947|+|1342"   
[240] "_R_N7291|ten_11|5630460|5631803|+|1343"    
[241] "_R_N7291|ten_X2|48152029|48153370|+|1341"  
[242] "_R_N7291|ten_11|5355475|5356578|+|1103"    
[243] "N7291|dum_10|80116048|80117382|+|1334"     
[244] "N7291|dum_4|99278094|99279469|+|1375"      
[245] "N7291|dum_1|161814590|161815940|+|1350"    
[246] "N7291|ten_7|61977197|61978550|+|1353"      
[247] "N7291|ten_1|154855260|154856594|+|1334"    
[248] "_R_N7291|ten_X2|70386918|70388259|+|1341"  
[249] "N7291|dum_2|191652516|191653853|+|1337"    
[250] "N7291|ten_2|193460142|193461497|+|1355"    
[251] "_R_N7291|dum_3|145542830|145544116|+|1286" 
[252] "_R_N7291|ten_2|179561258|179562462|+|1204" 
[253] "_R_N7291|ten_11|2517350|2518652|+|1302"    
[254] "N7291|ten_6|219630104|219631430|+|1326"    
[255] "_R_N7291|dum_10|77710438|77711799|+|1361"  
[256] "N7291|ten_10|24381337|24382541|+|1204"     
[257] "N7291|ten_5|129305713|129306755|+|1042"    
[258] "_R_N7291|dum_9|150007180|150008365|+|1185" 
[259] "N7291|ten_9|30062103|30063280|+|1177"      
[260] "N7291|dum_1|197057126|197058341|+|1215"    
[261] "N7291|ten_1|192825780|192827120|+|1340"    
[262] "N7291|dum_8|78765853|78767180|+|1327"      
[263] "N7291|dum_11|139475455|139476828|+|1373"   
[264] "_R_N7291|ten_11|28320710|28322050|+|1340"  
[265] "_R_N7291|ten_11|28434065|28435420|+|1355"  
[266] "N7291|ten_3|207178790|207179841|+|1051"    
[267] "_R_N7291|dum_8|108291060|108292076|+|1016" 
[268] "_R_N7291|dum_2|248807090|248808132|+|1042" 
[269] "N7291|ten_3|101808817|101810165|+|1348"    
[270] "N7291|dum_10|17023892|17025243|+|1351"     
[271] "N7291|ten_10|7763602|7764955|+|1353"       
[272] "_R_N7291|ten_4|109258017|109259058|+|1041" 
[273] "_R_N7291|dum_5|165101164|165102495|+|1331" 
[274] "N7291|dum_4|10940817|10942184|+|1367"      
[275] "_R_N7291|ten_4|6977963|6979329|+|1366"     
[276] "N7291|ten_6|39033251|39034305|+|1054"      
[277] "_R_N7291|dum_11|39220878|39222096|+|1218"  
[278] "_R_N7291|dum_11|70276961|70278185|+|1224"  
[279] "N7291|ten_3|94378873|94380072|+|1199"      
[280] "N7291|dum_8|151468199|151469228|+|1029"    
[281] "_R_N7291|ten_1|216275618|216276990|+|1372" 
[282] "N7291|ten_3|235223449|235224799|+|1350"    
[283] "_R_N7291|ten_1|126751882|126753240|+|1358" 
[284] "_R_N7291|ten_1|145175814|145177129|+|1315" 
[285] "_R_N7291|dum_7|174084614|174085929|+|1315" 
[286] "N7291|ten_7|31927663|31928978|+|1315"      
[287] "N7291|dum_6|14240329|14241648|+|1319"      
[288] "N7291|ten_6|11572178|11573494|+|1316"      
[289] "N7291|dum_6|14166802|14168130|+|1328"      
[290] "N7291|ten_6|11496128|11497487|+|1359"      
[291] "_R_N7291|dum_2|255834515|255835863|+|1348" 
[292] "_R_N7291|dum_3|110496537|110497824|+|1287" 
[293] "N7291|ten_1|145249636|145250967|+|1331"    
[294] "N7291|dum_1|174957432|174958686|+|1254"    
[295] "_R_N7291|dum_4|37833744|37834782|+|1038"   
[296] "N7291|dum_6|26566151|26567496|+|1345"      
[297] "_R_N7291|ten_4|5302830|5304182|+|1352"     
[298] "N7291|ten_1|64277635|64278940|+|1305"      
[299] "_R_N7291|dum_7|69460334|69461669|+|1335"   
[300] "N7291|ten_11|95391158|95392501|+|1343"     
[301] "N7291|ten_12|44711335|44712485|+|1150"     
[302] "N7291|dum_12|40717704|40719040|+|1336"     
[303] "_R_N7291|ten_5|154482244|154483591|+|1347" 
[304] "_R_N7291|dum_2|250711215|250712612|+|1397" 
[305] "N7291|dum_10|72381538|72382910|+|1372"     
[306] "_R_N7291|dum_3|212101210|212102566|+|1356" 
[307] "_R_N7291|ten_3|204598968|204600333|+|1365" 
[308] "_R_N7291|ten_8|182851948|182853307|+|1359" 
[309] "N7291|dum_2|89401528|89402873|+|1345"      
[310] "N7291|ten_2|94300439|94301776|+|1337"      
[311] "_R_N7291|dum_11|139563189|139564581|+|1392"
[312] "N7291|ten_11|3818121|3819480|+|1359"       
[313] "N7291|ten_10|33824940|33826301|+|1361"     
[314] "N7291|ten_5|82217830|82219172|+|1342"      
[315] "_R_N7291|dum_5|30273118|30274472|+|1354"   
[316] "N7291|ten_5|195662469|195663822|+|1353"    
[317] "_R_N7291|dum_1|20929685|20931034|+|1349"   
[318] "N7291|ten_5|46091703|46093082|+|1379"      
[319] "_R_N7291|dum_2|126931733|126933112|+|1379" 
[320] "N7291|ten_7|154432076|154433417|+|1341"    
[321] "N7291|dum_8|160232921|160234302|+|1381"    
[322] "N7291|ten_8|148836132|148837504|+|1372"    
[323] "N7291|dum_9|82802182|82803576|+|1394"      
[324] "_R_N7291|dum_5|225946365|225947714|+|1349" 
[325] "N7291|ten_5|12310930|12312273|+|1343"      
[326] "_R_N7291|ten_11|96252767|96254124|+|1357"  
[327] "_R_N7291|ten_2|81065029|81066386|+|1357"   
[328] "N7291|dum_5|30333535|30334900|+|1365"      
[329] "_R_N7291|ten_5|195595103|195596463|+|1360" 
[330] "N7291|dum_3|6324857|6326171|+|1314"        
[331] "N7291|ten_3|2179610|2180936|+|1326"        
[332] "_R_N7291|ten_1|215033619|215034668|+|1049" 
[333] "_R_N7291|dum_1|191638332|191639655|+|1323" 
[334] "_R_N7291|ten_1|188437495|188438787|+|1292" 
[335] "N7291|ten_X1|212798724|212800058|+|1334"   
[336] "N7291|dum_7|189720957|189722331|+|1374"    
[337] "_R_N7291|ten_10|69276755|69278109|+|1354"  
[338] "_R_N7291|ten_9|9544922|9546288|+|1366"     
[339] "_R_N7291|ten_11|5749289|5750655|+|1366"    
[340] "N7291|ten_12|76751488|76752837|+|1349"     
[341] "N7291|ten_5|182921772|182923145|+|1373"    
[342] "N7291|ten_6|165119784|165121154|+|1370"    
[343] "N7291|ten_5|194375770|194377148|+|1378"    
[344] "_R_N7291|ten_11|5598774|5600145|+|1371"    
[345] "_R_N7291|ten_12|121783179|121784530|+|1351"
[346] "N7291|ten_2|268240586|268241926|+|1340"    
[347] "_R_N7291|ten_6|232765992|232767204|+|1212" 
[348] "_R_N7291|dum_6|222864974|222866305|+|1331" 
[349] "N7291|dum_11|116218771|116220121|+|1350"   
[350] "N7291|dum_2|260465425|260466628|+|1203"    
[351] "_R_N7291|ten_2|234162978|234164327|+|1349" 
[352] "N7291|dum_4|127682344|127683705|+|1361"    
[353] "N7291|dum_7|143330416|143331771|+|1355"    
[354] "N7291|ten_2|251661519|251662875|+|1356"    
[355] "N7291|ten_4|131569987|131571332|+|1345"    
[356] "N7291|ten_11|90977051|90978268|+|1217"     
[357] "N7291|dum_1|130369459|130370809|+|1350"    
[358] "N7291|dum_1|218126047|218127390|+|1343"    
[359] "N7291|ten_1|214843449|214844794|+|1345"    
[360] "N7291|ten_8|41821137|41822489|+|1352"      
[361] "N7291|dum_4|211996261|211997599|+|1338"    
[362] "_R_N7291|ten_4|28548388|28549770|+|1382"   
[363] "_R_N7291|dum_2|77123838|77125196|+|1358"   
[364] "N7291|dum_7|185911302|185912647|+|1345"    
[365] "N7291|ten_5|192379157|192380508|+|1351"    
[366] "N7291|dum_12|19769287|19770633|+|1346"     
[367] "_R_N7291|ten_10|32778228|32779580|+|1352"  
[368] "N7291|dum_7|52955774|52957130|+|1356"      
[369] "N7291|dum_9|184393139|184394517|+|1378"    
[370] "_R_N7291|dum_7|187574092|187575453|+|1361" 
[371] "N7291|dum_4|77801696|77803051|+|1355"      
[372] "_R_N7291|ten_4|153598105|153599457|+|1352" 
[373] "N7291|ten_8|147277692|147279066|+|1374"    
[374] "N7291|dum_7|105458532|105459890|+|1358"    
[375] "_R_N7291|dum_X2|118416725|118418078|+|1353"
[376] "N7291|ten_4|37153219|37154574|+|1355"      
[377] "N7291|dum_6|61348654|61350034|+|1380"      
[378] "N7291|dum_4|62230678|62232051|+|1373"      
[379] "_R_N7291|ten_6|173222949|173224159|+|1210" 
[380] "_R_N7291|dum_9|43517017|43518377|+|1360"   
[381] "_R_N7291|ten_12|13459839|13461195|+|1356"  
[382] "N7291|ten_8|36261855|36263242|+|1387"      
[383] "N7291|dum_1|151687564|151688895|+|1331"    
[384] "_R_N7291|dum_4|252324458|252325846|+|1388" 
[385] "N7291|dum_7|196066670|196067961|+|1291"    
[386] "N7291|dum_5|227676686|227678030|+|1344"    
[387] "N7291|dum_2|163284489|163285589|+|1100"    
[388] "_R_N7291|dum_11|26014079|26015117|+|1038"  
[389] "N7291|ten_6|101136919|101138249|+|1330"    
[390] "_R_N7291|dum_7|170629373|170630717|+|1344" 
[391] "N7291|ten_2|204637381|204638729|+|1348"    
[392] "_R_N7291|dum_5|23881291|23882639|+|1348"   
[393] "_R_N7291|ten_5|208893957|208895299|+|1342" 
[394] "N7291|dum_4|178606941|178608304|+|1363"    
[395] "_R_N7291|ten_10|35267232|35268552|+|1320"  
[396] "_R_N7291|dum_8|137374945|137376271|+|1326" 
[397] "_R_N7291|dum_5|36045202|36046560|+|1358"   
[398] "N7291|ten_5|189661634|189662991|+|1357"    
[399] "N7291|ten_10|17768745|17770068|+|1323"     
[400] "N7291|dum_10|71588578|71589942|+|1364"     
[401] "_R_N7291|ten_10|30805339|30806558|+|1219"  
[402] "N7291|dum_3|148380264|148381615|+|1351"    
[403] "N7291|ten_3|142138430|142139788|+|1358"    
[404] "N7291|ten_11|84352168|84353525|+|1357"     
[405] "_R_N7291|ten_7|159115459|159116813|+|1354" 
[406] "N7291|dum_7|37694024|37695385|+|1361"      
[407] "N7291|ten_2|230969752|230971130|+|1378"    
[408] "N7291|dum_3|7842794|7844155|+|1361"        
[409] "_R_N7291|ten_3|3718935|3720299|+|1364"     
[410] "_R_N7291|dum_1|217677114|217678486|+|1372" 
[411] "N7291|dum_4|240808300|240809541|+|1241"    
[412] "_R_N7291|dum_3|121620452|121621734|+|1282" 
[413] "N7291|dum_10|10829508|10830871|+|1363"     
[414] "N7291|ten_10|1700598|1701930|+|1332"       
[415] "N7291|ten_12|22049037|22050125|+|1088"     
[416] "_R_N7291|ten_1|286978677|286979798|+|1121" 
[417] "N7291|dum_9|4842397|4843779|+|1382"        
[418] "_R_N7291|dum_1|218827063|218828404|+|1341" 
[419] "_R_N7291|ten_10|19312361|19313543|+|1182"  
[420] "_R_N7291|dum_1|6182237|6183590|+|1353"     
[421] "_R_N7291|dum_6|7866440|7867799|+|1359"     
[422] "_R_N7291|ten_6|4757390|4758739|+|1349"     
[423] "N7291|dum_8|184412640|184413824|+|1184"    
[424] "_R_N7291|dum_10|34570403|34571771|+|1368"  
[425] "N7291|dum_1|112538433|112539643|+|1210"    
[426] "_R_N7291|dum_4|57314204|57315576|+|1372"   
[427] "N7291|dum_2|272184859|272186237|+|1378"    
[428] "_R_N7291|ten_3|17559178|17560551|+|1373"   
[429] "N7291|dum_11|49861263|49862590|+|1327"     
[430] "_R_N7291|ten_11|106592295|106593648|+|1353"
[431] "_R_N7291|dum_8|44022378|44023723|+|1345"   
[432] "_R_N7291|dum_1|149602251|149603569|+|1318" 
[433] "N7291|ten_10|126526412|126527727|+|1315"   
[434] "N7291|dum_6|106130335|106131444|+|1109"    
[435] "N7291|ten_12|12961914|12963293|+|1379"     
[436] "N7291|ten_8|190661770|190663141|+|1371"    
[437] "_R_N7291|ten_4|149076659|149078029|+|1370" 
[438] "N7291|ten_9|131168581|131169957|+|1376"    
[439] "_R_N7291|ten_2|242574300|242575609|+|1309" 
[440] "_R_N7291|ten_1|14314171|14315514|+|1343"   
[441] "_R_N7291|dum_4|118466715|118467917|+|1202" 
[442] "N7291|ten_5|121961204|121962556|+|1352"    
[443] "_R_N7291|dum_3|6974445|6975776|+|1331"     
[444] "_R_N7291|ten_3|2788495|2789844|+|1349"     
[445] "_R_N7291|ten_2|10771516|10772885|+|1369"   
[446] "_R_N7291|ten_3|273108804|273109962|+|1158" 
[447] "_R_N7291|ten_11|2359343|2360382|+|1039"    
[448] "N7291|dum_4|190618511|190619690|+|1179"    
[449] "N7291|ten_6|26652989|26654305|+|1316"      
[450] "N7291|ten_8|105535950|105537297|+|1347"    
[451] "_R_N7291|dum_3|17518546|17519892|+|1346"   
[452] "N7291|dum_3|17534223|17535568|+|1345"      
[453] "N7291|ten_3|12956494|12957839|+|1345"      
[454] "N7291|ten_X1|208868227|208869589|+|1362"   
[455] "_R_N7291|dum_6|18404927|18406052|+|1125"   
[456] "_R_N7291|dum_10|78498658|78499862|+|1204"  
[457] "N7291|ten_10|23528155|23529356|+|1201"     
[458] "_R_N7291|ten_4|12929939|12931293|+|1354"   
[459] "_R_N7291|dum_9|158759523|158760871|+|1348" 
[460] "N7291|ten_9|21071779|21073128|+|1349"      
[461] "_R_N7291|dum_4|231306684|231308052|+|1368" 
[462] "_R_N7291|ten_7|46409773|46410899|+|1126"   
[463] "N7291|dum_6|196246532|196247882|+|1350"    
[464] "N7291|ten_11|100494481|100495856|+|1375"   
[465] "N7291|dum_12|20891874|20893267|+|1393"     
[466] "N7291|ten_12|23548678|23550075|+|1397"     
[467] "N7291|ten_X2|158091867|158093223|+|1356"   
[468] "_R_N7291|dum_6|150411595|150412780|+|1185" 
[469] "N7291|dum_8|17188147|17189502|+|1355"      
[470] "N7291|dum_8|32027578|32028716|+|1138"      
[471] "N7291|dum_8|167190077|167191436|+|1359"    
[472] "_R_N7291|ten_11|35801015|35802401|+|1386"  
[473] "_R_N7291|dum_6|46958070|46959256|+|1186"   
[474] "_R_N7291|ten_7|85212406|85213762|+|1356"   
[475] "_R_N7291|ten_6|164372283|164373483|+|1200" 
[476] "_R_N7291|dum_1|205627796|205628981|+|1185" 
[477] "_R_N7291|ten_1|201626674|201627729|+|1055" 
[478] "_R_N7291|dum_3|14815439|14816794|+|1355"   
[479] "N7291|dum_9|149907034|149908387|+|1353"    
[480] "_R_N7291|ten_8|70144147|70145494|+|1347"   
[481] "N7291|dum_4|243888453|243889723|+|1270"    
[482] "N7291|dum_3|149325565|149326914|+|1349"    
[483] "N7291|ten_3|143215695|143217046|+|1351"    
[484] "_R_N7291|dum_10|161476282|161477636|+|1354"
[485] "N7291|ten_10|125040872|125042231|+|1359"   
[486] "N7291|dum_1|5109706|5111069|+|1363"        
