jobinfo 30048724
getting scaled timeline
 [1] "N4681|dum_5|93520827|93545000|+|24173"     
 [2] "_R_N4681|ten_12|102824865|102826535|+|1670"
 [3] "_R_N4681|dum_9|44855595|44857259|+|1664"   
 [4] "N4681|ten_9|131273017|131274447|+|1430"    
 [5] "N4681|dum_6|145093513|145094932|+|1419"    
 [6] "_R_N4681|ten_1|132940748|132942164|+|1416" 
 [7] "N4681|dum_2|258164265|258165686|+|1421"    
 [8] "_R_N4681|ten_2|236453078|236454779|+|1701" 
 [9] "_R_N4681|ten_6|164115713|164117349|+|1636" 
[10] "N4681|dum_9|46179808|46181515|+|1707"      
[11] "_R_N4681|ten_9|130019404|130021116|+|1712" 
[12] "_R_N4681|dum_2|57726260|57727873|+|1613"   
[13] "_R_N4681|dum_5|147350953|147352402|+|1449" 
[14] "_R_N4681|ten_8|47946977|47948394|+|1417"   
[15] "_R_N4681|dum_7|187639105|187640756|+|1651" 
[16] "N4681|ten_7|18714813|18716467|+|1654"      
[17] "_R_N4681|dum_6|59911018|59912665|+|1647"   
[18] "_R_N4681|ten_5|137942351|137944494|+|2143" 
[19] "N4681|dum_5|93507411|93509445|+|2034"      
[20] "N4681|dum_5|93509513|93511428|+|1915"      
[21] "N4681|dum_5|93503481|93507344|+|3863"      
[22] "N4681|dum_12|2058149|2059560|+|1411"       
[23] "N4681|ten_12|3621434|3622843|+|1409"       
[24] "N4681|ten_4|88855256|88856896|+|1640"      
[25] "_R_N4681|ten_10|127964064|127965429|+|1365"
[26] "_R_N4681|dum_8|110002438|110004052|+|1614" 
[27] "_R_N4681|dum_6|225771767|225773427|+|1660" 
[28] "N4681|dum_5|93511440|93520815|+|9375"      
[29] "_R_N4681|dum_2|43205257|43206653|+|1396"   
[30] "_R_N4681|ten_2|174851627|174853039|+|1412" 
[31] "N4681|dum_10|69633557|69635250|+|1693"     
[32] "N4681|dum_5|93455498|93503414|+|47916"     
[33] "_R_N4681|dum_5|197449054|197450730|+|1676" 
[34] "_R_N4681|dum_10|150128895|150130336|+|1441"
[35] "N4681|dum_2|4133426|4134882|+|1456"        
[36] "N4681|ten_2|5996396|5998116|+|1720"        
[37] "N4681|ten_8|155204168|155205807|+|1639"    
[38] "N4681|ten_3|124348519|124349923|+|1404"    
[39] "_R_N4681|ten_1|256827489|256829111|+|1622" 
[40] "_R_N4681|ten_10|79676374|79678011|+|1637"  
[41] "N4681|dum_10|22463162|22464828|+|1666"     
