jobinfo 30048931
getting scaled timeline
  [1] "_R_N7147|ten_X2|69258342|69260653|+|2311"  
  [2] "_R_N7147|ten_9|142196731|142199042|+|2311" 
  [3] "N7147|ten_6|191479723|191482034|+|2311"    
  [4] "N7147|ten_6|191446463|191448774|+|2311"    
  [5] "_R_N7147|ten_6|57173019|57175330|+|2311"   
  [6] "_R_N7147|ten_6|57167463|57169774|+|2311"   
  [7] "_R_N7147|ten_6|57158675|57160986|+|2311"   
  [8] "_R_N7147|ten_3|120611204|120613515|+|2311" 
  [9] "N7147|ten_11|120292200|120294511|+|2311"   
 [10] "N7147|ten_6|57968378|57970689|+|2311"      
 [11] "_R_N7147|ten_6|57182743|57185054|+|2311"   
 [12] "_R_N7147|ten_6|57365589|57367900|+|2311"   
 [13] "_R_N7147|ten_6|57164657|57166967|+|2310"   
 [14] "_R_N7147|ten_6|57175824|57178134|+|2310"   
 [15] "_R_N7147|ten_6|57327700|57330011|+|2311"   
 [16] "_R_N7147|ten_6|57274889|57277200|+|2311"   
 [17] "N7147|ten_X2|78166755|78169066|+|2311"     
 [18] "_R_N7147|ten_X2|44889303|44891614|+|2311"  
 [19] "N7147|ten_6|191443656|191445967|+|2311"    
 [20] "N7147|ten_1|138753881|138756193|+|2312"    
 [21] "N7147|ten_6|191470164|191472477|+|2313"    
 [22] "N7147|ten_10|3635484|3637564|+|2080"       
 [23] "_R_N7147|ten_9|149533260|149535572|+|2312" 
 [24] "N7147|ten_X2|55169085|55171162|+|2077"     
 [25] "N7147|ten_X2|55177691|55180001|+|2310"     
 [26] "N7147|ten_X2|55183465|55185775|+|2310"     
 [27] "_R_N7147|ten_10|104639490|104641801|+|2311"
 [28] "_R_N7147|ten_2|75571189|75573502|+|2313"   
 [29] "N7147|ten_10|45537965|45540274|+|2309"     
 [30] "N7147|ten_10|45554224|45556533|+|2309"     
 [31] "N7147|ten_10|45583756|45586066|+|2310"     
 [32] "_R_N7147|ten_4|143701851|143704024|+|2173" 
 [33] "_R_N7147|ten_2|129889|132200|+|2311"       
 [34] "_R_N7147|ten_10|104615591|104617903|+|2312"
 [35] "N7147|ten_5|61912205|61914367|+|2162"      
 [36] "_R_N7147|ten_2|264635372|264637668|+|2296" 
 [37] "_R_N7147|ten_4|194856994|194859306|+|2312" 
 [38] "_R_N7147|ten_6|57351766|57354078|+|2312"   
 [39] "N7147|ten_X2|73150680|73152992|+|2312"     
 [40] "_R_N7147|ten_6|57261027|57263339|+|2312"   
 [41] "N7147|ten_6|57965569|57967881|+|2312"      
 [42] "N7147|ten_6|191530786|191533078|+|2292"    
 [43] "N7147|ten_10|3638079|3640391|+|2312"       
 [44] "_R_N7147|ten_6|242304100|242306412|+|2312" 
 [45] "_R_N7147|ten_5|130343958|130346269|+|2311" 
 [46] "_R_N7147|ten_10|87329351|87331661|+|2310"  
 [47] "_R_N7147|ten_9|142181530|142183839|+|2309" 
 [48] "_R_N7147|ten_9|142211180|142213489|+|2309" 
 [49] "_R_N7147|ten_10|116910234|116912541|+|2307"
 [50] "N7147|ten_10|3588319|3590577|+|2258"       
 [51] "N7147|ten_10|3591109|3593365|+|2256"       
 [52] "_R_N7147|ten_4|143659061|143661369|+|2308" 
 [53] "_R_N7147|ten_9|149524738|149527069|+|2331" 
 [54] "N7147|ten_X1|831135|833628|+|2493"         
 [55] "N7147|ten_10|3593899|3595935|+|2036"       
 [56] "N7147|ten_10|3606791|3608827|+|2036"       
 [57] "_R_N7147|ten_3|13242247|13244574|+|2327"   
 [58] "_R_N7147|ten_2|155371465|155373794|+|2329" 
 [59] "_R_N7147|ten_7|7236585|7238911|+|2326"     
 [60] "_R_N7147|ten_6|57185550|57187880|+|2330"   
 [61] "_R_N7147|ten_X2|69255513|69257846|+|2333"  
 [62] "_R_N7147|ten_5|130278849|130281107|+|2258" 
 [63] "_R_N7147|ten_5|130325226|130327484|+|2258" 
 [64] "_R_N7147|ten_5|130266172|130268432|+|2260" 
 [65] "_R_N7147|ten_5|130330417|130332677|+|2260" 
 [66] "_R_N7147|ten_9|149530461|149532757|+|2296" 
 [67] "_R_N7147|ten_3|13203696|13205991|+|2295"   
 [68] "N7147|ten_3|37429198|37431411|+|2213"      
 [69] "_R_N7147|ten_5|130347079|130349234|+|2155" 
 [70] "_R_N7147|ten_5|130375581|130377736|+|2155" 
 [71] "N7147|ten_2|148169577|148171638|+|2061"    
 [72] "N7147|ten_6|191449270|191451568|+|2298"    
 [73] "N7147|ten_6|57957624|57959524|+|1900"      
 [74] "N7147|ten_11|46827711|46830188|+|2477"     
 [75] "N7147|ten_11|46883287|46885764|+|2477"     
 [76] "N7147|ten_11|120303348|120305693|+|2345"   
 [77] "N7147|ten_X2|73060685|73063021|+|2336"     
 [78] "_R_N7147|ten_4|6397803|6400139|+|2336"     
 [79] "N7147|ten_5|61921923|61924262|+|2339"      
 [80] "_R_N7147|ten_9|142213985|142216324|+|2339" 
 [81] "N7147|ten_X2|78175108|78177447|+|2339"     
 [82] "_R_N7147|ten_4|194775422|194777761|+|2339" 
 [83] "N7147|ten_11|120289214|120291705|+|2491"   
 [84] "N7147|ten_1|291604726|291606796|+|2070"    
 [85] "_R_N7147|ten_2|84672|87007|+|2335"         
 [86] "_R_N7147|ten_3|120634734|120637070|+|2336" 
 [87] "_R_N7147|ten_10|87294649|87296983|+|2334"  
 [88] "_R_N7147|ten_10|87307049|87309383|+|2334"  
 [89] "N7147|ten_10|45509074|45511408|+|2334"     
 [90] "N7147|ten_10|45513313|45515646|+|2333"     
 [91] "N7147|ten_6|191506448|191508775|+|2327"    
 [92] "N7147|ten_1|138773088|138775416|+|2328"    
 [93] "_R_N7147|ten_X1|35637419|35639744|+|2325"  
 [94] "_R_N7147|ten_10|87372471|87374813|+|2342"  
 [95] "_R_N7147|ten_9|142187822|142190161|+|2339" 
 [96] "N7147|ten_10|109510543|109512884|+|2341"   
 [97] "N7147|ten_X1|828408|830746|+|2338"         
 [98] "_R_N7147|ten_4|194723740|194726081|+|2341" 
 [99] "_R_N7147|ten_3|120584851|120587049|+|2198" 
[100] "_R_N7147|ten_X1|35686021|35688361|+|2340"  
[101] "N7147|ten_11|46846809|46848744|+|1935"     
[102] "_R_N7147|ten_6|57333812|57336021|+|2209"   
[103] "_R_N7147|ten_7|7239871|7242073|+|2202"     
[104] "_R_N7147|ten_9|142230678|142232883|+|2205" 
[105] "N7147|ten_11|120286152|120288419|+|2267"   
[106] "N7147|ten_X2|78123495|78125745|+|2250"     
[107] "_R_N7147|ten_2|155354781|155357038|+|2257" 
[108] "N7147|ten_10|45578034|45580297|+|2263"     
[109] "_R_N7147|ten_1|4121442|4123652|+|2210"     
[110] "_R_N7147|ten_4|143503477|143505686|+|2209" 
[111] "_R_N7147|ten_1|291937065|291939270|+|2205" 
[112] "_R_N7147|ten_1|291924341|291926547|+|2206" 
[113] "_R_N7147|ten_3|148923116|148925323|+|2207" 
[114] "_R_N7147|ten_10|87366744|87368951|+|2207"  
[115] "N7147|ten_11|120276833|120279094|+|2261"   
[116] "_R_N7147|ten_4|143707976|143710182|+|2206" 
[117] "N7147|ten_1|138729724|138731992|+|2268"    
[118] "N7147|ten_X1|731264|733101|+|1837"         
[119] "N7147|ten_10|45533599|45535821|+|2222"     
[120] "N7147|ten_X1|782353|784317|+|1964"         
[121] "_R_N7147|ten_5|130273309|130275478|+|2169" 
[122] "_R_N7147|ten_5|130302147|130304316|+|2169" 
[123] "_R_N7147|ten_4|143664352|143666489|+|2137" 
[124] "_R_N7147|ten_3|120626224|120628588|+|2364" 
[125] "_R_N7147|ten_6|242310085|242312435|+|2350" 
[126] "_R_N7147|ten_2|79479725|79481988|+|2263"   
[127] "_R_N7147|ten_2|79490323|79492606|+|2283"   
[128] "_R_N7147|ten_5|130275979|130278336|+|2357" 
[129] "N7147|ten_5|62058494|62060848|+|2354"      
[130] "N7147|ten_5|62040990|62043355|+|2365"      
[131] "_R_N7147|ten_1|121785350|121787547|+|2197" 
[132] "N7147|ten_11|120254177|120256418|+|2241"   
[133] "_R_N7147|ten_X1|35683773|35685525|+|1752"  
[134] "_R_N7147|ten_X1|35692750|35694508|+|1758"  
[135] "_R_N7147|ten_X1|35612468|35614227|+|1759"  
[136] "N7147|ten_11|120267698|120270053|+|2355"   
[137] "_R_N7147|ten_3|120602001|120603969|+|1968" 
[138] "_R_N7147|ten_10|79980416|79982910|+|2494"  
[139] "_R_N7147|ten_4|194796469|194798960|+|2491" 
[140] "N7147|ten_5|61887829|61890321|+|2492"      
[141] "N7147|ten_5|61992154|61994646|+|2492"      
[142] "_R_N7147|ten_5|130284096|130286588|+|2492" 
[143] "N7147|ten_X2|78201132|78202926|+|1794"     
[144] "_R_N7147|ten_2|75595931|75598422|+|2491"   
[145] "_R_N7147|ten_4|143673887|143676377|+|2490" 
[146] "N7147|ten_2|148172027|148174524|+|2497"    
[147] "N7147|ten_6|57960050|57962549|+|2499"      
[148] "_R_N7147|ten_4|143679833|143682328|+|2495" 
[149] "N7147|ten_X1|701102|702886|+|1784"         
[150] "N7147|ten_10|104412331|104414644|+|2313"   
[151] "N7147|ten_10|104417997|104420310|+|2313"   
[152] "_R_N7147|ten_5|130341317|130343633|+|2316" 
[153] "N7147|ten_6|191509099|191511407|+|2308"    
[154] "N7147|ten_X2|78118376|78120104|+|1728"     
[155] "N7147|ten_2|148151051|148152805|+|1754"    
[156] "_R_N7147|ten_2|108652|110454|+|1802"       
[157] "N7147|ten_10|109536609|109539103|+|2494"   
[158] "N7147|ten_2|141725363|141727854|+|2491"    
[159] "_R_N7147|ten_3|120604825|120607313|+|2488" 
[160] "N7147|ten_X2|78203362|78205850|+|2488"     
[161] "_R_N7147|ten_3|120620608|120623096|+|2488" 
[162] "N7147|ten_7|135121309|135123051|+|1742"    
[163] "_R_N7147|ten_1|292098387|292100455|+|2068" 
[164] "_R_N7147|ten_12|137456035|137458048|+|2013"
[165] "_R_N7147|ten_1|291879368|291881370|+|2002" 
[166] "N7147|ten_6|191492804|191494674|+|1870"    
[167] "N7147|ten_7|106460024|106461869|+|1845"    
[168] "_R_N7147|dum_X1|102577983|102580007|+|2024"
[169] "N7147|ten_5|61846855|61848700|+|1845"      
[170] "_R_N7147|ten_4|143677033|143679427|+|2394" 
[171] "N7147|ten_10|109549015|109550860|+|1845"   
[172] "_R_N7147|ten_10|87291853|87294243|+|2390"  
[173] "_R_N7147|ten_X1|35624389|35626783|+|2394"  
[174] "N7147|ten_X2|78183854|78185699|+|1845"     
[175] "N7147|ten_11|46825215|46827059|+|1844"     
[176] "_R_N7147|ten_6|47124533|47126922|+|2389"   
[177] "N7147|ten_11|46880791|46882635|+|1844"     
[178] "_R_N7147|ten_3|148929127|148931518|+|2391" 
[179] "_R_N7147|ten_3|148940561|148942952|+|2391" 
[180] "_R_N7147|ten_7|183698025|183700416|+|2391" 
[181] "_R_N7147|ten_3|148885306|148887694|+|2388" 
[182] "N7147|ten_X2|55175081|55176947|+|1866"     
[183] "_R_N7147|ten_2|108004565|108006954|+|2389" 
[184] "N7147|ten_X1|728652|730519|+|1867"         
[185] "_R_N7147|ten_3|148864083|148866487|+|2404" 
[186] "_R_N7147|ten_1|291822937|291825338|+|2401" 
[187] "_R_N7147|ten_1|291849275|291851674|+|2399" 
[188] "N7147|ten_10|104400902|104402750|+|1848"   
[189] "N7147|ten_10|45590768|45592548|+|1780"     
[190] "N7147|ten_X2|78191350|78193671|+|2321"     
[191] "_R_N7147|ten_10|30300216|30302018|+|1802"  
[192] "N7147|ten_6|155749320|155751122|+|1802"    
[193] "_R_N7147|ten_2|79532330|79534805|+|2475"   
[194] "_R_N7147|ten_4|194726591|194729091|+|2500" 
[195] "_R_N7147|ten_4|194847622|194850122|+|2500" 
[196] "N7147|ten_11|120257688|120259440|+|1752"   
[197] "N7147|ten_11|120306716|120308468|+|1752"   
[198] "_R_N7147|ten_X1|83806540|83808292|+|1752"  
[199] "_R_N7147|ten_10|30236833|30238585|+|1752"  
[200] "_R_N7147|ten_6|242321971|242323723|+|1752" 
[201] "_R_N7147|ten_6|47127440|47129191|+|1751"   
[202] "N7147|ten_7|135130546|135132297|+|1751"    
[203] "_R_N7147|ten_4|143687914|143689665|+|1751" 
[204] "N7147|ten_X2|129614609|129616360|+|1751"   
[205] "N7147|ten_5|62038627|62040378|+|1751"      
[206] "N7147|ten_5|62056131|62057882|+|1751"      
[207] "_R_N7147|ten_9|149527678|149529429|+|1751" 
[208] "_R_N7147|ten_9|149549586|149551337|+|1751" 
[209] "_R_N7147|ten_9|149552483|149554234|+|1751" 
[210] "N7147|ten_4|49584311|49586063|+|1752"      
[211] "_R_N7147|ten_5|130263385|130265137|+|1752" 
[212] "N7147|ten_9|115472031|115473794|+|1763"    
[213] "N7147|ten_11|46687202|46688953|+|1751"     
[214] "_R_N7147|ten_4|143465668|143467419|+|1751" 
[215] "_R_N7147|ten_3|120642921|120644632|+|1711" 
[216] "_R_N7147|ten_3|120587662|120589399|+|1737" 
[217] "_R_N7147|ten_3|120629202|120630939|+|1737" 
[218] "_R_N7147|ten_6|57308899|57310636|+|1737"   
[219] "N7147|ten_1|103441803|103443555|+|1752"    
[220] "_R_N7147|ten_10|104602252|104604004|+|1752"
[221] "_R_N7147|ten_1|291815536|291817288|+|1752" 
[222] "_R_N7147|ten_1|291920211|291921963|+|1752" 
[223] "_R_N7147|ten_1|291927156|291928908|+|1752" 
[224] "_R_N7147|ten_4|194756616|194758368|+|1752" 
[225] "_R_N7147|ten_5|130287029|130289255|+|2226" 
[226] "N7147|ten_6|191516745|191518453|+|1708"    
[227] "N7147|ten_6|191524449|191526157|+|1708"    
[228] "_R_N7147|ten_2|75582364|75584072|+|1708"   
[229] "_R_N7147|ten_1|33934744|33936476|+|1732"   
[230] "_R_N7147|ten_1|292037049|292039065|+|2016" 
[231] "_R_N7147|ten_10|104643999|104645840|+|1841"
[232] "N7147|ten_2|148188435|148190609|+|2174"    
[233] "_R_N7147|ten_1|291884168|291886281|+|2113" 
[234] "_R_N7147|ten_1|292100964|292103077|+|2113" 
[235] "N7147|ten_X2|78206548|78208640|+|2092"     
[236] "_R_N7147|ten_1|291789457|291791569|+|2112" 
[237] "N7147|ten_5|61863446|61865126|+|1680"      
[238] "N7147|ten_11|46702475|46704586|+|2111"     
[239] "N7147|ten_7|2430275|2432385|+|2110"        
[240] "_R_N7147|ten_10|30243097|30245213|+|2116"  
[241] "_R_N7147|ten_7|153096097|153098199|+|2102" 
[242] "_R_N7147|dum_4|125563064|125565177|+|2113" 
[243] "_R_N7147|dum_5|101311442|101313556|+|2114" 
[244] "_R_N7147|ten_5|130363159|130364934|+|1775" 
[245] "_R_N7147|dum_2|154655056|154656881|+|1825" 
[246] "_R_N7147|dum_6|198070380|198072253|+|1873" 
[247] "N7147|dum_10|48928670|48930970|+|2300"     
[248] "N7147|dum_10|48969143|48971443|+|2300"     
[249] "_R_N7147|dum_6|96655385|96657685|+|2300"   
[250] "N7147|dum_4|13844814|13847061|+|2247"      
[251] "N7147|dum_12|79229279|79231579|+|2300"     
[252] "N7147|dum_2|200965713|200968013|+|2300"    
[253] "N7147|dum_2|200922509|200924808|+|2299"    
[254] "_R_N7147|dum_7|94857191|94859491|+|2300"   
[255] "_R_N7147|dum_7|94859989|94862289|+|2300"   
[256] "N7147|dum_11|80344709|80347001|+|2292"     
[257] "N7147|ten_3|104384114|104386231|+|2117"    
[258] "N7147|dum_X2|96735516|96737957|+|2441"     
[259] "_R_N7147|ten_1|292081844|292083800|+|1956" 
[260] "N7147|ten_10|147065896|147067844|+|1948"   
[261] "_R_N7147|ten_4|194787600|194789536|+|1936" 
[262] "N7147|ten_5|61855874|61858197|+|2323"      
[263] "N7147|ten_5|62035269|62037593|+|2324"      
[264] "_R_N7147|ten_X2|44892110|44894433|+|2323"  
[265] "N7147|ten_X1|836745|839233|+|2488"         
[266] "_R_N7147|ten_2|97484|99234|+|1750"         
[267] "N7147|ten_X2|55200081|55202633|+|2552"     
[268] "_R_N7147|ten_1|291812306|291814442|+|2136" 
[269] "_R_N7147|ten_9|142178661|142181140|+|2479" 
[270] "_R_N7147|ten_10|31838412|31840549|+|2137"  
[271] "_R_N7147|ten_10|31846513|31848650|+|2137"  
[272] "N7147|ten_2|148192361|148194836|+|2475"    
[273] "_R_N7147|ten_4|194851076|194853569|+|2493" 
[274] "_R_N7147|ten_2|75573998|75576487|+|2489"   
[275] "N7147|ten_7|40001624|40004092|+|2468"      
[276] "_R_N7147|ten_10|87403556|87406046|+|2490"  
[277] "_R_N7147|ten_10|87460150|87462640|+|2490"  
[278] "_R_N7147|ten_4|143704623|143707113|+|2490" 
[279] "_R_N7147|ten_4|87894159|87896645|+|2486"   
[280] "_R_N7147|ten_4|194717372|194719867|+|2495" 
[281] "_R_N7147|ten_4|194811007|194813502|+|2495" 
[282] "_R_N7147|ten_10|87343035|87345531|+|2496"  
[283] "_R_N7147|ten_1|291870410|291872907|+|2497" 
[284] "_R_N7147|ten_4|194862749|194865243|+|2494" 
[285] "_R_N7147|ten_2|75623367|75625861|+|2494"   
[286] "_R_N7147|ten_1|291992384|291994879|+|2495" 
[287] "N7147|ten_10|3596341|3598834|+|2493"       
[288] "N7147|ten_10|3612447|3614940|+|2493"       
[289] "N7147|ten_1|291623387|291625956|+|2569"    
[290] "N7147|ten_5|61871810|61874302|+|2492"      
[291] "N7147|ten_5|61878008|61880500|+|2492"      
[292] "N7147|ten_5|62019482|62021974|+|2492"      
[293] "N7147|ten_5|61843411|61845903|+|2492"      
[294] "_R_N7147|ten_2|623686|626179|+|2493"       
[295] "_R_N7147|ten_3|148869498|148872066|+|2568" 
[296] "N7147|ten_1|257746412|257748637|+|2225"    
[297] "_R_N7147|ten_3|13236363|13238858|+|2495"   
[298] "N7147|dum_4|239922618|239924467|+|1849"    
[299] "N7147|dum_7|148701603|148703454|+|1851"    
[300] "N7147|ten_1|182317002|182318689|+|1687"    
[301] "N7147|ten_5|125512468|125514154|+|1686"    
[302] "N7147|ten_4|235094484|235096305|+|1821"    
[303] "_R_N7147|ten_4|194695799|194698045|+|2246" 
[304] "_R_N7147|dum_7|139346562|139348645|+|2083" 
[305] "N7147|dum_4|239957683|239959762|+|2079"    
[306] "_R_N7147|ten_X1|52849006|52851014|+|2008"  
[307] "N7147|ten_4|115848037|115849872|+|1835"    
[308] "_R_N7147|ten_2|59979|61749|+|1770"         
[309] "N7147|ten_10|3574903|3576773|+|1870"       
[310] "_R_N7147|ten_1|291806620|291808389|+|1769" 
[311] "N7147|ten_10|109545817|109547506|+|1689"   
[312] "_R_N7147|ten_6|57221945|57224113|+|2168"   
[313] "N7147|ten_6|191476460|191478700|+|2240"    
[314] "_R_N7147|ten_3|148890282|148892325|+|2043" 
[315] "_R_N7147|dum_8|96562189|96564316|+|2127"   
[316] "_R_N7147|ten_8|89866458|89868599|+|2141"   
[317] "N7147|dum_2|79083977|79085663|+|1686"      
[318] "N7147|ten_2|84061075|84062758|+|1683"      
[319] "N7147|ten_X2|78127525|78129459|+|1934"     
[320] "_R_N7147|ten_1|36682574|36684542|+|1968"   
[321] "N7147|ten_11|46851092|46853005|+|1913"     
[322] "_R_N7147|ten_1|291809846|291811803|+|1957" 
[323] "_R_N7147|ten_2|100548|102496|+|1948"       
[324] "_R_N7147|ten_3|148913911|148915855|+|1944" 
[325] "N7147|ten_10|45518554|45520473|+|1919"     
[326] "_R_N7147|ten_10|87457684|87459629|+|1945"  
[327] "N7147|ten_10|3632531|3634445|+|1914"       
[328] "N7147|ten_11|46692744|46694661|+|1917"     
[329] "N7147|ten_X2|78197476|78199392|+|1916"     
[330] "_R_N7147|ten_10|31844072|31846011|+|1939"  
[331] "_R_N7147|ten_3|120580099|120582034|+|1935" 
[332] "_R_N7147|ten_1|33843305|33845253|+|1948"   
[333] "_R_N7147|ten_1|121796999|121798950|+|1951" 
[334] "_R_N7147|ten_10|87384571|87386524|+|1953"  
[335] "_R_N7147|ten_10|87401104|87403057|+|1953"  
[336] "_R_N7147|ten_10|87326898|87328852|+|1954"  
[337] "_R_N7147|ten_10|87409520|87411476|+|1956"  
[338] "_R_N7147|ten_1|291970815|291972655|+|1840" 
[339] "_R_N7147|ten_1|292085987|292087754|+|1767" 
[340] "N7147|ten_1|138736209|138738019|+|1810"    
[341] "N7147|ten_1|138776835|138778644|+|1809"    
[342] "N7147|ten_X1|802471|804287|+|1816"         
[343] "N7147|ten_X1|811757|813572|+|1815"         
[344] "_R_N7147|ten_2|155364174|155366125|+|1951" 
[345] "_R_N7147|ten_1|273362604|273364552|+|1948" 
[346] "_R_N7147|ten_4|194754074|194756001|+|1927" 
[347] "_R_N7147|ten_1|291724059|291726004|+|1945" 
[348] "_R_N7147|ten_3|67537553|67539473|+|1920"   
[349] "_R_N7147|ten_9|149539338|149541137|+|1799" 
[350] "_R_N7147|dum_5|112116918|112118865|+|1947" 
[351] "_R_N7147|dum_5|112122856|112124802|+|1946" 
[352] "_R_N7147|dum_5|112111010|112112959|+|1949" 
[353] "_R_N7147|dum_5|224445983|224447926|+|1943" 
[354] "_R_N7147|dum_9|154092780|154094728|+|1948" 
[355] "N7147|dum_11|28467770|28469683|+|1913"     
[356] "N7147|dum_4|239734643|239736558|+|1915"    
[357] "N7147|dum_4|239952215|239954130|+|1915"    
[358] "N7147|dum_2|24784214|24786130|+|1916"      
[359] "_R_N7147|ten_1|291974479|291976411|+|1932" 
[360] "_R_N7147|ten_2|137568|139500|+|1932"       
[361] "_R_N7147|ten_2|319050|320985|+|1935"       
[362] "N7147|ten_10|3555684|3557594|+|1910"       
[363] "_R_N7147|ten_2|75618031|75619982|+|1951"   
[364] "N7147|ten_2|216963563|216965484|+|1921"    
[365] "_R_N7147|ten_1|291730208|291732160|+|1952" 
[366] "_R_N7147|ten_2|90548|92484|+|1936"         
[367] "_R_N7147|ten_6|57339814|57341766|+|1952"   
[368] "N7147|ten_11|120283180|120285111|+|1931"   
[369] "_R_N7147|ten_7|125604878|125606821|+|1943" 
[370] "_R_N7147|ten_7|125768079|125770023|+|1944" 
[371] "_R_N7147|ten_5|130338704|130340647|+|1943" 
[372] "N7147|ten_6|193119221|193121134|+|1913"    
[373] "_R_N7147|ten_X1|162398101|162400043|+|1942"
[374] "N7147|ten_6|191498021|191499932|+|1911"    
[375] "_R_N7147|ten_4|143494595|143496519|+|1924" 
[376] "_R_N7147|ten_4|143509463|143511387|+|1924" 
[377] "_R_N7147|ten_4|143460615|143462538|+|1923" 
[378] "N7147|ten_10|45527436|45529345|+|1909"     
[379] "N7147|ten_10|45540772|45542681|+|1909"     
[380] "_R_N7147|ten_6|57300589|57302539|+|1950"   
[381] "_R_N7147|ten_6|57170564|57172521|+|1957"   
[382] "_R_N7147|ten_9|149536367|149538324|+|1957" 
[383] "_R_N7147|ten_X2|44895224|44897169|+|1945"  
[384] "N7147|ten_10|45505317|45507244|+|1927"     
[385] "N7147|ten_10|45586577|45588504|+|1927"     
[386] "_R_N7147|ten_4|143472109|143474038|+|1929" 
[387] "_R_N7147|ten_4|143682825|143684754|+|1929" 
[388] "_R_N7147|ten_6|57189830|57191959|+|2129"   
[389] "N7147|ten_10|104395412|104397129|+|1717"   
[390] "N7147|ten_X2|78130780|78132497|+|1717"     
[391] "N7147|ten_7|106508139|106509856|+|1717"    
[392] "N7147|ten_7|106519734|106521451|+|1717"    
[393] "N7147|ten_5|61973752|61975469|+|1717"      
[394] "N7147|ten_7|106454069|106455787|+|1718"    
[395] "N7147|ten_7|106440684|106442401|+|1717"    
[396] "N7147|ten_11|120274364|120276081|+|1717"   
[397] "N7147|ten_10|109531777|109533493|+|1716"   
[398] "_R_N7147|ten_1|291795004|291796677|+|1673" 
[399] "_R_N7147|ten_9|142193727|142195400|+|1673" 
[400] "_R_N7147|ten_4|143668260|143669933|+|1673" 
[401] "_R_N7147|ten_10|87299776|87301449|+|1673"  
[402] "_R_N7147|ten_9|142203308|142204958|+|1650" 
[403] "_R_N7147|ten_3|148916871|148918669|+|1798" 
[404] "_R_N7147|ten_1|291979699|291981712|+|2013" 
[405] "N7147|ten_6|41807950|41809716|+|1766"      
[406] "N7147|bic_14|98765173|98766890|+|1717"     
