jobinfo 30048976
getting scaled timeline
  [1] "N8116|bic_13|144118323|144119545|+|1222"   
  [2] "_R_N8116|sar_13|38163126|38164399|+|1273"  
  [3] "N8116|dum_X1|54607884|54609360|+|1476"     
  [4] "N8116|ten_4|73398557|73400028|+|1471"      
  [5] "N8116|ten_1|116766905|116768378|+|1473"    
  [6] "N8116|ten_6|181887440|181888913|+|1473"    
  [7] "N8116|ten_4|90174138|90175611|+|1473"      
  [8] "_R_N8116|ten_8|113733387|113734862|+|1475" 
  [9] "_R_N8116|ten_6|141202889|141204364|+|1475" 
 [10] "_R_N8116|ten_7|120400782|120402253|+|1471" 
 [11] "_R_N8116|ten_7|91666966|91668396|+|1430"   
 [12] "N8116|ten_4|56332995|56334471|+|1476"      
 [13] "N8116|ten_3|27688069|27689544|+|1475"      
 [14] "N8116|ten_7|135167862|135169354|+|1492"    
 [15] "_R_N8116|ten_X1|221153344|221154791|+|1447"
 [16] "N8116|ten_10|117230771|117232247|+|1476"   
 [17] "N8116|ten_7|146321367|146322843|+|1476"    
 [18] "_R_N8116|ten_4|804425|805900|+|1475"       
 [19] "_R_N8116|ten_X2|24164451|24165927|+|1476"  
 [20] "N8116|ten_X2|107284938|107286414|+|1476"   
 [21] "N8116|ten_X2|107279635|107281110|+|1475"   
 [22] "N8116|ten_X2|107290242|107291718|+|1476"   
 [23] "N8116|ten_X2|107295546|107297022|+|1476"   
 [24] "_R_N8116|ten_4|236130563|236132039|+|1476" 
 [25] "_R_N8116|ten_3|197675405|197676881|+|1476" 
 [26] "N8116|ten_3|260241123|260242597|+|1474"    
 [27] "N8116|ten_2|255683376|255684851|+|1475"    
 [28] "N8116|ten_4|81891668|81893142|+|1474"      
 [29] "_R_N8116|ten_X2|53519202|53520673|+|1471"  
 [30] "N8116|ten_10|131482094|131483569|+|1475"   
 [31] "_R_N8116|ten_8|79579503|79580978|+|1475"   
 [32] "N8116|ten_7|97918546|97920021|+|1475"      
 [33] "_R_N8116|ten_7|24079538|24081013|+|1475"   
 [34] "_R_N8116|ten_3|280251145|280252614|+|1469" 
 [35] "N8116|ten_1|104554898|104556372|+|1474"    
 [36] "_R_N8116|ten_8|3890461|3891937|+|1476"     
 [37] "N8116|ten_3|174681316|174682774|+|1458"    
 [38] "N8116|ten_8|125344010|125345473|+|1463"    
 [39] "N8116|ten_X2|202763708|202765185|+|1477"   
 [40] "_R_N8116|ten_1|84717502|84718970|+|1468"   
 [41] "_R_N8116|ten_8|176505240|176506707|+|1467" 
 [42] "_R_N8116|dum_1|165410538|165412007|+|1469" 
 [43] "_R_N8116|ten_1|158243556|158245025|+|1469" 
 [44] "N8116|lin_X2|73271924|73273073|+|1149"     
 [45] "N8116|lin_X2|138103098|138104214|+|1116"   
 [46] "N8116|mim_6|17487146|17488280|+|1134"      
 [47] "N8116|mim_9|226664322|226665458|+|1136"    
 [48] "_R_N8116|lin_X1|52518826|52520278|+|1452"  
 [49] "_R_N8116|lin_X2|99686095|99687476|+|1381"  
 [50] "_R_N8116|lin_16|73131952|73133383|+|1431"  
 [51] "_R_N8116|dum_1|205809854|205810980|+|1126" 
 [52] "_R_N8116|ten_1|201811382|201812508|+|1126" 
 [53] "_R_N8116|mim_8|59735001|59736116|+|1115"   
 [54] "N8116|bic_8|181575105|181576243|+|1138"    
 [55] "_R_N8116|sar_8|34439115|34440251|+|1136"   
 [56] "_R_N8116|bic_7|7963803|7964941|+|1138"     
 [57] "_R_N8116|mim_10|95708658|95710088|+|1430"  
 [58] "_R_N8116|ten_7|72628636|72629803|+|1167"   
 [59] "N8116|mim_1|122003504|122004646|+|1142"    
 [60] "N8116|bic_1|124354733|124355887|+|1154"    
 [61] "_R_N8116|dum_X2|177814182|177815656|+|1474"
 [62] "N8116|ten_X2|36198374|36199834|+|1460"     
 [63] "N8116|mim_X1|122479171|122480294|+|1123"   
 [64] "_R_N8116|ten_X1|107139127|107140262|+|1135"
 [65] "N8116|dum_4|85508126|85509271|+|1145"      
 [66] "_R_N8116|ten_4|146175351|146176524|+|1173" 
 [67] "_R_N8116|mim_11|93734628|93735786|+|1158"  
 [68] "_R_N8116|bic_X1|198175254|198176404|+|1150"
 [69] "_R_N8116|sar_X1|204463288|204464437|+|1149"
 [70] "N8116|mim_X2|154491833|154492981|+|1148"   
 [71] "_R_N8116|mim_8|126182340|126183513|+|1173" 
 [72] "N8116|mim_9|85327765|85328941|+|1176"      
 [73] "N8116|mim_6|34750109|34751281|+|1172"      
 [74] "N8116|mim_4|17798057|17799155|+|1098"      
 [75] "_R_N8116|bic_12|156586824|156587994|+|1170"
 [76] "N8116|sar_12|25104924|25106084|+|1160"     
 [77] "_R_N8116|dum_1|156102994|156104463|+|1469" 
 [78] "_R_N8116|ten_1|121504695|121506022|+|1327" 
 [79] "N8116|bic_3|45990086|45991298|+|1212"      
 [80] "N8116|sar_3|10830371|10831575|+|1204"      
 [81] "N8116|mim_3|130102218|130103379|+|1161"    
 [82] "N8116|ten_9|2839165|2840312|+|1147"        
 [83] "_R_N8116|ten_8|146147023|146148178|+|1155" 
 [84] "_R_N8116|ten_3|136746822|136747975|+|1153" 
 [85] "_R_N8116|ten_7|185508972|185510120|+|1148" 
 [86] "_R_N8116|dum_12|30262635|30263782|+|1147"  
 [87] "_R_N8116|ten_X1|12666182|12667334|+|1152"  
 [88] "N8116|dum_2|243527949|243529104|+|1155"    
 [89] "N8116|dum_10|175004591|175005745|+|1154"   
 [90] "_R_N8116|dum_1|53005395|53006541|+|1146"   
 [91] "N8116|bic_12|90340564|90341720|+|1156"     
 [92] "_R_N8116|ten_4|83656784|83657943|+|1159"   
 [93] "N8116|ten_X2|22938781|22939945|+|1164"     
 [94] "N8116|mim_13|129058508|129059619|+|1111"   
 [95] "N8116|mim_7|227058891|227060049|+|1158"    
 [96] "_R_N8116|bic_6|121159165|121160311|+|1146" 
 [97] "_R_N8116|mim_6|41987794|41988971|+|1177"   
 [98] "N8116|bic_X1|52303455|52304592|+|1137"     
 [99] "N8116|sar_X1|50626433|50627568|+|1135"     
[100] "_R_N8116|dum_1|4825076|4826228|+|1152"     
[101] "N8116|ten_1|2909306|2910441|+|1135"        
[102] "_R_N8116|bic_14|101294171|101295310|+|1139"
[103] "_R_N8116|bic_X1|84147183|84148322|+|1139"  
[104] "_R_N8116|sar_X1|84266022|84267163|+|1141"  
[105] "_R_N8116|bic_7|147296693|147297807|+|1114" 
[106] "N8116|bic_14|36709807|36710973|+|1166"     
[107] "N8116|sar_14|138838137|138839274|+|1137"   
[108] "_R_N8116|bic_11|37751029|37752166|+|1137"  
[109] "N8116|dum_2|245681128|245682257|+|1129"    
[110] "N8116|bic_12|77712298|77713451|+|1153"     
[111] "_R_N8116|bic_8|25304809|25305987|+|1178"   
[112] "N8116|dum_1|49775312|49776460|+|1148"      
[113] "N8116|ten_1|47520112|47521266|+|1154"      
[114] "_R_N8116|bic_12|3230412|3231543|+|1131"    
[115] "_R_N8116|sar_12|183224132|183225276|+|1144"
[116] "_R_N8116|bic_3|74932215|74933336|+|1121"   
[117] "_R_N8116|sar_3|40344330|40345457|+|1127"   
[118] "_R_N8116|sar_9|29239755|29240885|+|1130"   
[119] "N8116|bic_10|153113942|153115071|+|1129"   
[120] "_R_N8116|sar_10|44649222|44650351|+|1129"  
[121] "N8116|sar_X1|255716878|255717960|+|1082"   
[122] "_R_N8116|ten_4|54919848|54920984|+|1136"   
[123] "_R_N8116|ten_X1|18107582|18108716|+|1134"  
[124] "N8116|ten_1|258374186|258375330|+|1144"    
[125] "_R_N8116|ten_1|70795219|70796356|+|1137"   
[126] "N8116|ten_1|267179783|267180887|+|1104"    
[127] "_R_N8116|bic_X1|77430649|77431797|+|1148"  
[128] "_R_N8116|sar_X1|77660683|77661824|+|1141"  
[129] "N8116|dum_6|148449105|148450216|+|1111"    
[130] "N8116|ten_6|162284209|162285319|+|1110"    
[131] "_R_N8116|sar_X2|221560257|221561398|+|1141"
[132] "N8116|bic_X2|187969286|187970432|+|1146"   
[133] "_R_N8116|sar_X2|199902043|199903191|+|1148"
[134] "_R_N8116|sar_X2|129196130|129197263|+|1133"
[135] "_R_N8116|sar_8|103917573|103918687|+|1114" 
[136] "N8116|bic_X1|197921706|197922865|+|1159"   
[137] "N8116|sar_X1|203787686|203788845|+|1159"   
[138] "N8116|ten_10|113586527|113587666|+|1139"   
[139] "N8116|dum_5|215802656|215803998|+|1342"    
[140] "_R_N8116|ten_5|21859425|21860617|+|1192"   
[141] "N8116|bic_X2|187289273|187290721|+|1448"   
[142] "_R_N8116|bic_X2|190484989|190486395|+|1406"
[143] "N8116|sar_6|62488934|62490089|+|1155"      
[144] "_R_N8116|bic_3|39829893|39831119|+|1226"   
[145] "_R_N8116|sar_3|105067857|105069076|+|1219" 
[146] "_R_N8116|sar_X1|28175412|28176800|+|1388"  
[147] "_R_N8116|bic_4|20325204|20326604|+|1400"   
[148] "N8116|sar_2|99348333|99349485|+|1152"      
[149] "_R_N8116|bic_3|182799147|182800618|+|1471" 
[150] "_R_N8116|sar_8|38645190|38646351|+|1161"   
[151] "_R_N8116|bic_13|117855990|117857227|+|1237"
[152] "N8116|sar_13|66807755|66808995|+|1240"     
[153] "N8116|sar_7|119537769|119539245|+|1476"    
[154] "_R_N8116|sar_2|216859059|216860237|+|1178" 
[155] "N8116|sar_6|109113134|109114310|+|1176"    
[156] "N8116|bic_3|203929477|203930773|+|1296"    
[157] "N8116|bic_10|55497938|55499110|+|1172"     
[158] "_R_N8116|sar_10|148358268|148359447|+|1179"
[159] "N8116|sar_8|87796763|87797942|+|1179"      
[160] "_R_N8116|sar_11|178112628|178114104|+|1476"
[161] "N8116|sar_5|168674094|168675272|+|1178"    
[162] "N8116|bic_1|35816595|35817720|+|1125"      
[163] "_R_N8116|bic_9|174708020|174709188|+|1168" 
[164] "_R_N8116|sar_14|47016342|47017507|+|1165"  
[165] "N8116|sar_2|59101038|59102217|+|1179"      
[166] "N8116|sar_13|162273951|162275130|+|1179"   
[167] "N8116|sar_12|41159737|41160920|+|1183"     
[168] "N8116|sar_1|113826513|113827684|+|1171"    
[169] "N8116|sar_2|172300387|172301566|+|1179"    
[170] "_R_N8116|sar_14|11646630|11647810|+|1180"  
[171] "_R_N8116|sar_9|1545894|1547070|+|1176"     
[172] "_R_N8116|sar_2|252476474|252477644|+|1170" 
[173] "N8116|sar_1|123292137|123293310|+|1173"    
[174] "_R_N8116|bic_2|112552821|112553963|+|1142" 
[175] "_R_N8116|sar_1|105812287|105813466|+|1179" 
[176] "N8116|sar_8|136503259|136504438|+|1179"    
[177] "_R_N8116|sar_3|95237493|95238670|+|1177"   
[178] "N8116|sar_9|201182519|201183708|+|1189"    
[179] "_R_N8116|bic_7|7296691|7297856|+|1165"     
[180] "_R_N8116|bic_14|64207028|64208497|+|1469"  
[181] "N8116|sar_1|126079133|126080605|+|1472"    
[182] "N8116|bic_6|47715910|47717151|+|1241"      
[183] "N8116|bic_7|173096483|173097704|+|1221"    
[184] "N8116|bic_2|132186656|132187889|+|1233"    
[185] "_R_N8116|sar_2|193910596|193911825|+|1229" 
[186] "N8116|sar_14|138832873|138834022|+|1149"   
[187] "_R_N8116|bic_14|56588974|56590152|+|1178"  
[188] "_R_N8116|sar_5|54275720|54276881|+|1161"   
[189] "N8116|sar_3|11346203|11347547|+|1344"      
[190] "N8116|bic_3|47151989|47153152|+|1163"      
[191] "N8116|bic_1|22145460|22146637|+|1177"      
