jobinfo 30049004
getting scaled timeline
 [1] "_R_N8484|ten_9|32426842|32429104|+|2262" 
 [2] "_R_N8484|ten_9|32429786|32432047|+|2261" 
 [3] "_R_N8484|ten_9|32453785|32456048|+|2263" 
 [4] "_R_N8484|ten_9|32415057|32417317|+|2260" 
 [5] "_R_N8484|ten_9|32417999|32420259|+|2260" 
 [6] "_R_N8484|ten_9|32409190|32411429|+|2239" 
 [7] "_R_N8484|ten_9|32474432|32476696|+|2264" 
 [8] "_R_N8484|ten_9|32412111|32414375|+|2264" 
 [9] "_R_N8484|ten_9|32456730|32459005|+|2275" 
[10] "_R_N8484|ten_9|32420941|32423207|+|2266" 
[11] "_R_N8484|ten_9|32423889|32426160|+|2271" 
[12] "_R_N8484|ten_9|32459687|32461957|+|2270" 
[13] "_R_N8484|ten_9|32465588|32467858|+|2270" 
[14] "_R_N8484|ten_9|32468540|32470812|+|2272" 
[15] "_R_N8484|ten_9|32462639|32464906|+|2267" 
[16] "_R_N8484|ten_9|32471494|32473750|+|2256" 
[17] "_R_N8484|ten_9|32491858|32494110|+|2252" 
[18] "_R_N8484|ten_9|32477378|32479490|+|2112" 
[19] "_R_N8484|ten_9|32387089|32389199|+|2110" 
[20] "N8484|dum_9|147727235|147729487|+|2252"  
[21] "_R_N8484|ten_9|32380399|32382654|+|2255" 
[22] "N8484|dum_9|147731697|147733575|+|1878"  
[23] "_R_N8484|ten_9|32373253|32375141|+|1888" 
[24] "_R_N8484|sar_12|29741993|29744263|+|2270"
[25] "N8484|bic_12|152735726|152737991|+|2265" 
