jobinfo 30048980
getting scaled timeline
  [1] "_R_N8289|ten_7|676187|681770|+|5583"      
  [2] "_R_N8289|ten_7|66756095|66761679|+|5584"  
  [3] "_R_N8289|ten_7|153178|158763|+|5585"      
  [4] "_R_N8289|ten_7|3169030|3174614|+|5584"    
  [5] "N8289|ten_7|1158361|1163939|+|5578"       
  [6] "N8289|ten_7|3089620|3095199|+|5579"       
  [7] "_R_N8289|ten_7|1799411|1804990|+|5579"    
  [8] "N8289|ten_7|1683831|1689389|+|5558"       
  [9] "_R_N8289|ten_7|3912571|3918158|+|5587"    
 [10] "_R_N8289|ten_7|4248763|4254323|+|5560"    
 [11] "N8289|ten_7|4615435|4621017|+|5582"       
 [12] "_R_N8289|ten_7|4299315|4304885|+|5570"    
 [13] "N8289|ten_7|1582274|1587860|+|5586"       
 [14] "_R_N8289|ten_7|4369053|4374639|+|5586"    
 [15] "N8289|ten_7|4446324|4451909|+|5585"       
 [16] "N8289|ten_7|52983710|52989298|+|5588"     
 [17] "_R_N8289|ten_7|3470094|3475517|+|5423"    
 [18] "N8289|ten_7|2273387|2278975|+|5588"       
 [19] "_R_N8289|ten_7|3021981|3027570|+|5589"    
 [20] "N8289|ten_7|806311|811898|+|5587"         
 [21] "_R_N8289|ten_7|1898960|1904547|+|5587"    
 [22] "_R_N8289|ten_7|755753|761343|+|5590"      
 [23] "N8289|ten_7|221440|227027|+|5587"         
 [24] "_R_N8289|ten_7|593439|599027|+|5588"      
 [25] "N8289|ten_7|68977|74564|+|5587"           
 [26] "_R_N8289|ten_7|66832794|66838381|+|5587"  
 [27] "N8289|ten_7|66984697|66990286|+|5589"     
 [28] "_R_N8289|ten_7|396825|402225|+|5400"      
 [29] "N8289|ten_7|553350|558750|+|5400"         
 [30] "_R_N8289|ten_7|482823|488220|+|5397"      
 [31] "_R_N8289|ten_7|870991|876370|+|5379"      
 [32] "_R_N8289|ten_7|1442067|1447565|+|5498"    
 [33] "N8289|ten_7|4888423|4893919|+|5496"       
 [34] "N8289|ten_7|976001|981423|+|5422"         
 [35] "N8289|ten_7|1344996|1349370|+|4374"       
 [36] "_R_N8289|ten_7|4973708|4978080|+|4372"    
 [37] "N8289|ten_7|66326610|66332102|+|5492"     
 [38] "N8289|ten_7|2457318|2462794|+|5476"       
 [39] "N8289|ten_7|3698304|3703703|+|5399"       
 [40] "N8289|ten_7|4184547|4189947|+|5400"       
 [41] "_R_N8289|ten_7|4742001|4747395|+|5394"    
 [42] "N8289|ten_7|4488541|4493944|+|5403"       
 [43] "_R_N8289|ten_7|66382878|66388004|+|5126"  
 [44] "_R_N8289|ten_7|66447700|66457531|+|9831"  
 [45] "_R_N8289|ten_7|66332251|66336633|+|4382"  
 [46] "N8289|ten_7|2513258|2518367|+|5109"       
 [47] "N8289|ten_7|1398000|1403581|+|5581"       
 [48] "_R_N8289|ten_7|4911118|4916701|+|5583"    
 [49] "_R_N8289|ten_7|2518563|2524060|+|5497"    
 [50] "N8289|ten_7|5035475|5040934|+|5459"       
 [51] "N8289|ten_7|53072304|53077858|+|5554"     
 [52] "N8289|ten_7|67110591|67116159|+|5568"     
 [53] "N8289|ten_7|4672001|4676081|+|4080"       
 [54] "_R_N8289|ten_7|66480513|66486093|+|5580"  
 [55] "_R_N8289|ten_7|67052385|67057846|+|5461"  
 [56] "_R_N8289|ten_7|4894068|4898450|+|4382"    
 [57] "_R_N8289|ten_7|1349500|1354971|+|5471"    
 [58] "N8289|ten_7|4968104|4973575|+|5471"       
 [59] "N8289|ten_7|1437541|1441921|+|4380"       
 [60] "_R_N8289|ten_7|1265295|1269703|+|4408"    
 [61] "N8289|dum_7|159975401|159980786|+|5385"   
 [62] "N8289|dum_7|160007383|160012767|+|5384"   
 [63] "_R_N8289|dum_7|159771667|159777176|+|5509"
 [64] "N8289|dum_7|159921601|159927086|+|5485"   
 [65] "_R_N8289|dum_7|159803162|159808630|+|5468"
 [66] "_R_N8289|dum_7|160075356|160080661|+|5305"
 [67] "_R_N8289|dum_7|160144672|160150066|+|5394"
 [68] "_R_N8289|dum_7|159700006|159705586|+|5580"
 [69] "_R_N8289|dum_7|159731749|159737343|+|5594"
 [70] "_R_N8289|ten_7|1626815|1631520|+|4705"    
 [71] "_R_N8289|ten_7|4947927|4953426|+|5499"    
 [72] "N8289|ten_7|4334089|4339676|+|5587"       
 [73] "_R_N8289|ten_7|4518679|4524045|+|5366"    
 [74] "N8289|ten_7|35423|41005|+|5582"           
 [75] "_R_N8289|ten_7|177816|183399|+|5583"      
 [76] "_R_N8289|ten_7|430188|435771|+|5583"      
 [77] "N8289|ten_7|519808|525391|+|5583"         
 [78] "_R_N8289|ten_7|505874|511457|+|5583"      
 [79] "_R_N8289|ten_7|66873266|66878849|+|5583"  
 [80] "_R_N8289|ten_7|712214|717796|+|5582"      
 [81] "_R_N8289|ten_7|66807269|66812853|+|5584"  
 [82] "N8289|ten_7|4529201|4534524|+|5323"       
 [83] "N8289|ten_7|83264918|83270241|+|5323"     
 [84] "_R_N8289|ten_7|4323970|4329277|+|5307"    
 [85] "_R_N8289|ten_7|1497918|1503503|+|5585"    
 [86] "N8289|ten_7|1536235|1541799|+|5564"       
 [87] "_R_N8289|ten_7|4691615|4696955|+|5340"    
 [88] "N8289|ten_7|4221028|4226613|+|5585"       
 [89] "N8289|ten_7|1133740|1139295|+|5555"       
 [90] "_R_N8289|ten_7|1873544|1879100|+|5556"    
 [91] "N8289|ten_7|1739512|1745055|+|5543"       
 [92] "_R_N8289|ten_7|3327147|3332730|+|5583"    
 [93] "N8289|ten_7|4391582|4396447|+|4865"       
 [94] "_R_N8289|ten_7|4468433|4473323|+|4890"    
 [95] "N8289|ten_7|4648405|4653295|+|4890"       
 [96] "N8289|ten_7|856263|861823|+|5560"         
 [97] "_R_N8289|ten_7|4262871|4267764|+|4893"    
 [98] "N8289|ten_7|3441448|3446004|+|4556"       
 [99] "N8289|ten_7|836006|841154|+|5148"         
[100] "_R_N8289|ten_7|3534665|3540248|+|5583"    
[101] "_R_N8289|ten_7|4020318|4025902|+|5584"    
[102] "N8289|ten_11|34980457|34986041|+|5584"    
[103] "N8289|ten_7|1932127|1937709|+|5582"       
[104] "_R_N8289|ten_7|1311707|1317118|+|5411"    
[105] "N8289|ten_7|5009730|5015137|+|5407"       
[106] "_R_N8289|ten_7|53091537|53097117|+|5580"  
[107] "_R_N8289|ten_7|53001115|53006696|+|5581"  
[108] "N8289|ten_7|781182|786764|+|5582"         
[109] "N8289|ten_7|67085440|67091021|+|5581"     
[110] "_R_N8289|ten_7|67125312|67130904|+|5592"  
[111] "N8289|ten_7|67167593|67173158|+|5565"     
[112] "N8289|ten_7|951849|957423|+|5574"         
[113] "N8289|ten_7|197432|202838|+|5406"         
[114] "_R_N8289|ten_7|251172|256762|+|5590"      
[115] "_R_N8289|ten_7|19162|24744|+|5582"        
[116] "N8289|ten_7|304102|309177|+|5075"         
[117] "N8289|ten_7|443265|448111|+|4846"         
[118] "_R_N8289|ten_7|113668|119250|+|5582"      
[119] "N8289|ten_7|1051799|1057163|+|5364"       
[120] "N8289|ten_7|66931689|66937268|+|5579"     
[121] "_R_N8289|ten_7|1031497|1037077|+|5580"    
[122] "_R_N8289|ten_7|66909114|66914656|+|5542"  
[123] "N8289|ten_7|2497404|2502362|+|4958"       
[124] "N8289|ten_7|66501540|66507121|+|5581"     
[125] "N8289|ten_7|3573837|3579418|+|5581"       
[126] "N8289|ten_7|3495474|3501055|+|5581"       
[127] "N8289|ten_7|4063235|4068353|+|5118"       
[128] "_R_N8289|ten_7|1412738|1418324|+|5586"    
[129] "_R_N8289|dum_7|160034751|160040139|+|5388"
[130] "N8289|dum_7|160045073|160050438|+|5365"   
[131] "N8289|dum_7|159661706|159667095|+|5389"   
