jobinfo 30048639
getting scaled timeline
 [1] "N2368|dum_11|109677273|109679820|+|2547" 
 [2] "N2368|dum_11|109665950|109668497|+|2547" 
 [3] "N2368|dum_11|109605338|109607885|+|2547" 
 [4] "N2368|dum_11|109526149|109528696|+|2547" 
 [5] "N2368|dum_11|109503516|109506063|+|2547" 
 [6] "N2368|dum_11|109469574|109472121|+|2547" 
 [7] "N2368|dum_11|109480892|109483439|+|2547" 
 [8] "N2368|dum_11|109537478|109540025|+|2547" 
 [9] "N2368|dum_11|109594036|109596583|+|2547" 
[10] "N2368|dum_11|109616642|109619189|+|2547" 
[11] "N2368|dum_11|109654622|109657169|+|2547" 
[12] "N2368|dum_11|109492193|109494740|+|2547" 
[13] "N2368|dum_11|109514828|109517375|+|2547" 
[14] "N2368|dum_11|109548786|109551333|+|2547" 
[15] "N2368|dum_11|109582735|109585282|+|2547" 
[16] "N2368|dum_11|109571422|109573969|+|2547" 
[17] "N2368|dum_11|109560108|109562667|+|2559" 
[18] "N2368|dum_11|109627967|109630556|+|2589" 
[19] "_R_N2368|ten_11|75296589|75299125|+|2536"
[20] "N2368|dum_11|109458249|109460798|+|2549" 
