jobinfo 30048951
getting scaled timeline
  [1] "N7355|mim_11|133599062|133601202|+|2140"   
  [2] "N7355|mim_14|8629298|8631438|+|2140"       
  [3] "_R_N7355|mim_4|75543620|75545760|+|2140"   
  [4] "_R_N7355|mim_1|71824310|71826450|+|2140"   
  [5] "_R_N7355|mim_10|135896264|135898404|+|2140"
  [6] "_R_N7355|mim_12|36055976|36058116|+|2140"  
  [7] "_R_N7355|mim_4|79723100|79725230|+|2130"   
  [8] "_R_N7355|mim_9|205430331|205432471|+|2140" 
  [9] "_R_N7355|mim_7|241174109|241176219|+|2110" 
 [10] "N7355|mim_11|37861856|37863996|+|2140"     
 [11] "N7355|mim_X1|148148663|148150803|+|2140"   
 [12] "N7355|mim_8|29167888|29170029|+|2141"      
 [13] "N7355|mim_9|97357222|97359363|+|2141"      
 [14] "N7355|mim_13|95998616|96000709|+|2093"     
 [15] "_R_N7355|mim_14|80970291|80974373|+|4082"  
 [16] "_R_N7355|mim_X1|6998096|7000237|+|2141"    
 [17] "_R_N7355|mim_3|16946157|16948302|+|2145"   
 [18] "_R_N7355|mim_12|91275051|91277192|+|2141"  
 [19] "N7355|mim_13|3619041|3621180|+|2139"       
 [20] "_R_N7355|mim_4|22497254|22499393|+|2139"   
 [21] "N7355|mim_14|2079119|2081258|+|2139"       
 [22] "N7355|mim_7|213691676|213693822|+|2146"    
 [23] "N7355|mim_11|4467960|4470099|+|2139"       
 [24] "N7355|mim_3|3084700|3086839|+|2139"        
 [25] "N7355|mim_5|132582052|132584191|+|2139"    
 [26] "N7355|mim_14|24450839|24452978|+|2139"     
 [27] "N7355|mim_2|45221171|45223310|+|2139"      
 [28] "_R_N7355|mim_7|240670991|240673130|+|2139" 
 [29] "_R_N7355|mim_12|128881027|128883168|+|2141"
 [30] "N7355|mim_X2|131838672|131840805|+|2133"   
 [31] "N7355|mim_X2|132194560|132196693|+|2133"   
 [32] "N7355|mim_X2|132016400|132018533|+|2133"   
 [33] "N7355|mim_X2|132372555|132374688|+|2133"   
 [34] "N7355|mim_8|138484438|138486569|+|2131"    
 [35] "_R_N7355|mim_7|240697922|240700050|+|2128" 
 [36] "_R_N7355|mim_12|14371072|14373234|+|2162"  
 [37] "N7355|mim_14|10847884|10850047|+|2163"     
 [38] "N7355|mim_14|425484|427647|+|2163"         
 [39] "N7355|mim_11|152693311|152695473|+|2162"   
 [40] "_R_N7355|mim_11|57058806|57060966|+|2160"  
 [41] "N7355|mim_14|5163474|5165634|+|2160"       
 [42] "_R_N7355|mim_4|97220807|97222967|+|2160"   
 [43] "N7355|mim_14|113944914|113947073|+|2159"   
 [44] "N7355|mim_10|169852379|169854540|+|2161"   
 [45] "_R_N7355|mim_2|125094940|125097084|+|2144" 
 [46] "N7355|mim_10|167414318|167416479|+|2161"   
 [47] "_R_N7355|mim_12|65558776|65560939|+|2163"  
 [48] "_R_N7355|mim_13|109409059|109411222|+|2163"
 [49] "N7355|mim_14|20501742|20503906|+|2164"     
 [50] "N7355|mim_14|8508888|8511052|+|2164"       
 [51] "N7355|mim_14|10767294|10769453|+|2159"     
 [52] "N7355|mim_14|216919541|216921704|+|2163"   
 [53] "_R_N7355|mim_5|19311521|19313684|+|2163"   
 [54] "N7355|mim_5|22189599|22191762|+|2163"      
 [55] "N7355|mim_9|97372293|97374454|+|2161"      
 [56] "_R_N7355|mim_8|112999817|113001980|+|2163" 
 [57] "N7355|mim_8|129732261|129734424|+|2163"    
 [58] "N7355|mim_6|77137081|77139243|+|2162"      
 [59] "N7355|mim_X1|63737708|63739870|+|2162"     
 [60] "_R_N7355|mim_13|96000727|96002889|+|2162"  
 [61] "N7355|mim_5|140934271|140936433|+|2162"    
 [62] "N7355|mim_11|105459484|105461644|+|2160"   
 [63] "_R_N7355|mim_7|9819300|9821435|+|2135"     
 [64] "_R_N7355|mim_12|170542694|170544847|+|2153"
 [65] "N7355|mim_4|113102251|113104410|+|2159"    
 [66] "_R_N7355|mim_9|153004533|153006696|+|2163" 
 [67] "_R_N7355|mim_X1|232375989|232378152|+|2163"
 [68] "N7355|mim_7|10535025|10537186|+|2161"      
 [69] "_R_N7355|mim_13|164024739|164026903|+|2164"
 [70] "_R_N7355|mim_X1|239621623|239623747|+|2124"
 [71] "N7355|mim_3|95128260|95130392|+|2132"      
 [72] "N7355|mim_8|2592272|2594403|+|2131"        
 [73] "_R_N7355|mim_12|164271358|164273506|+|2148"
 [74] "N7355|mim_14|209725560|209727732|+|2172"   
 [75] "_R_N7355|mim_9|234674576|234676737|+|2161" 
 [76] "_R_N7355|mim_11|185692856|185695020|+|2164"
 [77] "_R_N7355|mim_5|24711448|24713626|+|2178"   
 [78] "_R_N7355|lin_20|11234146|11236254|+|2108"  
 [79] "_R_N7355|lin_X3|54616563|54618669|+|2106"  
 [80] "N7355|lin_15|32497931|32500023|+|2092"     
 [81] "N7355|lin_8|57319780|57321876|+|2096"      
 [82] "_R_N7355|lin_3|37390095|37392191|+|2096"   
 [83] "N7355|lin_X3|48493927|48496014|+|2087"     
 [84] "N7355|lin_15|28216365|28218023|+|1658"     
 [85] "_R_N7355|lin_15|18877104|18878731|+|1627"  
 [86] "N7355|lin_8|108058117|108060213|+|2096"    
 [87] "N7355|lin_X1|103492179|103494276|+|2097"   
 [88] "N7355|lin_X2|41179927|41182036|+|2109"     
 [89] "N7355|lin_4|90494066|90496191|+|2125"      
 [90] "N7355|lin_7|66881762|66883896|+|2134"      
 [91] "N7355|lin_X3|54694268|54696022|+|1754"     
 [92] "_R_N7355|lin_18|48810947|48812773|+|1826"  
 [93] "N7355|lin_3|41304691|41306599|+|1908"      
 [94] "_R_N7355|lin_4|38935178|38937151|+|1973"   
 [95] "N7355|lin_8|32590727|32592696|+|1969"      
 [96] "N7355|lin_4|90594114|90596004|+|1890"      
 [97] "_R_N7355|lin_6|69234471|69236596|+|2125"   
 [98] "_R_N7355|lin_X3|100949544|100951673|+|2129"
 [99] "N7355|lin_1|107461240|107463373|+|2133"    
[100] "N7355|lin_14|66660729|66662424|+|1695"     
[101] "_R_N7355|lin_1|122016023|122018158|+|2135" 
[102] "N7355|lin_X3|42299555|42301690|+|2135"     
[103] "N7355|lin_14|58302576|58304694|+|2118"     
[104] "N7355|lin_4|110728971|110731111|+|2140"    
[105] "_R_N7355|lin_4|94024578|94026737|+|2159"   
[106] "N7355|lin_1|69312905|69315040|+|2135"      
[107] "N7355|lin_18|8532117|8534258|+|2141"       
[108] "N7355|lin_20|75818974|75821117|+|2143"     
[109] "N7355|lin_16|20095781|20097950|+|2169"     
[110] "N7355|lin_8|76173522|76177663|+|4141"      
[111] "_R_N7355|dum_X2|168319266|168321080|+|1814"
[112] "_R_N7355|dum_10|171273375|171275522|+|2147"
[113] "_R_N7355|ten_10|168592651|168594819|+|2168"
[114] "_R_N7355|mim_14|10769455|10771581|+|2126"  
[115] "N7355|mim_4|37457193|37459347|+|2154"      
[116] "N7355|mim_8|93510762|93512930|+|2168"      
[117] "N7355|ten_8|101523827|101525962|+|2135"    
[118] "N7355|dum_9|65443722|65445856|+|2134"      
[119] "N7355|ten_2|206535046|206537208|+|2162"    
[120] "N7355|ten_10|113555551|113557707|+|2156"   
[121] "_R_N7355|ten_5|88258260|88260425|+|2165"   
[122] "_R_N7355|ten_8|117568165|117570329|+|2164" 
[123] "N7355|ten_11|47831881|47834039|+|2158"     
[124] "_R_N7355|dum_X1|105341738|105343903|+|2165"
[125] "N7355|dum_X2|110378689|110380855|+|2166"   
[126] "_R_N7355|dum_6|151008833|151011005|+|2172" 
[127] "_R_N7355|ten_1|128062718|128064887|+|2169" 
[128] "N7355|ten_X1|196949288|196951460|+|2172"   
[129] "N7355|ten_7|186313087|186315259|+|2172"    
[130] "N7355|ten_7|170081006|170083174|+|2168"    
[131] "N7355|dum_7|1229640|1231808|+|2168"        
[132] "N7355|dum_1|119790246|119792434|+|2188"    
[133] "_R_N7355|dum_6|145182867|145185000|+|2133" 
[134] "N7355|dum_9|40572145|40574042|+|1897"      
[135] "_R_N7355|dum_X1|103892867|103895028|+|2161"
[136] "_R_N7355|dum_X1|146944848|146947010|+|2162"
[137] "N7355|dum_X1|226176255|226178416|+|2161"   
[138] "_R_N7355|dum_X1|110712859|110715020|+|2161"
[139] "N7355|dum_2|78954249|78956023|+|1774"      
[140] "N7355|ten_3|226824013|226826179|+|2166"    
[141] "_R_N7355|dum_2|198505743|198507889|+|2146" 
[142] "N7355|dum_X1|29114469|29116634|+|2165"     
[143] "_R_N7355|dum_X2|71594869|71597026|+|2157"  
[144] "_R_N7355|ten_9|74556145|74558306|+|2161"   
[145] "N7355|dum_11|111146195|111148358|+|2163"   
[146] "N7355|dum_8|4558585|4560748|+|2163"        
[147] "_R_N7355|dum_8|125700348|125702497|+|2149" 
[148] "_R_N7355|dum_11|67930293|67932452|+|2159"  
[149] "_R_N7355|dum_1|151003330|151005492|+|2162" 
[150] "N7355|dum_1|258904307|258906469|+|2162"    
[151] "_R_N7355|dum_6|179747517|179749679|+|2162" 
[152] "N7355|dum_11|64530261|64532424|+|2163"     
[153] "N7355|dum_1|216835597|216837742|+|2145"    
[154] "N7355|dum_1|221449197|221451344|+|2147"    
[155] "N7355|dum_4|4458334|4460481|+|2147"        
[156] "N7355|dum_6|145180687|145182822|+|2135"    
[157] "_R_N7355|ten_X1|128465432|128467572|+|2140"
[158] "N7355|ten_1|160295480|160297641|+|2161"    
[159] "N7355|ten_6|86391951|86394101|+|2150"      
[160] "N7355|ten_11|75788387|75790517|+|2130"     
[161] "N7355|ten_12|114251626|114253765|+|2139"   
[162] "N7355|ten_8|117789566|117791721|+|2155"    
[163] "N7355|ten_4|171996458|171998614|+|2156"    
[164] "N7355|ten_7|128262482|128264639|+|2157"    
[165] "_R_N7355|ten_5|105149400|105151558|+|2158" 
[166] "N7355|ten_3|167519946|167522103|+|2157"    
[167] "N7355|ten_8|107896629|107898786|+|2157"    
[168] "_R_N7355|ten_6|207056117|207058274|+|2157" 
[169] "N7355|ten_2|62462677|62464834|+|2157"      
[170] "N7355|ten_12|26373222|26375379|+|2157"     
[171] "_R_N7355|ten_6|100067912|100070069|+|2157" 
[172] "_R_N7355|ten_3|107433819|107435977|+|2158" 
[173] "_R_N7355|ten_1|130450900|130453057|+|2157" 
[174] "N7355|ten_6|202780120|202782277|+|2157"    
[175] "_R_N7355|ten_11|6568977|6571187|+|2210"    
[176] "_R_N7355|ten_1|141193634|141195790|+|2156" 
[177] "_R_N7355|ten_X1|39021040|39023196|+|2156"  
[178] "_R_N7355|ten_2|165436473|165438612|+|2139" 
[179] "N7355|ten_5|24063390|24065546|+|2156"      
[180] "_R_N7355|ten_X2|82737058|82739241|+|2183"  
[181] "_R_N7355|ten_4|3956307|3958464|+|2157"     
[182] "_R_N7355|ten_X2|84523171|84525328|+|2157"  
[183] "N7355|ten_9|11877880|11880035|+|2155"      
[184] "_R_N7355|dum_9|6385687|6387827|+|2140"     
[185] "_R_N7355|dum_8|89468230|89470392|+|2162"   
[186] "N7355|ten_1|216097449|216099610|+|2161"    
[187] "N7355|dum_10|122865968|122868133|+|2165"   
[188] "_R_N7355|dum_4|43875660|43877803|+|2143"   
[189] "_R_N7355|dum_X1|243963287|243965430|+|2143"
[190] "N7355|dum_1|53765817|53767962|+|2145"      
