jobinfo 30048708
getting scaled timeline
 [1] "N4434|dum_4|161569806|161573319|+|3513"    
 [2] "N4434|dum_4|177849135|177852620|+|3485"    
 [3] "_R_N4434|dum_X1|16447862|16451357|+|3495"  
 [4] "_R_N4434|dum_9|11748035|11751519|+|3484"   
 [5] "_R_N4434|dum_1|157679165|157682677|+|3512" 
 [6] "N4434|dum_X2|48581911|48585431|+|3520"     
 [7] "_R_N4434|dum_4|30019908|30023428|+|3520"   
 [8] "_R_N4434|dum_4|30025796|30029292|+|3496"   
 [9] "_R_N4434|dum_4|30062316|30065802|+|3486"   
[10] "_R_N4434|dum_4|30074024|30077510|+|3486"   
[11] "_R_N4434|dum_4|30068170|30071656|+|3486"   
[12] "_R_N4434|dum_4|30079878|30083365|+|3487"   
[13] "_R_N4434|dum_4|30085733|30089242|+|3509"   
[14] "_R_N4434|dum_4|30091610|30095116|+|3506"   
[15] "_R_N4434|dum_4|30056462|30059947|+|3485"   
[16] "_R_N4434|dum_4|30014002|30017539|+|3537"   
[17] "_R_N4434|dum_4|30031660|30035155|+|3495"   
[18] "_R_N4434|dum_4|30043386|30046883|+|3497"   
[19] "_R_N4434|dum_4|30037524|30041018|+|3494"   
[20] "_R_N4434|dum_4|30097484|30100978|+|3494"   
[21] "_R_N4434|dum_1|190741307|190744816|+|3509" 
[22] "_R_N4434|dum_X1|193675154|193678654|+|3500"
[23] "_R_N4434|dum_7|56992616|56996115|+|3499"   
[24] "_R_N4434|dum_11|67982294|67985646|+|3352"  
[25] "N4434|dum_2|78811428|78814926|+|3498"      
[26] "N4434|ten_2|111049778|111053241|+|3463"    
[27] "N4434|dum_8|146756872|146760381|+|3509"    
[28] "N4434|ten_10|1295593|1298603|+|3010"       
[29] "_R_N4434|dum_X2|52311269|52314747|+|3478"  
[30] "N4434|ten_9|73584435|73587219|+|2784"      
[31] "_R_N4434|dum_7|55035794|55039261|+|3467"   
[32] "N4434|dum_11|110192945|110196488|+|3543"   
[33] "_R_N4434|dum_11|110332904|110336381|+|3477"
[34] "_R_N4434|ten_X1|222121891|222125386|+|3495"
[35] "N4434|ten_X1|222134561|222138058|+|3497"   
[36] "_R_N4434|dum_X1|243045698|243049187|+|3489"
[37] "N4434|dum_5|7806102|7809429|+|3327"        
[38] "_R_N4434|dum_4|74231418|74234176|+|2758"   
[39] "N4434|sar_7|3413266|3416530|+|3264"        
[40] "N4434|sar_9|221696996|221700264|+|3268"    
[41] "N4434|sar_11|130476291|130479554|+|3263"   
[42] "_R_N4434|sar_11|176795723|176799027|+|3304"
[43] "N4434|bic_X1|160962219|160965479|+|3260"   
