jobinfo 30048599
getting scaled timeline
  [1] "N1613|dum_10|5425794|5427190|+|1396"       
  [2] "N1613|dum_6|3055381|3056777|+|1396"        
  [3] "_R_N1613|dum_3|3555010|3556406|+|1396"     
  [4] "_R_N1613|dum_7|208040793|208042189|+|1396" 
  [5] "N1613|dum_X1|278304|279706|+|1402"         
  [6] "N1613|dum_6|1000610|1002006|+|1396"        
  [7] "_R_N1613|dum_2|290446007|290447404|+|1397" 
  [8] "_R_N1613|dum_9|189928422|189929818|+|1396" 
  [9] "_R_N1613|dum_5|6148628|6150024|+|1396"     
 [10] "_R_N1613|dum_1|147356742|147358121|+|1379" 
 [11] "_R_N1613|ten_1|199027742|199029138|+|1396" 
 [12] "_R_N1613|ten_11|91245715|91247111|+|1396"  
 [13] "N1613|ten_11|79600643|79602039|+|1396"     
 [14] "N1613|ten_3|53848739|53850135|+|1396"      
 [15] "N1613|ten_5|63837006|63838402|+|1396"      
 [16] "N1613|ten_1|163811655|163813051|+|1396"    
 [17] "_R_N1613|dum_6|10798946|10800342|+|1396"   
 [18] "_R_N1613|ten_6|8416463|8417859|+|1396"     
 [19] "N1613|dum_11|41599926|41601320|+|1394"     
 [20] "N1613|dum_5|55229293|55230687|+|1394"      
 [21] "_R_N1613|dum_1|203088063|203089458|+|1395" 
 [22] "_R_N1613|dum_5|146671917|146673313|+|1396" 
 [23] "N1613|dum_6|38342503|38343899|+|1396"      
 [24] "_R_N1613|dum_10|21317336|21318732|+|1396"  
 [25] "N1613|dum_7|59191500|59192895|+|1395"      
 [26] "_R_N1613|dum_10|6109294|6110690|+|1396"    
 [27] "_R_N1613|dum_6|1510875|1512271|+|1396"     
 [28] "_R_N1613|dum_6|3735597|3736993|+|1396"     
 [29] "_R_N1613|dum_5|2209656|2211052|+|1396"     
 [30] "N1613|dum_7|207470373|207471769|+|1396"    
 [31] "_R_N1613|dum_X1|60341|61737|+|1396"        
 [32] "N1613|dum_2|289947393|289948791|+|1398"    
 [33] "N1613|dum_9|189332445|189333841|+|1396"    
 [34] "_R_N1613|ten_5|18381534|18382930|+|1396"   
 [35] "N1613|dum_5|219466164|219467579|+|1415"    
 [36] "_R_N1613|dum_11|13181294|13182691|+|1397"  
 [37] "N1613|ten_4|149005935|149007351|+|1416"    
 [38] "_R_N1613|dum_1|157512059|157513438|+|1379" 
 [39] "_R_N1613|dum_9|151323665|151325061|+|1396" 
 [40] "N1613|ten_1|235060641|235062030|+|1389"    
 [41] "_R_N1613|dum_1|260384798|260386186|+|1388" 
 [42] "_R_N1613|dum_4|237210082|237211468|+|1386" 
 [43] "N1613|ten_4|236167324|236168710|+|1386"    
 [44] "N1613|dum_4|95919752|95921147|+|1395"      
 [45] "N1613|ten_4|75281479|75282873|+|1394"      
 [46] "_R_N1613|dum_6|168587035|168588431|+|1396" 
 [47] "N1613|ten_2|236244387|236245782|+|1395"    
 [48] "_R_N1613|ten_6|178912554|178913949|+|1395" 
 [49] "_R_N1613|dum_10|34676074|34677469|+|1395"  
 [50] "N1613|ten_10|67644410|67645792|+|1382"     
 [51] "_R_N1613|dum_6|92045587|92046975|+|1388"   
 [52] "N1613|dum_4|181593675|181595065|+|1390"    
 [53] "_R_N1613|ten_4|60742953|60744098|+|1145"   
 [54] "_R_N1613|dum_8|2868159|2869572|+|1413"     
 [55] "_R_N1613|ten_8|803623|805037|+|1414"       
 [56] "N1613|ten_4|805896|807215|+|1319"          
 [57] "_R_N1613|dum_2|54754843|54756234|+|1391"   
 [58] "_R_N1613|ten_2|58476509|58477894|+|1385"   
 [59] "_R_N1613|ten_3|238052863|238054278|+|1415" 
 [60] "N1613|dum_4|132366745|132368147|+|1402"    
 [61] "_R_N1613|dum_1|60959327|60960724|+|1397"   
 [62] "_R_N1613|ten_1|59041539|59042906|+|1367"   
 [63] "_R_N1613|dum_6|99573561|99574931|+|1370"   
 [64] "N1613|dum_11|85172824|85174213|+|1389"     
 [65] "_R_N1613|ten_11|82782401|82783800|+|1399"  
 [66] "N1613|dum_2|233590475|233591883|+|1408"    
 [67] "N1613|dum_9|92911107|92912499|+|1392"      
 [68] "_R_N1613|dum_2|70148335|70149487|+|1152"   
 [69] "_R_N1613|dum_2|70209521|70210680|+|1159"   
 [70] "_R_N1613|bic_13|12582421|12583723|+|1302"  
 [71] "_R_N1613|bic_11|147012136|147013340|+|1204"
 [72] "N1613|sar_11|67202505|67203840|+|1335"     
 [73] "N1613|dum_12|27751203|27752287|+|1084"     
 [74] "N1613|ten_12|30501022|30502115|+|1093"     
 [75] "N1613|dum_12|27777402|27778520|+|1118"     
 [76] "N1613|mim_4|75806456|75807836|+|1380"      
 [77] "N1613|lin_19|63179885|63181282|+|1397"     
 [78] "_R_N1613|lin_19|93819347|93820611|+|1264"  
 [79] "_R_N1613|mim_7|95764650|95765769|+|1119"   
 [80] "_R_N1613|lin_6|29317636|29319026|+|1390"   
 [81] "_R_N1613|lin_3|114424496|114425887|+|1391" 
 [82] "_R_N1613|lin_3|91761664|91763025|+|1361"   
 [83] "_R_N1613|mim_10|171448049|171449436|+|1387"
 [84] "_R_N1613|mim_9|229266954|229268240|+|1286" 
 [85] "_R_N1613|lin_18|124265078|124266474|+|1396"
 [86] "_R_N1613|lin_4|10734617|10736013|+|1396"   
 [87] "_R_N1613|lin_20|15090053|15091445|+|1392"  
 [88] "_R_N1613|lin_20|72446399|72447787|+|1388"  
 [89] "_R_N1613|lin_7|140934581|140935941|+|1360" 
 [90] "N1613|lin_12|3574633|3576026|+|1393"       
 [91] "N1613|lin_5|93545394|93546787|+|1393"      
 [92] "N1613|lin_19|40120731|40122124|+|1393"     
 [93] "N1613|lin_19|65974928|65976321|+|1393"     
 [94] "N1613|lin_3|54634147|54635541|+|1394"      
 [95] "N1613|lin_8|21263081|21264477|+|1396"      
 [96] "_R_N1613|lin_18|129689957|129691353|+|1396"
 [97] "N1613|lin_10|64803207|64804602|+|1395"     
 [98] "N1613|lin_12|102103492|102104622|+|1130"   
 [99] "N1613|lin_7|20381288|20382681|+|1393"      
[100] "N1613|lin_7|37440717|37442096|+|1379"      
[101] "N1613|dum_5|155573142|155574509|+|1367"    
[102] "_R_N1613|ten_5|84392679|84393952|+|1273"   
[103] "N1613|bic_8|142631868|142633257|+|1389"    
[104] "N1613|sar_8|85738716|85740080|+|1364"      
[105] "N1613|bic_5|117046292|117047537|+|1245"    
[106] "N1613|sar_5|107798346|107799436|+|1090"    
[107] "_R_N1613|bic_3|46227173|46228556|+|1383"   
[108] "_R_N1613|sar_3|11045612|11047009|+|1397"   
[109] "N1613|bic_11|63770431|63771826|+|1395"     
[110] "_R_N1613|sar_11|153755691|153757096|+|1405"
[111] "N1613|bic_3|170646213|170647606|+|1393"    
[112] "_R_N1613|sar_1|26625926|26627322|+|1396"   
[113] "_R_N1613|sar_8|9288237|9289633|+|1396"     
[114] "_R_N1613|sar_7|68336883|68338279|+|1396"   
[115] "_R_N1613|sar_2|107212437|107213832|+|1395" 
[116] "_R_N1613|sar_X1|236544436|236545832|+|1396"
[117] "_R_N1613|sar_1|158085657|158087055|+|1398" 
[118] "_R_N1613|sar_10|9632159|9633555|+|1396"    
[119] "_R_N1613|sar_5|8775231|8776621|+|1390"     
[120] "_R_N1613|sar_2|44272476|44273809|+|1333"   
[121] "_R_N1613|bic_2|37538285|37539678|+|1393"   
[122] "N1613|sar_2|37733687|37735080|+|1393"      
[123] "_R_N1613|bic_11|44947589|44948982|+|1393"  
[124] "_R_N1613|sar_5|31276153|31277536|+|1383"   
[125] "N1613|sar_14|29605848|29607165|+|1317"     
[126] "_R_N1613|bic_2|23946821|23948195|+|1374"   
[127] "N1613|sar_10|28858805|28860198|+|1393"     
[128] "N1613|sar_2|267124146|267125538|+|1392"    
[129] "N1613|sar_11|182258530|182259923|+|1393"   
[130] "N1613|sar_X2|2745311|2746706|+|1395"       
[131] "N1613|sar_X2|3773093|3774484|+|1391"       
[132] "N1613|sar_12|158616198|158617438|+|1240"   
[133] "_R_N1613|sar_14|83799467|83800862|+|1395"  
[134] "N1613|sar_9|177791721|177793112|+|1391"    
[135] "N1613|bic_13|160268557|160269963|+|1406"   
[136] "N1613|sar_14|106808371|106809764|+|1393"   
[137] "N1613|bic_3|95038957|95040351|+|1394"      
[138] "N1613|bic_12|115452846|115454239|+|1393"   
[139] "N1613|bic_12|115477547|115478940|+|1393"   
[140] "N1613|bic_12|115511864|115513257|+|1393"   
[141] "N1613|bic_12|115465198|115466584|+|1386"   
[142] "N1613|bic_12|115488987|115490373|+|1386"   
[143] "N1613|bic_12|115500425|115501811|+|1386"   
[144] "N1613|bic_12|115523311|115524697|+|1386"   
[145] "_R_N1613|bic_12|115536776|115538165|+|1389"
[146] "N1613|sar_12|69903709|69905104|+|1395"     
[147] "N1613|bic_2|22307396|22308789|+|1393"      
[148] "N1613|bic_5|47259607|47260999|+|1392"      
[149] "N1613|bic_X2|174863757|174864985|+|1228"   
[150] "_R_N1613|sar_X2|213381634|213382837|+|1203"
[151] "N1613|sar_6|107873300|107874696|+|1396"    
[152] "N1613|sar_10|157897336|157898509|+|1173"   
[153] "N1613|bic_10|143102073|143103205|+|1132"   
