jobinfo 30048765
getting scaled timeline
  [1] "N6283|dum_1|274835702|274838093|+|2391"    
  [2] "_R_N6283|dum_X1|172831287|172833572|+|2285"
  [3] "N6283|ten_X1|151665712|151667749|+|2037"   
  [4] "N6283|dum_3|3237730|3240123|+|2393"        
  [5] "N6283|dum_1|149632465|149634850|+|2385"    
  [6] "N6283|ten_10|126949186|126951571|+|2385"   
  [7] "N6283|ten_3|134470427|134472831|+|2404"    
  [8] "N6283|ten_X1|120480527|120482901|+|2374"   
  [9] "N6283|ten_X1|120488800|120491179|+|2379"   
 [10] "_R_N6283|ten_X2|119725653|119728029|+|2376"
 [11] "_R_N6283|dum_X1|146562078|146564422|+|2344"
 [12] "N6283|dum_X1|143831164|143833348|+|2184"   
 [13] "_R_N6283|dum_X1|146041810|146044095|+|2285"
 [14] "N6283|dum_X1|143546713|143549067|+|2354"   
 [15] "_R_N6283|dum_X1|143213511|143215889|+|2378"
 [16] "N6283|dum_X1|143465522|143467815|+|2293"   
 [17] "_R_N6283|dum_X1|145248105|145250462|+|2357"
 [18] "_R_N6283|dum_X1|145966152|145968506|+|2354"
 [19] "N6283|dum_X1|145215256|145217637|+|2381"   
 [20] "N6283|dum_X1|145941354|145943733|+|2379"   
 [21] "_R_N6283|dum_X1|143573120|143575499|+|2379"
 [22] "N6283|dum_X1|144553284|144555663|+|2379"   
 [23] "N6283|dum_X1|144746789|144749161|+|2372"   
 [24] "_R_N6283|dum_X1|146328189|146330568|+|2379"
 [25] "N6283|dum_X1|144278085|144280471|+|2386"   
 [26] "_R_N6283|dum_X1|144332614|144334985|+|2371"
 [27] "_R_N6283|dum_X1|143678359|143680708|+|2349"
 [28] "N6283|dum_X1|143753905|143756251|+|2346"   
 [29] "N6283|dum_X1|70298066|70300430|+|2364"     
 [30] "_R_N6283|ten_2|114260812|114263196|+|2384" 
 [31] "N6283|dum_8|136804553|136806951|+|2398"    
 [32] "N6283|dum_X1|176723835|176725723|+|1888"   
 [33] "_R_N6283|ten_8|64906284|64908674|+|2390"   
 [34] "N6283|dum_1|149936933|149939316|+|2383"    
 [35] "_R_N6283|dum_8|128740722|128743057|+|2335" 
 [36] "N6283|ten_6|70217621|70220004|+|2383"      
 [37] "_R_N6283|dum_1|167320606|167323008|+|2402" 
 [38] "_R_N6283|ten_X1|2158012|2160076|+|2064"    
 [39] "N6283|ten_7|116065035|116067420|+|2385"    
 [40] "_R_N6283|ten_X2|129082853|129085217|+|2364"
 [41] "N6283|ten_5|81828968|81831196|+|2228"      
 [42] "N6283|dum_1|148017614|148020002|+|2388"    
 [43] "N6283|ten_6|219960623|219962602|+|1979"    
 [44] "N6283|ten_8|131235359|131237774|+|2415"    
 [45] "_R_N6283|ten_X2|45200949|45203329|+|2380"  
 [46] "_R_N6283|ten_11|114516453|114518850|+|2397"
 [47] "_R_N6283|dum_11|25865317|25867525|+|2208"  
 [48] "_R_N6283|ten_11|2028718|2031003|+|2285"    
 [49] "N6283|ten_11|29273393|29275669|+|2276"     
 [50] "_R_N6283|dum_9|66885292|66887689|+|2397"   
 [51] "N6283|dum_9|79892633|79895025|+|2392"      
 [52] "N6283|ten_X2|157751324|157753508|+|2184"   
 [53] "N6283|dum_10|101787491|101789856|+|2365"   
 [54] "N6283|dum_9|84603516|84605866|+|2350"      
 [55] "_R_N6283|dum_X2|135049016|135051226|+|2210"
 [56] "_R_N6283|dum_8|115262976|115265365|+|2389" 
 [57] "_R_N6283|dum_4|90172082|90174477|+|2395"   
 [58] "_R_N6283|ten_X1|239585434|239587833|+|2399"
 [59] "N6283|dum_X2|55574504|55576899|+|2395"     
 [60] "N6283|dum_1|133993620|133995985|+|2365"    
 [61] "N6283|dum_2|142447216|142448959|+|1743"    
 [62] "N6283|ten_5|107643059|107645429|+|2370"    
 [63] "N6283|ten_X2|79250794|79253161|+|2367"     
 [64] "N6283|ten_3|62938106|62940477|+|2371"      
 [65] "N6283|ten_X1|4921809|4924180|+|2371"       
 [66] "_R_N6283|ten_1|109982846|109985231|+|2385" 
 [67] "N6283|ten_4|103428391|103430761|+|2370"    
 [68] "_R_N6283|ten_4|114469809|114472192|+|2383" 
 [69] "_R_N6283|ten_X2|70546965|70549348|+|2383"  
 [70] "_R_N6283|ten_X1|110945313|110947580|+|2267"
 [71] "_R_N6283|dum_11|111104094|111106345|+|2251"
 [72] "N6283|ten_11|73864513|73866798|+|2285"     
 [73] "_R_N6283|dum_X1|6496032|6498084|+|2052"    
 [74] "N6283|dum_12|124398580|124400419|+|1839"   
 [75] "N6283|dum_3|174630256|174632514|+|2258"    
 [76] "N6283|dum_11|54385375|54387760|+|2385"     
 [77] "N6283|ten_11|105487865|105490254|+|2389"   
 [78] "_R_N6283|dum_2|219313102|219315491|+|2389" 
 [79] "N6283|dum_1|130153934|130156317|+|2383"    
 [80] "_R_N6283|ten_X1|155505085|155507252|+|2167"
 [81] "N6283|dum_11|77276233|77278621|+|2388"     
 [82] "_R_N6283|ten_11|97483952|97486357|+|2405"  
 [83] "N6283|ten_1|176444353|176446074|+|1721"    
 [84] "N6283|ten_X1|128655405|128657793|+|2388"   
 [85] "N6283|dum_11|88447293|88449658|+|2365"     
 [86] "_R_N6283|ten_7|94730885|94733268|+|2383"   
 [87] "_R_N6283|dum_11|133140766|133143148|+|2382"
 [88] "_R_N6283|dum_3|273515576|273517305|+|1729" 
 [89] "N6283|ten_11|65591253|65593120|+|1867"     
 [90] "_R_N6283|dum_11|45922789|45925137|+|2348"  
 [91] "N6283|dum_11|114075865|114077732|+|1867"   
 [92] "N6283|dum_X2|200394950|200397331|+|2381"   
 [93] "_R_N6283|dum_X2|204132238|204134614|+|2376"
 [94] "N6283|dum_4|8745060|8746973|+|1913"        
 [95] "_R_N6283|dum_9|95068896|95071123|+|2227"   
 [96] "_R_N6283|ten_1|215008061|215010481|+|2420" 
 [97] "_R_N6283|ten_1|127521277|127523692|+|2415" 
 [98] "_R_N6283|ten_8|7224613|7226740|+|2127"     
 [99] "N6283|dum_2|110952599|110955001|+|2402"    
[100] "N6283|ten_2|115548971|115551333|+|2362"    
[101] "N6283|dum_9|109557028|109559421|+|2393"    
[102] "N6283|ten_9|70277857|70280254|+|2397"      
[103] "N6283|dum_2|145914824|145917036|+|2212"    
[104] "_R_N6283|ten_1|191990957|191993352|+|2395" 
[105] "N6283|ten_1|152062841|152065218|+|2377"    
[106] "N6283|dum_X1|4056486|4058861|+|2375"       
[107] "N6283|ten_11|14053157|14054980|+|1823"     
[108] "_R_N6283|dum_11|39720428|39722249|+|1821"  
[109] "_R_N6283|dum_11|19574846|19576667|+|1821"  
[110] "_R_N6283|dum_6|164367068|164369439|+|2371" 
[111] "N6283|ten_3|111784330|111786692|+|2362"    
[112] "N6283|dum_1|159173511|159175333|+|1822"    
[113] "_R_N6283|dum_2|26922106|26923918|+|1812"   
[114] "_R_N6283|ten_2|31836456|31838270|+|1814"   
[115] "N6283|dum_2|226378813|226380912|+|2099"    
[116] "N6283|dum_4|64083660|64086011|+|2351"      
[117] "_R_N6283|ten_4|166262997|166265350|+|2353" 
[118] "_R_N6283|dum_1|193328729|193331111|+|2382" 
[119] "_R_N6283|dum_X1|144069320|144071370|+|2050"
[120] "_R_N6283|dum_X1|144771838|144774249|+|2411"
[121] "N6283|dum_X1|70161497|70163903|+|2406"     
[122] "N6283|dum_3|174661253|174663644|+|2391"    
[123] "N6283|ten_3|167550048|167552206|+|2158"    
[124] "_R_N6283|ten_9|54710687|54713052|+|2365"   
[125] "N6283|dum_1|148079986|148082219|+|2233"    
[126] "N6283|ten_1|112454639|112457041|+|2402"    
[127] "N6283|dum_1|117986131|117988511|+|2380"    
