jobinfo 30048961
getting scaled timeline
  [1] "N7525|ten_5|41612917|41613945|+|1028"      
  [2] "_R_N7525|ten_2|96376056|96377084|+|1028"   
  [3] "_R_N7525|ten_X1|214347989|214349016|+|1027"
  [4] "_R_N7525|ten_7|184260515|184261542|+|1027" 
  [5] "_R_N7525|ten_7|184257578|184258605|+|1027" 
  [6] "_R_N7525|ten_7|184254642|184255669|+|1027" 
  [7] "_R_N7525|ten_7|184251699|184252726|+|1027" 
  [8] "_R_N7525|ten_7|184228482|184229509|+|1027" 
  [9] "_R_N7525|ten_7|184219668|184220695|+|1027" 
 [10] "_R_N7525|ten_7|184216757|184217784|+|1027" 
 [11] "_R_N7525|ten_7|184213821|184214848|+|1027" 
 [12] "_R_N7525|ten_7|184210911|184211938|+|1027" 
 [13] "_R_N7525|ten_7|184205686|184206713|+|1027" 
 [14] "_R_N7525|ten_7|184202742|184203769|+|1027" 
 [15] "_R_N7525|ten_7|184199834|184200861|+|1027" 
 [16] "_R_N7525|ten_7|184196897|184197924|+|1027" 
 [17] "_R_N7525|ten_7|184193956|184194983|+|1027" 
 [18] "_R_N7525|ten_7|184185139|184186166|+|1027" 
 [19] "_R_N7525|ten_7|184182202|184183229|+|1027" 
 [20] "_R_N7525|ten_7|184179266|184180293|+|1027" 
 [21] "_R_N7525|ten_7|184176328|184177355|+|1027" 
 [22] "_R_N7525|ten_7|184173390|184174417|+|1027" 
 [23] "N7525|ten_2|112437215|112438242|+|1027"    
 [24] "_R_N7525|ten_12|139353970|139354997|+|1027"
 [25] "_R_N7525|ten_12|139348124|139349151|+|1027"
 [26] "_R_N7525|ten_12|139336402|139337429|+|1027"
 [27] "_R_N7525|ten_12|139333465|139334492|+|1027"
 [28] "_R_N7525|ten_12|139315083|139316110|+|1027"
 [29] "_R_N7525|ten_12|139312147|139313174|+|1027"
 [30] "_R_N7525|ten_12|139309212|139310239|+|1027"
 [31] "_R_N7525|ten_12|139306275|139307302|+|1027"
 [32] "_R_N7525|ten_12|106238647|106239674|+|1027"
 [33] "_R_N7525|ten_7|184231424|184232451|+|1027" 
 [34] "_R_N7525|ten_7|184239999|184241026|+|1027" 
 [35] "N7525|ten_X2|51223856|51224883|+|1027"     
 [36] "_R_N7525|ten_12|139339336|139340362|+|1026"
 [37] "_R_N7525|ten_12|139342266|139343292|+|1026"
 [38] "_R_N7525|ten_12|139303367|139304393|+|1026"
 [39] "N7525|ten_5|43578835|43579745|+|910"       
 [40] "N7525|ten_5|43580879|43581789|+|910"       
 [41] "_R_N7525|ten_7|184222605|184223630|+|1025" 
 [42] "_R_N7525|ten_7|77756269|77757293|+|1024"   
 [43] "_R_N7525|ten_7|184208595|184209490|+|895"  
 [44] "_R_N7525|ten_11|49559149|49560029|+|880"   
 [45] "_R_N7525|ten_2|9236616|9237634|+|1018"     
 [46] "_R_N7525|ten_7|184225546|184226573|+|1027" 
 [47] "_R_N7525|ten_5|149157882|149158909|+|1027" 
 [48] "N7525|ten_X2|92407462|92408489|+|1027"     
 [49] "_R_N7525|ten_7|184271882|184272909|+|1027" 
 [50] "_R_N7525|ten_8|65614568|65615596|+|1028"   
 [51] "_R_N7525|ten_2|5089418|5090445|+|1027"     
 [52] "_R_N7525|ten_6|169613494|169614521|+|1027" 
 [53] "_R_N7525|ten_2|24538271|24539298|+|1027"   
 [54] "_R_N7525|ten_3|14777124|14778151|+|1027"   
 [55] "_R_N7525|ten_3|274183061|274184088|+|1027" 
 [56] "N7525|ten_7|139382908|139383935|+|1027"    
 [57] "N7525|ten_7|164576550|164577577|+|1027"    
 [58] "_R_N7525|ten_X2|70967490|70968517|+|1027"  
 [59] "_R_N7525|ten_8|23716340|23717367|+|1027"   
 [60] "_R_N7525|ten_7|109371703|109372729|+|1026" 
 [61] "N7525|ten_11|77880773|77881801|+|1028"     
 [62] "_R_N7525|ten_5|38958356|38959383|+|1027"   
 [63] "_R_N7525|ten_12|139345202|139346213|+|1011"
 [64] "_R_N7525|ten_12|139320608|139321636|+|1028"
 [65] "_R_N7525|ten_7|184188073|184189101|+|1028" 
 [66] "_R_N7525|ten_7|184191019|184192047|+|1028" 
 [67] "N7525|ten_2|4245934|4246963|+|1029"        
 [68] "_R_N7525|ten_1|45718694|45719722|+|1028"   
 [69] "N7525|ten_X1|231303478|231304507|+|1029"   
 [70] "_R_N7525|ten_9|38925638|38926666|+|1028"   
 [71] "_R_N7525|ten_X1|187235459|187236479|+|1020"
 [72] "_R_N7525|ten_3|250381324|250382355|+|1031" 
 [73] "N7525|ten_X2|20347326|20348357|+|1031"     
 [74] "_R_N7525|ten_12|37926958|37927984|+|1026"  
 [75] "_R_N7525|ten_12|139351059|139352085|+|1026"
 [76] "N7525|ten_1|144564862|144565889|+|1027"    
 [77] "N7525|ten_1|204621861|204622888|+|1027"    
 [78] "_R_N7525|ten_2|229464395|229465417|+|1022" 
 [79] "_R_N7525|ten_11|96412591|96413618|+|1027"  
 [80] "N7525|ten_3|260838001|260839028|+|1027"    
 [81] "_R_N7525|dum_5|150350890|150351920|+|1030" 
 [82] "N7525|ten_5|89954385|89955412|+|1027"      
 [83] "_R_N7525|dum_4|161998752|161999782|+|1030" 
 [84] "_R_N7525|ten_4|66284367|66285397|+|1030"   
 [85] "_R_N7525|dum_8|104887131|104888158|+|1027" 
 [86] "N7525|dum_9|3701130|3702160|+|1030"        
 [87] "N7525|ten_5|20534448|20535478|+|1030"      
 [88] "_R_N7525|dum_2|59946702|59947731|+|1029"   
 [89] "_R_N7525|dum_2|59949802|59950832|+|1030"   
 [90] "_R_N7525|ten_2|63659987|63661016|+|1029"   
 [91] "N7525|dum_9|15949097|15950128|+|1031"      
 [92] "_R_N7525|ten_9|159303779|159304808|+|1029" 
 [93] "_R_N7525|ten_8|51743865|51744893|+|1028"   
 [94] "_R_N7525|dum_6|75769418|75770448|+|1030"   
 [95] "N7525|ten_1|109410040|109411047|+|1007"    
 [96] "N7525|ten_7|64233711|64234721|+|1010"      
 [97] "N7525|dum_6|193223823|193224850|+|1027"    
 [98] "N7525|ten_6|203316193|203317217|+|1024"    
 [99] "_R_N7525|dum_11|81046751|81047768|+|1017"  
[100] "N7525|ten_11|100172697|100173723|+|1026"   
[101] "N7525|dum_5|131303715|131304742|+|1027"    
[102] "N7525|ten_11|11839933|11840963|+|1030"     
[103] "N7525|dum_4|75335368|75336391|+|1023"      
[104] "_R_N7525|ten_4|156255026|156256056|+|1030" 
[105] "N7525|dum_7|151361828|151362838|+|1010"    
[106] "N7525|dum_10|63607698|63608728|+|1030"     
[107] "N7525|dum_2|209087814|209088843|+|1029"    
[108] "N7525|ten_10|38360577|38361608|+|1031"     
[109] "N7525|ten_6|200260685|200261714|+|1029"    
[110] "_R_N7525|ten_3|181752128|181753163|+|1035" 
[111] "_R_N7525|ten_11|58323378|58324405|+|1027"  
[112] "N7525|ten_12|68032482|68033504|+|1022"     
[113] "_R_N7525|ten_2|11262034|11263061|+|1027"   
[114] "_R_N7525|ten_X2|205465647|205466677|+|1030"
[115] "_R_N7525|ten_X1|186662915|186663945|+|1030"
[116] "N7525|dum_2|117640831|117641858|+|1027"    
[117] "N7525|dum_4|26088777|26089804|+|1027"      
[118] "N7525|ten_10|46224774|46225810|+|1036"     
[119] "_R_N7525|ten_6|151557488|151558524|+|1036" 
[120] "N7525|ten_4|208712848|208713885|+|1037"    
[121] "N7525|ten_2|114243134|114244171|+|1037"    
[122] "N7525|ten_2|226658822|226659857|+|1035"    
[123] "N7525|ten_6|90039188|90040225|+|1037"      
[124] "N7525|ten_8|68847620|68848644|+|1024"      
[125] "N7525|ten_11|101248299|101249334|+|1035"   
[126] "N7525|ten_11|102656869|102657901|+|1032"   
[127] "N7525|ten_11|101729769|101730804|+|1035"   
[128] "N7525|dum_1|153999479|154000515|+|1036"    
[129] "_R_N7525|dum_X1|51962262|51963297|+|1035"  
[130] "_R_N7525|ten_7|184263453|184264484|+|1031" 
[131] "_R_N7525|ten_7|184438444|184439475|+|1031" 
[132] "_R_N7525|ten_7|184484022|184485053|+|1031" 
[133] "N7525|ten_3|209689637|209690659|+|1022"    
[134] "N7525|ten_1|57465491|57466531|+|1040"      
[135] "N7525|ten_2|18103878|18104914|+|1036"      
[136] "_R_N7525|ten_7|138040183|138041196|+|1013" 
[137] "N7525|ten_3|217652921|217653957|+|1036"    
[138] "_R_N7525|ten_3|29487449|29488476|+|1027"   
[139] "N7525|ten_4|197393023|197394046|+|1023"    
[140] "_R_N7525|ten_9|96280996|96282023|+|1027"   
[141] "N7525|ten_3|23236103|23237130|+|1027"      
[142] "_R_N7525|ten_3|213564078|213565108|+|1030" 
[143] "_R_N7525|ten_X2|23339310|23340337|+|1027"  
[144] "_R_N7525|ten_3|128996916|128997948|+|1032" 
[145] "N7525|ten_3|78313221|78314248|+|1027"      
[146] "N7525|ten_10|139972441|139973456|+|1015"   
[147] "_R_N7525|ten_12|135873492|135874507|+|1015"
[148] "_R_N7525|ten_3|243626379|243627406|+|1027" 
[149] "_R_N7525|ten_7|32755099|32756127|+|1028"   
[150] "N7525|ten_X2|63374321|63375350|+|1029"     
[151] "_R_N7525|ten_9|64072000|64073028|+|1028"   
[152] "N7525|ten_12|132823605|132824635|+|1030"   
[153] "N7525|ten_3|120862764|120863792|+|1028"    
[154] "N7525|ten_8|37265507|37266535|+|1028"      
[155] "_R_N7525|ten_6|70271803|70272830|+|1027"   
[156] "N7525|ten_1|246251017|246252045|+|1028"    
[157] "N7525|ten_1|277929719|277930747|+|1028"    
[158] "N7525|ten_7|119453097|119454127|+|1030"    
[159] "_R_N7525|ten_2|172251333|172252363|+|1030" 
[160] "_R_N7525|ten_5|129761369|129762399|+|1030" 
[161] "N7525|ten_X2|46567719|46568747|+|1028"     
[162] "_R_N7525|ten_2|30694795|30695823|+|1028"   
[163] "_R_N7525|ten_1|32361924|32362952|+|1028"   
[164] "N7525|ten_X2|50692463|50693491|+|1028"     
[165] "_R_N7525|dum_4|16493364|16494379|+|1015"   
[166] "N7525|ten_3|216992943|216993969|+|1026"    
[167] "N7525|dum_1|59394734|59395753|+|1019"      
[168] "_R_N7525|dum_2|46114164|46115183|+|1019"   
[169] "N7525|dum_5|226251606|226252638|+|1032"    
[170] "_R_N7525|dum_2|219550285|219551314|+|1029" 
[171] "N7525|ten_11|63002630|63003666|+|1036"     
[172] "N7525|dum_11|35140661|35141691|+|1030"     
[173] "_R_N7525|dum_9|185480314|185481345|+|1031" 
[174] "N7525|ten_5|2843629|2844650|+|1021"        
[175] "N7525|ten_5|19117651|19118683|+|1032"      
[176] "_R_N7525|ten_6|136594381|136595410|+|1029" 
[177] "_R_N7525|ten_X2|9631142|9632167|+|1025"    
[178] "N7525|ten_7|184966382|184967411|+|1029"    
[179] "N7525|ten_10|111618764|111619796|+|1032"   
[180] "N7525|ten_6|151699666|151700700|+|1034"    
[181] "_R_N7525|ten_9|132052537|132053569|+|1032" 
[182] "N7525|dum_3|180453030|180454056|+|1026"    
[183] "N7525|ten_5|19237712|19238742|+|1030"      
[184] "_R_N7525|dum_1|273323245|273324274|+|1029" 
[185] "N7525|ten_3|187861215|187862243|+|1028"    
[186] "_R_N7525|ten_12|27748284|27749312|+|1028"  
[187] "_R_N7525|ten_X1|13724044|13725072|+|1028"  
[188] "N7525|dum_12|76924|77951|+|1027"           
[189] "N7525|dum_3|101175728|101176754|+|1026"    
[190] "N7525|dum_7|16552825|16553843|+|1018"      
[191] "_R_N7525|dum_8|177437048|177438066|+|1018" 
[192] "N7525|dum_4|200259778|200260808|+|1030"    
[193] "N7525|ten_6|184498982|184500011|+|1029"    
[194] "N7525|ten_6|60380645|60381674|+|1029"      
[195] "N7525|dum_12|124366158|124367188|+|1030"   
[196] "N7525|dum_12|19911256|19912304|+|1048"     
[197] "N7525|dum_3|131255861|131256914|+|1053"    
[198] "N7525|dum_3|274281449|274282496|+|1047"    
[199] "_R_N7525|dum_6|49649803|49650851|+|1048"   
[200] "_R_N7525|dum_10|109343210|109344239|+|1029"
[201] "N7525|ten_1|235565770|235566796|+|1026"    
[202] "N7525|ten_X1|21437664|21438689|+|1025"     
[203] "_R_N7525|ten_4|132395987|132397017|+|1030" 
[204] "_R_N7525|ten_4|208934866|208935897|+|1031" 
[205] "_R_N7525|dum_5|161270059|161271090|+|1031" 
[206] "_R_N7525|dum_X1|103479978|103481005|+|1027"
[207] "_R_N7525|dum_6|126746363|126747389|+|1026" 
[208] "N7525|dum_5|51351447|51352474|+|1027"      
[209] "N7525|dum_5|51361402|51362432|+|1030"      
[210] "N7525|dum_3|258593267|258594294|+|1027"    
[211] "N7525|dum_9|14120436|14121461|+|1025"      
[212] "N7525|dum_9|15265785|15266830|+|1045"      
[213] "_R_N7525|dum_10|91345429|91346458|+|1029"  
[214] "_R_N7525|dum_12|61588305|61589334|+|1029"  
[215] "_R_N7525|ten_9|143392018|143393047|+|1029" 
[216] "N7525|ten_X2|159421578|159422608|+|1030"   
[217] "N7525|ten_6|184497840|184498735|+|895"     
[218] "N7525|dum_11|114321359|114322376|+|1017"   
[219] "N7525|ten_6|184506670|184507566|+|896"     
[220] "N7525|dum_11|146800325|146801354|+|1029"   
[221] "N7525|ten_11|20435294|20436325|+|1031"     
[222] "N7525|dum_10|116752237|116753267|+|1030"   
[223] "N7525|dum_10|116758342|116759372|+|1030"   
[224] "N7525|dum_10|116733925|116734955|+|1030"   
[225] "N7525|dum_10|116740029|116741059|+|1030"   
[226] "N7525|dum_10|116727818|116728850|+|1032"   
[227] "N7525|dum_10|116746134|116747162|+|1028"   
[228] "N7525|dum_9|110592837|110593859|+|1022"    
[229] "_R_N7525|ten_9|29030320|29031352|+|1032"   
[230] "N7525|dum_11|37932086|37933116|+|1030"     
[231] "_R_N7525|dum_11|114036714|114037741|+|1027"
[232] "_R_N7525|dum_7|180555483|180556510|+|1027" 
[233] "_R_N7525|dum_2|8743414|8744440|+|1026"     
[234] "N7525|dum_2|176555227|176556253|+|1026"    
[235] "N7525|dum_4|227003102|227004128|+|1026"    
[236] "_R_N7525|dum_8|177749191|177750217|+|1026" 
[237] "_R_N7525|dum_X1|173740181|173741207|+|1026"
[238] "N7525|dum_8|29432298|29433324|+|1026"      
[239] "_R_N7525|dum_4|150282162|150283188|+|1026" 
[240] "_R_N7525|dum_8|13532105|13533133|+|1028"   
[241] "N7525|ten_7|24615705|24616721|+|1016"      
[242] "_R_N7525|ten_3|246919471|246920527|+|1056" 
[243] "N7525|dum_X2|53559123|53560168|+|1045"     
[244] "N7525|dum_6|132400798|132401828|+|1030"    
[245] "N7525|dum_2|102632856|102633880|+|1024"    
[246] "_R_N7525|dum_7|119072288|119073312|+|1024" 
[247] "_R_N7525|dum_4|139753268|139754293|+|1025" 
[248] "_R_N7525|dum_4|185037414|185038442|+|1028" 
[249] "N7525|dum_5|173616504|173617529|+|1025"    
[250] "_R_N7525|ten_11|7710100|7711127|+|1027"    
[251] "_R_N7525|ten_11|8040711|8041737|+|1026"    
[252] "_R_N7525|dum_3|272968839|272969868|+|1029" 
[253] "N7525|dum_1|202729640|202730664|+|1024"    
[254] "_R_N7525|ten_1|121782734|121783764|+|1030" 
[255] "N7525|ten_X1|206820165|206821195|+|1030"   
[256] "N7525|ten_10|28981501|28982534|+|1033"     
[257] "_R_N7525|dum_4|198291289|198292310|+|1021" 
[258] "_R_N7525|dum_1|175645686|175646715|+|1029" 
[259] "_R_N7525|ten_1|213127670|213128688|+|1018" 
[260] "_R_N7525|dum_7|167430150|167431178|+|1028" 
[261] "_R_N7525|dum_5|20792970|20794018|+|1048"   
[262] "N7525|dum_7|22404498|22405525|+|1027"      
[263] "N7525|dum_9|19084306|19085323|+|1017"      
[264] "N7525|ten_2|252051556|252052587|+|1031"    
[265] "N7525|ten_4|68732597|68733628|+|1031"      
[266] "_R_N7525|ten_2|181571126|181572157|+|1031" 
[267] "N7525|ten_X1|226339833|226340864|+|1031"   
[268] "N7525|ten_3|272166215|272167248|+|1033"    
[269] "_R_N7525|ten_7|32749352|32750380|+|1028"   
[270] "N7525|ten_3|275235328|275236358|+|1030"    
[271] "_R_N7525|ten_4|230867496|230868524|+|1028" 
[272] "_R_N7525|dum_10|161464100|161465116|+|1016"
[273] "N7525|dum_3|13555182|13556197|+|1015"      
[274] "_R_N7525|ten_2|25396090|25397120|+|1030"   
[275] "N7525|ten_10|61379585|61380611|+|1026"     
[276] "_R_N7525|ten_1|59217986|59219011|+|1025"   
[277] "N7525|ten_7|19131224|19132259|+|1035"      
[278] "N7525|ten_3|172311923|172312952|+|1029"    
[279] "_R_N7525|ten_1|26083672|26084699|+|1027"   
[280] "_R_N7525|ten_4|145210632|145211659|+|1027" 
[281] "_R_N7525|ten_6|103094225|103095252|+|1027" 
[282] "N7525|ten_9|158600260|158601288|+|1028"    
[283] "_R_N7525|dum_2|123842799|123843830|+|1031" 
[284] "_R_N7525|dum_9|134121945|134122976|+|1031" 
[285] "N7525|ten_2|126843869|126844901|+|1032"    
[286] "_R_N7525|dum_2|53481583|53482616|+|1033"   
[287] "N7525|ten_6|179190103|179191136|+|1033"    
[288] "N7525|ten_1|285952656|285953683|+|1027"    
[289] "N7525|ten_1|286495360|286496387|+|1027"    
[290] "N7525|ten_10|95255077|95256104|+|1027"     
[291] "N7525|ten_3|250371339|250372371|+|1032"    
[292] "_R_N7525|ten_3|95891545|95892579|+|1034"   
[293] "_R_N7525|ten_10|125619855|125620886|+|1031"
[294] "_R_N7525|ten_7|161303299|161304336|+|1037" 
[295] "N7525|ten_5|205880661|205881693|+|1032"    
[296] "_R_N7525|ten_1|150694935|150695964|+|1029" 
[297] "N7525|ten_10|177939683|177940712|+|1029"   
[298] "N7525|dum_6|63505735|63506762|+|1027"      
[299] "N7525|dum_2|32672780|32673813|+|1033"      
[300] "_R_N7525|dum_5|41597301|41598352|+|1051"   
[301] "_R_N7525|dum_4|8914178|8915207|+|1029"     
[302] "N7525|dum_9|112799535|112800564|+|1029"    
[303] "N7525|dum_1|201421082|201422112|+|1030"    
[304] "_R_N7525|dum_X1|172175774|172176804|+|1030"
[305] "_R_N7525|dum_5|229330565|229331596|+|1031" 
[306] "N7525|dum_5|142713117|142714146|+|1029"    
[307] "N7525|dum_5|142719234|142720263|+|1029"    
[308] "N7525|dum_5|142725384|142726413|+|1029"    
[309] "N7525|dum_11|109157623|109158652|+|1029"   
[310] "_R_N7525|dum_X2|132078099|132079126|+|1027"
[311] "N7525|ten_X2|191572713|191573745|+|1032"   
[312] "_R_N7525|ten_5|130230321|130231352|+|1031" 
[313] "N7525|ten_12|123603514|123604531|+|1017"   
[314] "_R_N7525|ten_12|124124791|124125819|+|1028"
[315] "_R_N7525|ten_3|839454|840482|+|1028"       
[316] "_R_N7525|ten_1|233373744|233374772|+|1028" 
[317] "N7525|ten_2|226059848|226060876|+|1028"    
[318] "_R_N7525|ten_2|157850286|157851314|+|1028" 
[319] "N7525|ten_2|89797307|89798335|+|1028"      
[320] "_R_N7525|ten_2|109146952|109147981|+|1029" 
[321] "N7525|ten_3|182118853|182119881|+|1028"    
[322] "_R_N7525|dum_2|52230361|52231389|+|1028"   
[323] "N7525|ten_7|122315029|122316060|+|1031"    
[324] "N7525|ten_1|286542463|286543493|+|1030"    
[325] "N7525|ten_4|96588136|96589167|+|1031"      
[326] "_R_N7525|ten_9|60492600|60493629|+|1029"   
[327] "_R_N7525|ten_X1|98721243|98722271|+|1028"  
[328] "N7525|ten_X2|112361182|112362057|+|875"    
[329] "N7525|ten_4|208289179|208290198|+|1019"    
[330] "_R_N7525|ten_3|129541484|129542494|+|1010" 
[331] "N7525|dum_4|67106135|67107055|+|920"       
[332] "_R_N7525|dum_4|67113485|67114513|+|1028"   
[333] "N7525|ten_4|101292146|101293159|+|1013"    
[334] "N7525|ten_6|142145719|142146732|+|1013"    
[335] "N7525|ten_1|232116344|232117357|+|1013"    
[336] "N7525|ten_4|172623829|172624863|+|1034"    
[337] "N7525|dum_9|31342649|31343681|+|1032"      
[338] "N7525|ten_7|78281095|78281970|+|875"       
[339] "_R_N7525|ten_4|164830602|164831613|+|1011" 
[340] "N7525|dum_9|32351393|32352421|+|1028"      
[341] "N7525|ten_1|205899353|205900410|+|1057"    
[342] "_R_N7525|dum_1|103580236|103581270|+|1034" 
[343] "N7525|ten_7|39288651|39289637|+|986"       
[344] "N7525|ten_X1|209461964|209462997|+|1033"   
[345] "N7525|dum_5|134292953|134293985|+|1032"    
[346] "_R_N7525|dum_5|54954205|54955232|+|1027"   
[347] "_R_N7525|dum_5|54984906|54985940|+|1034"   
[348] "N7525|dum_11|120710062|120711096|+|1034"   
[349] "N7525|dum_4|138852545|138853590|+|1045"    
[350] "_R_N7525|ten_9|45795024|45795997|+|973"    
[351] "N7525|dum_1|137851354|137852386|+|1032"    
[352] "_R_N7525|ten_12|62855320|62856362|+|1042"  
[353] "_R_N7525|ten_5|25310216|25311255|+|1039"   
[354] "_R_N7525|ten_9|57408161|57409201|+|1040"   
[355] "_R_N7525|ten_3|100674638|100675659|+|1021" 
[356] "_R_N7525|ten_2|260784604|260785630|+|1026" 
[357] "N7525|ten_4|115384144|115385171|+|1027"    
[358] "N7525|ten_4|47348254|47349278|+|1024"      
[359] "N7525|ten_5|122326689|122327719|+|1030"    
[360] "_R_N7525|ten_X1|207984002|207985022|+|1020"
[361] "N7525|ten_11|77887357|77888371|+|1014"     
[362] "_R_N7525|ten_6|6101440|6102454|+|1014"     
[363] "N7525|ten_12|60687170|60688184|+|1014"     
[364] "N7525|ten_X2|151684544|151685557|+|1013"   
[365] "N7525|ten_2|131930450|131931467|+|1017"    
[366] "_R_N7525|dum_X1|251826908|251827928|+|1020"
[367] "N7525|ten_7|111356762|111357761|+|999"     
[368] "N7525|ten_4|208165923|208166943|+|1020"    
[369] "_R_N7525|ten_8|105886027|105887047|+|1020" 
[370] "_R_N7525|ten_3|250387470|250388489|+|1019" 
[371] "N7525|ten_4|66295994|66297013|+|1019"      
[372] "N7525|ten_8|9152691|9153710|+|1019"        
[373] "_R_N7525|ten_6|195815885|195816931|+|1046" 
[374] "_R_N7525|ten_2|46753581|46754506|+|925"    
[375] "N7525|ten_2|225630816|225631864|+|1048"    
[376] "N7525|ten_3|132246487|132247489|+|1002"    
[377] "_R_N7525|ten_7|101341794|101342834|+|1040" 
[378] "N7525|dum_10|106494108|106495137|+|1029"   
[379] "_R_N7525|ten_6|195877573|195878589|+|1016" 
[380] "_R_N7525|dum_11|132842270|132843298|+|1028"
[381] "_R_N7525|ten_4|90189707|90190723|+|1016"   
[382] "N7525|ten_4|136209218|136210246|+|1028"    
[383] "N7525|ten_X1|62751141|62752169|+|1028"     
[384] "_R_N7525|ten_3|174145972|174146997|+|1025" 
[385] "N7525|ten_6|154001495|154002532|+|1037"    
[386] "_R_N7525|dum_2|92278374|92279406|+|1032"   
[387] "N7525|ten_1|110920563|110921596|+|1033"    
[388] "_R_N7525|ten_10|92094331|92095353|+|1022"  
[389] "_R_N7525|ten_10|92100494|92101512|+|1018"  
[390] "_R_N7525|dum_10|98299820|98300850|+|1030"  
[391] "N7525|ten_1|163330888|163331915|+|1027"    
[392] "_R_N7525|ten_2|84749837|84750867|+|1030"   
[393] "N7525|dum_5|10509090|10510117|+|1027"      
[394] "N7525|dum_11|34388542|34389559|+|1017"     
[395] "_R_N7525|dum_11|4509604|4510631|+|1027"    
[396] "N7525|dum_11|41773008|41774043|+|1035"     
[397] "N7525|dum_X1|231923536|231924563|+|1027"   
[398] "_R_N7525|dum_3|209254401|209255425|+|1024" 
[399] "_R_N7525|ten_3|201656254|201657273|+|1019" 
[400] "_R_N7525|ten_12|13211707|13212728|+|1021"  
[401] "_R_N7525|ten_3|249105216|249106237|+|1021" 
[402] "N7525|ten_9|164961634|164962696|+|1062"    
[403] "_R_N7525|ten_3|268586066|268587102|+|1036" 
[404] "_R_N7525|ten_8|13997113|13998149|+|1036"   
[405] "N7525|ten_10|35981104|35982141|+|1037"     
[406] "_R_N7525|ten_1|213920944|213921982|+|1038" 
[407] "N7525|ten_3|176998743|176999779|+|1036"    
[408] "N7525|ten_12|6659585|6660604|+|1019"       
[409] "N7525|ten_X2|89346741|89347760|+|1019"     
[410] "_R_N7525|ten_3|261041884|261042903|+|1019" 
[411] "_R_N7525|ten_6|203314875|203315913|+|1038" 
[412] "N7525|ten_1|202313050|202314064|+|1014"    
[413] "_R_N7525|ten_X2|126205886|126206920|+|1034"
[414] "N7525|ten_X2|191799894|191800909|+|1015"   
[415] "_R_N7525|ten_9|155202211|155203248|+|1037" 
[416] "N7525|dum_7|199503287|199504308|+|1021"    
[417] "N7525|dum_X1|16023397|16024420|+|1023"     
[418] "_R_N7525|ten_3|76943822|76944859|+|1037"   
[419] "N7525|ten_10|100048840|100049883|+|1043"   
[420] "_R_N7525|dum_2|61072333|61073355|+|1022"   
[421] "_R_N7525|ten_3|115645816|115646858|+|1042" 
[422] "_R_N7525|dum_10|102550631|102551654|+|1023"
[423] "_R_N7525|dum_3|144014977|144015991|+|1014" 
[424] "_R_N7525|dum_12|105202858|105203883|+|1025"
[425] "_R_N7525|ten_12|110929998|110931019|+|1021"
[426] "_R_N7525|dum_9|106255556|106256566|+|1010" 
[427] "N7525|ten_9|74028363|74029308|+|945"       
[428] "N7525|dum_9|102230091|102231099|+|1008"    
[429] "_R_N7525|dum_8|21018230|21019247|+|1017"   
[430] "_R_N7525|ten_8|18819786|18820805|+|1019"   
[431] "_R_N7525|ten_4|111722378|111723400|+|1022" 
[432] "N7525|dum_4|125318671|125319689|+|1018"    
[433] "N7525|dum_8|20396641|20397664|+|1023"      
[434] "_R_N7525|ten_6|111437595|111438638|+|1043" 
[435] "_R_N7525|ten_6|111453568|111454562|+|994"  
[436] "_R_N7525|ten_2|149504897|149505740|+|843"  
[437] "N7525|dum_X1|155282526|155283500|+|974"    
[438] "N7525|ten_4|155184373|155185391|+|1018"    
[439] "_R_N7525|ten_3|188860680|188861700|+|1020" 
[440] "N7525|ten_8|116491290|116492305|+|1015"    
[441] "_R_N7525|dum_4|188657166|188658223|+|1057" 
[442] "N7525|dum_7|187582915|187583742|+|827"     
[443] "N7525|ten_10|115013187|115014212|+|1025"   
[444] "_R_N7525|ten_1|188894605|188895582|+|977"  
[445] "_R_N7525|ten_X1|42368110|42369137|+|1027"  
[446] "_R_N7525|dum_X1|133304178|133305247|+|1069"
[447] "_R_N7525|dum_9|20825173|20826181|+|1008"   
[448] "N7525|dum_5|151255403|151256469|+|1066"    
[449] "N7525|dum_3|21322525|21323587|+|1062"      
[450] "N7525|dum_1|208803638|208804706|+|1068"    
[451] "N7525|dum_1|208809813|208810881|+|1068"    
[452] "N7525|dum_1|208815985|208817053|+|1068"    
[453] "N7525|dum_1|208797461|208798532|+|1071"    
[454] "N7525|dum_X1|240183361|240184385|+|1024"   
[455] "_R_N7525|ten_X1|212583731|212584755|+|1024"
[456] "_R_N7525|dum_5|77251200|77252112|+|912"    
[457] "_R_N7525|dum_X2|96058620|96059646|+|1026"  
[458] "N7525|ten_X2|124423556|124424582|+|1026"   
[459] "N7525|dum_4|87600572|87601583|+|1011"      
[460] "_R_N7525|ten_4|144038427|144039455|+|1028" 
[461] "_R_N7525|ten_8|62533779|62534774|+|995"    
[462] "_R_N7525|dum_1|229722384|229723414|+|1030" 
[463] "N7525|dum_1|229735441|229736472|+|1031"    
[464] "N7525|dum_7|38842336|38843373|+|1037"      
[465] "N7525|dum_1|77012011|77013034|+|1023"      
[466] "_R_N7525|dum_12|115936280|115937303|+|1023"
[467] "_R_N7525|dum_8|43517174|43518136|+|962"    
[468] "_R_N7525|ten_1|34245125|34246153|+|1028"   
[469] "_R_N7525|dum_1|155748433|155749443|+|1010" 
[470] "_R_N7525|dum_11|92943564|92944611|+|1047"  
[471] "_R_N7525|dum_8|119186845|119187875|+|1030" 
[472] "_R_N7525|dum_8|146125578|146126605|+|1027" 
[473] "N7525|ten_2|44188937|44189962|+|1025"      
[474] "_R_N7525|dum_11|143029373|143030401|+|1028"
[475] "N7525|dum_7|128202430|128203458|+|1028"    
[476] "N7525|dum_1|115030411|115031427|+|1016"    
[477] "_R_N7525|dum_3|169289059|169290087|+|1028" 
[478] "_R_N7525|ten_3|162101846|162102874|+|1028" 
[479] "_R_N7525|dum_3|251994812|251995841|+|1029" 
[480] "N7525|ten_3|58125761|58126783|+|1022"      
[481] "N7525|dum_1|281396021|281397049|+|1028"    
[482] "_R_N7525|dum_8|1253532|1254560|+|1028"     
[483] "_R_N7525|dum_9|6613674|6614702|+|1028"     
[484] "_R_N7525|dum_11|18267710|18268729|+|1019"  
[485] "_R_N7525|dum_11|32372027|32373046|+|1019"  
[486] "_R_N7525|dum_2|179200402|179201417|+|1015" 
[487] "_R_N7525|ten_9|115555100|115556133|+|1033" 
[488] "N7525|dum_3|263254354|263255382|+|1028"    
[489] "N7525|dum_4|228013356|228014384|+|1028"    
[490] "_R_N7525|ten_4|12732033|12732940|+|907"    
[491] "N7525|dum_6|204044319|204045365|+|1046"    
[492] "_R_N7525|ten_8|76652661|76653691|+|1030"   
[493] "_R_N7525|dum_10|168390446|168391513|+|1067"
[494] "N7525|dum_3|130956812|130957711|+|899"     
[495] "N7525|ten_9|21517012|21517911|+|899"       
[496] "_R_N7525|dum_3|271707151|271708182|+|1031" 
[497] "N7525|dum_4|166973370|166974246|+|876"     
[498] "_R_N7525|ten_6|49084846|49085868|+|1022"   
[499] "_R_N7525|dum_9|81138059|81139085|+|1026"   
[500] "N7525|dum_1|181744308|181745343|+|1035"    
[501] "N7525|ten_1|177911979|177913010|+|1031"    
[502] "_R_N7525|dum_7|109919092|109920124|+|1032" 
[503] "N7525|dum_1|215018890|215019920|+|1030"    
[504] "N7525|ten_1|211844308|211845339|+|1031"    
[505] "_R_N7525|dum_4|91873535|91874566|+|1031"   
[506] "_R_N7525|dum_X2|69474964|69475998|+|1034"  
[507] "N7525|ten_X2|150963992|150965026|+|1034"   
[508] "N7525|dum_9|74998423|74999461|+|1038"      
[509] "N7525|dum_9|75001838|75002878|+|1040"      
[510] "_R_N7525|dum_1|172879340|172880370|+|1030" 
[511] "_R_N7525|ten_1|166501610|166502638|+|1028" 
[512] "_R_N7525|dum_5|170265500|170266523|+|1023" 
[513] "N7525|ten_5|70221069|70222093|+|1024"      
[514] "_R_N7525|dum_4|26789332|26790360|+|1028"   
[515] "_R_N7525|dum_6|149450809|149451831|+|1022" 
[516] "_R_N7525|ten_6|163433835|163434727|+|892"  
[517] "N7525|ten_2|177505371|177506390|+|1019"    
[518] "_R_N7525|dum_9|79773407|79774435|+|1028"   
[519] "N7525|dum_3|143481237|143482264|+|1027"    
[520] "N7525|ten_4|106148418|106149435|+|1017"    
[521] "N7525|dum_10|76210993|76212023|+|1030"     
[522] "_R_N7525|ten_10|25948363|25949392|+|1029"  
[523] "N7525|ten_4|109870131|109871157|+|1026"    
[524] "_R_N7525|dum_8|68770327|68771344|+|1017"   
[525] "N7525|dum_6|128831600|128832628|+|1028"    
[526] "_R_N7525|ten_6|144087270|144088269|+|999"  
[527] "_R_N7525|dum_2|199116908|199117731|+|823"  
[528] "N7525|dum_1|157252951|157253982|+|1031"    
[529] "_R_N7525|ten_1|120868438|120869469|+|1031" 
[530] "N7525|dum_1|160964136|160965152|+|1016"    
[531] "_R_N7525|dum_3|278165693|278166725|+|1032" 
[532] "_R_N7525|ten_3|279581831|279582862|+|1031" 
[533] "N7525|dum_1|152947695|152948717|+|1022"    
[534] "_R_N7525|ten_1|125257228|125258258|+|1030" 
[535] "N7525|dum_9|53058810|53059841|+|1031"      
[536] "_R_N7525|dum_9|81450842|81451871|+|1029"   
[537] "N7525|ten_1|162183031|162183911|+|880"     
[538] "_R_N7525|dum_3|228487876|228488908|+|1032" 
[539] "N7525|ten_8|117376587|117377618|+|1031"    
[540] "N7525|ten_9|119736063|119737052|+|989"     
[541] "_R_N7525|dum_8|41879075|41880095|+|1020"   
[542] "N7525|ten_8|29313713|29314730|+|1017"      
[543] "N7525|ten_5|102071028|102072059|+|1031"    
[544] "_R_N7525|dum_X1|98541610|98542632|+|1022"  
[545] "_R_N7525|ten_X1|80878206|80879224|+|1018"  
[546] "_R_N7525|ten_6|92651962|92652996|+|1034"   
[547] "_R_N7525|dum_8|4450163|4451197|+|1034"     
[548] "_R_N7525|dum_3|269676298|269677316|+|1018" 
[549] "_R_N7525|ten_3|271350093|271351124|+|1031" 
[550] "N7525|dum_X2|95826760|95827775|+|1015"     
[551] "_R_N7525|ten_X2|124637825|124638841|+|1016"
[552] "N7525|dum_3|277238581|277239478|+|897"     
[553] "N7525|ten_3|278654321|278655243|+|922"     
[554] "_R_N7525|dum_8|128992659|128993681|+|1022" 
[555] "_R_N7525|ten_2|132637060|132638086|+|1026" 
[556] "N7525|ten_9|140945242|140946283|+|1041"    
[557] "_R_N7525|ten_X1|30266243|30267273|+|1030"  
[558] "_R_N7525|dum_4|29360513|29361527|+|1014"   
[559] "N7525|ten_4|202452432|202453456|+|1024"    
[560] "N7525|dum_2|72383981|72385009|+|1028"      
[561] "N7525|dum_2|72406101|72407129|+|1028"      
[562] "N7525|ten_2|76381997|76383024|+|1027"      
[563] "_R_N7525|dum_7|40885357|40886227|+|870"    
[564] "N7525|dum_7|102012837|102013707|+|870"     
[565] "_R_N7525|dum_7|78604887|78605756|+|869"    
[566] "_R_N7525|dum_7|78616948|78617818|+|870"    
[567] "_R_N7525|dum_7|102584061|102584930|+|869"  
[568] "N7525|dum_7|123027093|123027962|+|869"     
[569] "N7525|dum_7|96338182|96339051|+|869"       
[570] "N7525|dum_7|109162258|109163124|+|866"     
[571] "N7525|dum_7|109174311|109175177|+|866"     
[572] "_R_N7525|dum_7|40905971|40906837|+|866"    
[573] "_R_N7525|dum_7|112622768|112623628|+|860"  
[574] "_R_N7525|dum_7|112642972|112643832|+|860"  
[575] "_R_N7525|dum_7|102572168|102573036|+|868"  
[576] "N7525|dum_7|96360945|96361813|+|868"       
[577] "_R_N7525|dum_7|40917948|40918815|+|867"    
[578] "N7525|dum_7|124821126|124821994|+|868"     
[579] "_R_N7525|dum_7|26453767|26454631|+|864"    
[580] "N7525|dum_7|52013556|52014421|+|865"       
[581] "N7525|dum_7|109186309|109187174|+|865"     
[582] "N7525|ten_7|156120809|156121665|+|856"     
[583] "N7525|dum_7|87949150|87950018|+|868"       
[584] "N7525|dum_7|87960627|87961495|+|868"       
[585] "N7525|dum_7|87995445|87996316|+|871"       
[586] "N7525|dum_7|88007397|88008266|+|869"       
[587] "N7525|dum_7|88019378|88020248|+|870"       
[588] "_R_N7525|dum_7|1949158|1950027|+|869"      
[589] "_R_N7525|dum_7|51487958|51488826|+|868"    
[590] "_R_N7525|dum_7|1958746|1959620|+|874"      
[591] "N7525|dum_7|51990163|51991036|+|873"       
[592] "N7525|dum_7|52001875|52002744|+|869"       
[593] "N7525|dum_7|124737514|124738384|+|870"     
[594] "_R_N7525|dum_7|26477525|26478392|+|867"    
[595] "N7525|dum_7|124758862|124759730|+|868"     
[596] "N7525|dum_7|123012280|123013149|+|869"     
[597] "N7525|dum_7|124800899|124801768|+|869"     
[598] "_R_N7525|dum_7|1920658|1921529|+|871"      
[599] "_R_N7525|dum_7|51459457|51460328|+|871"    
[600] "_R_N7525|dum_7|126697436|126698308|+|872"  
[601] "N7525|dum_7|124778746|124779618|+|872"     
[602] "_R_N7525|dum_7|40940265|40941136|+|871"    
[603] "N7525|dum_7|96325217|96326083|+|866"       
[604] "N7525|dum_7|88031449|88032305|+|856"       
[605] "N7525|dum_7|101983404|101984271|+|867"     
[606] "N7525|dum_7|101987772|101988639|+|867"     
[607] "N7525|dum_7|101992128|101992996|+|868"     
[608] "N7525|dum_7|101974674|101975544|+|870"     
[609] "N7525|dum_7|101979033|101979903|+|870"     
[610] "N7525|dum_7|101996495|101997362|+|867"     
[611] "N7525|dum_7|51972337|51973146|+|809"       
[612] "_R_N7525|dum_7|26465782|26466650|+|868"    
[613] "N7525|dum_7|96377021|96377828|+|807"       
[614] "N7525|ten_7|156082480|156083347|+|867"     
[615] "N7525|ten_7|156108812|156109677|+|865"     
[616] "N7525|dum_1|269936246|269937267|+|1021"    
[617] "_R_N7525|dum_4|106416769|106417795|+|1026" 
[618] "_R_N7525|dum_4|106422869|106423895|+|1026" 
[619] "_R_N7525|dum_4|106428969|106429995|+|1026" 
[620] "_R_N7525|dum_4|106435069|106436095|+|1026" 
[621] "N7525|ten_8|118733554|118734580|+|1026"    
[622] "_R_N7525|ten_8|119622202|119623228|+|1026" 
[623] "_R_N7525|dum_4|75928487|75929513|+|1026"   
[624] "N7525|ten_4|155683317|155684357|+|1040"    
[625] "_R_N7525|ten_12|131116220|131117139|+|919" 
[626] "N7525|ten_4|35246860|35247779|+|919"       
[627] "_R_N7525|dum_4|206122080|206122998|+|918"  
[628] "N7525|ten_5|3651091|3652129|+|1038"        
[629] "N7525|dum_1|217721113|217722154|+|1041"    
[630] "N7525|dum_10|77169770|77170800|+|1030"     
[631] "_R_N7525|ten_1|177394240|177395069|+|829"  
[632] "_R_N7525|dum_1|181402402|181403219|+|817"  
[633] "N7525|lin_1|3772793|3773803|+|1010"        
[634] "N7525|lin_8|84055044|84056012|+|968"       
[635] "_R_N7525|lin_7|84838434|84839433|+|999"    
[636] "N7525|lin_7|105682094|105683093|+|999"     
[637] "N7525|lin_15|73038010|73038937|+|927"      
[638] "N7525|lin_18|50180425|50181447|+|1022"     
[639] "N7525|lin_1|48727643|48728649|+|1006"      
[640] "N7525|lin_18|85458264|85459266|+|1002"     
[641] "_R_N7525|lin_4|23228451|23229468|+|1017"   
[642] "N7525|lin_16|46004946|46005949|+|1003"     
[643] "_R_N7525|lin_18|7766896|7767918|+|1022"    
[644] "_R_N7525|lin_6|13897990|13898964|+|974"    
[645] "N7525|lin_7|59137759|59138764|+|1005"      
[646] "_R_N7525|lin_X2|92223917|92224943|+|1026"  
[647] "N7525|lin_6|42463803|42464658|+|855"       
[648] "N7525|lin_8|101856191|101857203|+|1012"    
[649] "_R_N7525|lin_X1|63874744|63875779|+|1035"  
[650] "_R_N7525|lin_X3|54975475|54976496|+|1021"  
[651] "N7525|lin_X2|93057329|93058352|+|1023"     
[652] "N7525|lin_15|28799743|28800760|+|1017"     
[653] "_R_N7525|lin_9|58385695|58386715|+|1020"   
[654] "_R_N7525|lin_X2|61207505|61208523|+|1018"  
[655] "_R_N7525|lin_12|27793498|27794499|+|1001"  
[656] "_R_N7525|lin_15|7662247|7663248|+|1001"    
[657] "_R_N7525|lin_15|16525651|16526650|+|999"   
[658] "N7525|lin_18|65891717|65892713|+|996"      
[659] "_R_N7525|lin_4|6715870|6716893|+|1023"     
[660] "N7525|lin_X1|101405015|101406038|+|1023"   
[661] "N7525|lin_X2|54996423|54997446|+|1023"     
[662] "_R_N7525|lin_17|50084379|50085402|+|1023"  
[663] "N7525|lin_2|27456249|27457260|+|1011"      
[664] "_R_N7525|lin_6|38813611|38814622|+|1011"   
[665] "N7525|lin_X3|106447641|106448664|+|1023"   
[666] "N7525|lin_12|4636738|4637753|+|1015"       
[667] "_R_N7525|lin_14|46646553|46647575|+|1022"  
[668] "_R_N7525|lin_2|7584344|7585366|+|1022"     
[669] "_R_N7525|lin_1|115978610|115979633|+|1023" 
[670] "_R_N7525|lin_17|2047134|2048154|+|1020"    
[671] "_R_N7525|lin_X3|98967774|98968797|+|1023"  
[672] "_R_N7525|lin_4|53925626|53926649|+|1023"   
[673] "_R_N7525|lin_2|88778106|88779131|+|1025"   
[674] "N7525|lin_6|98431273|98432298|+|1025"      
[675] "_R_N7525|lin_14|29370350|29371373|+|1023"  
[676] "_R_N7525|lin_14|29520210|29521233|+|1023"  
[677] "N7525|lin_2|15862276|15863297|+|1021"      
[678] "_R_N7525|lin_14|29572573|29573590|+|1017"  
[679] "N7525|lin_14|13603452|13604475|+|1023"     
[680] "_R_N7525|lin_18|52831418|52832430|+|1012"  
[681] "_R_N7525|lin_12|84403118|84404112|+|994"   
[682] "N7525|lin_14|31558350|31559354|+|1004"     
[683] "N7525|lin_15|17198324|17199304|+|980"      
[684] "_R_N7525|lin_4|5157389|5158399|+|1010"     
[685] "_R_N7525|lin_3|37045177|37046180|+|1003"   
[686] "N7525|lin_16|76344976|76345980|+|1004"     
[687] "_R_N7525|lin_16|22646114|22647137|+|1023"  
[688] "N7525|lin_5|64092069|64093095|+|1026"      
[689] "_R_N7525|lin_X1|119293111|119294111|+|1000"
[690] "N7525|lin_12|132813430|132814454|+|1024"   
[691] "N7525|lin_13|91476218|91477242|+|1024"     
[692] "N7525|lin_16|41099923|41100946|+|1023"     
[693] "_R_N7525|lin_X3|17172195|17173218|+|1023"  
[694] "_R_N7525|lin_16|76271875|76272804|+|929"   
[695] "_R_N7525|lin_12|3334122|3335145|+|1023"    
[696] "N7525|lin_3|16881705|16882728|+|1023"      
[697] "N7525|lin_7|36571007|36572029|+|1022"      
[698] "_R_N7525|lin_11|28497991|28499014|+|1023"  
[699] "N7525|lin_6|60605023|60606046|+|1023"      
[700] "N7525|lin_6|60599131|60600154|+|1023"      
[701] "_R_N7525|lin_13|87831591|87832612|+|1021"  
[702] "_R_N7525|lin_1|71835689|71836712|+|1023"   
[703] "N7525|lin_X3|25164709|25165732|+|1023"     
[704] "_R_N7525|lin_5|111661361|111662360|+|999"  
[705] "_R_N7525|lin_X2|4183189|4184212|+|1023"    
[706] "N7525|lin_2|106328919|106329942|+|1023"    
[707] "N7525|lin_5|59878302|59879325|+|1023"      
[708] "N7525|lin_10|16609693|16610716|+|1023"     
[709] "_R_N7525|lin_1|52845009|52846031|+|1022"   
[710] "_R_N7525|lin_8|57855736|57856759|+|1023"   
[711] "_R_N7525|lin_16|70692237|70693260|+|1023"  
[712] "_R_N7525|lin_20|93204241|93205264|+|1023"  
[713] "_R_N7525|lin_14|52416234|52417257|+|1023"  
[714] "N7525|lin_7|155955554|155956577|+|1023"    
[715] "_R_N7525|lin_16|53266824|53267847|+|1023"  
[716] "N7525|lin_16|6821027|6822050|+|1023"       
[717] "N7525|lin_18|103399967|103400990|+|1023"   
[718] "_R_N7525|lin_7|91167926|91168949|+|1023"   
[719] "N7525|lin_1|120469043|120470067|+|1024"    
[720] "N7525|lin_6|98393764|98394792|+|1028"      
[721] "N7525|lin_16|50284247|50285270|+|1023"     
[722] "N7525|lin_X3|31626841|31627864|+|1023"     
[723] "N7525|lin_1|81185800|81186823|+|1023"      
[724] "N7525|lin_X3|103771527|103772550|+|1023"   
[725] "_R_N7525|lin_10|2158816|2159839|+|1023"    
[726] "N7525|lin_17|6805048|6806070|+|1022"       
[727] "_R_N7525|lin_15|48345654|48346676|+|1022"  
[728] "N7525|lin_20|69330793|69331815|+|1022"     
[729] "_R_N7525|lin_9|29711933|29712955|+|1022"   
[730] "_R_N7525|lin_20|35768574|35769597|+|1023"  
[731] "_R_N7525|lin_9|35864901|35865922|+|1021"   
[732] "_R_N7525|lin_1|95958349|95959372|+|1023"   
[733] "N7525|lin_20|89820204|89821201|+|997"      
[734] "_R_N7525|lin_1|22525047|22526049|+|1002"   
[735] "_R_N7525|lin_14|8240620|8241643|+|1023"    
[736] "N7525|lin_20|83914973|83915996|+|1023"     
[737] "N7525|lin_X2|99639161|99640184|+|1023"     
[738] "N7525|lin_4|82239772|82240794|+|1022"      
[739] "N7525|lin_6|77899602|77900617|+|1015"      
[740] "_R_N7525|lin_9|71513861|71514880|+|1019"   
[741] "N7525|lin_19|96336414|96337433|+|1019"     
[742] "_R_N7525|lin_7|99093092|99094115|+|1023"   
[743] "N7525|lin_7|131391824|131392847|+|1023"    
[744] "N7525|lin_18|39778789|39779812|+|1023"     
[745] "_R_N7525|lin_19|52333150|52334173|+|1023"  
[746] "_R_N7525|lin_12|99261699|99262722|+|1023"  
[747] "N7525|lin_1|104935391|104936414|+|1023"    
[748] "_R_N7525|lin_5|95350420|95351441|+|1021"   
[749] "_R_N7525|lin_5|95358759|95359780|+|1021"   
[750] "_R_N7525|lin_13|75121854|75122875|+|1021"  
[751] "_R_N7525|lin_10|267519|268541|+|1022"      
[752] "N7525|lin_17|91059113|91060135|+|1022"     
[753] "N7525|lin_4|5100576|5101598|+|1022"        
[754] "_R_N7525|lin_10|14621919|14622943|+|1024"  
[755] "N7525|lin_5|116335734|116336741|+|1007"    
[756] "N7525|lin_6|95354|96360|+|1006"            
[757] "N7525|lin_6|81735146|81736168|+|1022"      
[758] "N7525|lin_5|46378269|46379290|+|1021"      
[759] "_R_N7525|lin_9|100294881|100295903|+|1022" 
[760] "N7525|lin_15|16336737|16337759|+|1022"     
[761] "_R_N7525|lin_4|103676925|103677947|+|1022" 
[762] "_R_N7525|lin_20|63981897|63982917|+|1020"  
[763] "_R_N7525|lin_7|74272947|74273970|+|1023"   
[764] "_R_N7525|lin_7|74279079|74280102|+|1023"   
[765] "_R_N7525|lin_7|74260683|74261706|+|1023"   
[766] "_R_N7525|lin_7|74266815|74267838|+|1023"   
[767] "_R_N7525|lin_20|73710424|73711445|+|1021"  
[768] "_R_N7525|lin_20|73716583|73717604|+|1021"  
[769] "_R_N7525|lin_20|73722742|73723763|+|1021"  
[770] "_R_N7525|lin_11|35141439|35142464|+|1025"  
[771] "_R_N7525|lin_5|17428162|17429183|+|1021"   
[772] "_R_N7525|lin_20|78675775|78676800|+|1025"  
[773] "_R_N7525|lin_18|7428942|7429964|+|1022"    
[774] "_R_N7525|lin_18|7435095|7436117|+|1022"    
[775] "_R_N7525|lin_7|44343141|44344164|+|1023"   
[776] "_R_N7525|lin_16|18340283|18341310|+|1027"  
[777] "N7525|lin_6|53399538|53400575|+|1037"      
[778] "_R_N7525|lin_X1|62647358|62648375|+|1017"  
[779] "N7525|lin_8|52833198|52834220|+|1022"      
[780] "_R_N7525|lin_8|97415304|97416329|+|1025"   
[781] "_R_N7525|lin_15|6081368|6082394|+|1026"    
[782] "N7525|lin_4|84419878|84420897|+|1019"      
[783] "_R_N7525|lin_7|153084483|153085506|+|1023" 
[784] "_R_N7525|lin_18|111339749|111340772|+|1023"
[785] "N7525|lin_X2|107580370|107581390|+|1020"   
[786] "_R_N7525|lin_X2|16771226|16772249|+|1023"  
[787] "N7525|lin_X1|38068543|38069566|+|1023"     
[788] "N7525|lin_1|4326684|4327707|+|1023"        
[789] "N7525|lin_17|81959389|81960412|+|1023"     
[790] "N7525|lin_13|115961733|115962756|+|1023"   
[791] "N7525|lin_3|2855181|2856192|+|1011"        
[792] "_R_N7525|lin_2|21125206|21126226|+|1020"   
[793] "N7525|lin_13|21134303|21135325|+|1022"     
[794] "N7525|lin_2|93159527|93160551|+|1024"      
[795] "_R_N7525|lin_17|97294069|97295088|+|1019"  
[796] "N7525|lin_6|27574305|27575302|+|997"       
[797] "_R_N7525|lin_9|16026273|16027275|+|1002"   
[798] "N7525|lin_X3|80469925|80470941|+|1016"     
[799] "_R_N7525|lin_17|17437822|17438847|+|1025"  
[800] "N7525|lin_8|52673407|52674427|+|1020"      
[801] "_R_N7525|lin_9|71620756|71621777|+|1021"   
[802] "N7525|lin_3|113225725|113226749|+|1024"    
[803] "_R_N7525|lin_3|90626208|90627227|+|1019"   
[804] "_R_N7525|lin_1|89421121|89422143|+|1022"   
[805] "N7525|lin_20|250716|251740|+|1024"         
[806] "_R_N7525|lin_12|68231390|68232408|+|1018"  
[807] "N7525|lin_X2|138906234|138907250|+|1016"   
[808] "_R_N7525|lin_13|20254865|20255887|+|1022"  
[809] "N7525|lin_18|19753742|19754764|+|1022"     
[810] "_R_N7525|lin_13|34515746|34516768|+|1022"  
[811] "_R_N7525|lin_4|10456125|10457145|+|1020"   
[812] "_R_N7525|lin_12|121207449|121208470|+|1021"
[813] "_R_N7525|lin_5|98411814|98412836|+|1022"   
[814] "N7525|lin_15|41809937|41810959|+|1022"     
[815] "N7525|lin_7|21230317|21231339|+|1022"      
[816] "N7525|lin_X1|129896385|129897408|+|1023"   
[817] "N7525|lin_12|50083037|50084059|+|1022"     
[818] "N7525|lin_17|29583240|29584235|+|995"      
[819] "N7525|lin_6|91490245|91491242|+|997"       
[820] "_R_N7525|lin_17|72366752|72367748|+|996"   
[821] "_R_N7525|lin_15|25481347|25482342|+|995"   
[822] "_R_N7525|lin_10|18667439|18668436|+|997"   
[823] "_R_N7525|lin_7|65759592|65760601|+|1009"   
[824] "N7525|lin_3|43645489|43646501|+|1012"      
[825] "_R_N7525|lin_6|57579546|57580558|+|1012"   
[826] "_R_N7525|lin_X2|147206955|147207978|+|1023"
[827] "_R_N7525|lin_X3|21712767|21713790|+|1023"  
[828] "_R_N7525|lin_5|122243979|122245008|+|1029" 
[829] "N7525|lin_4|75157750|75158773|+|1023"      
[830] "_R_N7525|lin_X2|52530993|52532018|+|1025"  
[831] "N7525|lin_X2|117258410|117259432|+|1022"   
[832] "N7525|lin_3|56093721|56094558|+|837"       
[833] "_R_N7525|lin_2|30295257|30296279|+|1022"   
[834] "_R_N7525|lin_11|80812515|80813549|+|1034"  
[835] "_R_N7525|lin_3|21355741|21356768|+|1027"   
[836] "_R_N7525|lin_12|26559159|26560182|+|1023"  
[837] "_R_N7525|lin_16|88774490|88775513|+|1023"  
[838] "N7525|lin_4|70799509|70800532|+|1023"      
[839] "N7525|lin_17|75430250|75431273|+|1023"     
[840] "N7525|lin_11|11163246|11164269|+|1023"     
[841] "_R_N7525|lin_7|163235729|163236752|+|1023" 
[842] "N7525|lin_20|12916357|12917380|+|1023"     
[843] "N7525|lin_4|45053308|45054330|+|1022"      
[844] "_R_N7525|lin_7|156986044|156987066|+|1022" 
[845] "_R_N7525|lin_5|82550450|82551472|+|1022"   
[846] "_R_N7525|lin_12|13275048|13276071|+|1023"  
[847] "_R_N7525|lin_16|2402924|2403947|+|1023"    
[848] "N7525|lin_14|14978622|14979645|+|1023"     
[849] "_R_N7525|lin_8|68962340|68963365|+|1025"   
[850] "N7525|lin_13|43142281|43143280|+|999"      
[851] "N7525|lin_3|32848063|32849057|+|994"       
[852] "_R_N7525|lin_X3|104001695|104002689|+|994" 
[853] "N7525|lin_20|59835360|59836342|+|982"      
[854] "_R_N7525|lin_X1|114713343|114714342|+|999" 
[855] "N7525|lin_17|3161738|3162738|+|1000"       
[856] "_R_N7525|lin_12|124921187|124922209|+|1022"
[857] "N7525|lin_3|50954581|50955601|+|1020"      
[858] "N7525|lin_X1|56370050|56371070|+|1020"     
[859] "N7525|lin_X1|9739255|9740278|+|1023"       
[860] "N7525|lin_8|106715710|106716733|+|1023"    
[861] "N7525|lin_9|85705541|85706572|+|1031"      
[862] "N7525|lin_X1|103310684|103311714|+|1030"   
[863] "N7525|lin_13|23566949|23567979|+|1030"     
[864] "N7525|lin_5|65717663|65718695|+|1032"      
[865] "_R_N7525|lin_16|70156023|70157053|+|1030"  
[866] "N7525|lin_15|39883217|39884247|+|1030"     
[867] "N7525|lin_7|13868986|13870012|+|1026"      
[868] "_R_N7525|lin_6|56720593|56721620|+|1027"   
[869] "N7525|lin_20|2219258|2220282|+|1024"       
[870] "_R_N7525|lin_X2|68729343|68730372|+|1029"  
[871] "_R_N7525|lin_9|23351282|23352345|+|1063"   
[872] "N7525|lin_2|92948606|92949633|+|1027"      
[873] "N7525|lin_X2|107719575|107720611|+|1036"   
[874] "_R_N7525|lin_2|35669375|35670401|+|1026"   
[875] "_R_N7525|lin_X2|109836153|109837180|+|1027"
[876] "N7525|lin_12|117161702|117162705|+|1003"   
[877] "_R_N7525|lin_X1|74520852|74521855|+|1003"  
[878] "_R_N7525|dum_X1|157571163|157572186|+|1023"
[879] "_R_N7525|ten_X1|138222046|138223070|+|1024"
[880] "_R_N7525|ten_X2|143139329|143140375|+|1046"
[881] "_R_N7525|ten_X2|143120920|143121952|+|1032"
[882] "N7525|dum_X2|77749316|77750125|+|809"      
[883] "N7525|ten_10|114340054|114341069|+|1015"   
[884] "_R_N7525|dum_4|206505523|206506541|+|1018" 
[885] "_R_N7525|mim_12|346217|347186|+|969"       
[886] "_R_N7525|mim_7|96751032|96752010|+|978"    
[887] "N7525|mim_5|144013867|144014833|+|966"     
[888] "N7525|mim_X1|99466005|99466969|+|964"      
[889] "N7525|sar_3|177466160|177467094|+|934"     
[890] "N7525|bic_3|159837003|159837935|+|932"     
