jobinfo 30048685
getting scaled timeline
   [1] "N3532|dum_8|128757898|128759637|+|1739"    
   [2] "_R_N3532|dum_8|128771583|128773133|+|1550" 
   [3] "_R_N3532|dum_X1|172892213|172893929|+|1716"
   [4] "_R_N3532|ten_6|70209993|70211735|+|1742"   
   [5] "N3532|dum_X1|172836504|172838253|+|1749"   
   [6] "N3532|ten_6|70190477|70192203|+|1726"      
   [7] "N3532|ten_6|70162338|70163455|+|1117"      
   [8] "_R_N3532|dum_3|156818093|156819820|+|1727" 
   [9] "_R_N3532|dum_8|126792349|126793899|+|1550" 
  [10] "N3532|dum_X1|172870648|172872356|+|1708"   
  [11] "_R_N3532|dum_9|79654300|79655938|+|1638"   
  [12] "N3532|dum_9|79630868|79632439|+|1571"      
  [13] "_R_N3532|dum_X1|172864474|172865897|+|1423"
  [14] "N3532|dum_9|79660664|79662268|+|1604"      
  [15] "N3532|dum_3|156792294|156794039|+|1745"    
  [16] "N3532|dum_X1|215816705|215818272|+|1567"   
  [17] "_R_N3532|dum_X1|215835899|215837446|+|1547"
  [18] "_R_N3532|dum_2|267774433|267776164|+|1731" 
  [19] "_R_N3532|dum_2|267797813|267799325|+|1512" 
  [20] "_R_N3532|dum_2|267820272|267821968|+|1696" 
  [21] "N3532|ten_4|192773290|192774447|+|1157"    
  [22] "_R_N3532|dum_2|183240162|183241329|+|1167" 
  [23] "_R_N3532|dum_5|42150932|42152647|+|1715"   
  [24] "_R_N3532|dum_9|79684451|79686156|+|1705"   
  [25] "N3532|dum_8|108394442|108395996|+|1554"    
  [26] "N3532|dum_X2|121056802|121058532|+|1730"   
  [27] "_R_N3532|dum_X2|121074560|121076308|+|1748"
  [28] "N3532|dum_X2|121081642|121083146|+|1504"   
  [29] "_R_N3532|dum_X2|121104061|121105610|+|1549"
  [30] "N3532|dum_4|71860829|71862562|+|1733"      
  [31] "_R_N3532|dum_7|1771372|1772538|+|1166"     
  [32] "N3532|dum_1|112664332|112666103|+|1771"    
  [33] "_R_N3532|dum_1|112677805|112679580|+|1775" 
  [34] "N3532|dum_1|225782307|225784048|+|1741"    
  [35] "_R_N3532|dum_1|225816866|225818621|+|1755" 
  [36] "N3532|dum_4|71852638|71854200|+|1562"      
  [37] "_R_N3532|dum_4|71885445|71887174|+|1729"   
  [38] "N3532|dum_8|28246944|28248508|+|1564"      
  [39] "N3532|dum_8|28264846|28266245|+|1399"      
  [40] "N3532|dum_1|193248289|193250026|+|1737"    
  [41] "_R_N3532|dum_1|193289666|193291415|+|1749" 
  [42] "_R_N3532|dum_7|92380862|92382023|+|1161"   
  [43] "_R_N3532|dum_X1|233659799|233661554|+|1755"
  [44] "N3532|dum_X1|233666842|233668572|+|1730"   
  [45] "N3532|dum_X1|233639373|233641136|+|1763"   
  [46] "N3532|dum_10|164010242|164011995|+|1753"   
  [47] "N3532|dum_10|164035324|164037054|+|1730"   
  [48] "_R_N3532|dum_10|164068056|164069803|+|1747"
  [49] "_R_N3532|dum_10|164028213|164029957|+|1744"
  [50] "_R_N3532|dum_6|102392054|102393809|+|1755" 
  [51] "_R_N3532|dum_8|108444313|108445852|+|1539" 
  [52] "_R_N3532|dum_11|56478300|56479486|+|1186"  
  [53] "_R_N3532|dum_8|108619222|108620930|+|1708" 
  [54] "_R_N3532|dum_X2|141325305|141326491|+|1186"
  [55] "_R_N3532|dum_11|83397591|83399318|+|1727"  
  [56] "_R_N3532|dum_5|165934720|165935900|+|1180" 
  [57] "_R_N3532|dum_6|202821291|202822476|+|1185" 
  [58] "N3532|dum_6|202760010|202761737|+|1727"    
  [59] "_R_N3532|dum_11|108603607|108604792|+|1185"
  [60] "N3532|dum_4|117222297|117224037|+|1740"    
  [61] "_R_N3532|dum_4|117263657|117265381|+|1724" 
  [62] "N3532|dum_4|117242060|117243809|+|1749"    
  [63] "N3532|dum_11|108536982|108538154|+|1172"   
  [64] "N3532|dum_X2|141302937|141304100|+|1163"   
  [65] "N3532|dum_11|56312700|56313859|+|1159"     
  [66] "N3532|dum_8|74075779|74077131|+|1352"      
  [67] "N3532|dum_8|74081826|74083167|+|1341"      
  [68] "N3532|dum_8|74093885|74095229|+|1344"      
  [69] "_R_N3532|dum_9|108092823|108094545|+|1722" 
  [70] "_R_N3532|dum_8|114330428|114332140|+|1712" 
  [71] "_R_N3532|dum_6|122129166|122130886|+|1720" 
  [72] "_R_N3532|dum_10|22500650|22502144|+|1494"  
  [73] "N3532|dum_8|73845817|73847548|+|1731"      
  [74] "_R_N3532|dum_8|73944102|73945845|+|1743"   
  [75] "_R_N3532|dum_2|19729999|19731169|+|1170"   
  [76] "_R_N3532|dum_11|56349868|56351041|+|1173"  
  [77] "N3532|dum_6|184308115|184309836|+|1721"    
  [78] "_R_N3532|dum_11|56341527|56342689|+|1162"  
  [79] "_R_N3532|dum_12|42773689|42775411|+|1722"  
  [80] "_R_N3532|dum_6|184301420|184303134|+|1714" 
  [81] "_R_N3532|dum_6|146009811|146011404|+|1593" 
  [82] "_R_N3532|dum_X1|67599444|67600979|+|1535"  
  [83] "_R_N3532|dum_8|10764899|10766627|+|1728"   
  [84] "N3532|dum_X1|67569222|67570717|+|1495"     
  [85] "N3532|dum_6|184291477|184293195|+|1718"    
  [86] "_R_N3532|dum_8|105636710|105638245|+|1535" 
  [87] "N3532|dum_8|105643302|105644842|+|1540"    
  [88] "_R_N3532|dum_8|105664548|105666273|+|1725" 
  [89] "_R_N3532|dum_10|140948702|140950208|+|1506"
  [90] "N3532|dum_10|186650127|186651628|+|1501"   
  [91] "_R_N3532|dum_10|186677154|186678664|+|1510"
  [92] "_R_N3532|dum_10|186682098|186683597|+|1499"
  [93] "N3532|dum_10|140921123|140922647|+|1524"   
  [94] "_R_N3532|dum_10|186643593|186645280|+|1687"
  [95] "N3532|dum_10|140955044|140956734|+|1690"   
  [96] "_R_N3532|dum_10|140977113|140978699|+|1586"
  [97] "N3532|dum_10|186621408|186622989|+|1581"   
  [98] "N3532|dum_7|76258247|76259743|+|1496"      
  [99] "N3532|ten_X1|219942697|219944198|+|1501"   
 [100] "_R_N3532|ten_X1|219965625|219967326|+|1701"
 [101] "N3532|dum_8|10493179|10494867|+|1688"      
 [102] "_R_N3532|dum_3|32366296|32368029|+|1733"   
 [103] "N3532|dum_3|32373345|32375074|+|1729"      
 [104] "_R_N3532|dum_12|90335449|90336608|+|1159"  
 [105] "_R_N3532|dum_12|90337488|90338647|+|1159"  
 [106] "_R_N3532|dum_12|90391465|90392661|+|1196"  
 [107] "_R_N3532|dum_5|147243361|147245073|+|1712" 
 [108] "_R_N3532|dum_12|107885358|107887098|+|1740"
 [109] "N3532|dum_8|72293684|72295415|+|1731"      
 [110] "_R_N3532|dum_8|74618049|74619645|+|1596"   
 [111] "_R_N3532|dum_12|83426383|83428118|+|1735"  
 [112] "_R_N3532|dum_12|83385398|83387109|+|1711"  
 [113] "N3532|dum_12|83366385|83368157|+|1772"     
 [114] "N3532|dum_1|194976345|194977900|+|1555"    
 [115] "N3532|dum_1|195646283|195647982|+|1699"    
 [116] "N3532|dum_6|122105448|122107016|+|1568"    
 [117] "N3532|dum_8|10719133|10720825|+|1692"      
 [118] "N3532|dum_8|10747278|10748446|+|1168"      
 [119] "N3532|dum_8|114336555|114338306|+|1751"    
 [120] "_R_N3532|dum_8|114352116|114353857|+|1741" 
 [121] "N3532|dum_12|107830743|107832302|+|1559"   
 [122] "_R_N3532|dum_12|107856886|107858617|+|1731"
 [123] "_R_N3532|dum_4|24037967|24039723|+|1756"   
 [124] "N3532|dum_4|24018863|24020415|+|1552"      
 [125] "N3532|dum_6|102348193|102349933|+|1740"    
 [126] "N3532|ten_7|138381069|138382810|+|1741"    
 [127] "_R_N3532|dum_3|166075055|166076586|+|1531" 
 [128] "_R_N3532|ten_10|129675057|129676800|+|1743"
 [129] "_R_N3532|dum_9|64154426|64156150|+|1724"   
 [130] "_R_N3532|dum_9|64181187|64182910|+|1723"   
 [131] "_R_N3532|dum_9|64207040|64208758|+|1718"   
 [132] "N3532|dum_8|10687684|10689407|+|1723"      
 [133] "_R_N3532|dum_8|10712367|10714097|+|1730"   
 [134] "_R_N3532|dum_2|86944923|86946444|+|1521"   
 [135] "_R_N3532|dum_2|89120846|89122579|+|1733"   
 [136] "_R_N3532|dum_2|89087697|89089423|+|1726"   
 [137] "_R_N3532|dum_2|89101020|89102749|+|1729"   
 [138] "_R_N3532|dum_11|108568411|108569592|+|1181"
 [139] "N3532|dum_11|108574934|108576676|+|1742"   
 [140] "N3532|dum_X2|61781729|61783464|+|1735"     
 [141] "N3532|dum_1|103676758|103678276|+|1518"    
 [142] "_R_N3532|dum_1|103696198|103697906|+|1708" 
 [143] "N3532|dum_9|108057934|108059462|+|1528"    
 [144] "N3532|dum_2|19710910|19712081|+|1171"      
 [145] "N3532|dum_2|252921538|252923106|+|1568"    
 [146] "_R_N3532|dum_11|83370866|83372033|+|1167"  
 [147] "N3532|dum_11|83377393|83378553|+|1160"     
 [148] "N3532|dum_5|148550188|148551922|+|1734"    
 [149] "_R_N3532|dum_8|73920768|73922483|+|1715"   
 [150] "N3532|dum_8|128421866|128423571|+|1705"    
 [151] "_R_N3532|dum_8|128472915|128474451|+|1536" 
 [152] "_R_N3532|dum_8|128442254|128443782|+|1528" 
 [153] "N3532|dum_5|165941241|165942405|+|1164"    
 [154] "N3532|dum_2|183191885|183193094|+|1209"    
 [155] "_R_N3532|dum_2|183212424|183214136|+|1712" 
 [156] "N3532|dum_12|90296019|90297200|+|1181"     
 [157] "N3532|dum_11|83344773|83345952|+|1179"     
 [158] "_R_N3532|dum_5|148577736|148579259|+|1523" 
 [159] "N3532|dum_5|148584581|148586292|+|1711"    
 [160] "_R_N3532|dum_X1|68646333|68647502|+|1169"  
 [161] "N3532|dum_6|167168270|167169984|+|1714"    
 [162] "N3532|dum_3|246934683|246936401|+|1718"    
 [163] "_R_N3532|dum_3|246953232|246954964|+|1732" 
 [164] "_R_N3532|dum_X1|69870853|69872043|+|1190"  
 [165] "N3532|dum_X1|69840020|69841211|+|1191"     
 [166] "_R_N3532|dum_3|48458989|48460524|+|1535"   
 [167] "N3532|dum_3|48462245|48464014|+|1769"      
 [168] "N3532|dum_3|48437375|48439116|+|1741"      
 [169] "_R_N3532|dum_3|48477798|48479207|+|1409"   
 [170] "_R_N3532|dum_3|140194687|140195870|+|1183" 
 [171] "N3532|dum_3|140200922|140202100|+|1178"    
 [172] "_R_N3532|dum_4|86543975|86545527|+|1552"   
 [173] "N3532|dum_4|86512213|86513938|+|1725"      
 [174] "_R_N3532|dum_4|86521325|86523041|+|1716"   
 [175] "N3532|dum_4|73595698|73597252|+|1554"      
 [176] "_R_N3532|dum_4|73661555|73663307|+|1752"   
 [177] "N3532|dum_4|73641333|73642888|+|1555"      
 [178] "_R_N3532|dum_4|73634577|73636234|+|1657"   
 [179] "N3532|dum_7|19778766|19780475|+|1709"      
 [180] "_R_N3532|dum_7|19807064|19808781|+|1717"   
 [181] "_R_N3532|dum_3|140221756|140222906|+|1150" 
 [182] "N3532|dum_3|140157167|140158323|+|1156"    
 [183] "_R_N3532|dum_1|195635708|195637422|+|1714" 
 [184] "_R_N3532|dum_7|1797899|1799063|+|1164"     
 [185] "N3532|dum_5|42116885|42118622|+|1737"      
 [186] "N3532|dum_6|102370088|102371689|+|1601"    
 [187] "_R_N3532|dum_8|74114699|74116429|+|1730"   
 [188] "N3532|ten_3|139890277|139892004|+|1727"    
 [189] "_R_N3532|ten_3|139930909|139932448|+|1539" 
 [190] "N3532|dum_X2|86889592|86891160|+|1568"     
 [191] "_R_N3532|dum_X2|86918214|86919958|+|1744"  
 [192] "_R_N3532|dum_X2|86964501|86966224|+|1723"  
 [193] "_R_N3532|ten_3|150863116|150864852|+|1736" 
 [194] "N3532|ten_3|150870130|150871794|+|1664"    
 [195] "N3532|ten_3|150840208|150841951|+|1743"    
 [196] "N3532|ten_3|150947659|150948874|+|1215"    
 [197] "_R_N3532|dum_7|162694013|162695744|+|1731" 
 [198] "N3532|dum_7|162640433|162642169|+|1736"    
 [199] "N3532|dum_2|223827097|223828837|+|1740"    
 [200] "N3532|dum_10|185602737|185604153|+|1416"   
 [201] "_R_N3532|dum_10|185627716|185629455|+|1739"
 [202] "N3532|dum_5|147089334|147090544|+|1210"    
 [203] "N3532|dum_2|267746943|267748479|+|1536"    
 [204] "_R_N3532|dum_5|132373193|132374914|+|1721" 
 [205] "_R_N3532|dum_2|223848297|223850040|+|1743" 
 [206] "_R_N3532|dum_5|132335489|132337090|+|1601" 
 [207] "N3532|dum_2|252889683|252891437|+|1754"    
 [208] "_R_N3532|dum_2|252933921|252935676|+|1755" 
 [209] "_R_N3532|dum_3|237350743|237351923|+|1180" 
 [210] "_R_N3532|dum_3|237314936|237316109|+|1173" 
 [211] "N3532|dum_5|161986049|161987805|+|1756"    
 [212] "N3532|dum_5|162028409|162030163|+|1754"    
 [213] "_R_N3532|dum_5|162021559|162023095|+|1536" 
 [214] "N3532|dum_7|118989292|118991032|+|1740"    
 [215] "_R_N3532|dum_7|119039793|119041249|+|1456" 
 [216] "_R_N3532|dum_7|119010431|119012183|+|1752" 
 [217] "N3532|dum_7|119017712|119019455|+|1743"    
 [218] "_R_N3532|dum_8|126823635|126825356|+|1721" 
 [219] "_R_N3532|dum_8|126844309|126846012|+|1703" 
 [220] "N3532|dum_8|126808536|126810234|+|1698"    
 [221] "N3532|dum_7|92338930|92340089|+|1159"      
 [222] "N3532|dum_7|92356834|92357988|+|1154"      
 [223] "N3532|dum_X2|86923691|86925273|+|1582"     
 [224] "_R_N3532|dum_11|68704667|68706251|+|1584"  
 [225] "N3532|dum_X1|66988300|66990034|+|1734"     
 [226] "N3532|dum_9|106576656|106578364|+|1708"    
 [227] "N3532|dum_8|126430501|126431648|+|1147"    
 [228] "N3532|dum_8|126493950|126495103|+|1153"    
 [229] "N3532|dum_8|126394376|126395547|+|1171"    
 [230] "N3532|dum_8|126458396|126459567|+|1171"    
 [231] "_R_N3532|dum_8|126423701|126425433|+|1732" 
 [232] "_R_N3532|dum_8|126487149|126488880|+|1731" 
 [233] "N3532|dum_8|126375757|126376940|+|1183"    
 [234] "_R_N3532|ten_12|65452970|65454280|+|1310"  
 [235] "_R_N3532|ten_12|66163475|66164812|+|1337"  
 [236] "_R_N3532|ten_12|66108096|66109406|+|1310"  
 [237] "N3532|ten_12|66115638|66116952|+|1314"     
 [238] "_R_N3532|ten_10|162517878|162519193|+|1315"
 [239] "_R_N3532|ten_3|106502092|106503406|+|1314" 
 [240] "N3532|ten_3|106510502|106511835|+|1333"    
 [241] "_R_N3532|ten_3|106544425|106545750|+|1325" 
 [242] "N3532|ten_3|106470847|106472171|+|1324"    
 [243] "_R_N3532|ten_1|192451576|192452900|+|1324" 
 [244] "_R_N3532|ten_1|192479770|192481098|+|1328" 
 [245] "N3532|ten_1|192460384|192462017|+|1633"    
 [246] "_R_N3532|ten_7|46218052|46219370|+|1318"   
 [247] "_R_N3532|ten_7|46241558|46242874|+|1316"   
 [248] "N3532|ten_7|46179713|46181023|+|1310"      
 [249] "_R_N3532|ten_7|46171717|46173032|+|1315"   
 [250] "N3532|ten_7|46155744|46157057|+|1313"      
 [251] "_R_N3532|ten_7|2324720|2326076|+|1356"     
 [252] "N3532|ten_7|2822110|2823441|+|1331"        
 [253] "_R_N3532|ten_7|2865139|2866459|+|1320"     
 [254] "_R_N3532|ten_7|133398423|133399765|+|1342" 
 [255] "N3532|ten_7|133406755|133408096|+|1341"    
 [256] "_R_N3532|ten_2|81445051|81446370|+|1319"   
 [257] "N3532|ten_2|81333165|81334770|+|1605"      
 [258] "_R_N3532|ten_2|81363284|81364599|+|1315"   
 [259] "N3532|ten_X1|35824074|35825377|+|1303"     
 [260] "_R_N3532|ten_X1|4784251|4785576|+|1325"    
 [261] "_R_N3532|ten_X1|4816448|4817756|+|1308"    
 [262] "N3532|ten_X1|4753196|4754516|+|1320"       
 [263] "N3532|ten_X1|4793990|4795309|+|1319"       
 [264] "N3532|ten_3|239014831|239016144|+|1313"    
 [265] "N3532|ten_10|178612681|178614023|+|1342"   
 [266] "_R_N3532|ten_10|178693202|178694535|+|1333"
 [267] "N3532|ten_10|178662700|178664046|+|1346"   
 [268] "_R_N3532|ten_3|239059554|239060867|+|1313" 
 [269] "_R_N3532|ten_X1|204185109|204186439|+|1330"
 [270] "_R_N3532|ten_11|107155932|107157250|+|1318"
 [271] "_R_N3532|ten_11|107200033|107201352|+|1319"
 [272] "N3532|ten_11|107164245|107165557|+|1312"   
 [273] "_R_N3532|ten_11|107247281|107248593|+|1312"
 [274] "N3532|ten_11|107208340|107209651|+|1311"   
 [275] "_R_N3532|ten_10|93544731|93546055|+|1324"  
 [276] "_R_N3532|ten_4|30311038|30312361|+|1323"   
 [277] "_R_N3532|ten_X1|35880148|35881455|+|1307"  
 [278] "N3532|ten_1|51473495|51474805|+|1310"      
 [279] "_R_N3532|ten_7|133446926|133448416|+|1490" 
 [280] "_R_N3532|ten_6|202044716|202046343|+|1627" 
 [281] "_R_N3532|ten_7|3644954|3646266|+|1312"     
 [282] "N3532|ten_7|4811045|4812353|+|1308"        
 [283] "_R_N3532|ten_7|4874792|4876104|+|1312"     
 [284] "N3532|ten_7|4131634|4132950|+|1316"        
 [285] "_R_N3532|ten_7|4802194|4803517|+|1323"     
 [286] "N3532|ten_7|3653030|3654359|+|1329"        
 [287] "N3532|ten_7|3595437|3596743|+|1306"        
 [288] "N3532|ten_7|4076461|4077769|+|1308"        
 [289] "_R_N3532|ten_7|4123603|4124919|+|1316"     
 [290] "N3532|ten_6|202571526|202572967|+|1441"    
 [291] "N3532|ten_6|202587133|202588572|+|1439"    
 [292] "N3532|ten_6|202555920|202557358|+|1438"    
 [293] "N3532|ten_6|202026627|202028075|+|1448"    
 [294] "N3532|ten_6|202054525|202055962|+|1437"    
 [295] "_R_N3532|ten_6|202074047|202075500|+|1453" 
 [296] "_R_N3532|ten_6|202606502|202607933|+|1431" 
 [297] "_R_N3532|ten_9|123555111|123556564|+|1453" 
 [298] "N3532|ten_9|123564283|123565732|+|1449"    
 [299] "_R_N3532|ten_4|193357919|193359358|+|1439" 
 [300] "N3532|ten_4|193365912|193367523|+|1611"    
 [301] "_R_N3532|ten_X2|107342500|107344104|+|1604"
 [302] "N3532|ten_X2|76390708|76392315|+|1607"     
 [303] "_R_N3532|ten_X2|76426375|76427820|+|1445"  
 [304] "_R_N3532|ten_10|89685684|89686996|+|1312"  
 [305] "N3532|ten_10|89694106|89695427|+|1321"     
 [306] "_R_N3532|ten_10|89733997|89735325|+|1328"  
 [307] "N3532|ten_10|89657710|89659050|+|1340"     
 [308] "N3532|ten_1|101325580|101326906|+|1326"    
 [309] "_R_N3532|ten_1|101363526|101364842|+|1316" 
 [310] "N3532|ten_1|101302392|101303922|+|1530"    
 [311] "_R_N3532|ten_1|101316998|101318310|+|1312" 
 [312] "N3532|ten_12|139042564|139043900|+|1336"   
 [313] "_R_N3532|ten_12|139076721|139078039|+|1318"
 [314] "N3532|ten_4|235154065|235155398|+|1333"    
 [315] "N3532|ten_X1|35852056|35853370|+|1314"     
 [316] "N3532|ten_X1|235522609|235523933|+|1324"   
 [317] "_R_N3532|ten_X1|235498639|235499979|+|1340"
 [318] "N3532|ten_11|11851469|11852784|+|1315"     
 [319] "_R_N3532|ten_11|11889378|11890690|+|1312"  
 [320] "N3532|ten_1|120026510|120027838|+|1328"    
 [321] "N3532|ten_10|112480559|112481890|+|1331"   
 [322] "N3532|ten_11|89615589|89616929|+|1340"     
 [323] "N3532|ten_6|159332224|159333558|+|1334"    
 [324] "N3532|ten_X1|119143518|119144852|+|1334"   
 [325] "N3532|ten_3|65567952|65569292|+|1340"      
 [326] "_R_N3532|ten_3|65597215|65598548|+|1333"   
 [327] "_R_N3532|ten_X1|60641743|60643083|+|1340"  
 [328] "N3532|ten_X1|60558895|60560233|+|1338"     
 [329] "N3532|ten_1|215273256|215274587|+|1331"    
 [330] "_R_N3532|ten_1|215298470|215299797|+|1327" 
 [331] "_R_N3532|ten_1|120058124|120059448|+|1324" 
 [332] "_R_N3532|ten_2|232670300|232671635|+|1335" 
 [333] "N3532|ten_2|248051761|248053099|+|1338"    
 [334] "_R_N3532|ten_2|248080299|248081634|+|1335" 
 [335] "N3532|ten_X1|60601663|60602996|+|1333"     
 [336] "N3532|ten_2|62355075|62356390|+|1315"      
 [337] "_R_N3532|ten_6|207331010|207332345|+|1335" 
 [338] "N3532|ten_6|207340806|207342147|+|1341"    
 [339] "N3532|ten_X1|119183514|119184829|+|1315"   
 [340] "N3532|ten_X1|119104828|119106161|+|1333"   
 [341] "_R_N3532|ten_X1|119165067|119166397|+|1330"
 [342] "_R_N3532|ten_X1|119135794|119137132|+|1338"
 [343] "_R_N3532|ten_6|159412838|159414182|+|1344" 
 [344] "N3532|ten_9|135323898|135325208|+|1310"    
 [345] "_R_N3532|ten_X1|35843059|35844380|+|1321"  
 [346] "N3532|ten_12|90170299|90171619|+|1320"     
 [347] "N3532|ten_12|90219292|90220609|+|1317"     
 [348] "_R_N3532|ten_12|90210274|90211581|+|1307"  
 [349] "_R_N3532|ten_X1|119216389|119217707|+|1318"
 [350] "_R_N3532|ten_8|81053476|81054809|+|1333"   
 [351] "_R_N3532|ten_9|135386726|135388028|+|1302" 
 [352] "_R_N3532|ten_9|135351839|135353140|+|1301" 
 [353] "N3532|ten_7|46260803|46262130|+|1327"      
 [354] "_R_N3532|ten_7|46287121|46288449|+|1328"   
 [355] "N3532|ten_9|135360655|135361935|+|1280"    
 [356] "N3532|ten_5|91615105|91616429|+|1324"      
 [357] "_R_N3532|ten_7|42174832|42176161|+|1329"   
 [358] "N3532|ten_5|91559709|91561020|+|1311"      
 [359] "N3532|ten_7|42110602|42111918|+|1316"      
 [360] "_R_N3532|ten_7|42139245|42140563|+|1318"   
 [361] "_R_N3532|ten_5|91650492|91651815|+|1323"   
 [362] "_R_N3532|ten_8|117778673|117779985|+|1312" 
 [363] "_R_N3532|ten_5|91606605|91607950|+|1345"   
 [364] "_R_N3532|ten_10|93507973|93509271|+|1298"  
 [365] "N3532|ten_10|93516245|93517574|+|1329"     
 [366] "N3532|ten_1|215307077|215308414|+|1337"    
 [367] "_R_N3532|ten_1|215334241|215335569|+|1328" 
 [368] "N3532|ten_10|178731276|178732623|+|1347"   
 [369] "_R_N3532|ten_11|46559063|46560405|+|1342"  
 [370] "N3532|ten_4|235126120|235127444|+|1324"    
 [371] "N3532|ten_7|135643626|135644983|+|1357"    
 [372] "_R_N3532|ten_7|135633890|135635240|+|1350" 
 [373] "N3532|ten_7|135589298|135590633|+|1335"    
 [374] "_R_N3532|ten_7|135685377|135686729|+|1352" 
 [375] "_R_N3532|ten_6|207391907|207393220|+|1313" 
 [376] "_R_N3532|ten_6|207374780|207376093|+|1313" 
 [377] "N3532|ten_6|207299722|207301049|+|1327"    
 [378] "_R_N3532|ten_6|159373693|159375015|+|1322" 
 [379] "N3532|ten_6|159382615|159383931|+|1316"    
 [380] "N3532|ten_7|42148388|42149680|+|1292"      
 [381] "_R_N3532|ten_12|46648172|46649496|+|1324"  
 [382] "_R_N3532|ten_X2|136022283|136023601|+|1318"
 [383] "N3532|ten_1|192419742|192421049|+|1307"    
 [384] "N3532|ten_X1|204264870|204266165|+|1295"   
 [385] "_R_N3532|ten_8|38308432|38309722|+|1290"   
 [386] "N3532|ten_8|38253438|38254717|+|1279"      
 [387] "_R_N3532|ten_8|38276624|38277902|+|1278"   
 [388] "N3532|ten_8|38285522|38286805|+|1283"      
 [389] "_R_N3532|ten_X1|204286681|204287997|+|1316"
 [390] "_R_N3532|ten_X1|204256254|204257541|+|1287"
 [391] "N3532|ten_10|142863541|142864846|+|1305"   
 [392] "_R_N3532|ten_10|142934650|142935963|+|1313"
 [393] "N3532|ten_10|142898856|142900154|+|1298"   
 [394] "_R_N3532|ten_10|142890663|142891972|+|1309"
 [395] "_R_N3532|ten_8|36236598|36237918|+|1320"   
 [396] "N3532|ten_12|39758805|39760134|+|1329"     
 [397] "_R_N3532|ten_6|165055280|165056720|+|1440" 
 [398] "_R_N3532|ten_6|165107012|165108469|+|1457" 
 [399] "N3532|ten_2|22813510|22814937|+|1427"      
 [400] "_R_N3532|ten_10|88119990|88121444|+|1454"  
 [401] "N3532|ten_3|148476768|148478220|+|1452"    
 [402] "N3532|ten_10|88089362|88090804|+|1442"     
 [403] "N3532|ten_5|109328016|109329607|+|1591"    
 [404] "_R_N3532|ten_3|148522217|148523648|+|1431" 
 [405] "N3532|ten_5|109922811|109924400|+|1589"    
 [406] "_R_N3532|ten_5|109990503|109992103|+|1600" 
 [407] "N3532|ten_6|230370308|230371912|+|1604"    
 [408] "_R_N3532|ten_6|230397754|230399337|+|1583" 
 [409] "_R_N3532|ten_5|109346918|109348479|+|1561" 
 [410] "N3532|ten_5|109890664|109892267|+|1603"    
 [411] "N3532|ten_X2|114453104|114454430|+|1326"   
 [412] "_R_N3532|ten_X2|114532898|114534172|+|1274"
 [413] "_R_N3532|ten_12|39794319|39795655|+|1336"  
 [414] "N3532|ten_8|36173296|36174594|+|1298"      
 [415] "_R_N3532|ten_1|267413880|267415326|+|1446" 
 [416] "N3532|ten_1|267421600|267423035|+|1435"    
 [417] "N3532|ten_1|267394178|267395558|+|1380"    
 [418] "_R_N3532|ten_1|267443886|267445324|+|1438" 
 [419] "_R_N3532|ten_5|155317316|155318758|+|1442" 
 [420] "_R_N3532|ten_X1|60587938|60589215|+|1277"  
 [421] "N3532|ten_X2|107350637|107352203|+|1566"   
 [422] "_R_N3532|ten_10|112508451|112509750|+|1299"
 [423] "_R_N3532|ten_7|105561031|105562360|+|1329" 
 [424] "N3532|ten_10|110051531|110052993|+|1462"   
 [425] "_R_N3532|ten_10|110077045|110078293|+|1248"
 [426] "N3532|ten_6|192912888|192914336|+|1448"    
 [427] "_R_N3532|ten_6|192939059|192940512|+|1453" 
 [428] "N3532|ten_8|128079183|128080463|+|1280"    
 [429] "N3532|ten_11|4789366|4790653|+|1287"       
 [430] "_R_N3532|ten_11|4820697|4822153|+|1456"    
 [431] "_R_N3532|ten_12|365943|367415|+|1472"      
 [432] "N3532|ten_8|84021368|84022841|+|1473"      
 [433] "N3532|ten_4|173794853|173796129|+|1276"    
 [434] "_R_N3532|ten_4|173884035|173885512|+|1477" 
 [435] "N3532|ten_4|173843059|173844328|+|1269"    
 [436] "_R_N3532|ten_2|266325037|266326314|+|1277" 
 [437] "_R_N3532|ten_2|266367802|266369073|+|1271" 
 [438] "N3532|ten_2|266334184|266335459|+|1275"    
 [439] "_R_N3532|ten_4|177144358|177145627|+|1269" 
 [440] "_R_N3532|ten_4|177191232|177192502|+|1270" 
 [441] "N3532|ten_4|177114242|177115499|+|1257"    
 [442] "N3532|ten_4|177154302|177155589|+|1287"    
 [443] "_R_N3532|ten_10|178805362|178806614|+|1252"
 [444] "N3532|ten_8|48476917|48478163|+|1246"      
 [445] "N3532|ten_2|162476639|162477919|+|1280"    
 [446] "_R_N3532|ten_4|156695380|156696654|+|1274" 
 [447] "N3532|ten_4|156636201|156637487|+|1286"    
 [448] "N3532|ten_7|115387794|115389078|+|1284"    
 [449] "N3532|ten_4|156704811|156706102|+|1291"    
 [450] "_R_N3532|ten_4|156740736|156742005|+|1269" 
 [451] "_R_N3532|ten_2|162466785|162468063|+|1278" 
 [452] "_R_N3532|ten_2|162481072|162482338|+|1266" 
 [453] "_R_N3532|ten_4|173833212|173834485|+|1273" 
 [454] "N3532|ten_12|53084453|53085731|+|1278"     
 [455] "_R_N3532|ten_12|53175956|53177237|+|1281"  
 [456] "_R_N3532|ten_1|154575621|154577102|+|1481" 
 [457] "N3532|ten_1|154585196|154586467|+|1271"    
 [458] "N3532|ten_1|154544039|154545317|+|1278"    
 [459] "_R_N3532|ten_1|154618466|154619700|+|1234" 
 [460] "N3532|ten_11|104450135|104451424|+|1289"   
 [461] "_R_N3532|ten_11|104482428|104483709|+|1281"
 [462] "N3532|ten_1|107993499|107994731|+|1232"    
 [463] "_R_N3532|ten_7|115417349|115418632|+|1283" 
 [464] "_R_N3532|ten_X2|129472430|129473681|+|1251"
 [465] "_R_N3532|ten_4|231123127|231124393|+|1266" 
 [466] "_R_N3532|ten_4|231169619|231170884|+|1265" 
 [467] "N3532|ten_4|231133768|231135231|+|1463"    
 [468] "N3532|ten_X2|96114570|96116041|+|1471"     
 [469] "_R_N3532|ten_X2|96184644|96186107|+|1463"  
 [470] "_R_N3532|ten_X2|96149869|96151335|+|1466"  
 [471] "N3532|ten_X2|96158623|96159907|+|1284"     
 [472] "N3532|ten_4|231084134|231085412|+|1278"    
 [473] "N3532|ten_4|35614802|35616085|+|1283"      
 [474] "N3532|ten_2|122147202|122148482|+|1280"    
 [475] "N3532|ten_2|122141779|122143071|+|1292"    
 [476] "N3532|ten_X2|129438459|129439727|+|1268"   
 [477] "N3532|ten_X2|129481044|129482312|+|1268"   
 [478] "N3532|ten_5|78202407|78203690|+|1283"      
 [479] "_R_N3532|ten_12|53125357|53126633|+|1276"  
 [480] "_R_N3532|ten_6|233230563|233231836|+|1273" 
 [481] "N3532|ten_X2|148461697|148462988|+|1291"   
 [482] "_R_N3532|ten_X2|129508482|129509757|+|1275"
 [483] "_R_N3532|ten_6|213640207|213641488|+|1281" 
 [484] "_R_N3532|ten_6|189723338|189724615|+|1277" 
 [485] "N3532|ten_6|189733326|189734610|+|1284"    
 [486] "N3532|ten_6|213611128|213612412|+|1284"    
 [487] "N3532|ten_12|138529062|138530339|+|1277"   
 [488] "N3532|ten_3|157965441|157966721|+|1280"    
 [489] "N3532|ten_3|158004721|158005994|+|1273"    
 [490] "N3532|ten_9|168202491|168203773|+|1282"    
 [491] "N3532|ten_X2|188498024|188499298|+|1274"   
 [492] "N3532|ten_10|127418489|127419960|+|1471"   
 [493] "_R_N3532|ten_10|127452786|127454246|+|1460"
 [494] "_R_N3532|ten_10|127409049|127410314|+|1265"
 [495] "_R_N3532|ten_5|78283402|78284635|+|1233"   
 [496] "N3532|ten_2|179975974|179977439|+|1465"    
 [497] "N3532|ten_2|180021145|180022418|+|1273"    
 [498] "_R_N3532|ten_2|180010905|180012176|+|1271" 
 [499] "_R_N3532|ten_2|180058286|180059569|+|1283" 
 [500] "N3532|ten_6|99987326|99988600|+|1274"      
 [501] "_R_N3532|ten_6|100021199|100022666|+|1467" 
 [502] "_R_N3532|ten_6|100047641|100049115|+|1474" 
 [503] "N3532|ten_6|114123181|114124458|+|1277"    
 [504] "N3532|ten_7|30392850|30394117|+|1267"      
 [505] "N3532|ten_7|30351564|30353014|+|1450"      
 [506] "_R_N3532|ten_7|30341159|30342430|+|1271"   
 [507] "_R_N3532|ten_7|30382437|30383715|+|1278"   
 [508] "_R_N3532|ten_5|67105839|67107103|+|1264"   
 [509] "N3532|ten_11|115875132|115876590|+|1458"   
 [510] "_R_N3532|ten_11|115894873|115896320|+|1447"
 [511] "_R_N3532|ten_11|115865521|115866975|+|1454"
 [512] "N3532|ten_11|115834964|115836224|+|1260"   
 [513] "_R_N3532|ten_X1|151354852|151356327|+|1475"
 [514] "N3532|ten_X1|151365010|151366488|+|1478"   
 [515] "_R_N3532|ten_X1|85796002|85797268|+|1266"  
 [516] "N3532|ten_6|236787352|236788631|+|1279"    
 [517] "_R_N3532|ten_6|236819783|236821061|+|1278" 
 [518] "N3532|ten_6|236828784|236830058|+|1274"    
 [519] "N3532|ten_5|143655816|143657109|+|1293"    
 [520] "_R_N3532|ten_3|16932347|16933624|+|1277"   
 [521] "_R_N3532|ten_5|143689567|143690800|+|1233" 
 [522] "_R_N3532|ten_1|174595805|174597064|+|1259" 
 [523] "N3532|ten_X1|151323526|151324804|+|1278"   
 [524] "_R_N3532|ten_10|127343703|127344958|+|1255"
 [525] "N3532|ten_10|127354182|127355638|+|1456"   
 [526] "_R_N3532|ten_2|160734078|160735359|+|1281" 
 [527] "N3532|ten_5|172826586|172827859|+|1273"    
 [528] "_R_N3532|ten_5|172854657|172855926|+|1269" 
 [529] "N3532|ten_5|172865280|172866559|+|1279"    
 [530] "N3532|ten_2|160706757|160708036|+|1279"    
 [531] "_R_N3532|ten_4|72703782|72705053|+|1271"   
 [532] "_R_N3532|ten_1|223115694|223117153|+|1459" 
 [533] "_R_N3532|ten_9|122772217|122773688|+|1471" 
 [534] "N3532|ten_9|122741829|122743109|+|1280"    
 [535] "_R_N3532|ten_9|122731447|122732724|+|1277" 
 [536] "_R_N3532|ten_11|71993865|71995141|+|1276"  
 [537] "_R_N3532|ten_12|113967913|113969383|+|1470"
 [538] "N3532|ten_12|113935453|113936723|+|1270"   
 [539] "_R_N3532|ten_12|114011445|114012718|+|1273"
 [540] "N3532|ten_12|90369292|90370573|+|1281"     
 [541] "_R_N3532|ten_12|90400434|90401702|+|1268"  
 [542] "N3532|ten_1|182080753|182082214|+|1461"    
 [543] "N3532|ten_1|265807551|265808826|+|1275"    
 [544] "N3532|ten_1|174559896|174561371|+|1475"    
 [545] "N3532|ten_9|98906413|98907877|+|1464"      
 [546] "_R_N3532|ten_6|166303766|166305228|+|1462" 
 [547] "_R_N3532|ten_11|107071061|107072341|+|1280"
 [548] "_R_N3532|ten_X2|99088342|99089612|+|1270"  
 [549] "N3532|ten_11|107000679|107001960|+|1281"   
 [550] "_R_N3532|ten_9|98922915|98924190|+|1275"   
 [551] "N3532|ten_11|107040439|107041718|+|1279"   
 [552] "N3532|ten_7|2692731|2694013|+|1282"        
 [553] "N3532|ten_10|127996499|127997782|+|1283"   
 [554] "_R_N3532|ten_7|2682875|2684145|+|1270"     
 [555] "_R_N3532|ten_7|42876151|42877420|+|1269"   
 [556] "_R_N3532|ten_7|2722934|2724208|+|1274"     
 [557] "N3532|ten_8|95994767|95996025|+|1258"      
 [558] "_R_N3532|ten_X2|61737526|61738814|+|1288"  
 [559] "N3532|ten_X2|61477278|61478562|+|1284"     
 [560] "_R_N3532|ten_X2|61699033|61700507|+|1474"  
 [561] "N3532|ten_X2|61709163|61710635|+|1472"     
 [562] "_R_N3532|ten_11|28183772|28185053|+|1281"  
 [563] "_R_N3532|ten_4|96807723|96809004|+|1281"   
 [564] "_R_N3532|ten_X1|176789769|176791213|+|1444"
 [565] "N3532|ten_X1|176806565|176808003|+|1438"   
 [566] "N3532|ten_1|222601084|222602348|+|1264"    
 [567] "_R_N3532|ten_1|222623557|222625012|+|1455" 
 [568] "_R_N3532|ten_10|1481988|1483447|+|1459"    
 [569] "N3532|ten_10|1492156|1493611|+|1455"       
 [570] "N3532|ten_5|172941160|172942459|+|1299"    
 [571] "N3532|ten_9|147772780|147774244|+|1464"    
 [572] "_R_N3532|ten_5|172931633|172932890|+|1257" 
 [573] "_R_N3532|ten_5|172963058|172964527|+|1469" 
 [574] "_R_N3532|ten_2|166623331|166624604|+|1273" 
 [575] "_R_N3532|ten_9|147800329|147801670|+|1341" 
 [576] "_R_N3532|ten_10|1528323|1529579|+|1256"    
 [577] "N3532|ten_8|118149956|118151422|+|1466"    
 [578] "_R_N3532|ten_8|118222574|118223843|+|1269" 
 [579] "_R_N3532|ten_8|118185594|118187058|+|1464" 
 [580] "N3532|ten_8|118195240|118196703|+|1463"    
 [581] "_R_N3532|ten_10|11976715|11978177|+|1462"  
 [582] "_R_N3532|ten_10|12030694|12032162|+|1468"  
 [583] "_R_N3532|ten_2|166655316|166656778|+|1462" 
 [584] "_R_N3532|ten_2|21654726|21655998|+|1272"   
 [585] "_R_N3532|ten_10|142626588|142627856|+|1268"
 [586] "N3532|ten_10|142593353|142594592|+|1239"   
 [587] "N3532|ten_4|176958947|176960396|+|1449"    
 [588] "_R_N3532|ten_4|176995979|176997441|+|1462" 
 [589] "N3532|ten_11|4830884|4832184|+|1300"       
 [590] "N3532|ten_2|41148902|41150206|+|1304"      
 [591] "N3532|ten_10|11932026|11933318|+|1292"     
 [592] "N3532|ten_3|16855669|16856947|+|1278"      
 [593] "N3532|ten_X1|207533437|207534720|+|1283"   
 [594] "_R_N3532|ten_X1|207563241|207564497|+|1256"
 [595] "N3532|ten_X1|207572347|207573822|+|1475"   
 [596] "_R_N3532|ten_2|41189264|41190739|+|1475"   
 [597] "_R_N3532|ten_2|41139966|41141236|+|1270"   
 [598] "N3532|ten_2|41106815|41108097|+|1282"      
 [599] "N3532|ten_12|54335851|54337134|+|1283"     
 [600] "N3532|ten_9|112295897|112297180|+|1283"    
 [601] "_R_N3532|ten_9|112328472|112329751|+|1279" 
 [602] "N3532|ten_X2|99011399|99012676|+|1277"     
 [603] "_R_N3532|ten_X2|188529016|188530285|+|1269"
 [604] "N3532|ten_X2|188536326|188537775|+|1449"   
 [605] "_R_N3532|ten_X2|188566407|188567659|+|1252"
 [606] "N3532|ten_10|126445529|126446820|+|1291"   
 [607] "_R_N3532|ten_10|126487451|126488715|+|1264"
 [608] "N3532|ten_3|152733527|152734976|+|1449"    
 [609] "_R_N3532|ten_3|152769149|152770604|+|1455" 
 [610] "N3532|ten_10|11986044|11987470|+|1426"     
 [611] "_R_N3532|ten_4|177033593|177035047|+|1454" 
 [612] "N3532|ten_4|177006551|177008002|+|1451"    
 [613] "_R_N3532|ten_3|16895752|16897020|+|1268"   
 [614] "_R_N3532|ten_5|201186721|201187995|+|1274" 
 [615] "_R_N3532|ten_5|201243274|201244551|+|1277" 
 [616] "N3532|ten_X1|228554378|228555683|+|1305"   
 [617] "N3532|ten_5|201196757|201198230|+|1473"    
 [618] "_R_N3532|ten_1|265836912|265838191|+|1279" 
 [619] "N3532|ten_4|76866474|76867713|+|1239"      
 [620] "_R_N3532|ten_4|78346785|78348018|+|1233"   
 [621] "_R_N3532|ten_4|76892470|76893745|+|1275"   
 [622] "N3532|ten_4|76903916|76905202|+|1286"      
 [623] "N3532|ten_X1|166394548|166395834|+|1286"   
 [624] "_R_N3532|ten_X1|166484232|166485519|+|1287"
 [625] "_R_N3532|ten_X1|166430739|166432013|+|1274"
 [626] "N3532|ten_X1|166442012|166443298|+|1286"   
 [627] "_R_N3532|ten_8|67635868|67637134|+|1266"   
 [628] "_R_N3532|ten_8|67688826|67690093|+|1267"   
 [629] "N3532|ten_8|67644856|67646319|+|1463"      
 [630] "N3532|ten_9|133551056|133552508|+|1452"    
 [631] "_R_N3532|dum_1|195664919|195666428|+|1509" 
 [632] "_R_N3532|dum_1|195702043|195703652|+|1609" 
 [633] "N3532|dum_8|105611257|105612979|+|1722"    
 [634] "N3532|dum_9|84568090|84569628|+|1538"      
 [635] "N3532|dum_2|183219479|183221193|+|1714"    
 [636] "N3532|dum_8|128449787|128451507|+|1720"    
 [637] "_R_N3532|dum_4|117234986|117236709|+|1723" 
 [638] "_R_N3532|dum_6|230366342|230367542|+|1200" 
 [639] "N3532|dum_X1|235766484|235768211|+|1727"   
 [640] "_R_N3532|dum_11|56430082|56431237|+|1155"  
 [641] "_R_N3532|dum_X1|67007472|67009214|+|1742"  
 [642] "N3532|dum_2|223853028|223854754|+|1726"    
 [643] "_R_N3532|dum_5|132363147|132364865|+|1718" 
 [644] "N3532|dum_5|165913938|165915666|+|1728"    
 [645] "N3532|dum_11|56436538|56437705|+|1167"     
 [646] "N3532|dum_7|96760043|96761618|+|1575"      
 [647] "_R_N3532|dum_7|96808310|96810064|+|1754"   
 [648] "_R_N3532|dum_X2|61815208|61816964|+|1756"  
 [649] "_R_N3532|dum_X2|61900613|61902145|+|1532"  
 [650] "N3532|dum_X2|61822357|61824102|+|1745"     
 [651] "N3532|dum_6|230348816|230350025|+|1209"    
 [652] "N3532|dum_8|22032658|22034237|+|1579"      
 [653] "_R_N3532|dum_11|26314560|26316322|+|1762"  
 [654] "_R_N3532|dum_11|26370203|26371743|+|1540"  
 [655] "_R_N3532|dum_11|26297792|26299153|+|1361"  
 [656] "N3532|dum_7|20125767|20127521|+|1754"      
 [657] "_R_N3532|dum_7|20147991|20149753|+|1762"   
 [658] "N3532|dum_11|26239030|26240794|+|1764"     
 [659] "_R_N3532|dum_6|34377540|34379147|+|1607"   
 [660] "N3532|dum_11|56403123|56404287|+|1164"     
 [661] "_R_N3532|dum_8|126177963|126179718|+|1755" 
 [662] "_R_N3532|dum_9|84599586|84601222|+|1636"   
 [663] "N3532|dum_1|242329961|242331716|+|1755"    
 [664] "N3532|dum_1|242357439|242359185|+|1746"    
 [665] "_R_N3532|dum_1|242322925|242324657|+|1732" 
 [666] "_R_N3532|dum_1|242350381|242352123|+|1742" 
 [667] "_R_N3532|dum_1|242373851|242375384|+|1533" 
 [668] "_R_N3532|dum_12|122869593|122870782|+|1189"
 [669] "N3532|dum_5|132318027|132319760|+|1733"    
 [670] "N3532|dum_12|122847806|122848992|+|1186"   
 [671] "_R_N3532|dum_4|144952653|144954261|+|1608" 
 [672] "N3532|dum_12|83392425|83394162|+|1737"     
 [673] "_R_N3532|dum_2|142445603|142447218|+|1615" 
 [674] "N3532|dum_1|195666438|195667986|+|1548"    
 [675] "N3532|dum_2|144152554|144154149|+|1595"    
 [676] "_R_N3532|dum_2|144182320|144183878|+|1558" 
 [677] "_R_N3532|dum_5|162060482|162062057|+|1575" 
 [678] "N3532|dum_7|89558866|89560455|+|1589"      
 [679] "N3532|dum_1|147959903|147961516|+|1613"    
 [680] "_R_N3532|dum_1|148005062|148006654|+|1592" 
 [681] "N3532|dum_4|69374740|69376318|+|1578"      
 [682] "_R_N3532|dum_4|69395211|69396813|+|1602"   
 [683] "N3532|dum_4|68209222|68210816|+|1594"      
 [684] "_R_N3532|dum_4|68237820|68239444|+|1624"   
 [685] "N3532|dum_4|49899139|49900729|+|1590"      
 [686] "N3532|dum_4|49861935|49863512|+|1577"      
 [687] "N3532|dum_X1|235036075|235037686|+|1611"   
 [688] "_R_N3532|dum_7|82391748|82393369|+|1621"   
 [689] "_R_N3532|dum_2|116213547|116215162|+|1615" 
 [690] "N3532|dum_2|151714806|151716399|+|1593"    
 [691] "_R_N3532|dum_2|151754118|151755721|+|1603" 
 [692] "N3532|dum_X1|166632824|166634432|+|1608"   
 [693] "_R_N3532|dum_X1|166659132|166660761|+|1629"
 [694] "_R_N3532|dum_8|22053467|22055071|+|1604"   
 [695] "N3532|dum_11|25010636|25012245|+|1609"     
 [696] "_R_N3532|dum_11|25039601|25041219|+|1618"  
 [697] "_R_N3532|dum_1|156091063|156092685|+|1622" 
 [698] "_R_N3532|dum_1|295073438|295074951|+|1513" 
 [699] "N3532|dum_6|137050798|137052389|+|1591"    
 [700] "_R_N3532|dum_6|137077827|137079433|+|1606" 
 [701] "_R_N3532|dum_4|168329940|168331544|+|1604" 
 [702] "_R_N3532|dum_4|168303060|168304657|+|1597" 
 [703] "_R_N3532|dum_9|106569651|106571251|+|1600" 
 [704] "N3532|dum_8|161210855|161212477|+|1622"    
 [705] "_R_N3532|dum_8|161254354|161255957|+|1603" 
 [706] "_R_N3532|dum_1|156057235|156058816|+|1581" 
 [707] "N3532|dum_1|156034880|156036482|+|1602"    
 [708] "N3532|dum_1|149344560|149346158|+|1598"    
 [709] "N3532|dum_9|106526402|106528023|+|1621"    
 [710] "_R_N3532|dum_1|149359443|149361069|+|1626" 
 [711] "_R_N3532|dum_1|149339753|149341317|+|1564" 
 [712] "N3532|dum_X1|243461097|243462700|+|1603"   
 [713] "N3532|dum_4|168309867|168311224|+|1357"    
 [714] "N3532|dum_3|233849300|233850901|+|1601"    
 [715] "_R_N3532|dum_3|233878003|233879642|+|1639" 
 [716] "_R_N3532|dum_X2|114074111|114075390|+|1279"
 [717] "_R_N3532|dum_6|70999017|71000624|+|1607"   
 [718] "_R_N3532|dum_X1|170279286|170280873|+|1587"
 [719] "_R_N3532|dum_X1|170304904|170306480|+|1576"
 [720] "N3532|dum_8|681957|683546|+|1589"          
 [721] "N3532|dum_X1|170251319|170252907|+|1588"   
 [722] "_R_N3532|dum_4|68281936|68283538|+|1602"   
 [723] "N3532|dum_4|28613529|28615123|+|1594"      
 [724] "_R_N3532|dum_4|238640854|238642451|+|1597" 
 [725] "_R_N3532|dum_4|28639975|28641599|+|1624"   
 [726] "_R_N3532|dum_9|180414390|180415986|+|1596" 
 [727] "N3532|dum_4|37127093|37128694|+|1601"      
 [728] "N3532|dum_5|103275183|103276766|+|1583"    
 [729] "_R_N3532|dum_5|103302771|103304378|+|1607" 
 [730] "N3532|dum_6|69508467|69510082|+|1615"      
 [731] "N3532|dum_6|69532227|69533813|+|1586"      
 [732] "N3532|dum_3|145641150|145642770|+|1620"    
 [733] "N3532|dum_3|145603520|145605140|+|1620"    
 [734] "_R_N3532|dum_1|177781423|177783045|+|1622" 
 [735] "_R_N3532|dum_5|103317194|103318829|+|1635" 
 [736] "_R_N3532|dum_1|162147953|162149551|+|1598" 
 [737] "N3532|dum_4|51864976|51866317|+|1341"      
 [738] "_R_N3532|dum_4|51892753|51894369|+|1616"   
 [739] "_R_N3532|dum_4|28958716|28960325|+|1609"   
 [740] "N3532|dum_1|205941320|205942936|+|1616"    
 [741] "N3532|dum_8|64221270|64222902|+|1632"      
 [742] "_R_N3532|dum_1|205934376|205935978|+|1602" 
 [743] "N3532|dum_4|141202614|141204223|+|1609"    
 [744] "_R_N3532|dum_8|59180838|59182429|+|1591"   
 [745] "N3532|dum_4|28965599|28967202|+|1603"      
 [746] "_R_N3532|dum_7|68144691|68146284|+|1593"   
 [747] "N3532|dum_4|28938580|28940183|+|1603"      
 [748] "_R_N3532|dum_1|177750421|177752023|+|1602" 
 [749] "_R_N3532|dum_1|295049939|295051557|+|1618" 
 [750] "N3532|dum_7|68117172|68118769|+|1597"      
 [751] "N3532|dum_8|59159882|59161485|+|1603"      
 [752] "N3532|dum_X2|148096355|148097952|+|1597"   
 [753] "_R_N3532|dum_8|34979575|34981173|+|1598"   
 [754] "N3532|dum_8|34986443|34988043|+|1600"      
 [755] "N3532|dum_7|68086865|68088466|+|1601"      
 [756] "N3532|dum_8|34958001|34959614|+|1613"      
 [757] "N3532|dum_5|85605102|85606753|+|1651"      
 [758] "N3532|dum_2|160266925|160268540|+|1615"    
 [759] "N3532|dum_X1|102090584|102092202|+|1618"   
 [760] "_R_N3532|dum_5|85622817|85624425|+|1608"   
 [761] "N3532|dum_5|85629694|85631296|+|1602"      
 [762] "_R_N3532|dum_4|141265571|141267183|+|1612" 
 [763] "N3532|dum_4|141233626|141235242|+|1616"    
 [764] "N3532|dum_11|67829482|67831076|+|1594"     
 [765] "_R_N3532|dum_11|67854781|67856385|+|1604"  
 [766] "_R_N3532|dum_8|64235927|64237541|+|1614"   
 [767] "_R_N3532|dum_1|205983817|205985240|+|1423" 
 [768] "N3532|dum_6|183124753|183126344|+|1591"    
 [769] "N3532|dum_6|183157520|183159115|+|1595"    
 [770] "_R_N3532|dum_6|183150592|183152182|+|1590" 
 [771] "_R_N3532|dum_5|85653777|85655393|+|1616"   
 [772] "N3532|dum_9|180392219|180393818|+|1599"    
 [773] "_R_N3532|dum_5|142833213|142834808|+|1595" 
 [774] "N3532|dum_5|142840084|142841691|+|1607"    
 [775] "N3532|dum_5|142811127|142812739|+|1612"    
 [776] "N3532|dum_8|183928523|183930139|+|1616"    
 [777] "_R_N3532|dum_8|183970580|183972186|+|1606" 
 [778] "_R_N3532|dum_8|183921624|183923229|+|1605" 
 [779] "_R_N3532|dum_4|37148532|37150139|+|1607"   
 [780] "N3532|dum_X2|166608458|166610052|+|1594"   
 [781] "N3532|dum_4|37088461|37090076|+|1615"      
 [782] "_R_N3532|dum_4|37120266|37121878|+|1612"   
 [783] "N3532|dum_2|102100913|102102503|+|1590"    
 [784] "_R_N3532|dum_2|102188988|102190588|+|1600" 
 [785] "N3532|dum_X1|67011651|67013231|+|1580"     
 [786] "_R_N3532|dum_10|59386657|59388256|+|1599"  
 [787] "_R_N3532|dum_10|59413528|59415134|+|1606"  
 [788] "_R_N3532|dum_7|81173404|81174994|+|1590"   
 [789] "N3532|dum_7|81180325|81181937|+|1612"      
 [790] "N3532|dum_7|81152992|81154587|+|1595"      
 [791] "N3532|dum_2|117678877|117680491|+|1614"    
 [792] "_R_N3532|dum_5|142863977|142865605|+|1628" 
 [793] "N3532|dum_2|227290716|227292275|+|1559"    
 [794] "N3532|dum_2|227270391|227272012|+|1621"    
 [795] "_R_N3532|dum_2|227322207|227323808|+|1601" 
 [796] "_R_N3532|dum_2|227263429|227265029|+|1600" 
 [797] "_R_N3532|dum_2|117730624|117732195|+|1571" 
 [798] "_R_N3532|dum_2|117788521|117790085|+|1564" 
 [799] "_R_N3532|dum_2|117747506|117749100|+|1594" 
 [800] "_R_N3532|dum_2|117759808|117761385|+|1577" 
 [801] "_R_N3532|dum_2|117770518|117772098|+|1580" 
 [802] "_R_N3532|dum_2|117762340|117763915|+|1575" 
 [803] "_R_N3532|dum_2|117743204|117744781|+|1577" 
 [804] "_R_N3532|dum_2|117766313|117767901|+|1588" 
 [805] "_R_N3532|dum_2|117781628|117783188|+|1560" 
 [806] "_R_N3532|dum_2|117734805|117736383|+|1578" 
 [807] "_R_N3532|dum_2|117738994|117740572|+|1578" 
 [808] "_R_N3532|dum_2|117792696|117794295|+|1599" 
 [809] "_R_N3532|dum_2|117755586|117757193|+|1607" 
 [810] "N3532|dum_12|113290324|113291952|+|1628"   
 [811] "N3532|dum_1|145278153|145279765|+|1612"    
 [812] "_R_N3532|dum_12|113329513|113331152|+|1639"
 [813] "_R_N3532|dum_1|145301355|145302978|+|1623" 
 [814] "N3532|dum_3|62876718|62878318|+|1600"      
 [815] "N3532|dum_4|142513708|142515316|+|1608"    
 [816] "_R_N3532|dum_3|62869791|62871384|+|1593"   
 [817] "N3532|dum_3|62848726|62850336|+|1610"      
 [818] "_R_N3532|dum_8|143848964|143850596|+|1632" 
 [819] "N3532|dum_8|143824497|143826109|+|1612"    
 [820] "N3532|dum_10|157929546|157930865|+|1319"   
 [821] "N3532|dum_6|172185860|172187486|+|1626"    
 [822] "N3532|dum_10|157890086|157891715|+|1629"   
 [823] "_R_N3532|ten_11|103677709|103679026|+|1317"
 [824] "_R_N3532|ten_11|104688665|104689983|+|1318"
 [825] "_R_N3532|ten_12|101907241|101908564|+|1323"
 [826] "_R_N3532|ten_12|101939834|101941147|+|1313"
 [827] "N3532|ten_12|101915341|101916625|+|1284"   
 [828] "N3532|ten_12|101866103|101867423|+|1320"   
 [829] "N3532|ten_12|101874484|101875804|+|1320"   
 [830] "N3532|ten_12|101882867|101884194|+|1327"   
 [831] "N3532|ten_12|101857824|101859151|+|1327"   
 [832] "N3532|dum_1|106209178|106210779|+|1601"    
 [833] "N3532|dum_6|220499975|220501578|+|1603"    
 [834] "_R_N3532|dum_6|69582562|69584059|+|1497"   
 [835] "N3532|dum_4|238572939|238574287|+|1348"    
 [836] "N3532|dum_11|68684258|68685980|+|1722"     
 [837] "_R_N3532|dum_8|35011615|35013366|+|1751"   
 [838] "N3532|dum_1|205910979|205912564|+|1585"    
 [839] "N3532|dum_3|233824141|233825770|+|1629"    
 [840] "_R_N3532|dum_3|233842369|233843860|+|1491" 
 [841] "_R_N3532|dum_2|117784217|117785788|+|1571" 
 [842] "N3532|dum_11|54599626|54601221|+|1595"     
 [843] "_R_N3532|dum_X1|184882230|184883497|+|1267"
 [844] "_R_N3532|dum_8|59196609|59198371|+|1762"   
 [845] "N3532|dum_11|68664794|68666558|+|1764"     
 [846] "_R_N3532|dum_11|68677465|68679224|+|1759"  
 [847] "_R_N3532|dum_9|112769882|112771452|+|1570" 
 [848] "_R_N3532|dum_9|112789718|112791313|+|1595" 
 [849] "N3532|dum_9|112776751|112778323|+|1572"    
 [850] "N3532|dum_9|112743511|112745122|+|1611"    
 [851] "N3532|dum_9|120172459|120174067|+|1608"    
 [852] "N3532|dum_9|120198927|120200537|+|1610"    
 [853] "_R_N3532|dum_9|120223754|120225389|+|1635" 
 [854] "_R_N3532|dum_7|7574799|7576401|+|1602"     
 [855] "_R_N3532|dum_11|54623752|54625350|+|1598"  
 [856] "N3532|dum_6|70934386|70935992|+|1606"      
 [857] "_R_N3532|dum_6|70971688|70973277|+|1589"   
 [858] "N3532|dum_2|27077277|27078887|+|1610"      
 [859] "_R_N3532|dum_2|27070343|27071952|+|1609"   
 [860] "N3532|dum_2|27055012|27056607|+|1595"      
 [861] "N3532|dum_5|37306915|37308529|+|1614"      
 [862] "_R_N3532|ten_5|188374896|188376478|+|1582" 
 [863] "_R_N3532|ten_4|66014646|66016252|+|1606"   
 [864] "N3532|ten_4|66021551|66023147|+|1596"      
 [865] "N3532|ten_10|114925738|114927147|+|1409"   
 [866] "_R_N3532|ten_10|114958069|114959495|+|1426"
 [867] "N3532|ten_4|65990193|65991805|+|1612"      
 [868] "_R_N3532|ten_X2|20521085|20522553|+|1468"  
 [869] "_R_N3532|ten_X2|20583111|20584562|+|1451"  
 [870] "N3532|ten_X2|20543686|20545276|+|1590"     
 [871] "N3532|ten_X2|20480786|20482393|+|1607"     
 [872] "N3532|ten_10|114889017|114890619|+|1602"   
 [873] "N3532|ten_2|120581313|120582960|+|1647"    
 [874] "_R_N3532|ten_7|66023148|66024741|+|1593"   
 [875] "_R_N3532|ten_4|66039492|66041111|+|1619"   
 [876] "_R_N3532|ten_9|62732031|62733425|+|1394"   
 [877] "_R_N3532|ten_2|120605498|120607104|+|1606" 
 [878] "N3532|ten_2|120612420|120614017|+|1597"    
 [879] "N3532|dum_6|34353001|34354618|+|1617"      
 [880] "N3532|dum_6|34368208|34369666|+|1458"      
 [881] "N3532|dum_6|34330387|34331849|+|1462"      
 [882] "N3532|dum_4|144937526|144939087|+|1561"    
 [883] "N3532|dum_4|144959343|144960934|+|1591"    
 [884] "_R_N3532|dum_10|10873492|10875110|+|1618"  
 [885] "_R_N3532|dum_10|10908591|10910216|+|1625"  
 [886] "N3532|dum_10|10880427|10882050|+|1623"     
 [887] "_R_N3532|ten_12|46866276|46867853|+|1577"  
 [888] "N3532|ten_12|46872318|46873911|+|1593"     
 [889] "N3532|ten_12|46841248|46842824|+|1576"     
 [890] "N3532|dum_9|6392852|6394446|+|1594"        
 [891] "N3532|dum_9|6401868|6403461|+|1593"        
 [892] "N3532|dum_1|149287574|149289185|+|1611"    
 [893] "_R_N3532|dum_7|985891|987499|+|1608"       
 [894] "_R_N3532|dum_7|1075218|1076816|+|1598"     
 [895] "_R_N3532|dum_7|155340824|155342404|+|1580" 
 [896] "N3532|dum_7|155347816|155349394|+|1578"    
 [897] "_R_N3532|dum_9|84070237|84071853|+|1616"   
 [898] "_R_N3532|dum_9|84082110|84083733|+|1623"   
 [899] "N3532|dum_9|84042971|84044584|+|1613"      
 [900] "N3532|dum_1|148203950|148205568|+|1618"    
 [901] "_R_N3532|dum_7|155370413|155372012|+|1599" 
 [902] "_R_N3532|dum_X1|189189069|189190700|+|1631"
 [903] "_R_N3532|dum_11|55765656|55767250|+|1594"  
 [904] "_R_N3532|dum_11|54661284|54662883|+|1599"  
 [905] "N3532|dum_4|116832226|116833815|+|1589"    
 [906] "_R_N3532|dum_4|116844677|116846257|+|1580" 
 [907] "N3532|dum_7|81477757|81479361|+|1604"      
 [908] "N3532|dum_X1|189139848|189141437|+|1589"   
 [909] "N3532|dum_8|126742710|126744290|+|1580"    
 [910] "_R_N3532|dum_1|148224063|148225682|+|1619" 
 [911] "N3532|dum_4|116851622|116853221|+|1599"    
 [912] "N3532|dum_11|55772133|55773747|+|1614"     
 [913] "_R_N3532|dum_11|55797404|55799012|+|1608"  
 [914] "N3532|dum_X1|189168707|189170312|+|1605"   
 [915] "_R_N3532|dum_10|25233819|25235417|+|1598"  
 [916] "N3532|dum_10|25211792|25213387|+|1595"     
 [917] "N3532|dum_6|34266828|34268268|+|1440"      
 [918] "_R_N3532|dum_6|34327145|34328740|+|1595"   
 [919] "_R_N3532|dum_6|34291486|34293076|+|1590"   
 [920] "N3532|dum_6|34298150|34299758|+|1608"      
 [921] "N3532|dum_10|76936972|76938411|+|1439"     
 [922] "_R_N3532|ten_6|230441184|230442626|+|1442" 
 [923] "N3532|dum_8|126108645|126110066|+|1421"    
 [924] "_R_N3532|ten_5|90661647|90663071|+|1424"   
 [925] "N3532|ten_5|90676107|90677708|+|1601"      
 [926] "N3532|ten_5|90633150|90634519|+|1369"      
 [927] "N3532|dum_8|106409093|106410704|+|1611"    
 [928] "_R_N3532|dum_8|106446286|106447918|+|1632" 
 [929] "N3532|ten_10|178015048|178016372|+|1324"   
 [930] "_R_N3532|ten_10|178130144|178131763|+|1619"
 [931] "N3532|dum_X2|37169398|37170993|+|1595"     
 [932] "_R_N3532|dum_X2|37255322|37256915|+|1593"  
 [933] "_R_N3532|dum_X2|37202524|37204096|+|1572"  
 [934] "_R_N3532|dum_X2|37228757|37230328|+|1571"  
 [935] "N3532|dum_7|7524756|7526341|+|1585"        
 [936] "N3532|dum_12|113315346|113316961|+|1615"   
 [937] "_R_N3532|dum_4|142539621|142541213|+|1592" 
 [938] "_R_N3532|dum_3|16770955|16772535|+|1580"   
 [939] "N3532|dum_3|16775341|16776928|+|1587"      
 [940] "_R_N3532|dum_3|16793556|16795143|+|1587"   
 [941] "N3532|dum_11|64437869|64439458|+|1589"     
 [942] "N3532|dum_11|64463759|64465363|+|1604"     
 [943] "N3532|ten_5|187558268|187559884|+|1616"    
 [944] "_R_N3532|ten_5|188419528|188421122|+|1594" 
 [945] "_R_N3532|dum_5|37300360|37301970|+|1610"   
 [946] "N3532|dum_5|37281434|37283033|+|1599"      
 [947] "N3532|dum_6|209036807|209038399|+|1592"    
 [948] "N3532|dum_7|135530508|135532188|+|1680"    
 [949] "_R_N3532|ten_7|66237930|66239410|+|1480"   
 [950] "N3532|ten_X2|128691371|128693018|+|1647"   
 [951] "N3532|ten_X2|137316308|137317955|+|1647"   
 [952] "_R_N3532|dum_X2|91776206|91777873|+|1667"  
 [953] "N3532|dum_8|124074040|124075272|+|1232"    
 [954] "N3532|ten_8|115557877|115559154|+|1277"    
 [955] "_R_N3532|dum_1|109951962|109953449|+|1487" 
 [956] "N3532|ten_1|104042585|104044120|+|1535"    
 [957] "_R_N3532|ten_1|104070913|104072417|+|1504" 
 [958] "N3532|dum_1|109931744|109933204|+|1460"    
 [959] "N3532|dum_2|77626883|77628372|+|1489"      
 [960] "_R_N3532|dum_2|77659121|77660593|+|1472"   
 [961] "_R_N3532|dum_2|77619876|77621179|+|1303"   
 [962] "_R_N3532|ten_2|81808522|81810023|+|1501"   
 [963] "N3532|ten_2|81834115|81835593|+|1478"      
 [964] "N3532|ten_2|81753285|81754658|+|1373"      
 [965] "_R_N3532|ten_2|81875041|81876561|+|1520"   
 [966] "_R_N3532|dum_11|54397909|54399291|+|1382"  
 [967] "_R_N3532|dum_1|112608241|112609534|+|1293" 
 [968] "N3532|dum_7|70737371|70738998|+|1627"      
 [969] "_R_N3532|dum_4|75003882|75005423|+|1541"   
 [970] "_R_N3532|dum_7|131572981|131574477|+|1496" 
 [971] "N3532|ten_7|72489623|72491122|+|1499"      
 [972] "N3532|dum_7|131290492|131291948|+|1456"    
 [973] "_R_N3532|dum_2|144250429|144251755|+|1326" 
 [974] "_R_N3532|dum_2|144267679|144269199|+|1520" 
 [975] "_R_N3532|ten_2|145240057|145241525|+|1468" 
 [976] "N3532|dum_1|112583194|112584435|+|1241"    
 [977] "N3532|ten_X1|2253386|2254772|+|1386"       
 [978] "_R_N3532|ten_3|212671848|212673509|+|1661" 
 [979] "N3532|ten_3|212648237|212649479|+|1242"    
 [980] "N3532|dum_7|68381893|68383652|+|1759"      
 [981] "_R_N3532|ten_10|125170773|125172499|+|1726"
 [982] "N3532|dum_7|153146008|153147748|+|1740"    
 [983] "N3532|ten_10|125151302|125153024|+|1722"   
 [984] "N3532|ten_X2|45430389|45432157|+|1768"     
 [985] "_R_N3532|ten_X1|88087445|88089170|+|1725"  
 [986] "N3532|dum_8|146489063|146490802|+|1739"    
 [987] "_R_N3532|dum_1|258354891|258356421|+|1530" 
 [988] "_R_N3532|dum_1|258390797|258392329|+|1532" 
 [989] "N3532|dum_8|154165861|154167460|+|1599"    
 [990] "N3532|dum_8|154188298|154190025|+|1727"    
 [991] "_R_N3532|dum_8|154182578|154184304|+|1726" 
 [992] "N3532|ten_8|192341878|192343411|+|1533"    
 [993] "_R_N3532|ten_8|192900591|192902113|+|1522" 
 [994] "_R_N3532|ten_8|192361266|192362808|+|1542" 
 [995] "N3532|ten_8|192881212|192882954|+|1742"    
 [996] "_R_N3532|dum_8|154216007|154217649|+|1642" 
 [997] "_R_N3532|dum_7|89555696|89557184|+|1488"   
 [998] "N3532|ten_7|112126206|112127687|+|1481"    
 [999] "_R_N3532|dum_X2|121435689|121437413|+|1724"
[1000] "N3532|dum_X2|121338558|121340308|+|1750"   
[1001] "_R_N3532|ten_7|112150628|112152122|+|1494" 
[1002] "_R_N3532|dum_8|146666287|146667583|+|1296" 
[1003] "N3532|dum_7|89518515|89520001|+|1486"      
[1004] "_R_N3532|dum_7|89616377|89618091|+|1714"   
[1005] "_R_N3532|dum_8|146648522|146650239|+|1717" 
[1006] "N3532|dum_10|58109124|58110884|+|1760"     
[1007] "_R_N3532|dum_10|58185968|58187743|+|1775"  
[1008] "N3532|dum_10|58141226|58142967|+|1741"     
[1009] "N3532|ten_X2|112532631|112534127|+|1496"   
[1010] "_R_N3532|ten_X2|112555329|112556846|+|1517"
[1011] "N3532|dum_5|163347210|163348953|+|1743"    
[1012] "_R_N3532|dum_8|108412086|108413786|+|1700" 
[1013] "N3532|dum_8|108421186|108422724|+|1538"    
[1014] "N3532|ten_7|58523790|58525515|+|1725"      
[1015] "_R_N3532|ten_7|58582742|58584238|+|1496"   
[1016] "N3532|ten_7|58547224|58548731|+|1507"      
[1017] "_R_N3532|dum_10|22530020|22531507|+|1487"  
[1018] "_R_N3532|dum_6|184329055|184330738|+|1683" 
[1019] "_R_N3532|dum_4|70594512|70595977|+|1465"   
[1020] "N3532|dum_4|70601403|70603103|+|1700"      
[1021] "_R_N3532|dum_3|32395685|32397239|+|1554"   
[1022] "N3532|dum_10|22474484|22475999|+|1515"     
[1023] "N3532|dum_5|147213280|147214514|+|1234"    
[1024] "N3532|ten_10|129651111|129652350|+|1239"   
[1025] "_R_N3532|ten_7|58538188|58539456|+|1268"   
[1026] "_R_N3532|dum_7|76279720|76280966|+|1246"   
[1027] "N3532|dum_10|94128168|94129692|+|1524"     
[1028] "_R_N3532|dum_11|65995788|65997504|+|1716"  
[1029] "N3532|dum_1|233577370|233579000|+|1630"    
[1030] "N3532|ten_1|229328013|229329765|+|1752"    
[1031] "_R_N3532|ten_1|229368085|229369784|+|1699" 
[1032] "_R_N3532|dum_1|233609279|233611040|+|1761" 
[1033] "N3532|ten_1|160300440|160301940|+|1500"    
[1034] "N3532|ten_X1|88052652|88054370|+|1718"     
[1035] "N3532|dum_2|97912703|97914418|+|1715"      
[1036] "_R_N3532|dum_2|97923595|97925131|+|1536"   
[1037] "_R_N3532|dum_2|97905667|97907376|+|1709"   
[1038] "N3532|dum_2|97887718|97889416|+|1698"      
[1039] "N3532|dum_9|64127677|64129406|+|1729"      
[1040] "N3532|dum_7|1777490|1778695|+|1205"        
[1041] "_R_N3532|dum_5|163365473|163367218|+|1745" 
[1042] "N3532|dum_X1|69828494|69829655|+|1161"     
[1043] "N3532|dum_4|86244236|86245767|+|1531"      
[1044] "N3532|dum_4|86268368|86270088|+|1720"      
[1045] "_R_N3532|dum_4|86261527|86263253|+|1726"   
[1046] "_R_N3532|dum_4|86287158|86288907|+|1749"   
[1047] "N3532|dum_8|73785153|73786888|+|1735"      
[1048] "N3532|dum_8|108600743|108602488|+|1745"    
[1049] "_R_N3532|dum_5|148605221|148606958|+|1737" 
[1050] "_R_N3532|dum_4|70625828|70627344|+|1516"   
[1051] "N3532|dum_12|83404861|83406588|+|1727"     
[1052] "N3532|dum_1|242303527|242305259|+|1732"    
[1053] "_R_N3532|dum_7|81470655|81472383|+|1728"   
[1054] "N3532|dum_7|81481435|81483176|+|1741"      
[1055] "_R_N3532|dum_4|116868334|116869946|+|1612" 
[1056] "N3532|dum_6|70977886|70979486|+|1600"      
[1057] "N3532|dum_X2|114052769|114054371|+|1602"   
[1058] "_R_N3532|dum_X2|114104851|114106445|+|1594"
[1059] "_R_N3532|dum_X1|102141015|102142586|+|1571"
[1060] "N3532|dum_1|177727359|177728997|+|1638"    
[1061] "_R_N3532|dum_1|177740254|177741546|+|1292" 
[1062] "_R_N3532|dum_6|69525456|69527193|+|1737"   
[1063] "_R_N3532|dum_11|64456717|64458283|+|1566"  
[1064] "_R_N3532|dum_1|162117978|162119512|+|1534" 
[1065] "N3532|dum_1|103665391|103667105|+|1714"    
