jobinfo 30048670
getting scaled timeline
 [1] "_R_N305|dum_3|203493476|203503038|+|9562" 
 [2] "_R_N305|dum_3|203503679|203513240|+|9561" 
 [3] "_R_N305|dum_3|203483274|203492835|+|9561" 
 [4] "_R_N305|dum_3|203422106|203431670|+|9564" 
 [5] "_R_N305|dum_3|203432311|203441875|+|9564" 
 [6] "_R_N305|dum_3|203411902|203421465|+|9563" 
 [7] "_R_N305|dum_3|203442516|203452078|+|9562" 
 [8] "_R_N305|dum_3|203462917|203472477|+|9560" 
 [9] "_R_N305|dum_3|203473118|203482633|+|9515" 
[10] "_R_N305|dum_3|203452719|203462276|+|9557" 
[11] "_R_N305|dum_3|203524076|203533630|+|9554" 
[12] "_R_N305|dum_3|203513881|203523435|+|9554" 
[13] "_R_N305|dum_6|208735779|208745225|+|9446" 
[14] "N305|dum_11|150315194|150324778|+|9584"   
[15] "N305|dum_4|49290712|49300263|+|9551"      
[16] "N305|dum_6|38129828|38139405|+|9577"      
[17] "_R_N305|dum_2|152869294|152878867|+|9573" 
[18] "N305|dum_1|132930057|132939462|+|9405"    
[19] "N305|dum_2|215746762|215756335|+|9573"    
[20] "_R_N305|dum_9|40920132|40929706|+|9574"   
[21] "N305|dum_4|37372789|37382223|+|9434"      
[22] "N305|dum_2|203186566|203196142|+|9576"    
[23] "N305|dum_1|134052664|134062245|+|9581"    
[24] "_R_N305|dum_2|226724088|226733603|+|9515" 
[25] "N305|dum_5|215815495|215824954|+|9459"    
[26] "_R_N305|dum_11|160693639|160703213|+|9574"
[27] "_R_N305|dum_5|207229208|207238866|+|9658" 
[28] "N305|dum_4|161165917|161175447|+|9530"    
[29] "N305|dum_X2|135268630|135278161|+|9531"   
[30] "_R_N305|dum_11|7462615|7472231|+|9616"    
[31] "_R_N305|dum_5|8912309|8921912|+|9603"     
[32] "_R_N305|dum_1|281054388|281063981|+|9593" 
[33] "N305|dum_11|36046202|36054242|+|8040"     
[34] "_R_N305|dum_1|178127686|178137522|+|9836" 
[35] "N305|dum_8|3234189|3243746|+|9557"        
[36] "_R_N305|dum_2|197632455|197642002|+|9547" 
[37] "N305|dum_11|33609942|33619532|+|9590"     
[38] "N305|dum_1|247175963|247185508|+|9545"    
[39] "N305|dum_11|36945264|36954801|+|9537"     
[40] "N305|dum_11|42277767|42285888|+|8121"     
[41] "_R_N305|dum_11|15817090|15826327|+|9237"  
[42] "_R_N305|dum_4|259174733|259184307|+|9574" 
[43] "N305|dum_4|259158885|259166954|+|8069"    
[44] "_R_N305|dum_11|17010320|17019900|+|9580"  
[45] "N305|dum_2|103343894|103353455|+|9561"    
[46] "N305|dum_6|154609051|154618624|+|9573"    
[47] "_R_N305|dum_8|106917770|106927343|+|9573" 
[48] "_R_N305|dum_9|66148892|66158468|+|9576"   
[49] "N305|dum_9|182944703|182954291|+|9588"    
[50] "_R_N305|dum_3|72960557|72968952|+|8395"   
[51] "N305|dum_1|2289176|2296928|+|7752"        
