jobinfo 30048609
getting scaled timeline
 [1] "N1784|dum_6|208345015|208350156|+|5141"    
 [2] "_R_N1784|dum_8|113965139|113970272|+|5133" 
 [3] "_R_N1784|dum_8|113970284|113975417|+|5133" 
 [4] "_R_N1784|dum_8|113959994|113965127|+|5133" 
 [5] "_R_N1784|dum_8|113975429|113980564|+|5135" 
 [6] "N1784|dum_3|15537054|15542195|+|5141"      
 [7] "N1784|dum_9|152156888|152162014|+|5126"    
 [8] "_R_N1784|dum_8|113954844|113959982|+|5138" 
 [9] "_R_N1784|dum_10|185889246|185894384|+|5138"
[10] "N1784|dum_11|123814645|123818923|+|4278"   
[11] "_R_N1784|dum_7|155353070|155358209|+|5139" 
[12] "N1784|dum_11|121969145|121974283|+|5138"   
[13] "N1784|dum_11|138819154|138824291|+|5137"   
[14] "_R_N1784|dum_11|121817125|121822258|+|5133"
[15] "_R_N1784|ten_6|94748567|94753712|+|5145"   
[16] "N1784|ten_11|23908520|23913422|+|4902"     
[17] "_R_N1784|ten_11|30846431|30851596|+|5165"  
[18] "_R_N1784|ten_1|223154130|223159289|+|5159" 
[19] "_R_N1784|ten_4|58250499|58255652|+|5153"   
[20] "_R_N1784|ten_11|23426074|23430728|+|4654"  
[21] "N1784|ten_3|194212532|194217663|+|5131"    
[22] "_R_N1784|dum_11|137770064|137775186|+|5122"
[23] "N1784|dum_7|66516373|66521486|+|5113"      
[24] "N1784|ten_11|46250628|46255477|+|4849"     
[25] "N1784|ten_10|34759412|34764530|+|5118"     
[26] "N1784|dum_11|158379092|158383299|+|4207"   
[27] "N1784|dum_11|41201197|41206308|+|5111"     
[28] "_R_N1784|dum_11|87435113|87440095|+|4982"  
[29] "_R_N1784|dum_X2|10756552|10761037|+|4485"  
[30] "_R_N1784|dum_X1|70762076|70766711|+|4635"  
[31] "N1784|ten_3|64495|69345|+|4850"            
[32] "N1784|ten_7|194804676|194809144|+|4468"    
[33] "N1784|ten_X2|143164387|143169513|+|5126"   
[34] "N1784|ten_2|123010111|123015231|+|5120"    
[35] "N1784|ten_7|194000007|194005129|+|5122"    
[36] "_R_N1784|ten_3|131807913|131812212|+|4299" 
[37] "N1784|dum_2|256236518|256241195|+|4677"    
[38] "N1784|ten_2|239074572|239079702|+|5130"    
[39] "_R_N1784|dum_3|275470472|275475656|+|5184" 
[40] "_R_N1784|dum_11|107363566|107368454|+|4888"
[41] "N1784|dum_11|158709364|158713765|+|4401"   
[42] "_R_N1784|dum_11|145395097|145399952|+|4855"
[43] "_R_N1784|dum_8|44308106|44313248|+|5142"   
[44] "_R_N1784|ten_1|235909395|235914264|+|4869" 
[45] "N1784|ten_9|61315593|61320500|+|4907"      
[46] "_R_N1784|dum_11|149590323|149594692|+|4369"
[47] "N1784|dum_1|136911151|136915456|+|4305"    
