jobinfo 30048917
getting scaled timeline
 [1] "_R_N7074|ten_8|21653|26582|+|4929"         
 [2] "_R_N7074|ten_X1|222846961|222851890|+|4929"
 [3] "N7074|ten_3|164055493|164060421|+|4928"    
 [4] "_R_N7074|ten_1|217461589|217466515|+|4926" 
 [5] "_R_N7074|ten_11|107555085|107560013|+|4928"
 [6] "_R_N7074|ten_X1|127925675|127930711|+|5036"
 [7] "_R_N7074|ten_X1|128045886|128050679|+|4793"
 [8] "N7074|ten_4|7020189|7025112|+|4923"        
 [9] "_R_N7074|ten_6|189579850|189584759|+|4909" 
[10] "N7074|ten_6|159786598|159791492|+|4894"    
[11] "N7074|ten_3|38099819|38104748|+|4929"      
[12] "_R_N7074|ten_4|158502978|158507907|+|4929" 
[13] "_R_N7074|ten_11|116073604|116078532|+|4928"
[14] "N7074|ten_2|122995123|123000043|+|4920"    
[15] "_R_N7074|ten_2|9070887|9075816|+|4929"     
[16] "_R_N7074|ten_X2|83102531|83107460|+|4929"  
[17] "N7074|ten_6|116295125|116300051|+|4926"    
[18] "_R_N7074|ten_3|158047013|158051942|+|4929" 
[19] "N7074|ten_10|171624864|171629792|+|4928"   
[20] "N7074|ten_10|136177602|136182531|+|4929"   
[21] "_R_N7074|ten_6|117199439|117204368|+|4929" 
[22] "_R_N7074|ten_6|53514003|53518834|+|4831"   
[23] "N7074|ten_8|117447955|117452883|+|4928"    
[24] "_R_N7074|ten_X1|99516127|99521015|+|4888"  
[25] "_R_N7074|ten_11|78304053|78308645|+|4592"  
[26] "_R_N7074|ten_X1|119167470|119171742|+|4272"
[27] "_R_N7074|ten_8|43065608|43070510|+|4902"   
[28] "N7074|ten_1|130886198|130890323|+|4125"    
[29] "_R_N7074|ten_7|195379403|195384359|+|4956" 
[30] "N7074|ten_X2|122012805|122016798|+|3993"   
[31] "N7074|dum_11|33259259|33263280|+|4021"     
[32] "N7074|dum_2|144644722|144649656|+|4934"    
[33] "_R_N7074|dum_X1|69217776|69221809|+|4033"  
[34] "_R_N7074|dum_1|136283404|136288344|+|4940" 
[35] "N7074|dum_11|131758612|131763548|+|4936"   
[36] "_R_N7074|ten_10|126582348|126587296|+|4948"
[37] "_R_N7074|ten_11|46297861|46302832|+|4971"  
[38] "_R_N7074|dum_11|41257834|41262779|+|4945"  
[39] "_R_N7074|ten_11|55650210|55655152|+|4942"  
[40] "_R_N7074|dum_11|164265976|164270158|+|4182"
[41] "N7074|dum_11|161454389|161459344|+|4955"   
[42] "_R_N7074|dum_11|141280537|141284844|+|4307"
[43] "_R_N7074|dum_3|116232196|116236079|+|3883" 
[44] "_R_N7074|dum_11|44396054|44400676|+|4622"  
[45] "N7074|dum_7|162256314|162260936|+|4622"    
[46] "N7074|dum_11|14067449|14072059|+|4610"     
[47] "N7074|dum_11|34964083|34968702|+|4619"     
[48] "N7074|dum_5|7826504|7830631|+|4127"        
[49] "_R_N7074|ten_9|162600294|162604340|+|4046" 
[50] "N7074|dum_11|145347851|145352184|+|4333"   
[51] "N7074|ten_11|29852461|29857140|+|4679"     
[52] "N7074|ten_X1|88288234|88292928|+|4694"     
[53] "_R_N7074|dum_X1|258502647|258507353|+|4706"
[54] "_R_N7074|dum_9|129064597|129068947|+|4350" 
[55] "N7074|dum_1|137202589|137207254|+|4665"    
[56] "N7074|dum_1|137216890|137221135|+|4245"    
[57] "N7074|dum_5|209100730|209105330|+|4600"    
[58] "N7074|dum_5|100636469|100641096|+|4627"    
[59] "_R_N7074|dum_6|102750216|102754850|+|4634" 
[60] "_R_N7074|dum_9|3155890|3160520|+|4630"     
[61] "_R_N7074|dum_10|164353569|164358192|+|4623"
[62] "_R_N7074|ten_1|95815693|95820335|+|4642"   
[63] "_R_N7074|ten_1|232902070|232906702|+|4632" 
[64] "N7074|dum_4|139964880|139969520|+|4640"    
[65] "_R_N7074|dum_2|289675700|289680331|+|4631" 
[66] "_R_N7074|dum_9|189060817|189065445|+|4628" 
[67] "N7074|dum_10|6390392|6395022|+|4630"       
[68] "N7074|dum_6|4008606|4013236|+|4630"        
[69] "_R_N7074|dum_X1|1704919|1709542|+|4623"    
[70] "N7074|dum_4|134357177|134362013|+|4836"    
[71] "N7074|dum_5|68186938|68191778|+|4840"      
[72] "N7074|dum_5|2485975|2490820|+|4845"        
[73] "_R_N7074|dum_7|58931625|58936247|+|4622"   
[74] "_R_N7074|dum_6|39448876|39453495|+|4619"   
[75] "_R_N7074|dum_7|207203001|207207629|+|4628" 
[76] "_R_N7074|dum_6|142469163|142473813|+|4650" 
[77] "_R_N7074|ten_6|156504047|156508771|+|4724" 
[78] "N7074|dum_1|239774035|239778774|+|4739"    
[79] "N7074|dum_8|88083286|88088022|+|4736"      
[80] "N7074|ten_8|81056293|81061029|+|4736"      
[81] "N7074|ten_7|58613870|58618603|+|4733"      
[82] "N7074|dum_1|71614688|71619415|+|4727"      
