jobinfo 30048719
getting scaled timeline
 [1] "N4596|dum_5|137095784|137097834|+|2050"    
 [2] "N4596|dum_5|137099227|137101280|+|2053"    
 [3] "N4596|dum_5|137090862|137092926|+|2064"    
 [4] "N4596|dum_5|137084180|137086103|+|1923"    
 [5] "N4596|dum_5|137082123|137084163|+|2040"    
 [6] "N4596|dum_5|137087466|137089499|+|2033"    
 [7] "N4596|dum_5|137077201|137079266|+|2065"    
 [8] "N4596|dum_5|137104166|137106243|+|2077"    
 [9] "N4596|dum_5|137113602|137115237|+|1635"    
[10] "N4596|dum_5|137187770|137189823|+|2053"    
[11] "N4596|dum_5|137191203|137193271|+|2068"    
[12] "N4596|dum_5|137143811|137145859|+|2048"    
[13] "N4596|dum_5|137147217|137149265|+|2048"    
[14] "N4596|dum_5|137117830|137119882|+|2052"    
[15] "N4596|dum_5|137138862|137140930|+|2068"    
[16] "N4596|dum_5|137135415|137137481|+|2066"    
[17] "N4596|dum_5|137123183|137125224|+|2041"    
[18] "N4596|dum_5|137170607|137172666|+|2059"    
[19] "N4596|dum_5|137172683|137174603|+|1920"    
[20] "N4596|dum_5|137174620|137176548|+|1928"    
[21] "N4596|dum_5|137177913|137179973|+|2060"    
[22] "N4596|dum_5|137128542|137130592|+|2050"    
[23] "N4596|dum_5|137131961|137134024|+|2063"    
[24] "N4596|dum_5|137181352|137183410|+|2058"    
[25] "N4596|dum_5|137167156|137169217|+|2061"    
[26] "N4596|dum_5|137119899|137121815|+|1916"    
[27] "N4596|dum_5|137125241|137127168|+|1927"    
[28] "_R_N4596|ten_5|99412773|99414860|+|2087"   
[29] "_R_N4596|dum_7|120642568|120644207|+|1639" 
[30] "N4596|ten_7|82592923|82594566|+|1643"      
[31] "N4596|dum_2|161434797|161436494|+|1697"    
[32] "N4596|ten_2|163241837|163243536|+|1699"    
[33] "N4596|ten_11|47422791|47424404|+|1613"     
[34] "N4596|ten_3|270408268|270409958|+|1690"    
[35] "_R_N4596|dum_4|238785696|238787277|+|1581" 
[36] "N4596|dum_9|137338916|137340525|+|1609"    
[37] "N4596|ten_2|24437628|24439198|+|1570"      
[38] "N4596|dum_5|176119409|176121060|+|1651"    
[39] "_R_N4596|ten_5|64701458|64703117|+|1659"   
[40] "_R_N4596|dum_4|213866170|213867785|+|1615" 
[41] "N4596|ten_4|26677549|26679193|+|1644"      
[42] "_R_N4596|dum_9|92174368|92176002|+|1634"   
[43] "N4596|ten_9|84905659|84907289|+|1630"      
[44] "_R_N4596|dum_X1|53893264|53894885|+|1621"  
[45] "_R_N4596|ten_X1|42208600|42210174|+|1574"  
[46] "_R_N4596|dum_X1|224383469|224385089|+|1620"
[47] "N4596|ten_12|50962983|50964610|+|1627"     
[48] "N4596|dum_8|84542791|84544445|+|1654"      
[49] "N4596|ten_8|77708412|77710067|+|1655"      
[50] "_R_N4596|ten_3|257161376|257162990|+|1614" 
[51] "_R_N4596|dum_10|100879922|100881594|+|1672"
[52] "N4596|ten_10|85444763|85446402|+|1639"     
[53] "_R_N4596|dum_X1|226124918|226126594|+|1676"
[54] "_R_N4596|ten_X1|202745302|202746950|+|1648"
[55] "N4596|dum_X1|161694933|161696583|+|1650"   
[56] "_R_N4596|ten_X1|142883630|142885279|+|1649"
[57] "_R_N4596|dum_9|4656365|4657970|+|1605"     
[58] "N4596|dum_4|256313010|256314684|+|1674"    
[59] "_R_N4596|dum_X1|7390092|7391748|+|1656"    
[60] "N4596|dum_8|111330576|111332213|+|1637"    
[61] "N4596|ten_8|104042133|104043768|+|1635"    
[62] "N4596|ten_1|276257330|276258956|+|1626"    
[63] "N4596|dum_1|281995210|281996859|+|1649"    
