jobinfo 30048840
getting scaled timeline
   [1] "_R_N988|dum_X2|190076137|190077689|+|1552"
   [2] "N988|ten_X2|22276687|22278220|+|1533"     
   [3] "N988|dum_9|117372280|117373802|+|1522"    
   [4] "_R_N988|ten_9|62467584|62469108|+|1524"   
   [5] "_R_N988|dum_2|93365964|93367464|+|1500"   
   [6] "_R_N988|ten_2|98525743|98527280|+|1537"   
   [7] "_R_N988|dum_10|128889245|128890811|+|1566"
   [8] "N988|ten_10|117089149|117090711|+|1562"   
   [9] "N988|dum_2|20038982|20040537|+|1555"      
  [10] "_R_N988|dum_5|161529163|161530720|+|1557" 
  [11] "N988|ten_5|78087718|78088984|+|1266"      
  [12] "_R_N988|dum_7|4115493|4117052|+|1559"     
  [13] "N988|ten_7|191632809|191634401|+|1592"    
  [14] "_R_N988|dum_5|133617129|133618696|+|1567" 
  [15] "N988|ten_5|103076206|103077789|+|1583"    
  [16] "_R_N988|ten_3|101443193|101444754|+|1561" 
  [17] "N988|ten_X2|120835687|120837263|+|1576"   
  [18] "_R_N988|dum_3|106096929|106098487|+|1558" 
  [19] "N988|ten_8|168506571|168508174|+|1603"    
  [20] "N988|dum_10|103281875|103283465|+|1590"   
  [21] "N988|ten_10|112456799|112458367|+|1568"   
  [22] "_R_N988|ten_3|40325705|40327278|+|1573"   
  [23] "_R_N988|dum_10|103494625|103496186|+|1561"
  [24] "_R_N988|ten_10|112625524|112627067|+|1543"
  [25] "_R_N988|dum_2|215317518|215319041|+|1523" 
  [26] "_R_N988|ten_2|206082160|206083704|+|1544" 
  [27] "_R_N988|dum_1|225959341|225960911|+|1570" 
  [28] "N988|ten_1|222931729|222933286|+|1557"    
  [29] "N988|ten_2|154873250|154874831|+|1581"    
  [30] "_R_N988|ten_8|122012188|122013759|+|1571" 
  [31] "N988|dum_2|211974857|211976444|+|1587"    
  [32] "N988|dum_2|213129095|213130682|+|1587"    
  [33] "N988|dum_2|210828743|210830327|+|1584"    
  [34] "N988|dum_9|167092928|167094518|+|1590"    
  [35] "N988|dum_2|211737583|211739166|+|1583"    
  [36] "N988|dum_2|212891821|212893404|+|1583"    
  [37] "_R_N988|dum_10|24776339|24777927|+|1588"  
  [38] "N988|dum_2|211441579|211443169|+|1590"    
  [39] "N988|dum_2|212595817|212597407|+|1590"    
  [40] "_R_N988|dum_10|89603649|89605242|+|1593"  
  [41] "_R_N988|dum_3|1801648|1803239|+|1591"     
  [42] "_R_N988|dum_5|67321106|67322586|+|1480"   
  [43] "N988|dum_10|64712888|64714463|+|1575"     
  [44] "_R_N988|dum_8|46942202|46943779|+|1577"   
  [45] "_R_N988|dum_10|135525149|135526731|+|1582"
  [46] "_R_N988|dum_5|1304301|1305883|+|1582"     
  [47] "N988|dum_10|65079862|65081445|+|1583"     
  [48] "N988|dum_10|130198394|130199976|+|1582"   
  [49] "_R_N988|dum_5|137375|138959|+|1584"       
  [50] "_R_N988|dum_11|168440248|168441831|+|1583"
  [51] "N988|dum_9|119604484|119606067|+|1583"    
  [52] "N988|dum_2|208638585|208640173|+|1588"    
  [53] "N988|dum_2|211095607|211097196|+|1589"    
  [54] "N988|dum_2|212249845|212251434|+|1589"    
  [55] "_R_N988|dum_10|89810237|89811824|+|1587"  
  [56] "_R_N988|dum_10|135232528|135234117|+|1589"
  [57] "N988|dum_8|55735189|55736776|+|1587"      
  [58] "N988|dum_1|230266437|230268020|+|1583"    
  [59] "_R_N988|dum_6|39016006|39017589|+|1583"   
  [60] "N988|dum_10|64483341|64484915|+|1574"     
  [61] "N988|dum_2|209996627|209998198|+|1571"    
  [62] "_R_N988|dum_10|167286400|167287975|+|1575"
  [63] "_R_N988|dum_1|238141678|238143247|+|1569" 
  [64] "N988|dum_8|55554402|55555980|+|1578"      
  [65] "N988|dum_3|59519386|59520964|+|1578"      
  [66] "N988|dum_3|60128839|60130419|+|1580"      
  [67] "_R_N988|dum_10|108363822|108365416|+|1594"
  [68] "N988|dum_10|176748830|176750406|+|1576"   
  [69] "N988|dum_10|166308888|166310468|+|1580"   
  [70] "N988|dum_10|166094115|166095699|+|1584"   
  [71] "_R_N988|dum_6|38662685|38664262|+|1577"   
  [72] "_R_N988|dum_10|166741811|166743390|+|1579"
  [73] "N988|dum_2|210359678|210361254|+|1576"    
  [74] "N988|dum_8|55278878|55280460|+|1582"      
  [75] "_R_N988|dum_8|137942397|137943968|+|1571" 
  [76] "_R_N988|dum_9|696465|698041|+|1576"       
  [77] "_R_N988|dum_3|35199336|35200915|+|1579"   
  [78] "_R_N988|dum_8|138299713|138301292|+|1579" 
  [79] "_R_N988|dum_5|1597437|1599013|+|1576"     
  [80] "_R_N988|dum_5|158220491|158222069|+|1578" 
  [81] "_R_N988|dum_8|47337496|47339080|+|1584"   
  [82] "N988|dum_11|112379706|112381290|+|1584"   
  [83] "N988|dum_3|26582576|26584156|+|1580"      
  [84] "N988|dum_3|59103792|59105372|+|1580"      
  [85] "_R_N988|dum_5|144896308|144897891|+|1583" 
  [86] "_R_N988|dum_5|145719233|145720813|+|1580" 
  [87] "_R_N988|dum_10|90381817|90383398|+|1581"  
  [88] "_R_N988|dum_7|59653343|59654920|+|1577"   
  [89] "_R_N988|dum_5|67602091|67603674|+|1583"   
  [90] "N988|dum_5|122409161|122410744|+|1583"    
  [91] "_R_N988|dum_7|57968277|57969859|+|1582"   
  [92] "_R_N988|dum_7|59444686|59446263|+|1577"   
  [93] "N988|dum_1|231590625|231592206|+|1581"    
  [94] "N988|dum_9|167252294|167253881|+|1587"    
  [95] "_R_N988|dum_10|24602166|24603752|+|1586"  
  [96] "N988|dum_10|22077555|22079141|+|1586"     
  [97] "N988|dum_5|68599437|68600919|+|1482"      
  [98] "N988|ten_12|81783238|81784830|+|1592"     
  [99] "N988|dum_8|77606180|77607499|+|1319"      
 [100] "N988|ten_8|71303676|71305015|+|1339"      
 [101] "N988|dum_2|5355748|5357310|+|1562"        
 [102] "N988|ten_2|7166100|7167675|+|1575"        
 [103] "_R_N988|ten_9|1793668|1795242|+|1574"     
 [104] "_R_N988|ten_9|2197837|2199411|+|1574"     
 [105] "_R_N988|dum_8|39367222|39368783|+|1561"   
 [106] "N988|ten_3|28788335|28789910|+|1575"      
 [107] "N988|dum_9|141674169|141675751|+|1582"    
 [108] "_R_N988|ten_9|38688817|38690369|+|1552"   
 [109] "N988|dum_6|61101242|61102735|+|1493"      
 [110] "N988|ten_6|75337040|75338603|+|1563"      
 [111] "N988|ten_2|144612717|144614270|+|1553"    
 [112] "_R_N988|dum_X1|29629134|29630722|+|1588"  
 [113] "_R_N988|ten_X1|21380895|21382461|+|1566"  
 [114] "N988|dum_2|144457748|144459313|+|1565"    
 [115] "N988|ten_2|145395428|145396983|+|1555"    
 [116] "N988|dum_3|29142677|29144204|+|1527"      
 [117] "N988|dum_6|71732711|71734237|+|1526"      
 [118] "N988|ten_6|86341657|86343179|+|1522"      
 [119] "_R_N988|dum_8|7294635|7296160|+|1525"     
 [120] "_R_N988|ten_8|6081335|6082878|+|1543"     
 [121] "N988|dum_5|38502430|38503820|+|1390"      
 [122] "_R_N988|ten_5|186695866|186697237|+|1371" 
 [123] "N988|ten_5|62121492|62123081|+|1589"      
 [124] "_R_N988|ten_5|64228456|64230044|+|1588"   
 [125] "N988|dum_5|176556705|176558289|+|1584"    
 [126] "N988|ten_X1|14537551|14539103|+|1552"     
 [127] "N988|ten_4|157720784|157722344|+|1560"    
 [128] "N988|dum_1|238824866|238826442|+|1576"    
 [129] "N988|ten_1|234640717|234642297|+|1580"    
 [130] "N988|dum_2|4836978|4838276|+|1298"        
 [131] "N988|ten_2|6649816|6651122|+|1306"        
 [132] "_R_N988|dum_3|110902293|110903855|+|1562" 
 [133] "N988|dum_12|4583026|4584374|+|1348"       
 [134] "_R_N988|ten_4|169453232|169454790|+|1558" 
 [135] "_R_N988|ten_1|159485191|159486552|+|1361" 
 [136] "N988|dum_1|296118095|296119667|+|1572"    
 [137] "_R_N988|ten_1|278096440|278097897|+|1457" 
 [138] "_R_N988|dum_3|90722188|90723711|+|1523"   
 [139] "_R_N988|ten_3|86414326|86415860|+|1534"   
 [140] "_R_N988|dum_3|150745660|150747231|+|1571" 
 [141] "_R_N988|ten_3|144850108|144851665|+|1557" 
 [142] "N988|dum_X1|135522112|135523673|+|1561"   
 [143] "_R_N988|ten_X1|119898961|119900528|+|1567"
 [144] "N988|dum_6|82028315|82029874|+|1559"      
 [145] "N988|ten_6|96600858|96602401|+|1543"      
 [146] "_R_N988|dum_2|78603547|78605095|+|1548"   
 [147] "_R_N988|ten_2|83314970|83316481|+|1511"   
 [148] "_R_N988|ten_4|106722591|106723952|+|1361" 
 [149] "_R_N988|dum_5|189081341|189082965|+|1624" 
 [150] "_R_N988|dum_11|108380662|108382203|+|1541"
 [151] "N988|ten_11|75964079|75965605|+|1526"     
 [152] "N988|ten_1|79017589|79019153|+|1564"      
 [153] "N988|dum_2|20813286|20814880|+|1594"      
 [154] "N988|ten_2|25971821|25973375|+|1554"      
 [155] "N988|dum_4|255687073|255688660|+|1587"    
 [156] "_R_N988|dum_4|158811547|158813096|+|1549" 
 [157] "N988|dum_8|106255125|106256688|+|1563"    
 [158] "N988|ten_8|99411237|99412806|+|1569"      
 [159] "_R_N988|dum_7|44198635|44199923|+|1288"   
 [160] "N988|ten_7|151087693|151088969|+|1276"    
 [161] "_R_N988|ten_8|28863520|28864958|+|1438"   
 [162] "N988|dum_9|108711713|108713247|+|1534"    
 [163] "_R_N988|ten_11|112333182|112334751|+|1569"
 [164] "_R_N988|dum_2|254446525|254448067|+|1542" 
 [165] "N988|ten_2|239870433|239872002|+|1569"    
 [166] "N988|dum_X1|17165197|17166762|+|1565"     
 [167] "N988|ten_X1|1259511|1261058|+|1547"       
 [168] "_R_N988|dum_3|233188225|233189780|+|1555" 
 [169] "_R_N988|ten_3|235440898|235442390|+|1492" 
 [170] "_R_N988|dum_3|10401468|10402876|+|1408"   
 [171] "_R_N988|ten_3|6006432|6007977|+|1545"     
 [172] "N988|dum_4|130723336|130724913|+|1577"    
 [173] "_R_N988|ten_4|102575905|102577239|+|1334" 
 [174] "N988|dum_X1|13731790|13733376|+|1586"     
 [175] "_R_N988|ten_X1|5211562|5213180|+|1618"    
 [176] "_R_N988|dum_X1|29502125|29503703|+|1578"  
 [177] "_R_N988|ten_X1|21275236|21276818|+|1582"  
 [178] "_R_N988|dum_9|129438917|129440468|+|1551" 
 [179] "N988|ten_9|50732452|50734017|+|1565"      
 [180] "_R_N988|dum_10|161045780|161047330|+|1550"
 [181] "_R_N988|dum_1|235826170|235827721|+|1551" 
 [182] "N988|dum_11|92196269|92197822|+|1553"     
 [183] "N988|dum_1|218966631|218968185|+|1554"    
 [184] "N988|dum_12|69969961|69971517|+|1556"     
 [185] "N988|ten_12|76399090|76400669|+|1579"     
 [186] "N988|ten_10|86485470|86487046|+|1576"     
 [187] "N988|dum_X2|182717298|182718641|+|1343"   
 [188] "N988|dum_5|33257140|33258681|+|1541"      
 [189] "N988|ten_2|167714460|167715995|+|1535"    
 [190] "N988|dum_2|165476029|165477535|+|1506"    
 [191] "N988|ten_3|252139060|252140633|+|1573"    
 [192] "N988|dum_8|91835597|91837167|+|1570"      
 [193] "N988|ten_8|85125231|85126815|+|1584"      
 [194] "_R_N988|ten_6|202124831|202126371|+|1540" 
 [195] "_R_N988|ten_6|202691190|202692694|+|1504" 
 [196] "_R_N988|dum_6|192599558|192601029|+|1471" 
 [197] "_R_N988|dum_10|165710827|165712281|+|1454"
 [198] "N988|ten_10|120198158|120199633|+|1475"   
 [199] "N988|dum_1|189808314|189809849|+|1535"    
 [200] "N988|ten_1|186417373|186418914|+|1541"    
 [201] "N988|ten_2|220866767|220868041|+|1274"    
 [202] "N988|ten_4|48056770|48058348|+|1578"      
 [203] "N988|dum_6|230704412|230705824|+|1412"    
 [204] "_R_N988|dum_7|203505049|203506596|+|1547" 
 [205] "_R_N988|ten_7|13857231|13858623|+|1392"   
 [206] "N988|dum_11|110843370|110844960|+|1590"   
 [207] "_R_N988|ten_11|74205502|74206932|+|1430"  
 [208] "_R_N988|dum_4|87432703|87434203|+|1500"   
 [209] "N988|ten_4|144219665|144221167|+|1502"    
 [210] "N988|dum_X2|56291759|56293094|+|1335"     
 [211] "_R_N988|ten_X2|163547941|163549303|+|1362"
 [212] "N988|ten_10|176363014|176364553|+|1539"   
 [213] "N988|dum_2|155890200|155891749|+|1549"    
 [214] "_R_N988|ten_2|149450016|149451569|+|1553" 
 [215] "N988|dum_1|261588399|261589960|+|1561"    
 [216] "N988|ten_1|256390628|256392196|+|1568"    
 [217] "_R_N988|dum_3|107428091|107429673|+|1582" 
 [218] "_R_N988|ten_5|133208480|133210047|+|1567" 
 [219] "N988|ten_4|63749145|63750508|+|1363"      
 [220] "N988|dum_4|172809530|172811078|+|1548"    
 [221] "_R_N988|ten_6|43774101|43775662|+|1561"   
 [222] "N988|dum_8|57089170|57090732|+|1562"      
 [223] "N988|ten_3|266361882|266363425|+|1543"    
 [224] "_R_N988|dum_1|262524561|262526131|+|1570" 
 [225] "_R_N988|ten_1|257290856|257292446|+|1590" 
 [226] "N988|dum_9|23094707|23096308|+|1601"      
 [227] "_R_N988|ten_9|152768595|152770196|+|1601" 
 [228] "N988|dum_1|225671628|225673180|+|1552"    
 [229] "N988|ten_1|222761769|222763321|+|1552"    
 [230] "_R_N988|dum_2|116630011|116631602|+|1591" 
 [231] "_R_N988|dum_X1|125376177|125377748|+|1571"
 [232] "_R_N988|ten_X1|108209820|108211380|+|1560"
 [233] "_R_N988|dum_6|221001494|221003087|+|1593" 
 [234] "_R_N988|ten_6|230841058|230842619|+|1561" 
 [235] "N988|dum_1|272306446|272308028|+|1582"    
 [236] "_R_N988|ten_5|127192558|127194141|+|1583" 
 [237] "N988|dum_12|9199366|9200928|+|1562"       
 [238] "_R_N988|dum_5|194828142|194829542|+|1400" 
 [239] "N988|dum_10|95316225|95317810|+|1585"     
 [240] "N988|ten_10|88999338|89000894|+|1556"     
 [241] "_R_N988|dum_1|75640253|75641823|+|1570"   
 [242] "_R_N988|ten_1|73821866|73823483|+|1617"   
 [243] "_R_N988|ten_4|186995298|186996861|+|1563" 
 [244] "N988|dum_X1|199873202|199874769|+|1567"   
 [245] "N988|dum_4|43454583|43456144|+|1561"      
 [246] "_R_N988|ten_5|34084011|34085593|+|1582"   
 [247] "N988|ten_5|35250133|35251695|+|1562"      
 [248] "N988|ten_11|67404795|67406326|+|1531"     
 [249] "N988|ten_8|172119223|172120785|+|1562"    
 [250] "N988|dum_1|147794092|147795632|+|1540"    
 [251] "_R_N988|ten_6|219759100|219760630|+|1530" 
 [252] "N988|dum_11|82085008|82086602|+|1594"     
 [253] "N988|ten_11|67340348|67341938|+|1590"     
 [254] "N988|dum_1|185216859|185218424|+|1565"    
 [255] "N988|ten_1|181421697|181423289|+|1592"    
 [256] "_R_N988|dum_1|87216238|87217558|+|1320"   
 [257] "_R_N988|ten_1|84906465|84907792|+|1327"   
 [258] "_R_N988|dum_10|160611234|160612711|+|1477"
 [259] "_R_N988|ten_10|125521466|125523005|+|1539"
 [260] "_R_N988|ten_4|181203800|181205391|+|1591" 
 [261] "N988|dum_1|219153948|219155527|+|1579"    
 [262] "N988|ten_1|216420833|216422418|+|1585"    
 [263] "_R_N988|dum_X2|141644001|141645601|+|1600"
 [264] "N988|ten_X2|76340639|76342215|+|1576"     
 [265] "N988|dum_X2|178434383|178435934|+|1551"   
 [266] "_R_N988|ten_X2|35542137|35543680|+|1543"  
 [267] "_R_N988|dum_5|213701957|213703531|+|1574" 
 [268] "N988|ten_5|23778247|23779794|+|1547"      
 [269] "N988|ten_3|148663197|148664750|+|1553"    
 [270] "_R_N988|dum_9|95089013|95090570|+|1557"   
 [271] "N988|ten_3|256744425|256745739|+|1314"    
 [272] "N988|dum_3|255587123|255588552|+|1429"    
 [273] "_R_N988|ten_6|136611669|136613181|+|1512" 
 [274] "_R_N988|dum_6|122515104|122516615|+|1511" 
 [275] "_R_N988|dum_2|145956632|145958150|+|1518" 
 [276] "N988|ten_2|159882986|159884500|+|1514"    
 [277] "N988|dum_X1|79099973|79101492|+|1519"     
 [278] "N988|dum_X1|106308936|106310463|+|1527"   
 [279] "N988|dum_5|16141181|16142742|+|1561"      
 [280] "N988|ten_5|201095688|201097258|+|1570"    
 [281] "N988|dum_6|65993802|65995388|+|1586"      
 [282] "N988|ten_6|80640086|80641670|+|1584"      
 [283] "N988|dum_3|229250083|229251690|+|1607"    
 [284] "N988|ten_3|231263831|231265405|+|1574"    
 [285] "N988|dum_X2|182744281|182745815|+|1534"   
 [286] "_R_N988|ten_X2|29470136|29471678|+|1542"  
 [287] "N988|ten_5|171495018|171496342|+|1324"    
 [288] "_R_N988|dum_4|130512513|130514080|+|1567" 
 [289] "N988|dum_7|61611817|61613377|+|1560"      
 [290] "N988|ten_4|222915834|222917368|+|1534"    
 [291] "_R_N988|dum_4|249641613|249643157|+|1544" 
 [292] "_R_N988|dum_12|80393664|80395233|+|1569"  
 [293] "N988|dum_4|87304916|87306368|+|1452"      
 [294] "_R_N988|ten_4|144322475|144323855|+|1380" 
 [295] "_R_N988|ten_10|26546489|26548036|+|1547"  
 [296] "N988|dum_X2|154551447|154552979|+|1532"   
 [297] "_R_N988|ten_X2|61417330|61418880|+|1550"  
 [298] "N988|dum_9|104855162|104856735|+|1573"    
 [299] "_R_N988|ten_12|121115001|121116555|+|1554"
 [300] "_R_N988|dum_1|166635702|166637236|+|1534" 
 [301] "N988|dum_6|5486450|5487732|+|1282"        
 [302] "N988|ten_6|1988529|1989855|+|1326"        
 [303] "_R_N988|dum_10|100041202|100042760|+|1558"
 [304] "N988|dum_8|127060074|127061638|+|1564"    
 [305] "N988|dum_10|75553101|75554651|+|1550"     
 [306] "_R_N988|ten_10|26540189|26541740|+|1551"  
 [307] "N988|dum_3|152530835|152532392|+|1557"    
 [308] "N988|ten_3|146651711|146653245|+|1534"    
 [309] "_R_N988|dum_4|55430707|55432285|+|1578"   
 [310] "N988|ten_4|175442173|175443712|+|1539"    
 [311] "_R_N988|dum_5|103817081|103818633|+|1552" 
 [312] "N988|ten_5|128801984|128803545|+|1561"    
 [313] "_R_N988|ten_1|178386317|178387838|+|1521" 
 [314] "_R_N988|ten_9|116000077|116001599|+|1522" 
 [315] "_R_N988|dum_1|182213955|182215479|+|1524" 
 [316] "N988|ten_5|34371949|34373485|+|1536"      
 [317] "N988|ten_7|168314982|168316502|+|1520"    
 [318] "_R_N988|dum_2|85695492|85697048|+|1556"   
 [319] "_R_N988|ten_2|90158802|90160367|+|1565"   
 [320] "_R_N988|ten_2|90037571|90039033|+|1462"   
 [321] "N988|dum_9|90130773|90132347|+|1574"      
 [322] "N988|ten_9|87649709|87651283|+|1574"      
 [323] "N988|dum_8|106612044|106613635|+|1591"    
 [324] "N988|dum_1|70769964|70771565|+|1601"      
 [325] "N988|ten_1|68765546|68767116|+|1570"      
 [326] "_R_N988|ten_9|71378134|71379542|+|1408"   
 [327] "_R_N988|dum_6|154113453|154115044|+|1591" 
 [328] "N988|ten_6|169195760|169197313|+|1553"    
 [329] "_R_N988|ten_8|119029203|119030763|+|1560" 
 [330] "N988|ten_8|119329146|119330725|+|1579"    
 [331] "N988|dum_4|106061200|106062755|+|1555"    
 [332] "_R_N988|dum_5|130237118|130238661|+|1543" 
 [333] "_R_N988|ten_10|128845667|128847243|+|1576"
 [334] "N988|ten_X1|219717826|219719382|+|1556"   
 [335] "N988|ten_5|103895416|103896990|+|1574"    
 [336] "N988|dum_9|84402700|84404272|+|1572"      
 [337] "_R_N988|ten_9|92461138|92462739|+|1601"   
 [338] "N988|dum_9|84506118|84507661|+|1543"      
 [339] "N988|ten_10|157063672|157065258|+|1586"   
 [340] "N988|ten_10|157241513|157243099|+|1586"   
 [341] "N988|ten_10|156890778|156892346|+|1568"   
 [342] "_R_N988|ten_10|158637983|158639569|+|1586"
 [343] "N988|ten_10|178393154|178394712|+|1558"   
 [344] "N988|ten_10|178416537|178418095|+|1558"   
 [345] "_R_N988|ten_10|70740510|70742066|+|1556"  
 [346] "_R_N988|ten_10|70732569|70734126|+|1557"  
 [347] "_R_N988|ten_10|70750804|70752361|+|1557"  
 [348] "_R_N988|ten_10|70755954|70757511|+|1557"  
 [349] "_R_N988|ten_10|70763901|70765458|+|1557"  
 [350] "N988|ten_10|178380063|178381620|+|1557"   
 [351] "N988|ten_10|178388005|178389562|+|1557"   
 [352] "N988|ten_10|178401104|178402661|+|1557"   
 [353] "N988|ten_10|178411388|178412945|+|1557"   
 [354] "N988|ten_10|178406255|178407814|+|1559"   
 [355] "N988|ten_10|178374919|178376476|+|1557"   
 [356] "_R_N988|ten_10|70745656|70747218|+|1562"  
 [357] "_R_N988|ten_12|36120246|36121797|+|1551"  
 [358] "_R_N988|dum_4|167018665|167020196|+|1531" 
 [359] "_R_N988|ten_11|89939618|89941161|+|1543"  
 [360] "N988|ten_11|91848605|91850144|+|1539"     
 [361] "N988|dum_11|117101033|117102598|+|1565"   
 [362] "_R_N988|ten_7|31498600|31500119|+|1519"   
 [363] "N988|dum_7|174507301|174508837|+|1536"    
 [364] "_R_N988|dum_X2|25742567|25744123|+|1556"  
 [365] "N988|ten_X2|193032488|193034041|+|1553"   
 [366] "_R_N988|dum_3|164556270|164557818|+|1548" 
 [367] "_R_N988|ten_3|157745710|157747272|+|1562" 
 [368] "_R_N988|dum_2|81152582|81154137|+|1555"   
 [369] "_R_N988|ten_2|86311270|86312821|+|1551"   
 [370] "N988|dum_1|167188049|167189617|+|1568"    
 [371] "N988|ten_1|160101769|160103325|+|1556"    
 [372] "_R_N988|ten_3|157770216|157771561|+|1345" 
 [373] "_R_N988|dum_X1|126542104|126543637|+|1533"
 [374] "_R_N988|dum_X2|66524457|66525997|+|1540"  
 [375] "N988|dum_3|145585745|145587291|+|1546"    
 [376] "N988|ten_3|139824719|139826258|+|1539"    
 [377] "N988|ten_X2|176755349|176756885|+|1536"   
 [378] "_R_N988|dum_3|110244839|110246151|+|1312" 
 [379] "_R_N988|ten_3|105337880|105339442|+|1562" 
 [380] "N988|dum_10|69444038|69445611|+|1573"     
 [381] "_R_N988|ten_10|32934440|32936056|+|1616"  
 [382] "N988|dum_X1|179854137|179855698|+|1561"   
 [383] "N988|ten_X1|157669558|157670851|+|1293"   
 [384] "N988|dum_4|30465603|30466990|+|1387"      
 [385] "_R_N988|ten_4|201334416|201336002|+|1586" 
 [386] "N988|dum_2|6225922|6227454|+|1532"        
 [387] "N988|ten_2|8082182|8083715|+|1533"        
 [388] "_R_N988|dum_6|70401496|70402757|+|1261"   
 [389] "_R_N988|dum_5|208408080|208409626|+|1546" 
 [390] "_R_N988|ten_5|28869581|28871144|+|1563"   
 [391] "N988|dum_5|27521917|27523462|+|1545"      
 [392] "_R_N988|dum_X1|93722938|93724472|+|1534"  
 [393] "_R_N988|ten_X1|76318678|76320212|+|1534"  
 [394] "N988|ten_8|53278158|53279692|+|1534"      
 [395] "_R_N988|dum_4|75911146|75912729|+|1583"   
 [396] "N988|ten_4|155717741|155719317|+|1576"    
 [397] "_R_N988|dum_7|84019738|84021142|+|1404"   
 [398] "N988|ten_7|117776015|117777598|+|1583"    
 [399] "_R_N988|dum_8|110555663|110557047|+|1384" 
 [400] "N988|ten_8|103450801|103452365|+|1564"    
 [401] "_R_N988|dum_12|115219947|115221529|+|1582"
 [402] "_R_N988|ten_12|125391755|125393317|+|1562"
 [403] "N988|dum_7|69545355|69546722|+|1367"      
 [404] "_R_N988|ten_7|134198614|134200199|+|1585" 
 [405] "N988|ten_X2|7375661|7377230|+|1569"       
 [406] "N988|dum_X2|24025396|24026927|+|1531"     
 [407] "_R_N988|ten_X2|194985619|194986963|+|1344"
 [408] "_R_N988|dum_6|191607666|191609244|+|1578" 
 [409] "_R_N988|ten_6|201497012|201498578|+|1566" 
 [410] "N988|dum_10|94929334|94930885|+|1551"     
 [411] "N988|ten_10|88659723|88661257|+|1534"     
 [412] "_R_N988|dum_9|129882343|129883673|+|1330" 
 [413] "N988|ten_9|50272793|50274307|+|1514"      
 [414] "_R_N988|ten_9|10684041|10685576|+|1535"   
 [415] "_R_N988|dum_9|173027303|173028827|+|1524" 
 [416] "N988|dum_7|53516807|53518340|+|1533"      
 [417] "N988|ten_7|146570018|146571558|+|1540"    
 [418] "_R_N988|dum_3|13078430|13079967|+|1537"   
 [419] "N988|ten_3|9427798|9429336|+|1538"        
 [420] "_R_N988|dum_9|106510327|106511891|+|1564" 
 [421] "N988|ten_8|115511369|115512929|+|1560"    
 [422] "_R_N988|dum_5|161654944|161656290|+|1346" 
 [423] "N988|ten_5|77943075|77944371|+|1296"      
 [424] "_R_N988|ten_3|19475329|19476603|+|1274"   
 [425] "_R_N988|dum_5|42255732|42257315|+|1583"   
 [426] "N988|ten_5|182836118|182837730|+|1612"    
 [427] "_R_N988|dum_4|249698713|249700300|+|1587" 
 [428] "_R_N988|dum_X1|97979660|97981208|+|1548"  
 [429] "N988|dum_X1|205363126|205364419|+|1293"   
 [430] "N988|ten_X1|182034115|182035677|+|1562"   
 [431] "N988|ten_10|121817793|121819331|+|1538"   
 [432] "N988|ten_9|65933215|65934753|+|1538"      
 [433] "_R_N988|ten_9|64988273|64989811|+|1538"   
 [434] "_R_N988|dum_6|165733390|165734939|+|1549" 
 [435] "_R_N988|ten_6|176241423|176242967|+|1544" 
 [436] "N988|dum_9|43796512|43798045|+|1533"      
 [437] "_R_N988|dum_7|203230486|203232073|+|1587" 
 [438] "_R_N988|ten_7|13560595|13562206|+|1611"   
 [439] "_R_N988|ten_11|98009521|98011049|+|1528"  
 [440] "N988|ten_10|60699534|60701080|+|1546"     
 [441] "N988|dum_X1|117235047|117236617|+|1570"   
 [442] "N988|ten_X1|99933811|99935381|+|1570"     
 [443] "_R_N988|dum_3|269888520|269890054|+|1534" 
 [444] "_R_N988|ten_3|271600426|271601961|+|1535" 
 [445] "_R_N988|ten_2|217165073|217166618|+|1545" 
 [446] "N988|dum_8|139809884|139811476|+|1592"    
 [447] "N988|ten_8|128989014|128990581|+|1567"    
 [448] "N988|dum_8|138751576|138753137|+|1561"    
 [449] "N988|ten_8|128027804|128029363|+|1559"    
 [450] "_R_N988|dum_X1|118484051|118485621|+|1570"
 [451] "_R_N988|ten_X1|101191400|101192964|+|1564"
 [452] "_R_N988|dum_X1|189024426|189025974|+|1548"
 [453] "_R_N988|ten_X1|166524338|166525893|+|1555"
 [454] "N988|dum_11|160965687|160967273|+|1586"   
 [455] "N988|ten_11|42898659|42900234|+|1575"     
 [456] "N988|dum_8|48567134|48568721|+|1587"      
 [457] "N988|ten_8|43617240|43618821|+|1581"      
 [458] "N988|dum_4|245998346|245999929|+|1583"    
 [459] "N988|ten_5|170121156|170122731|+|1575"    
 [460] "_R_N988|dum_5|124314618|124316160|+|1542" 
 [461] "N988|ten_4|76948384|76949928|+|1544"      
 [462] "N988|dum_11|123399512|123401104|+|1592"   
 [463] "_R_N988|dum_X1|232658149|232659701|+|1552"
 [464] "N988|ten_X1|219647281|219648855|+|1574"   
 [465] "_R_N988|dum_9|179736537|179738050|+|1513" 
 [466] "N988|dum_1|274847276|274848823|+|1547"    
 [467] "N988|ten_1|268973691|268975231|+|1540"    
 [468] "_R_N988|dum_X1|125232990|125234551|+|1561"
 [469] "_R_N988|dum_1|270876460|270878008|+|1548" 
 [470] "N988|dum_11|165155496|165157014|+|1518"   
 [471] "_R_N988|ten_11|110447212|110448789|+|1577"
 [472] "_R_N988|dum_8|154117969|154119238|+|1269" 
 [473] "N988|ten_8|192947185|192948626|+|1441"    
 [474] "_R_N988|dum_X1|170347028|170348555|+|1527"
 [475] "_R_N988|ten_2|26144547|26146108|+|1561"   
 [476] "_R_N988|ten_2|26159479|26161039|+|1560"   
 [477] "_R_N988|dum_2|21072269|21073850|+|1581"   
 [478] "N988|dum_1|257915268|257916793|+|1525"    
 [479] "N988|ten_1|252955359|252956670|+|1311"    
 [480] "N988|dum_X1|52465196|52466611|+|1415"     
 [481] "N988|ten_X1|40749209|40750640|+|1431"     
 [482] "_R_N988|ten_3|231210593|231212158|+|1565" 
 [483] "N988|dum_10|157789577|157791122|+|1545"   
 [484] "_R_N988|ten_10|130138370|130139931|+|1561"
 [485] "N988|dum_4|129115200|129116736|+|1536"    
 [486] "_R_N988|ten_4|104088236|104089660|+|1424" 
 [487] "N988|dum_7|69575788|69576984|+|1196"      
 [488] "_R_N988|ten_7|134183943|134185135|+|1192" 
 [489] "_R_N988|dum_8|124903457|124904993|+|1536" 
 [490] "_R_N988|ten_8|116388938|116390515|+|1577" 
 [491] "N988|dum_3|148543589|148544904|+|1315"    
 [492] "N988|ten_3|142311606|142312926|+|1320"    
 [493] "N988|ten_7|192615717|192617022|+|1305"    
 [494] "_R_N988|dum_12|13618159|13619707|+|1548"  
 [495] "_R_N988|ten_12|15001365|15002899|+|1534"  
 [496] "N988|ten_5|88436720|88438005|+|1285"      
 [497] "N988|dum_10|141631920|141633356|+|1436"   
 [498] "_R_N988|dum_10|186760445|186761877|+|1432"
 [499] "N988|dum_10|141673520|141674946|+|1426"   
 [500] "N988|dum_10|141681871|141683307|+|1436"   
 [501] "N988|dum_10|141665172|141666602|+|1430"   
 [502] "N988|dum_10|141656814|141658250|+|1436"   
 [503] "N988|dum_10|141690260|141691677|+|1417"   
 [504] "N988|dum_10|141608805|141610221|+|1416"   
 [505] "_R_N988|dum_10|186783577|186784993|+|1416"
 [506] "N988|dum_10|141600419|141601835|+|1416"   
 [507] "_R_N988|dum_10|186791952|186793368|+|1416"
 [508] "N988|dum_10|141617131|141618542|+|1411"   
 [509] "_R_N988|dum_10|186775251|186776668|+|1417"
 [510] "N988|dum_10|141592019|141593425|+|1406"   
 [511] "_R_N988|dum_10|186800352|186801781|+|1429"
 [512] "N988|ten_5|184997693|184999254|+|1561"    
 [513] "N988|dum_9|81161837|81163258|+|1421"      
 [514] "_R_N988|ten_1|162433381|162434888|+|1507" 
 [515] "N988|dum_5|224015624|224017232|+|1608"    
 [516] "N988|ten_1|275004815|275006242|+|1427"    
 [517] "N988|dum_1|280960653|280962202|+|1549"    
 [518] "_R_N988|dum_3|242358925|242360395|+|1470" 
 [519] "N988|ten_X1|199184424|199185971|+|1547"   
 [520] "_R_N988|dum_4|153333488|153335055|+|1567" 
 [521] "N988|ten_4|79959139|79960720|+|1581"      
 [522] "_R_N988|dum_7|106851955|106853288|+|1333" 
 [523] "_R_N988|dum_2|117009435|117010980|+|1545" 
 [524] "_R_N988|ten_2|121101798|121103342|+|1544" 
 [525] "_R_N988|ten_7|40542459|40544051|+|1592"   
 [526] "_R_N988|dum_X2|96875674|96877235|+|1561"  
 [527] "N988|ten_X2|123862553|123864113|+|1560"   
 [528] "N988|dum_5|123842793|123844343|+|1550"    
 [529] "_R_N988|ten_5|110338665|110340211|+|1546" 
 [530] "_R_N988|ten_5|90768099|90769667|+|1568"   
 [531] "N988|dum_3|66524702|66526255|+|1553"      
 [532] "N988|ten_X1|158348366|158349913|+|1547"   
 [533] "N988|ten_4|22482403|22483873|+|1470"      
 [534] "_R_N988|dum_4|218192151|218193705|+|1554" 
 [535] "_R_N988|dum_3|94934676|94936215|+|1539"   
 [536] "_R_N988|ten_3|90804598|90806134|+|1536"   
 [537] "N988|dum_5|44098493|44100028|+|1535"      
 [538] "_R_N988|ten_5|180874455|180875969|+|1514" 
 [539] "_R_N988|dum_2|112317091|112318626|+|1535" 
 [540] "_R_N988|ten_2|117165176|117166702|+|1526" 
 [541] "_R_N988|ten_X2|105487203|105488777|+|1574"
 [542] "_R_N988|dum_11|83836360|83837919|+|1559"  
 [543] "N988|ten_12|79136963|79138538|+|1575"     
 [544] "N988|ten_5|71806847|71808412|+|1565"      
 [545] "_R_N988|dum_7|30236379|30237954|+|1575"   
 [546] "N988|dum_7|72838562|72840159|+|1597"      
 [547] "_R_N988|dum_11|69893920|69895493|+|1573"  
 [548] "_R_N988|dum_X1|161032930|161034448|+|1518"
 [549] "N988|dum_4|106032571|106034097|+|1526"    
 [550] "_R_N988|ten_12|1919661|1921194|+|1533"    
 [551] "_R_N988|dum_1|126074007|126075527|+|1520" 
 [552] "N988|dum_X1|200667809|200669329|+|1520"   
 [553] "_R_N988|ten_8|119056155|119057721|+|1566" 
 [554] "N988|ten_8|119303075|119304648|+|1573"    
 [555] "N988|dum_7|118882326|118883889|+|1563"    
 [556] "_R_N988|dum_7|101768043|101769612|+|1569" 
 [557] "N988|ten_7|100199613|100201177|+|1564"    
 [558] "N988|dum_6|222339895|222341459|+|1564"    
 [559] "N988|ten_6|232163527|232165102|+|1575"    
 [560] "N988|dum_2|186424273|186425839|+|1566"    
 [561] "_R_N988|ten_2|234550904|234552466|+|1562" 
 [562] "N988|ten_2|167160833|167162386|+|1553"    
 [563] "_R_N988|ten_3|118786429|118787987|+|1558" 
 [564] "_R_N988|dum_3|246010215|246011777|+|1562" 
 [565] "_R_N988|ten_3|247326215|247327780|+|1565" 
 [566] "_R_N988|dum_5|125734510|125736105|+|1595" 
 [567] "N988|ten_5|108521549|108523122|+|1573"    
 [568] "_R_N988|dum_1|142521408|142522968|+|1560" 
 [569] "_R_N988|dum_X1|176229295|176230870|+|1575"
 [570] "_R_N988|ten_X1|154616805|154618368|+|1563"
 [571] "_R_N988|dum_9|39859802|39861365|+|1563"   
 [572] "N988|ten_9|136068195|136069760|+|1565"    
 [573] "N988|dum_5|35241217|35242775|+|1558"      
 [574] "N988|ten_7|103465464|103467017|+|1553"    
 [575] "_R_N988|ten_X1|224898897|224900458|+|1561"
 [576] "_R_N988|dum_X1|123158842|123160414|+|1572"
 [577] "_R_N988|ten_X1|106018197|106019740|+|1543"
 [578] "_R_N988|dum_X1|177266864|177268383|+|1519"
 [579] "N988|dum_8|107300883|107302448|+|1565"    
 [580] "N988|ten_8|100540431|100541978|+|1547"    
 [581] "N988|dum_8|41565670|41567220|+|1550"      
 [582] "_R_N988|ten_8|29608772|29610316|+|1544"   
 [583] "N988|dum_10|175135553|175137122|+|1569"   
 [584] "N988|ten_10|171867796|171869363|+|1567"   
 [585] "_R_N988|dum_6|46775140|46776704|+|1564"   
 [586] "_R_N988|ten_6|55530928|55532221|+|1293"   
 [587] "N988|ten_1|109970397|109971966|+|1569"    
 [588] "N988|ten_2|210720196|210721759|+|1563"    
 [589] "N988|dum_6|103445202|103446773|+|1571"    
 [590] "N988|ten_6|117418567|117420141|+|1574"    
 [591] "N988|dum_1|87172898|87174459|+|1561"      
 [592] "N988|ten_1|84855572|84856897|+|1325"      
 [593] "N988|dum_2|37258615|37260204|+|1589"      
 [594] "N988|ten_2|42217156|42218734|+|1578"      
 [595] "_R_N988|dum_10|112038637|112040220|+|1583"
 [596] "_R_N988|ten_10|101548546|101550108|+|1562"
 [597] "N988|dum_7|166112623|166114201|+|1578"    
 [598] "_R_N988|ten_7|39856266|39857858|+|1592"   
 [599] "_R_N988|ten_11|1576889|1578434|+|1545"    
 [600] "N988|dum_X2|13005058|13006597|+|1539"     
 [601] "N988|ten_X2|204630181|204631745|+|1564"   
 [602] "N988|dum_12|113945118|113946654|+|1536"   
 [603] "_R_N988|ten_12|124358417|124359987|+|1570"
 [604] "_R_N988|dum_10|168130135|168131736|+|1601"
 [605] "_R_N988|ten_10|131667777|131669355|+|1578"
 [606] "N988|dum_10|160534202|160535758|+|1556"   
 [607] "N988|ten_10|125423172|125424732|+|1560"   
 [608] "N988|dum_10|156308993|156310254|+|1261"   
 [609] "N988|dum_1|182013146|182014711|+|1565"    
 [610] "N988|ten_1|178176591|178178166|+|1575"    
 [611] "N988|dum_1|284472607|284474188|+|1581"    
 [612] "_R_N988|ten_1|290082380|290083696|+|1316" 
 [613] "_R_N988|dum_1|53795382|53796938|+|1556"   
 [614] "_R_N988|dum_2|164853288|164854860|+|1572" 
 [615] "_R_N988|ten_1|51709313|51710901|+|1588"   
 [616] "N988|dum_2|252200377|252201931|+|1554"    
 [617] "_R_N988|dum_6|192907917|192909467|+|1550" 
 [618] "_R_N988|ten_6|202996626|202998214|+|1588" 
 [619] "N988|dum_X2|57679761|57681316|+|1555"     
 [620] "_R_N988|ten_X2|161699703|161701256|+|1553"
 [621] "_R_N988|dum_8|52512257|52513821|+|1564"   
 [622] "_R_N988|ten_6|136925700|136927249|+|1549" 
 [623] "N988|dum_3|145551196|145552754|+|1558"    
 [624] "N988|ten_3|139789927|139791495|+|1568"    
 [625] "_R_N988|dum_9|64834736|64836294|+|1558"   
 [626] "N988|ten_9|113022065|113023632|+|1567"    
 [627] "_R_N988|dum_11|147970842|147972311|+|1469"
 [628] "_R_N988|dum_1|36654287|36655508|+|1221"   
 [629] "N988|dum_3|183685690|183687264|+|1574"    
 [630] "N988|ten_3|176053539|176055026|+|1487"    
 [631] "N988|ten_8|115509885|115511310|+|1425"    
 [632] "_R_N988|ten_1|148167866|148169421|+|1555" 
 [633] "N988|ten_8|8146923|8148484|+|1561"        
 [634] "N988|dum_X2|178767563|178769119|+|1556"   
 [635] "_R_N988|ten_X2|35139229|35140731|+|1502"  
 [636] "N988|ten_X2|152974592|152976138|+|1546"   
 [637] "N988|dum_2|254710546|254712109|+|1563"    
 [638] "N988|ten_X1|144738335|144739880|+|1545"   
 [639] "_R_N988|dum_5|226545005|226546596|+|1591" 
 [640] "N988|ten_5|11718007|11719573|+|1566"      
 [641] "N988|dum_2|119713587|119715215|+|1628"    
 [642] "N988|ten_2|124321835|124323435|+|1600"    
 [643] "N988|ten_1|203377755|203379254|+|1499"    
 [644] "_R_N988|ten_2|122823391|122824926|+|1535" 
 [645] "_R_N988|ten_2|230606705|230608058|+|1353" 
 [646] "_R_N988|dum_12|57564104|57565650|+|1546"  
 [647] "_R_N988|ten_12|63874554|63876083|+|1529"  
 [648] "_R_N988|dum_2|243055092|243056608|+|1516" 
 [649] "_R_N988|ten_X2|180219103|180220574|+|1471"
 [650] "_R_N988|dum_X1|60714332|60715881|+|1549"  
 [651] "_R_N988|ten_X1|46483467|46485016|+|1549"  
 [652] "_R_N988|dum_8|112126097|112127658|+|1561" 
 [653] "N988|dum_X1|97035877|97037418|+|1541"     
 [654] "N988|ten_X1|79427679|79429077|+|1398"     
 [655] "_R_N988|dum_1|216330094|216331653|+|1559" 
 [656] "_R_N988|ten_1|213112557|213114113|+|1556" 
 [657] "_R_N988|dum_1|216278217|216279773|+|1556" 
 [658] "_R_N988|dum_10|28946563|28948126|+|1563"  
 [659] "N988|ten_10|73547078|73548649|+|1571"     
 [660] "_R_N988|dum_2|203329035|203330590|+|1555" 
 [661] "_R_N988|ten_2|199166244|199167799|+|1555" 
 [662] "_R_N988|dum_5|166177749|166179321|+|1572" 
 [663] "N988|ten_5|73344033|73345594|+|1561"      
 [664] "_R_N988|dum_2|133799932|133801250|+|1318" 
 [665] "_R_N988|ten_2|137252406|137253704|+|1298" 
 [666] "N988|dum_1|189931538|189933140|+|1602"    
 [667] "_R_N988|ten_3|94980029|94981615|+|1586"   
 [668] "_R_N988|ten_7|134207460|134208997|+|1537" 
 [669] "_R_N988|dum_1|93126634|93128238|+|1604"   
 [670] "_R_N988|dum_1|232094514|232096068|+|1554" 
 [671] "N988|dum_4|63766197|63767757|+|1560"      
 [672] "_R_N988|ten_4|166622361|166623918|+|1557" 
 [673] "_R_N988|dum_2|168641092|168642514|+|1422" 
 [674] "N988|dum_4|61074342|61075909|+|1567"      
 [675] "N988|dum_3|82290972|82292540|+|1568"      
 [676] "N988|ten_3|78306822|78308389|+|1567"      
 [677] "N988|ten_8|171607972|171609368|+|1396"    
 [678] "N988|ten_1|184464193|184465768|+|1575"    
 [679] "N988|dum_X1|98462540|98464077|+|1537"     
 [680] "N988|ten_X1|80770491|80772042|+|1551"     
 [681] "N988|ten_4|25366170|25367685|+|1515"      
 [682] "_R_N988|dum_X1|125220950|125222488|+|1538"
 [683] "N988|dum_1|174791697|174793256|+|1559"    
 [684] "N988|ten_1|168413424|168414977|+|1553"    
 [685] "N988|dum_11|126442533|126444083|+|1550"   
 [686] "N988|ten_11|51568558|51570104|+|1546"     
 [687] "_R_N988|dum_3|231359474|231360934|+|1460" 
 [688] "_R_N988|ten_3|233577952|233579490|+|1538" 
 [689] "_R_N988|dum_10|28983431|28984991|+|1560"  
 [690] "N988|ten_10|73502150|73503694|+|1544"     
 [691] "N988|dum_7|103487157|103488716|+|1559"    
 [692] "N988|dum_10|141113190|141114752|+|1562"   
 [693] "_R_N988|dum_10|186485396|186486952|+|1556"
 [694] "_R_N988|ten_10|145769600|145771146|+|1546"
 [695] "_R_N988|ten_X2|99340614|99341900|+|1286"  
 [696] "_R_N988|dum_12|114774336|114775903|+|1567"
 [697] "_R_N988|ten_12|124938342|124939635|+|1293"
 [698] "_R_N988|ten_5|1117239|1118762|+|1523"     
 [699] "N988|ten_5|1272962|1274471|+|1509"        
 [700] "_R_N988|ten_11|98531760|98533281|+|1521"  
 [701] "_R_N988|ten_11|98683975|98685491|+|1516"  
 [702] "_R_N988|dum_4|193868513|193870110|+|1597" 
 [703] "N988|ten_4|48093717|48095282|+|1565"      
 [704] "_R_N988|dum_4|48879472|48881025|+|1553"   
 [705] "N988|ten_4|181814284|181815823|+|1539"    
 [706] "_R_N988|dum_X1|232563362|232564922|+|1560"
 [707] "N988|dum_3|237140938|237142488|+|1550"    
 [708] "N988|ten_3|239000161|239001712|+|1551"    
 [709] "_R_N988|ten_1|148946445|148948015|+|1570" 
 [710] "_R_N988|dum_X1|245871585|245873042|+|1457"
 [711] "_R_N988|ten_X1|224839961|224841517|+|1556"
 [712] "_R_N988|dum_4|76560486|76562032|+|1546"   
 [713] "N988|ten_4|155023768|155025320|+|1552"    
 [714] "N988|dum_5|157471336|157472894|+|1558"    
 [715] "_R_N988|ten_5|81764163|81765715|+|1552"   
 [716] "_R_N988|dum_2|106895212|106896789|+|1577" 
 [717] "_R_N988|dum_1|178019809|178021370|+|1561" 
 [718] "_R_N988|ten_1|171396948|171398512|+|1564" 
 [719] "_R_N988|dum_7|98755813|98757365|+|1552"   
 [720] "N988|ten_7|103024685|103026251|+|1566"    
 [721] "N988|ten_3|152797889|152799165|+|1276"    
 [722] "N988|dum_7|173768132|173769675|+|1543"    
 [723] "_R_N988|ten_7|32244460|32246003|+|1543"   
 [724] "N988|dum_4|89581070|89582306|+|1236"      
 [725] "_R_N988|dum_11|126129123|126130720|+|1597"
 [726] "_R_N988|ten_11|51271956|51273553|+|1597"  
 [727] "_R_N988|dum_6|80457564|80459097|+|1533"   
 [728] "_R_N988|ten_6|95059277|95060820|+|1543"   
 [729] "_R_N988|dum_9|114316318|114317881|+|1563" 
 [730] "N988|dum_4|6572787|6574331|+|1544"        
 [731] "_R_N988|ten_3|214658511|214660062|+|1551" 
 [732] "_R_N988|dum_1|137914387|137915701|+|1314" 
 [733] "_R_N988|ten_1|142559355|142560669|+|1314" 
 [734] "N988|ten_4|230887029|230888613|+|1584"    
 [735] "N988|dum_9|122591378|122592648|+|1270"    
 [736] "N988|dum_X1|98439695|98441219|+|1524"     
 [737] "N988|ten_X1|80747839|80749380|+|1541"     
 [738] "N988|ten_X2|76366936|76368497|+|1561"     
 [739] "_R_N988|dum_3|156173415|156175017|+|1602" 
 [740] "_R_N988|ten_3|150312276|150313852|+|1576" 
 [741] "N988|dum_6|230826234|230827786|+|1552"    
 [742] "N988|ten_6|240826294|240827855|+|1561"    
 [743] "_R_N988|dum_1|146657452|146659004|+|1552" 
 [744] "N988|ten_1|151386559|151388045|+|1486"    
 [745] "_R_N988|dum_X2|87006197|87007759|+|1562"  
 [746] "N988|ten_X2|133612227|133613792|+|1565"   
 [747] "_R_N988|dum_7|75925898|75927455|+|1557"   
 [748] "N988|ten_7|126821706|126823273|+|1567"    
 [749] "_R_N988|ten_X1|61284358|61285923|+|1565"  
 [750] "_R_N988|ten_X1|61653523|61655090|+|1567"  
 [751] "_R_N988|dum_X1|79535234|79536782|+|1548"  
 [752] "N988|ten_8|37716387|37717969|+|1582"      
 [753] "N988|ten_10|101408959|101410547|+|1588"   
 [754] "N988|dum_5|162798841|162800436|+|1595"    
 [755] "N988|dum_5|110739547|110741122|+|1575"    
 [756] "_R_N988|ten_5|76606763|76608332|+|1569"   
 [757] "N988|dum_2|203347130|203348708|+|1578"    
 [758] "_R_N988|ten_X1|167201910|167203462|+|1552"
 [759] "N988|dum_1|20814024|20815580|+|1556"      
 [760] "N988|ten_1|19040744|19042287|+|1543"      
 [761] "N988|dum_1|148878780|148880340|+|1560"    
 [762] "N988|ten_1|128629185|128630746|+|1561"    
 [763] "N988|dum_1|193900131|193901723|+|1592"    
 [764] "N988|ten_1|191046928|191048493|+|1565"    
 [765] "N988|dum_2|61465|62989|+|1524"            
 [766] "_R_N988|ten_1|277490236|277491760|+|1524" 
 [767] "N988|dum_2|81825|83375|+|1550"            
 [768] "_R_N988|ten_1|277474238|277475794|+|1556" 
 [769] "_R_N988|dum_7|60444656|60446181|+|1525"   
 [770] "N988|dum_4|210357028|210358580|+|1552"    
 [771] "_R_N988|ten_4|30640432|30641985|+|1553"   
 [772] "N988|dum_8|130239954|130241515|+|1561"    
 [773] "_R_N988|dum_1|98063514|98065051|+|1537"   
 [774] "_R_N988|ten_1|95327628|95329190|+|1562"   
 [775] "N988|dum_3|47009776|47011344|+|1568"      
 [776] "_R_N988|ten_3|40329387|40330946|+|1559"   
 [777] "N988|dum_7|135279321|135280889|+|1568"    
 [778] "_R_N988|ten_7|67330342|67331910|+|1568"   
 [779] "_R_N988|dum_X1|198905246|198906814|+|1568"
 [780] "_R_N988|ten_X1|176181923|176183334|+|1411"
 [781] "_R_N988|dum_3|120426279|120427856|+|1577" 
 [782] "_R_N988|ten_3|115318079|115319473|+|1394" 
 [783] "_R_N988|dum_5|57170023|57171558|+|1535"   
 [784] "N988|ten_5|171180747|171182283|+|1536"    
 [785] "_R_N988|ten_X2|78600788|78602382|+|1594"  
 [786] "N988|ten_X2|79447285|79448861|+|1576"     
 [787] "N988|dum_X1|179643954|179645528|+|1574"   
 [788] "N988|ten_X1|157525598|157527179|+|1581"   
 [789] "_R_N988|ten_8|151820686|151822254|+|1568" 
 [790] "_R_N988|dum_4|146383627|146385191|+|1564" 
 [791] "N988|ten_4|87446376|87447926|+|1550"      
 [792] "_R_N988|dum_7|140673385|140674938|+|1553" 
 [793] "N988|ten_5|67772499|67774064|+|1565"      
 [794] "_R_N988|dum_6|145729480|145731041|+|1561" 
 [795] "_R_N988|ten_6|159686517|159688092|+|1575" 
 [796] "_R_N988|dum_5|148247458|148249032|+|1574" 
 [797] "N988|ten_5|91462683|91464006|+|1323"      
 [798] "N988|dum_1|103511183|103512740|+|1557"    
 [799] "_R_N988|ten_1|98644482|98646048|+|1566"   
 [800] "N988|dum_X2|144584189|144585751|+|1562"   
 [801] "_R_N988|ten_X2|74567111|74568673|+|1562"  
 [802] "N988|ten_X2|89159662|89161211|+|1549"     
 [803] "N988|dum_X2|125398727|125400038|+|1311"   
 [804] "N988|dum_X1|193065893|193067431|+|1538"   
 [805] "N988|ten_X1|170377696|170379264|+|1568"   
 [806] "_R_N988|ten_11|24769130|24770683|+|1553"  
 [807] "N988|dum_1|88418383|88419947|+|1564"      
 [808] "N988|ten_1|86135144|86136392|+|1248"      
 [809] "_R_N988|dum_9|45215674|45217237|+|1563"   
 [810] "N988|ten_9|130976916|130978502|+|1586"    
 [811] "N988|dum_5|144073345|144074903|+|1558"    
 [812] "_R_N988|ten_5|92686456|92688022|+|1566"   
 [813] "_R_N988|dum_5|230587758|230589336|+|1578" 
 [814] "N988|ten_5|7625154|7626698|+|1544"        
 [815] "_R_N988|dum_7|42877857|42879407|+|1550"   
 [816] "_R_N988|ten_5|36222329|36223591|+|1262"   
 [817] "_R_N988|ten_11|76284793|76286365|+|1572"  
 [818] "_R_N988|dum_6|153208631|153210188|+|1557" 
 [819] "N988|ten_6|170393882|170395431|+|1549"    
 [820] "N988|ten_X2|117813193|117814744|+|1551"   
 [821] "N988|dum_3|252058059|252059628|+|1569"    
 [822] "_R_N988|ten_4|109782395|109783956|+|1561" 
 [823] "_R_N988|ten_12|42625264|42626850|+|1586"  
 [824] "N988|ten_12|43968619|43970195|+|1576"     
 [825] "_R_N988|dum_12|39111916|39113467|+|1551"  
 [826] "_R_N988|ten_10|10421669|10423228|+|1559"  
 [827] "N988|dum_4|130664527|130666101|+|1574"    
 [828] "_R_N988|ten_4|102633162|102634378|+|1216" 
 [829] "_R_N988|dum_1|184930247|184931819|+|1572" 
 [830] "N988|dum_1|205780997|205782279|+|1282"    
 [831] "N988|ten_1|201784507|201785804|+|1297"    
 [832] "_R_N988|dum_1|93129553|93131113|+|1560"   
 [833] "_R_N988|ten_1|90811532|90813117|+|1585"   
 [834] "N988|ten_4|216262999|216264556|+|1557"    
 [835] "_R_N988|dum_1|219019842|219021415|+|1573" 
 [836] "N988|ten_10|161927356|161928942|+|1586"   
 [837] "_R_N988|dum_11|128951191|128952784|+|1593"
 [838] "_R_N988|ten_11|52418175|52419744|+|1569"  
 [839] "N988|ten_6|240672792|240674334|+|1542"    
 [840] "_R_N988|dum_9|174150169|174151725|+|1556" 
 [841] "_R_N988|dum_9|174257649|174259043|+|1394" 
 [842] "_R_N988|ten_9|11824485|11826078|+|1593"   
 [843] "_R_N988|dum_9|54250267|54251866|+|1599"   
 [844] "N988|ten_9|122709264|122710812|+|1548"    
 [845] "_R_N988|dum_4|180805162|180806694|+|1532" 
 [846] "N988|ten_4|61560721|61562286|+|1565"      
 [847] "N988|dum_2|91513816|91515385|+|1569"      
 [848] "N988|ten_2|96511426|96512665|+|1239"      
 [849] "_R_N988|dum_2|190702820|190704400|+|1580" 
 [850] "_R_N988|ten_2|192469343|192470923|+|1580" 
 [851] "_R_N988|dum_X2|149007996|149009508|+|1512"
 [852] "_R_N988|ten_3|235463947|235465501|+|1554" 
 [853] "_R_N988|ten_3|235572785|235574339|+|1554" 
 [854] "_R_N988|dum_1|295777279|295778808|+|1529" 
 [855] "N988|ten_1|278423077|278424602|+|1525"    
 [856] "_R_N988|dum_3|119395137|119396413|+|1276" 
 [857] "_R_N988|ten_3|114154231|114155503|+|1272" 
 [858] "_R_N988|dum_X1|189043831|189045360|+|1529"
 [859] "_R_N988|dum_7|131607857|131609418|+|1561" 
 [860] "N988|ten_7|72427516|72429075|+|1559"      
 [861] "_R_N988|ten_X1|16824793|16826373|+|1580"  
 [862] "N988|dum_2|151701608|151702892|+|1284"    
 [863] "_R_N988|ten_2|153657515|153659073|+|1558" 
 [864] "N988|ten_2|195298228|195299819|+|1591"    
 [865] "N988|dum_5|66106692|66108268|+|1576"      
 [866] "_R_N988|ten_5|161779623|161781189|+|1566" 
 [867] "N988|dum_6|222658379|222659734|+|1355"    
 [868] "N988|ten_6|232539104|232540447|+|1343"    
 [869] "N988|dum_10|98853545|98854811|+|1266"     
 [870] "N988|ten_10|92752313|92753858|+|1545"     
 [871] "N988|dum_8|81207368|81208942|+|1574"      
 [872] "N988|dum_8|48580944|48582552|+|1608"      
 [873] "N988|ten_8|43626002|43627579|+|1577"      
 [874] "N988|ten_8|74402771|74404378|+|1607"      
 [875] "_R_N988|dum_10|86021928|86023506|+|1578"  
 [876] "_R_N988|dum_4|213642541|213644106|+|1565" 
 [877] "N988|ten_4|26892112|26893669|+|1557"      
 [878] "_R_N988|dum_X2|125837750|125839323|+|1573"
 [879] "N988|dum_8|91866384|91867892|+|1508"      
 [880] "N988|ten_8|85153390|85154889|+|1499"      
 [881] "N988|dum_2|243918718|243920287|+|1569"    
 [882] "N988|ten_2|231446237|231447792|+|1555"    
 [883] "N988|dum_1|148774743|148776305|+|1562"    
 [884] "N988|ten_1|128521724|128523264|+|1540"    
 [885] "N988|dum_1|148759239|148760812|+|1573"    
 [886] "N988|ten_1|128506216|128507780|+|1564"    
 [887] "N988|ten_4|64114749|64116331|+|1582"      
 [888] "_R_N988|ten_4|48434688|48436228|+|1540"   
 [889] "_R_N988|dum_7|84275896|84277489|+|1593"   
 [890] "N988|ten_7|117473453|117475080|+|1627"    
 [891] "_R_N988|dum_X1|123170997|123172572|+|1575"
 [892] "_R_N988|ten_X1|106030266|106031847|+|1581"
 [893] "_R_N988|dum_6|166964329|166965903|+|1574" 
 [894] "_R_N988|ten_6|177363288|177364865|+|1577" 
 [895] "_R_N988|dum_4|218600362|218601936|+|1574" 
 [896] "N988|ten_4|22132823|22134387|+|1564"      
 [897] "_R_N988|dum_4|162539702|162541282|+|1580" 
 [898] "_R_N988|ten_5|15811399|15812969|+|1570"   
 [899] "N988|dum_4|162791403|162792745|+|1342"    
 [900] "_R_N988|dum_1|81379571|81381165|+|1594"   
 [901] "N988|dum_2|180596443|180598034|+|1591"    
 [902] "_R_N988|dum_X1|29512038|29513625|+|1587"  
 [903] "N988|dum_1|133299481|133301076|+|1595"    
 [904] "N988|ten_1|137259361|137260939|+|1578"    
 [905] "N988|dum_1|134977946|134979521|+|1575"    
 [906] "N988|ten_4|67106153|67107503|+|1350"      
 [907] "_R_N988|dum_1|134224673|134225988|+|1315" 
 [908] "_R_N988|ten_1|138126969|138128549|+|1580" 
 [909] "_R_N988|dum_4|18197438|18199033|+|1595"   
 [910] "N988|ten_4|213021838|213023425|+|1587"    
 [911] "N988|dum_8|37034721|37036298|+|1577"      
 [912] "_R_N988|ten_8|33896624|33898223|+|1599"   
 [913] "N988|dum_5|196036544|196038083|+|1539"    
 [914] "_R_N988|ten_5|44197345|44198925|+|1580"   
 [915] "_R_N988|dum_11|87636375|87637965|+|1590"  
 [916] "N988|ten_7|128242844|128244442|+|1598"    
 [917] "N988|dum_X1|184656910|184658502|+|1592"   
 [918] "N988|ten_X1|162439644|162441221|+|1577"   
 [919] "N988|ten_7|142550568|142552098|+|1530"    
 [920] "_R_N988|dum_6|39924760|39926314|+|1554"   
 [921] "_R_N988|ten_6|37988265|37989841|+|1576"   
 [922] "N988|ten_3|110393125|110394709|+|1584"    
 [923] "N988|ten_3|222382657|222384246|+|1589"    
 [924] "_R_N988|dum_6|211617528|211618784|+|1256" 
 [925] "_R_N988|ten_6|222875104|222876724|+|1620" 
 [926] "_R_N988|ten_4|22516720|22518256|+|1536"   
 [927] "N988|ten_4|113097598|113099126|+|1528"    
 [928] "_R_N988|ten_5|129475475|129477003|+|1528" 
 [929] "N988|dum_X1|250175440|250176948|+|1508"   
 [930] "N988|ten_10|92938766|92940282|+|1516"     
 [931] "_R_N988|dum_3|119629418|119630967|+|1549" 
 [932] "_R_N988|ten_3|114427318|114428865|+|1547" 
 [933] "N988|dum_5|223989028|223990607|+|1579"    
 [934] "_R_N988|ten_5|13801070|13802665|+|1595"   
 [935] "N988|dum_11|122819216|122820746|+|1530"   
 [936] "N988|ten_11|47769951|47771552|+|1601"     
 [937] "_R_N988|ten_1|99606523|99608106|+|1583"   
 [938] "_R_N988|ten_1|100122669|100124252|+|1583" 
 [939] "N988|dum_1|161979082|161980697|+|1615"    
 [940] "_R_N988|dum_8|109571202|109572789|+|1587" 
 [941] "_R_N988|ten_8|102494750|102496331|+|1581" 
 [942] "N988|ten_1|155017590|155019169|+|1579"    
 [943] "_R_N988|dum_10|95609951|95611520|+|1569"  
 [944] "_R_N988|ten_10|89382013|89383597|+|1584"  
 [945] "N988|dum_12|109418634|109419929|+|1295"   
 [946] "N988|ten_12|115575352|115576943|+|1591"   
 [947] "N988|dum_5|61860936|61862546|+|1610"      
 [948] "N988|dum_6|212485231|212486500|+|1269"    
 [949] "N988|ten_6|223503800|223505073|+|1273"    
 [950] "N988|dum_X2|178716450|178718037|+|1587"   
 [951] "_R_N988|ten_X2|35193724|35195303|+|1579"  
 [952] "_R_N988|ten_2|237797717|237799307|+|1590" 
 [953] "N988|ten_2|271091561|271093130|+|1569"    
 [954] "_R_N988|ten_11|106233084|106234658|+|1574"
 [955] "_R_N988|ten_2|236648940|236650508|+|1568" 
 [956] "N988|ten_2|233406252|233407811|+|1559"    
 [957] "N988|ten_2|233699257|233700838|+|1581"    
 [958] "_R_N988|ten_2|238021310|238022885|+|1575" 
 [959] "N988|ten_2|239269911|239271470|+|1559"    
 [960] "N988|dum_2|257944095|257945635|+|1540"    
 [961] "N988|dum_2|256217166|256218748|+|1582"    
 [962] "N988|ten_2|239054880|239056424|+|1544"    
 [963] "N988|dum_3|246103904|246105484|+|1580"    
 [964] "N988|ten_3|247419164|247420707|+|1543"    
 [965] "N988|dum_3|277797946|277799562|+|1616"    
 [966] "N988|ten_3|279223776|279225321|+|1545"    
 [967] "_R_N988|ten_X1|163419001|163420242|+|1241"
 [968] "_R_N988|ten_9|134977487|134979091|+|1604" 
 [969] "N988|dum_X1|15554796|15556364|+|1568"     
 [970] "_R_N988|ten_X1|2904822|2906388|+|1566"    
 [971] "_R_N988|dum_1|261970192|261971792|+|1600" 
 [972] "_R_N988|ten_1|256773675|256775270|+|1595" 
 [973] "_R_N988|dum_1|262000184|262001810|+|1626" 
 [974] "_R_N988|ten_1|256803485|256805081|+|1596" 
 [975] "N988|dum_X2|50015197|50016789|+|1592"     
 [976] "N988|ten_X2|173252214|173253802|+|1588"   
 [977] "N988|ten_6|33848613|33850000|+|1387"      
 [978] "_R_N988|dum_8|143377374|143378939|+|1565" 
 [979] "_R_N988|ten_8|132359295|132360859|+|1564" 
 [980] "_R_N988|dum_10|41235813|41237371|+|1558"  
 [981] "N988|ten_10|61166752|61168321|+|1569"     
 [982] "N988|dum_2|17010148|17011732|+|1584"      
 [983] "_R_N988|ten_6|4637025|4638609|+|1584"     
 [984] "_R_N988|dum_6|83336180|83337527|+|1347"   
 [985] "_R_N988|ten_6|97757296|97758890|+|1594"   
 [986] "N988|dum_2|90730615|90732205|+|1590"      
 [987] "N988|ten_2|95576096|95577719|+|1623"      
 [988] "_R_N988|dum_10|41029337|41030927|+|1590"  
 [989] "N988|ten_10|61362479|61364067|+|1588"     
 [990] "N988|dum_6|152471293|152472877|+|1584"    
 [991] "N988|ten_6|166516113|166517709|+|1596"    
 [992] "_R_N988|ten_7|124660082|124661655|+|1573" 
 [993] "N988|dum_10|85578188|85579772|+|1584"     
 [994] "_R_N988|ten_10|16136286|16137872|+|1586"  
 [995] "_R_N988|dum_9|79964495|79966085|+|1590"   
 [996] "N988|dum_5|126880132|126881500|+|1368"    
 [997] "_R_N988|ten_5|107314046|107315410|+|1364" 
 [998] "_R_N988|dum_X2|111715150|111716727|+|1577"
 [999] "N988|dum_X1|230391829|230393387|+|1558"   
[1000] "_R_N988|dum_X2|57485037|57486640|+|1603"  
[1001] "N988|ten_X2|161877599|161879181|+|1582"   
[1002] "N988|ten_3|54013777|54015164|+|1387"      
[1003] "_R_N988|dum_12|71184424|71185787|+|1363"  
[1004] "_R_N988|dum_3|214924588|214926198|+|1610" 
[1005] "_R_N988|ten_10|137619806|137621394|+|1588"
[1006] "_R_N988|ten_1|158843801|158845390|+|1589" 
[1007] "_R_N988|ten_1|158848517|158850106|+|1589" 
[1008] "_R_N988|dum_3|197513289|197514846|+|1557" 
[1009] "_R_N988|ten_3|189841503|189843091|+|1588" 
[1010] "N988|dum_9|56845653|56847233|+|1580"      
[1011] "_R_N988|ten_9|119672195|119673472|+|1277" 
[1012] "N988|ten_11|16307449|16308871|+|1422"     
[1013] "_R_N988|ten_11|17575561|17576980|+|1419"  
[1014] "_R_N988|dum_11|151258509|151260094|+|1585"
[1015] "_R_N988|dum_9|82238957|82240467|+|1510"   
[1016] "N988|ten_1|161257077|161258566|+|1489"    
[1017] "N988|dum_3|9930932|9932405|+|1473"        
[1018] "N988|ten_3|5511266|5512729|+|1463"        
[1019] "N988|dum_1|101015369|101016948|+|1579"    
[1020] "_R_N988|ten_X2|71231806|71233399|+|1593"  
[1021] "N988|dum_9|54241118|54242717|+|1599"      
[1022] "N988|ten_7|131176952|131178559|+|1607"    
[1023] "N988|ten_6|172992882|172994478|+|1596"    
[1024] "N988|dum_7|58580131|58581719|+|1588"      
[1025] "N988|dum_5|67972337|67973925|+|1588"      
[1026] "_R_N988|dum_4|134690655|134692243|+|1588" 
[1027] "_R_N988|dum_10|21532360|21533950|+|1590"  
[1028] "N988|ten_X1|68736717|68738320|+|1603"     
[1029] "N988|dum_2|188795696|188797257|+|1561"    
[1030] "N988|ten_2|190080006|190081579|+|1573"    
[1031] "_R_N988|dum_3|117447112|117448663|+|1551" 
[1032] "N988|ten_4|24730675|24732248|+|1573"      
[1033] "N988|dum_6|158365330|158366692|+|1362"    
[1034] "N988|dum_X2|56303157|56304739|+|1582"     
[1035] "_R_N988|ten_X2|163536140|163537712|+|1572"
[1036] "_R_N988|dum_1|111418931|111420538|+|1607" 
[1037] "_R_N988|ten_1|105538093|105539708|+|1615" 
[1038] "N988|dum_6|9784011|9785380|+|1369"        
[1039] "_R_N988|ten_6|7535727|7537094|+|1367"     
[1040] "_R_N988|dum_1|180714396|180715654|+|1258" 
[1041] "_R_N988|ten_1|174413507|174415110|+|1603" 
[1042] "N988|dum_1|266898408|266900014|+|1606"    
[1043] "N988|ten_1|261219493|261221103|+|1610"    
[1044] "N988|dum_1|7639313|7640940|+|1627"        
[1045] "_R_N988|ten_1|152455|153827|+|1372"       
[1046] "N988|dum_5|103485639|103487085|+|1446"    
[1047] "N988|dum_1|194429386|194430957|+|1571"    
[1048] "_R_N988|ten_1|191697188|191698769|+|1581" 
[1049] "N988|ten_7|162800965|162802569|+|1604"    
[1050] "_R_N988|ten_6|182769709|182771189|+|1480" 
[1051] "N988|ten_10|61198026|61199490|+|1464"     
[1052] "N988|ten_5|126281957|126283415|+|1458"    
[1053] "N988|dum_8|32078867|32080442|+|1575"      
[1054] "N988|dum_6|220934504|220936106|+|1602"    
[1055] "_R_N988|ten_1|95980400|95981849|+|1449"   
[1056] "_R_N988|dum_X2|174073831|174075298|+|1467"
[1057] "N988|ten_X2|40149811|40151271|+|1460"     
[1058] "N988|dum_10|53520618|53522094|+|1476"     
[1059] "_R_N988|ten_10|49241008|49242506|+|1498"  
[1060] "_R_N988|ten_8|81417167|81418766|+|1599"   
[1061] "N988|dum_2|41642400|41643821|+|1421"      
[1062] "_R_N988|dum_3|70003266|70004768|+|1502"   
[1063] "_R_N988|dum_X2|131724128|131725576|+|1448"
[1064] "_R_N988|ten_X2|95558654|95560093|+|1439"  
[1065] "N988|dum_10|58903850|58905300|+|1450"     
[1066] "N988|ten_6|230773543|230774783|+|1240"    
[1067] "N988|dum_5|223465454|223466940|+|1486"    
[1068] "_R_N988|ten_5|14335411|14336905|+|1494"   
[1069] "_R_N988|dum_1|98090884|98092316|+|1432"   
[1070] "_R_N988|dum_4|45513082|45514530|+|1448"   
[1071] "N988|ten_4|184784698|184786320|+|1622"    
[1072] "_R_N988|dum_4|83132312|83133811|+|1499"   
[1073] "N988|ten_4|148605952|148607463|+|1511"    
[1074] "N988|ten_6|119900458|119901971|+|1513"    
[1075] "_R_N988|dum_4|238393358|238394871|+|1513" 
[1076] "N988|dum_6|105957596|105959134|+|1538"    
[1077] "N988|ten_3|228085740|228087286|+|1546"    
[1078] "N988|dum_11|69598711|69600025|+|1314"     
[1079] "N988|ten_11|115288123|115289428|+|1305"   
[1080] "N988|dum_4|89582308|89583686|+|1378"      
[1081] "_R_N988|ten_4|142072567|142073940|+|1373" 
[1082] "_R_N988|dum_2|180667092|180668692|+|1600" 
[1083] "_R_N988|ten_2|182645746|182647324|+|1578" 
[1084] "_R_N988|dum_X2|125601212|125602757|+|1545"
[1085] "_R_N988|ten_X2|89374429|89375979|+|1550"  
[1086] "_R_N988|dum_7|106874193|106875510|+|1317" 
[1087] "_R_N988|ten_7|67316506|67317825|+|1319"   
[1088] "_R_N988|dum_3|242903034|242904605|+|1571" 
[1089] "_R_N988|ten_3|244337702|244339293|+|1591" 
[1090] "_R_N988|dum_2|180717836|180719406|+|1570" 
[1091] "_R_N988|ten_2|182685688|182687270|+|1582" 
[1092] "_R_N988|dum_3|149193091|149194639|+|1548" 
[1093] "_R_N988|ten_3|143100039|143101595|+|1556" 
[1094] "N988|dum_5|128584272|128585824|+|1552"    
[1095] "_R_N988|ten_5|105701204|105702779|+|1575" 
[1096] "_R_N988|dum_3|211685418|211686963|+|1545" 
[1097] "_R_N988|dum_1|233782044|233783588|+|1544" 
[1098] "_R_N988|ten_1|229535257|229536830|+|1573" 
[1099] "N988|dum_3|208008093|208009655|+|1562"    
[1100] "N988|ten_3|200339175|200340753|+|1578"    
[1101] "N988|ten_10|116644585|116646158|+|1573"   
[1102] "_R_N988|dum_X2|122678330|122679657|+|1327"
[1103] "_R_N988|ten_X2|85522844|85524171|+|1327"  
[1104] "N988|dum_5|203045688|203047263|+|1575"    
[1105] "_R_N988|dum_10|129366514|129367848|+|1334"
[1106] "_R_N988|dum_11|144539948|144541566|+|1618"
[1107] "N988|ten_11|17210754|17212373|+|1619"     
[1108] "_R_N988|ten_7|95260853|95262457|+|1604"   
[1109] "_R_N988|dum_2|146617890|146619475|+|1585" 
[1110] "N988|dum_8|30624764|30626091|+|1327"      
[1111] "N988|ten_8|27833397|27834723|+|1326"      
[1112] "_R_N988|dum_4|79622712|79623986|+|1274"   
[1113] "N988|ten_4|151807599|151808851|+|1252"    
[1114] "_R_N988|dum_6|122895151|122896701|+|1550" 
[1115] "_R_N988|ten_6|136969476|136971000|+|1524" 
[1116] "_R_N988|ten_1|52716684|52718076|+|1392"   
[1117] "N988|ten_1|53172185|53173581|+|1396"      
[1118] "_R_N988|dum_8|139010140|139011734|+|1594" 
[1119] "_R_N988|ten_8|128255331|128256881|+|1550" 
[1120] "_R_N988|dum_6|143231341|143232895|+|1554" 
[1121] "_R_N988|ten_6|157154502|157156046|+|1544" 
[1122] "_R_N988|dum_3|108574509|108576061|+|1552" 
[1123] "_R_N988|ten_3|103833027|103834607|+|1580" 
[1124] "_R_N988|dum_10|117107291|117108838|+|1547"
[1125] "N988|dum_8|136696324|136697929|+|1605"    
[1126] "N988|ten_8|126529698|126531281|+|1583"    
[1127] "_R_N988|dum_X1|108766016|108767627|+|1611"
[1128] "_R_N988|ten_X1|91357253|91358827|+|1574"  
[1129] "_R_N988|dum_3|28691501|28693106|+|1605"   
[1130] "_R_N988|ten_X2|175148938|175150529|+|1591"
[1131] "_R_N988|dum_3|233311673|233313257|+|1584" 
[1132] "N988|dum_5|170138653|170140012|+|1359"    
[1133] "_R_N988|ten_5|70342831|70344197|+|1366"   
[1134] "N988|dum_5|27359815|27361320|+|1505"      
[1135] "_R_N988|ten_5|198567813|198569351|+|1538" 
[1136] "_R_N988|dum_10|122578966|122580545|+|1579"
[1137] "N988|ten_10|116428698|116430248|+|1550"   
[1138] "_R_N988|dum_6|227697583|227699159|+|1576" 
[1139] "_R_N988|dum_9|12781250|12782838|+|1588"   
[1140] "N988|ten_9|162475902|162477518|+|1616"    
[1141] "_R_N988|dum_1|214267487|214269072|+|1585" 
[1142] "_R_N988|dum_10|15271727|15273289|+|1562"  
[1143] "N988|dum_4|94501562|94503128|+|1566"      
[1144] "_R_N988|ten_4|137193046|137194602|+|1556" 
[1145] "_R_N988|dum_9|68904451|68906027|+|1576"   
[1146] "N988|ten_9|108778682|108780259|+|1577"    
[1147] "N988|dum_6|192742066|192743429|+|1363"    
[1148] "N988|ten_6|202858766|202860135|+|1369"    
[1149] "N988|ten_6|203241682|203242933|+|1251"    
[1150] "N988|dum_6|193152536|193153895|+|1359"    
[1151] "N988|dum_10|171157386|171158954|+|1568"   
[1152] "N988|ten_10|168356272|168357859|+|1587"   
[1153] "N988|dum_10|171185761|171187332|+|1571"   
[1154] "N988|ten_10|168389647|168391229|+|1582"   
[1155] "_R_N988|dum_1|238640033|238641607|+|1574" 
[1156] "_R_N988|ten_1|234449690|234451209|+|1519" 
[1157] "_R_N988|ten_12|114937610|114939186|+|1576"
[1158] "N988|ten_12|116565448|116567030|+|1582"   
[1159] "_R_N988|dum_12|108691722|108693298|+|1576"
[1160] "N988|dum_9|112684407|112685996|+|1589"    
[1161] "_R_N988|ten_9|67727389|67728953|+|1564"   
[1162] "N988|dum_2|245462003|245463339|+|1336"    
[1163] "_R_N988|ten_2|247943776|247945115|+|1339" 
[1164] "N988|dum_6|67155094|67156568|+|1474"      
[1165] "N988|ten_6|81805180|81806465|+|1285"      
[1166] "N988|dum_1|103593895|103595476|+|1581"    
[1167] "_R_N988|ten_1|98567124|98568692|+|1568"   
[1168] "_R_N988|ten_11|79711023|79712337|+|1314"  
[1169] "N988|dum_10|94680627|94682101|+|1474"     
[1170] "N988|dum_X1|27292322|27293884|+|1562"     
[1171] "N988|ten_X1|18819875|18821435|+|1560"     
[1172] "_R_N988|bic_13|54320691|54322043|+|1352"  
[1173] "N988|sar_13|129702206|129703547|+|1341"   
[1174] "N988|dum_X1|257060600|257062212|+|1612"   
[1175] "_R_N988|ten_X1|235278417|235280043|+|1626"
[1176] "N988|bic_12|180483816|180485057|+|1241"   
[1177] "_R_N988|sar_12|1469480|1470723|+|1243"    
[1178] "N988|bic_2|42161251|42162567|+|1316"      
[1179] "_R_N988|sar_2|32776311|32777897|+|1586"   
[1180] "_R_N988|sar_10|140388775|140390292|+|1517"
[1181] "_R_N988|sar_10|140396437|140397954|+|1517"
[1182] "N988|dum_3|67099464|67100992|+|1528"      
[1183] "_R_N988|ten_3|58755012|58756574|+|1562"   
[1184] "_R_N988|bic_X1|165175542|165177056|+|1514"
[1185] "_R_N988|sar_X1|170614220|170615598|+|1378"
[1186] "N988|bic_4|46504409|46505982|+|1573"      
[1187] "N988|sar_4|143703487|143705057|+|1570"    
[1188] "_R_N988|sar_X2|123792594|123794130|+|1536"
[1189] "_R_N988|bic_8|186077244|186078467|+|1223" 
[1190] "N988|sar_8|30661469|30663015|+|1546"      
[1191] "_R_N988|bic_13|25085769|25087106|+|1337"  
[1192] "_R_N988|sar_12|74232349|74233780|+|1431"  
[1193] "_R_N988|bic_7|21785803|21787287|+|1484"   
[1194] "_R_N988|sar_7|23195620|23196856|+|1236"   
[1195] "_R_N988|dum_4|183468946|183470208|+|1262" 
[1196] "N988|dum_5|216037419|216038659|+|1240"    
[1197] "_R_N988|ten_5|77365718|77366949|+|1231"   
[1198] "N988|ten_5|77681974|77683188|+|1214"      
[1199] "N988|dum_5|161922277|161923508|+|1231"    
[1200] "_R_N988|dum_1|149922286|149923545|+|1259" 
[1201] "N988|ten_1|129611890|129613149|+|1259"    
[1202] "_R_N988|dum_2|221947614|221948847|+|1233" 
[1203] "_R_N988|dum_4|216218297|216219778|+|1481" 
[1204] "N988|ten_4|24333696|24335173|+|1477"      
[1205] "_R_N988|ten_X1|163622151|163623462|+|1311"
[1206] "N988|dum_10|25098064|25099360|+|1296"     
[1207] "_R_N988|dum_11|64847437|64848731|+|1294"  
[1208] "_R_N988|dum_1|12606129|12607417|+|1288"   
[1209] "N988|dum_X1|52063168|52064467|+|1299"     
[1210] "N988|ten_X1|40297360|40298675|+|1315"     
[1211] "_R_N988|ten_X1|219869955|219871257|+|1302"
[1212] "N988|dum_4|106890771|106892016|+|1245"    
[1213] "_R_N988|ten_8|118065875|118067174|+|1299" 
[1214] "N988|dum_7|60373810|60375349|+|1539"      
[1215] "N988|ten_7|144901114|144902666|+|1552"    
[1216] "_R_N988|dum_2|79741317|79742804|+|1487"   
[1217] "_R_N988|ten_2|84824816|84826277|+|1461"   
[1218] "N988|ten_2|114424710|114426216|+|1506"    
[1219] "N988|dum_4|129466081|129467555|+|1474"    
[1220] "_R_N988|dum_6|135631104|135632516|+|1412" 
[1221] "_R_N988|ten_6|149583295|149584831|+|1536" 
[1222] "_R_N988|ten_5|8698478|8699729|+|1251"     
[1223] "_R_N988|dum_3|268635089|268636680|+|1591" 
[1224] "_R_N988|ten_3|270192692|270194284|+|1592" 
[1225] "N988|dum_10|57963423|57964984|+|1561"     
[1226] "_R_N988|dum_8|35907445|35909006|+|1561"   
[1227] "_R_N988|ten_8|34672815|34674396|+|1581"   
[1228] "N988|dum_X1|243123002|243124576|+|1574"   
[1229] "N988|ten_X1|222206694|222208269|+|1575"   
[1230] "_R_N988|dum_10|59966943|59968502|+|1559"  
[1231] "_R_N988|dum_7|61003489|61005053|+|1564"   
[1232] "N988|ten_5|166612865|166614413|+|1548"    
[1233] "N988|dum_X2|13961302|13962861|+|1559"     
[1234] "_R_N988|ten_X2|203772292|203773849|+|1557"
[1235] "_R_N988|ten_8|57852119|57853477|+|1358"   
[1236] "N988|dum_4|256138888|256140320|+|1432"    
[1237] "_R_N988|dum_4|256578361|256579794|+|1433" 
[1238] "_R_N988|dum_X1|1161164|1162700|+|1536"    
[1239] "_R_N988|dum_X1|1244586|1246120|+|1534"    
[1240] "N988|dum_2|288958333|288959873|+|1540"    
[1241] "_R_N988|dum_9|188619673|188621212|+|1539" 
[1242] "_R_N988|dum_6|164421234|164422757|+|1523" 
[1243] "_R_N988|ten_6|175121335|175122870|+|1535" 
[1244] "N988|dum_4|49832746|49834284|+|1538"      
[1245] "_R_N988|ten_4|180809292|180810842|+|1550" 
[1246] "N988|dum_X1|135443678|135445216|+|1538"   
[1247] "_R_N988|ten_X1|119978636|119980174|+|1538"
[1248] "N988|ten_1|138995251|138996784|+|1533"    
[1249] "_R_N988|dum_4|52722562|52724114|+|1552"   
[1250] "N988|ten_4|178082612|178084164|+|1552"    
[1251] "_R_N988|dum_8|163094095|163095621|+|1526" 
[1252] "N988|dum_9|45414097|45415680|+|1583"      
[1253] "_R_N988|ten_9|130775253|130776851|+|1598" 
[1254] "N988|ten_1|138998633|139000028|+|1395"    
[1255] "N988|ten_1|139001846|139003241|+|1395"    
[1256] "N988|dum_1|95102486|95104023|+|1537"      
[1257] "N988|dum_X2|65290162|65291531|+|1369"     
[1258] "_R_N988|ten_X2|155152329|155153698|+|1369"
[1259] "_R_N988|dum_1|57549122|57550387|+|1265"   
[1260] "_R_N988|ten_1|55777750|55779288|+|1538"   
[1261] "_R_N988|ten_2|186222017|186223583|+|1566" 
[1262] "_R_N988|dum_1|94773043|94774573|+|1530"   
[1263] "_R_N988|ten_1|92498217|92499778|+|1561"   
[1264] "N988|dum_X2|132587487|132589023|+|1536"   
[1265] "N988|dum_11|122835054|122836585|+|1531"   
[1266] "N988|dum_10|185170539|185172089|+|1550"   
[1267] "_R_N988|ten_10|162471783|162473343|+|1560"
[1268] "N988|dum_2|221751251|221752823|+|1572"    
[1269] "N988|ten_2|212440490|212442065|+|1575"    
[1270] "N988|dum_9|93104477|93106046|+|1569"      
[1271] "_R_N988|ten_9|84032950|84034292|+|1342"   
[1272] "N988|dum_6|6155051|6156551|+|1500"        
[1273] "N988|ten_6|2640306|2641852|+|1546"        
[1274] "N988|dum_7|28697158|28698716|+|1558"      
[1275] "_R_N988|ten_9|62445662|62447199|+|1537"   
[1276] "N988|dum_4|135146179|135147746|+|1567"    
[1277] "_R_N988|dum_3|241237302|241238862|+|1560" 
[1278] "N988|ten_3|140652428|140653971|+|1543"    
[1279] "N988|dum_5|170183384|170184931|+|1547"    
[1280] "_R_N988|ten_5|70295626|70297159|+|1533"   
[1281] "_R_N988|dum_5|72255045|72256586|+|1541"   
[1282] "N988|ten_5|158054600|158056149|+|1549"    
[1283] "N988|ten_5|31453612|31454906|+|1294"      
[1284] "_R_N988|dum_8|596310|597862|+|1552"       
[1285] "N988|ten_8|4038775|4040354|+|1579"        
[1286] "N988|dum_1|104987952|104989494|+|1542"    
[1287] "N988|dum_5|163690340|163691905|+|1565"    
[1288] "_R_N988|ten_5|75805201|75806782|+|1581"   
[1289] "N988|ten_7|92018677|92020223|+|1546"      
[1290] "N988|dum_X1|98501103|98502646|+|1543"     
[1291] "N988|ten_X1|80812555|80814127|+|1572"     
[1292] "_R_N988|dum_X2|98839367|98840937|+|1570"  
[1293] "N988|ten_X2|121908430|121909981|+|1551"   
[1294] "_R_N988|dum_8|88136217|88137764|+|1547"   
[1295] "_R_N988|ten_8|81107088|81108641|+|1553"   
[1296] "_R_N988|dum_X2|113884202|113885744|+|1542"
[1297] "N988|dum_X1|17296362|17297928|+|1566"     
[1298] "N988|ten_X1|1416246|1417794|+|1548"       
[1299] "N988|dum_2|140552302|140553846|+|1544"    
[1300] "N988|ten_2|141673289|141674845|+|1556"    
[1301] "N988|ten_7|84793048|84794632|+|1584"      
[1302] "N988|dum_X1|128454912|128456169|+|1257"   
[1303] "N988|ten_X1|113236574|113237951|+|1377"   
[1304] "N988|dum_10|61864572|61866125|+|1553"     
[1305] "_R_N988|dum_10|65324545|65326097|+|1552"  
[1306] "_R_N988|ten_11|110989435|110990985|+|1550"
[1307] "_R_N988|ten_X1|112833285|112834841|+|1556"
[1308] "N988|dum_10|83742238|83743613|+|1375"     
[1309] "_R_N988|ten_10|18036419|18037979|+|1560"  
[1310] "N988|dum_2|109156585|109158125|+|1540"    
[1311] "N988|ten_2|114517384|114518914|+|1530"    
[1312] "_R_N988|dum_12|68808637|68810163|+|1526"  
[1313] "_R_N988|ten_12|75193829|75195351|+|1522"  
[1314] "_R_N988|ten_10|128908683|128910051|+|1368"
[1315] "N988|dum_1|103520472|103522024|+|1552"    
[1316] "N988|dum_1|116194853|116196406|+|1553"    
[1317] "_R_N988|dum_2|109712927|109714504|+|1577" 
[1318] "_R_N988|dum_12|121090022|121091561|+|1539"
[1319] "N988|dum_4|234121700|234123249|+|1549"    
[1320] "N988|ten_X1|209523967|209525505|+|1538"   
[1321] "_R_N988|ten_8|106938331|106939919|+|1588" 
[1322] "_R_N988|dum_2|109064077|109065609|+|1532" 
[1323] "_R_N988|ten_2|114439820|114441359|+|1539" 
[1324] "_R_N988|ten_9|123054223|123055639|+|1416" 
[1325] "_R_N988|dum_X1|83033406|83034954|+|1548"  
[1326] "_R_N988|ten_X1|65455965|65457519|+|1554"  
[1327] "_R_N988|ten_3|208727935|208729486|+|1551" 
[1328] "_R_N988|dum_X2|200044261|200045784|+|1523"
[1329] "N988|ten_X2|10840551|10842084|+|1533"     
[1330] "N988|ten_X2|10790781|10792213|+|1432"     
[1331] "N988|dum_12|70069356|70070902|+|1546"     
[1332] "N988|ten_12|76508421|76509984|+|1563"     
[1333] "_R_N988|dum_X1|250027808|250029344|+|1536"
[1334] "_R_N988|ten_X1|228682729|228684242|+|1513"
[1335] "N988|dum_1|242984845|242986354|+|1509"    
[1336] "N988|dum_5|185981470|185983057|+|1587"    
[1337] "_R_N988|ten_5|53911823|53913359|+|1536"   
[1338] "N988|dum_11|122782963|122784324|+|1361"   
[1339] "N988|dum_2|238390314|238391866|+|1552"    
[1340] "N988|ten_2|226688199|226689760|+|1561"    
[1341] "N988|ten_12|84967986|84969531|+|1545"     
[1342] "N988|ten_6|216975441|216976723|+|1282"    
[1343] "_R_N988|ten_4|43470940|43472492|+|1552"   
[1344] "_R_N988|dum_2|90323744|90325001|+|1257"   
[1345] "_R_N988|dum_2|160474213|160475487|+|1274" 
[1346] "_R_N988|ten_2|162166233|162167504|+|1271" 
[1347] "_R_N988|dum_5|137671362|137672667|+|1305" 
[1348] "_R_N988|dum_1|216181731|216183145|+|1414" 
[1349] "N988|ten_6|97557651|97559089|+|1438"      
[1350] "_R_N988|dum_7|196100166|196101514|+|1348" 
[1351] "_R_N988|dum_10|98547545|98549076|+|1531"  
[1352] "_R_N988|ten_10|92393011|92394559|+|1548"  
[1353] "_R_N988|dum_4|110104379|110105647|+|1268" 
[1354] "N988|ten_4|122399062|122400348|+|1286"    
[1355] "_R_N988|dum_4|226749639|226750994|+|1355" 
[1356] "N988|dum_5|141029574|141031083|+|1509"    
[1357] "_R_N988|ten_5|95459849|95461369|+|1520"   
[1358] "_R_N988|dum_1|113601914|113603441|+|1527" 
[1359] "_R_N988|ten_1|202478656|202480178|+|1522" 
[1360] "N988|dum_8|41562501|41563939|+|1438"      
[1361] "_R_N988|ten_8|29612030|29613469|+|1439"   
[1362] "N988|dum_4|7728601|7730161|+|1560"        
[1363] "_R_N988|ten_3|213499764|213501325|+|1561" 
[1364] "_R_N988|ten_4|224777679|224779251|+|1572" 
[1365] "_R_N988|dum_10|7074398|7075864|+|1466"    
[1366] "_R_N988|dum_6|4698543|4700009|+|1466"     
[1367] "_R_N988|dum_6|80445513|80447090|+|1577"   
[1368] "N988|dum_1|88421214|88422479|+|1265"      
[1369] "N988|ten_1|86137573|86138900|+|1327"      
[1370] "_R_N988|dum_12|116468551|116470070|+|1519"
[1371] "_R_N988|ten_12|126707507|126709008|+|1501"
[1372] "N988|dum_1|97487774|97489360|+|1586"      
[1373] "N988|ten_1|94753586|94755165|+|1579"      
[1374] "N988|ten_X2|173276432|173277867|+|1435"   
[1375] "N988|ten_5|50878422|50879727|+|1305"      
[1376] "_R_N988|dum_3|54564858|54566125|+|1267"   
[1377] "N988|ten_3|33173411|33174672|+|1261"      
[1378] "N988|dum_5|73020103|73021406|+|1303"      
[1379] "N988|ten_5|156334540|156335838|+|1298"    
[1380] "_R_N988|ten_X1|86562615|86563930|+|1315"  
[1381] "N988|dum_6|150635679|150637099|+|1420"    
[1382] "N988|ten_6|164662046|164663428|+|1382"    
[1383] "_R_N988|ten_1|105498380|105499716|+|1336" 
[1384] "_R_N988|dum_X2|10328109|10329643|+|1534"  
[1385] "_R_N988|ten_X2|8703448|8704982|+|1534"    
[1386] "N988|ten_5|129850848|129852134|+|1286"    
[1387] "N988|dum_1|134854093|134855624|+|1531"    
[1388] "N988|ten_1|138860934|138862329|+|1395"    
[1389] "_R_N988|dum_1|119109238|119110501|+|1263" 
[1390] "_R_N988|dum_12|57420862|57422147|+|1285"  
[1391] "N988|dum_12|57450944|57452233|+|1289"     
[1392] "_R_N988|ten_12|63730389|63731668|+|1279"  
[1393] "N988|dum_1|167163449|167164758|+|1309"    
[1394] "N988|ten_1|160077726|160079027|+|1301"    
[1395] "N988|dum_X1|13565302|13566591|+|1289"     
[1396] "N988|ten_X1|5319795|5321079|+|1284"       
[1397] "_R_N988|dum_5|174055412|174056684|+|1272" 
[1398] "_R_N988|ten_7|30550665|30551946|+|1281"   
[1399] "N988|ten_1|234708693|234709992|+|1299"    
[1400] "_R_N988|dum_4|87353440|87354728|+|1288"   
[1401] "_R_N988|dum_7|8337897|8339149|+|1252"     
[1402] "_R_N988|dum_2|92129087|92130400|+|1313"   
[1403] "_R_N988|ten_2|97109240|97110550|+|1310"   
[1404] "N988|dum_1|146248496|146249793|+|1297"    
[1405] "_R_N988|ten_1|151762447|151763783|+|1336" 
[1406] "_R_N988|dum_9|40953479|40954816|+|1337"   
[1407] "N988|ten_6|218445258|218446851|+|1593"    
[1408] "_R_N988|ten_6|127656838|127658377|+|1539" 
[1409] "N988|dum_6|225087863|225089397|+|1534"    
[1410] "_R_N988|ten_5|90206214|90207590|+|1376"   
[1411] "_R_N988|dum_3|122277458|122278974|+|1516" 
[1412] "_R_N988|ten_3|117287568|117289112|+|1544" 
[1413] "N988|ten_10|32196305|32197881|+|1576"     
[1414] "_R_N988|dum_7|172705827|172707375|+|1548" 
[1415] "N988|dum_4|4386533|4388072|+|1539"        
[1416] "N988|ten_12|76425092|76426631|+|1539"     
[1417] "N988|dum_8|180558929|180560482|+|1553"    
[1418] "N988|ten_8|168141957|168143494|+|1537"    
[1419] "N988|ten_11|82203703|82205220|+|1517"     
[1420] "_R_N988|ten_7|145844925|145846439|+|1514" 
[1421] "N988|ten_2|95547480|95549010|+|1530"      
[1422] "N988|dum_7|63857694|63859216|+|1522"      
[1423] "N988|ten_6|157707326|157708882|+|1556"    
[1424] "N988|ten_3|24966511|24968015|+|1504"      
[1425] "N988|dum_4|127548265|127549537|+|1272"    
[1426] "_R_N988|dum_5|170592729|170594286|+|1557" 
[1427] "N988|ten_5|69783806|69785362|+|1556"      
[1428] "_R_N988|ten_8|13324107|13325664|+|1557"   
[1429] "N988|dum_1|107471802|107473330|+|1528"    
[1430] "N988|ten_6|101524094|101525667|+|1573"    
[1431] "_R_N988|ten_X2|195586074|195587370|+|1296"
[1432] "_R_N988|dum_5|98962839|98964384|+|1545"   
[1433] "_R_N988|ten_4|114863837|114865389|+|1552" 
[1434] "_R_N988|dum_5|174120679|174122217|+|1538" 
[1435] "_R_N988|ten_7|30616135|30617669|+|1534"   
[1436] "N988|dum_3|151053116|151054661|+|1545"    
[1437] "N988|ten_X2|127246691|127248240|+|1549"   
[1438] "_R_N988|dum_1|123925350|123926890|+|1540" 
[1439] "N988|dum_11|151698627|151700175|+|1548"   
[1440] "N988|ten_11|18085514|18087078|+|1564"     
[1441] "N988|dum_11|151812013|151813565|+|1552"   
[1442] "N988|ten_11|18204348|18205836|+|1488"     
[1443] "_R_N988|dum_6|88681508|88683033|+|1525"   
[1444] "_R_N988|ten_1|22013772|22015327|+|1555"   
[1445] "N988|ten_9|122674480|122675957|+|1477"    
[1446] "_R_N988|dum_10|173902165|173903712|+|1547"
[1447] "N988|ten_4|187449471|187450946|+|1475"    
[1448] "N988|dum_X1|5103311|5104867|+|1556"       
[1449] "N988|ten_9|50936344|50937883|+|1539"      
[1450] "_R_N988|dum_1|235849226|235850775|+|1549" 
[1451] "_R_N988|ten_1|232162615|232164176|+|1561" 
[1452] "_R_N988|dum_3|18011338|18012906|+|1568"   
[1453] "_R_N988|ten_3|13527983|13529525|+|1542"   
[1454] "_R_N988|ten_4|105720433|105721950|+|1517" 
[1455] "N988|ten_1|67629719|67631251|+|1532"      
[1456] "_R_N988|dum_7|71592086|71593625|+|1539"   
[1457] "N988|ten_4|173118261|173119773|+|1512"    
[1458] "_R_N988|dum_8|42664228|42665780|+|1552"   
[1459] "_R_N988|ten_8|38544398|38545965|+|1567"   
[1460] "_R_N988|ten_4|144563114|144564665|+|1551" 
[1461] "N988|ten_X1|219743747|219745276|+|1529"   
[1462] "_R_N988|dum_2|185139824|185141109|+|1285" 
[1463] "_R_N988|ten_2|186330852|186332402|+|1550" 
[1464] "N988|dum_3|232839240|232840788|+|1548"    
[1465] "N988|ten_3|235044656|235046196|+|1540"    
[1466] "_R_N988|ten_X1|94719855|94721381|+|1526"  
[1467] "N988|dum_12|68142080|68143627|+|1547"     
[1468] "N988|ten_12|74641397|74642945|+|1548"     
[1469] "N988|ten_5|131630197|131631751|+|1554"    
[1470] "_R_N988|dum_10|125703939|125705503|+|1564"
[1471] "N988|dum_12|70065160|70066712|+|1552"     
[1472] "_R_N988|ten_6|19370441|19371988|+|1547"   
[1473] "_R_N988|dum_10|86376351|86377898|+|1547"  
[1474] "_R_N988|dum_3|49101587|49103151|+|1564"   
[1475] "_R_N988|ten_1|50215251|50216762|+|1511"   
[1476] "N988|ten_8|99456132|99457670|+|1538"      
[1477] "N988|dum_8|106296119|106297593|+|1474"    
[1478] "_R_N988|ten_10|111031273|111032738|+|1465"
[1479] "N988|dum_11|108312488|108314059|+|1571"   
[1480] "_R_N988|dum_2|35584677|35586198|+|1521"   
[1481] "_R_N988|ten_7|167138523|167140057|+|1534" 
[1482] "_R_N988|dum_1|176064243|176065762|+|1519" 
[1483] "N988|ten_6|171464990|171466510|+|1520"    
[1484] "_R_N988|dum_6|156824044|156825512|+|1468" 
[1485] "_R_N988|ten_6|185491557|185493016|+|1459" 
[1486] "N988|ten_9|100788850|100790261|+|1411"    
[1487] "_R_N988|ten_6|189522377|189523652|+|1275" 
[1488] "N988|dum_12|46625163|46626624|+|1461"     
[1489] "N988|ten_12|51546339|51547809|+|1470"     
[1490] "_R_N988|ten_5|37155205|37156406|+|1201"   
[1491] "N988|ten_10|172742782|172744334|+|1552"   
[1492] "N988|ten_10|173035692|173037248|+|1556"   
[1493] "N988|dum_10|176066330|176067900|+|1570"   
[1494] "_R_N988|dum_6|156671639|156673128|+|1489" 
[1495] "_R_N988|dum_2|201274111|201275677|+|1566" 
[1496] "_R_N988|ten_2|197077831|197079363|+|1532" 
[1497] "_R_N988|dum_2|201301126|201302619|+|1493" 
[1498] "N988|ten_5|44270709|44271911|+|1202"      
[1499] "_R_N988|dum_5|189053436|189054982|+|1546" 
[1500] "N988|ten_5|50755172|50756708|+|1536"      
[1501] "N988|dum_3|110061082|110062451|+|1369"    
[1502] "N988|ten_3|105143716|105145088|+|1372"    
[1503] "N988|dum_3|46980637|46982027|+|1390"      
[1504] "_R_N988|ten_3|40359724|40361145|+|1421"   
[1505] "N988|dum_4|126593827|126595204|+|1377"    
[1506] "N988|dum_5|200718253|200719463|+|1210"    
[1507] "N988|ten_4|24766240|24767771|+|1531"      
[1508] "_R_N988|dum_7|68210551|68211746|+|1195"   
[1509] "N988|ten_7|135522673|135523938|+|1265"    
[1510] "N988|dum_5|5404210|5405478|+|1268"        
[1511] "N988|dum_X1|187233549|187235088|+|1539"   
[1512] "_R_N988|dum_2|79000579|79001792|+|1213"   
[1513] "_R_N988|ten_2|83983796|83985003|+|1207"   
[1514] "N988|dum_6|44864853|44866383|+|1530"      
[1515] "_R_N988|ten_6|54538899|54540401|+|1502"   
[1516] "N988|dum_4|144549361|144550611|+|1250"    
[1517] "_R_N988|ten_4|89395499|89396754|+|1255"   
[1518] "_R_N988|ten_3|267361536|267362802|+|1266" 
[1519] "_R_N988|dum_1|113756427|113758031|+|1604" 
[1520] "_R_N988|ten_1|108075526|108077116|+|1590" 
[1521] "N988|ten_X2|136333255|136334864|+|1609"   
[1522] "_R_N988|dum_4|108259958|108261340|+|1382" 
[1523] "N988|ten_6|177496647|177498235|+|1588"    
[1524] "_R_N988|dum_3|66699644|66701210|+|1566"   
[1525] "N988|dum_3|49653264|49654819|+|1555"      
[1526] "_R_N988|ten_3|37686582|37688142|+|1560"   
[1527] "_R_N988|dum_6|83356931|83358504|+|1573"   
[1528] "_R_N988|dum_7|129330550|129332121|+|1571" 
[1529] "_R_N988|dum_6|83383434|83384995|+|1561"   
[1530] "_R_N988|ten_6|97807227|97808790|+|1563"   
[1531] "_R_N988|ten_6|97780707|97782299|+|1592"   
[1532] "_R_N988|dum_11|51578121|51579449|+|1328"  
[1533] "_R_N988|dum_3|242452148|242453719|+|1571" 
[1534] "_R_N988|ten_3|243860367|243861984|+|1617" 
[1535] "_R_N988|dum_4|136849020|136850652|+|1632" 
[1536] "N988|ten_11|52701294|52702773|+|1479"     
[1537] "N988|dum_11|129210768|129212240|+|1472"   
[1538] "N988|dum_7|76109224|76110803|+|1579"      
[1539] "_R_N988|ten_7|126615717|126617196|+|1479" 
[1540] "_R_N988|dum_X1|227463100|227464642|+|1542"
[1541] "_R_N988|ten_X1|204038123|204039668|+|1545"
[1542] "_R_N988|dum_2|153331939|153333500|+|1561" 
[1543] "N988|ten_2|152272586|152274144|+|1558"    
[1544] "_R_N988|dum_7|60757463|60759024|+|1561"   
[1545] "N988|ten_7|142985257|142986807|+|1550"    
[1546] "N988|dum_9|179907247|179908804|+|1557"    
[1547] "N988|ten_9|2415304|2416859|+|1555"        
[1548] "_R_N988|dum_7|84266175|84267765|+|1590"   
[1549] "N988|ten_7|117482761|117484332|+|1571"    
[1550] "_R_N988|ten_9|68921212|68922748|+|1536"   
[1551] "_R_N988|dum_3|46749743|46751303|+|1560"   
[1552] "_R_N988|ten_1|142460638|142462180|+|1542" 
[1553] "N988|ten_X2|188197489|188199072|+|1583"   
[1554] "N988|dum_3|112390889|112392323|+|1434"    
[1555] "_R_N988|dum_X1|251859117|251860686|+|1569"
[1556] "_R_N988|ten_X1|230488323|230489888|+|1565"
[1557] "_R_N988|dum_4|52528918|52530493|+|1575"   
[1558] "N988|dum_6|217530264|217531863|+|1599"    
[1559] "_R_N988|dum_4|164881864|164883438|+|1574" 
[1560] "_R_N988|ten_4|69287190|69288759|+|1569"   
[1561] "N988|ten_4|206508399|206509971|+|1572"    
[1562] "_R_N988|dum_7|86458502|86460058|+|1556"   
[1563] "N988|ten_7|115313712|115315261|+|1549"    
[1564] "_R_N988|dum_7|75986896|75988431|+|1535"   
[1565] "_R_N988|dum_X2|90831797|90833384|+|1587"  
[1566] "N988|ten_7|126760494|126762016|+|1522"    
[1567] "_R_N988|dum_1|106627027|106628583|+|1556" 
[1568] "_R_N988|ten_1|100820450|100822001|+|1551" 
[1569] "_R_N988|dum_5|150369797|150371392|+|1595" 
[1570] "N988|ten_5|89935789|89937371|+|1582"      
[1571] "_R_N988|dum_3|9777445|9778973|+|1528"     
[1572] "_R_N988|dum_6|67240212|67241793|+|1581"   
[1573] "N988|dum_7|62054988|62056569|+|1581"      
[1574] "N988|dum_1|129298581|129300175|+|1594"    
[1575] "N988|ten_1|133639714|133641307|+|1593"    
[1576] "N988|dum_X2|129707175|129708781|+|1606"   
[1577] "N988|ten_X2|93477055|93478538|+|1483"     
[1578] "_R_N988|dum_3|173348575|173350112|+|1537" 
[1579] "_R_N988|ten_6|77281945|77283561|+|1616"   
[1580] "N988|ten_6|137784168|137785783|+|1615"    
[1581] "N988|dum_10|159696593|159698175|+|1582"   
[1582] "_R_N988|dum_X1|224850590|224852106|+|1516"
[1583] "_R_N988|ten_X1|201460493|201461988|+|1495"
[1584] "N988|dum_7|62376717|62378282|+|1565"      
[1585] "N988|ten_7|144405066|144406618|+|1552"    
[1586] "N988|dum_4|110526253|110527823|+|1570"    
[1587] "_R_N988|ten_1|193035189|193036394|+|1205" 
[1588] "_R_N988|dum_4|29164796|29166353|+|1557"   
[1589] "N988|ten_4|202646775|202648344|+|1569"    
[1590] "N988|ten_9|89560494|89561766|+|1272"      
[1591] "N988|ten_X2|40203950|40205506|+|1556"     
[1592] "_R_N988|dum_2|228314170|228315691|+|1521" 
[1593] "_R_N988|ten_2|216824998|216826524|+|1526" 
[1594] "_R_N988|dum_7|202330204|202331741|+|1537" 
[1595] "_R_N988|ten_7|12630542|12632113|+|1571"   
[1596] "N988|dum_1|263904151|263905699|+|1548"    
[1597] "_R_N988|dum_X1|186281462|186282986|+|1524"
[1598] "N988|dum_10|109938026|109939565|+|1539"   
[1599] "N988|ten_10|99272286|99273843|+|1557"     
[1600] "_R_N988|dum_2|168162338|168163862|+|1524" 
[1601] "_R_N988|ten_2|170325306|170326824|+|1518" 
[1602] "N988|ten_7|109164880|109166447|+|1567"    
[1603] "N988|dum_4|136529049|136530395|+|1346"    
[1604] "_R_N988|ten_4|97733589|97735131|+|1542"   
[1605] "_R_N988|dum_10|159619575|159621127|+|1552"
[1606] "N988|dum_2|19306687|19308269|+|1582"      
[1607] "_R_N988|dum_X2|200416966|200418518|+|1552"
[1608] "N988|dum_X2|204100427|204101992|+|1565"   
[1609] "N988|dum_7|21450379|21451938|+|1559"      
[1610] "N988|dum_3|184361429|184362996|+|1567"    
[1611] "N988|ten_3|176843126|176844678|+|1552"    
[1612] "_R_N988|dum_1|8890294|8891833|+|1539"     
[1613] "_R_N988|ten_1|7317054|7318601|+|1547"     
[1614] "N988|ten_2|80312566|80313972|+|1406"      
[1615] "N988|ten_2|20625418|20626974|+|1556"      
[1616] "N988|ten_2|21288678|21290252|+|1574"      
[1617] "N988|dum_2|16173830|16175384|+|1554"      
[1618] "_R_N988|dum_9|142947525|142949027|+|1502" 
[1619] "_R_N988|dum_X2|663701|665249|+|1548"      
[1620] "_R_N988|dum_X2|696206|697754|+|1548"      
[1621] "_R_N988|dum_X2|668318|669866|+|1548"      
[1622] "_R_N988|dum_X2|672957|674525|+|1568"      
[1623] "_R_N988|dum_X2|691544|693115|+|1571"      
[1624] "_R_N988|dum_X2|682256|683812|+|1556"      
[1625] "_R_N988|dum_X2|677616|679167|+|1551"      
[1626] "_R_N988|dum_X2|686903|688455|+|1552"      
[1627] "_R_N988|dum_X2|626584|628141|+|1557"      
[1628] "_R_N988|dum_X2|649796|651337|+|1541"      
[1629] "_R_N988|dum_X2|645175|646727|+|1552"      
[1630] "_R_N988|dum_X2|659080|660632|+|1552"      
[1631] "_R_N988|dum_X2|610929|612480|+|1551"      
[1632] "_R_N988|dum_X2|640524|642083|+|1559"      
[1633] "_R_N988|dum_X2|654428|655988|+|1560"      
[1634] "_R_N988|dum_X2|631233|632787|+|1554"      
[1635] "_R_N988|dum_X2|635879|637433|+|1554"      
[1636] "_R_N988|dum_X2|621955|623515|+|1560"      
[1637] "_R_N988|dum_X2|617328|618884|+|1556"      
[1638] "N988|dum_X2|42785964|42787508|+|1544"     
[1639] "N988|ten_11|104495867|104497429|+|1562"   
[1640] "_R_N988|ten_11|104573481|104575043|+|1562"
[1641] "N988|ten_11|104488519|104490071|+|1552"   
[1642] "N988|ten_11|104510509|104512058|+|1549"   
[1643] "N988|ten_11|104516826|104518375|+|1549"   
[1644] "N988|ten_11|104535755|104537303|+|1548"   
[1645] "N988|ten_11|104523144|104524695|+|1551"   
[1646] "N988|ten_11|104529441|104530988|+|1547"   
[1647] "_R_N988|ten_11|104558878|104560429|+|1551"
[1648] "N988|ten_11|104504189|104505743|+|1554"   
[1649] "_R_N988|ten_11|104565197|104566746|+|1549"
[1650] "N988|dum_X2|790418|791971|+|1553"         
[1651] "N988|dum_X2|42420059|42421615|+|1556"     
[1652] "N988|dum_X2|777775|779326|+|1551"         
[1653] "N988|dum_X2|784095|785649|+|1554"         
[1654] "N988|dum_X2|42426383|42427936|+|1553"     
[1655] "N988|dum_X2|42413735|42415290|+|1555"     
[1656] "N988|ten_3|55293642|55295218|+|1576"      
[1657] "N988|ten_2|124369566|124371101|+|1535"    
[1658] "_R_N988|dum_6|107106186|107107751|+|1565" 
[1659] "_R_N988|ten_6|121522044|121523583|+|1539" 
[1660] "N988|dum_5|16881873|16883444|+|1571"      
[1661] "_R_N988|dum_9|11639647|11641242|+|1595"   
[1662] "N988|dum_2|119761498|119762866|+|1368"    
[1663] "_R_N988|ten_1|56173618|56174818|+|1200"   
[1664] "_R_N988|ten_12|13815669|13817278|+|1609"  
[1665] "N988|ten_X1|47857786|47858998|+|1212"     
[1666] "N988|ten_4|144412321|144413887|+|1566"    
[1667] "N988|dum_X1|62014697|62015899|+|1202"     
[1668] "_R_N988|dum_2|77825152|77826623|+|1471"   
[1669] "_R_N988|ten_2|82364097|82365575|+|1478"   
[1670] "N988|ten_11|76461764|76463360|+|1596"     
[1671] "_R_N988|dum_4|87365150|87366356|+|1206"   
[1672] "_R_N988|dum_10|125175732|125177273|+|1541"
[1673] "N988|dum_10|129987530|129989075|+|1545"   
[1674] "_R_N988|dum_12|83917666|83919224|+|1558"  
[1675] "_R_N988|dum_10|87151567|87153108|+|1541"  
[1676] "_R_N988|ten_2|201585311|201586888|+|1577" 
[1677] "_R_N988|ten_3|87142741|87144298|+|1557"   
[1678] "_R_N988|dum_8|132480661|132482205|+|1544" 
[1679] "_R_N988|ten_8|122667594|122669154|+|1560" 
[1680] "_R_N988|dum_1|287566864|287568420|+|1556" 
[1681] "_R_N988|ten_1|284480594|284482140|+|1546" 
[1682] "N988|ten_1|97154034|97155254|+|1220"      
[1683] "N988|ten_1|97155464|97157025|+|1561"      
[1684] "_R_N988|dum_X2|95159369|95160935|+|1566"  
[1685] "N988|ten_X2|125185110|125186685|+|1575"   
[1686] "_R_N988|dum_1|216714172|216715732|+|1560" 
[1687] "_R_N988|ten_1|213442113|213443653|+|1540" 
[1688] "N988|ten_3|211504449|211505964|+|1515"    
[1689] "_R_N988|dum_4|4291187|4292696|+|1509"     
[1690] "N988|ten_12|114372982|114374555|+|1573"   
[1691] "_R_N988|ten_12|117119160|117120731|+|1571"
[1692] "N988|ten_12|68579747|68581322|+|1575"     
[1693] "_R_N988|dum_2|36170634|36172183|+|1549"   
[1694] "N988|dum_5|143736202|143737771|+|1569"    
[1695] "N988|dum_12|108174885|108176453|+|1568"   
[1696] "_R_N988|dum_10|157632392|157633953|+|1561"
[1697] "N988|ten_10|130288713|130290276|+|1563"   
[1698] "_R_N988|dum_2|36205803|36207352|+|1549"   
[1699] "N988|dum_10|157630329|157631894|+|1565"   
[1700] "_R_N988|dum_10|99885839|99887358|+|1519"  
[1701] "N988|dum_4|154957223|154958779|+|1556"    
[1702] "_R_N988|ten_4|78476916|78478458|+|1542"   
[1703] "_R_N988|dum_2|260408255|260409809|+|1554" 
[1704] "_R_N988|ten_10|130290842|130292129|+|1287"
[1705] "N988|dum_X1|13310984|13312523|+|1539"     
[1706] "_R_N988|ten_X1|5810616|5812180|+|1564"    
[1707] "_R_N988|ten_9|65327342|65328915|+|1573"   
[1708] "_R_N988|dum_2|201649426|201650979|+|1553" 
[1709] "_R_N988|ten_2|197464920|197466469|+|1549" 
[1710] "_R_N988|dum_X1|221467685|221469234|+|1549"
[1711] "_R_N988|ten_X1|198007948|198009500|+|1552"
[1712] "N988|dum_8|91178638|91180169|+|1531"      
[1713] "N988|ten_8|84433651|84435176|+|1525"      
[1714] "_R_N988|dum_2|5626615|5628171|+|1556"     
[1715] "_R_N988|ten_2|7453972|7455516|+|1544"     
[1716] "_R_N988|ten_3|105276621|105278184|+|1563" 
[1717] "_R_N988|ten_5|111535273|111536836|+|1563" 
[1718] "_R_N988|dum_3|110188057|110189618|+|1561" 
[1719] "_R_N988|dum_3|274065476|274067030|+|1554" 
[1720] "_R_N988|dum_X1|135880718|135882291|+|1573"
[1721] "_R_N988|ten_7|141790636|141792233|+|1597" 
[1722] "_R_N988|dum_7|27337123|27338681|+|1558"   
[1723] "N988|dum_8|93895022|93896589|+|1567"      
[1724] "_R_N988|ten_X1|120738951|120740535|+|1584"
[1725] "_R_N988|dum_2|241365680|241367286|+|1606" 
[1726] "N988|ten_8|149935796|149937348|+|1552"    
[1727] "N988|ten_8|150051881|150053413|+|1532"    
[1728] "N988|dum_8|161453402|161454948|+|1546"    
[1729] "_R_N988|dum_4|208970793|208972298|+|1505" 
[1730] "N988|ten_4|32029661|32031156|+|1495"      
[1731] "_R_N988|dum_7|135875085|135876658|+|1573" 
[1732] "N988|ten_7|65954497|65956071|+|1574"      
[1733] "_R_N988|dum_10|115507902|115509454|+|1552"
[1734] "_R_N988|ten_10|105105999|105107542|+|1543"
[1735] "_R_N988|dum_4|222825808|222827358|+|1550" 
[1736] "N988|ten_4|18020841|18022396|+|1555"      
[1737] "N988|ten_4|149012730|149014295|+|1565"    
[1738] "_R_N988|dum_8|39896344|39897897|+|1553"   
[1739] "N988|dum_6|150725437|150726736|+|1299"    
[1740] "_R_N988|dum_3|91276022|91277267|+|1245"   
[1741] "N988|dum_3|25420121|25421707|+|1586"      
[1742] "N988|ten_3|21463328|21464907|+|1579"      
[1743] "N988|dum_5|38555147|38556713|+|1566"      
[1744] "_R_N988|ten_5|186647027|186648525|+|1498" 
[1745] "N988|dum_2|243122725|243124313|+|1588"    
[1746] "N988|dum_6|39976477|39978039|+|1562"      
[1747] "_R_N988|dum_5|223282408|223283981|+|1573" 
[1748] "_R_N988|dum_6|185075404|185076834|+|1430" 
[1749] "_R_N988|ten_6|194715823|194717402|+|1579" 
[1750] "N988|dum_4|12983582|12984835|+|1253"      
[1751] "_R_N988|ten_8|113792969|113794377|+|1408" 
[1752] "_R_N988|dum_7|121596403|121597880|+|1477" 
[1753] "_R_N988|dum_X1|177340622|177342149|+|1527"
[1754] "N988|ten_X1|155068575|155070124|+|1549"   
[1755] "_R_N988|dum_X1|177343132|177344426|+|1294"
[1756] "N988|dum_10|62510345|62511895|+|1550"     
[1757] "N988|dum_X1|110831629|110832864|+|1235"   
[1758] "_R_N988|dum_X1|156113013|156114379|+|1366"
[1759] "N988|ten_8|68067326|68068837|+|1511"      
[1760] "N988|dum_4|93700705|93701968|+|1263"      
[1761] "_R_N988|ten_4|137908141|137909405|+|1264" 
[1762] "_R_N988|dum_9|150654105|150655317|+|1212" 
[1763] "N988|dum_7|97727537|97728861|+|1324"      
[1764] "N988|ten_X1|145289098|145290435|+|1337"   
[1765] "_R_N988|ten_7|107413258|107414588|+|1330" 
[1766] "_R_N988|ten_7|127842603|127843942|+|1339" 
[1767] "N988|dum_7|42686877|42688183|+|1306"      
[1768] "_R_N988|dum_7|43096424|43097769|+|1345"   
[1769] "N988|ten_6|164726449|164727824|+|1375"    
[1770] "N988|dum_11|38742378|38743585|+|1207"     
[1771] "_R_N988|bic_X1|75383959|75385336|+|1377"  
[1772] "_R_N988|dum_X2|36892725|36893993|+|1268"  
[1773] "N988|ten_X2|181102521|181103805|+|1284"   
[1774] "_R_N988|dum_2|160071070|160072617|+|1547" 
[1775] "_R_N988|ten_2|161732550|161734081|+|1531" 
[1776] "N988|dum_1|294219512|294221117|+|1605"    
[1777] "N988|dum_1|294473581|294475185|+|1604"    
[1778] "N988|bic_11|55302079|55303672|+|1593"     
[1779] "N988|dum_X2|90901587|90903149|+|1562"     
[1780] "N988|ten_X2|130076713|130078022|+|1309"   
[1781] "_R_N988|bic_X1|101877473|101879049|+|1576"
[1782] "_R_N988|bic_8|183439375|183441017|+|1642" 
[1783] "N988|bic_1|149420924|149422476|+|1552"    
[1784] "N988|sar_1|166559769|166561327|+|1558"    
[1785] "_R_N988|dum_6|173393017|173394587|+|1570" 
[1786] "_R_N988|ten_6|183076191|183077748|+|1557" 
[1787] "N988|ten_5|126312311|126313865|+|1554"    
[1788] "_R_N988|dum_5|189060481|189062112|+|1631" 
[1789] "N988|ten_5|50743527|50744914|+|1387"      
[1790] "_R_N988|dum_6|58623088|58624413|+|1325"   
[1791] "_R_N988|ten_6|68656440|68657755|+|1315"   
[1792] "_R_N988|dum_4|69700051|69701612|+|1561"   
[1793] "N988|ten_4|160653656|160655148|+|1492"    
[1794] "N988|dum_8|105579125|105580705|+|1580"    
[1795] "N988|ten_8|98778467|98780042|+|1575"      
[1796] "_R_N988|ten_8|135351034|135352631|+|1597" 
[1797] "N988|dum_5|105010195|105011814|+|1619"    
[1798] "_R_N988|ten_5|127658416|127660010|+|1594" 
[1799] "_R_N988|dum_5|209618748|209620344|+|1596" 
[1800] "_R_N988|ten_5|30083685|30085241|+|1556"   
[1801] "N988|dum_8|115966587|115968043|+|1456"    
[1802] "N988|ten_8|108000880|108002460|+|1580"    
[1803] "_R_N988|dum_1|76756088|76757589|+|1501"   
[1804] "_R_N988|ten_1|74784668|74786017|+|1349"   
[1805] "_R_N988|bic_5|151342656|151344055|+|1399" 
[1806] "_R_N988|sar_5|40775994|40777358|+|1364"   
[1807] "_R_N988|bic_X2|153395872|153397455|+|1583"
[1808] "N988|sar_X2|126175292|126176860|+|1568"   
[1809] "_R_N988|dum_X2|78656486|78657986|+|1500"  
[1810] "N988|ten_X2|142100192|142101671|+|1479"   
[1811] "N988|dum_5|207570704|207571955|+|1251"    
[1812] "_R_N988|ten_5|31920114|31921685|+|1571"   
[1813] "_R_N988|dum_1|157868948|157870207|+|1259" 
[1814] "N988|ten_1|120607237|120608496|+|1259"    
[1815] "_R_N988|dum_X1|189755366|189756864|+|1498"
[1816] "N988|ten_X2|128566268|128567867|+|1599"   
[1817] "N988|dum_10|117191554|117192891|+|1337"   
[1818] "N988|ten_10|106659369|106660713|+|1344"   
[1819] "_R_N988|bic_X2|61674975|61676526|+|1551"  
[1820] "_R_N988|dum_2|38295171|38296666|+|1495"   
[1821] "_R_N988|ten_2|43342574|43344116|+|1542"   
[1822] "N988|ten_1|181655529|181657072|+|1543"    
[1823] "N988|ten_1|181669602|181671138|+|1536"    
[1824] "N988|ten_1|181679845|181681373|+|1528"    
[1825] "N988|dum_1|185476752|185478280|+|1528"    
[1826] "_R_N988|dum_X2|72019945|72021173|+|1228"  
[1827] "N988|ten_X2|148447678|148448945|+|1267"   
[1828] "_R_N988|dum_X2|128345560|128347120|+|1560"
[1829] "_R_N988|ten_X2|92083304|92084877|+|1573"  
[1830] "N988|bic_X2|16184701|16185953|+|1252"     
[1831] "N988|sar_X2|16242560|16243816|+|1256"     
[1832] "N988|dum_4|89259443|89260965|+|1522"      
[1833] "_R_N988|ten_4|142286289|142287805|+|1516" 
[1834] "_R_N988|bic_8|24382887|24384384|+|1497"   
[1835] "N988|sar_8|212426925|212428511|+|1586"    
[1836] "N988|bic_X1|180821355|180822787|+|1432"   
[1837] "N988|dum_5|71458035|71459639|+|1604"      
[1838] "_R_N988|ten_5|158816094|158817682|+|1588" 
[1839] "N988|dum_3|212386968|212388511|+|1543"    
[1840] "N988|ten_3|206254492|206256043|+|1551"    
[1841] "_R_N988|dum_4|154254666|154255915|+|1249" 
[1842] "_R_N988|bic_X2|42699614|42701219|+|1605"  
[1843] "_R_N988|sar_X2|58300284|58301884|+|1600"  
[1844] "_R_N988|bic_X2|61744821|61746338|+|1517"  
[1845] "_R_N988|sar_X2|81988503|81990018|+|1515"  
[1846] "_R_N988|dum_X1|173136229|173137815|+|1586"
[1847] "N988|ten_5|28671182|28672749|+|1567"      
[1848] "_R_N988|dum_X1|185041623|185043170|+|1547"
[1849] "_R_N988|ten_X1|162791786|162793236|+|1450"
[1850] "_R_N988|dum_3|211736918|211738337|+|1419" 
[1851] "_R_N988|ten_3|204186349|204187741|+|1392" 
[1852] "_R_N988|bic_5|129887816|129889116|+|1300" 
[1853] "_R_N988|sar_5|122023515|122024821|+|1306" 
[1854] "_R_N988|bic_X2|66166292|66167895|+|1603"  
[1855] "_R_N988|bic_3|105080536|105082146|+|1610" 
[1856] "_R_N988|sar_3|122595462|122597074|+|1612" 
[1857] "_R_N988|bic_8|85592945|85594528|+|1583"   
[1858] "N988|sar_8|144986609|144988187|+|1578"    
[1859] "_R_N988|bic_9|132452925|132454489|+|1564" 
[1860] "_R_N988|sar_9|31416549|31418127|+|1578"   
[1861] "N988|sar_6|87478587|87480124|+|1537"      
[1862] "_R_N988|sar_6|87756617|87758154|+|1537"   
[1863] "_R_N988|bic_6|85029987|85031534|+|1547"   
[1864] "N988|dum_12|57275390|57276785|+|1395"     
[1865] "N988|ten_12|63402050|63403423|+|1373"     
[1866] "_R_N988|dum_5|139740899|139742387|+|1488" 
[1867] "N988|ten_5|96563644|96564890|+|1246"      
[1868] "_R_N988|bic_12|56895177|56896773|+|1596"  
[1869] "N988|sar_12|129625750|129627307|+|1557"   
[1870] "N988|bic_9|188219748|188221031|+|1283"    
[1871] "N988|sar_8|244912540|244913808|+|1268"    
[1872] "N988|bic_X1|216338430|216340002|+|1572"   
[1873] "N988|sar_X1|222834469|222835961|+|1492"   
[1874] "N988|bic_13|94569543|94570947|+|1404"     
[1875] "_R_N988|sar_13|89257611|89259000|+|1389"  
[1876] "N988|bic_4|60420456|60421798|+|1342"      
[1877] "N988|sar_4|163496087|163497482|+|1395"    
[1878] "_R_N988|bic_1|135971253|135972469|+|1216" 
[1879] "_R_N988|sar_1|150674646|150675863|+|1217" 
[1880] "N988|bic_X2|62862888|62864309|+|1421"     
[1881] "N988|sar_X2|82940729|82942126|+|1397"     
[1882] "_R_N988|bic_8|184088231|184089615|+|1384" 
[1883] "N988|sar_4|88988112|88989489|+|1377"      
[1884] "_R_N988|bic_2|70304962|70306322|+|1360"   
[1885] "N988|sar_4|80990020|80991334|+|1314"      
[1886] "N988|sar_1|79884976|79886214|+|1238"      
[1887] "N988|bic_1|69681716|69683043|+|1327"      
