jobinfo 30048797
getting scaled timeline
  [1] "N6540|dum_X1|136116043|136118019|+|1976"   
  [2] "N6540|ten_X1|120985994|120987787|+|1793"   
  [3] "N6540|ten_X2|105736448|105738393|+|1945"   
  [4] "_R_N6540|dum_X2|109436263|109438227|+|1964"
  [5] "N6540|ten_X2|112467309|112469274|+|1965"   
  [6] "_R_N6540|ten_6|114977037|114979014|+|1977" 
  [7] "N6540|ten_2|148765603|148767581|+|1978"    
  [8] "N6540|dum_3|126828352|126830297|+|1945"    
  [9] "N6540|dum_8|14177448|14179436|+|1988"      
 [10] "N6540|dum_4|46260774|46262745|+|1971"      
 [11] "_R_N6540|ten_6|206987744|206989727|+|1983" 
 [12] "_R_N6540|dum_2|181712798|181714770|+|1972" 
 [13] "_R_N6540|dum_3|188366563|188368227|+|1664" 
 [14] "N6540|dum_X2|169748225|169750202|+|1977"   
 [15] "_R_N6540|dum_2|72100525|72102517|+|1992"   
 [16] "_R_N6540|dum_X2|168302856|168304833|+|1977"
 [17] "_R_N6540|ten_X2|46875237|46877109|+|1872"  
 [18] "N6540|dum_X1|160586077|160588041|+|1964"   
 [19] "N6540|ten_X1|141252308|141254283|+|1975"   
 [20] "_R_N6540|ten_3|70061366|70063012|+|1646"   
 [21] "N6540|dum_4|57818041|57820042|+|2001"      
 [22] "_R_N6540|ten_4|172530457|172532439|+|1982" 
 [23] "N6540|ten_4|172563698|172565675|+|1977"    
 [24] "_R_N6540|dum_5|171610941|171612930|+|1989" 
 [25] "N6540|ten_5|68466636|68468613|+|1977"      
 [26] "_R_N6540|ten_X2|133077835|133079805|+|1970"
 [27] "N6540|dum_2|176276987|176278696|+|1709"    
 [28] "N6540|ten_2|178517918|178519886|+|1968"    
 [29] "_R_N6540|dum_X1|229628212|229630195|+|1983"
 [30] "_R_N6540|dum_X1|229734756|229736739|+|1983"
 [31] "_R_N6540|dum_X1|229640721|229642704|+|1983"
 [32] "_R_N6540|dum_X1|229637601|229639585|+|1984"
 [33] "_R_N6540|dum_X1|229560385|229562369|+|1984"
 [34] "_R_N6540|dum_X1|229566275|229568259|+|1984"
 [35] "_R_N6540|dum_X1|229554495|229556480|+|1985"
 [36] "_R_N6540|dum_X1|229572165|229574148|+|1983"
 [37] "_R_N6540|dum_X1|229578054|229580045|+|1991"
 [38] "_R_N6540|dum_X1|229646988|229648971|+|1983"
 [39] "_R_N6540|dum_X1|229687750|229689733|+|1983"
 [40] "_R_N6540|dum_X1|229703425|229705408|+|1983"
 [41] "_R_N6540|dum_X1|229653262|229655245|+|1983"
 [42] "_R_N6540|dum_X1|229656399|229658382|+|1983"
 [43] "_R_N6540|dum_X1|229650125|229652108|+|1983"
 [44] "_R_N6540|dum_X1|229700294|229702277|+|1983"
 [45] "_R_N6540|dum_X1|229690887|229692870|+|1983"
 [46] "_R_N6540|dum_X1|229659536|229661519|+|1983"
 [47] "_R_N6540|dum_X1|229672076|229674059|+|1983"
 [48] "_R_N6540|dum_X1|229681479|229683462|+|1983"
 [49] "_R_N6540|dum_X1|229662673|229664656|+|1983"
 [50] "_R_N6540|dum_X1|229590604|229592587|+|1983"
 [51] "_R_N6540|dum_X1|229596876|229598859|+|1983"
 [52] "_R_N6540|dum_X1|229615692|229617671|+|1979"
 [53] "_R_N6540|dum_X1|229631349|229633328|+|1979"
 [54] "_R_N6540|dum_X1|229600013|229601996|+|1983"
 [55] "_R_N6540|dum_X1|229587466|229589450|+|1984"
 [56] "_R_N6540|dum_X1|229581199|229583182|+|1983"
 [57] "_R_N6540|dum_X1|229593740|229595723|+|1983"
 [58] "_R_N6540|dum_X1|229584332|229586315|+|1983"
 [59] "_R_N6540|dum_X1|229634480|229636463|+|1983"
 [60] "_R_N6540|dum_X1|229668941|229670924|+|1983"
 [61] "_R_N6540|dum_X1|229678344|229680327|+|1983"
 [62] "_R_N6540|dum_X1|229665807|229667790|+|1983"
 [63] "_R_N6540|dum_X1|229706559|229708534|+|1975"
 [64] "_R_N6540|dum_X1|229709688|229711663|+|1975"
 [65] "_R_N6540|dum_X1|229712817|229714792|+|1975"
 [66] "_R_N6540|dum_X1|229603155|229605138|+|1983"
 [67] "_R_N6540|dum_X1|229606289|229608272|+|1983"
 [68] "_R_N6540|dum_X1|229618825|229620808|+|1983"
 [69] "_R_N6540|dum_X1|229612555|229614538|+|1983"
 [70] "_R_N6540|dum_X1|229625090|229627073|+|1983"
 [71] "_R_N6540|dum_X1|229609423|229611406|+|1983"
 [72] "_R_N6540|dum_X1|229621957|229623940|+|1983"
 [73] "_R_N6540|dum_X1|229725365|229727348|+|1983"
 [74] "_R_N6540|dum_X1|229728502|229730485|+|1983"
 [75] "_R_N6540|dum_X1|229694024|229696007|+|1983"
 [76] "_R_N6540|dum_X1|229697161|229699144|+|1983"
 [77] "_R_N6540|dum_X1|229731637|229733620|+|1983"
 [78] "_R_N6540|dum_X1|229750460|229752443|+|1983"
 [79] "_R_N6540|dum_X1|229737893|229739876|+|1983"
 [80] "_R_N6540|dum_X1|229675210|229677193|+|1983"
 [81] "_R_N6540|dum_X1|229684613|229686596|+|1983"
 [82] "_R_N6540|dum_X1|229643855|229645834|+|1979"
 [83] "_R_N6540|dum_X1|229744175|229746166|+|1991"
 [84] "_R_N6540|dum_X1|229741030|229743021|+|1991"
 [85] "_R_N6540|dum_X1|229719083|229721074|+|1991"
 [86] "_R_N6540|dum_X1|229747320|229749306|+|1986"
 [87] "_R_N6540|dum_X1|229722228|229724211|+|1983"
 [88] "_R_N6540|dum_X1|229759873|229761856|+|1983"
 [89] "_R_N6540|dum_X1|229756733|229758720|+|1987"
 [90] "_R_N6540|dum_X1|229753597|229755580|+|1983"
 [91] "_R_N6540|dum_X1|229715952|229717929|+|1977"
 [92] "_R_N6540|dum_1|271652795|271654773|+|1978" 
 [93] "N6540|dum_9|44643409|44645173|+|1764"      
 [94] "N6540|ten_9|131539821|131541801|+|1980"    
 [95] "_R_N6540|dum_1|23803744|23805723|+|1979"   
 [96] "N6540|dum_1|217663517|217665505|+|1988"    
 [97] "N6540|ten_1|214376948|214378925|+|1977"    
 [98] "_R_N6540|dum_2|61338736|61340705|+|1969"   
 [99] "_R_N6540|ten_2|64856577|64858559|+|1982"   
[100] "N6540|dum_12|109768004|109769974|+|1970"   
[101] "N6540|ten_12|117425713|117427682|+|1969"   
[102] "N6540|dum_3|199121695|199123426|+|1731"    
[103] "N6540|ten_3|191582878|191584606|+|1728"    
[104] "_R_N6540|dum_10|108801048|108803001|+|1953"
[105] "_R_N6540|ten_5|96033399|96035368|+|1969"   
[106] "N6540|ten_1|211024127|211026104|+|1977"    
[107] "N6540|dum_1|214288132|214290111|+|1979"    
[108] "N6540|dum_12|56712850|56714824|+|1974"     
[109] "N6540|ten_12|62861259|62863236|+|1977"     
[110] "N6540|dum_4|38301253|38303231|+|1978"      
[111] "N6540|dum_1|265047343|265049298|+|1955"    
[112] "N6540|ten_1|259568594|259570571|+|1977"    
[113] "_R_N6540|dum_1|175279508|175281489|+|1981" 
[114] "_R_N6540|ten_1|168900346|168902302|+|1956" 
[115] "N6540|dum_7|104969425|104971389|+|1964"    
[116] "_R_N6540|ten_8|30638162|30640138|+|1976"   
[117] "N6540|ten_X1|137713862|137715835|+|1973"   
[118] "_R_N6540|ten_X1|122687541|122689519|+|1978"
[119] "N6540|dum_5|155844923|155846900|+|1977"    
[120] "_R_N6540|dum_8|157075241|157077220|+|1979" 
[121] "N6540|dum_9|26779265|26781240|+|1975"      
[122] "N6540|dum_8|51492459|51494438|+|1979"      
[123] "_R_N6540|dum_3|82740142|82742108|+|1966"   
[124] "_R_N6540|dum_3|82843472|82845439|+|1967"   
[125] "_R_N6540|dum_2|134334101|134336078|+|1977" 
[126] "_R_N6540|dum_2|222002332|222004306|+|1974" 
[127] "_R_N6540|ten_2|212677538|212679513|+|1975" 
[128] "N6540|ten_X2|156010437|156012416|+|1979"   
[129] "N6540|dum_9|72191033|72193010|+|1977"      
[130] "N6540|dum_1|207579988|207581962|+|1974"    
[131] "_R_N6540|dum_1|208511226|208513204|+|1978" 
[132] "N6540|dum_11|132307417|132309381|+|1964"   
[133] "_R_N6540|ten_2|222506964|222508721|+|1757" 
[134] "N6540|dum_1|232600173|232602150|+|1977"    
[135] "N6540|dum_7|139390271|139392242|+|1971"    
[136] "N6540|dum_3|141379058|141381036|+|1978"    
[137] "N6540|dum_3|185685240|185687209|+|1969"    
[138] "N6540|ten_4|39822331|39824304|+|1973"      
[139] "N6540|dum_12|28494099|28496079|+|1980"     
[140] "_R_N6540|dum_8|129730494|129732473|+|1979" 
[141] "_R_N6540|dum_1|115609427|115611406|+|1979" 
[142] "N6540|dum_2|19199545|19201523|+|1978"      
[143] "N6540|dum_8|33201615|33203592|+|1977"      
[144] "_R_N6540|ten_3|113465792|113467771|+|1979" 
[145] "N6540|ten_11|81766588|81768567|+|1979"     
[146] "_R_N6540|dum_3|274544384|274546363|+|1979" 
[147] "N6540|dum_5|30313248|30315226|+|1978"      
[148] "_R_N6540|dum_X1|51844440|51846435|+|1995"  
[149] "_R_N6540|ten_2|243229353|243231333|+|1980" 
[150] "N6540|dum_6|52750671|52752649|+|1978"      
[151] "N6540|dum_11|110638201|110640181|+|1980"   
[152] "N6540|dum_1|119196162|119198142|+|1980"    
[153] "N6540|dum_X2|87338354|87340334|+|1980"     
[154] "_R_N6540|ten_X2|133345414|133347394|+|1980"
[155] "_R_N6540|dum_1|227260549|227262528|+|1979" 
[156] "N6540|dum_1|163766363|163768339|+|1976"    
[157] "_R_N6540|ten_1|177626071|177628052|+|1981" 
[158] "N6540|ten_12|93739212|93741192|+|1980"     
[159] "N6540|dum_10|158897170|158899141|+|1971"   
[160] "N6540|ten_12|94792032|94793984|+|1952"     
[161] "_R_N6540|dum_2|124679383|124681363|+|1980" 
[162] "N6540|ten_5|102746281|102748283|+|2002"    
[163] "N6540|ten_3|198493909|198495887|+|1978"    
[164] "N6540|dum_1|186130700|186132545|+|1845"    
[165] "_R_N6540|dum_5|115453574|115455547|+|1973" 
[166] "_R_N6540|dum_5|155264155|155266106|+|1951" 
[167] "_R_N6540|dum_X1|249436024|249438000|+|1976"
[168] "N6540|dum_2|88572742|88574720|+|1978"      
[169] "N6540|ten_7|173068495|173070483|+|1988"    
[170] "_R_N6540|ten_4|133467430|133469407|+|1977" 
[171] "N6540|ten_4|166329865|166331846|+|1981"    
[172] "N6540|ten_2|147354995|147356976|+|1981"    
[173] "N6540|ten_8|162145818|162147799|+|1981"    
[174] "N6540|ten_7|59618167|59620149|+|1982"      
[175] "N6540|ten_X1|108415726|108417704|+|1978"   
[176] "N6540|ten_3|65550928|65552909|+|1981"      
[177] "N6540|ten_8|138726610|138728591|+|1981"    
[178] "N6540|ten_10|160916289|160918270|+|1981"   
[179] "_R_N6540|ten_4|16607857|16609835|+|1978"   
[180] "N6540|ten_2|176211819|176213800|+|1981"    
[181] "N6540|ten_7|114002834|114004813|+|1979"    
[182] "N6540|ten_11|62941921|62943900|+|1979"     
[183] "N6540|ten_10|86953625|86955606|+|1981"     
[184] "_R_N6540|ten_6|124273327|124275308|+|1981" 
[185] "N6540|ten_4|16741873|16743855|+|1982"      
[186] "N6540|ten_4|32145317|32147298|+|1981"      
[187] "N6540|ten_8|102305170|102307151|+|1981"    
[188] "N6540|ten_8|165173328|165175309|+|1981"    
[189] "_R_N6540|ten_8|38310490|38312471|+|1981"   
[190] "_R_N6540|ten_8|70266353|70268335|+|1982"   
[191] "_R_N6540|ten_3|65257262|65259243|+|1981"   
[192] "_R_N6540|ten_12|43397863|43399844|+|1981"  
[193] "_R_N6540|ten_4|155079654|155081635|+|1981" 
[194] "N6540|ten_X2|35408074|35410055|+|1981"     
[195] "_R_N6540|ten_5|73773358|73775339|+|1981"   
[196] "N6540|ten_4|83558248|83560228|+|1980"      
[197] "_R_N6540|ten_X2|127274584|127276563|+|1979"
[198] "_R_N6540|dum_5|227210567|227212541|+|1974" 
[199] "_R_N6540|dum_X1|102543560|102545539|+|1979"
[200] "N6540|dum_3|224688845|224690821|+|1976"    
[201] "N6540|dum_7|205725748|205727728|+|1980"    
[202] "N6540|dum_1|117099642|117101617|+|1975"    
[203] "N6540|ten_9|137023044|137025018|+|1974"    
[204] "N6540|dum_1|150406179|150408156|+|1977"    
[205] "N6540|dum_7|200859592|200861567|+|1975"    
[206] "_R_N6540|dum_1|189958342|189960319|+|1977" 
[207] "N6540|dum_1|23480078|23482060|+|1982"      
[208] "N6540|dum_4|93672994|93674976|+|1982"      
[209] "_R_N6540|dum_9|184777903|184779880|+|1977" 
[210] "_R_N6540|dum_11|35505104|35507084|+|1980"  
[211] "N6540|dum_11|15854786|15856767|+|1981"     
[212] "N6540|dum_4|109573071|109575074|+|2003"    
[213] "_R_N6540|dum_8|23173412|23175387|+|1975"   
[214] "_R_N6540|dum_3|209618131|209620102|+|1971" 
[215] "_R_N6540|dum_10|54446880|54448858|+|1978"  
[216] "_R_N6540|dum_X2|9297329|9299305|+|1976"    
[217] "_R_N6540|dum_X2|30541690|30543666|+|1976"  
[218] "N6540|dum_10|138553582|138555559|+|1977"   
[219] "_R_N6540|dum_1|229528758|229530738|+|1980" 
[220] "_R_N6540|dum_4|19253709|19255690|+|1981"   
[221] "N6540|ten_4|211876039|211878025|+|1986"    
[222] "_R_N6540|dum_2|52882377|52884357|+|1980"   
[223] "N6540|dum_2|229775955|229777930|+|1975"    
[224] "N6540|dum_7|85233105|85235096|+|1991"      
[225] "N6540|dum_7|87969281|87971255|+|1974"      
[226] "_R_N6540|dum_7|61217687|61219666|+|1979"   
[227] "_R_N6540|dum_6|222242255|222244235|+|1980" 
[228] "N6540|dum_2|204154342|204156316|+|1974"    
[229] "_R_N6540|dum_6|2683900|2685877|+|1977"     
[230] "N6540|dum_4|142476978|142478954|+|1976"    
[231] "N6540|dum_4|140750178|140752165|+|1987"    
[232] "N6540|dum_1|127450930|127452898|+|1968"    
[233] "_R_N6540|dum_X1|123323440|123325417|+|1977"
[234] "_R_N6540|dum_1|268477172|268479144|+|1972" 
[235] "N6540|dum_3|98976120|98978100|+|1980"      
[236] "_R_N6540|dum_3|168474505|168476482|+|1977" 
[237] "_R_N6540|dum_9|61637931|61639870|+|1939"   
[238] "N6540|dum_X2|415879|417858|+|1979"         
[239] "N6540|dum_1|130344706|130346679|+|1973"    
[240] "_R_N6540|dum_3|272572615|272574592|+|1977" 
[241] "_R_N6540|dum_12|76815824|76817789|+|1965"  
[242] "_R_N6540|dum_12|76844570|76846540|+|1970"  
[243] "_R_N6540|dum_1|224113292|224115259|+|1967" 
[244] "N6540|dum_2|167170062|167172042|+|1980"    
[245] "N6540|ten_10|42400657|42402631|+|1974"     
[246] "_R_N6540|ten_2|200981240|200983241|+|2001" 
[247] "_R_N6540|dum_4|91271894|91273846|+|1952"   
[248] "_R_N6540|dum_X1|104716000|104717973|+|1973"
[249] "_R_N6540|dum_5|139575216|139577191|+|1975" 
[250] "_R_N6540|dum_7|34290584|34292563|+|1979"   
[251] "_R_N6540|dum_1|213033093|213035059|+|1966" 
[252] "_R_N6540|dum_5|116947755|116949718|+|1963" 
[253] "N6540|dum_5|41121978|41123925|+|1947"      
[254] "_R_N6540|dum_7|137606121|137608097|+|1976" 
[255] "N6540|ten_7|64163883|64165861|+|1978"      
[256] "N6540|dum_7|120712337|120714339|+|2002"    
[257] "_R_N6540|ten_10|48596765|48598742|+|1977"  
[258] "_R_N6540|ten_10|48602431|48604408|+|1977"  
[259] "_R_N6540|ten_10|48608099|48610075|+|1976"  
[260] "_R_N6540|ten_10|48613765|48615741|+|1976"  
[261] "N6540|dum_5|116450779|116452746|+|1967"    
[262] "_R_N6540|dum_7|89968242|89970221|+|1979"   
[263] "N6540|dum_5|197758573|197760550|+|1977"    
[264] "N6540|dum_5|232986736|232988658|+|1922"    
[265] "_R_N6540|dum_6|88903069|88905044|+|1975"   
[266] "N6540|dum_3|215531447|215533365|+|1918"    
[267] "_R_N6540|ten_X1|47816915|47818888|+|1973"  
[268] "_R_N6540|dum_4|258229971|258231914|+|1943" 
[269] "_R_N6540|dum_6|157623752|157625731|+|1979" 
[270] "N6540|dum_10|95877919|95879898|+|1979"     
[271] "N6540|dum_X1|139370679|139372656|+|1977"   
[272] "_R_N6540|dum_7|26564646|26566625|+|1979"   
[273] "N6540|dum_2|48158022|48159987|+|1965"      
[274] "_R_N6540|dum_9|118010585|118012565|+|1980" 
[275] "_R_N6540|dum_2|91290339|91292318|+|1979"   
[276] "N6540|dum_12|110827525|110829504|+|1979"   
[277] "N6540|dum_12|76956328|76958307|+|1979"     
[278] "N6540|dum_12|112037082|112039056|+|1974"   
[279] "_R_N6540|dum_3|39946356|39948331|+|1975"   
[280] "_R_N6540|ten_2|224401737|224403711|+|1974" 
[281] "N6540|dum_9|62608189|62610162|+|1973"      
[282] "_R_N6540|dum_1|28287000|28288975|+|1975"   
[283] "_R_N6540|dum_4|126874118|126876084|+|1966" 
[284] "N6540|dum_6|143622708|143624680|+|1972"    
[285] "N6540|dum_10|150729033|150731012|+|1979"   
[286] "_R_N6540|dum_9|5395930|5397909|+|1979"     
[287] "N6540|dum_11|101859890|101861868|+|1978"   
[288] "N6540|dum_12|86002120|86004086|+|1966"     
[289] "N6540|ten_6|195804482|195806461|+|1979"    
[290] "N6540|dum_1|246906385|246907968|+|1583"    
[291] "_R_N6540|dum_11|126944237|126946205|+|1968"
[292] "_R_N6540|dum_11|47648269|47650240|+|1971"  
[293] "_R_N6540|dum_10|168868593|168870573|+|1980"
[294] "_R_N6540|dum_3|270784948|270786926|+|1978" 
[295] "N6540|dum_X1|93766405|93768385|+|1980"     
[296] "N6540|ten_3|128320006|128321986|+|1980"    
[297] "N6540|dum_6|192821866|192823842|+|1976"    
[298] "N6540|dum_3|191209081|191211061|+|1980"    
[299] "_R_N6540|dum_7|84695229|84697204|+|1975"   
[300] "N6540|ten_7|117096403|117098041|+|1638"    
[301] "_R_N6540|dum_4|120065972|120067936|+|1964" 
[302] "N6540|dum_X2|64756144|64758130|+|1986"     
[303] "_R_N6540|dum_1|52917338|52919253|+|1915"   
[304] "N6540|dum_11|9079806|9081784|+|1978"       
[305] "N6540|dum_11|16944657|16946635|+|1978"     
[306] "N6540|ten_11|14698826|14700804|+|1978"     
[307] "_R_N6540|ten_1|50488057|50490029|+|1972"   
[308] "N6540|dum_3|133669168|133671147|+|1979"    
[309] "_R_N6540|dum_12|95159547|95161529|+|1982"  
[310] "_R_N6540|dum_3|145202761|145204740|+|1979" 
[311] "N6540|ten_X2|188634031|188636002|+|1971"   
[312] "N6540|dum_2|29973528|29975510|+|1982"      
[313] "_R_N6540|dum_6|196289878|196291860|+|1982" 
[314] "N6540|dum_6|146766739|146768729|+|1990"    
[315] "N6540|ten_6|160406414|160408230|+|1816"    
[316] "_R_N6540|ten_8|133023649|133025648|+|1999" 
[317] "_R_N6540|ten_1|233938983|233940964|+|1981" 
[318] "N6540|ten_11|20224171|20226159|+|1988"     
[319] "_R_N6540|dum_1|221150463|221152418|+|1955" 
[320] "N6540|dum_8|15467256|15469225|+|1969"      
[321] "N6540|dum_3|93376446|93378419|+|1973"      
[322] "N6540|ten_3|89182051|89184027|+|1976"      
[323] "_R_N6540|ten_X2|7381941|7383919|+|1978"    
[324] "_R_N6540|dum_4|85273414|85275397|+|1983"   
[325] "_R_N6540|ten_1|244781104|244783079|+|1975" 
[326] "N6540|dum_4|130177402|130179366|+|1964"    
[327] "_R_N6540|ten_4|103029733|103031720|+|1987" 
[328] "N6540|dum_5|197254303|197256298|+|1995"    
[329] "N6540|dum_11|101596347|101598327|+|1980"   
[330] "N6540|ten_11|84403332|84405316|+|1984"     
[331] "N6540|dum_2|1291470|1293432|+|1962"        
[332] "_R_N6540|ten_8|9194035|9195630|+|1595"     
[333] "N6540|ten_3|185389075|185391063|+|1988"    
[334] "_R_N6540|ten_2|153988691|153990677|+|1986" 
[335] "N6540|dum_11|118988029|118989971|+|1942"   
[336] "_R_N6540|ten_11|62657758|62659710|+|1952"  
[337] "_R_N6540|ten_X2|27745229|27746871|+|1642"  
[338] "_R_N6540|dum_9|4467109|4469078|+|1969"     
[339] "_R_N6540|dum_9|4567654|4569623|+|1969"     
[340] "_R_N6540|dum_11|153588241|153590215|+|1974"
[341] "_R_N6540|dum_8|7152015|7153994|+|1979"     
[342] "_R_N6540|ten_8|5851497|5853474|+|1977"     
[343] "_R_N6540|ten_X1|201021053|201023013|+|1960"
[344] "_R_N6540|dum_X1|224468439|224470413|+|1974"
[345] "N6540|dum_X1|89067772|89069751|+|1979"     
[346] "_R_N6540|dum_X1|89497422|89499404|+|1982"  
[347] "N6540|dum_8|4950692|4952677|+|1985"        
[348] "_R_N6540|ten_3|136472439|136474408|+|1969" 
[349] "N6540|ten_3|257000373|257002354|+|1981"    
[350] "N6540|dum_7|114626304|114628279|+|1975"    
[351] "N6540|dum_10|36398453|36400436|+|1983"     
[352] "_R_N6540|dum_2|77570399|77572376|+|1977"   
[353] "_R_N6540|ten_2|81754818|81756798|+|1980"   
[354] "_R_N6540|dum_9|71761745|71763728|+|1983"   
[355] "N6540|dum_2|115882389|115884372|+|1983"    
[356] "N6540|dum_2|118133497|118135480|+|1983"    
[357] "N6540|dum_2|115876724|115878708|+|1984"    
[358] "N6540|dum_2|118144827|118146810|+|1983"    
[359] "N6540|dum_2|118139162|118141145|+|1983"    
[360] "N6540|dum_2|118150492|118152476|+|1984"    
[361] "N6540|dum_2|115888053|115890035|+|1982"    
[362] "N6540|ten_3|210427272|210429260|+|1988"    
[363] "N6540|ten_4|149869992|149871964|+|1972"    
[364] "_R_N6540|ten_3|176638988|176640959|+|1971" 
[365] "N6540|dum_X2|72119369|72121214|+|1845"     
[366] "_R_N6540|ten_X2|148358059|148359905|+|1846"
[367] "_R_N6540|dum_4|70969405|70971385|+|1980"   
[368] "N6540|dum_12|107342169|107344132|+|1963"   
[369] "N6540|dum_5|125226135|125228117|+|1982"    
[370] "_R_N6540|ten_1|221139683|221141671|+|1988" 
[371] "_R_N6540|dum_1|223994208|223996003|+|1795" 
[372] "N6540|dum_X1|160161284|160163261|+|1977"   
[373] "N6540|ten_X1|140783173|140785153|+|1980"   
[374] "N6540|dum_9|154997448|154999411|+|1963"    
[375] "_R_N6540|ten_9|24940784|24942747|+|1963"   
[376] "N6540|dum_4|106675496|106677473|+|1977"    
[377] "_R_N6540|dum_8|134295768|134297748|+|1980" 
[378] "_R_N6540|dum_9|71051953|71053933|+|1980"   
[379] "_R_N6540|dum_8|154586208|154588186|+|1978" 
[380] "_R_N6540|ten_4|114918190|114920164|+|1974" 
[381] "N6540|dum_10|29060912|29062887|+|1975"     
[382] "_R_N6540|ten_8|59234099|59236078|+|1979"   
[383] "N6540|dum_8|60891647|60893611|+|1964"      
[384] "N6540|dum_3|163363508|163365485|+|1977"    
[385] "N6540|dum_6|221229097|221230683|+|1586"    
[386] "N6540|dum_9|118332707|118334677|+|1970"    
[387] "_R_N6540|dum_5|235627700|235629467|+|1767" 
[388] "_R_N6540|dum_9|157438925|157440905|+|1980" 
[389] "N6540|dum_11|118671200|118673167|+|1967"   
[390] "N6540|dum_10|97789721|97791697|+|1976"     
[391] "_R_N6540|dum_1|263037111|263039074|+|1963" 
[392] "_R_N6540|ten_6|206306270|206308255|+|1985" 
[393] "_R_N6540|ten_9|128286426|128288408|+|1982" 
[394] "N6540|dum_9|48068737|48070689|+|1952"      
[395] "_R_N6540|ten_X1|6177647|6179636|+|1989"    
[396] "N6540|ten_2|31473493|31475369|+|1876"      
[397] "N6540|dum_6|177190113|177192106|+|1993"    
[398] "N6540|ten_6|186902305|186904290|+|1985"    
[399] "_R_N6540|dum_4|173832086|173834075|+|1989" 
[400] "N6540|ten_6|42723348|42725327|+|1979"      
[401] "N6540|dum_5|126177694|126179680|+|1986"    
[402] "_R_N6540|ten_5|108068789|108070769|+|1980" 
[403] "N6540|ten_10|127170289|127172265|+|1976"   
[404] "_R_N6540|ten_3|177242452|177244434|+|1982" 
[405] "N6540|dum_2|67470809|67472689|+|1880"      
[406] "N6540|ten_2|71245039|71247040|+|2001"      
[407] "N6540|dum_2|236195235|236197207|+|1972"    
[408] "N6540|ten_2|224257080|224259057|+|1977"    
[409] "N6540|dum_7|51679775|51681757|+|1982"      
[410] "_R_N6540|dum_4|181660758|181662742|+|1984" 
[411] "_R_N6540|dum_7|44963378|44965361|+|1983"   
[412] "_R_N6540|ten_7|151924897|151926881|+|1984" 
[413] "N6540|dum_6|197499572|197501560|+|1988"    
[414] "N6540|ten_6|207446894|207448895|+|2001"    
[415] "N6540|dum_5|140902746|140904717|+|1971"    
[416] "_R_N6540|ten_5|95585613|95587579|+|1966"   
[417] "N6540|dum_1|263607861|263609833|+|1972"    
[418] "N6540|ten_1|258325993|258327965|+|1972"    
[419] "_R_N6540|dum_2|50710932|50712918|+|1986"   
[420] "_R_N6540|ten_2|54439635|54441652|+|2017"   
[421] "_R_N6540|dum_X1|228564386|228566367|+|1981"
[422] "_R_N6540|ten_X1|205284159|205286140|+|1981"
[423] "_R_N6540|dum_5|152412868|152414857|+|1989" 
[424] "N6540|ten_5|87701677|87703680|+|2003"      
[425] "_R_N6540|dum_X2|113250591|113252549|+|1958"
[426] "N6540|ten_X2|108244941|108246906|+|1965"   
[427] "_R_N6540|ten_1|175914998|175916970|+|1972" 
[428] "_R_N6540|ten_8|117436570|117438541|+|1971" 
[429] "_R_N6540|dum_2|56363339|56365300|+|1961"   
[430] "_R_N6540|ten_2|60140955|60142935|+|1980"   
[431] "N6540|dum_1|203818247|203820223|+|1976"    
[432] "N6540|dum_3|108922963|108924937|+|1974"    
[433] "_R_N6540|dum_8|95168310|95170283|+|1973"   
[434] "_R_N6540|ten_8|88440977|88442953|+|1976"   
[435] "N6540|ten_4|107812606|107814560|+|1954"    
[436] "N6540|ten_3|202466896|202468841|+|1945"    
[437] "N6540|ten_6|190665084|190667068|+|1984"    
[438] "N6540|ten_12|81711772|81713753|+|1981"     
[439] "_R_N6540|ten_7|108216139|108218104|+|1965" 
[440] "_R_N6540|ten_9|103125043|103127033|+|1990" 
[441] "_R_N6540|ten_X2|111672871|111674855|+|1984"
[442] "N6540|dum_X2|110044654|110046404|+|1750"   
[443] "_R_N6540|dum_X2|123440164|123442128|+|1964"
[444] "_R_N6540|ten_X2|86242702|86244679|+|1977"  
[445] "_R_N6540|ten_4|40102916|40104889|+|1973"   
[446] "_R_N6540|dum_5|117394531|117396284|+|1753" 
[447] "N6540|ten_5|116359110|116360859|+|1749"    
[448] "_R_N6540|dum_10|26690221|26692190|+|1969"  
[449] "N6540|ten_X1|236593227|236595199|+|1972"   
[450] "_R_N6540|dum_4|175518749|175520736|+|1987" 
[451] "_R_N6540|dum_X2|23023437|23025405|+|1968"  
[452] "N6540|dum_3|204900108|204902089|+|1981"    
[453] "N6540|ten_3|197509651|197511626|+|1975"    
[454] "N6540|dum_8|56940929|56942903|+|1974"      
[455] "N6540|ten_8|51027879|51029854|+|1975"      
[456] "N6540|dum_11|92529195|92531174|+|1979"     
[457] "N6540|ten_11|68108684|68110660|+|1976"     
[458] "_R_N6540|dum_X1|195860363|195862342|+|1979"
[459] "_R_N6540|dum_2|83787159|83789129|+|1970"   
[460] "_R_N6540|ten_2|88699624|88701600|+|1976"   
[461] "_R_N6540|dum_7|132102486|132104377|+|1891" 
[462] "N6540|ten_7|71591976|71593948|+|1972"      
[463] "_R_N6540|dum_11|6217482|6219457|+|1975"    
[464] "N6540|dum_11|40934448|40936120|+|1672"     
[465] "_R_N6540|dum_2|104171899|104173529|+|1630" 
[466] "_R_N6540|dum_12|27613331|27615334|+|2003"  
[467] "_R_N6540|ten_2|109202366|109204062|+|1696" 
[468] "N6540|dum_9|40185679|40187522|+|1843"      
[469] "_R_N6540|ten_9|135754386|135756363|+|1977" 
[470] "N6540|dum_4|215915160|215917141|+|1981"    
[471] "N6540|dum_4|129601239|129602907|+|1668"    
[472] "_R_N6540|ten_4|103637761|103639748|+|1987" 
[473] "N6540|dum_1|198321781|198323689|+|1908"    
[474] "N6540|ten_1|194267684|194269597|+|1913"    
[475] "N6540|dum_6|68220540|68222246|+|1706"      
[476] "N6540|ten_6|82831032|82832970|+|1938"      
[477] "N6540|dum_1|88290861|88292657|+|1796"      
[478] "N6540|ten_1|85998707|86000500|+|1793"      
[479] "N6540|dum_X1|220813226|220815165|+|1939"   
[480] "N6540|ten_X1|197393934|197395878|+|1944"   
[481] "_R_N6540|dum_10|30593806|30595797|+|1991"  
[482] "N6540|ten_10|72095394|72097394|+|2000"     
[483] "N6540|dum_X2|55383690|55385647|+|1957"     
[484] "_R_N6540|ten_X2|164429363|164431328|+|1965"
[485] "_R_N6540|sar_11|223238638|223240212|+|1574"
[486] "N6540|bic_10|29335370|29337290|+|1920"     
[487] "_R_N6540|sar_10|176033986|176035894|+|1908"
[488] "N6540|bic_11|8122910|8124894|+|1984"       
[489] "_R_N6540|bic_4|111902984|111904943|+|1959" 
[490] "N6540|sar_4|6539300|6541235|+|1935"        
[491] "N6540|bic_6|129327232|129329199|+|1967"    
[492] "_R_N6540|bic_6|129532618|129534586|+|1968" 
[493] "N6540|bic_4|136037|137999|+|1962"          
[494] "N6540|sar_5|169511434|169513321|+|1887"    
[495] "_R_N6540|bic_9|54604693|54606670|+|1977"   
[496] "N6540|sar_9|202568683|202570649|+|1966"    
[497] "_R_N6540|bic_11|101844590|101846542|+|1952"
[498] "N6540|sar_11|115316713|115318676|+|1963"   
[499] "N6540|sar_7|3758363|3760361|+|1998"        
[500] "N6540|bic_9|186723094|186724871|+|1777"    
[501] "_R_N6540|sar_9|130372741|130374518|+|1777" 
[502] "_R_N6540|bic_X1|101529701|101531690|+|1989"
[503] "_R_N6540|sar_X1|102929209|102931208|+|1999"
[504] "N6540|bic_9|181282524|181284302|+|1778"    
[505] "_R_N6540|sar_9|135618169|135619980|+|1811" 
[506] "N6540|bic_5|38931990|38933968|+|1978"      
[507] "_R_N6540|sar_12|33003869|33005877|+|2008"  
[508] "_R_N6540|bic_14|6847070|6849048|+|1978"    
[509] "N6540|bic_2|174409955|174411961|+|2006"    
[510] "N6540|sar_12|104535229|104537211|+|1982"   
[511] "N6540|bic_7|74581870|74583854|+|1984"      
[512] "_R_N6540|sar_7|131421646|131423596|+|1950" 
[513] "N6540|sar_12|83934113|83936074|+|1961"     
[514] "N6540|bic_12|96249184|96251166|+|1982"     
[515] "_R_N6540|sar_12|89630219|89632179|+|1960"  
[516] "N6540|bic_10|38231891|38233872|+|1981"     
[517] "_R_N6540|bic_12|79904410|79906389|+|1979"  
[518] "N6540|sar_12|105990567|105992538|+|1971"   
[519] "_R_N6540|bic_12|129427847|129429833|+|1986"
[520] "_R_N6540|bic_X2|80897176|80899157|+|1981"  
[521] "_R_N6540|sar_X2|99901295|99903274|+|1979"  
[522] "_R_N6540|bic_10|1075428|1077006|+|1578"    
[523] "N6540|bic_4|78369046|78371034|+|1988"      
[524] "N6540|sar_4|82026060|82028042|+|1982"      
[525] "_R_N6540|bic_13|96009630|96011612|+|1982"  
[526] "N6540|sar_13|87833140|87835123|+|1983"     
[527] "_R_N6540|sar_9|39869345|39871318|+|1973"   
[528] "N6540|bic_11|113641643|113643616|+|1973"   
[529] "N6540|bic_3|17909453|17911427|+|1974"      
[530] "_R_N6540|bic_1|63279113|63281077|+|1964"   
[531] "_R_N6540|sar_3|133060501|133062453|+|1952" 
[532] "_R_N6540|sar_3|101468548|101470515|+|1967" 
[533] "N6540|bic_1|156566027|156567998|+|1971"    
[534] "_R_N6540|bic_11|64013975|64015950|+|1975"  
[535] "_R_N6540|bic_4|24349045|24351018|+|1973"   
[536] "_R_N6540|bic_13|2112856|2114835|+|1979"    
[537] "_R_N6540|bic_9|62529403|62531371|+|1968"   
[538] "_R_N6540|sar_11|161887634|161889598|+|1964"
[539] "_R_N6540|sar_11|161913826|161915790|+|1964"
[540] "N6540|sar_7|86283560|86285511|+|1951"      
[541] "_R_N6540|sar_7|39799415|39801373|+|1958"   
[542] "N6540|sar_5|95564874|95566838|+|1964"      
[543] "N6540|sar_9|57328023|57329977|+|1954"      
[544] "_R_N6540|sar_7|1793848|1795801|+|1953"     
[545] "N6540|sar_9|87982699|87984664|+|1965"      
[546] "N6540|sar_7|133436306|133438249|+|1943"    
[547] "N6540|sar_9|204940117|204942077|+|1960"    
[548] "_R_N6540|sar_10|127668951|127670914|+|1963"
[549] "N6540|sar_2|254532364|254534322|+|1958"    
[550] "N6540|sar_3|62050281|62052244|+|1963"      
[551] "_R_N6540|sar_5|144005740|144007667|+|1927" 
[552] "N6540|sar_14|72452686|72454643|+|1957"     
[553] "_R_N6540|sar_8|202706280|202708248|+|1968" 
[554] "N6540|sar_7|155456797|155458741|+|1944"    
[555] "_R_N6540|sar_11|221765257|221767213|+|1956"
[556] "N6540|sar_X1|100040818|100042753|+|1935"   
[557] "N6540|sar_8|159610190|159612127|+|1937"    
[558] "N6540|sar_2|201049939|201051827|+|1888"    
[559] "_R_N6540|sar_4|77352656|77354632|+|1976"   
[560] "_R_N6540|sar_14|32314712|32316688|+|1976"  
[561] "N6540|sar_9|200540337|200542309|+|1972"    
[562] "_R_N6540|sar_11|32145564|32147542|+|1978"  
[563] "N6540|sar_1|22486823|22488801|+|1978"      
[564] "_R_N6540|sar_9|228821183|228823153|+|1970" 
[565] "_R_N6540|sar_8|195365880|195367858|+|1978" 
[566] "_R_N6540|sar_5|78882322|78884293|+|1971"   
[567] "_R_N6540|sar_6|42782353|42784333|+|1980"   
[568] "_R_N6540|sar_11|179470335|179472280|+|1945"
[569] "N6540|sar_7|71452745|71454717|+|1972"      
[570] "_R_N6540|sar_10|164030115|164032083|+|1968"
[571] "_R_N6540|sar_11|199902933|199904911|+|1978"
[572] "N6540|sar_13|78294514|78296492|+|1978"     
[573] "N6540|sar_6|22853535|22855508|+|1973"      
[574] "N6540|sar_7|190069709|190071658|+|1949"    
[575] "_R_N6540|sar_12|92334493|92336470|+|1977"  
[576] "_R_N6540|sar_12|159718036|159720012|+|1976"
[577] "_R_N6540|sar_1|24645948|24647910|+|1962"   
[578] "_R_N6540|sar_2|175966566|175968550|+|1984" 
[579] "N6540|sar_5|90983052|90985030|+|1978"      
[580] "_R_N6540|sar_13|142527044|142529018|+|1974"
[581] "_R_N6540|sar_2|253514868|253516834|+|1966" 
[582] "_R_N6540|sar_14|114409660|114411621|+|1961"
[583] "N6540|sar_7|32985947|32987920|+|1973"      
[584] "_R_N6540|sar_6|21224975|21226884|+|1909"   
[585] "N6540|sar_7|75883732|75885704|+|1972"      
[586] "N6540|sar_8|195954287|195956249|+|1962"    
[587] "_R_N6540|sar_7|169570036|169571987|+|1951" 
[588] "_R_N6540|sar_12|137256884|137258856|+|1972"
[589] "N6540|sar_X2|101927635|101929602|+|1967"   
[590] "_R_N6540|sar_11|56602137|56604131|+|1994"  
[591] "_R_N6540|sar_3|169179022|169180988|+|1966" 
[592] "_R_N6540|sar_10|74579518|74581491|+|1973"  
[593] "N6540|sar_X1|221261014|221262976|+|1962"   
[594] "_R_N6540|sar_5|45933438|45935406|+|1968"   
[595] "_R_N6540|sar_14|24771178|24773131|+|1953"  
[596] "_R_N6540|sar_3|17202984|17204957|+|1973"   
[597] "N6540|sar_10|174469332|174471306|+|1974"   
[598] "_R_N6540|sar_11|193799880|193801853|+|1973"
[599] "_R_N6540|sar_13|136113871|136115825|+|1954"
[600] "N6540|sar_X1|66106969|66108927|+|1958"     
[601] "N6540|sar_7|30403991|30405961|+|1970"      
[602] "N6540|sar_14|122679889|122681859|+|1970"   
[603] "_R_N6540|sar_12|91864536|91866508|+|1972"  
[604] "N6540|sar_11|14856948|14858923|+|1975"     
[605] "N6540|sar_9|32002487|32004457|+|1970"      
[606] "_R_N6540|sar_10|170785447|170787421|+|1974"
[607] "N6540|sar_9|92859233|92861204|+|1971"      
[608] "N6540|sar_11|182813657|182815578|+|1921"   
[609] "N6540|sar_4|26536736|26538704|+|1968"      
[610] "_R_N6540|sar_4|26543104|26545072|+|1968"   
[611] "_R_N6540|sar_1|76923089|76925057|+|1968"   
[612] "N6540|sar_1|47366317|47368298|+|1981"      
[613] "_R_N6540|sar_3|17153802|17155772|+|1970"   
[614] "_R_N6540|sar_12|2004115|2006092|+|1977"    
[615] "N6540|sar_10|19612106|19614080|+|1974"     
[616] "N6540|sar_14|34675797|34677749|+|1952"     
[617] "_R_N6540|sar_14|6730613|6732580|+|1967"    
[618] "_R_N6540|bic_10|124443172|124445155|+|1983"
[619] "_R_N6540|bic_2|157056641|157058614|+|1973" 
[620] "N6540|bic_3|150538290|150540270|+|1980"    
[621] "N6540|bic_8|78674593|78676563|+|1970"      
[622] "_R_N6540|bic_2|82713578|82715555|+|1977"   
[623] "N6540|bic_X1|168286496|168288468|+|1972"   
[624] "_R_N6540|bic_5|93652953|93654931|+|1978"   
[625] "_R_N6540|bic_8|82111704|82113635|+|1931"   
[626] "N6540|bic_14|121199392|121201382|+|1990"   
[627] "N6540|bic_13|37264411|37266388|+|1977"     
[628] "_R_N6540|bic_12|30463131|30465094|+|1963"  
[629] "_R_N6540|bic_3|61778841|61780745|+|1904"   
[630] "N6540|bic_9|202814699|202816689|+|1990"    
[631] "_R_N6540|bic_2|197855069|197857047|+|1978" 
[632] "_R_N6540|bic_7|176573538|176575508|+|1970" 
[633] "_R_N6540|bic_X1|51046819|51048799|+|1980"  
[634] "N6540|bic_12|164754303|164756284|+|1981"   
[635] "N6540|bic_3|33444925|33446860|+|1935"      
[636] "N6540|bic_9|215188318|215190291|+|1973"    
[637] "N6540|bic_5|100459377|100461357|+|1980"    
[638] "N6540|bic_11|128515003|128516984|+|1981"   
[639] "N6540|bic_6|50107052|50109021|+|1969"      
[640] "_R_N6540|bic_7|130676667|130678634|+|1967" 
[641] "N6540|bic_9|208527417|208529357|+|1940"    
[642] "_R_N6540|bic_11|13057546|13059489|+|1943"  
[643] "_R_N6540|bic_13|47394657|47396635|+|1978"  
[644] "N6540|sar_3|200167565|200169520|+|1955"    
[645] "N6540|sar_9|42208471|42210368|+|1897"      
[646] "_R_N6540|sar_1|106862764|106864749|+|1985" 
[647] "_R_N6540|bic_X2|30058341|30060321|+|1980"  
[648] "_R_N6540|sar_X2|42070900|42072868|+|1968"  
[649] "_R_N6540|bic_3|125044076|125045777|+|1701" 
[650] "_R_N6540|sar_3|142069131|142071100|+|1969" 
[651] "_R_N6540|bic_3|52976760|52978744|+|1984"   
[652] "N6540|sar_1|46303243|46305032|+|1789"      
[653] "N6540|sar_12|5178680|5180619|+|1939"       
[654] "_R_N6540|sar_6|39231117|39232682|+|1565"   
[655] "_R_N6540|sar_11|79834404|79836390|+|1986"  
[656] "N6540|bic_8|155036566|155038516|+|1950"    
[657] "_R_N6540|sar_8|66694902|66696886|+|1984"   
[658] "N6540|sar_8|128129269|128130893|+|1624"    
[659] "_R_N6540|mim_X1|136329506|136331327|+|1821"
[660] "N6540|mim_X2|111419167|111421104|+|1937"   
[661] "_R_N6540|mim_X1|161815081|161817061|+|1980"
[662] "_R_N6540|mim_11|127799779|127801425|+|1646"
[663] "_R_N6540|mim_7|119730595|119732561|+|1966" 
[664] "N6540|mim_X1|19757146|19758961|+|1815"     
[665] "N6540|mim_5|85666215|85668017|+|1802"      
[666] "_R_N6540|mim_X1|41210081|41211778|+|1697"  
[667] "N6540|mim_6|49100174|49102139|+|1965"      
[668] "N6540|mim_2|74791273|74793127|+|1854"      
[669] "_R_N6540|mim_9|21549482|21551358|+|1876"   
[670] "_R_N6540|mim_X2|22121442|22123375|+|1933"  
[671] "N6540|mim_11|102985020|102986751|+|1731"   
[672] "_R_N6540|mim_X2|120163313|120165103|+|1790"
[673] "N6540|mim_9|144253362|144255156|+|1794"    
[674] "_R_N6540|mim_14|26589111|26590889|+|1778"  
[675] "_R_N6540|mim_10|106694455|106696181|+|1726"
[676] "N6540|mim_6|114785297|114786905|+|1608"    
[677] "_R_N6540|mim_6|122055869|122057478|+|1609" 
[678] "N6540|mim_X1|102383269|102384935|+|1666"   
[679] "N6540|lin_11|63580197|63581974|+|1777"     
[680] "N6540|lin_4|107588524|107590247|+|1723"    
[681] "N6540|lin_16|86508159|86509893|+|1734"     
[682] "_R_N6540|lin_X2|120610800|120612539|+|1739"
[683] "N6540|lin_17|2644445|2646001|+|1556"       
[684] "N6540|lin_6|79229923|79231576|+|1653"      
[685] "_R_N6540|lin_18|33992983|33994663|+|1680"  
[686] "N6540|lin_X3|45038225|45039884|+|1659"     
[687] "_R_N6540|lin_X1|64218742|64220400|+|1658"  
[688] "N6540|lin_1|77421675|77423271|+|1596"      
[689] "N6540|lin_X2|114086808|114088467|+|1659"   
[690] "_R_N6540|mim_14|100719509|100721106|+|1597"
[691] "_R_N6540|mim_X1|178594828|178596425|+|1597"
[692] "N6540|mim_2|93600529|93602118|+|1589"      
[693] "_R_N6540|mim_14|5628309|5629892|+|1583"    
[694] "N6540|mim_12|16463390|16464982|+|1592"     
[695] "_R_N6540|mim_7|113532117|113533828|+|1711" 
[696] "N6540|mim_8|97390048|97391738|+|1690"      
[697] "N6540|mim_9|100782177|100783857|+|1680"    
[698] "N6540|mim_7|67085208|67086897|+|1689"      
[699] "N6540|mim_2|107545076|107546766|+|1690"    
[700] "_R_N6540|mim_X1|43165606|43167296|+|1690"  
[701] "N6540|mim_6|89043446|89045110|+|1664"      
[702] "N6540|mim_X2|186140285|186141885|+|1600"   
[703] "_R_N6540|mim_4|68885506|68887417|+|1911"   
[704] "_R_N6540|mim_12|160459574|160461484|+|1910"
[705] "_R_N6540|mim_7|154002737|154004629|+|1892" 
[706] "_R_N6540|mim_8|82275245|82277159|+|1914"   
[707] "_R_N6540|mim_11|13720158|13722079|+|1921"  
[708] "_R_N6540|mim_14|68787777|68789664|+|1887"  
[709] "_R_N6540|mim_X1|81398182|81400112|+|1930"  
[710] "_R_N6540|mim_10|132023053|132024952|+|1899"
[711] "_R_N6540|mim_8|111634996|111636916|+|1920" 
[712] "_R_N6540|mim_X2|177410987|177412909|+|1922"
[713] "_R_N6540|mim_X1|86933811|86935732|+|1921"  
[714] "_R_N6540|mim_10|181318589|181320496|+|1907"
[715] "N6540|mim_X1|127132886|127134804|+|1918"   
[716] "_R_N6540|mim_8|158039449|158041368|+|1919" 
[717] "N6540|mim_4|7770352|7772270|+|1918"        
[718] "N6540|mim_X2|173146014|173147933|+|1919"   
[719] "N6540|mim_4|70201348|70203264|+|1916"      
[720] "_R_N6540|mim_14|64326824|64328741|+|1917"  
[721] "N6540|mim_2|72564697|72566615|+|1918"      
[722] "N6540|mim_10|60934643|60936568|+|1925"     
[723] "_R_N6540|mim_X1|7590104|7592007|+|1903"    
[724] "N6540|mim_2|68530401|68532296|+|1895"      
[725] "_R_N6540|mim_8|156151718|156153692|+|1974" 
[726] "N6540|mim_10|92114410|92116293|+|1883"     
[727] "N6540|mim_X2|131383256|131385174|+|1918"   
[728] "_R_N6540|mim_2|97330823|97332478|+|1655"   
[729] "N6540|mim_9|177155900|177157698|+|1798"    
[730] "N6540|mim_9|177394262|177396060|+|1798"    
[731] "_R_N6540|mim_5|47703669|47705483|+|1814"   
[732] "_R_N6540|mim_7|213766050|213767829|+|1779" 
[733] "N6540|mim_1|77241929|77243665|+|1736"      
[734] "N6540|mim_8|118803891|118805489|+|1598"    
[735] "N6540|mim_X1|174070405|174072002|+|1597"   
[736] "_R_N6540|mim_12|15953951|15955548|+|1597"  
[737] "_R_N6540|mim_6|103199933|103201530|+|1597" 
[738] "N6540|mim_11|83615542|83617137|+|1595"     
[739] "_R_N6540|mim_4|73774943|73776540|+|1597"   
[740] "_R_N6540|mim_9|37686241|37687837|+|1596"   
[741] "N6540|mim_13|63780864|63782457|+|1593"     
[742] "N6540|mim_14|40558178|40559775|+|1597"     
[743] "_R_N6540|mim_13|47257377|47258974|+|1597"  
[744] "N6540|mim_3|137266699|137268288|+|1589"    
[745] "_R_N6540|mim_11|84266757|84268360|+|1603"  
[746] "N6540|mim_12|48868285|48869891|+|1606"     
[747] "_R_N6540|mim_7|154804129|154805721|+|1592" 
[748] "N6540|mim_5|81189348|81190942|+|1594"      
[749] "N6540|mim_14|72697975|72699561|+|1586"     
[750] "N6540|mim_4|48651290|48652889|+|1599"      
[751] "_R_N6540|mim_13|130148831|130150428|+|1597"
[752] "_R_N6540|mim_3|93522812|93524398|+|1586"   
[753] "N6540|mim_2|82874148|82875702|+|1554"      
[754] "N6540|mim_6|6363926|6365526|+|1600"        
[755] "N6540|mim_X2|43539773|43541373|+|1600"     
[756] "_R_N6540|mim_1|45619083|45620694|+|1611"   
[757] "N6540|mim_1|105616958|105618557|+|1599"    
[758] "_R_N6540|mim_8|120874710|120876314|+|1604" 
[759] "_R_N6540|mim_5|82929019|82930615|+|1596"   
[760] "_R_N6540|mim_5|82935108|82936704|+|1596"   
[761] "_R_N6540|mim_5|82947864|82949460|+|1596"   
[762] "_R_N6540|mim_5|82888407|82890013|+|1606"   
[763] "_R_N6540|mim_5|82910743|82912349|+|1606"   
[764] "_R_N6540|mim_5|82895858|82897450|+|1592"   
[765] "_R_N6540|mim_5|82903300|82904892|+|1592"   
[766] "_R_N6540|mim_5|82922930|82924526|+|1596"   
[767] "_R_N6540|mim_5|82941483|82943080|+|1597"   
[768] "_R_N6540|mim_5|82916846|82918440|+|1594"   
[769] "_R_N6540|mim_4|98862093|98863683|+|1590"   
[770] "N6540|mim_9|80519616|80521215|+|1599"      
[771] "_R_N6540|lin_17|37840584|37842161|+|1577"  
[772] "N6540|lin_5|114894398|114895994|+|1596"    
[773] "N6540|mim_14|18860723|18862301|+|1578"     
[774] "N6540|lin_17|77823956|77825524|+|1568"     
[775] "N6540|lin_18|130144135|130145812|+|1677"   
[776] "N6540|mim_14|14345290|14346898|+|1608"     
[777] "_R_N6540|bic_5|57933146|57935134|+|1988"   
[778] "N6540|lin_X3|4799332|4800957|+|1625"       
[779] "N6540|dum_6|113616989|113618915|+|1926"    
[780] "N6540|ten_6|128174245|128176183|+|1938"    
[781] "N6540|mim_11|53558341|53559993|+|1652"     
[782] "N6540|bic_13|35647395|35649102|+|1707"     
[783] "_R_N6540|sar_13|151392166|151393905|+|1739"
[784] "N6540|bic_9|208172554|208174343|+|1789"    
[785] "N6540|bic_X1|13397480|13399275|+|1795"     
[786] "N6540|sar_X1|12069393|12071188|+|1795"     
[787] "N6540|sar_8|170919000|170920615|+|1615"    
[788] "_R_N6540|sar_8|146257736|146259479|+|1743" 
[789] "N6540|mim_X2|20153236|20155056|+|1820"     
[790] "_R_N6540|mim_2|19715419|19717195|+|1776"   
[791] "N6540|sar_9|166868896|166870805|+|1909"    
[792] "N6540|dum_1|57339361|57341045|+|1684"      
[793] "N6540|ten_1|55567762|55569446|+|1684"      
[794] "N6540|sar_1|69549471|69551309|+|1838"      
[795] "N6540|bic_1|60450928|60452754|+|1826"      
