jobinfo 30048581
getting scaled timeline
 [1] "_R_N1591|dum_5|145649895|145654385|+|4490" 
 [2] "_R_N1591|dum_7|59583852|59588342|+|4490"   
 [3] "N1591|dum_9|167159380|167163870|+|4490"    
 [4] "_R_N1591|dum_5|67932983|67937473|+|4490"   
 [5] "N1591|dum_5|122475502|122479992|+|4490"    
 [6] "_R_N1591|dum_10|89740929|89745418|+|4489"  
 [7] "N1591|dum_10|64564718|64569199|+|4481"     
 [8] "N1591|dum_2|210576438|210580918|+|4480"    
 [9] "N1591|dum_10|64940405|64944895|+|4490"     
[10] "_R_N1591|dum_5|1425423|1429913|+|4490"     
[11] "_R_N1591|dum_10|90502450|90506940|+|4490"  
[12] "_R_N1591|dum_9|221940|227251|+|5311"       
[13] "_R_N1591|dum_8|47474747|47480059|+|5312"   
[14] "_R_N1591|dum_10|22288042|22293353|+|5311"  
[15] "_R_N1591|dum_3|35335037|35340348|+|5311"   
[16] "_R_N1591|dum_8|138074771|138080082|+|5311" 
[17] "_R_N1591|dum_8|138430908|138436219|+|5311" 
[18] "N1591|dum_11|112240097|112245418|+|5321"   
[19] "N1591|dum_3|58945884|58951188|+|5304"      
[20] "_R_N1591|dum_10|167347723|167353023|+|5300"
[21] "N1591|dum_10|165925096|165929568|+|4472"   
[22] "_R_N1591|dum_1|238236799|238241288|+|4489" 
[23] "_R_N1591|dum_5|144276243|144280732|+|4489" 
[24] "N1591|dum_2|210071703|210076193|+|4490"    
[25] "_R_N1591|dum_9|168529531|168534773|+|5242" 
[26] "N1591|ten_4|334247|339460|+|5213"          
[27] "N1591|dum_3|5085796|5090503|+|4707"        
[28] "_R_N1591|dum_9|191554624|191559896|+|5272" 
[29] "N1591|dum_6|5327869|5332550|+|4681"        
[30] "_R_N1591|ten_6|1662657|1667691|+|5034"     
[31] "N1591|dum_9|188199844|188204799|+|4955"    
[32] "_R_N1591|dum_X1|7600379|7604887|+|4508"    
[33] "_R_N1591|dum_5|5804998|5810039|+|5041"     
[34] "N1591|dum_X1|743532|748575|+|5043"         
[35] "N1591|dum_1|7844598|7849640|+|5042"        
