jobinfo 30048817
getting scaled timeline
   [1] "N6802|ten_7|178393237|178395857|+|2620"    
   [2] "N6802|ten_4|200496254|200498874|+|2620"    
   [3] "_R_N6802|ten_3|74767070|74769690|+|2620"   
   [4] "_R_N6802|ten_12|88358568|88361188|+|2620"  
   [5] "_R_N6802|ten_12|88355439|88358059|+|2620"  
   [6] "N6802|ten_12|88350471|88353091|+|2620"     
   [7] "N6802|ten_12|88347342|88349962|+|2620"     
   [8] "N6802|ten_12|88344213|88346833|+|2620"     
   [9] "N6802|ten_12|88337955|88340575|+|2620"     
  [10] "_R_N6802|ten_11|66221867|66224487|+|2620"  
  [11] "_R_N6802|ten_1|44695553|44698173|+|2620"   
  [12] "N6802|ten_1|44692234|44694854|+|2620"      
  [13] "_R_N6802|ten_3|96044128|96046748|+|2620"   
  [14] "N6802|ten_6|139434003|139436622|+|2619"    
  [15] "_R_N6802|ten_6|139437434|139440053|+|2619" 
  [16] "N6802|ten_9|5697116|5699736|+|2620"        
  [17] "_R_N6802|ten_2|177514159|177516779|+|2620" 
  [18] "N6802|ten_4|174413016|174415636|+|2620"    
  [19] "N6802|ten_12|88341084|88343704|+|2620"     
  [20] "_R_N6802|ten_3|70768912|70771532|+|2620"   
  [21] "N6802|ten_3|209312293|209314913|+|2620"    
  [22] "N6802|ten_3|126479422|126482042|+|2620"    
  [23] "_R_N6802|ten_3|126482705|126485326|+|2621" 
  [24] "N6802|ten_7|14737791|14740411|+|2620"      
  [25] "N6802|ten_6|56907761|56910379|+|2618"      
  [26] "N6802|ten_10|58307322|58309960|+|2638"     
  [27] "N6802|ten_6|52961009|52963629|+|2620"      
  [28] "N6802|ten_3|1786458|1789078|+|2620"        
  [29] "_R_N6802|ten_X1|50393757|50396377|+|2620"  
  [30] "_R_N6802|ten_5|157933399|157936022|+|2623" 
  [31] "N6802|ten_1|187972588|187975208|+|2620"    
  [32] "N6802|ten_X1|93863581|93866201|+|2620"     
  [33] "_R_N6802|ten_4|5047597|5050217|+|2620"     
  [34] "_R_N6802|ten_2|177517287|177519907|+|2620" 
  [35] "N6802|ten_2|177506960|177509580|+|2620"    
  [36] "N6802|ten_2|177510089|177512709|+|2620"    
  [37] "_R_N6802|ten_2|177520416|177523033|+|2617" 
  [38] "N6802|ten_4|49255080|49257700|+|2620"      
  [39] "N6802|ten_3|223325484|223328105|+|2621"    
  [40] "_R_N6802|ten_3|228346736|228349356|+|2620" 
  [41] "_R_N6802|ten_3|228349865|228352485|+|2620" 
  [42] "N6802|ten_3|228333913|228336533|+|2620"    
  [43] "_R_N6802|ten_3|228343607|228346227|+|2620" 
  [44] "_R_N6802|ten_3|228340479|228343098|+|2619" 
  [45] "N6802|ten_3|228337042|228339662|+|2620"    
  [46] "N6802|ten_8|98125624|98127737|+|2113"      
  [47] "_R_N6802|ten_8|98127805|98130194|+|2389"   
  [48] "N6802|ten_7|176463210|176465831|+|2621"    
  [49] "_R_N6802|ten_7|176466295|176468913|+|2618" 
  [50] "_R_N6802|ten_6|106229557|106231642|+|2085" 
  [51] "_R_N6802|ten_6|106232151|106234778|+|2627" 
  [52] "_R_N6802|ten_X2|8355348|8357969|+|2621"    
  [53] "_R_N6802|ten_X2|8361608|8364229|+|2621"    
  [54] "_R_N6802|ten_X2|8358478|8361099|+|2621"    
  [55] "_R_N6802|ten_6|158126455|158129075|+|2620" 
  [56] "_R_N6802|ten_6|158129585|158132205|+|2620" 
  [57] "_R_N6802|ten_6|158132715|158135336|+|2621" 
  [58] "_R_N6802|ten_X2|8352638|8354839|+|2201"    
  [59] "N6802|ten_3|216025547|216028167|+|2620"    
  [60] "_R_N6802|ten_3|216029229|216031850|+|2621" 
  [61] "N6802|ten_X1|238815641|238818262|+|2621"   
  [62] "N6802|ten_12|111351668|111354287|+|2619"   
  [63] "_R_N6802|ten_12|111357520|111360139|+|2619"
  [64] "N6802|ten_11|66216959|66219505|+|2546"     
  [65] "_R_N6802|ten_12|31968012|31970557|+|2545"  
  [66] "_R_N6802|ten_10|138083290|138085884|+|2594"
  [67] "_R_N6802|ten_10|138092601|138095195|+|2594"
  [68] "N6802|ten_12|7272821|7275230|+|2409"       
  [69] "_R_N6802|ten_12|7276427|7278836|+|2409"    
  [70] "_R_N6802|ten_2|30704419|30706829|+|2410"   
  [71] "_R_N6802|ten_4|131967280|131969786|+|2506" 
  [72] "N6802|ten_10|118225613|118227991|+|2378"   
  [73] "_R_N6802|ten_8|26414573|26416773|+|2200"   
  [74] "_R_N6802|ten_4|56777079|56779541|+|2462"   
  [75] "N6802|ten_2|3196583|3199152|+|2569"        
  [76] "N6802|ten_X1|43373729|43375992|+|2263"     
  [77] "N6802|ten_2|229606533|229609003|+|2470"    
  [78] "_R_N6802|ten_2|229609004|229611460|+|2456" 
  [79] "N6802|ten_X1|18668625|18670833|+|2208"     
  [80] "_R_N6802|ten_3|209317875|209320331|+|2456" 
  [81] "N6802|ten_11|48069141|48071674|+|2533"     
  [82] "_R_N6802|ten_3|209314926|209317420|+|2494" 
  [83] "_R_N6802|ten_6|216369824|216372307|+|2483" 
  [84] "_R_N6802|ten_X1|93866795|93869188|+|2393"  
  [85] "_R_N6802|ten_10|113770150|113772253|+|2103"
  [86] "N6802|ten_3|264897531|264899913|+|2382"    
  [87] "N6802|ten_8|103564225|103566607|+|2382"    
  [88] "N6802|ten_3|240521204|240523546|+|2342"    
  [89] "_R_N6802|ten_3|75866511|75868888|+|2377"   
  [90] "N6802|ten_3|75864111|75866506|+|2395"      
  [91] "_R_N6802|ten_2|260197545|260199690|+|2145" 
  [92] "N6802|ten_4|60854834|60857454|+|2620"      
  [93] "_R_N6802|ten_4|60862567|60865187|+|2620"   
  [94] "N6802|ten_8|26408520|26411140|+|2620"      
  [95] "_R_N6802|ten_8|26417282|26419902|+|2620"   
  [96] "N6802|ten_8|26411649|26414269|+|2620"      
  [97] "_R_N6802|ten_4|236100352|236102536|+|2184" 
  [98] "N6802|ten_4|131951713|131954334|+|2621"    
  [99] "N6802|ten_4|131954843|131957464|+|2621"    
 [100] "N6802|ten_4|131961103|131963726|+|2623"    
 [101] "N6802|ten_4|131964235|131966856|+|2621"    
 [102] "N6802|ten_4|131957973|131960594|+|2621"    
 [103] "_R_N6802|ten_X1|79282820|79285440|+|2620"  
 [104] "_R_N6802|ten_X1|79285962|79288582|+|2620"  
 [105] "N6802|ten_8|118263710|118266330|+|2620"    
 [106] "_R_N6802|ten_8|118271680|118274301|+|2621" 
 [107] "_R_N6802|ten_8|118274823|118277443|+|2620" 
 [108] "N6802|ten_8|118260568|118263188|+|2620"    
 [109] "_R_N6802|ten_6|42912214|42914355|+|2141"   
 [110] "N6802|ten_X1|180811092|180813612|+|2520"   
 [111] "N6802|ten_6|42906382|42909003|+|2621"      
 [112] "N6802|ten_6|42909525|42912146|+|2621"      
 [113] "N6802|ten_X1|88490014|88492635|+|2621"     
 [114] "N6802|ten_X1|88493144|88495776|+|2632"     
 [115] "_R_N6802|ten_8|157463694|157466314|+|2620" 
 [116] "N6802|ten_2|98969033|98971654|+|2621"      
 [117] "N6802|ten_2|98972163|98974784|+|2621"      
 [118] "N6802|ten_X1|108148676|108151297|+|2621"   
 [119] "_R_N6802|ten_4|92426680|92429300|+|2620"   
 [120] "_R_N6802|ten_4|92429809|92432429|+|2620"   
 [121] "_R_N6802|ten_4|92423550|92426171|+|2621"   
 [122] "_R_N6802|ten_6|220742366|220744986|+|2620" 
 [123] "_R_N6802|ten_6|220745494|220748114|+|2620" 
 [124] "_R_N6802|ten_8|103568865|103571485|+|2620" 
 [125] "N6802|ten_4|60848576|60851196|+|2620"      
 [126] "N6802|ten_4|60851705|60854325|+|2620"      
 [127] "_R_N6802|ten_4|60859439|60862059|+|2620"   
 [128] "N6802|ten_X1|50985311|50987931|+|2620"     
 [129] "_R_N6802|ten_11|48073306|48075926|+|2620"  
 [130] "_R_N6802|ten_10|133263456|133266076|+|2620"
 [131] "N6802|ten_8|157330417|157333038|+|2621"    
 [132] "N6802|ten_8|157339808|157342429|+|2621"    
 [133] "N6802|ten_8|157336678|157339299|+|2621"    
 [134] "N6802|ten_8|157342938|157345559|+|2621"    
 [135] "_R_N6802|ten_8|157352296|157354916|+|2620" 
 [136] "N6802|ten_8|157333547|157336169|+|2622"    
 [137] "_R_N6802|ten_8|157349167|157351787|+|2620" 
 [138] "_R_N6802|ten_1|271801203|271803824|+|2621" 
 [139] "N6802|ten_2|30701739|30704359|+|2620"      
 [140] "_R_N6802|ten_8|125281494|125284114|+|2620" 
 [141] "N6802|ten_11|12808218|12810838|+|2620"     
 [142] "_R_N6802|ten_11|12812214|12814834|+|2620"  
 [143] "_R_N6802|ten_2|176990776|176993396|+|2620" 
 [144] "_R_N6802|ten_2|176993896|176996519|+|2623" 
 [145] "_R_N6802|ten_9|5700931|5703551|+|2620"     
 [146] "N6802|ten_5|21690583|21693202|+|2619"      
 [147] "_R_N6802|ten_9|5704060|5706193|+|2133"     
 [148] "_R_N6802|ten_5|21693335|21695956|+|2621"   
 [149] "_R_N6802|ten_11|66224996|66227616|+|2620"  
 [150] "N6802|ten_11|2270929|2273550|+|2621"       
 [151] "_R_N6802|ten_11|2280990|2283611|+|2621"    
 [152] "_R_N6802|ten_11|2284120|2286753|+|2633"    
 [153] "N6802|ten_11|2264659|2267285|+|2626"       
 [154] "_R_N6802|ten_11|2277860|2280481|+|2621"    
 [155] "N6802|ten_11|2267794|2270420|+|2626"       
 [156] "N6802|ten_10|147580666|147583286|+|2620"   
 [157] "N6802|ten_1|59739305|59741924|+|2619"      
 [158] "_R_N6802|ten_3|98484548|98487170|+|2622"   
 [159] "_R_N6802|ten_3|98490810|98493436|+|2626"   
 [160] "_R_N6802|ten_3|98487679|98490301|+|2622"   
 [161] "N6802|ten_9|75641239|75643859|+|2620"      
 [162] "N6802|ten_12|112865837|112868457|+|2620"   
 [163] "_R_N6802|ten_X1|24080201|24082821|+|2620"  
 [164] "_R_N6802|ten_3|145047740|145050360|+|2620" 
 [165] "N6802|ten_9|121139119|121141739|+|2620"    
 [166] "_R_N6802|ten_2|174818173|174820793|+|2620" 
 [167] "_R_N6802|ten_6|19873538|19876158|+|2620"   
 [168] "N6802|ten_6|19869256|19871876|+|2620"      
 [169] "N6802|ten_2|174812099|174814718|+|2619"    
 [170] "_R_N6802|ten_12|30649330|30651950|+|2620"  
 [171] "N6802|ten_3|196014084|196016706|+|2622"    
 [172] "_R_N6802|ten_3|196025011|196027633|+|2622" 
 [173] "_R_N6802|ten_3|196034399|196037021|+|2622" 
 [174] "_R_N6802|ten_3|196021882|196024502|+|2620" 
 [175] "_R_N6802|ten_3|196031270|196033890|+|2620" 
 [176] "_R_N6802|ten_3|196018754|196021373|+|2619" 
 [177] "_R_N6802|ten_3|196028142|196030761|+|2619" 
 [178] "_R_N6802|ten_10|63078243|63080863|+|2620"  
 [179] "N6802|ten_5|54909746|54912366|+|2620"      
 [180] "N6802|ten_2|65207169|65209789|+|2620"      
 [181] "_R_N6802|ten_2|65210112|65212732|+|2620"   
 [182] "N6802|ten_8|98281869|98284496|+|2627"      
 [183] "N6802|ten_6|29591546|29594166|+|2620"      
 [184] "_R_N6802|ten_6|29594951|29597571|+|2620"   
 [185] "N6802|ten_8|102992477|102995097|+|2620"    
 [186] "_R_N6802|ten_8|102999679|103002299|+|2620" 
 [187] "_R_N6802|ten_8|103002808|103005428|+|2620" 
 [188] "N6802|ten_8|102995606|102998226|+|2620"    
 [189] "_R_N6802|ten_9|744505|747108|+|2603"       
 [190] "N6802|ten_5|78058311|78060931|+|2620"      
 [191] "_R_N6802|ten_5|78063043|78065663|+|2620"   
 [192] "N6802|ten_6|156740485|156743105|+|2620"    
 [193] "_R_N6802|ten_1|266848374|266851000|+|2626" 
 [194] "N6802|ten_4|6531726|6534346|+|2620"        
 [195] "_R_N6802|ten_4|6534779|6537399|+|2620"     
 [196] "_R_N6802|ten_2|6819769|6822389|+|2620"     
 [197] "_R_N6802|ten_6|16135745|16138365|+|2620"   
 [198] "N6802|ten_3|234927618|234930238|+|2620"    
 [199] "_R_N6802|ten_4|183981584|183984207|+|2623" 
 [200] "_R_N6802|ten_4|185674064|185676685|+|2621" 
 [201] "N6802|ten_2|199836843|199839467|+|2624"    
 [202] "_R_N6802|ten_9|114310416|114313036|+|2620" 
 [203] "_R_N6802|ten_4|185677194|185679819|+|2625" 
 [204] "N6802|ten_10|50830808|50833428|+|2620"     
 [205] "_R_N6802|ten_10|50836729|50839350|+|2621"  
 [206] "_R_N6802|ten_3|227736223|227738843|+|2620" 
 [207] "N6802|ten_6|156170934|156173554|+|2620"    
 [208] "_R_N6802|ten_5|81812004|81814624|+|2620"   
 [209] "_R_N6802|ten_5|81815133|81817753|+|2620"   
 [210] "_R_N6802|ten_5|81808875|81811495|+|2620"   
 [211] "_R_N6802|ten_5|81818262|81820882|+|2620"   
 [212] "_R_N6802|ten_8|175682244|175684864|+|2620" 
 [213] "N6802|ten_4|197506138|197508758|+|2620"    
 [214] "_R_N6802|ten_10|75064620|75067240|+|2620"  
 [215] "_R_N6802|ten_10|75070878|75073498|+|2620"  
 [216] "_R_N6802|ten_10|75067749|75070369|+|2620"  
 [217] "N6802|ten_4|87520062|87522682|+|2620"      
 [218] "_R_N6802|ten_2|108100029|108102649|+|2620" 
 [219] "_R_N6802|ten_2|108096901|108099521|+|2620" 
 [220] "N6802|ten_2|108092135|108094755|+|2620"    
 [221] "_R_N6802|ten_X1|45544693|45547313|+|2620"  
 [222] "N6802|ten_X1|45541379|45544000|+|2621"     
 [223] "N6802|ten_1|46217134|46219751|+|2617"      
 [224] "N6802|ten_1|138885908|138888258|+|2350"    
 [225] "N6802|ten_3|174801016|174803624|+|2608"    
 [226] "_R_N6802|ten_3|174803900|174806508|+|2608" 
 [227] "_R_N6802|ten_X1|133808390|133810748|+|2358"
 [228] "N6802|ten_10|73840261|73842890|+|2629"     
 [229] "_R_N6802|ten_10|73848238|73850866|+|2628"  
 [230] "_R_N6802|ten_10|73851376|73854004|+|2628"  
 [231] "_R_N6802|ten_10|73845101|73847729|+|2628"  
 [232] "_R_N6802|ten_X2|36125467|36127599|+|2132"  
 [233] "_R_N6802|ten_6|104609726|104611866|+|2140" 
 [234] "N6802|ten_4|185671231|185673419|+|2188"    
 [235] "_R_N6802|ten_2|137614762|137617339|+|2577" 
 [236] "N6802|ten_8|98285005|98287278|+|2273"      
 [237] "_R_N6802|ten_2|63245844|63248048|+|2204"   
 [238] "_R_N6802|ten_4|156519957|156522255|+|2298" 
 [239] "_R_N6802|ten_2|3199172|3201449|+|2277"     
 [240] "_R_N6802|ten_2|98976036|98978615|+|2579"   
 [241] "_R_N6802|ten_11|2274729|2277351|+|2622"    
 [242] "_R_N6802|ten_2|217730196|217732818|+|2622" 
 [243] "_R_N6802|ten_2|177523542|177526165|+|2623" 
 [244] "_R_N6802|ten_X1|88496035|88498672|+|2637"  
 [245] "_R_N6802|ten_X1|88499181|88501823|+|2642"  
 [246] "N6802|ten_8|148920279|148922921|+|2642"    
 [247] "_R_N6802|ten_5|158756093|158758314|+|2221" 
 [248] "N6802|ten_8|118266852|118269152|+|2300"    
 [249] "N6802|ten_12|8347737|8349837|+|2100"       
 [250] "N6802|ten_1|163333075|163335516|+|2441"    
 [251] "_R_N6802|ten_1|232897041|232899649|+|2608" 
 [252] "_R_N6802|ten_4|197508880|197511400|+|2520" 
 [253] "N6802|ten_8|157346068|157348681|+|2613"    
 [254] "_R_N6802|ten_2|68503573|68506186|+|2613"   
 [255] "_R_N6802|ten_12|14364729|14366822|+|2093"  
 [256] "N6802|ten_6|104606308|104608844|+|2536"    
 [257] "_R_N6802|ten_10|165283683|165286301|+|2618"
 [258] "_R_N6802|ten_1|57177159|57179241|+|2082"   
 [259] "N6802|ten_X1|115005262|115007636|+|2374"   
 [260] "_R_N6802|ten_8|149562530|149565148|+|2618" 
 [261] "_R_N6802|ten_11|85234957|85237220|+|2263"  
 [262] "N6802|ten_5|157929060|157931152|+|2092"    
 [263] "_R_N6802|ten_12|40807562|40809654|+|2092"  
 [264] "N6802|ten_1|119326093|119328713|+|2620"    
 [265] "N6802|ten_1|119329222|119331842|+|2620"    
 [266] "N6802|ten_1|119332351|119334971|+|2620"    
 [267] "_R_N6802|ten_7|64354287|64356907|+|2620"   
 [268] "N6802|ten_5|42191225|42193845|+|2620"      
 [269] "N6802|ten_1|119305561|119308180|+|2619"    
 [270] "N6802|ten_8|74310533|74313152|+|2619"      
 [271] "_R_N6802|ten_3|253959310|253961436|+|2126" 
 [272] "_R_N6802|ten_8|74313271|74315891|+|2620"   
 [273] "N6802|ten_7|40125891|40128511|+|2620"      
 [274] "N6802|ten_5|93729473|93732093|+|2620"      
 [275] "N6802|ten_3|59347402|59350022|+|2620"      
 [276] "_R_N6802|ten_X1|148593442|148596059|+|2617"
 [277] "_R_N6802|ten_12|88361706|88364326|+|2620"  
 [278] "_R_N6802|ten_X1|158098727|158101369|+|2642"
 [279] "_R_N6802|ten_8|127415720|127418340|+|2620" 
 [280] "_R_N6802|ten_1|3271788|3274408|+|2620"     
 [281] "_R_N6802|ten_8|94495945|94498565|+|2620"   
 [282] "_R_N6802|ten_9|112579529|112582149|+|2620" 
 [283] "N6802|ten_4|95383181|95385801|+|2620"      
 [284] "_R_N6802|ten_X1|19878453|19881073|+|2620"  
 [285] "N6802|ten_5|35518810|35521431|+|2621"      
 [286] "N6802|ten_6|35750518|35753138|+|2620"      
 [287] "_R_N6802|ten_6|35753872|35756492|+|2620"   
 [288] "_R_N6802|ten_2|231415942|231418559|+|2617" 
 [289] "_R_N6802|ten_5|152113379|152116000|+|2621" 
 [290] "_R_N6802|ten_5|152116511|152119132|+|2621" 
 [291] "N6802|ten_3|128570023|128572643|+|2620"    
 [292] "N6802|ten_12|104870792|104873412|+|2620"   
 [293] "_R_N6802|ten_1|287844064|287846685|+|2621" 
 [294] "_R_N6802|ten_3|224638198|224640818|+|2620" 
 [295] "_R_N6802|ten_4|135471290|135473914|+|2624" 
 [296] "_R_N6802|ten_4|135474421|135477045|+|2624" 
 [297] "_R_N6802|ten_4|135477552|135480176|+|2624" 
 [298] "_R_N6802|ten_4|135480683|135483305|+|2622" 
 [299] "_R_N6802|ten_4|135468161|135470783|+|2622" 
 [300] "_R_N6802|ten_4|135461907|135464527|+|2620" 
 [301] "_R_N6802|ten_4|135465034|135467654|+|2620" 
 [302] "N6802|ten_3|194811010|194813628|+|2618"    
 [303] "_R_N6802|ten_3|194815914|194818534|+|2620" 
 [304] "N6802|ten_X2|80293921|80296541|+|2620"     
 [305] "_R_N6802|ten_X2|80298648|80301268|+|2620"  
 [306] "_R_N6802|ten_1|150917495|150920115|+|2620" 
 [307] "N6802|ten_1|150914236|150916862|+|2626"    
 [308] "N6802|ten_7|50311334|50313954|+|2620"      
 [309] "_R_N6802|ten_7|148004644|148006962|+|2318" 
 [310] "N6802|ten_7|50314462|50317082|+|2620"      
 [311] "_R_N6802|ten_7|50320744|50323364|+|2620"   
 [312] "N6802|ten_6|120389485|120391817|+|2332"    
 [313] "_R_N6802|ten_6|120391884|120394197|+|2313" 
 [314] "N6802|ten_4|209839681|209842301|+|2620"    
 [315] "_R_N6802|ten_8|117382664|117385285|+|2621" 
 [316] "N6802|ten_2|45144721|45147342|+|2621"      
 [317] "_R_N6802|ten_X1|52297318|52299957|+|2639"  
 [318] "_R_N6802|ten_8|98439761|98442383|+|2622"   
 [319] "N6802|ten_9|117679125|117681745|+|2620"    
 [320] "_R_N6802|ten_9|117686552|117689173|+|2621" 
 [321] "_R_N6802|ten_2|55772671|55775291|+|2620"   
 [322] "N6802|ten_X1|154644827|154647447|+|2620"   
 [323] "N6802|ten_3|50082747|50085367|+|2620"      
 [324] "_R_N6802|ten_3|50085485|50088105|+|2620"   
 [325] "N6802|ten_4|74772799|74775419|+|2620"      
 [326] "_R_N6802|ten_2|57480091|57482711|+|2620"   
 [327] "_R_N6802|ten_7|150412713|150415334|+|2621" 
 [328] "N6802|ten_X1|237809712|237812329|+|2617"   
 [329] "_R_N6802|ten_2|268830753|268833373|+|2620" 
 [330] "_R_N6802|ten_2|268833881|268836501|+|2620" 
 [331] "_R_N6802|ten_2|268837009|268839629|+|2620" 
 [332] "_R_N6802|ten_1|144092957|144095577|+|2620" 
 [333] "N6802|ten_X2|119178328|119180949|+|2621"   
 [334] "_R_N6802|ten_X2|119181663|119184284|+|2621"
 [335] "N6802|ten_12|129663443|129666064|+|2621"   
 [336] "_R_N6802|ten_X2|90940678|90943298|+|2620"  
 [337] "N6802|ten_2|199625450|199628070|+|2620"    
 [338] "N6802|ten_2|107335327|107337947|+|2620"    
 [339] "N6802|ten_2|107338455|107341076|+|2621"    
 [340] "N6802|ten_X2|20735499|20737927|+|2428"     
 [341] "N6802|ten_4|38577858|38580477|+|2619"      
 [342] "N6802|ten_4|38580985|38583605|+|2620"      
 [343] "N6802|ten_4|38574730|38577350|+|2620"      
 [344] "N6802|ten_1|205107180|205109800|+|2620"    
 [345] "N6802|ten_2|47089483|47092103|+|2620"      
 [346] "_R_N6802|ten_2|47093652|47096272|+|2620"   
 [347] "N6802|ten_8|111182643|111185061|+|2418"    
 [348] "_R_N6802|ten_8|111186010|111188631|+|2621" 
 [349] "N6802|ten_1|134365774|134368404|+|2630"    
 [350] "N6802|ten_X1|180339933|180342553|+|2620"   
 [351] "N6802|ten_7|48512949|48515569|+|2620"      
 [352] "_R_N6802|ten_7|48523977|48526600|+|2623"   
 [353] "N6802|ten_7|48516077|48518697|+|2620"      
 [354] "_R_N6802|ten_7|48527108|48529728|+|2620"   
 [355] "_R_N6802|ten_7|48530236|48532856|+|2620"   
 [356] "_R_N6802|ten_1|61325181|61327801|+|2620"   
 [357] "_R_N6802|ten_3|165301782|165304400|+|2618" 
 [358] "_R_N6802|ten_3|165304910|165307528|+|2618" 
 [359] "N6802|ten_12|114377480|114380100|+|2620"   
 [360] "_R_N6802|ten_12|114382687|114385307|+|2620"
 [361] "N6802|ten_4|96595241|96597862|+|2621"      
 [362] "_R_N6802|ten_4|96599460|96602080|+|2620"   
 [363] "_R_N6802|ten_1|238248583|238250718|+|2135" 
 [364] "_R_N6802|ten_10|125396712|125399240|+|2528"
 [365] "N6802|ten_8|56365590|56367701|+|2111"      
 [366] "_R_N6802|ten_1|212888193|212890791|+|2598" 
 [367] "_R_N6802|ten_4|146717145|146719159|+|2014" 
 [368] "N6802|ten_X2|90938206|90940586|+|2380"     
 [369] "_R_N6802|ten_X1|97119143|97121523|+|2380"  
 [370] "N6802|ten_8|98434796|98437415|+|2619"      
 [371] "_R_N6802|ten_12|135063560|135066026|+|2466"
 [372] "N6802|ten_4|42309515|42312132|+|2617"      
 [373] "_R_N6802|ten_5|26987824|26990266|+|2442"   
 [374] "N6802|ten_12|98729217|98731815|+|2598"     
 [375] "N6802|ten_1|212885608|212888184|+|2576"    
 [376] "N6802|ten_X2|149470062|149472447|+|2385"   
 [377] "_R_N6802|ten_X2|149472471|149475082|+|2611"
 [378] "N6802|ten_3|110475072|110477412|+|2340"    
 [379] "_R_N6802|ten_3|110477419|110479748|+|2329" 
 [380] "N6802|ten_4|45491570|45493717|+|2147"      
 [381] "N6802|ten_4|133559745|133564147|+|4402"    
 [382] "N6802|ten_12|56326793|56328874|+|2081"     
 [383] "_R_N6802|ten_11|14485615|14487870|+|2255"  
 [384] "_R_N6802|ten_4|74776783|74778949|+|2166"   
 [385] "_R_N6802|ten_10|19167146|19169274|+|2128"  
 [386] "_R_N6802|ten_11|30443425|30445915|+|2490"  
 [387] "N6802|ten_7|8141886|8144187|+|2301"        
 [388] "_R_N6802|ten_9|29099095|29101396|+|2301"   
 [389] "_R_N6802|ten_9|14649368|14651746|+|2378"   
 [390] "_R_N6802|ten_1|285986332|285988910|+|2578" 
 [391] "N6802|ten_1|205110308|205112734|+|2426"    
 [392] "_R_N6802|ten_8|80549703|80552318|+|2615"   
 [393] "N6802|ten_2|147273913|147276522|+|2609"    
 [394] "_R_N6802|ten_2|147276741|147279350|+|2609" 
 [395] "N6802|ten_X1|124542961|124545454|+|2493"   
 [396] "_R_N6802|ten_X1|124545481|124548085|+|2604"
 [397] "N6802|ten_3|134358620|134361241|+|2621"    
 [398] "N6802|ten_3|134361747|134364369|+|2622"    
 [399] "N6802|ten_3|134355493|134358114|+|2621"    
 [400] "N6802|ten_4|21902870|21905491|+|2621"      
 [401] "_R_N6802|ten_4|21909170|21911790|+|2620"   
 [402] "_R_N6802|ten_4|51327197|51329817|+|2620"   
 [403] "_R_N6802|ten_1|265739720|265742341|+|2621" 
 [404] "_R_N6802|ten_1|265745905|265748526|+|2621" 
 [405] "_R_N6802|ten_1|265749037|265751658|+|2621" 
 [406] "_R_N6802|ten_1|265758276|265760897|+|2621" 
 [407] "_R_N6802|ten_1|265764462|265767083|+|2621" 
 [408] "N6802|ten_4|127463765|127466392|+|2627"    
 [409] "N6802|ten_4|127466901|127469528|+|2627"    
 [410] "N6802|ten_1|1384548|1386858|+|2310"        
 [411] "N6802|ten_11|63858444|63860755|+|2311"     
 [412] "N6802|ten_12|66497166|66499785|+|2619"     
 [413] "_R_N6802|ten_12|66502374|66504993|+|2619"  
 [414] "_R_N6802|ten_12|41615614|41618234|+|2620"  
 [415] "N6802|ten_3|103587487|103590107|+|2620"    
 [416] "_R_N6802|ten_3|103590407|103593027|+|2620" 
 [417] "N6802|ten_1|260299431|260302050|+|2619"    
 [418] "_R_N6802|ten_1|260302106|260304725|+|2619" 
 [419] "N6802|ten_4|233377921|233380545|+|2624"    
 [420] "N6802|ten_4|233381069|233383692|+|2623"    
 [421] "N6802|ten_4|173349090|173351714|+|2624"    
 [422] "_R_N6802|ten_4|173353276|173355896|+|2620" 
 [423] "_R_N6802|ten_10|64107033|64109652|+|2619"  
 [424] "N6802|ten_1|58369683|58372296|+|2613"      
 [425] "_R_N6802|ten_1|58376491|58379104|+|2613"   
 [426] "N6802|ten_1|126371074|126373693|+|2619"    
 [427] "N6802|ten_X1|120725593|120728212|+|2619"   
 [428] "_R_N6802|ten_X1|120729558|120732180|+|2622"
 [429] "_R_N6802|ten_10|138165712|138168331|+|2619"
 [430] "_R_N6802|ten_10|138168856|138171475|+|2619"
 [431] "_R_N6802|ten_5|200927913|200930533|+|2620" 
 [432] "N6802|ten_5|200925287|200927906|+|2619"    
 [433] "_R_N6802|ten_10|138172000|138174619|+|2619"
 [434] "_R_N6802|ten_10|138175144|138177762|+|2618"
 [435] "N6802|ten_10|158253405|158256024|+|2619"   
 [436] "N6802|ten_6|185297361|185299981|+|2620"    
 [437] "N6802|ten_3|102140055|102142674|+|2619"    
 [438] "N6802|ten_6|185300508|185303128|+|2620"    
 [439] "_R_N6802|ten_6|185309923|185312543|+|2620" 
 [440] "_R_N6802|ten_6|185306780|185309399|+|2619" 
 [441] "_R_N6802|ten_6|185313070|185315690|+|2620" 
 [442] "_R_N6802|ten_2|98619071|98621690|+|2619"   
 [443] "N6802|ten_4|133556597|133559221|+|2624"    
 [444] "_R_N6802|ten_8|155103096|155105715|+|2619" 
 [445] "N6802|ten_1|279609032|279611650|+|2618"    
 [446] "_R_N6802|ten_1|279614143|279616762|+|2619" 
 [447] "N6802|ten_10|175981964|175984597|+|2633"   
 [448] "N6802|ten_10|175985121|175987762|+|2641"   
 [449] "_R_N6802|ten_3|164066412|164069043|+|2631" 
 [450] "N6802|ten_4|146954954|146957573|+|2619"    
 [451] "_R_N6802|ten_4|146957823|146960285|+|2462" 
 [452] "N6802|ten_10|23643593|23646216|+|2623"     
 [453] "N6802|ten_10|23646740|23649363|+|2623"     
 [454] "_R_N6802|ten_10|23651548|23654081|+|2533"  
 [455] "N6802|ten_5|210477733|210480249|+|2516"    
 [456] "_R_N6802|ten_5|210480478|210483100|+|2622" 
 [457] "N6802|ten_4|76558112|76560413|+|2301"      
 [458] "_R_N6802|ten_4|76560990|76563608|+|2618"   
 [459] "_R_N6802|ten_1|193301585|193304086|+|2501" 
 [460] "N6802|ten_X2|34003486|34006010|+|2524"     
 [461] "_R_N6802|ten_1|126447280|126449812|+|2532" 
 [462] "_R_N6802|ten_1|265755316|265757765|+|2449" 
 [463] "_R_N6802|ten_1|265761502|265763951|+|2449" 
 [464] "_R_N6802|ten_1|265736761|265739209|+|2448" 
 [465] "_R_N6802|ten_1|265742946|265745394|+|2448" 
 [466] "_R_N6802|ten_1|265752263|265754711|+|2448" 
 [467] "_R_N6802|ten_1|265733708|265736156|+|2448" 
 [468] "_R_N6802|ten_1|265730655|265733103|+|2448" 
 [469] "N6802|ten_11|97244315|97246916|+|2601"     
 [470] "_R_N6802|ten_11|63860761|63863143|+|2382"  
 [471] "N6802|ten_4|64483091|64485467|+|2376"      
 [472] "_R_N6802|ten_6|117193117|117195703|+|2586" 
 [473] "N6802|ten_5|131893491|131895778|+|2287"    
 [474] "_R_N6802|ten_8|193377660|193379992|+|2332" 
 [475] "N6802|ten_8|115801222|115803845|+|2623"    
 [476] "N6802|ten_8|115798089|115800713|+|2624"    
 [477] "N6802|ten_8|115794957|115797580|+|2623"    
 [478] "_R_N6802|ten_8|115805385|115808009|+|2624" 
 [479] "_R_N6802|ten_3|216361719|216364340|+|2621" 
 [480] "N6802|ten_12|99416755|99418892|+|2137"     
 [481] "N6802|ten_10|81893278|81895780|+|2502"     
 [482] "_R_N6802|ten_10|81895793|81898310|+|2517"  
 [483] "_R_N6802|ten_9|101984283|101986903|+|2620" 
 [484] "_R_N6802|ten_X1|33417024|33419315|+|2291"  
 [485] "N6802|ten_10|91183978|91186078|+|2100"     
 [486] "N6802|ten_5|147122032|147124652|+|2620"    
 [487] "N6802|ten_6|208111668|208114019|+|2351"    
 [488] "_R_N6802|ten_12|90260024|90262642|+|2618"  
 [489] "_R_N6802|ten_6|208114061|208116385|+|2324" 
 [490] "N6802|ten_3|268606287|268608504|+|2217"    
 [491] "_R_N6802|ten_2|123625167|123627787|+|2620" 
 [492] "_R_N6802|ten_2|123653341|123655961|+|2620" 
 [493] "_R_N6802|ten_2|123643948|123646568|+|2620" 
 [494] "_R_N6802|ten_2|123647079|123649699|+|2620" 
 [495] "N6802|ten_2|123618501|123621121|+|2620"    
 [496] "_R_N6802|ten_2|123634558|123637177|+|2619" 
 [497] "_R_N6802|ten_2|123637688|123640307|+|2619" 
 [498] "_R_N6802|ten_2|123640818|123643437|+|2619" 
 [499] "_R_N6802|ten_2|123650210|123652830|+|2620" 
 [500] "_R_N6802|ten_2|123628298|123630917|+|2619" 
 [501] "_R_N6802|ten_2|123631428|123634047|+|2619" 
 [502] "N6802|ten_7|20948343|20950959|+|2616"      
 [503] "_R_N6802|ten_7|41398321|41400941|+|2620"   
 [504] "N6802|dum_7|180093827|180096460|+|2633"    
 [505] "_R_N6802|dum_7|180097517|180100149|+|2632" 
 [506] "_R_N6802|dum_6|50214246|50216583|+|2337"   
 [507] "N6802|ten_7|25068741|25071360|+|2619"      
 [508] "N6802|ten_9|121095502|121097744|+|2242"    
 [509] "N6802|ten_11|76371890|76374381|+|2491"     
 [510] "N6802|ten_5|172057861|172059923|+|2062"    
 [511] "_R_N6802|dum_4|230577631|230580137|+|2506" 
 [512] "N6802|ten_1|24159147|24161350|+|2203"      
 [513] "_R_N6802|ten_1|24162356|24164994|+|2638"   
 [514] "N6802|ten_8|125096098|125098722|+|2624"    
 [515] "_R_N6802|dum_3|118067560|118069762|+|2202" 
 [516] "_R_N6802|ten_2|98317544|98320160|+|2616"   
 [517] "N6802|ten_8|158375032|158377664|+|2632"    
 [518] "_R_N6802|ten_8|158377813|158380431|+|2618" 
 [519] "_R_N6802|ten_4|159395859|159398471|+|2612" 
 [520] "_R_N6802|ten_4|215042333|215044953|+|2620" 
 [521] "_R_N6802|ten_6|240717122|240719405|+|2283" 
 [522] "N6802|ten_6|214503807|214506189|+|2382"    
 [523] "N6802|dum_4|205842761|205845045|+|2284"    
 [524] "N6802|ten_1|144948572|144951197|+|2625"    
 [525] "N6802|ten_1|144945434|144948062|+|2628"    
 [526] "N6802|ten_1|144942300|144944924|+|2624"    
 [527] "N6802|ten_1|144937538|144940064|+|2526"    
 [528] "N6802|ten_1|144951707|144954329|+|2622"    
 [529] "N6802|ten_1|144934403|144937028|+|2625"    
 [530] "N6802|ten_1|144924995|144927626|+|2631"    
 [531] "N6802|ten_1|144928136|144930760|+|2624"    
 [532] "N6802|ten_1|144931270|144933893|+|2623"    
 [533] "N6802|ten_1|144975755|144978378|+|2623"    
 [534] "N6802|ten_1|144982019|144984642|+|2623"    
 [535] "N6802|ten_1|144985152|144987775|+|2623"    
 [536] "N6802|ten_1|144988285|144990905|+|2620"    
 [537] "N6802|ten_1|144991415|144994036|+|2621"    
 [538] "N6802|ten_1|145010195|145012816|+|2621"    
 [539] "N6802|ten_1|145007063|145009685|+|2622"    
 [540] "N6802|ten_1|145000806|145003425|+|2619"    
 [541] "N6802|ten_1|145003935|145006553|+|2618"    
 [542] "N6802|ten_1|144994546|144997166|+|2620"    
 [543] "N6802|ten_1|144997676|145000296|+|2620"    
 [544] "N6802|ten_1|144972624|144975245|+|2621"    
 [545] "N6802|ten_1|144978888|144981509|+|2621"    
 [546] "N6802|ten_1|145028987|145031609|+|2622"    
 [547] "N6802|ten_1|145032119|145034741|+|2622"    
 [548] "N6802|ten_1|145038383|145041005|+|2622"    
 [549] "N6802|ten_1|145041514|145044136|+|2622"    
 [550] "N6802|ten_1|145044646|145047268|+|2622"    
 [551] "N6802|ten_1|145035251|145037873|+|2622"    
 [552] "N6802|ten_1|145022723|145025344|+|2621"    
 [553] "N6802|ten_1|145019590|145022213|+|2623"    
 [554] "N6802|ten_1|145047778|145050404|+|2626"    
 [555] "N6802|ten_1|145016458|145019080|+|2622"    
 [556] "N6802|ten_1|145025854|145028477|+|2623"    
 [557] "N6802|ten_1|145013326|145015948|+|2622"    
 [558] "N6802|ten_1|144969486|144972114|+|2628"    
 [559] "N6802|ten_1|144966350|144968976|+|2626"    
 [560] "N6802|ten_1|144960081|144962709|+|2628"    
 [561] "N6802|ten_1|144963219|144965840|+|2621"    
 [562] "N6802|ten_1|145050914|145053534|+|2620"    
 [563] "_R_N6802|dum_4|251511976|251514596|+|2620" 
 [564] "N6802|dum_7|197521438|197523536|+|2098"    
 [565] "_R_N6802|dum_3|16511704|16514323|+|2619"   
 [566] "N6802|dum_11|148715508|148717743|+|2235"   
 [567] "N6802|ten_5|154464135|154466756|+|2621"    
 [568] "N6802|ten_5|154467265|154469885|+|2620"    
 [569] "_R_N6802|ten_5|154473645|154476287|+|2642" 
 [570] "_R_N6802|dum_2|37792916|37795184|+|2268"   
 [571] "N6802|dum_11|46858113|46860746|+|2633"     
 [572] "N6802|dum_11|46873802|46876435|+|2633"     
 [573] "N6802|dum_11|46876945|46879578|+|2633"     
 [574] "N6802|dum_11|46845554|46848187|+|2633"     
 [575] "N6802|dum_11|46854970|46857603|+|2633"     
 [576] "N6802|dum_11|46861256|46863876|+|2620"     
 [577] "N6802|dum_11|46867529|46870149|+|2620"     
 [578] "N6802|dum_11|46864386|46867019|+|2633"     
 [579] "N6802|dum_11|46870659|46873292|+|2633"     
 [580] "N6802|dum_11|46880088|46882708|+|2620"     
 [581] "N6802|dum_11|46898886|46901506|+|2620"     
 [582] "N6802|dum_11|46902016|46904636|+|2620"     
 [583] "N6802|dum_11|46892626|46895246|+|2620"     
 [584] "N6802|dum_11|46895756|46898376|+|2620"     
 [585] "N6802|dum_11|46883218|46885838|+|2620"     
 [586] "N6802|dum_11|46886348|46888977|+|2629"     
 [587] "N6802|dum_11|46889487|46892116|+|2629"     
 [588] "N6802|dum_11|46842424|46845044|+|2620"     
 [589] "N6802|dum_11|46851840|46854460|+|2620"     
 [590] "N6802|dum_11|46839294|46841914|+|2620"     
 [591] "N6802|dum_11|46848697|46851330|+|2633"     
 [592] "N6802|ten_1|123983847|123986450|+|2603"    
 [593] "N6802|ten_12|45454051|45456676|+|2625"     
 [594] "N6802|ten_12|45457187|45459812|+|2625"     
 [595] "N6802|ten_12|45450918|45453540|+|2622"     
 [596] "N6802|ten_5|197142320|197144940|+|2620"    
 [597] "N6802|dum_6|179031205|179033798|+|2593"    
 [598] "N6802|dum_6|179034117|179036710|+|2593"    
 [599] "N6802|dum_6|179028293|179030886|+|2593"    
 [600] "_R_N6802|dum_6|179037766|179040372|+|2606" 
 [601] "N6802|dum_12|35584479|35586905|+|2426"     
 [602] "_R_N6802|dum_4|36556472|36558765|+|2293"   
 [603] "N6802|dum_12|35581348|35583969|+|2621"     
 [604] "_R_N6802|dum_12|35589082|35591703|+|2621"  
 [605] "_R_N6802|dum_12|35592213|35594832|+|2619"  
 [606] "_R_N6802|dum_12|35595342|35597963|+|2621"  
 [607] "_R_N6802|dum_2|62593310|62595932|+|2622"   
 [608] "N6802|dum_6|7996451|7999072|+|2621"        
 [609] "N6802|dum_3|79893614|79896083|+|2469"      
 [610] "_R_N6802|dum_3|79896131|79898473|+|2342"   
 [611] "N6802|dum_1|36187123|36189742|+|2619"      
 [612] "N6802|dum_1|36270044|36272663|+|2619"      
 [613] "N6802|dum_1|36263572|36266182|+|2610"      
 [614] "N6802|dum_1|36250763|36253406|+|2643"      
 [615] "N6802|dum_1|36257183|36259800|+|2617"      
 [616] "N6802|dum_X1|226716555|226719175|+|2620"   
 [617] "_R_N6802|dum_4|188846173|188848793|+|2620" 
 [618] "_R_N6802|dum_6|157539695|157542314|+|2619" 
 [619] "_R_N6802|dum_6|157542824|157545443|+|2619" 
 [620] "N6802|dum_6|157534919|157537540|+|2621"    
 [621] "N6802|ten_5|204619987|204622531|+|2544"    
 [622] "_R_N6802|ten_4|117361279|117363416|+|2137" 
 [623] "_R_N6802|dum_8|16419812|16422430|+|2618"   
 [624] "N6802|dum_5|190738672|190740842|+|2170"    
 [625] "_R_N6802|dum_8|94445682|94448302|+|2620"   
 [626] "N6802|dum_8|94442378|94444497|+|2119"      
 [627] "_R_N6802|ten_4|94445191|94447812|+|2621"   
 [628] "N6802|ten_5|196329353|196331974|+|2621"    
 [629] "_R_N6802|ten_5|196333709|196336326|+|2617" 
 [630] "_R_N6802|dum_12|43429481|43432096|+|2615"  
 [631] "_R_N6802|ten_1|72414143|72416763|+|2620"   
 [632] "_R_N6802|ten_5|64598556|64601176|+|2620"   
 [633] "N6802|ten_9|125534069|125536692|+|2623"    
 [634] "_R_N6802|ten_7|162494027|162496651|+|2624" 
 [635] "_R_N6802|dum_9|71827037|71829657|+|2620"   
 [636] "_R_N6802|dum_9|71830167|71832787|+|2620"   
 [637] "_R_N6802|dum_9|71820778|71823398|+|2620"   
 [638] "_R_N6802|dum_9|71817646|71820268|+|2622"   
 [639] "_R_N6802|dum_9|71814517|71817136|+|2619"   
 [640] "_R_N6802|dum_9|71823908|71826527|+|2619"   
 [641] "N6802|dum_1|241828122|241830742|+|2620"    
 [642] "N6802|ten_4|50234400|50236861|+|2461"      
 [643] "_R_N6802|ten_4|50239116|50241733|+|2617"   
 [644] "N6802|dum_9|71810165|71812685|+|2520"      
 [645] "N6802|dum_1|112619665|112622284|+|2619"    
 [646] "_R_N6802|dum_1|112625005|112627623|+|2618" 
 [647] "_R_N6802|dum_5|31171995|31174004|+|2009"   
 [648] "N6802|ten_9|125395150|125397378|+|2228"    
 [649] "N6802|dum_2|94988309|94990829|+|2520"      
 [650] "N6802|dum_2|95000934|95003454|+|2520"      
 [651] "N6802|dum_2|94975687|94978207|+|2520"      
 [652] "N6802|dum_2|94972533|94975053|+|2520"      
 [653] "N6802|dum_2|94981997|94984513|+|2516"      
 [654] "N6802|dum_2|94994620|94997136|+|2516"      
 [655] "N6802|dum_2|94978717|94981357|+|2640"      
 [656] "N6802|dum_2|94985155|94987672|+|2517"      
 [657] "N6802|dum_2|94997782|95000299|+|2517"      
 [658] "N6802|dum_2|94966215|94968735|+|2520"      
 [659] "N6802|dum_2|94969245|94971888|+|2643"      
 [660] "N6802|dum_2|94956586|94959229|+|2643"      
 [661] "N6802|dum_2|94953556|94956076|+|2520"      
 [662] "N6802|dum_2|94963048|94965568|+|2520"      
 [663] "N6802|dum_2|94950276|94952916|+|2640"      
 [664] "N6802|dum_2|94959879|94962399|+|2520"      
 [665] "N6802|dum_2|94940940|94943461|+|2521"      
 [666] "N6802|dum_2|94947245|94949766|+|2521"      
 [667] "N6802|dum_2|94934517|94937159|+|2642"      
 [668] "N6802|dum_2|94937669|94940307|+|2638"      
 [669] "N6802|dum_2|94943971|94946612|+|2641"      
 [670] "N6802|dum_2|94931489|94934007|+|2518"      
 [671] "N6802|dum_2|95016563|95019201|+|2638"      
 [672] "N6802|dum_2|95022861|95025500|+|2639"      
 [673] "N6802|dum_2|95010252|95012894|+|2642"      
 [674] "N6802|dum_2|95048123|95050766|+|2643"      
 [675] "N6802|dum_2|95013531|95016053|+|2522"      
 [676] "N6802|dum_2|95032456|95034978|+|2522"      
 [677] "N6802|dum_2|95019711|95022351|+|2640"      
 [678] "N6802|dum_2|95026010|95028649|+|2639"      
 [679] "N6802|dum_2|95035615|95038137|+|2522"      
 [680] "N6802|dum_2|95038782|95041304|+|2522"      
 [681] "N6802|dum_2|95029293|95031815|+|2522"      
 [682] "N6802|dum_2|95045091|95047613|+|2522"      
 [683] "N6802|dum_2|95041814|95044457|+|2643"      
 [684] "N6802|dum_2|95051411|95053924|+|2513"      
 [685] "N6802|dum_2|95003964|95006599|+|2635"      
 [686] "N6802|dum_2|95007109|95009742|+|2633"      
 [687] "N6802|dum_2|94991339|94993974|+|2635"      
 [688] "_R_N6802|ten_2|151044992|151047583|+|2591" 
 [689] "_R_N6802|ten_2|151050597|151053188|+|2591" 
 [690] "_R_N6802|ten_2|151056210|151058801|+|2591" 
 [691] "_R_N6802|ten_2|151031603|151034223|+|2620" 
 [692] "_R_N6802|ten_2|151036066|151038686|+|2620" 
 [693] "_R_N6802|ten_2|151027140|151029760|+|2620" 
 [694] "_R_N6802|ten_2|151040529|151043149|+|2620" 
 [695] "_R_N6802|ten_2|151061823|151064442|+|2619" 
 [696] "_R_N6802|dum_X1|93731502|93734130|+|2628"  
 [697] "_R_N6802|ten_1|263750079|263752691|+|2612" 
 [698] "N6802|ten_9|163311511|163314136|+|2625"    
 [699] "_R_N6802|ten_9|163317847|163320469|+|2622" 
 [700] "_R_N6802|ten_9|163314715|163317336|+|2621" 
 [701] "N6802|dum_1|177603731|177606335|+|2604"    
 [702] "_R_N6802|dum_1|177608243|177610848|+|2605" 
 [703] "N6802|dum_7|29012619|29014818|+|2199"      
 [704] "_R_N6802|ten_9|64178208|64180786|+|2578"   
 [705] "_R_N6802|dum_7|29014832|29017214|+|2382"   
 [706] "N6802|dum_12|103269306|103271923|+|2617"   
 [707] "_R_N6802|dum_12|103272166|103274786|+|2620"
 [708] "_R_N6802|dum_10|129123256|129125876|+|2620"
 [709] "N6802|dum_4|202690027|202692647|+|2620"    
 [710] "N6802|dum_3|212694336|212696965|+|2629"    
 [711] "_R_N6802|dum_6|205938264|205940883|+|2619" 
 [712] "N6802|ten_3|252897532|252900152|+|2620"    
 [713] "_R_N6802|ten_3|252900571|252903191|+|2620" 
 [714] "_R_N6802|dum_X2|178642495|178644726|+|2231"
 [715] "N6802|dum_2|244432274|244434894|+|2620"    
 [716] "_R_N6802|dum_2|244435238|244437858|+|2620" 
 [717] "_R_N6802|ten_2|121122111|121124731|+|2620" 
 [718] "_R_N6802|dum_5|100654816|100657434|+|2618" 
 [719] "N6802|ten_7|142506471|142509091|+|2620"    
 [720] "_R_N6802|dum_1|278108479|278111100|+|2621" 
 [721] "N6802|dum_4|46628551|46630796|+|2245"      
 [722] "_R_N6802|dum_4|46631137|46633763|+|2626"   
 [723] "N6802|dum_2|11867013|11869632|+|2619"      
 [724] "_R_N6802|dum_2|11870306|11872850|+|2544"   
 [725] "_R_N6802|ten_X1|98133159|98135723|+|2564"  
 [726] "N6802|ten_2|105483692|105486309|+|2617"    
 [727] "_R_N6802|ten_2|105487542|105490163|+|2621" 
 [728] "N6802|dum_6|16079339|16081421|+|2082"      
 [729] "_R_N6802|dum_8|1138009|1140408|+|2399"     
 [730] "_R_N6802|dum_9|6501608|6504007|+|2399"     
 [731] "_R_N6802|ten_12|138158577|138160957|+|2380"
 [732] "N6802|dum_2|130478118|130480676|+|2558"    
 [733] "_R_N6802|dum_2|130481681|130484301|+|2620" 
 [734] "_R_N6802|dum_5|122592807|122595188|+|2381" 
 [735] "N6802|ten_X1|13757910|13760525|+|2615"     
 [736] "N6802|dum_X2|125047894|125050330|+|2436"   
 [737] "_R_N6802|dum_X2|162395517|162397945|+|2428"
 [738] "_R_N6802|ten_X2|39379370|39381751|+|2381"  
 [739] "_R_N6802|dum_4|83912896|83915325|+|2429"   
 [740] "_R_N6802|dum_4|185736554|185739096|+|2542" 
 [741] "_R_N6802|ten_3|161380839|161383290|+|2451" 
 [742] "N6802|dum_9|109503454|109505858|+|2404"    
 [743] "N6802|dum_7|111790925|111793475|+|2550"    
 [744] "_R_N6802|dum_3|217961516|217963894|+|2378" 
 [745] "N6802|dum_3|218136925|218139533|+|2608"    
 [746] "_R_N6802|ten_9|37982393|37984996|+|2603"   
 [747] "_R_N6802|ten_8|118524221|118526739|+|2518" 
 [748] "N6802|ten_8|119830495|119833013|+|2518"    
 [749] "N6802|ten_10|100433180|100435699|+|2519"   
 [750] "_R_N6802|dum_5|152068197|152070778|+|2581" 
 [751] "N6802|dum_X1|169857175|169859625|+|2450"   
 [752] "_R_N6802|dum_X2|1159543|1162156|+|2613"    
 [753] "_R_N6802|dum_6|74416954|74419474|+|2520"   
 [754] "_R_N6802|dum_4|249855691|249858223|+|2532" 
 [755] "N6802|dum_4|7350310|7352835|+|2525"        
 [756] "N6802|ten_X1|67936695|67939304|+|2609"     
 [757] "N6802|dum_6|50212128|50214245|+|2117"      
 [758] "N6802|ten_1|130509057|130511678|+|2621"    
 [759] "N6802|ten_4|58068803|58071193|+|2390"      
 [760] "N6802|ten_7|65222460|65225002|+|2542"      
 [761] "_R_N6802|ten_7|65225059|65227573|+|2514"   
 [762] "N6802|ten_2|127175933|127178552|+|2619"    
 [763] "N6802|ten_2|127179062|127181681|+|2619"    
 [764] "N6802|ten_2|127182191|127184810|+|2619"    
 [765] "N6802|ten_2|127166546|127169165|+|2619"    
 [766] "N6802|ten_2|127172804|127175423|+|2619"    
 [767] "N6802|ten_2|127169675|127172294|+|2619"    
 [768] "N6802|ten_2|127163417|127166036|+|2619"    
 [769] "_R_N6802|ten_2|127201136|127203755|+|2619" 
 [770] "_R_N6802|ten_2|127207394|127210013|+|2619" 
 [771] "_R_N6802|ten_2|127210523|127213142|+|2619" 
 [772] "_R_N6802|ten_2|127198006|127200626|+|2620" 
 [773] "_R_N6802|ten_2|127204265|127206884|+|2619" 
 [774] "N6802|ten_2|127185320|127187939|+|2619"    
 [775] "N6802|ten_2|127188449|127191068|+|2619"    
 [776] "N6802|ten_2|127191578|127194197|+|2619"    
 [777] "N6802|ten_2|127157160|127159778|+|2618"    
 [778] "N6802|ten_2|127160288|127162907|+|2619"    
 [779] "_R_N6802|ten_2|127194920|127197496|+|2576" 
 [780] "N6802|ten_2|127152648|127155016|+|2368"    
 [781] "N6802|ten_8|155707580|155710200|+|2620"    
 [782] "N6802|ten_9|64674028|64676648|+|2620"      
 [783] "N6802|ten_9|64677158|64679778|+|2620"      
 [784] "_R_N6802|ten_4|54498297|54500917|+|2620"   
 [785] "N6802|ten_X2|152744712|152747331|+|2619"   
 [786] "_R_N6802|ten_1|162053813|162055975|+|2162" 
 [787] "_R_N6802|dum_1|4710466|4712923|+|2457"     
 [788] "N6802|ten_1|3023322|3025667|+|2345"        
 [789] "_R_N6802|ten_6|236739281|236741902|+|2621" 
 [790] "N6802|ten_5|110272449|110274935|+|2486"    
 [791] "N6802|ten_7|34909564|34911820|+|2256"      
 [792] "N6802|ten_X1|85018800|85023728|+|4928"     
 [793] "_R_N6802|ten_4|226299289|226301584|+|2295" 
 [794] "_R_N6802|dum_5|102136539|102139019|+|2480" 
 [795] "_R_N6802|dum_6|67982669|67985167|+|2498"   
 [796] "_R_N6802|dum_4|173186926|173189022|+|2096" 
 [797] "N6802|ten_1|123259573|123262199|+|2626"    
 [798] "_R_N6802|ten_1|123265438|123268069|+|2631" 
 [799] "_R_N6802|ten_12|69118110|69120401|+|2291"  
 [800] "N6802|ten_5|124146483|124148865|+|2382"    
 [801] "N6802|ten_2|137670167|137672787|+|2620"    
 [802] "_R_N6802|ten_2|137674577|137677197|+|2620" 
 [803] "N6802|ten_8|37946493|37949104|+|2611"      
 [804] "_R_N6802|ten_8|37950629|37953248|+|2619"   
 [805] "N6802|ten_5|131293988|131296608|+|2620"    
 [806] "_R_N6802|ten_5|131296702|131298818|+|2116" 
 [807] "N6802|ten_6|212357539|212359646|+|2107"    
 [808] "_R_N6802|ten_7|149545496|149548090|+|2594" 
 [809] "_R_N6802|ten_1|193213383|193216003|+|2620" 
 [810] "_R_N6802|ten_1|193216512|193219132|+|2620" 
 [811] "N6802|ten_1|193202986|193205606|+|2620"    
 [812] "_R_N6802|ten_1|193219641|193222261|+|2620" 
 [813] "N6802|ten_1|193206115|193208735|+|2620"    
 [814] "_R_N6802|ten_6|29801568|29804188|+|2620"   
 [815] "N6802|ten_5|74909752|74912372|+|2620"      
 [816] "N6802|ten_5|74915133|74917678|+|2545"      
 [817] "N6802|ten_5|138313210|138315842|+|2632"    
 [818] "_R_N6802|ten_8|118343357|118345977|+|2620" 
 [819] "N6802|ten_8|118339638|118342258|+|2620"    
 [820] "_R_N6802|ten_9|142403779|142406399|+|2620" 
 [821] "N6802|ten_1|1257245|1259713|+|2468"        
 [822] "N6802|ten_9|142401103|142403722|+|2619"    
 [823] "_R_N6802|ten_5|74918162|74920369|+|2207"   
 [824] "N6802|ten_X1|100688293|100690421|+|2128"   
 [825] "N6802|ten_4|7333092|7335204|+|2112"        
 [826] "N6802|dum_9|155358351|155360523|+|2172"    
 [827] "_R_N6802|ten_9|24558841|24561013|+|2172"   
 [828] "N6802|dum_8|16879838|16882381|+|2543"      
 [829] "_R_N6802|dum_8|16882539|16885152|+|2613"   
 [830] "_R_N6802|dum_3|251405475|251407689|+|2214" 
 [831] "N6802|ten_7|38365742|38368340|+|2598"      
 [832] "_R_N6802|ten_7|38369794|38372393|+|2599"   
 [833] "_R_N6802|dum_7|167661182|167663794|+|2612" 
 [834] "_R_N6802|dum_4|89605293|89607640|+|2347"   
 [835] "N6802|ten_1|99034568|99037187|+|2619"      
 [836] "N6802|ten_10|2645763|2648103|+|2340"       
 [837] "N6802|dum_10|148448974|148451083|+|2109"   
 [838] "N6802|dum_12|34276060|34278686|+|2626"     
 [839] "_R_N6802|ten_4|192393327|192395650|+|2323" 
 [840] "N6802|dum_4|167375519|167377672|+|2153"    
 [841] "_R_N6802|dum_4|167378579|167380738|+|2159" 
 [842] "N6802|dum_X1|17435251|17437558|+|2307"     
 [843] "_R_N6802|ten_7|176288888|176291509|+|2621" 
 [844] "_R_N6802|ten_7|176292008|176294629|+|2621" 
 [845] "_R_N6802|ten_7|176270167|176272788|+|2621" 
 [846] "_R_N6802|ten_7|176282648|176285269|+|2621" 
 [847] "_R_N6802|ten_7|176109761|176112382|+|2621" 
 [848] "_R_N6802|ten_7|176112881|176115502|+|2621" 
 [849] "_R_N6802|ten_7|176100401|176103022|+|2621" 
 [850] "_R_N6802|ten_7|176106641|176109262|+|2621" 
 [851] "_R_N6802|ten_7|176273287|176275908|+|2621" 
 [852] "_R_N6802|ten_7|176295128|176297749|+|2621" 
 [853] "_R_N6802|ten_7|176285768|176288389|+|2621" 
 [854] "_R_N6802|ten_7|176301369|176303990|+|2621" 
 [855] "_R_N6802|ten_7|176298249|176300870|+|2621" 
 [856] "_R_N6802|ten_7|176254779|176257400|+|2621" 
 [857] "_R_N6802|ten_7|176260913|176263534|+|2621" 
 [858] "_R_N6802|ten_7|176267047|176269668|+|2621" 
 [859] "_R_N6802|ten_7|176279528|176282149|+|2621" 
 [860] "_R_N6802|ten_7|176075425|176078046|+|2621" 
 [861] "_R_N6802|ten_7|176078545|176081166|+|2621" 
 [862] "_R_N6802|ten_7|176094161|176096782|+|2621" 
 [863] "_R_N6802|ten_7|176084785|176087406|+|2621" 
 [864] "_R_N6802|ten_7|176097281|176099902|+|2621" 
 [865] "_R_N6802|ten_7|176066065|176068686|+|2621" 
 [866] "_R_N6802|ten_7|176069185|176071806|+|2621" 
 [867] "_R_N6802|ten_7|176072305|176074926|+|2621" 
 [868] "_R_N6802|ten_7|176081665|176084286|+|2621" 
 [869] "_R_N6802|ten_7|176087905|176090526|+|2621" 
 [870] "_R_N6802|ten_7|176091026|176093662|+|2636" 
 [871] "_R_N6802|ten_7|176103521|176106142|+|2621" 
 [872] "_R_N6802|ten_7|176276407|176279029|+|2622" 
 [873] "_R_N6802|ten_7|176251765|176254255|+|2490" 
 [874] "_R_N6802|ten_7|176257899|176260389|+|2490" 
 [875] "_R_N6802|ten_7|176264033|176266523|+|2490" 
 [876] "_R_N6802|ten_7|176116001|176118258|+|2257" 
 [877] "_R_N6802|dum_5|151232422|151234797|+|2375" 
 [878] "N6802|dum_11|72868710|72871192|+|2482"     
 [879] "N6802|dum_11|72882956|72885438|+|2482"     
 [880] "N6802|dum_11|72875833|72878314|+|2481"     
 [881] "N6802|dum_11|72886052|72888155|+|2103"     
 [882] "N6802|dum_5|22089113|22091728|+|2615"      
 [883] "N6802|dum_5|22356386|22358739|+|2353"      
 [884] "N6802|dum_11|20758984|20761306|+|2322"     
 [885] "_R_N6802|dum_1|23188449|23191066|+|2617"   
 [886] "N6802|dum_5|54923262|54925883|+|2621"      
 [887] "N6802|dum_X2|20378668|20381292|+|2624"     
 [888] "N6802|dum_3|118065368|118067548|+|2180"    
 [889] "_R_N6802|dum_5|79642759|79645371|+|2612"   
 [890] "N6802|dum_2|19648326|19650943|+|2617"      
 [891] "_R_N6802|dum_7|78886628|78889014|+|2386"   
 [892] "N6802|dum_9|73512694|73514997|+|2303"      
 [893] "_R_N6802|dum_9|73514999|73517250|+|2251"   
 [894] "_R_N6802|dum_10|69726769|69729392|+|2623"  
 [895] "_R_N6802|dum_1|288005325|288007959|+|2634" 
 [896] "_R_N6802|dum_X1|14611606|14614243|+|2637"  
 [897] "N6802|dum_X1|14606900|14609533|+|2633"     
 [898] "N6802|dum_X1|14600610|14603246|+|2636"     
 [899] "N6802|dum_X1|14603756|14606390|+|2634"     
 [900] "N6802|dum_X1|14591188|14593820|+|2632"     
 [901] "N6802|dum_X1|14594330|14596963|+|2633"     
 [902] "N6802|dum_X1|14597473|14600098|+|2625"     
 [903] "N6802|dum_6|218633979|218636592|+|2613"    
 [904] "_R_N6802|dum_5|134324046|134326265|+|2219" 
 [905] "_R_N6802|dum_5|134326776|134329396|+|2620" 
 [906] "N6802|dum_3|56986702|56988909|+|2207"      
 [907] "_R_N6802|dum_3|56989034|56991568|+|2534"   
 [908] "_R_N6802|dum_1|109236918|109239117|+|2199" 
 [909] "N6802|dum_X2|125044763|125047384|+|2621"   
 [910] "_R_N6802|dum_X2|125054110|125056731|+|2621"
 [911] "N6802|dum_5|25568859|25571480|+|2621"      
 [912] "_R_N6802|dum_2|108070257|108072882|+|2625" 
 [913] "_R_N6802|dum_1|62839576|62842197|+|2621"   
 [914] "_R_N6802|dum_2|11487937|11490560|+|2623"   
 [915] "_R_N6802|dum_X2|125050979|125053600|+|2621"
 [916] "N6802|dum_5|122587981|122590604|+|2623"    
 [917] "_R_N6802|dum_5|122595698|122598320|+|2622" 
 [918] "_R_N6802|dum_6|218721194|218723697|+|2503" 
 [919] "N6802|dum_6|218718508|218721129|+|2621"    
 [920] "N6802|dum_6|218680937|218683556|+|2619"    
 [921] "N6802|dum_6|218605800|218608421|+|2621"    
 [922] "N6802|dum_6|218608931|218611552|+|2621"    
 [923] "N6802|dum_6|218627717|218630338|+|2621"    
 [924] "N6802|dum_6|218568234|218570855|+|2621"    
 [925] "N6802|dum_6|218583889|218586510|+|2621"    
 [926] "N6802|dum_4|222182880|222185501|+|2621"    
 [927] "_R_N6802|dum_4|222189944|222192565|+|2621" 
 [928] "N6802|dum_6|218715377|218717998|+|2621"    
 [929] "N6802|dum_6|218699725|218702346|+|2621"    
 [930] "N6802|dum_6|218684068|218686689|+|2621"    
 [931] "N6802|dum_6|218690329|218692950|+|2621"    
 [932] "N6802|dum_6|218693460|218696084|+|2624"    
 [933] "N6802|dum_6|218705984|218708605|+|2621"    
 [934] "N6802|dum_6|218709115|218711736|+|2621"    
 [935] "N6802|dum_6|218687199|218689819|+|2620"    
 [936] "N6802|dum_6|218696594|218699215|+|2621"    
 [937] "N6802|dum_6|218712246|218714867|+|2621"    
 [938] "N6802|dum_6|218596413|218599031|+|2618"    
 [939] "N6802|dum_6|218602672|218605290|+|2618"    
 [940] "N6802|dum_6|218665285|218667903|+|2618"    
 [941] "N6802|dum_6|218702856|218705474|+|2618"    
 [942] "N6802|dum_6|218671544|218674165|+|2621"    
 [943] "N6802|dum_6|218630848|218633469|+|2621"    
 [944] "N6802|dum_6|218612062|218614683|+|2621"    
 [945] "N6802|dum_6|218615193|218617814|+|2621"    
 [946] "N6802|dum_6|218599541|218602162|+|2621"    
 [947] "N6802|dum_6|218618324|218620945|+|2621"    
 [948] "N6802|dum_6|218571365|218573986|+|2621"    
 [949] "N6802|dum_6|218659023|218661644|+|2621"    
 [950] "N6802|dum_6|218640233|218642855|+|2622"    
 [951] "N6802|dum_6|218646497|218649119|+|2622"    
 [952] "N6802|dum_6|218652760|218655382|+|2622"    
 [953] "N6802|dum_6|218677806|218680427|+|2621"    
 [954] "N6802|dum_6|218649629|218652250|+|2621"    
 [955] "N6802|dum_6|218655892|218658513|+|2621"    
 [956] "N6802|dum_6|218643365|218645987|+|2622"    
 [957] "N6802|dum_6|218637102|218639723|+|2621"    
 [958] "N6802|dum_6|218590151|218592772|+|2621"    
 [959] "N6802|dum_6|218593282|218595903|+|2621"    
 [960] "N6802|dum_6|218587020|218589641|+|2621"    
 [961] "N6802|dum_6|218624586|218627207|+|2621"    
 [962] "N6802|dum_6|218662154|218664775|+|2621"    
 [963] "N6802|dum_6|218565103|218567724|+|2621"    
 [964] "N6802|dum_6|218674675|218677296|+|2621"    
 [965] "N6802|dum_6|218668413|218671034|+|2621"    
 [966] "N6802|dum_6|218580758|218583379|+|2621"    
 [967] "N6802|dum_6|218621455|218624076|+|2621"    
 [968] "N6802|dum_6|218574496|218577117|+|2621"    
 [969] "N6802|dum_6|218577627|218580248|+|2621"    
 [970] "_R_N6802|dum_3|65116015|65118636|+|2621"   
 [971] "_R_N6802|dum_3|65125408|65128029|+|2621"   
 [972] "_R_N6802|dum_3|65103491|65106112|+|2621"   
 [973] "_R_N6802|dum_3|65128539|65131160|+|2621"   
 [974] "_R_N6802|dum_3|65131670|65134291|+|2621"   
 [975] "_R_N6802|dum_3|65134801|65137422|+|2621"   
 [976] "_R_N6802|dum_3|65097229|65099850|+|2621"   
 [977] "_R_N6802|dum_3|65106622|65109243|+|2621"   
 [978] "_R_N6802|dum_3|65122277|65124898|+|2621"   
 [979] "_R_N6802|dum_3|65119146|65121767|+|2621"   
 [980] "_R_N6802|dum_3|65100360|65102981|+|2621"   
 [981] "_R_N6802|dum_3|65109753|65112374|+|2621"   
 [982] "_R_N6802|dum_3|65112884|65115505|+|2621"   
 [983] "_R_N6802|dum_3|65094098|65096719|+|2621"   
 [984] "N6802|dum_3|65091226|65093847|+|2621"      
 [985] "N6802|dum_X1|165037547|165040172|+|2625"   
 [986] "N6802|dum_4|162105933|162108478|+|2545"    
 [987] "_R_N6802|dum_4|162110320|162112941|+|2621" 
 [988] "N6802|dum_X1|150689918|150692539|+|2621"   
 [989] "N6802|dum_X1|150708708|150711329|+|2621"   
 [990] "N6802|dum_X1|150714972|150717593|+|2621"   
 [991] "N6802|dum_X1|150718104|150720725|+|2621"   
 [992] "N6802|dum_X1|150721236|150723857|+|2621"   
 [993] "N6802|dum_X1|150746291|150748912|+|2621"   
 [994] "N6802|dum_X1|150752555|150755176|+|2621"   
 [995] "N6802|dum_X1|150758819|150761440|+|2621"   
 [996] "N6802|dum_X1|150755687|150758308|+|2621"   
 [997] "N6802|dum_X1|150736896|150739517|+|2621"   
 [998] "N6802|dum_X1|150711840|150714461|+|2621"   
 [999] "N6802|dum_X1|150702446|150705066|+|2620"   
[1000] "N6802|dum_X1|150705577|150708194|+|2617"   
[1001] "N6802|dum_X1|150699315|150701935|+|2620"   
[1002] "N6802|dum_X1|150686786|150689404|+|2618"   
[1003] "N6802|dum_X1|150680521|150683142|+|2621"   
[1004] "N6802|dum_X1|150683653|150686274|+|2621"   
[1005] "N6802|dum_X1|150655465|150658086|+|2621"   
[1006] "N6802|dum_X1|150667993|150670614|+|2621"   
[1007] "N6802|dum_X1|150642937|150645558|+|2621"   
[1008] "N6802|dum_X1|150652333|150654954|+|2621"   
[1009] "N6802|dum_X1|150730633|150733253|+|2620"   
[1010] "N6802|dum_X1|150733765|150736385|+|2620"   
[1011] "N6802|dum_X1|150727501|150730121|+|2620"   
[1012] "N6802|dum_X1|150740029|150742648|+|2619"   
[1013] "N6802|dum_X1|150724369|150726989|+|2620"   
[1014] "N6802|dum_X1|150696183|150698804|+|2621"   
[1015] "N6802|dum_X1|150664862|150667482|+|2620"   
[1016] "N6802|dum_X1|150677390|150680010|+|2620"   
[1017] "N6802|dum_X1|150658598|150661218|+|2620"   
[1018] "N6802|dum_X1|150671126|150673746|+|2620"   
[1019] "N6802|dum_X1|150649202|150651822|+|2620"   
[1020] "N6802|dum_X1|150646070|150648690|+|2620"   
[1021] "N6802|dum_X1|150661729|150664350|+|2621"   
[1022] "N6802|dum_X1|150674257|150676878|+|2621"   
[1023] "N6802|dum_X1|150743159|150745780|+|2621"   
[1024] "N6802|dum_X1|150749423|150752044|+|2621"   
[1025] "N6802|dum_X1|150639805|150642426|+|2621"   
[1026] "N6802|dum_X1|150693050|150695671|+|2621"   
[1027] "_R_N6802|dum_5|152826911|152829531|+|2620" 
[1028] "_R_N6802|dum_4|65884278|65886883|+|2605"   
[1029] "N6802|dum_2|280221929|280224550|+|2621"    
[1030] "N6802|dum_5|215334825|215337447|+|2622"    
[1031] "N6802|dum_6|130670870|130673491|+|2621"    
[1032] "N6802|dum_6|28569441|28572063|+|2622"      
[1033] "_R_N6802|dum_6|28572483|28575105|+|2622"   
[1034] "N6802|dum_6|232478901|232481523|+|2622"    
[1035] "_R_N6802|dum_5|155016121|155018742|+|2621" 
[1036] "_R_N6802|dum_X2|77599035|77601656|+|2621"  
[1037] "_R_N6802|dum_1|184318744|184321365|+|2621" 
[1038] "_R_N6802|dum_7|19490136|19492757|+|2621"   
[1039] "N6802|dum_6|208341045|208343666|+|2621"    
[1040] "_R_N6802|dum_4|55347753|55350374|+|2621"   
[1041] "N6802|dum_2|60199479|60202094|+|2615"      
[1042] "N6802|dum_2|60205733|60208348|+|2615"      
[1043] "_R_N6802|dum_2|60323217|60325832|+|2615"   
[1044] "N6802|dum_2|60183841|60186461|+|2620"      
[1045] "N6802|dum_2|60186971|60189591|+|2620"      
[1046] "N6802|dum_2|60196349|60198969|+|2620"      
[1047] "N6802|dum_2|60202604|60205223|+|2619"      
[1048] "N6802|dum_2|60221330|60223950|+|2620"      
[1049] "N6802|dum_2|60211976|60214584|+|2608"      
[1050] "N6802|dum_2|60252517|60255125|+|2608"      
[1051] "N6802|dum_2|60255635|60258243|+|2608"      
[1052] "N6802|dum_2|60258753|60261361|+|2608"      
[1053] "N6802|dum_2|60208858|60211466|+|2608"      
[1054] "N6802|dum_2|60249399|60252007|+|2608"      
[1055] "N6802|dum_2|60302814|60305421|+|2607"      
[1056] "N6802|dum_2|60312165|60314775|+|2610"      
[1057] "N6802|dum_2|60299696|60302304|+|2608"      
[1058] "N6802|dum_2|60296578|60299186|+|2608"      
[1059] "N6802|dum_2|60280578|60283186|+|2608"      
[1060] "N6802|dum_2|60293460|60296068|+|2608"      
[1061] "N6802|dum_2|60290342|60292950|+|2608"      
[1062] "N6802|dum_2|60246285|60248889|+|2604"      
[1063] "N6802|dum_2|60277461|60280068|+|2607"      
[1064] "N6802|dum_2|60243168|60245775|+|2607"      
[1065] "N6802|dum_2|60274343|60276951|+|2608"      
[1066] "N6802|dum_2|60240050|60242658|+|2608"      
[1067] "N6802|dum_2|60271225|60273833|+|2608"      
[1068] "N6802|dum_2|60236932|60239540|+|2608"      
[1069] "N6802|dum_2|60230696|60233304|+|2608"      
[1070] "N6802|dum_2|60215094|60217702|+|2608"      
[1071] "N6802|dum_2|60261871|60264479|+|2608"      
[1072] "N6802|dum_2|60218212|60220820|+|2608"      
[1073] "N6802|dum_2|60264989|60267597|+|2608"      
[1074] "N6802|dum_2|60227578|60230186|+|2608"      
[1075] "N6802|dum_2|60233814|60236422|+|2608"      
[1076] "N6802|dum_2|60224460|60227068|+|2608"      
[1077] "N6802|dum_2|60268107|60270715|+|2608"      
[1078] "_R_N6802|dum_2|60320105|60322707|+|2602"   
[1079] "N6802|dum_2|60180723|60183331|+|2608"      
[1080] "N6802|dum_2|60193231|60195839|+|2608"      
[1081] "N6802|dum_2|60171358|60173966|+|2608"      
[1082] "N6802|dum_2|60174476|60177083|+|2607"      
[1083] "N6802|dum_2|60309049|60311655|+|2606"      
[1084] "N6802|dum_2|60315285|60317891|+|2606"      
[1085] "N6802|dum_2|60305931|60308539|+|2608"      
[1086] "_R_N6802|dum_2|60341995|60344606|+|2611"   
[1087] "N6802|dum_2|60177593|60180213|+|2620"      
[1088] "N6802|dum_2|60190101|60192721|+|2620"      
[1089] "N6802|dum_2|60168227|60170848|+|2621"      
[1090] "_R_N6802|dum_2|60335733|60338353|+|2620"   
[1091] "_R_N6802|dum_2|60338863|60341485|+|2622"   
[1092] "_R_N6802|dum_2|60332602|60335223|+|2621"   
[1093] "_R_N6802|dum_2|60329471|60332092|+|2621"   
[1094] "_R_N6802|dum_2|60326342|60328961|+|2619"   
[1095] "_R_N6802|dum_5|198338120|198340741|+|2621" 
[1096] "N6802|dum_5|126082798|126085410|+|2612"    
[1097] "N6802|dum_5|126085920|126088532|+|2612"    
[1098] "N6802|dum_5|126089042|126091654|+|2612"    
[1099] "N6802|dum_5|126079676|126082288|+|2612"    
[1100] "N6802|dum_5|126076554|126079166|+|2612"    
[1101] "N6802|dum_5|126092164|126094772|+|2608"    
[1102] "N6802|dum_6|90883007|90885652|+|2645"      
[1103] "_R_N6802|dum_6|90885814|90888459|+|2645"   
[1104] "_R_N6802|dum_2|60345116|60347737|+|2621"   
[1105] "_R_N6802|dum_2|60348247|60350868|+|2621"   
[1106] "_R_N6802|dum_2|60351378|60353442|+|2064"   
[1107] "N6802|dum_8|185433098|185435709|+|2611"    
[1108] "N6802|dum_5|96534752|96537371|+|2619"      
[1109] "_R_N6802|dum_12|12273426|12276047|+|2621"  
[1110] "_R_N6802|dum_1|70413637|70416257|+|2620"   
[1111] "N6802|dum_9|121404704|121406837|+|2133"    
[1112] "_R_N6802|dum_1|98561595|98564173|+|2578"   
[1113] "_R_N6802|dum_X1|112728523|112731113|+|2590"
[1114] "_R_N6802|dum_7|83986097|83988642|+|2545"   
[1115] "_R_N6802|dum_X1|90939799|90942346|+|2547"  
[1116] "_R_N6802|dum_1|162982812|162985354|+|2542" 
[1117] "N6802|dum_X2|162392900|162395382|+|2482"   
[1118] "_R_N6802|dum_7|189922739|189924871|+|2132" 
[1119] "_R_N6802|dum_3|201658730|201661251|+|2521" 
[1120] "N6802|dum_4|145379132|145381638|+|2506"    
[1121] "N6802|dum_1|118885616|118888118|+|2502"    
[1122] "_R_N6802|dum_1|118888523|118891144|+|2621" 
[1123] "N6802|dum_X1|151427157|151429776|+|2619"   
[1124] "N6802|dum_1|126752799|126755421|+|2622"    
[1125] "N6802|dum_1|126755930|126758552|+|2622"    
[1126] "N6802|dum_1|126787248|126789871|+|2623"    
[1127] "N6802|dum_1|126796643|126799266|+|2623"    
[1128] "N6802|dum_1|126793512|126796134|+|2622"    
[1129] "N6802|dum_1|126759061|126761683|+|2622"    
[1130] "N6802|dum_1|126777852|126780475|+|2623"    
[1131] "N6802|dum_1|126784116|126786739|+|2623"    
[1132] "N6802|dum_1|126762192|126764815|+|2623"    
[1133] "N6802|dum_1|126802907|126805530|+|2623"    
[1134] "_R_N6802|dum_1|126810422|126813043|+|2621" 
[1135] "_R_N6802|dum_1|126813552|126816173|+|2621" 
[1136] "_R_N6802|dum_1|126816682|126819306|+|2624" 
[1137] "N6802|dum_1|126765324|126767947|+|2623"    
[1138] "N6802|dum_1|126799775|126802398|+|2623"    
[1139] "N6802|dum_1|126790380|126793003|+|2623"    
[1140] "N6802|dum_1|126768456|126771079|+|2623"    
[1141] "N6802|dum_1|126771588|126774211|+|2623"    
[1142] "N6802|dum_1|126774720|126777343|+|2623"    
[1143] "N6802|dum_1|126780984|126783607|+|2623"    
[1144] "N6802|dum_1|126749668|126752290|+|2622"    
[1145] "_R_N6802|ten_8|5590826|5593061|+|2235"     
[1146] "N6802|dum_10|71504876|71507073|+|2197"     
[1147] "N6802|ten_12|108077962|108080587|+|2625"   
[1148] "_R_N6802|ten_4|87237581|87239764|+|2183"   
[1149] "N6802|dum_7|111787794|111790415|+|2621"    
[1150] "_R_N6802|dum_11|64868378|64871006|+|2628"  
[1151] "N6802|dum_X2|4854547|4857160|+|2613"       
[1152] "N6802|dum_11|64862393|64865004|+|2611"     
[1153] "N6802|dum_4|249852994|249855521|+|2527"    
[1154] "_R_N6802|dum_X1|247622101|247624199|+|2098"
[1155] "_R_N6802|ten_8|46100959|46103395|+|2436"   
[1156] "N6802|dum_1|68047641|68049755|+|2114"      
[1157] "_R_N6802|dum_12|43426393|43428970|+|2577"  
[1158] "N6802|dum_X1|88673089|88675687|+|2598"     
[1159] "N6802|dum_5|184538914|184540970|+|2056"    
[1160] "N6802|ten_5|159113037|159115191|+|2154"    
[1161] "N6802|ten_X1|136739730|136742349|+|2619"   
[1162] "_R_N6802|dum_5|195200093|195202711|+|2618" 
[1163] "_R_N6802|dum_5|195203221|195205839|+|2618" 
[1164] "_R_N6802|dum_5|195196965|195199583|+|2618" 
[1165] "_R_N6802|dum_5|195206349|195208967|+|2618" 
[1166] "_R_N6802|dum_5|195212676|195215287|+|2611" 
[1167] "_R_N6802|dum_10|87040507|87042654|+|2147"  
[1168] "N6802|ten_2|240028529|240030975|+|2446"    
[1169] "_R_N6802|ten_2|240031892|240034497|+|2605" 
[1170] "_R_N6802|ten_5|204622532|204624986|+|2454" 
[1171] "N6802|ten_4|22068633|22071253|+|2620"      
[1172] "N6802|ten_1|181202243|181204863|+|2620"    
[1173] "N6802|ten_1|181212451|181215071|+|2620"    
[1174] "N6802|ten_1|181207349|181209969|+|2620"    
[1175] "N6802|dum_X1|250748492|250751112|+|2620"   
[1176] "_R_N6802|dum_3|39966003|39968509|+|2506"   
[1177] "N6802|dum_3|39963123|39965731|+|2608"      
[1178] "N6802|dum_3|100874101|100876341|+|2240"    
[1179] "_R_N6802|dum_5|31165738|31168358|+|2620"   
[1180] "_R_N6802|dum_5|31168867|31171486|+|2619"   
[1181] "N6802|dum_5|208737649|208740269|+|2620"    
[1182] "N6802|dum_5|31162654|31165274|+|2620"      
[1183] "N6802|ten_4|5136306|5138927|+|2621"        
[1184] "N6802|ten_5|194840225|194842846|+|2621"    
[1185] "N6802|dum_2|240908220|240910835|+|2615"    
[1186] "N6802|dum_2|240911344|240913960|+|2616"    
[1187] "N6802|ten_4|214940894|214943218|+|2324"    
[1188] "N6802|ten_4|63687652|63690060|+|2408"      
[1189] "_R_N6802|dum_4|178751577|178753987|+|2410" 
[1190] "_R_N6802|ten_4|63690161|63692270|+|2109"   
[1191] "N6802|dum_4|178749344|178751453|+|2109"    
[1192] "N6802|ten_8|103458532|103461157|+|2625"    
[1193] "_R_N6802|ten_1|95843968|95846112|+|2144"   
[1194] "_R_N6802|ten_12|92283222|92285841|+|2619"  
[1195] "N6802|dum_11|88680229|88682559|+|2330"     
[1196] "_R_N6802|dum_4|199328858|199331328|+|2470" 
[1197] "_R_N6802|dum_4|80078232|80080848|+|2616"   
[1198] "N6802|ten_5|4021855|4024067|+|2212"        
[1199] "_R_N6802|dum_X2|42434300|42436441|+|2141"  
[1200] "_R_N6802|ten_10|104285507|104287909|+|2402"
[1201] "_R_N6802|ten_8|111653510|111655740|+|2230" 
[1202] "N6802|ten_3|227543291|227545910|+|2619"    
[1203] "N6802|ten_8|125468124|125470531|+|2407"    
[1204] "N6802|ten_10|35457477|35459563|+|2086"     
[1205] "_R_N6802|ten_12|29248210|29250809|+|2599"  
[1206] "N6802|ten_3|117342689|117345310|+|2621"    
[1207] "N6802|ten_2|61139542|61142049|+|2507"      
[1208] "_R_N6802|ten_10|90100512|90103124|+|2612"  
[1209] "N6802|ten_12|85893298|85895901|+|2603"     
[1210] "_R_N6802|ten_3|156963778|156965943|+|2165" 
[1211] "N6802|ten_8|111649581|111652010|+|2429"    
[1212] "_R_N6802|dum_1|240893780|240896381|+|2601" 
[1213] "N6802|dum_1|158496469|158499073|+|2604"    
[1214] "N6802|ten_X2|72551798|72554414|+|2616"     
[1215] "N6802|ten_X2|72583880|72586497|+|2617"     
[1216] "_R_N6802|ten_1|98488213|98490782|+|2569"   
[1217] "N6802|ten_4|48813628|48815751|+|2123"      
[1218] "N6802|ten_7|49686268|49688888|+|2620"      
[1219] "_R_N6802|ten_7|49693370|49695988|+|2618"   
[1220] "N6802|ten_7|49689404|49691963|+|2559"      
[1221] "_R_N6802|ten_1|25599214|25601829|+|2615"   
[1222] "N6802|ten_X1|20646852|20649459|+|2607"     
[1223] "N6802|ten_2|161127038|161129655|+|2617"    
[1224] "_R_N6802|ten_12|75740989|75743179|+|2190"  
[1225] "_R_N6802|ten_7|136550751|136553077|+|2326" 
[1226] "N6802|ten_7|136548073|136550619|+|2546"    
[1227] "_R_N6802|dum_2|104031992|104034262|+|2270" 
[1228] "_R_N6802|dum_2|104034778|104037377|+|2599" 
[1229] "N6802|ten_4|138668468|138671094|+|2626"    
[1230] "_R_N6802|ten_4|138671223|138673844|+|2621" 
[1231] "_R_N6802|ten_10|70930118|70932739|+|2621"  
[1232] "N6802|dum_1|192979048|192981395|+|2347"    
[1233] "_R_N6802|dum_1|192981397|192983810|+|2413" 
[1234] "N6802|dum_5|72685460|72688077|+|2617"      
[1235] "N6802|dum_11|161046858|161049476|+|2618"   
[1236] "N6802|ten_8|66253824|66256309|+|2485"      
[1237] "N6802|dum_1|152005150|152007773|+|2623"    
[1238] "_R_N6802|dum_1|152023848|152026466|+|2618" 
[1239] "_R_N6802|dum_1|152026982|152029600|+|2618" 
[1240] "_R_N6802|dum_1|152030116|152032734|+|2618" 
[1241] "_R_N6802|dum_1|152017579|152020197|+|2618" 
[1242] "_R_N6802|dum_1|152020713|152023332|+|2619" 
[1243] "_R_N6802|dum_1|152011305|152013923|+|2618" 
[1244] "_R_N6802|dum_1|152014442|152017060|+|2618" 
[1245] "_R_N6802|dum_1|152033250|152035868|+|2618" 
[1246] "N6802|dum_3|70279306|70281922|+|2616"      
[1247] "_R_N6802|dum_3|70283702|70286312|+|2610"   
[1248] "N6802|dum_1|219780321|219782921|+|2600"    
[1249] "_R_N6802|dum_7|137417071|137419689|+|2618" 
[1250] "N6802|dum_11|102663908|102666526|+|2618"   
[1251] "N6802|ten_8|131966185|131968801|+|2616"    
[1252] "_R_N6802|ten_8|131969192|131971809|+|2617" 
[1253] "_R_N6802|dum_12|20493767|20496342|+|2575"  
[1254] "_R_N6802|ten_2|55164477|55167052|+|2575"   
[1255] "N6802|dum_8|105245339|105247854|+|2515"    
[1256] "_R_N6802|dum_1|33258758|33261375|+|2617"   
[1257] "_R_N6802|ten_1|191006268|191008887|+|2619" 
[1258] "N6802|ten_4|154130117|154132733|+|2616"    
[1259] "_R_N6802|ten_2|209368433|209371053|+|2620" 
[1260] "_R_N6802|dum_X1|239888880|239891492|+|2612"
[1261] "N6802|ten_X1|212845363|212847992|+|2629"   
[1262] "N6802|ten_6|232825462|232827968|+|2506"    
[1263] "N6802|dum_7|26124951|26127467|+|2516"      
[1264] "N6802|dum_4|249004152|249006670|+|2518"    
[1265] "N6802|dum_4|249007314|249009832|+|2518"    
[1266] "_R_N6802|dum_4|249011092|249013610|+|2518" 
[1267] "N6802|dum_10|109161937|109164455|+|2518"   
[1268] "_R_N6802|dum_6|192095835|192098356|+|2521" 
[1269] "_R_N6802|dum_6|192098969|192101490|+|2521" 
[1270] "_R_N6802|dum_6|192102006|192104639|+|2633" 
[1271] "N6802|dum_1|158509065|158511584|+|2519"    
[1272] "N6802|dum_1|158512226|158514745|+|2519"    
[1273] "N6802|dum_1|158480821|158483340|+|2519"    
[1274] "N6802|dum_1|158499590|158502108|+|2518"    
[1275] "N6802|dum_1|158515383|158517901|+|2518"    
[1276] "N6802|dum_1|158493794|158495828|+|2034"    
[1277] "N6802|dum_1|158468204|158470723|+|2519"    
[1278] "N6802|dum_1|158471364|158473880|+|2516"    
[1279] "N6802|dum_1|158487137|158489767|+|2630"    
[1280] "N6802|dum_1|158505916|158508549|+|2633"    
[1281] "N6802|dum_1|158474518|158477149|+|2631"    
[1282] "N6802|dum_1|158477666|158480304|+|2638"    
[1283] "N6802|dum_1|158483980|158486620|+|2640"    
[1284] "N6802|dum_1|158490284|158492913|+|2629"    
[1285] "N6802|dum_1|158455610|158458237|+|2627"    
[1286] "N6802|dum_1|158458756|158461385|+|2629"    
[1287] "N6802|dum_1|158452466|158455094|+|2628"    
[1288] "N6802|dum_1|158446180|158448808|+|2628"    
[1289] "N6802|dum_1|158461901|158464535|+|2634"    
[1290] "N6802|dum_1|158465051|158467566|+|2515"    
[1291] "N6802|dum_1|158449324|158451950|+|2626"    
[1292] "N6802|dum_1|158502752|158505269|+|2517"    
[1293] "N6802|ten_2|9060842|9063327|+|2485"        
[1294] "N6802|ten_10|90097880|90100505|+|2625"     
[1295] "N6802|ten_4|198057794|198060409|+|2615"    
[1296] "N6802|dum_4|187924396|187927010|+|2614"    
[1297] "_R_N6802|ten_X1|7751490|7754100|+|2610"    
[1298] "N6802|ten_2|166271071|166273150|+|2079"    
[1299] "N6802|dum_1|260459841|260462270|+|2429"    
[1300] "_R_N6802|dum_1|260462397|260464711|+|2314" 
[1301] "N6802|dum_X1|238505705|238507815|+|2110"   
[1302] "_R_N6802|dum_X1|238507836|238509947|+|2111"
[1303] "_R_N6802|ten_7|145631601|145633759|+|2158" 
[1304] "N6802|ten_X1|205542483|205545097|+|2614"   
[1305] "_R_N6802|ten_5|111831693|111834181|+|2488" 
[1306] "_R_N6802|ten_6|236458093|236460491|+|2398" 
[1307] "_R_N6802|dum_4|128768017|128770167|+|2150" 
[1308] "N6802|ten_8|42024331|42026610|+|2279"      
[1309] "N6802|ten_X2|143156749|143159143|+|2394"   
[1310] "_R_N6802|ten_X2|143161741|143164260|+|2519"
[1311] "_R_N6802|ten_X2|143170049|143172555|+|2506"
[1312] "N6802|ten_3|86539867|86542022|+|2155"      
[1313] "N6802|ten_4|103772176|103774765|+|2589"    
[1314] "N6802|ten_4|103775281|103777870|+|2589"    
[1315] "_R_N6802|ten_4|103778504|103781100|+|2596" 
[1316] "N6802|ten_1|129697953|129700473|+|2520"    
[1317] "_R_N6802|ten_1|129701795|129704040|+|2245" 
[1318] "_R_N6802|ten_9|46722012|46724509|+|2497"   
[1319] "N6802|ten_3|163724591|163727211|+|2620"    
[1320] "_R_N6802|ten_3|163727891|163730401|+|2510" 
[1321] "N6802|ten_5|51865548|51868077|+|2529"      
[1322] "N6802|ten_2|210688909|210691175|+|2266"    
[1323] "_R_N6802|ten_7|189168213|189170823|+|2610" 
[1324] "_R_N6802|ten_X2|110315159|110317673|+|2514"
[1325] "_R_N6802|ten_2|137277170|137279689|+|2519" 
[1326] "_R_N6802|dum_10|67310546|67312646|+|2100"  
[1327] "_R_N6802|ten_11|65048063|65050510|+|2447"  
[1328] "_R_N6802|dum_8|78581904|78584503|+|2599"   
[1329] "_R_N6802|dum_8|78600541|78603140|+|2599"   
[1330] "_R_N6802|dum_8|78596812|78599405|+|2593"   
[1331] "_R_N6802|dum_8|78604272|78606871|+|2599"   
[1332] "_R_N6802|dum_8|78585639|78588238|+|2599"   
[1333] "_R_N6802|dum_8|78574441|78577033|+|2592"   
[1334] "_R_N6802|dum_8|78578173|78580766|+|2593"   
[1335] "_R_N6802|dum_8|78626672|78629270|+|2598"   
[1336] "_R_N6802|dum_8|78639989|78642587|+|2598"   
[1337] "_R_N6802|dum_8|78645836|78648435|+|2599"   
[1338] "_R_N6802|dum_8|78505497|78508096|+|2599"   
[1339] "_R_N6802|dum_8|78540790|78543389|+|2599"   
[1340] "_R_N6802|dum_8|78544529|78547128|+|2599"   
[1341] "_R_N6802|dum_8|78509236|78511773|+|2537"   
[1342] "_R_N6802|dum_8|78589354|78591953|+|2599"   
[1343] "_R_N6802|dum_8|78566963|78569562|+|2599"   
[1344] "_R_N6802|dum_8|78548268|78550867|+|2599"   
[1345] "_R_N6802|dum_8|78552007|78554606|+|2599"   
[1346] "_R_N6802|dum_8|78570702|78573301|+|2599"   
[1347] "_R_N6802|dum_8|78593073|78595672|+|2599"   
[1348] "_R_N6802|dum_8|78555746|78558345|+|2599"   
[1349] "_R_N6802|dum_8|78559485|78562084|+|2599"   
[1350] "_R_N6802|dum_8|78563224|78565823|+|2599"   
[1351] "_R_N6802|dum_8|78533312|78535911|+|2599"   
[1352] "_R_N6802|dum_8|78522095|78524694|+|2599"   
[1353] "_R_N6802|dum_8|78525834|78528433|+|2599"   
[1354] "_R_N6802|dum_8|78529573|78532172|+|2599"   
[1355] "_R_N6802|dum_8|78501758|78504357|+|2599"   
[1356] "_R_N6802|dum_8|78537051|78539650|+|2599"   
[1357] "N6802|dum_5|237554017|237556616|+|2599"    
[1358] "N6802|dum_5|237557756|237560355|+|2599"    
[1359] "N6802|dum_5|237565234|237567833|+|2599"    
[1360] "N6802|dum_5|237568973|237571572|+|2599"    
[1361] "N6802|dum_5|237572708|237575307|+|2599"    
[1362] "N6802|dum_5|237561495|237564094|+|2599"    
[1363] "_R_N6802|dum_8|78514617|78517216|+|2599"   
[1364] "_R_N6802|dum_8|78518356|78520955|+|2599"   
[1365] "_R_N6802|dum_8|78352615|78355208|+|2593"   
[1366] "_R_N6802|dum_8|78356344|78358943|+|2599"   
[1367] "_R_N6802|dum_8|78360079|78362678|+|2599"   
[1368] "_R_N6802|dum_8|78363814|78366413|+|2599"   
[1369] "_R_N6802|dum_8|78296582|78299181|+|2599"   
[1370] "_R_N6802|dum_8|78292834|78295446|+|2612"   
[1371] "_R_N6802|dum_8|78274166|78276765|+|2599"   
[1372] "_R_N6802|dum_8|78244288|78246887|+|2599"   
[1373] "_R_N6802|dum_8|78281636|78284235|+|2599"   
[1374] "_R_N6802|dum_8|78326462|78329080|+|2618"   
[1375] "_R_N6802|dum_8|78330216|78332834|+|2618"   
[1376] "_R_N6802|dum_8|78322727|78325326|+|2599"   
[1377] "_R_N6802|dum_8|78307787|78310386|+|2599"   
[1378] "_R_N6802|dum_8|78311522|78314121|+|2599"   
[1379] "_R_N6802|dum_8|78318992|78321591|+|2599"   
[1380] "_R_N6802|dum_8|78304052|78306651|+|2599"   
[1381] "_R_N6802|dum_8|78315257|78317856|+|2599"   
[1382] "_R_N6802|dum_8|78300317|78302916|+|2599"   
[1383] "_R_N6802|dum_8|78404781|78407380|+|2599"   
[1384] "_R_N6802|dum_8|78262961|78265560|+|2599"   
[1385] "_R_N6802|dum_8|78266696|78269295|+|2599"   
[1386] "_R_N6802|dum_8|78251758|78254355|+|2597"   
[1387] "_R_N6802|dum_8|78255491|78258090|+|2599"   
[1388] "_R_N6802|dum_8|78259226|78261825|+|2599"   
[1389] "_R_N6802|dum_8|78248023|78250622|+|2599"   
[1390] "_R_N6802|dum_8|78270431|78273030|+|2599"   
[1391] "N6802|dum_5|237610036|237612635|+|2599"    
[1392] "N6802|dum_5|237613776|237616378|+|2602"    
[1393] "N6802|dum_5|237587627|237590226|+|2599"    
[1394] "_R_N6802|dum_8|78371284|78373883|+|2599"   
[1395] "_R_N6802|dum_8|78397330|78399930|+|2600"   
[1396] "_R_N6802|dum_8|78393594|78396194|+|2600"   
[1397] "_R_N6802|dum_8|78412211|78414811|+|2600"   
[1398] "_R_N6802|dum_8|78415927|78418527|+|2600"   
[1399] "_R_N6802|dum_8|78419643|78422243|+|2600"   
[1400] "_R_N6802|dum_8|78423359|78425959|+|2600"   
[1401] "_R_N6802|dum_8|78427075|78429673|+|2598"   
[1402] "_R_N6802|dum_8|78382449|78385048|+|2599"   
[1403] "_R_N6802|dum_8|78389879|78392478|+|2599"   
[1404] "_R_N6802|dum_8|78386164|78388763|+|2599"   
[1405] "_R_N6802|dum_8|78408496|78411095|+|2599"   
[1406] "_R_N6802|dum_8|78401066|78403665|+|2599"   
[1407] "_R_N6802|dum_8|78374999|78377598|+|2599"   
[1408] "_R_N6802|dum_8|78378714|78381313|+|2599"   
[1409] "N6802|dum_5|237580157|237582756|+|2599"    
[1410] "N6802|dum_5|237583892|237586491|+|2599"    
[1411] "N6802|dum_5|237576422|237579021|+|2599"    
[1412] "N6802|dum_5|237595096|237597695|+|2599"    
[1413] "N6802|dum_5|237598831|237601430|+|2599"    
[1414] "N6802|dum_5|237591362|237593960|+|2598"    
[1415] "N6802|dum_5|237602566|237605165|+|2599"    
[1416] "N6802|dum_5|237606301|237608900|+|2599"    
[1417] "_R_N6802|dum_8|78453194|78455792|+|2598"   
[1418] "_R_N6802|dum_8|78490545|78493144|+|2599"   
[1419] "_R_N6802|dum_8|78494282|78496881|+|2599"   
[1420] "_R_N6802|dum_8|78483073|78485672|+|2599"   
[1421] "_R_N6802|dum_8|78468133|78470732|+|2599"   
[1422] "_R_N6802|dum_8|78471868|78474467|+|2599"   
[1423] "_R_N6802|dum_8|78486810|78489409|+|2599"   
[1424] "_R_N6802|dum_8|78464398|78466997|+|2599"   
[1425] "_R_N6802|dum_8|78479338|78481937|+|2599"   
[1426] "_R_N6802|dum_8|78475603|78478202|+|2599"   
[1427] "_R_N6802|dum_8|78456928|78459527|+|2599"   
[1428] "_R_N6802|dum_8|78460663|78463262|+|2599"   
[1429] "_R_N6802|dum_8|78445724|78448323|+|2599"   
[1430] "_R_N6802|dum_8|78441991|78444588|+|2597"   
[1431] "_R_N6802|dum_8|78449459|78452058|+|2599"   
[1432] "_R_N6802|dum_8|78498019|78500618|+|2599"   
[1433] "_R_N6802|dum_8|78438257|78440855|+|2598"   
[1434] "_R_N6802|dum_8|78367549|78370148|+|2599"   
[1435] "_R_N6802|dum_8|78277901|78280500|+|2599"   
[1436] "_R_N6802|dum_8|78285371|78287970|+|2599"   
[1437] "_R_N6802|dum_8|78289106|78291698|+|2592"   
[1438] "_R_N6802|dum_8|78333970|78336563|+|2593"   
[1439] "_R_N6802|dum_8|78341428|78344021|+|2593"   
[1440] "_R_N6802|dum_8|78345157|78347750|+|2593"   
[1441] "_R_N6802|dum_8|78337699|78340292|+|2593"   
[1442] "_R_N6802|dum_8|78348886|78351479|+|2593"   
[1443] "_R_N6802|dum_8|78430789|78433396|+|2607"   
[1444] "_R_N6802|dum_8|78434512|78437121|+|2609"   
[1445] "_R_N6802|dum_8|78636254|78638853|+|2599"   
[1446] "_R_N6802|dum_8|78632519|78635118|+|2599"   
[1447] "_R_N6802|dum_8|78608007|78610606|+|2599"   
[1448] "_R_N6802|dum_8|78611742|78614341|+|2599"   
[1449] "_R_N6802|dum_8|78615477|78618076|+|2599"   
[1450] "_R_N6802|dum_8|78622937|78625536|+|2599"   
[1451] "_R_N6802|dum_8|78619203|78621801|+|2598"   
[1452] "N6802|dum_5|237550828|237552877|+|2049"    
[1453] "_R_N6802|dum_8|78240477|78242482|+|2005"   
[1454] "N6802|dum_5|237617523|237619755|+|2232"    
[1455] "N6802|ten_2|10374174|10376311|+|2137"      
[1456] "_R_N6802|dum_6|146746792|146749115|+|2323" 
[1457] "_R_N6802|ten_6|160383973|160386305|+|2332" 
[1458] "N6802|dum_2|69320255|69322907|+|2652"      
[1459] "N6802|dum_1|235097686|235099955|+|2269"    
[1460] "N6802|ten_1|231311183|231313451|+|2268"    
[1461] "_R_N6802|dum_4|156414362|156416974|+|2612" 
[1462] "N6802|dum_X1|98814037|98816659|+|2622"     
[1463] "N6802|ten_X1|81139819|81142425|+|2606"     
[1464] "N6802|dum_3|153219838|153222448|+|2610"    
[1465] "N6802|dum_3|153222964|153225574|+|2610"    
[1466] "N6802|dum_3|153229216|153231826|+|2610"    
[1467] "N6802|dum_3|153226090|153228700|+|2610"    
[1468] "N6802|ten_3|147176845|147179065|+|2220"    
[1469] "_R_N6802|dum_3|207860763|207863118|+|2355" 
[1470] "_R_N6802|ten_3|200188665|200191030|+|2365" 
[1471] "N6802|ten_2|122874929|122877547|+|2618"    
[1472] "N6802|dum_3|34204013|34206617|+|2604"      
[1473] "_R_N6802|ten_3|22780353|22782957|+|2604"   
[1474] "_R_N6802|dum_10|23213150|23215760|+|2610"  
[1475] "N6802|dum_X1|177453748|177456120|+|2372"   
[1476] "N6802|dum_3|42257903|42260446|+|2543"      
[1477] "_R_N6802|ten_3|44971470|44974022|+|2552"   
[1478] "N6802|dum_1|261370023|261372640|+|2617"    
[1479] "N6802|ten_3|236454995|236457214|+|2219"    
[1480] "_R_N6802|dum_6|127304405|127307040|+|2635" 
[1481] "N6802|dum_3|103521594|103524199|+|2605"    
[1482] "N6802|ten_3|98918416|98921026|+|2610"      
[1483] "_R_N6802|ten_X1|157479217|157481349|+|2132"
[1484] "N6802|dum_X2|47447585|47449781|+|2196"     
[1485] "N6802|ten_X2|170751872|170754078|+|2206"   
[1486] "_R_N6802|dum_9|23773007|23775454|+|2447"   
[1487] "N6802|dum_7|176112747|176115366|+|2619"    
[1488] "_R_N6802|ten_7|29145239|29147847|+|2608"   
[1489] "N6802|dum_11|40899658|40902072|+|2414"     
[1490] "N6802|ten_9|168611656|168613960|+|2304"    
[1491] "N6802|ten_X2|49255230|49257534|+|2304"     
[1492] "N6802|ten_2|273023109|273025409|+|2300"    
[1493] "N6802|ten_11|15026005|15028306|+|2301"     
[1494] "N6802|dum_11|6598076|6600372|+|2296"       
[1495] "N6802|ten_5|212280970|212283265|+|2295"    
[1496] "N6802|dum_8|64152951|64155566|+|2615"      
[1497] "N6802|dum_8|64678395|64680751|+|2356"      
[1498] "N6802|ten_8|58529949|58532370|+|2421"      
[1499] "_R_N6802|ten_8|58532439|58534749|+|2310"   
[1500] "N6802|dum_11|60281034|60283355|+|2321"     
[1501] "_R_N6802|dum_2|257346966|257349278|+|2312" 
[1502] "_R_N6802|dum_4|259703157|259705446|+|2289" 
[1503] "_R_N6802|dum_11|12418511|12420812|+|2301"  
[1504] "_R_N6802|dum_1|295351134|295353673|+|2539" 
[1505] "N6802|ten_1|278829294|278831923|+|2629"    
[1506] "_R_N6802|ten_9|65401532|65403690|+|2158"   
[1507] "_R_N6802|dum_5|188688561|188691172|+|2611" 
[1508] "N6802|ten_5|51103628|51106212|+|2584"      
[1509] "_R_N6802|dum_3|245594926|245597113|+|2187" 
[1510] "N6802|dum_1|200014823|200017392|+|2569"    
[1511] "N6802|ten_1|195933312|195935870|+|2558"    
[1512] "N6802|ten_5|424641|427058|+|2417"          
[1513] "N6802|dum_7|147577555|147580054|+|2499"    
[1514] "N6802|dum_X2|139791402|139794019|+|2617"   
[1515] "_R_N6802|dum_11|30488225|30490806|+|2581"  
[1516] "_R_N6802|dum_2|35799743|35801883|+|2140"   
[1517] "N6802|dum_2|96955781|96958160|+|2379"      
[1518] "N6802|ten_2|101887593|101889933|+|2340"    
[1519] "_R_N6802|dum_7|9335648|9338013|+|2365"     
[1520] "_R_N6802|ten_2|70372290|70374432|+|2142"   
[1521] "_R_N6802|ten_3|127422734|127425010|+|2276" 
[1522] "N6802|ten_7|106999576|107001685|+|2109"    
[1523] "_R_N6802|ten_7|107001768|107004386|+|2618" 
[1524] "N6802|ten_7|110091996|110094611|+|2615"    
[1525] "N6802|dum_7|94479913|94482530|+|2617"      
[1526] "_R_N6802|dum_7|94482613|94484711|+|2098"   
[1527] "N6802|dum_3|243435629|243438169|+|2540"    
[1528] "N6802|dum_11|105995834|105998300|+|2466"   
[1529] "_R_N6802|ten_10|36411543|36414158|+|2615"  
[1530] "_R_N6802|dum_3|156753673|156756188|+|2515" 
[1531] "N6802|ten_3|150914080|150916702|+|2622"    
[1532] "N6802|ten_2|140991527|140993728|+|2201"    
[1533] "N6802|dum_2|137788796|137790996|+|2200"    
[1534] "_R_N6802|dum_11|90248495|90250776|+|2281"  
[1535] "N6802|ten_11|78917456|78919739|+|2283"     
[1536] "_R_N6802|dum_3|251483697|251485757|+|2060" 
[1537] "_R_N6802|ten_3|252639748|252641809|+|2061" 
[1538] "N6802|dum_6|118041299|118043595|+|2296"    
[1539] "_R_N6802|ten_10|39794922|39797212|+|2290"  
[1540] "N6802|dum_3|197933491|197936021|+|2530"    
[1541] "N6802|dum_5|135834672|135836787|+|2115"    
[1542] "_R_N6802|ten_2|141920553|141922996|+|2443" 
[1543] "_R_N6802|ten_3|82541638|82543931|+|2293"   
[1544] "_R_N6802|dum_2|148823986|148826217|+|2231" 
[1545] "N6802|ten_2|156680408|156682663|+|2255"    
[1546] "N6802|ten_3|233537949|233540566|+|2617"    
[1547] "N6802|dum_5|188390435|188392538|+|2103"    
[1548] "_R_N6802|ten_X1|106399716|106402336|+|2620"
[1549] "N6802|dum_3|92660283|92662482|+|2199"      
[1550] "N6802|ten_3|88501188|88503393|+|2205"      
[1551] "_R_N6802|dum_5|156648622|156651240|+|2618" 
[1552] "_R_N6802|dum_9|183968522|183971145|+|2623" 
[1553] "_R_N6802|dum_9|186813383|186815995|+|2612" 
[1554] "_R_N6802|dum_10|56531727|56534049|+|2322"  
[1555] "N6802|dum_9|24333942|24336543|+|2601"      
[1556] "_R_N6802|ten_8|25454945|25457390|+|2445"   
[1557] "_R_N6802|dum_X2|75419330|75421966|+|2636"  
[1558] "_R_N6802|dum_X2|75425680|75428316|+|2636"  
[1559] "_R_N6802|dum_X2|75454307|75456943|+|2636"  
[1560] "_R_N6802|dum_X2|75457482|75460118|+|2636"  
[1561] "_R_N6802|dum_X2|75400300|75402936|+|2636"  
[1562] "_R_N6802|dum_X2|75403475|75406111|+|2636"  
[1563] "_R_N6802|dum_X2|75406650|75409286|+|2636"  
[1564] "_R_N6802|dum_X2|75422505|75425141|+|2636"  
[1565] "_R_N6802|dum_X2|75428855|75431491|+|2636"  
[1566] "_R_N6802|dum_X2|75432030|75434666|+|2636"  
[1567] "_R_N6802|dum_X2|75409825|75412461|+|2636"  
[1568] "_R_N6802|dum_X2|75413000|75415626|+|2626"  
[1569] "_R_N6802|dum_X2|75416165|75418791|+|2626"  
[1570] "_R_N6802|dum_X2|75447979|75450603|+|2624"  
[1571] "_R_N6802|dum_X2|75451142|75453768|+|2626"  
[1572] "_R_N6802|dum_X2|75435205|75437828|+|2623"  
[1573] "_R_N6802|dum_X2|75444817|75447440|+|2623"  
[1574] "_R_N6802|dum_X2|75441798|75444278|+|2480"  
[1575] "_R_N6802|dum_X2|75438367|75441000|+|2633"  
[1576] "N6802|dum_X1|130122529|130124813|+|2284"   
[1577] "N6802|ten_X1|114938193|114940732|+|2539"   
[1578] "N6802|dum_4|31340085|31342654|+|2569"      
[1579] "_R_N6802|ten_3|186677042|186679097|+|2055" 
[1580] "_R_N6802|dum_4|62235252|62237720|+|2468"   
[1581] "_R_N6802|ten_4|37157778|37160244|+|2466"   
[1582] "N6802|dum_X2|118411059|118413520|+|2461"   
[1583] "N6802|ten_4|168131656|168134118|+|2462"    
[1584] "_R_N6802|dum_6|61353319|61355793|+|2474"   
[1585] "_R_N6802|ten_9|74847115|74849510|+|2395"   
[1586] "_R_N6802|dum_8|46601154|46603602|+|2448"   
[1587] "N6802|dum_4|124005610|124008058|+|2448"    
[1588] "_R_N6802|ten_4|109020092|109022488|+|2396" 
[1589] "N6802|dum_8|42274639|42277256|+|2617"      
[1590] "_R_N6802|ten_8|28893897|28896290|+|2393"   
[1591] "N6802|dum_6|149406612|149409211|+|2599"    
[1592] "N6802|ten_6|163384012|163386611|+|2599"    
[1593] "N6802|ten_X2|92249027|92251619|+|2592"     
[1594] "_R_N6802|dum_5|41897522|41899744|+|2222"   
[1595] "N6802|ten_5|183156348|183158476|+|2128"    
[1596] "_R_N6802|dum_1|248696382|248698975|+|2593" 
[1597] "N6802|dum_7|60595218|60597835|+|2617"      
[1598] "_R_N6802|ten_7|143119952|143122569|+|2617" 
[1599] "_R_N6802|dum_X1|246120480|246123099|+|2619"
[1600] "_R_N6802|ten_X1|225088005|225090614|+|2609"
[1601] "N6802|dum_2|50604315|50606761|+|2446"      
[1602] "_R_N6802|ten_5|1062429|1064533|+|2104"     
[1603] "N6802|ten_5|1327902|1330461|+|2559"        
[1604] "N6802|dum_8|87587012|87589108|+|2096"      
[1605] "_R_N6802|dum_8|60536834|60539466|+|2632"   
[1606] "_R_N6802|dum_1|73921639|73924267|+|2628"   
[1607] "_R_N6802|dum_4|193371765|193374398|+|2633" 
[1608] "N6802|ten_4|48711881|48714496|+|2615"      
[1609] "_R_N6802|dum_2|148352156|148354483|+|2327" 
[1610] "_R_N6802|ten_3|124821744|124824363|+|2619" 
[1611] "_R_N6802|ten_X1|24971853|24974262|+|2409"  
[1612] "_R_N6802|dum_2|69578333|69580834|+|2501"   
[1613] "_R_N6802|ten_4|198077338|198079467|+|2129" 
[1614] "_R_N6802|dum_1|280915012|280917624|+|2612" 
[1615] "N6802|dum_2|7611481|7613612|+|2131"        
[1616] "N6802|dum_4|78221343|78223934|+|2591"      
[1617] "_R_N6802|ten_4|153171262|153173861|+|2599" 
[1618] "N6802|dum_10|105675822|105678241|+|2419"   
[1619] "N6802|dum_10|155571750|155574313|+|2563"   
[1620] "_R_N6802|ten_10|131866387|131868931|+|2544"
[1621] "N6802|ten_X1|229137996|229140614|+|2618"   
[1622] "_R_N6802|dum_4|141285381|141288001|+|2620" 
[1623] "_R_N6802|dum_4|182648155|182650774|+|2619" 
[1624] "N6802|dum_6|178966307|178968924|+|2617"    
[1625] "_R_N6802|ten_6|189089192|189091791|+|2599" 
[1626] "_R_N6802|dum_9|45422623|45425239|+|2616"   
[1627] "N6802|ten_9|130765648|130768267|+|2619"    
[1628] "N6802|dum_8|70874913|70877513|+|2600"      
[1629] "N6802|ten_8|64808323|64810922|+|2599"      
[1630] "_R_N6802|ten_8|64811749|64813865|+|2116"   
[1631] "_R_N6802|dum_8|70878367|70880475|+|2108"   
[1632] "N6802|ten_9|100204643|100207240|+|2597"    
[1633] "N6802|dum_4|83460515|83463114|+|2599"      
[1634] "_R_N6802|ten_4|148254173|148256770|+|2597" 
[1635] "_R_N6802|dum_3|245764620|245766811|+|2191" 
[1636] "_R_N6802|ten_3|247086474|247088656|+|2182" 
[1637] "_R_N6802|dum_4|79756729|79758990|+|2261"   
[1638] "N6802|ten_4|151675922|151678530|+|2608"    
[1639] "N6802|dum_2|136104582|136107202|+|2620"    
[1640] "N6802|ten_2|139281924|139284561|+|2637"    
[1641] "_R_N6802|ten_10|116060275|116062284|+|2009"
[1642] "_R_N6802|ten_7|73843372|73845859|+|2487"   
[1643] "_R_N6802|dum_1|220656990|220659077|+|2087" 
[1644] "_R_N6802|mim_1|48430005|48432070|+|2065"   
[1645] "N6802|mim_5|112912824|112914895|+|2071"    
[1646] "N6802|mim_13|14446983|14449069|+|2086"     
[1647] "N6802|lin_X1|62444747|62447308|+|2561"     
[1648] "N6802|lin_20|81795157|81797429|+|2272"     
[1649] "N6802|mim_2|78110977|78113570|+|2593"      
[1650] "_R_N6802|mim_13|121014755|121017314|+|2559"
[1651] "_R_N6802|mim_X2|98292738|98295239|+|2501"  
[1652] "_R_N6802|mim_7|209442381|209444961|+|2580" 
[1653] "N6802|mim_1|121584003|121586414|+|2411"    
[1654] "_R_N6802|mim_X1|150079749|150082328|+|2579"
[1655] "N6802|mim_14|188238928|188241497|+|2569"   
[1656] "N6802|mim_11|97425839|97428090|+|2251"     
[1657] "_R_N6802|sar_X1|219934805|219937365|+|2560"
[1658] "N6802|mim_X2|140328920|140331451|+|2531"   
[1659] "_R_N6802|mim_6|109342123|109344676|+|2553" 
[1660] "_R_N6802|mim_X1|164481063|164483615|+|2552"
[1661] "N6802|mim_11|83099311|83101503|+|2192"     
[1662] "N6802|mim_3|79477106|79479526|+|2420"      
[1663] "N6802|mim_7|125160828|125163249|+|2421"    
[1664] "N6802|mim_7|50229164|50231601|+|2437"      
[1665] "_R_N6802|mim_12|107377430|107379994|+|2564"
[1666] "N6802|mim_14|143802036|143804591|+|2555"   
[1667] "N6802|mim_6|107406738|107409320|+|2582"    
[1668] "N6802|mim_X2|158911028|158913601|+|2573"   
[1669] "N6802|mim_6|112832373|112834953|+|2580"    
[1670] "N6802|mim_14|85837595|85840167|+|2572"     
[1671] "N6802|mim_10|39317172|39319512|+|2340"     
[1672] "_R_N6802|mim_11|75691721|75694251|+|2530"  
[1673] "_R_N6802|mim_6|82817055|82819640|+|2585"   
[1674] "_R_N6802|mim_8|116330059|116332643|+|2584" 
[1675] "N6802|mim_11|57214934|57217501|+|2567"     
[1676] "N6802|mim_1|60751171|60753738|+|2567"      
[1677] "N6802|mim_2|100633973|100636511|+|2538"    
[1678] "_R_N6802|mim_9|115375969|115378520|+|2551" 
[1679] "_R_N6802|mim_X1|117391130|117393702|+|2572"
[1680] "_R_N6802|mim_6|75428327|75430901|+|2574"   
[1681] "_R_N6802|mim_3|102809862|102812435|+|2573" 
[1682] "_R_N6802|mim_14|29444948|29447522|+|2574"  
[1683] "_R_N6802|mim_X2|151814821|151817396|+|2575"
[1684] "_R_N6802|mim_7|165678328|165680908|+|2580" 
[1685] "N6802|mim_X1|231456140|231458729|+|2589"   
[1686] "N6802|mim_9|173738669|173741207|+|2538"    
[1687] "N6802|mim_6|6592034|6594572|+|2538"        
[1688] "N6802|mim_10|131302159|131304610|+|2451"   
[1689] "_R_N6802|mim_3|12816240|12818792|+|2552"   
[1690] "_R_N6802|mim_7|240832314|240834753|+|2439" 
[1691] "_R_N6802|mim_1|127844115|127846547|+|2432" 
[1692] "_R_N6802|mim_9|145961003|145963105|+|2102" 
[1693] "N6802|mim_X1|25003309|25005534|+|2225"     
[1694] "N6802|mim_X1|72252262|72254686|+|2424"     
[1695] "_R_N6802|mim_X1|72256540|72258980|+|2440"  
[1696] "_R_N6802|mim_6|42119282|42121465|+|2183"   
[1697] "N6802|mim_7|155984029|155986585|+|2556"    
[1698] "_R_N6802|mim_7|77516168|77518254|+|2086"   
[1699] "_R_N6802|mim_X1|177065309|177067681|+|2372"
[1700] "N6802|mim_X1|64050737|64052886|+|2149"     
[1701] "_R_N6802|mim_14|186162162|186164276|+|2114"
[1702] "N6802|mim_7|90855107|90857404|+|2297"      
[1703] "N6802|mim_10|104086127|104088425|+|2298"   
[1704] "_R_N6802|mim_13|108023121|108025454|+|2333"
[1705] "_R_N6802|mim_7|186183539|186185871|+|2332" 
[1706] "N6802|mim_7|169177191|169179445|+|2254"    
[1707] "_R_N6802|mim_9|70795284|70797442|+|2158"   
[1708] "_R_N6802|mim_X1|194439961|194442282|+|2321"
[1709] "_R_N6802|mim_X1|159561370|159563465|+|2095"
[1710] "_R_N6802|mim_13|5790859|5793061|+|2202"    
[1711] "_R_N6802|mim_1|83275071|83277283|+|2212"   
[1712] "N6802|mim_8|22493376|22495562|+|2186"      
[1713] "N6802|mim_9|61635444|61637607|+|2163"      
[1714] "_R_N6802|mim_2|97745512|97747513|+|2001"   
[1715] "_R_N6802|mim_14|83045147|83047345|+|2198"  
[1716] "N6802|mim_9|2180929|2183256|+|2327"        
[1717] "N6802|mim_9|16895514|16897795|+|2281"      
[1718] "N6802|mim_9|16929613|16931724|+|2111"      
[1719] "N6802|mim_8|109303207|109305312|+|2105"    
[1720] "_R_N6802|mim_8|6077216|6079487|+|2271"     
[1721] "_R_N6802|mim_13|95224978|95227050|+|2072"  
[1722] "N6802|lin_20|64622571|64624665|+|2094"     
[1723] "_R_N6802|lin_10|74980781|74982973|+|2192"  
[1724] "_R_N6802|lin_17|2579458|2581794|+|2336"    
[1725] "N6802|lin_9|100798466|100800853|+|2387"    
[1726] "N6802|lin_X2|35269142|35271339|+|2197"     
[1727] "N6802|lin_11|3424012|3426131|+|2119"       
[1728] "N6802|lin_1|81066426|81068932|+|2506"      
[1729] "_R_N6802|lin_10|49793831|49796394|+|2563"  
[1730] "_R_N6802|lin_10|37817887|37820289|+|2402"  
[1731] "N6802|lin_11|65245373|65247802|+|2429"     
[1732] "N6802|lin_X1|50574315|50576762|+|2447"     
[1733] "N6802|lin_X2|57848995|57851399|+|2404"     
[1734] "_R_N6802|lin_17|67402814|67405238|+|2424"  
[1735] "_R_N6802|lin_12|76812128|76814559|+|2431"  
[1736] "_R_N6802|lin_X2|127635453|127637807|+|2354"
[1737] "_R_N6802|lin_20|39661002|39663074|+|2072"  
[1738] "_R_N6802|lin_X2|150102829|150105151|+|2322"
[1739] "N6802|lin_17|66776877|66778979|+|2102"     
[1740] "_R_N6802|lin_5|87908760|87911045|+|2285"   
[1741] "_R_N6802|lin_13|84581378|84583788|+|2410"  
[1742] "_R_N6802|lin_4|17087905|17090335|+|2430"   
[1743] "_R_N6802|lin_5|36934276|36936663|+|2387"   
[1744] "N6802|lin_8|99636239|99638501|+|2262"      
[1745] "_R_N6802|lin_13|5681827|5683983|+|2156"    
[1746] "_R_N6802|lin_X2|19497851|19500011|+|2160"  
[1747] "N6802|lin_X2|82091896|82094216|+|2320"     
[1748] "_R_N6802|lin_X3|13134570|13136887|+|2317"  
[1749] "_R_N6802|lin_19|70088689|70090996|+|2307"  
[1750] "_R_N6802|lin_18|84970235|84972496|+|2261"  
[1751] "_R_N6802|lin_3|50310214|50312622|+|2408"   
[1752] "_R_N6802|lin_16|67268312|67270723|+|2411"  
[1753] "_R_N6802|lin_2|82563645|82566060|+|2415"   
[1754] "_R_N6802|lin_X2|33857831|33860225|+|2394"  
[1755] "N6802|lin_X3|42570513|42572925|+|2412"     
[1756] "N6802|lin_7|52232945|52235267|+|2322"      
[1757] "N6802|lin_17|27707851|27710152|+|2301"     
[1758] "N6802|lin_14|30821120|30823220|+|2100"     
[1759] "N6802|lin_X2|79439810|79442052|+|2242"     
[1760] "_R_N6802|lin_14|27601364|27603532|+|2168"  
[1761] "_R_N6802|lin_5|7700035|7702195|+|2160"     
[1762] "_R_N6802|lin_9|73625410|73627812|+|2402"   
[1763] "_R_N6802|lin_5|55571612|55574011|+|2399"   
[1764] "_R_N6802|lin_6|20004188|20006590|+|2402"   
[1765] "_R_N6802|lin_7|21565254|21567656|+|2402"   
[1766] "N6802|lin_16|27972791|27975193|+|2402"     
[1767] "_R_N6802|lin_10|45196530|45198932|+|2402"  
[1768] "_R_N6802|lin_9|51360660|51363056|+|2396"   
[1769] "N6802|lin_10|45193758|45196166|+|2408"     
[1770] "N6802|lin_6|19999510|20001917|+|2407"      
[1771] "N6802|lin_7|54284509|54286917|+|2408"      
[1772] "N6802|lin_7|54287340|54289749|+|2409"      
[1773] "N6802|lin_9|44243625|44246034|+|2409"      
[1774] "_R_N6802|lin_9|44246299|44248702|+|2403"   
[1775] "N6802|lin_15|15337567|15339975|+|2408"     
[1776] "_R_N6802|lin_8|109780120|109782520|+|2400" 
[1777] "_R_N6802|lin_9|24408955|24411218|+|2263"   
[1778] "_R_N6802|lin_13|39201704|39204015|+|2311"  
[1779] "N6802|lin_X3|4732033|4734075|+|2042"       
[1780] "N6802|lin_18|8166681|8168846|+|2165"       
[1781] "N6802|lin_13|109173100|109175517|+|2417"   
[1782] "N6802|lin_9|66440028|66442445|+|2417"      
[1783] "_R_N6802|lin_2|82185829|82188238|+|2409"   
[1784] "_R_N6802|lin_6|40941571|40943897|+|2326"   
[1785] "N6802|lin_6|40938902|40940977|+|2075"      
[1786] "N6802|lin_13|9915178|9917493|+|2315"       
[1787] "N6802|lin_18|83348677|83350979|+|2302"     
[1788] "_R_N6802|lin_12|14649708|14651846|+|2138"  
[1789] "_R_N6802|lin_20|40907188|40909344|+|2156"  
[1790] "_R_N6802|lin_X3|43546678|43548769|+|2091"  
[1791] "N6802|lin_11|52125694|52128121|+|2427"     
[1792] "_R_N6802|mim_1|29564045|29566165|+|2120"   
[1793] "_R_N6802|mim_9|208934396|208936385|+|1989" 
[1794] "N6802|mim_11|66307578|66309541|+|1963"     
[1795] "N6802|dum_12|1585718|1587734|+|2016"       
[1796] "_R_N6802|dum_4|177198453|177200519|+|2066" 
[1797] "N6802|ten_6|50284172|50286230|+|2058"      
[1798] "N6802|bic_9|193184213|193186524|+|2311"    
[1799] "_R_N6802|sar_9|99296430|99298728|+|2298"   
[1800] "N6802|bic_8|129765413|129767653|+|2240"    
[1801] "_R_N6802|ten_5|88741527|88743677|+|2150"   
[1802] "_R_N6802|bic_X1|232155016|232157083|+|2067"
[1803] "_R_N6802|sar_X1|252557701|252559787|+|2086"
[1804] "N6802|lin_3|64595279|64597348|+|2069"      
[1805] "_R_N6802|sar_1|128792919|128795172|+|2253" 
[1806] "_R_N6802|lin_9|103664692|103666949|+|2257" 
[1807] "_R_N6802|lin_X1|39533111|39535257|+|2146"  
[1808] "_R_N6802|lin_7|17514346|17516503|+|2157"   
[1809] "_R_N6802|lin_X3|42435978|42438015|+|2037"  
[1810] "_R_N6802|mim_5|28323425|28325679|+|2254"   
[1811] "_R_N6802|mim_X2|94105465|94107772|+|2307"  
[1812] "N6802|mim_X1|105197538|105199825|+|2287"   
[1813] "N6802|mim_7|36880841|36883133|+|2292"      
[1814] "N6802|mim_1|43577531|43579820|+|2289"      
[1815] "N6802|mim_9|2505902|2508189|+|2287"        
[1816] "N6802|mim_8|67201637|67203753|+|2116"      
[1817] "_R_N6802|mim_7|115302486|115304703|+|2217" 
[1818] "_R_N6802|mim_6|96061551|96063831|+|2280"   
[1819] "N6802|mim_X2|192226443|192228577|+|2134"   
[1820] "N6802|sar_5|67329750|67331925|+|2175"      
[1821] "N6802|bic_6|99506047|99508092|+|2045"      
[1822] "_R_N6802|bic_2|209860312|209862538|+|2226" 
[1823] "N6802|bic_6|8201020|8203392|+|2372"        
[1824] "_R_N6802|sar_13|45850485|45853071|+|2586"  
[1825] "_R_N6802|sar_X2|154160259|154162838|+|2579"
[1826] "N6802|bic_5|64364081|64366641|+|2560"      
[1827] "N6802|sar_5|52108088|52110410|+|2322"      
[1828] "N6802|bic_9|5265089|5267614|+|2525"        
[1829] "_R_N6802|sar_X2|136621322|136623415|+|2093"
[1830] "N6802|bic_8|36941902|36944260|+|2358"      
[1831] "_R_N6802|bic_7|164582701|164585168|+|2467" 
[1832] "_R_N6802|sar_7|32953357|32955625|+|2268"   
[1833] "_R_N6802|bic_8|109557252|109559866|+|2614" 
[1834] "_R_N6802|sar_8|121737835|121740444|+|2609" 
[1835] "N6802|bic_X2|61119912|61122513|+|2601"     
[1836] "N6802|sar_X2|81240651|81243020|+|2369"     
[1837] "N6802|bic_12|118355070|118357674|+|2604"   
[1838] "_R_N6802|sar_12|66663460|66665962|+|2502"  
[1839] "_R_N6802|sar_12|98581775|98584093|+|2318"  
[1840] "N6802|bic_12|86895277|86897870|+|2593"     
